# Logfile created on 2017-09-25 16:35:42 +0000 by logger.rb/47272
[16:35:42.943275 INFO] Server host is http://web:80
[16:35:42.943369 INFO] Analysis directory is /mnt/openstudio/analysis_fe821d2c-df1e-4105-9ee6-6c7fef1463ae
[16:35:42.943422 INFO] Simulation directory is /mnt/openstudio/analysis_fe821d2c-df1e-4105-9ee6-6c7fef1463ae/data_point_0654b024-a07d-47f3-a309-ab539c186235
[16:35:42.943452 INFO] Run datapoint type/file is workflow
[16:35:42.943477 INFO] Starting initialize_worker for datapoint 0654b024-a07d-47f3-a309-ab539c186235
[16:35:42.943533 INFO] receipt_file already exists, moving on
[16:35:42.975981 INFO] Downloading datapoint from http://web:80/data_points/0654b024-a07d-47f3-a309-ab539c186235.json
[16:35:42.999810 INFO] Creating Workflow Manager instance
[16:35:42.999879 INFO] Directory is /mnt/openstudio/analysis_fe821d2c-df1e-4105-9ee6-6c7fef1463ae/data_point_0654b024-a07d-47f3-a309-ab539c186235
[16:35:42.999946 INFO] Opening run.log file '/mnt/openstudio/analysis_fe821d2c-df1e-4105-9ee6-6c7fef1463ae/data_point_0654b024-a07d-47f3-a309-ab539c186235/run/run.log'
[16:35:43.009867 INFO] Running workflow
[16:40:15.650438 INFO] Final run state is finished
[16:40:15.711554 INFO] Saving files/reports back to the server
[16:40:15.711871 INFO] Saving report /mnt/openstudio/analysis_fe821d2c-df1e-4105-9ee6-6c7fef1463ae/data_point_0654b024-a07d-47f3-a309-ab539c186235/reports/eplustbl.html to http://web:80/data_points/0654b024-a07d-47f3-a309-ab539c186235/upload_file
[16:40:15.761590 INFO] Saving report responded with {"id":"59c9316fa2321800e4ed52e2","data_point_id":"0654b024-a07d-47f3-a309-ab539c186235","display_name":"eplustbl","type":"Report","created_at":"2017-09-25T16:40:15.748Z","updated_at":"2017-09-25T16:40:15.748Z"}
[16:40:15.761844 INFO] Saving report /mnt/openstudio/analysis_fe821d2c-df1e-4105-9ee6-6c7fef1463ae/data_point_0654b024-a07d-47f3-a309-ab539c186235/run/objectives.json to http://web:80/data_points/0654b024-a07d-47f3-a309-ab539c186235/upload_file
[16:40:15.788945 INFO] Saving report responded with {"id":"59c9316fa2321800e4ed52e3","data_point_id":"0654b024-a07d-47f3-a309-ab539c186235","display_name":"objectives","type":"Report","created_at":"2017-09-25T16:40:15.778Z","updated_at":"2017-09-25T16:40:15.778Z"}
[16:40:15.789167 INFO] Saving report /mnt/openstudio/analysis_fe821d2c-df1e-4105-9ee6-6c7fef1463ae/data_point_0654b024-a07d-47f3-a309-ab539c186235/out.osw to http://web:80/data_points/0654b024-a07d-47f3-a309-ab539c186235/upload_file
[16:40:15.841917 INFO] Saving report responded with {"id":"59c9316fa2321800caed5ca7","data_point_id":"0654b024-a07d-47f3-a309-ab539c186235","display_name":"Final OSW File","type":"Report","created_at":"2017-09-25T16:40:15.830Z","updated_at":"2017-09-25T16:40:15.830Z"}
[16:40:15.842181 INFO] Saving report /mnt/openstudio/analysis_fe821d2c-df1e-4105-9ee6-6c7fef1463ae/data_point_0654b024-a07d-47f3-a309-ab539c186235/in.osm to http://web:80/data_points/0654b024-a07d-47f3-a309-ab539c186235/upload_file
[16:40:16.922490 INFO] Saving report responded with {"id":"59c93170a2321800caed5ca8","data_point_id":"0654b024-a07d-47f3-a309-ab539c186235","display_name":"model","type":"OpenStudio Model","created_at":"2017-09-25T16:40:16.853Z","updated_at":"2017-09-25T16:40:16.853Z"}
[16:40:16.922687 INFO] Saving report /mnt/openstudio/analysis_fe821d2c-df1e-4105-9ee6-6c7fef1463ae/data_point_0654b024-a07d-47f3-a309-ab539c186235/run/data_point.zip to http://web:80/data_points/0654b024-a07d-47f3-a309-ab539c186235/upload_file
[16:40:16.977074 INFO] Saving report responded with {"id":"59c93170a2321800caed5ca9","data_point_id":"0654b024-a07d-47f3-a309-ab539c186235","display_name":"Zip File","type":"Data Point","created_at":"2017-09-25T16:40:16.966Z","updated_at":"2017-09-25T16:40:16.966Z"}
[16:40:16.977710 INFO] Found data point finalization file datapoint_final.sh.
[16:40:16.977903 INFO] Preparing to run finalization script /mnt/openstudio/analysis_fe821d2c-df1e-4105-9ee6-6c7fef1463ae/scripts/worker_finalization/datapoint_final.sh
[16:40:16.978233 INFO] Looking for argument file /mnt/openstudio/analysis_fe821d2c-df1e-4105-9ee6-6c7fef1463ae/scripts/worker_finalization/datapoint_final.args
[16:40:16.978298 INFO] argument file exists /mnt/openstudio/analysis_fe821d2c-df1e-4105-9ee6-6c7fef1463ae/scripts/worker_finalization/datapoint_final.args
[16:40:16.978501 INFO] arguments are []
[16:40:17.038314 INFO] Script returned with exit code 0 of class Fixnum
[16:40:17.038620 INFO] Saving report /mnt/openstudio/analysis_fe821d2c-df1e-4105-9ee6-6c7fef1463ae/data_point_0654b024-a07d-47f3-a309-ab539c186235/run/datapoint_final.log to http://web:80/data_points/0654b024-a07d-47f3-a309-ab539c186235/upload_file
[16:40:17.115979 INFO] Saving report responded with {"id":"59c93171a2321800caed5caa","data_point_id":"0654b024-a07d-47f3-a309-ab539c186235","display_name":"Finalization Script Log","type":"Report","created_at":"2017-09-25T16:40:17.088Z","updated_at":"2017-09-25T16:40:17.088Z"}
[16:40:17.125459 INFO] Finished /opt/openstudio/server/app/workers/run_simulate_data_point.rb
