Cleaning up data_point directory.
Original files:
total 22056
-rw-rw-rw- 1 root root     4385 Sep 25 16:40 0654b024-a07d-47f3-a309-ab539c186235.log
-rw-rw-rw- 1 root root    66975 Sep 25 16:35 analysis.json
-rw-rw-rw- 1 root root     1030 Sep 25 16:35 data_point.json
-rw-rw-rw- 1 root root     2841 Sep 25 16:35 data_point.osw
-rw-rw-rw- 1 root root  4921245 Sep 25 16:36 in.idf
-rw-rw-rw- 1 root root 17403052 Sep 25 16:36 in.osm
-rw-rw-rw- 1 root root   161103 Sep 25 16:40 out.osw
drwxrwxrwx 2 root root     4096 Sep 25 16:40 reports
drwxrwxrwx 2 root root     4096 Sep 25 16:40 run
total 8004
-rw-rw-r-- 1 root root  674123 Sep 25 16:40 data_point.zip
-rw-rw-rw- 1 root root    8452 Sep 25 16:40 data_point_out.json
-rw-r--r-- 1 root root     587 Sep 25 16:40 datapoint_final.log
-rw-rw-rw- 1 root root  864703 Sep 25 16:40 enduse_timeseries.csv
-rw-rw-rw- 1 root root     102 Sep 25 16:38 eplusout.end
-rw-rw-rw- 1 root root   35335 Sep 25 16:38 eplusout.err
-rw-rw-rw- 1 root root   58165 Sep 25 16:38 eplusout.mtd
-rw-rw-rw- 1 root root   55501 Sep 25 16:37 eplusout.rdd
-rw-rw-rw- 1 root root  587794 Sep 25 16:38 eplustbl.htm
-rw-rw-rw- 1 root root      43 Sep 25 16:40 finished.job
-rw-rw-rw- 1 root root 4921245 Sep 25 16:36 in.idf
-rw-rw-rw- 1 root root    8452 Sep 25 16:40 measure_attributes.json
-rw-rw-rw- 1 root root   27444 Sep 25 16:35 measures.osw
-rw-rw-rw- 1 root root       3 Sep 25 16:40 objectives.json
-rw-rw-rw- 1 root root    8452 Sep 25 16:40 results.json
-rw-rw-rw- 1 root root  877676 Sep 25 16:40 run.log
-rw-rw-rw- 1 root root      49 Sep 25 16:37 sqlite.err
-rw-rw-rw- 1 root root      42 Sep 25 16:35 started.job
-rw-rw-rw- 1 root root    2336 Sep 25 16:38 stdout-energyplus
-rw-rw-rw- 1 root root      91 Sep 25 16:37 stdout-expandobject
7.9M	data_point_0654b024-a07d-47f3-a309-ab539c186235/run
580K	data_point_0654b024-a07d-47f3-a309-ab539c186235/reports
30M	data_point_0654b024-a07d-47f3-a309-ab539c186235
Final files:
total 252
-rw-rw-rw- 1 root root   4385 Sep 25 16:40 0654b024-a07d-47f3-a309-ab539c186235.log
-rw-rw-rw- 1 root root  66975 Sep 25 16:35 analysis.json
-rw-rw-rw- 1 root root   1030 Sep 25 16:35 data_point.json
-rw-rw-rw- 1 root root   2841 Sep 25 16:35 data_point.osw
-rw-rw-rw- 1 root root 161103 Sep 25 16:40 out.osw
drwxrwxrwx 2 root root   4096 Sep 25 16:40 reports
drwxrwxrwx 2 root root   4096 Sep 25 16:40 run
total 1512
-rw-rw-r-- 1 root root 674123 Sep 25 16:40 data_point.zip
-rw-r--r-- 1 root root   2375 Sep 25 16:40 datapoint_final.log
-rw-rw-rw- 1 root root 864703 Sep 25 16:40 enduse_timeseries.csv
1.5M	data_point_0654b024-a07d-47f3-a309-ab539c186235/run
580K	data_point_0654b024-a07d-47f3-a309-ab539c186235/reports
2.3M	data_point_0654b024-a07d-47f3-a309-ab539c186235
