# Logfile created on 2017-09-25 16:37:52 +0000 by logger.rb/47272
[16:37:52.404821 INFO] Server host is http://web:80
[16:37:52.404932 INFO] Analysis directory is /mnt/openstudio/analysis_fe821d2c-df1e-4105-9ee6-6c7fef1463ae
[16:37:52.405014 INFO] Simulation directory is /mnt/openstudio/analysis_fe821d2c-df1e-4105-9ee6-6c7fef1463ae/data_point_47547216-7b76-4ab9-90b7-2e126e4975d3
[16:37:52.405059 INFO] Run datapoint type/file is workflow
[16:37:52.405110 INFO] Starting initialize_worker for datapoint 47547216-7b76-4ab9-90b7-2e126e4975d3
[16:37:52.405198 INFO] receipt_file already exists, moving on
[16:37:52.412174 INFO] Downloading datapoint from http://web:80/data_points/47547216-7b76-4ab9-90b7-2e126e4975d3.json
[16:37:52.428830 INFO] Creating Workflow Manager instance
[16:37:52.428946 INFO] Directory is /mnt/openstudio/analysis_fe821d2c-df1e-4105-9ee6-6c7fef1463ae/data_point_47547216-7b76-4ab9-90b7-2e126e4975d3
[16:37:52.429032 INFO] Opening run.log file '/mnt/openstudio/analysis_fe821d2c-df1e-4105-9ee6-6c7fef1463ae/data_point_47547216-7b76-4ab9-90b7-2e126e4975d3/run/run.log'
[16:37:52.495297 INFO] Running workflow
[16:40:57.578926 INFO] Final run state is finished
[16:40:57.602747 INFO] Saving files/reports back to the server
[16:40:57.602973 INFO] Saving report /mnt/openstudio/analysis_fe821d2c-df1e-4105-9ee6-6c7fef1463ae/data_point_47547216-7b76-4ab9-90b7-2e126e4975d3/reports/eplustbl.html to http://web:80/data_points/47547216-7b76-4ab9-90b7-2e126e4975d3/upload_file
[16:40:58.170382 INFO] Saving report responded with {"id":"59c93137a2321800d2ed579c","data_point_id":"47547216-7b76-4ab9-90b7-2e126e4975d3","display_name":"eplustbl","type":"Report","created_at":"2017-09-25T16:39:20.002Z","updated_at":"2017-09-25T16:39:20.002Z"}
[16:40:58.170732 INFO] Saving report /mnt/openstudio/analysis_fe821d2c-df1e-4105-9ee6-6c7fef1463ae/data_point_47547216-7b76-4ab9-90b7-2e126e4975d3/run/objectives.json to http://web:80/data_points/47547216-7b76-4ab9-90b7-2e126e4975d3/upload_file
[16:40:58.201651 INFO] Saving report responded with {"id":"59c93138a2321800d2ed579d","data_point_id":"47547216-7b76-4ab9-90b7-2e126e4975d3","display_name":"objectives","type":"Report","created_at":"2017-09-25T16:39:20.045Z","updated_at":"2017-09-25T16:39:20.045Z"}
[16:40:58.201959 INFO] Saving report /mnt/openstudio/analysis_fe821d2c-df1e-4105-9ee6-6c7fef1463ae/data_point_47547216-7b76-4ab9-90b7-2e126e4975d3/out.osw to http://web:80/data_points/47547216-7b76-4ab9-90b7-2e126e4975d3/upload_file
[16:40:58.276069 INFO] Saving report responded with {"id":"59c93138a2321800d2ed579e","data_point_id":"47547216-7b76-4ab9-90b7-2e126e4975d3","display_name":"Final OSW File","type":"Report","created_at":"2017-09-25T16:39:20.125Z","updated_at":"2017-09-25T16:39:20.125Z"}
[16:40:58.276376 INFO] Saving report /mnt/openstudio/analysis_fe821d2c-df1e-4105-9ee6-6c7fef1463ae/data_point_47547216-7b76-4ab9-90b7-2e126e4975d3/in.osm to http://web:80/data_points/47547216-7b76-4ab9-90b7-2e126e4975d3/upload_file
[16:41:11.298431 INFO] Saving report responded with {"id":"59c93145a2321800caed5c33","data_point_id":"47547216-7b76-4ab9-90b7-2e126e4975d3","display_name":"model","type":"OpenStudio Model","created_at":"2017-09-25T16:39:33.034Z","updated_at":"2017-09-25T16:39:33.034Z"}
[16:41:11.299009 INFO] Saving report /mnt/openstudio/analysis_fe821d2c-df1e-4105-9ee6-6c7fef1463ae/data_point_47547216-7b76-4ab9-90b7-2e126e4975d3/run/data_point.zip to http://web:80/data_points/47547216-7b76-4ab9-90b7-2e126e4975d3/upload_file
[16:41:11.376810 INFO] Saving report responded with {"id":"59c93145a2321800caed5c34","data_point_id":"47547216-7b76-4ab9-90b7-2e126e4975d3","display_name":"Zip File","type":"Data Point","created_at":"2017-09-25T16:39:33.219Z","updated_at":"2017-09-25T16:39:33.219Z"}
[16:41:11.377387 INFO] Found data point finalization file datapoint_final.sh.
[16:41:11.377664 INFO] Preparing to run finalization script /mnt/openstudio/analysis_fe821d2c-df1e-4105-9ee6-6c7fef1463ae/scripts/worker_finalization/datapoint_final.sh
[16:41:11.431828 INFO] Looking for argument file /mnt/openstudio/analysis_fe821d2c-df1e-4105-9ee6-6c7fef1463ae/scripts/worker_finalization/datapoint_final.args
[16:41:11.431942 INFO] argument file exists /mnt/openstudio/analysis_fe821d2c-df1e-4105-9ee6-6c7fef1463ae/scripts/worker_finalization/datapoint_final.args
[16:41:11.490821 INFO] arguments are []
[16:41:11.558493 INFO] Script returned with exit code 0 of class Fixnum
[16:41:11.558865 INFO] Saving report /mnt/openstudio/analysis_fe821d2c-df1e-4105-9ee6-6c7fef1463ae/data_point_47547216-7b76-4ab9-90b7-2e126e4975d3/run/datapoint_final.log to http://web:80/data_points/47547216-7b76-4ab9-90b7-2e126e4975d3/upload_file
[16:41:11.592698 INFO] Saving report responded with {"id":"59c93145a2321800caed5c35","data_point_id":"47547216-7b76-4ab9-90b7-2e126e4975d3","display_name":"Finalization Script Log","type":"Report","created_at":"2017-09-25T16:39:33.439Z","updated_at":"2017-09-25T16:39:33.439Z"}
[16:41:11.608667 INFO] Finished /opt/openstudio/server/app/workers/run_simulate_data_point.rb
