Cleaning up data_point directory.
Original files:
total 21968
-rw-rw-rw- 1 root root     4385 Sep 25 16:41 47547216-7b76-4ab9-90b7-2e126e4975d3.log
-rw-rw-rw- 1 root root    66975 Sep 25 16:37 analysis.json
-rw-rw-rw- 1 root root     1030 Sep 25 16:37 data_point.json
-rw-rw-rw- 1 root root     2841 Sep 25 16:37 data_point.osw
-rw-rw-rw- 1 root root  4888620 Sep 25 16:38 in.idf
-rw-rw-rw- 1 root root 17357951 Sep 25 16:38 in.osm
-rw-rw-rw- 1 root root   149905 Sep 25 16:40 out.osw
drwxrwxrwx 2 root root     4096 Sep 25 16:40 reports
drwxrwxrwx 2 root root     4096 Sep 25 16:41 run
total 7880
-rw-rw-r-- 1 root root  671988 Sep 25 16:40 data_point.zip
-rw-rw-rw- 1 root root    8447 Sep 25 16:40 data_point_out.json
-rw-r--r-- 1 root root     587 Sep 25 16:41 datapoint_final.log
-rw-rw-rw- 1 root root  861464 Sep 25 16:40 enduse_timeseries.csv
-rw-rw-rw- 1 root root     102 Sep 25 16:39 eplusout.end
-rw-rw-rw- 1 root root   34108 Sep 25 16:39 eplusout.err
-rw-rw-rw- 1 root root   55516 Sep 25 16:39 eplusout.mtd
-rw-rw-rw- 1 root root   55474 Sep 25 16:38 eplusout.rdd
-rw-rw-rw- 1 root root  519695 Sep 25 16:39 eplustbl.htm
-rw-rw-rw- 1 root root      43 Sep 25 16:40 finished.job
-rw-rw-rw- 1 root root 4888620 Sep 25 16:38 in.idf
-rw-rw-rw- 1 root root    8447 Sep 25 16:40 measure_attributes.json
-rw-rw-rw- 1 root root   27578 Sep 25 16:37 measures.osw
-rw-rw-rw- 1 root root       3 Sep 25 16:40 objectives.json
-rw-rw-rw- 1 root root    8447 Sep 25 16:40 results.json
-rw-rw-rw- 1 root root  867662 Sep 25 16:40 run.log
-rw-rw-rw- 1 root root      49 Sep 25 16:38 sqlite.err
-rw-rw-rw- 1 root root      42 Sep 25 16:37 started.job
-rw-rw-rw- 1 root root    2366 Sep 25 16:39 stdout-energyplus
-rw-rw-rw- 1 root root      91 Sep 25 16:38 stdout-expandobject
512K	data_point_47547216-7b76-4ab9-90b7-2e126e4975d3/reports
7.7M	data_point_47547216-7b76-4ab9-90b7-2e126e4975d3/run
30M	data_point_47547216-7b76-4ab9-90b7-2e126e4975d3
Final files:
total 240
-rw-rw-rw- 1 root root   4385 Sep 25 16:41 47547216-7b76-4ab9-90b7-2e126e4975d3.log
-rw-rw-rw- 1 root root  66975 Sep 25 16:37 analysis.json
-rw-rw-rw- 1 root root   1030 Sep 25 16:37 data_point.json
-rw-rw-rw- 1 root root   2841 Sep 25 16:37 data_point.osw
-rw-rw-rw- 1 root root 149905 Sep 25 16:40 out.osw
drwxrwxrwx 2 root root   4096 Sep 25 16:40 reports
drwxrwxrwx 2 root root   4096 Sep 25 16:41 run
total 1508
-rw-rw-r-- 1 root root 671988 Sep 25 16:40 data_point.zip
-rw-r--r-- 1 root root   2375 Sep 25 16:41 datapoint_final.log
-rw-rw-rw- 1 root root 861464 Sep 25 16:40 enduse_timeseries.csv
512K	data_point_47547216-7b76-4ab9-90b7-2e126e4975d3/reports
1.5M	data_point_47547216-7b76-4ab9-90b7-2e126e4975d3/run
2.3M	data_point_47547216-7b76-4ab9-90b7-2e126e4975d3
