# Logfile created on 2017-09-25 16:36:33 +0000 by logger.rb/47272
[16:36:33.761375 INFO] Server host is http://web:80
[16:36:33.761436 INFO] Analysis directory is /mnt/openstudio/analysis_fe821d2c-df1e-4105-9ee6-6c7fef1463ae
[16:36:33.761484 INFO] Simulation directory is /mnt/openstudio/analysis_fe821d2c-df1e-4105-9ee6-6c7fef1463ae/data_point_b2bf3330-2ce1-4a0b-a235-4b731b6e4c74
[16:36:33.761510 INFO] Run datapoint type/file is workflow
[16:36:33.761534 INFO] Starting initialize_worker for datapoint b2bf3330-2ce1-4a0b-a235-4b731b6e4c74
[16:36:33.761683 INFO] Downloading analysis zip from http://web:80/analyses/fe821d2c-df1e-4105-9ee6-6c7fef1463ae/download_analysis_zip
[16:38:20.423494 INFO] Extracting analysis zip to /mnt/openstudio/analysis_fe821d2c-df1e-4105-9ee6-6c7fef1463ae
[16:38:25.518910 INFO] Downloading analysis.json from http://web:80/analyses/fe821d2c-df1e-4105-9ee6-6c7fef1463ae.json
[16:38:25.556923 INFO] Found data point initialization file datapoint_init.sh.
[16:38:25.557198 INFO] Preparing to run initialization script /mnt/openstudio/analysis_fe821d2c-df1e-4105-9ee6-6c7fef1463ae/scripts/worker_initialization/datapoint_init.sh
[16:38:25.557441 INFO] Looking for argument file /mnt/openstudio/analysis_fe821d2c-df1e-4105-9ee6-6c7fef1463ae/scripts/worker_initialization/datapoint_init.args
[16:38:25.557495 INFO] argument file exists /mnt/openstudio/analysis_fe821d2c-df1e-4105-9ee6-6c7fef1463ae/scripts/worker_initialization/datapoint_init.args
[16:38:25.557644 INFO] arguments are ["https://s3.amazonaws.com/epwweatherfiles/project_resstock_efs.zip"]
[16:38:32.544701 INFO] Script returned with exit code 0 of class Fixnum
[16:38:32.544832 INFO] Finished worker initialization
[16:38:32.552680 INFO] Downloading datapoint from http://web:80/data_points/b2bf3330-2ce1-4a0b-a235-4b731b6e4c74.json
[16:38:32.569638 INFO] Creating Workflow Manager instance
[16:38:32.569724 INFO] Directory is /mnt/openstudio/analysis_fe821d2c-df1e-4105-9ee6-6c7fef1463ae/data_point_b2bf3330-2ce1-4a0b-a235-4b731b6e4c74
[16:38:32.569794 INFO] Opening run.log file '/mnt/openstudio/analysis_fe821d2c-df1e-4105-9ee6-6c7fef1463ae/data_point_b2bf3330-2ce1-4a0b-a235-4b731b6e4c74/run/run.log'
[16:38:32.586127 INFO] Running workflow
[16:42:51.659301 INFO] Final run state is finished
[16:42:51.688700 INFO] Saving files/reports back to the server
[16:42:51.689002 INFO] Saving report /mnt/openstudio/analysis_fe821d2c-df1e-4105-9ee6-6c7fef1463ae/data_point_b2bf3330-2ce1-4a0b-a235-4b731b6e4c74/reports/eplustbl.html to http://web:80/data_points/b2bf3330-2ce1-4a0b-a235-4b731b6e4c74/upload_file
[16:42:51.725797 INFO] Saving report responded with {"id":"59c9320ba2321800caed5ced","data_point_id":"b2bf3330-2ce1-4a0b-a235-4b731b6e4c74","display_name":"eplustbl","type":"Report","created_at":"2017-09-25T16:42:51.716Z","updated_at":"2017-09-25T16:42:51.716Z"}
[16:42:51.726065 INFO] Saving report /mnt/openstudio/analysis_fe821d2c-df1e-4105-9ee6-6c7fef1463ae/data_point_b2bf3330-2ce1-4a0b-a235-4b731b6e4c74/run/objectives.json to http://web:80/data_points/b2bf3330-2ce1-4a0b-a235-4b731b6e4c74/upload_file
[16:42:51.745264 INFO] Saving report responded with {"id":"59c9320ba2321800caed5cee","data_point_id":"b2bf3330-2ce1-4a0b-a235-4b731b6e4c74","display_name":"objectives","type":"Report","created_at":"2017-09-25T16:42:51.737Z","updated_at":"2017-09-25T16:42:51.737Z"}
[16:42:51.745477 INFO] Saving report /mnt/openstudio/analysis_fe821d2c-df1e-4105-9ee6-6c7fef1463ae/data_point_b2bf3330-2ce1-4a0b-a235-4b731b6e4c74/out.osw to http://web:80/data_points/b2bf3330-2ce1-4a0b-a235-4b731b6e4c74/upload_file
[16:42:51.772888 INFO] Saving report responded with {"id":"59c9320ba2321800caed5cef","data_point_id":"b2bf3330-2ce1-4a0b-a235-4b731b6e4c74","display_name":"Final OSW File","type":"Report","created_at":"2017-09-25T16:42:51.763Z","updated_at":"2017-09-25T16:42:51.763Z"}
[16:42:51.773139 INFO] Saving report /mnt/openstudio/analysis_fe821d2c-df1e-4105-9ee6-6c7fef1463ae/data_point_b2bf3330-2ce1-4a0b-a235-4b731b6e4c74/in.osm to http://web:80/data_points/b2bf3330-2ce1-4a0b-a235-4b731b6e4c74/upload_file
[16:42:52.327328 INFO] Saving report responded with {"id":"59c9320ca2321800caed5cf0","data_point_id":"b2bf3330-2ce1-4a0b-a235-4b731b6e4c74","display_name":"model","type":"OpenStudio Model","created_at":"2017-09-25T16:42:52.294Z","updated_at":"2017-09-25T16:42:52.294Z"}
[16:42:52.327582 INFO] Saving report /mnt/openstudio/analysis_fe821d2c-df1e-4105-9ee6-6c7fef1463ae/data_point_b2bf3330-2ce1-4a0b-a235-4b731b6e4c74/run/data_point.zip to http://web:80/data_points/b2bf3330-2ce1-4a0b-a235-4b731b6e4c74/upload_file
[16:42:52.415959 INFO] Saving report responded with {"id":"59c9320ca2321800caed5cf1","data_point_id":"b2bf3330-2ce1-4a0b-a235-4b731b6e4c74","display_name":"Zip File","type":"Data Point","created_at":"2017-09-25T16:42:52.405Z","updated_at":"2017-09-25T16:42:52.405Z"}
[16:42:52.416317 INFO] Found data point finalization file datapoint_final.sh.
[16:42:52.416440 INFO] Preparing to run finalization script /mnt/openstudio/analysis_fe821d2c-df1e-4105-9ee6-6c7fef1463ae/scripts/worker_finalization/datapoint_final.sh
[16:42:52.416772 INFO] Looking for argument file /mnt/openstudio/analysis_fe821d2c-df1e-4105-9ee6-6c7fef1463ae/scripts/worker_finalization/datapoint_final.args
[16:42:52.416833 INFO] argument file exists /mnt/openstudio/analysis_fe821d2c-df1e-4105-9ee6-6c7fef1463ae/scripts/worker_finalization/datapoint_final.args
[16:42:52.417030 INFO] arguments are []
[16:42:52.464587 INFO] Script returned with exit code 0 of class Fixnum
[16:42:52.464886 INFO] Saving report /mnt/openstudio/analysis_fe821d2c-df1e-4105-9ee6-6c7fef1463ae/data_point_b2bf3330-2ce1-4a0b-a235-4b731b6e4c74/run/datapoint_final.log to http://web:80/data_points/b2bf3330-2ce1-4a0b-a235-4b731b6e4c74/upload_file
[16:42:52.493934 INFO] Saving report responded with {"id":"59c9320ca2321800caed5cf2","data_point_id":"b2bf3330-2ce1-4a0b-a235-4b731b6e4c74","display_name":"Finalization Script Log","type":"Report","created_at":"2017-09-25T16:42:52.483Z","updated_at":"2017-09-25T16:42:52.483Z"}
[16:42:52.502483 INFO] Finished /opt/openstudio/server/app/workers/run_simulate_data_point.rb
