Cleaning up data_point directory.
Original files:
total 22080
-rw-rw-rw- 1 root root    66975 Sep 25 16:38 analysis.json
-rw-rw-rw- 1 root root     5490 Sep 25 16:42 b2bf3330-2ce1-4a0b-a235-4b731b6e4c74.log
-rw-rw-rw- 1 root root     1030 Sep 25 16:38 data_point.json
-rw-rw-rw- 1 root root     2841 Sep 25 16:38 data_point.osw
-rw-rw-rw- 1 root root  4932847 Sep 25 16:39 in.idf
-rw-rw-rw- 1 root root 17415807 Sep 25 16:39 in.osm
-rw-rw-rw- 1 root root   161305 Sep 25 16:42 out.osw
drwxrwxrwx 2 root root     4096 Sep 25 16:42 reports
drwxrwxrwx 2 root root     4096 Sep 25 16:42 run
total 7964
-rw-rw-r-- 1 root root  663923 Sep 25 16:42 data_point.zip
-rw-rw-rw- 1 root root    8451 Sep 25 16:42 data_point_out.json
-rw-r--r-- 1 root root     587 Sep 25 16:42 datapoint_final.log
-rw-r--r-- 1 root root   22165 Sep 25 16:38 datapoint_init.log
-rw-rw-rw- 1 root root  782855 Sep 25 16:42 enduse_timeseries.csv
-rw-rw-rw- 1 root root     102 Sep 25 16:41 eplusout.end
-rw-rw-rw- 1 root root   35468 Sep 25 16:41 eplusout.err
-rw-rw-rw- 1 root root   57860 Sep 25 16:41 eplusout.mtd
-rw-rw-rw- 1 root root   55512 Sep 25 16:39 eplusout.rdd
-rw-rw-rw- 1 root root  598751 Sep 25 16:41 eplustbl.htm
-rw-rw-rw- 1 root root      43 Sep 25 16:42 finished.job
-rw-rw-rw- 1 root root 4932847 Sep 25 16:39 in.idf
-rw-rw-rw- 1 root root    8451 Sep 25 16:42 measure_attributes.json
-rw-rw-rw- 1 root root   27624 Sep 25 16:38 measures.osw
-rw-rw-rw- 1 root root       3 Sep 25 16:42 objectives.json
-rw-rw-rw- 1 root root    8451 Sep 25 16:42 results.json
-rw-rw-rw- 1 root root  878022 Sep 25 16:42 run.log
-rw-rw-rw- 1 root root      49 Sep 25 16:39 sqlite.err
-rw-rw-rw- 1 root root      42 Sep 25 16:38 started.job
-rw-rw-rw- 1 root root    2336 Sep 25 16:41 stdout-energyplus
-rw-rw-rw- 1 root root      91 Sep 25 16:39 stdout-expandobject
7.8M	data_point_b2bf3330-2ce1-4a0b-a235-4b731b6e4c74/run
592K	data_point_b2bf3330-2ce1-4a0b-a235-4b731b6e4c74/reports
30M	data_point_b2bf3330-2ce1-4a0b-a235-4b731b6e4c74
Final files:
total 252
-rw-rw-rw- 1 root root  66975 Sep 25 16:38 analysis.json
-rw-rw-rw- 1 root root   5490 Sep 25 16:42 b2bf3330-2ce1-4a0b-a235-4b731b6e4c74.log
-rw-rw-rw- 1 root root   1030 Sep 25 16:38 data_point.json
-rw-rw-rw- 1 root root   2841 Sep 25 16:38 data_point.osw
-rw-rw-rw- 1 root root 161305 Sep 25 16:42 out.osw
drwxrwxrwx 2 root root   4096 Sep 25 16:42 reports
drwxrwxrwx 2 root root   4096 Sep 25 16:42 run
total 1448
-rw-rw-r-- 1 root root 663923 Sep 25 16:42 data_point.zip
-rw-r--r-- 1 root root   2438 Sep 25 16:42 datapoint_final.log
-rw-r--r-- 1 root root  22165 Sep 25 16:38 datapoint_init.log
-rw-rw-rw- 1 root root 782855 Sep 25 16:42 enduse_timeseries.csv
1.5M	data_point_b2bf3330-2ce1-4a0b-a235-4b731b6e4c74/run
592K	data_point_b2bf3330-2ce1-4a0b-a235-4b731b6e4c74/reports
2.3M	data_point_b2bf3330-2ce1-4a0b-a235-4b731b6e4c74
