# Logfile created on 2017-09-25 16:35:43 +0000 by logger.rb/47272
[16:35:43.013115 INFO] Server host is http://web:80
[16:35:43.013219 INFO] Analysis directory is /mnt/openstudio/analysis_fe821d2c-df1e-4105-9ee6-6c7fef1463ae
[16:35:43.013275 INFO] Simulation directory is /mnt/openstudio/analysis_fe821d2c-df1e-4105-9ee6-6c7fef1463ae/data_point_caedc935-3b93-440e-832c-3c3bfe55a745
[16:35:43.013307 INFO] Run datapoint type/file is workflow
[16:35:43.013337 INFO] Starting initialize_worker for datapoint caedc935-3b93-440e-832c-3c3bfe55a745
[16:35:43.013395 INFO] receipt_file already exists, moving on
[16:35:43.018550 INFO] Downloading datapoint from http://web:80/data_points/caedc935-3b93-440e-832c-3c3bfe55a745.json
[16:35:43.329909 INFO] Creating Workflow Manager instance
[16:35:43.330018 INFO] Directory is /mnt/openstudio/analysis_fe821d2c-df1e-4105-9ee6-6c7fef1463ae/data_point_caedc935-3b93-440e-832c-3c3bfe55a745
[16:35:43.330102 INFO] Opening run.log file '/mnt/openstudio/analysis_fe821d2c-df1e-4105-9ee6-6c7fef1463ae/data_point_caedc935-3b93-440e-832c-3c3bfe55a745/run/run.log'
[16:35:43.346031 INFO] Running workflow
[16:40:10.036819 INFO] Final run state is finished
[16:40:10.059996 INFO] Saving files/reports back to the server
[16:40:10.060287 INFO] Saving report /mnt/openstudio/analysis_fe821d2c-df1e-4105-9ee6-6c7fef1463ae/data_point_caedc935-3b93-440e-832c-3c3bfe55a745/reports/eplustbl.html to http://web:80/data_points/caedc935-3b93-440e-832c-3c3bfe55a745/upload_file
[16:40:10.102294 INFO] Saving report responded with {"id":"59c9316aa2321800caed5c96","data_point_id":"caedc935-3b93-440e-832c-3c3bfe55a745","display_name":"eplustbl","type":"Report","created_at":"2017-09-25T16:40:10.093Z","updated_at":"2017-09-25T16:40:10.093Z"}
[16:40:10.102544 INFO] Saving report /mnt/openstudio/analysis_fe821d2c-df1e-4105-9ee6-6c7fef1463ae/data_point_caedc935-3b93-440e-832c-3c3bfe55a745/run/objectives.json to http://web:80/data_points/caedc935-3b93-440e-832c-3c3bfe55a745/upload_file
[16:40:10.128348 INFO] Saving report responded with {"id":"59c9316aa2321800caed5c97","data_point_id":"caedc935-3b93-440e-832c-3c3bfe55a745","display_name":"objectives","type":"Report","created_at":"2017-09-25T16:40:10.117Z","updated_at":"2017-09-25T16:40:10.117Z"}
[16:40:10.128583 INFO] Saving report /mnt/openstudio/analysis_fe821d2c-df1e-4105-9ee6-6c7fef1463ae/data_point_caedc935-3b93-440e-832c-3c3bfe55a745/out.osw to http://web:80/data_points/caedc935-3b93-440e-832c-3c3bfe55a745/upload_file
[16:40:10.156070 INFO] Saving report responded with {"id":"59c9316aa2321800caed5c98","data_point_id":"caedc935-3b93-440e-832c-3c3bfe55a745","display_name":"Final OSW File","type":"Report","created_at":"2017-09-25T16:40:10.146Z","updated_at":"2017-09-25T16:40:10.146Z"}
[16:40:10.156267 INFO] Saving report /mnt/openstudio/analysis_fe821d2c-df1e-4105-9ee6-6c7fef1463ae/data_point_caedc935-3b93-440e-832c-3c3bfe55a745/in.osm to http://web:80/data_points/caedc935-3b93-440e-832c-3c3bfe55a745/upload_file
[16:40:10.723552 INFO] Saving report responded with {"id":"59c9316aa2321800caed5c99","data_point_id":"caedc935-3b93-440e-832c-3c3bfe55a745","display_name":"model","type":"OpenStudio Model","created_at":"2017-09-25T16:40:10.629Z","updated_at":"2017-09-25T16:40:10.629Z"}
[16:40:10.723773 INFO] Saving report /mnt/openstudio/analysis_fe821d2c-df1e-4105-9ee6-6c7fef1463ae/data_point_caedc935-3b93-440e-832c-3c3bfe55a745/run/data_point.zip to http://web:80/data_points/caedc935-3b93-440e-832c-3c3bfe55a745/upload_file
[16:40:10.781125 INFO] Saving report responded with {"id":"59c9316aa2321800caed5c9a","data_point_id":"caedc935-3b93-440e-832c-3c3bfe55a745","display_name":"Zip File","type":"Data Point","created_at":"2017-09-25T16:40:10.769Z","updated_at":"2017-09-25T16:40:10.769Z"}
[16:40:10.781610 INFO] Found data point finalization file datapoint_final.sh.
[16:40:10.781791 INFO] Preparing to run finalization script /mnt/openstudio/analysis_fe821d2c-df1e-4105-9ee6-6c7fef1463ae/scripts/worker_finalization/datapoint_final.sh
[16:40:10.782090 INFO] Looking for argument file /mnt/openstudio/analysis_fe821d2c-df1e-4105-9ee6-6c7fef1463ae/scripts/worker_finalization/datapoint_final.args
[16:40:10.782162 INFO] argument file exists /mnt/openstudio/analysis_fe821d2c-df1e-4105-9ee6-6c7fef1463ae/scripts/worker_finalization/datapoint_final.args
[16:40:10.782357 INFO] arguments are []
[16:40:10.847153 INFO] Script returned with exit code 0 of class Fixnum
[16:40:10.847436 INFO] Saving report /mnt/openstudio/analysis_fe821d2c-df1e-4105-9ee6-6c7fef1463ae/data_point_caedc935-3b93-440e-832c-3c3bfe55a745/run/datapoint_final.log to http://web:80/data_points/caedc935-3b93-440e-832c-3c3bfe55a745/upload_file
[16:40:10.881443 INFO] Saving report responded with {"id":"59c9316aa2321800caed5c9c","data_point_id":"caedc935-3b93-440e-832c-3c3bfe55a745","display_name":"Finalization Script Log","type":"Report","created_at":"2017-09-25T16:40:10.872Z","updated_at":"2017-09-25T16:40:10.872Z"}
[16:40:10.887973 INFO] Finished /opt/openstudio/server/app/workers/run_simulate_data_point.rb
