Cleaning up data_point directory.
Original files:
total 21736
-rw-rw-rw- 1 root root    66975 Sep 25 16:35 analysis.json
-rw-rw-rw- 1 root root     4385 Sep 25 16:40 caedc935-3b93-440e-832c-3c3bfe55a745.log
-rw-rw-rw- 1 root root     1030 Sep 25 16:35 data_point.json
-rw-rw-rw- 1 root root     2841 Sep 25 16:35 data_point.osw
-rw-rw-rw- 1 root root  4630055 Sep 25 16:36 in.idf
-rw-rw-rw- 1 root root 17377271 Sep 25 16:36 in.osm
-rw-rw-rw- 1 root root   150482 Sep 25 16:40 out.osw
drwxrwxrwx 2 root root     4096 Sep 25 16:40 reports
drwxrwxrwx 2 root root     4096 Sep 25 16:40 run
total 7632
-rw-rw-r-- 1 root root  653456 Sep 25 16:40 data_point.zip
-rw-rw-rw- 1 root root    8496 Sep 25 16:40 data_point_out.json
-rw-r--r-- 1 root root     587 Sep 25 16:40 datapoint_final.log
-rw-rw-rw- 1 root root  868232 Sep 25 16:40 enduse_timeseries.csv
-rw-rw-rw- 1 root root      99 Sep 25 16:38 eplusout.end
-rw-rw-rw- 1 root root   32768 Sep 25 16:38 eplusout.err
-rw-rw-rw- 1 root root   58911 Sep 25 16:38 eplusout.mtd
-rw-rw-rw- 1 root root   57386 Sep 25 16:37 eplusout.rdd
-rw-rw-rw- 1 root root  527052 Sep 25 16:38 eplustbl.htm
-rw-rw-rw- 1 root root      43 Sep 25 16:40 finished.job
-rw-rw-rw- 1 root root 4630055 Sep 25 16:36 in.idf
-rw-rw-rw- 1 root root    8496 Sep 25 16:40 measure_attributes.json
-rw-rw-rw- 1 root root   27135 Sep 25 16:35 measures.osw
-rw-rw-rw- 1 root root       3 Sep 25 16:40 objectives.json
-rw-rw-rw- 1 root root    8496 Sep 25 16:40 results.json
-rw-rw-rw- 1 root root  869737 Sep 25 16:40 run.log
-rw-rw-rw- 1 root root      49 Sep 25 16:37 sqlite.err
-rw-rw-rw- 1 root root      42 Sep 25 16:35 started.job
-rw-rw-rw- 1 root root    2351 Sep 25 16:38 stdout-energyplus
-rw-rw-rw- 1 root root      91 Sep 25 16:37 stdout-expandobject
7.5M	data_point_caedc935-3b93-440e-832c-3c3bfe55a745/run
520K	data_point_caedc935-3b93-440e-832c-3c3bfe55a745/reports
30M	data_point_caedc935-3b93-440e-832c-3c3bfe55a745
Final files:
total 240
-rw-rw-rw- 1 root root  66975 Sep 25 16:35 analysis.json
-rw-rw-rw- 1 root root   4385 Sep 25 16:40 caedc935-3b93-440e-832c-3c3bfe55a745.log
-rw-rw-rw- 1 root root   1030 Sep 25 16:35 data_point.json
-rw-rw-rw- 1 root root   2841 Sep 25 16:35 data_point.osw
-rw-rw-rw- 1 root root 150482 Sep 25 16:40 out.osw
drwxrwxrwx 2 root root   4096 Sep 25 16:40 reports
drwxrwxrwx 2 root root   4096 Sep 25 16:40 run
total 1492
-rw-rw-r-- 1 root root 653456 Sep 25 16:40 data_point.zip
-rw-r--r-- 1 root root   2375 Sep 25 16:40 datapoint_final.log
-rw-rw-rw- 1 root root 868232 Sep 25 16:40 enduse_timeseries.csv
1.5M	data_point_caedc935-3b93-440e-832c-3c3bfe55a745/run
520K	data_point_caedc935-3b93-440e-832c-3c3bfe55a745/reports
2.2M	data_point_caedc935-3b93-440e-832c-3c3bfe55a745
