# Logfile created on 2017-09-25 16:36:26 +0000 by logger.rb/47272
[16:36:26.778561 INFO] Server host is http://web:80
[16:36:26.778639 INFO] Analysis directory is /mnt/openstudio/analysis_fe821d2c-df1e-4105-9ee6-6c7fef1463ae
[16:36:26.778710 INFO] Simulation directory is /mnt/openstudio/analysis_fe821d2c-df1e-4105-9ee6-6c7fef1463ae/data_point_067f1620-4f30-4595-ba97-a99b31a3bd2c
[16:36:26.778751 INFO] Run datapoint type/file is workflow
[16:36:26.778793 INFO] Starting initialize_worker for datapoint 067f1620-4f30-4595-ba97-a99b31a3bd2c
[16:36:26.778960 INFO] Downloading analysis zip from http://web:80/analyses/fe821d2c-df1e-4105-9ee6-6c7fef1463ae/download_analysis_zip
[16:37:49.123582 INFO] Extracting analysis zip to /mnt/openstudio/analysis_fe821d2c-df1e-4105-9ee6-6c7fef1463ae
[16:37:53.450845 INFO] Downloading analysis.json from http://web:80/analyses/fe821d2c-df1e-4105-9ee6-6c7fef1463ae.json
[16:38:07.634269 INFO] Found data point initialization file datapoint_init.sh.
[16:38:07.634489 INFO] Preparing to run initialization script /mnt/openstudio/analysis_fe821d2c-df1e-4105-9ee6-6c7fef1463ae/scripts/worker_initialization/datapoint_init.sh
[16:38:07.651938 INFO] Looking for argument file /mnt/openstudio/analysis_fe821d2c-df1e-4105-9ee6-6c7fef1463ae/scripts/worker_initialization/datapoint_init.args
[16:38:07.652016 INFO] argument file exists /mnt/openstudio/analysis_fe821d2c-df1e-4105-9ee6-6c7fef1463ae/scripts/worker_initialization/datapoint_init.args
[16:38:07.652195 INFO] arguments are ["https://s3.amazonaws.com/epwweatherfiles/project_resstock_efs.zip"]
[16:38:22.619881 INFO] Script returned with exit code 0 of class Fixnum
[16:38:22.620045 INFO] Finished worker initialization
[16:38:22.638584 INFO] Downloading datapoint from http://web:80/data_points/067f1620-4f30-4595-ba97-a99b31a3bd2c.json
[16:38:22.838580 INFO] Creating Workflow Manager instance
[16:38:22.838672 INFO] Directory is /mnt/openstudio/analysis_fe821d2c-df1e-4105-9ee6-6c7fef1463ae/data_point_067f1620-4f30-4595-ba97-a99b31a3bd2c
[16:38:22.838741 INFO] Opening run.log file '/mnt/openstudio/analysis_fe821d2c-df1e-4105-9ee6-6c7fef1463ae/data_point_067f1620-4f30-4595-ba97-a99b31a3bd2c/run/run.log'
[16:38:23.039300 INFO] Running workflow
[16:42:27.544034 INFO] Final run state is finished
[16:42:27.560898 INFO] Saving files/reports back to the server
[16:42:27.561211 INFO] Saving report /mnt/openstudio/analysis_fe821d2c-df1e-4105-9ee6-6c7fef1463ae/data_point_067f1620-4f30-4595-ba97-a99b31a3bd2c/reports/eplustbl.html to http://web:80/data_points/067f1620-4f30-4595-ba97-a99b31a3bd2c/upload_file
[16:42:27.613556 INFO] Saving report responded with {"id":"59c931f3a2321800caed5cd2","data_point_id":"067f1620-4f30-4595-ba97-a99b31a3bd2c","display_name":"eplustbl","type":"Report","created_at":"2017-09-25T16:42:27.603Z","updated_at":"2017-09-25T16:42:27.603Z"}
[16:42:27.613738 INFO] Saving report /mnt/openstudio/analysis_fe821d2c-df1e-4105-9ee6-6c7fef1463ae/data_point_067f1620-4f30-4595-ba97-a99b31a3bd2c/run/objectives.json to http://web:80/data_points/067f1620-4f30-4595-ba97-a99b31a3bd2c/upload_file
[16:42:27.648691 INFO] Saving report responded with {"id":"59c931f3a2321800caed5cd3","data_point_id":"067f1620-4f30-4595-ba97-a99b31a3bd2c","display_name":"objectives","type":"Report","created_at":"2017-09-25T16:42:27.634Z","updated_at":"2017-09-25T16:42:27.634Z"}
[16:42:27.648875 INFO] Saving report /mnt/openstudio/analysis_fe821d2c-df1e-4105-9ee6-6c7fef1463ae/data_point_067f1620-4f30-4595-ba97-a99b31a3bd2c/out.osw to http://web:80/data_points/067f1620-4f30-4595-ba97-a99b31a3bd2c/upload_file
[16:42:27.674279 INFO] Saving report responded with {"id":"59c931f3a2321800caed5cd4","data_point_id":"067f1620-4f30-4595-ba97-a99b31a3bd2c","display_name":"Final OSW File","type":"Report","created_at":"2017-09-25T16:42:27.665Z","updated_at":"2017-09-25T16:42:27.665Z"}
[16:42:27.674458 INFO] Saving report /mnt/openstudio/analysis_fe821d2c-df1e-4105-9ee6-6c7fef1463ae/data_point_067f1620-4f30-4595-ba97-a99b31a3bd2c/in.osm to http://web:80/data_points/067f1620-4f30-4595-ba97-a99b31a3bd2c/upload_file
[16:42:28.484813 INFO] Saving report responded with {"id":"59c931f4a2321800caed5cd5","data_point_id":"067f1620-4f30-4595-ba97-a99b31a3bd2c","display_name":"model","type":"OpenStudio Model","created_at":"2017-09-25T16:42:28.393Z","updated_at":"2017-09-25T16:42:28.393Z"}
[16:42:28.485100 INFO] Saving report /mnt/openstudio/analysis_fe821d2c-df1e-4105-9ee6-6c7fef1463ae/data_point_067f1620-4f30-4595-ba97-a99b31a3bd2c/run/data_point.zip to http://web:80/data_points/067f1620-4f30-4595-ba97-a99b31a3bd2c/upload_file
[16:42:28.576971 INFO] Saving report responded with {"id":"59c931f4a2321800d2ed57f3","data_point_id":"067f1620-4f30-4595-ba97-a99b31a3bd2c","display_name":"Zip File","type":"Data Point","created_at":"2017-09-25T16:42:28.548Z","updated_at":"2017-09-25T16:42:28.548Z"}
[16:42:28.577446 INFO] Found data point finalization file datapoint_final.sh.
[16:42:28.577645 INFO] Preparing to run finalization script /mnt/openstudio/analysis_fe821d2c-df1e-4105-9ee6-6c7fef1463ae/scripts/worker_finalization/datapoint_final.sh
[16:42:28.578225 INFO] Looking for argument file /mnt/openstudio/analysis_fe821d2c-df1e-4105-9ee6-6c7fef1463ae/scripts/worker_finalization/datapoint_final.args
[16:42:28.578279 INFO] argument file exists /mnt/openstudio/analysis_fe821d2c-df1e-4105-9ee6-6c7fef1463ae/scripts/worker_finalization/datapoint_final.args
[16:42:28.578717 INFO] arguments are []
[16:42:28.635093 INFO] Script returned with exit code 0 of class Fixnum
[16:42:28.635390 INFO] Saving report /mnt/openstudio/analysis_fe821d2c-df1e-4105-9ee6-6c7fef1463ae/data_point_067f1620-4f30-4595-ba97-a99b31a3bd2c/run/datapoint_final.log to http://web:80/data_points/067f1620-4f30-4595-ba97-a99b31a3bd2c/upload_file
[16:42:28.663710 INFO] Saving report responded with {"id":"59c931f4a2321800caed5cd7","data_point_id":"067f1620-4f30-4595-ba97-a99b31a3bd2c","display_name":"Finalization Script Log","type":"Report","created_at":"2017-09-25T16:42:28.652Z","updated_at":"2017-09-25T16:42:28.652Z"}
[16:42:28.672757 INFO] Finished /opt/openstudio/server/app/workers/run_simulate_data_point.rb
