# Logfile created on 2017-09-25 16:36:12 +0000 by logger.rb/47272
[16:36:12.106691 INFO] Server host is http://web:80
[16:36:12.106781 INFO] Analysis directory is /mnt/openstudio/analysis_fe821d2c-df1e-4105-9ee6-6c7fef1463ae
[16:36:12.106839 INFO] Simulation directory is /mnt/openstudio/analysis_fe821d2c-df1e-4105-9ee6-6c7fef1463ae/data_point_afb922d0-c9e9-4aba-9d04-3669fc44b591
[16:36:12.106876 INFO] Run datapoint type/file is workflow
[16:36:12.106915 INFO] Starting initialize_worker for datapoint afb922d0-c9e9-4aba-9d04-3669fc44b591
[16:36:12.107105 INFO] Downloading analysis zip from http://web:80/analyses/fe821d2c-df1e-4105-9ee6-6c7fef1463ae/download_analysis_zip
[16:36:35.842942 INFO] Extracting analysis zip to /mnt/openstudio/analysis_fe821d2c-df1e-4105-9ee6-6c7fef1463ae
[16:36:39.197315 INFO] Downloading analysis.json from http://web:80/analyses/fe821d2c-df1e-4105-9ee6-6c7fef1463ae.json
[16:37:48.143572 INFO] Found data point initialization file datapoint_init.sh.
[16:37:48.144705 INFO] Preparing to run initialization script /mnt/openstudio/analysis_fe821d2c-df1e-4105-9ee6-6c7fef1463ae/scripts/worker_initialization/datapoint_init.sh
[16:37:48.145189 INFO] Looking for argument file /mnt/openstudio/analysis_fe821d2c-df1e-4105-9ee6-6c7fef1463ae/scripts/worker_initialization/datapoint_init.args
[16:37:48.145246 INFO] argument file exists /mnt/openstudio/analysis_fe821d2c-df1e-4105-9ee6-6c7fef1463ae/scripts/worker_initialization/datapoint_init.args
[16:37:48.145396 INFO] arguments are ["https://s3.amazonaws.com/epwweatherfiles/project_resstock_efs.zip"]
[16:37:58.545367 INFO] Script returned with exit code 0 of class Fixnum
[16:37:58.545602 INFO] Finished worker initialization
[16:38:07.719414 INFO] Downloading datapoint from http://web:80/data_points/afb922d0-c9e9-4aba-9d04-3669fc44b591.json
[16:38:07.826268 INFO] Creating Workflow Manager instance
[16:38:07.826353 INFO] Directory is /mnt/openstudio/analysis_fe821d2c-df1e-4105-9ee6-6c7fef1463ae/data_point_afb922d0-c9e9-4aba-9d04-3669fc44b591
[16:38:07.826402 INFO] Opening run.log file '/mnt/openstudio/analysis_fe821d2c-df1e-4105-9ee6-6c7fef1463ae/data_point_afb922d0-c9e9-4aba-9d04-3669fc44b591/run/run.log'
[16:38:07.872375 INFO] Running workflow
[16:42:16.061318 INFO] Final run state is finished
[16:42:16.084591 INFO] Saving files/reports back to the server
[16:42:16.084887 INFO] Saving report /mnt/openstudio/analysis_fe821d2c-df1e-4105-9ee6-6c7fef1463ae/data_point_afb922d0-c9e9-4aba-9d04-3669fc44b591/reports/eplustbl.html to http://web:80/data_points/afb922d0-c9e9-4aba-9d04-3669fc44b591/upload_file
[16:42:16.150296 INFO] Saving report responded with {"id":"59c931e8a2321800d2ed57ed","data_point_id":"afb922d0-c9e9-4aba-9d04-3669fc44b591","display_name":"eplustbl","type":"Report","created_at":"2017-09-25T16:42:16.140Z","updated_at":"2017-09-25T16:42:16.140Z"}
[16:42:16.150698 INFO] Saving report /mnt/openstudio/analysis_fe821d2c-df1e-4105-9ee6-6c7fef1463ae/data_point_afb922d0-c9e9-4aba-9d04-3669fc44b591/run/objectives.json to http://web:80/data_points/afb922d0-c9e9-4aba-9d04-3669fc44b591/upload_file
[16:42:16.180158 INFO] Saving report responded with {"id":"59c931e8a2321800d2ed57ee","data_point_id":"afb922d0-c9e9-4aba-9d04-3669fc44b591","display_name":"objectives","type":"Report","created_at":"2017-09-25T16:42:16.169Z","updated_at":"2017-09-25T16:42:16.169Z"}
[16:42:16.180445 INFO] Saving report /mnt/openstudio/analysis_fe821d2c-df1e-4105-9ee6-6c7fef1463ae/data_point_afb922d0-c9e9-4aba-9d04-3669fc44b591/out.osw to http://web:80/data_points/afb922d0-c9e9-4aba-9d04-3669fc44b591/upload_file
[16:42:16.226053 INFO] Saving report responded with {"id":"59c931e8a2321800d2ed57ef","data_point_id":"afb922d0-c9e9-4aba-9d04-3669fc44b591","display_name":"Final OSW File","type":"Report","created_at":"2017-09-25T16:42:16.204Z","updated_at":"2017-09-25T16:42:16.204Z"}
[16:42:16.226377 INFO] Saving report /mnt/openstudio/analysis_fe821d2c-df1e-4105-9ee6-6c7fef1463ae/data_point_afb922d0-c9e9-4aba-9d04-3669fc44b591/in.osm to http://web:80/data_points/afb922d0-c9e9-4aba-9d04-3669fc44b591/upload_file
[16:42:17.289128 INFO] Saving report responded with {"id":"59c931e9a2321800d2ed57f0","data_point_id":"afb922d0-c9e9-4aba-9d04-3669fc44b591","display_name":"model","type":"OpenStudio Model","created_at":"2017-09-25T16:42:17.200Z","updated_at":"2017-09-25T16:42:17.200Z"}
[16:42:17.289466 INFO] Saving report /mnt/openstudio/analysis_fe821d2c-df1e-4105-9ee6-6c7fef1463ae/data_point_afb922d0-c9e9-4aba-9d04-3669fc44b591/run/data_point.zip to http://web:80/data_points/afb922d0-c9e9-4aba-9d04-3669fc44b591/upload_file
[16:42:17.476292 INFO] Saving report responded with {"id":"59c931e9a2321800caed5cca","data_point_id":"afb922d0-c9e9-4aba-9d04-3669fc44b591","display_name":"Zip File","type":"Data Point","created_at":"2017-09-25T16:42:17.342Z","updated_at":"2017-09-25T16:42:17.342Z"}
[16:42:17.476860 INFO] Found data point finalization file datapoint_final.sh.
[16:42:17.477024 INFO] Preparing to run finalization script /mnt/openstudio/analysis_fe821d2c-df1e-4105-9ee6-6c7fef1463ae/scripts/worker_finalization/datapoint_final.sh
[16:42:17.477472 INFO] Looking for argument file /mnt/openstudio/analysis_fe821d2c-df1e-4105-9ee6-6c7fef1463ae/scripts/worker_finalization/datapoint_final.args
[16:42:17.477533 INFO] argument file exists /mnt/openstudio/analysis_fe821d2c-df1e-4105-9ee6-6c7fef1463ae/scripts/worker_finalization/datapoint_final.args
[16:42:17.477747 INFO] arguments are []
[16:42:17.544275 INFO] Script returned with exit code 0 of class Fixnum
[16:42:17.544553 INFO] Saving report /mnt/openstudio/analysis_fe821d2c-df1e-4105-9ee6-6c7fef1463ae/data_point_afb922d0-c9e9-4aba-9d04-3669fc44b591/run/datapoint_final.log to http://web:80/data_points/afb922d0-c9e9-4aba-9d04-3669fc44b591/upload_file
[16:42:17.570359 INFO] Saving report responded with {"id":"59c931e9a2321800e4ed52e4","data_point_id":"afb922d0-c9e9-4aba-9d04-3669fc44b591","display_name":"Finalization Script Log","type":"Report","created_at":"2017-09-25T16:42:17.560Z","updated_at":"2017-09-25T16:42:17.560Z"}
[16:42:17.579486 INFO] Finished /opt/openstudio/server/app/workers/run_simulate_data_point.rb
