Cleaning up data_point directory.
Original files:
total 21712
-rw-rw-rw- 1 root root     5490 Sep 25 16:42 afb922d0-c9e9-4aba-9d04-3669fc44b591.log
-rw-rw-rw- 1 root root    66975 Sep 25 16:38 analysis.json
-rw-rw-rw- 1 root root     1030 Sep 25 16:38 data_point.json
-rw-rw-rw- 1 root root     2841 Sep 25 16:38 data_point.osw
-rw-rw-rw- 1 root root  4621243 Sep 25 16:39 in.idf
-rw-rw-rw- 1 root root 17359866 Sep 25 16:39 in.osm
-rw-rw-rw- 1 root root   148130 Sep 25 16:42 out.osw
drwxrwxrwx 2 root root     4096 Sep 25 16:42 reports
drwxrwxrwx 2 root root     4096 Sep 25 16:42 run
total 7552
-rw-rw-r-- 1 root root  643763 Sep 25 16:42 data_point.zip
-rw-rw-rw- 1 root root    8425 Sep 25 16:42 data_point_out.json
-rw-r--r-- 1 root root     587 Sep 25 16:42 datapoint_final.log
-rw-r--r-- 1 root root   22481 Sep 25 16:37 datapoint_init.log
-rw-rw-rw- 1 root root  793291 Sep 25 16:42 enduse_timeseries.csv
-rw-rw-rw- 1 root root      99 Sep 25 16:40 eplusout.end
-rw-rw-rw- 1 root root   33274 Sep 25 16:40 eplusout.err
-rw-rw-rw- 1 root root   55251 Sep 25 16:40 eplusout.mtd
-rw-rw-rw- 1 root root   55512 Sep 25 16:39 eplusout.rdd
-rw-rw-rw- 1 root root  516564 Sep 25 16:40 eplustbl.htm
-rw-rw-rw- 1 root root      43 Sep 25 16:42 finished.job
-rw-rw-rw- 1 root root 4621243 Sep 25 16:39 in.idf
-rw-rw-rw- 1 root root    8425 Sep 25 16:42 measure_attributes.json
-rw-rw-rw- 1 root root   27623 Sep 25 16:38 measures.osw
-rw-rw-rw- 1 root root       3 Sep 25 16:42 objectives.json
-rw-rw-rw- 1 root root    8425 Sep 25 16:42 results.json
-rw-rw-rw- 1 root root  866886 Sep 25 16:42 run.log
-rw-rw-rw- 1 root root      49 Sep 25 16:39 sqlite.err
-rw-rw-rw- 1 root root      42 Sep 25 16:38 started.job
-rw-rw-rw- 1 root root    2336 Sep 25 16:40 stdout-energyplus
-rw-rw-rw- 1 root root      91 Sep 25 16:39 stdout-expandobject
7.4M	data_point_afb922d0-c9e9-4aba-9d04-3669fc44b591/run
512K	data_point_afb922d0-c9e9-4aba-9d04-3669fc44b591/reports
30M	data_point_afb922d0-c9e9-4aba-9d04-3669fc44b591
Final files:
total 240
-rw-rw-rw- 1 root root   5490 Sep 25 16:42 afb922d0-c9e9-4aba-9d04-3669fc44b591.log
-rw-rw-rw- 1 root root  66975 Sep 25 16:38 analysis.json
-rw-rw-rw- 1 root root   1030 Sep 25 16:38 data_point.json
-rw-rw-rw- 1 root root   2841 Sep 25 16:38 data_point.osw
-rw-rw-rw- 1 root root 148130 Sep 25 16:42 out.osw
drwxrwxrwx 2 root root   4096 Sep 25 16:42 reports
drwxrwxrwx 2 root root   4096 Sep 25 16:42 run
total 1436
-rw-rw-r-- 1 root root 643763 Sep 25 16:42 data_point.zip
-rw-r--r-- 1 root root   2438 Sep 25 16:42 datapoint_final.log
-rw-r--r-- 1 root root  22481 Sep 25 16:37 datapoint_init.log
-rw-rw-rw- 1 root root 793291 Sep 25 16:42 enduse_timeseries.csv
1.5M	data_point_afb922d0-c9e9-4aba-9d04-3669fc44b591/run
512K	data_point_afb922d0-c9e9-4aba-9d04-3669fc44b591/reports
2.2M	data_point_afb922d0-c9e9-4aba-9d04-3669fc44b591
