Cleaning up data_point directory.
Original files:
total 21592
-rw-rw-rw- 1 root root    66975 Sep 25 16:35 analysis.json
-rw-rw-rw- 1 root root     1030 Sep 25 16:35 data_point.json
-rw-rw-rw- 1 root root     2841 Sep 25 16:35 data_point.osw
-rw-rw-rw- 1 root root     4385 Sep 25 16:39 e8ad2578-71be-4f3c-8705-1c48bb16c037.log
-rw-rw-rw- 1 root root  4567114 Sep 25 16:36 in.idf
-rw-rw-rw- 1 root root 17292945 Sep 25 16:36 in.osm
-rw-rw-rw- 1 root root   148759 Sep 25 16:39 out.osw
drwxrwxrwx 2 root root     4096 Sep 25 16:39 reports
drwxrwxrwx 2 root root     4096 Sep 25 16:39 run
total 7368
-rw-rw-r-- 1 root root  580641 Sep 25 16:39 data_point.zip
-rw-rw-rw- 1 root root    8373 Sep 25 16:39 data_point_out.json
-rw-r--r-- 1 root root     587 Sep 25 16:39 datapoint_final.log
-rw-rw-rw- 1 root root  786533 Sep 25 16:39 enduse_timeseries.csv
-rw-rw-rw- 1 root root      99 Sep 25 16:37 eplusout.end
-rw-rw-rw- 1 root root   35413 Sep 25 16:37 eplusout.err
-rw-rw-rw- 1 root root   52144 Sep 25 16:37 eplusout.mtd
-rw-rw-rw- 1 root root   48254 Sep 25 16:37 eplusout.rdd
-rw-rw-rw- 1 root root  491384 Sep 25 16:37 eplustbl.htm
-rw-rw-rw- 1 root root      43 Sep 25 16:39 finished.job
-rw-rw-rw- 1 root root 4567114 Sep 25 16:36 in.idf
-rw-rw-rw- 1 root root    8373 Sep 25 16:39 measure_attributes.json
-rw-rw-rw- 1 root root   26871 Sep 25 16:35 measures.osw
-rw-rw-rw- 1 root root       3 Sep 25 16:39 objectives.json
-rw-rw-rw- 1 root root    8373 Sep 25 16:39 results.json
-rw-rw-rw- 1 root root  865138 Sep 25 16:39 run.log
-rw-rw-rw- 1 root root      49 Sep 25 16:37 sqlite.err
-rw-rw-rw- 1 root root      42 Sep 25 16:35 started.job
-rw-rw-rw- 1 root root    2351 Sep 25 16:37 stdout-energyplus
-rw-rw-rw- 1 root root      91 Sep 25 16:37 stdout-expandobject
7.2M	data_point_e8ad2578-71be-4f3c-8705-1c48bb16c037/run
484K	data_point_e8ad2578-71be-4f3c-8705-1c48bb16c037/reports
29M	data_point_e8ad2578-71be-4f3c-8705-1c48bb16c037
Final files:
total 240
-rw-rw-rw- 1 root root  66975 Sep 25 16:35 analysis.json
-rw-rw-rw- 1 root root   1030 Sep 25 16:35 data_point.json
-rw-rw-rw- 1 root root   2841 Sep 25 16:35 data_point.osw
-rw-rw-rw- 1 root root   4385 Sep 25 16:39 e8ad2578-71be-4f3c-8705-1c48bb16c037.log
-rw-rw-rw- 1 root root 148759 Sep 25 16:39 out.osw
drwxrwxrwx 2 root root   4096 Sep 25 16:39 reports
drwxrwxrwx 2 root root   4096 Sep 25 16:39 run
total 1344
-rw-rw-r-- 1 root root 580641 Sep 25 16:39 data_point.zip
-rw-r--r-- 1 root root   2375 Sep 25 16:39 datapoint_final.log
-rw-rw-rw- 1 root root 786533 Sep 25 16:39 enduse_timeseries.csv
1.4M	data_point_e8ad2578-71be-4f3c-8705-1c48bb16c037/run
484K	data_point_e8ad2578-71be-4f3c-8705-1c48bb16c037/reports
2.1M	data_point_e8ad2578-71be-4f3c-8705-1c48bb16c037
