# Logfile created on 2017-09-25 16:35:42 +0000 by logger.rb/47272
[16:35:42.810962 INFO] Server host is http://web:80
[16:35:42.811035 INFO] Analysis directory is /mnt/openstudio/analysis_fe821d2c-df1e-4105-9ee6-6c7fef1463ae
[16:35:42.811090 INFO] Simulation directory is /mnt/openstudio/analysis_fe821d2c-df1e-4105-9ee6-6c7fef1463ae/data_point_e8ad2578-71be-4f3c-8705-1c48bb16c037
[16:35:42.811122 INFO] Run datapoint type/file is workflow
[16:35:42.811151 INFO] Starting initialize_worker for datapoint e8ad2578-71be-4f3c-8705-1c48bb16c037
[16:35:42.811209 INFO] receipt_file already exists, moving on
[16:35:42.900825 INFO] Downloading datapoint from http://web:80/data_points/e8ad2578-71be-4f3c-8705-1c48bb16c037.json
[16:35:42.974160 INFO] Creating Workflow Manager instance
[16:35:42.974254 INFO] Directory is /mnt/openstudio/analysis_fe821d2c-df1e-4105-9ee6-6c7fef1463ae/data_point_e8ad2578-71be-4f3c-8705-1c48bb16c037
[16:35:42.974316 INFO] Opening run.log file '/mnt/openstudio/analysis_fe821d2c-df1e-4105-9ee6-6c7fef1463ae/data_point_e8ad2578-71be-4f3c-8705-1c48bb16c037/run/run.log'
[16:35:42.983702 INFO] Running workflow
[16:39:21.668493 INFO] Final run state is finished
[16:39:21.691626 INFO] Saving files/reports back to the server
[16:39:21.691905 INFO] Saving report /mnt/openstudio/analysis_fe821d2c-df1e-4105-9ee6-6c7fef1463ae/data_point_e8ad2578-71be-4f3c-8705-1c48bb16c037/reports/eplustbl.html to http://web:80/data_points/e8ad2578-71be-4f3c-8705-1c48bb16c037/upload_file
[16:39:21.858077 INFO] Saving report responded with {"id":"59c93139a2321800d2ed579f","data_point_id":"e8ad2578-71be-4f3c-8705-1c48bb16c037","display_name":"eplustbl","type":"Report","created_at":"2017-09-25T16:39:21.823Z","updated_at":"2017-09-25T16:39:21.823Z"}
[16:39:21.858278 INFO] Saving report /mnt/openstudio/analysis_fe821d2c-df1e-4105-9ee6-6c7fef1463ae/data_point_e8ad2578-71be-4f3c-8705-1c48bb16c037/run/objectives.json to http://web:80/data_points/e8ad2578-71be-4f3c-8705-1c48bb16c037/upload_file
[16:39:21.883017 INFO] Saving report responded with {"id":"59c93139a2321800d2ed57a0","data_point_id":"e8ad2578-71be-4f3c-8705-1c48bb16c037","display_name":"objectives","type":"Report","created_at":"2017-09-25T16:39:21.874Z","updated_at":"2017-09-25T16:39:21.874Z"}
[16:39:21.883228 INFO] Saving report /mnt/openstudio/analysis_fe821d2c-df1e-4105-9ee6-6c7fef1463ae/data_point_e8ad2578-71be-4f3c-8705-1c48bb16c037/out.osw to http://web:80/data_points/e8ad2578-71be-4f3c-8705-1c48bb16c037/upload_file
[16:39:21.908836 INFO] Saving report responded with {"id":"59c93139a2321800d2ed57a1","data_point_id":"e8ad2578-71be-4f3c-8705-1c48bb16c037","display_name":"Final OSW File","type":"Report","created_at":"2017-09-25T16:39:21.900Z","updated_at":"2017-09-25T16:39:21.900Z"}
[16:39:21.909048 INFO] Saving report /mnt/openstudio/analysis_fe821d2c-df1e-4105-9ee6-6c7fef1463ae/data_point_e8ad2578-71be-4f3c-8705-1c48bb16c037/in.osm to http://web:80/data_points/e8ad2578-71be-4f3c-8705-1c48bb16c037/upload_file
[16:39:22.530002 INFO] Saving report responded with {"id":"59c9313aa2321800d2ed57a2","data_point_id":"e8ad2578-71be-4f3c-8705-1c48bb16c037","display_name":"model","type":"OpenStudio Model","created_at":"2017-09-25T16:39:22.451Z","updated_at":"2017-09-25T16:39:22.451Z"}
[16:39:22.530288 INFO] Saving report /mnt/openstudio/analysis_fe821d2c-df1e-4105-9ee6-6c7fef1463ae/data_point_e8ad2578-71be-4f3c-8705-1c48bb16c037/run/data_point.zip to http://web:80/data_points/e8ad2578-71be-4f3c-8705-1c48bb16c037/upload_file
[16:39:22.596553 INFO] Saving report responded with {"id":"59c9313aa2321800d2ed57a3","data_point_id":"e8ad2578-71be-4f3c-8705-1c48bb16c037","display_name":"Zip File","type":"Data Point","created_at":"2017-09-25T16:39:22.585Z","updated_at":"2017-09-25T16:39:22.585Z"}
[16:39:22.596980 INFO] Found data point finalization file datapoint_final.sh.
[16:39:22.597147 INFO] Preparing to run finalization script /mnt/openstudio/analysis_fe821d2c-df1e-4105-9ee6-6c7fef1463ae/scripts/worker_finalization/datapoint_final.sh
[16:39:22.597505 INFO] Looking for argument file /mnt/openstudio/analysis_fe821d2c-df1e-4105-9ee6-6c7fef1463ae/scripts/worker_finalization/datapoint_final.args
[16:39:22.597578 INFO] argument file exists /mnt/openstudio/analysis_fe821d2c-df1e-4105-9ee6-6c7fef1463ae/scripts/worker_finalization/datapoint_final.args
[16:39:22.597808 INFO] arguments are []
[16:39:22.656653 INFO] Script returned with exit code 0 of class Fixnum
[16:39:22.657015 INFO] Saving report /mnt/openstudio/analysis_fe821d2c-df1e-4105-9ee6-6c7fef1463ae/data_point_e8ad2578-71be-4f3c-8705-1c48bb16c037/run/datapoint_final.log to http://web:80/data_points/e8ad2578-71be-4f3c-8705-1c48bb16c037/upload_file
[16:39:22.705681 INFO] Saving report responded with {"id":"59c9313aa2321800d2ed57a4","data_point_id":"e8ad2578-71be-4f3c-8705-1c48bb16c037","display_name":"Finalization Script Log","type":"Report","created_at":"2017-09-25T16:39:22.688Z","updated_at":"2017-09-25T16:39:22.688Z"}
[16:39:22.714780 INFO] Finished /opt/openstudio/server/app/workers/run_simulate_data_point.rb
