# Logfile created on 2017-09-25 16:40:39 +0000 by logger.rb/47272
[16:40:39.646632 INFO] Server host is http://web:80
[16:40:39.646727 INFO] Analysis directory is /mnt/openstudio/analysis_fe821d2c-df1e-4105-9ee6-6c7fef1463ae
[16:40:39.646812 INFO] Simulation directory is /mnt/openstudio/analysis_fe821d2c-df1e-4105-9ee6-6c7fef1463ae/data_point_b463b476-1141-4288-a8a7-5f0477c3824f
[16:40:39.646862 INFO] Run datapoint type/file is workflow
[16:40:39.646922 INFO] Starting initialize_worker for datapoint b463b476-1141-4288-a8a7-5f0477c3824f
[16:40:39.647018 INFO] receipt_file already exists, moving on
[16:40:39.655896 INFO] Downloading datapoint from http://web:80/data_points/b463b476-1141-4288-a8a7-5f0477c3824f.json
[16:40:39.673452 INFO] Creating Workflow Manager instance
[16:40:39.673550 INFO] Directory is /mnt/openstudio/analysis_fe821d2c-df1e-4105-9ee6-6c7fef1463ae/data_point_b463b476-1141-4288-a8a7-5f0477c3824f
[16:40:39.673633 INFO] Opening run.log file '/mnt/openstudio/analysis_fe821d2c-df1e-4105-9ee6-6c7fef1463ae/data_point_b463b476-1141-4288-a8a7-5f0477c3824f/run/run.log'
[16:40:39.694546 INFO] Running workflow
[16:45:57.903834 INFO] Final run state is finished
[16:45:57.934300 INFO] Saving files/reports back to the server
[16:45:57.934690 INFO] Saving report /mnt/openstudio/analysis_fe821d2c-df1e-4105-9ee6-6c7fef1463ae/data_point_b463b476-1141-4288-a8a7-5f0477c3824f/reports/eplustbl.html to http://web:80/data_points/b463b476-1141-4288-a8a7-5f0477c3824f/upload_file
[16:45:57.977217 INFO] Saving report responded with {"id":"59c93263a2321800caed5d84","data_point_id":"b463b476-1141-4288-a8a7-5f0477c3824f","display_name":"eplustbl","type":"Report","created_at":"2017-09-25T16:44:19.829Z","updated_at":"2017-09-25T16:44:19.829Z"}
[16:45:57.977560 INFO] Saving report /mnt/openstudio/analysis_fe821d2c-df1e-4105-9ee6-6c7fef1463ae/data_point_b463b476-1141-4288-a8a7-5f0477c3824f/run/objectives.json to http://web:80/data_points/b463b476-1141-4288-a8a7-5f0477c3824f/upload_file
[16:45:58.001784 INFO] Saving report responded with {"id":"59c93263a2321800caed5d85","data_point_id":"b463b476-1141-4288-a8a7-5f0477c3824f","display_name":"objectives","type":"Report","created_at":"2017-09-25T16:44:19.853Z","updated_at":"2017-09-25T16:44:19.853Z"}
[16:45:58.002085 INFO] Saving report /mnt/openstudio/analysis_fe821d2c-df1e-4105-9ee6-6c7fef1463ae/data_point_b463b476-1141-4288-a8a7-5f0477c3824f/out.osw to http://web:80/data_points/b463b476-1141-4288-a8a7-5f0477c3824f/upload_file
[16:45:58.031836 INFO] Saving report responded with {"id":"59c93263a2321800caed5d86","data_point_id":"b463b476-1141-4288-a8a7-5f0477c3824f","display_name":"Final OSW File","type":"Report","created_at":"2017-09-25T16:44:19.884Z","updated_at":"2017-09-25T16:44:19.884Z"}
[16:45:58.032140 INFO] Saving report /mnt/openstudio/analysis_fe821d2c-df1e-4105-9ee6-6c7fef1463ae/data_point_b463b476-1141-4288-a8a7-5f0477c3824f/in.osm to http://web:80/data_points/b463b476-1141-4288-a8a7-5f0477c3824f/upload_file
[16:45:59.298400 INFO] Saving report responded with {"id":"59c93264a2321800caed5d87","data_point_id":"b463b476-1141-4288-a8a7-5f0477c3824f","display_name":"model","type":"OpenStudio Model","created_at":"2017-09-25T16:44:20.758Z","updated_at":"2017-09-25T16:44:20.758Z"}
[16:45:59.298737 INFO] Saving report /mnt/openstudio/analysis_fe821d2c-df1e-4105-9ee6-6c7fef1463ae/data_point_b463b476-1141-4288-a8a7-5f0477c3824f/run/data_point.zip to http://web:80/data_points/b463b476-1141-4288-a8a7-5f0477c3824f/upload_file
[16:45:59.433396 INFO] Saving report responded with {"id":"59c93265a2321800caed5d88","data_point_id":"b463b476-1141-4288-a8a7-5f0477c3824f","display_name":"Zip File","type":"Data Point","created_at":"2017-09-25T16:44:21.199Z","updated_at":"2017-09-25T16:44:21.199Z"}
[16:45:59.433810 INFO] Found data point finalization file datapoint_final.sh.
[16:45:59.433957 INFO] Preparing to run finalization script /mnt/openstudio/analysis_fe821d2c-df1e-4105-9ee6-6c7fef1463ae/scripts/worker_finalization/datapoint_final.sh
[16:45:59.434170 INFO] Looking for argument file /mnt/openstudio/analysis_fe821d2c-df1e-4105-9ee6-6c7fef1463ae/scripts/worker_finalization/datapoint_final.args
[16:45:59.434219 INFO] argument file exists /mnt/openstudio/analysis_fe821d2c-df1e-4105-9ee6-6c7fef1463ae/scripts/worker_finalization/datapoint_final.args
[16:45:59.434294 INFO] arguments are []
[16:45:59.494358 INFO] Script returned with exit code 0 of class Fixnum
[16:45:59.494678 INFO] Saving report /mnt/openstudio/analysis_fe821d2c-df1e-4105-9ee6-6c7fef1463ae/data_point_b463b476-1141-4288-a8a7-5f0477c3824f/run/datapoint_final.log to http://web:80/data_points/b463b476-1141-4288-a8a7-5f0477c3824f/upload_file
[16:45:59.736971 INFO] Saving report responded with {"id":"59c93265a2321800caed5d89","data_point_id":"b463b476-1141-4288-a8a7-5f0477c3824f","display_name":"Finalization Script Log","type":"Report","created_at":"2017-09-25T16:44:21.371Z","updated_at":"2017-09-25T16:44:21.371Z"}
[16:45:59.746730 INFO] Finished /opt/openstudio/server/app/workers/run_simulate_data_point.rb
