Cleaning up data_point directory.
Original files:
total 21964
-rw-rw-rw- 1 root root    66975 Sep 25 16:40 analysis.json
-rw-rw-rw- 1 root root     4385 Sep 25 16:45 b463b476-1141-4288-a8a7-5f0477c3824f.log
-rw-rw-rw- 1 root root     1030 Sep 25 16:40 data_point.json
-rw-rw-rw- 1 root root     2841 Sep 25 16:40 data_point.osw
-rw-rw-rw- 1 root root  4880150 Sep 25 16:42 in.idf
-rw-rw-rw- 1 root root 17355059 Sep 25 16:42 in.osm
-rw-rw-rw- 1 root root   154640 Sep 25 16:45 out.osw
drwxrwxrwx 2 root root     4096 Sep 25 16:45 reports
drwxrwxrwx 2 root root     4096 Sep 25 16:45 run
total 7880
-rw-rw-r-- 1 root root  665533 Sep 25 16:45 data_point.zip
-rw-rw-rw- 1 root root    8457 Sep 25 16:45 data_point_out.json
-rw-r--r-- 1 root root     587 Sep 25 16:45 datapoint_final.log
-rw-rw-rw- 1 root root  872392 Sep 25 16:45 enduse_timeseries.csv
-rw-rw-rw- 1 root root     102 Sep 25 16:44 eplusout.end
-rw-rw-rw- 1 root root   33997 Sep 25 16:44 eplusout.err
-rw-rw-rw- 1 root root   60330 Sep 25 16:44 eplusout.mtd
-rw-rw-rw- 1 root root   54652 Sep 25 16:43 eplusout.rdd
-rw-rw-rw- 1 root root  519890 Sep 25 16:44 eplustbl.htm
-rw-rw-rw- 1 root root      43 Sep 25 16:45 finished.job
-rw-rw-rw- 1 root root 4880150 Sep 25 16:42 in.idf
-rw-rw-rw- 1 root root    8457 Sep 25 16:45 measure_attributes.json
-rw-rw-rw- 1 root root   27505 Sep 25 16:40 measures.osw
-rw-rw-rw- 1 root root       3 Sep 25 16:45 objectives.json
-rw-rw-rw- 1 root root    8457 Sep 25 16:45 results.json
-rw-rw-rw- 1 root root  872446 Sep 25 16:45 run.log
-rw-rw-rw- 1 root root      49 Sep 25 16:43 sqlite.err
-rw-rw-rw- 1 root root      42 Sep 25 16:40 started.job
-rw-rw-rw- 1 root root    2336 Sep 25 16:44 stdout-energyplus
-rw-rw-rw- 1 root root      91 Sep 25 16:43 stdout-expandobject
512K	data_point_b463b476-1141-4288-a8a7-5f0477c3824f/reports
7.7M	data_point_b463b476-1141-4288-a8a7-5f0477c3824f/run
30M	data_point_b463b476-1141-4288-a8a7-5f0477c3824f
Final files:
total 244
-rw-rw-rw- 1 root root  66975 Sep 25 16:40 analysis.json
-rw-rw-rw- 1 root root   4385 Sep 25 16:45 b463b476-1141-4288-a8a7-5f0477c3824f.log
-rw-rw-rw- 1 root root   1030 Sep 25 16:40 data_point.json
-rw-rw-rw- 1 root root   2841 Sep 25 16:40 data_point.osw
-rw-rw-rw- 1 root root 154640 Sep 25 16:45 out.osw
drwxrwxrwx 2 root root   4096 Sep 25 16:45 reports
drwxrwxrwx 2 root root   4096 Sep 25 16:45 run
total 1508
-rw-rw-r-- 1 root root 665533 Sep 25 16:45 data_point.zip
-rw-r--r-- 1 root root   2375 Sep 25 16:45 datapoint_final.log
-rw-rw-rw- 1 root root 872392 Sep 25 16:45 enduse_timeseries.csv
512K	data_point_b463b476-1141-4288-a8a7-5f0477c3824f/reports
1.5M	data_point_b463b476-1141-4288-a8a7-5f0477c3824f/run
2.3M	data_point_b463b476-1141-4288-a8a7-5f0477c3824f
