Cleaning up data_point directory.
Original files:
total 21616
-rw-rw-rw- 1 root root    66975 Sep 25 16:41 analysis.json
-rw-rw-rw- 1 root root     1030 Sep 25 16:41 data_point.json
-rw-rw-rw- 1 root root     2841 Sep 25 16:41 data_point.osw
-rw-rw-rw- 1 root root     5490 Sep 25 16:46 e42e4532-dcf2-4052-a9c6-4ad397f50f1a.log
-rw-rw-rw- 1 root root  4585273 Sep 25 16:44 in.idf
-rw-rw-rw- 1 root root 17309119 Sep 25 16:43 in.osm
-rw-rw-rw- 1 root root   141919 Sep 25 16:46 out.osw
drwxrwxrwx 2 root root     4096 Sep 25 16:46 reports
drwxrwxrwx 2 root root     4096 Sep 25 16:46 run
total 7468
-rw-rw-r-- 1 root root  642810 Sep 25 16:46 data_point.zip
-rw-rw-rw- 1 root root    8408 Sep 25 16:46 data_point_out.json
-rw-r--r-- 1 root root     587 Sep 25 16:46 datapoint_final.log
-rw-r--r-- 1 root root   22323 Sep 25 16:41 datapoint_init.log
-rw-rw-rw- 1 root root  859227 Sep 25 16:46 enduse_timeseries.csv
-rw-rw-rw- 1 root root      99 Sep 25 16:45 eplusout.end
-rw-rw-rw- 1 root root   32807 Sep 25 16:45 eplusout.err
-rw-rw-rw- 1 root root   53918 Sep 25 16:45 eplusout.mtd
-rw-rw-rw- 1 root root   55614 Sep 25 16:44 eplusout.rdd
-rw-rw-rw- 1 root root  416420 Sep 25 16:45 eplustbl.htm
-rw-rw-rw- 1 root root      43 Sep 25 16:46 finished.job
-rw-rw-rw- 1 root root 4585273 Sep 25 16:44 in.idf
-rw-rw-rw- 1 root root    8408 Sep 25 16:46 measure_attributes.json
-rw-rw-rw- 1 root root   27641 Sep 25 16:41 measures.osw
-rw-rw-rw- 1 root root       3 Sep 25 16:46 objectives.json
-rw-rw-rw- 1 root root    8408 Sep 25 16:46 results.json
-rw-rw-rw- 1 root root  860640 Sep 25 16:46 run.log
-rw-rw-rw- 1 root root      49 Sep 25 16:44 sqlite.err
-rw-rw-rw- 1 root root      42 Sep 25 16:41 started.job
-rw-rw-rw- 1 root root    2336 Sep 25 16:45 stdout-energyplus
-rw-rw-rw- 1 root root      91 Sep 25 16:44 stdout-expandobject
412K	data_point_e42e4532-dcf2-4052-a9c6-4ad397f50f1a/reports
7.3M	data_point_e42e4532-dcf2-4052-a9c6-4ad397f50f1a/run
29M	data_point_e42e4532-dcf2-4052-a9c6-4ad397f50f1a
Final files:
total 232
-rw-rw-rw- 1 root root  66975 Sep 25 16:41 analysis.json
-rw-rw-rw- 1 root root   1030 Sep 25 16:41 data_point.json
-rw-rw-rw- 1 root root   2841 Sep 25 16:41 data_point.osw
-rw-rw-rw- 1 root root   5490 Sep 25 16:46 e42e4532-dcf2-4052-a9c6-4ad397f50f1a.log
-rw-rw-rw- 1 root root 141919 Sep 25 16:46 out.osw
drwxrwxrwx 2 root root   4096 Sep 25 16:46 reports
drwxrwxrwx 2 root root   4096 Sep 25 16:46 run
total 1496
-rw-rw-r-- 1 root root 642810 Sep 25 16:46 data_point.zip
-rw-r--r-- 1 root root   2438 Sep 25 16:46 datapoint_final.log
-rw-r--r-- 1 root root  22323 Sep 25 16:41 datapoint_init.log
-rw-rw-rw- 1 root root 859227 Sep 25 16:46 enduse_timeseries.csv
412K	data_point_e42e4532-dcf2-4052-a9c6-4ad397f50f1a/reports
1.5M	data_point_e42e4532-dcf2-4052-a9c6-4ad397f50f1a/run
2.1M	data_point_e42e4532-dcf2-4052-a9c6-4ad397f50f1a
