# Logfile created on 2017-09-25 16:37:53 +0000 by logger.rb/47272
[16:37:53.673547 INFO] Server host is http://web:80
[16:37:53.673663 INFO] Analysis directory is /mnt/openstudio/analysis_fe821d2c-df1e-4105-9ee6-6c7fef1463ae
[16:37:53.673757 INFO] Simulation directory is /mnt/openstudio/analysis_fe821d2c-df1e-4105-9ee6-6c7fef1463ae/data_point_e42e4532-dcf2-4052-a9c6-4ad397f50f1a
[16:37:53.673803 INFO] Run datapoint type/file is workflow
[16:37:53.673845 INFO] Starting initialize_worker for datapoint e42e4532-dcf2-4052-a9c6-4ad397f50f1a
[16:37:53.674064 INFO] Downloading analysis zip from http://web:80/analyses/fe821d2c-df1e-4105-9ee6-6c7fef1463ae/download_analysis_zip
[16:39:00.652984 INFO] Extracting analysis zip to /mnt/openstudio/analysis_fe821d2c-df1e-4105-9ee6-6c7fef1463ae
[16:39:03.789555 INFO] Downloading analysis.json from http://web:80/analyses/fe821d2c-df1e-4105-9ee6-6c7fef1463ae.json
[16:39:43.855440 INFO] Found data point initialization file datapoint_init.sh.
[16:39:43.886391 INFO] Preparing to run initialization script /mnt/openstudio/analysis_fe821d2c-df1e-4105-9ee6-6c7fef1463ae/scripts/worker_initialization/datapoint_init.sh
[16:39:43.897702 INFO] Looking for argument file /mnt/openstudio/analysis_fe821d2c-df1e-4105-9ee6-6c7fef1463ae/scripts/worker_initialization/datapoint_init.args
[16:39:43.897786 INFO] argument file exists /mnt/openstudio/analysis_fe821d2c-df1e-4105-9ee6-6c7fef1463ae/scripts/worker_initialization/datapoint_init.args
[16:39:43.897999 INFO] arguments are ["https://s3.amazonaws.com/epwweatherfiles/project_resstock_efs.zip"]
[16:41:16.292800 INFO] Script returned with exit code 0 of class Fixnum
[16:41:16.293010 INFO] Finished worker initialization
[16:41:16.305181 INFO] Downloading datapoint from http://web:80/data_points/e42e4532-dcf2-4052-a9c6-4ad397f50f1a.json
[16:41:16.327198 INFO] Creating Workflow Manager instance
[16:41:16.327306 INFO] Directory is /mnt/openstudio/analysis_fe821d2c-df1e-4105-9ee6-6c7fef1463ae/data_point_e42e4532-dcf2-4052-a9c6-4ad397f50f1a
[16:41:16.327402 INFO] Opening run.log file '/mnt/openstudio/analysis_fe821d2c-df1e-4105-9ee6-6c7fef1463ae/data_point_e42e4532-dcf2-4052-a9c6-4ad397f50f1a/run/run.log'
[16:41:16.423426 INFO] Running workflow
[16:46:52.691524 INFO] Final run state is finished
[16:46:52.723074 INFO] Saving files/reports back to the server
[16:46:52.723388 INFO] Saving report /mnt/openstudio/analysis_fe821d2c-df1e-4105-9ee6-6c7fef1463ae/data_point_e42e4532-dcf2-4052-a9c6-4ad397f50f1a/reports/eplustbl.html to http://web:80/data_points/e42e4532-dcf2-4052-a9c6-4ad397f50f1a/upload_file
[16:46:53.151920 INFO] Saving report responded with {"id":"59c9329aa2321800e4ed52e8","data_point_id":"e42e4532-dcf2-4052-a9c6-4ad397f50f1a","display_name":"eplustbl","type":"Report","created_at":"2017-09-25T16:45:14.649Z","updated_at":"2017-09-25T16:45:14.649Z"}
[16:46:53.152489 INFO] Saving report /mnt/openstudio/analysis_fe821d2c-df1e-4105-9ee6-6c7fef1463ae/data_point_e42e4532-dcf2-4052-a9c6-4ad397f50f1a/run/objectives.json to http://web:80/data_points/e42e4532-dcf2-4052-a9c6-4ad397f50f1a/upload_file
[16:46:53.652488 INFO] Saving report responded with {"id":"59c9329ba2321800dced546a","data_point_id":"e42e4532-dcf2-4052-a9c6-4ad397f50f1a","display_name":"objectives","type":"Report","created_at":"2017-09-25T16:45:15.444Z","updated_at":"2017-09-25T16:45:15.444Z"}
[16:46:53.652683 INFO] Saving report /mnt/openstudio/analysis_fe821d2c-df1e-4105-9ee6-6c7fef1463ae/data_point_e42e4532-dcf2-4052-a9c6-4ad397f50f1a/out.osw to http://web:80/data_points/e42e4532-dcf2-4052-a9c6-4ad397f50f1a/upload_file
[16:46:53.789154 INFO] Saving report responded with {"id":"59c9329ba2321800dced546b","data_point_id":"e42e4532-dcf2-4052-a9c6-4ad397f50f1a","display_name":"Final OSW File","type":"Report","created_at":"2017-09-25T16:45:15.562Z","updated_at":"2017-09-25T16:45:15.562Z"}
[16:46:53.789414 INFO] Saving report /mnt/openstudio/analysis_fe821d2c-df1e-4105-9ee6-6c7fef1463ae/data_point_e42e4532-dcf2-4052-a9c6-4ad397f50f1a/in.osm to http://web:80/data_points/e42e4532-dcf2-4052-a9c6-4ad397f50f1a/upload_file
[16:46:55.715149 INFO] Saving report responded with {"id":"59c9329ca2321800dced546c","data_point_id":"e42e4532-dcf2-4052-a9c6-4ad397f50f1a","display_name":"model","type":"OpenStudio Model","created_at":"2017-09-25T16:45:16.919Z","updated_at":"2017-09-25T16:45:16.919Z"}
[16:46:55.715472 INFO] Saving report /mnt/openstudio/analysis_fe821d2c-df1e-4105-9ee6-6c7fef1463ae/data_point_e42e4532-dcf2-4052-a9c6-4ad397f50f1a/run/data_point.zip to http://web:80/data_points/e42e4532-dcf2-4052-a9c6-4ad397f50f1a/upload_file
[16:46:56.085255 INFO] Saving report responded with {"id":"59c9329da2321800dced546d","data_point_id":"e42e4532-dcf2-4052-a9c6-4ad397f50f1a","display_name":"Zip File","type":"Data Point","created_at":"2017-09-25T16:45:17.764Z","updated_at":"2017-09-25T16:45:17.764Z"}
[16:46:56.085811 INFO] Found data point finalization file datapoint_final.sh.
[16:46:56.085961 INFO] Preparing to run finalization script /mnt/openstudio/analysis_fe821d2c-df1e-4105-9ee6-6c7fef1463ae/scripts/worker_finalization/datapoint_final.sh
[16:46:56.100229 INFO] Looking for argument file /mnt/openstudio/analysis_fe821d2c-df1e-4105-9ee6-6c7fef1463ae/scripts/worker_finalization/datapoint_final.args
[16:46:56.100319 INFO] argument file exists /mnt/openstudio/analysis_fe821d2c-df1e-4105-9ee6-6c7fef1463ae/scripts/worker_finalization/datapoint_final.args
[16:46:56.111300 INFO] arguments are []
[16:46:56.168195 INFO] Script returned with exit code 0 of class Fixnum
[16:46:56.168572 INFO] Saving report /mnt/openstudio/analysis_fe821d2c-df1e-4105-9ee6-6c7fef1463ae/data_point_e42e4532-dcf2-4052-a9c6-4ad397f50f1a/run/datapoint_final.log to http://web:80/data_points/e42e4532-dcf2-4052-a9c6-4ad397f50f1a/upload_file
[16:46:56.663542 INFO] Saving report responded with {"id":"59c9329ea2321800e4ed52eb","data_point_id":"e42e4532-dcf2-4052-a9c6-4ad397f50f1a","display_name":"Finalization Script Log","type":"Report","created_at":"2017-09-25T16:45:18.094Z","updated_at":"2017-09-25T16:45:18.094Z"}
[16:46:56.671575 INFO] Finished /opt/openstudio/server/app/workers/run_simulate_data_point.rb
