2023-08-16 16:39:25,604 - INFO - After duct correction, housing characteristics for 56 / 1124 buildings in baseline are changed: 
2023-08-16 16:39:25,604 - INFO - Note: self=original, other=new. NAN values represent no change.
2023-08-16 16:39:25,608 - INFO - 
            build_existing_model.hvac_has_ducts       build_existing_model.hvac_heating_type                     build_existing_model.hvac_cooling_type                  
                                           self other                                   self               other                                   self             other
building_id                                                                                                                                                              
7725                                        NaN   NaN                         Ducted Heating  Non-Ducted Heating                             Central AC  Fan Coil Cooling
9858                                        NaN   NaN                         Ducted Heating  Non-Ducted Heating                                    NaN               NaN
16307                                       NaN   NaN                         Ducted Heating  Non-Ducted Heating                                    NaN               NaN
29602                                       Yes    No                       Ducted Heat Pump  Non-Ducted Heating                                    NaN               NaN
42867                                       NaN   NaN                         Ducted Heating  Non-Ducted Heating                             Central AC  Fan Coil Cooling
49684                                       NaN   NaN                         Ducted Heating  Non-Ducted Heating                                    NaN               NaN
54312                                       NaN   NaN                       Ducted Heat Pump  Non-Ducted Heating                              Heat Pump  Fan Coil Cooling
62524                                       NaN   NaN                                    NaN                 NaN                             Central AC  Fan Coil Cooling
104602                                      NaN   NaN                         Ducted Heating  Non-Ducted Heating                                    NaN               NaN
120551                                      NaN   NaN                         Ducted Heating  Non-Ducted Heating                                    NaN               NaN
122843                                      NaN   NaN                       Ducted Heat Pump  Non-Ducted Heating                              Heat Pump  Fan Coil Cooling
137277                                      NaN   NaN                         Ducted Heating  Non-Ducted Heating                             Central AC  Fan Coil Cooling
156067                                      NaN   NaN                         Ducted Heating  Non-Ducted Heating                             Central AC  Fan Coil Cooling
170084                                      NaN   NaN                         Ducted Heating  Non-Ducted Heating                             Central AC  Fan Coil Cooling
175299                                      NaN   NaN                         Ducted Heating  Non-Ducted Heating                             Central AC  Fan Coil Cooling
184612                                      Yes    No                         Ducted Heating  Non-Ducted Heating                                    NaN               NaN
185613                                      NaN   NaN                                    NaN                 NaN                             Central AC  Fan Coil Cooling
214436                                      NaN   NaN                         Ducted Heating  Non-Ducted Heating                             Central AC  Fan Coil Cooling
223556                                      NaN   NaN                         Ducted Heating  Non-Ducted Heating                             Central AC  Fan Coil Cooling
228965                                      NaN   NaN                                    NaN                 NaN                             Central AC  Fan Coil Cooling
234180                                      NaN   NaN                         Ducted Heating  Non-Ducted Heating                             Central AC  Fan Coil Cooling
243609                                      NaN   NaN                         Ducted Heating  Non-Ducted Heating                             Central AC  Fan Coil Cooling
245845                                      NaN   NaN                       Ducted Heat Pump  Non-Ducted Heating                              Heat Pump  Fan Coil Cooling
253207                                      NaN   NaN                         Ducted Heating  Non-Ducted Heating                             Central AC  Fan Coil Cooling
270156                                      Yes    No                         Ducted Heating  Non-Ducted Heating                                    NaN               NaN
279220                                      NaN   NaN                         Ducted Heating  Non-Ducted Heating                                    NaN               NaN
282383                                      NaN   NaN                         Ducted Heating  Non-Ducted Heating                             Central AC  Fan Coil Cooling
290931                                      NaN   NaN                                    NaN                 NaN                             Central AC  Fan Coil Cooling
303812                                      NaN   NaN                                    NaN                 NaN                             Central AC  Fan Coil Cooling
307939                                      NaN   NaN                         Ducted Heating  Non-Ducted Heating                             Central AC  Fan Coil Cooling
320958                                      NaN   NaN                         Ducted Heating  Non-Ducted Heating                             Central AC  Fan Coil Cooling
330730                                      NaN   NaN                         Ducted Heating  Non-Ducted Heating                             Central AC  Fan Coil Cooling
332552                                      NaN   NaN                       Ducted Heat Pump  Non-Ducted Heating                              Heat Pump  Fan Coil Cooling
333354                                      NaN   NaN                       Ducted Heat Pump  Non-Ducted Heating                              Heat Pump  Fan Coil Cooling
346340                                      Yes    No                       Ducted Heat Pump  Non-Ducted Heating                                    NaN               NaN
366617                                      NaN   NaN                       Ducted Heat Pump  Non-Ducted Heating                              Heat Pump  Fan Coil Cooling
376833                                      NaN   NaN                         Ducted Heating  Non-Ducted Heating                             Central AC  Fan Coil Cooling
379125                                      NaN   NaN                         Ducted Heating  Non-Ducted Heating                                    NaN               NaN
392929                                      NaN   NaN                                    NaN                 NaN                             Central AC  Fan Coil Cooling
403104                                      NaN   NaN                       Ducted Heat Pump  Non-Ducted Heating                              Heat Pump  Fan Coil Cooling
403735                                      NaN   NaN                       Ducted Heat Pump  Non-Ducted Heating                              Heat Pump  Fan Coil Cooling
411464                                      Yes    No                         Ducted Heating  Non-Ducted Heating                                    NaN               NaN
415916                                      NaN   NaN                       Ducted Heat Pump  Non-Ducted Heating                              Heat Pump  Fan Coil Cooling
439717                                      NaN   NaN                         Ducted Heating  Non-Ducted Heating                             Central AC  Fan Coil Cooling
466575                                      NaN   NaN                         Ducted Heating  Non-Ducted Heating                             Central AC  Fan Coil Cooling
493562                                      NaN   NaN                         Ducted Heating  Non-Ducted Heating                                    NaN               NaN
494771                                      NaN   NaN                                    NaN                 NaN                             Central AC  Fan Coil Cooling
499834                                      NaN   NaN                                    NaN                 NaN                             Central AC  Fan Coil Cooling
501604                                      NaN   NaN                         Ducted Heating  Non-Ducted Heating                             Central AC  Fan Coil Cooling
502734                                      NaN   NaN                         Ducted Heating  Non-Ducted Heating                                    NaN               NaN
503528                                      NaN   NaN                         Ducted Heating  Non-Ducted Heating                             Central AC  Fan Coil Cooling
506066                                      NaN   NaN                       Ducted Heat Pump  Non-Ducted Heating                              Heat Pump  Fan Coil Cooling
506309                                      NaN   NaN                                    NaN                 NaN                             Central AC  Fan Coil Cooling
507568                                      Yes    No                       Ducted Heat Pump  Non-Ducted Heating                                    NaN               NaN
542444                                      NaN   NaN                         Ducted Heating  Non-Ducted Heating                                    NaN               NaN
544110                                      Yes    No                       Ducted Heat Pump  Non-Ducted Heating                                    NaN               NaN
2023-08-16 16:39:25,676 - INFO - Baseline fle updated and saved to: /Users/lliu2/Documents/GitHub/resstock/euss_cleap/data_/community_building_samples/north_birmingham
2023-08-16 16:39:25,707 - INFO - 
2023-08-16 16:39:25,707 - INFO - =====================================================================================
2023-08-16 16:39:25,707 - INFO - 
>> Recalculating duct sealing applicability and costs for upgrade_no = 1...
2023-08-16 16:39:25,725 - INFO - Updating 150 upgrade_costs.option_05_cost_usd from ['30% Leakage, R-4', '30% Leakage, R-6']
2023-08-16 16:39:25,726 - INFO - 2 new_cost=0 found:
building_id
346340    0.0
544110    0.0
Name: duct_total_surface_area, dtype: float64
2023-08-16 16:39:25,726 - INFO -             build_existing_model.hvac_has_ducts  duct_total_surface_area  ... build_existing_model.hvac_cooling_efficiency build_existing_model.hvac_shared_efficiencies
building_id                                                               ...                                                                                           
346340                                       No                      0.0  ...                                    Heat Pump   Boiler Baseboards Heating Only, Electricity
544110                                       No                      0.0  ...                                    Heat Pump   Boiler Baseboards Heating Only, Electricity

[2 rows x 6 columns]
2023-08-16 16:39:25,735 - INFO - Updating 27 upgrade_costs.option_06_cost_usd from ['30% Leakage, R-8']
2023-08-16 16:39:25,738 - INFO - Updating 409 upgrade_costs.option_07_cost_usd from ['20% Leakage, Uninsulated', '20% Leakage, R-4', '20% Leakage, R-6']
2023-08-16 16:39:25,739 - INFO - 2 new_cost=0 found:
building_id
29602     0.0
184612    0.0
Name: duct_total_surface_area, dtype: float64
2023-08-16 16:39:25,739 - INFO -             build_existing_model.hvac_has_ducts  duct_total_surface_area  ... build_existing_model.hvac_cooling_efficiency build_existing_model.hvac_shared_efficiencies
building_id                                                               ...                                                                                           
29602                                        No                      0.0  ...                                    Heat Pump   Boiler Baseboards Heating Only, Electricity
184612                                       No                      0.0  ...                             Room AC, EER 9.8   Boiler Baseboards Heating Only, Electricity

[2 rows x 6 columns]
2023-08-16 16:39:25,747 - INFO - Updating 45 upgrade_costs.option_08_cost_usd from ['20% Leakage, R-8']
2023-08-16 16:39:25,747 - INFO - 1 new_cost=0 found:
building_id
507568    0.0
Name: duct_total_surface_area, dtype: float64
2023-08-16 16:39:25,748 - INFO -             build_existing_model.hvac_has_ducts  duct_total_surface_area  ... build_existing_model.hvac_cooling_efficiency build_existing_model.hvac_shared_efficiencies
building_id                                                               ...                                                                                           
507568                                       No                      0.0  ...                                    Heat Pump   Boiler Baseboards Heating Only, Electricity

[1 rows x 6 columns]
2023-08-16 16:39:25,755 - INFO - Updating 243 upgrade_costs.option_09_cost_usd from ['10% Leakage, Uninsulated', '10% Leakage, R-4', '10% Leakage, R-6']
2023-08-16 16:39:25,755 - INFO - 1 new_cost=0 found:
building_id
411464    0.0
Name: duct_total_surface_area, dtype: float64
2023-08-16 16:39:25,756 - INFO -             build_existing_model.hvac_has_ducts  duct_total_surface_area  ... build_existing_model.hvac_cooling_efficiency build_existing_model.hvac_shared_efficiencies
building_id                                                               ...                                                                                           
411464                                       No                      0.0  ...                            Room AC, EER 10.7   Boiler Baseboards Heating Only, Natural Gas

[1 rows x 6 columns]
2023-08-16 16:39:25,763 - INFO - Dropping 1 / 6 building_id(s) whose content have been modified for duct correction.
[29602]
2023-08-16 16:39:25,763 - INFO - For these buildings, duct sealing was the only applicable component in the upgrade and it no longer applies after the correction.
2023-08-16 16:39:25,766 - INFO - After duct correction, dfu has reduced in size from 1107 to len(dfu2) rows.
2023-08-16 16:39:25,766 - INFO - Change in upgrade_costs.upgrade_cost_usd:
2023-08-16 16:39:25,767 - INFO - 
       Before Correction (excludes 0)  After Correction
count                     1051.000000       1106.000000
mean                      3920.272036       3916.285546
std                       3114.114772       3109.204459
min                        166.500000         55.411200
25%                       1322.110000       1249.153000
50%                       3501.400000       3376.249000
75%                       5861.930000       5804.489600
max                      31651.330000      31651.325600
2023-08-16 16:39:25,817 - INFO - Upgrade file updated and saved to: /Users/lliu2/Documents/GitHub/resstock/euss_cleap/data_/community_building_samples/north_birmingham/up01_duct_corrected.parquet
2023-08-16 16:39:25,849 - INFO - 
2023-08-16 16:39:25,849 - INFO - =====================================================================================
2023-08-16 16:39:25,849 - INFO - 
>> Recalculating duct sealing applicability and costs for upgrade_no = 2...
2023-08-16 16:39:25,866 - INFO - Updating 150 upgrade_costs.option_05_cost_usd from ['30% Leakage, R-4', '30% Leakage, R-6']
2023-08-16 16:39:25,867 - INFO - 2 new_cost=0 found:
building_id
346340    0.0
544110    0.0
Name: duct_total_surface_area, dtype: float64
2023-08-16 16:39:25,867 - INFO -             build_existing_model.hvac_has_ducts  duct_total_surface_area  ... build_existing_model.hvac_cooling_efficiency build_existing_model.hvac_shared_efficiencies
building_id                                                               ...                                                                                           
346340                                       No                      0.0  ...                                    Heat Pump   Boiler Baseboards Heating Only, Electricity
544110                                       No                      0.0  ...                                    Heat Pump   Boiler Baseboards Heating Only, Electricity

[2 rows x 6 columns]
2023-08-16 16:39:25,875 - INFO - Updating 27 upgrade_costs.option_06_cost_usd from ['30% Leakage, R-8']
2023-08-16 16:39:25,879 - INFO - Updating 409 upgrade_costs.option_07_cost_usd from ['20% Leakage, Uninsulated', '20% Leakage, R-4', '20% Leakage, R-6']
2023-08-16 16:39:25,879 - INFO - 2 new_cost=0 found:
building_id
29602     0.0
184612    0.0
Name: duct_total_surface_area, dtype: float64
2023-08-16 16:39:25,880 - INFO -             build_existing_model.hvac_has_ducts  duct_total_surface_area  ... build_existing_model.hvac_cooling_efficiency build_existing_model.hvac_shared_efficiencies
building_id                                                               ...                                                                                           
29602                                        No                      0.0  ...                                    Heat Pump   Boiler Baseboards Heating Only, Electricity
184612                                       No                      0.0  ...                             Room AC, EER 9.8   Boiler Baseboards Heating Only, Electricity

[2 rows x 6 columns]
2023-08-16 16:39:25,887 - INFO - Updating 45 upgrade_costs.option_08_cost_usd from ['20% Leakage, R-8']
2023-08-16 16:39:25,888 - INFO - 1 new_cost=0 found:
building_id
507568    0.0
Name: duct_total_surface_area, dtype: float64
2023-08-16 16:39:25,888 - INFO -             build_existing_model.hvac_has_ducts  duct_total_surface_area  ... build_existing_model.hvac_cooling_efficiency build_existing_model.hvac_shared_efficiencies
building_id                                                               ...                                                                                           
507568                                       No                      0.0  ...                                    Heat Pump   Boiler Baseboards Heating Only, Electricity

[1 rows x 6 columns]
2023-08-16 16:39:25,895 - INFO - Updating 243 upgrade_costs.option_09_cost_usd from ['10% Leakage, Uninsulated', '10% Leakage, R-4', '10% Leakage, R-6']
2023-08-16 16:39:25,896 - INFO - 1 new_cost=0 found:
building_id
411464    0.0
Name: duct_total_surface_area, dtype: float64
2023-08-16 16:39:25,896 - INFO -             build_existing_model.hvac_has_ducts  duct_total_surface_area  ... build_existing_model.hvac_cooling_efficiency build_existing_model.hvac_shared_efficiencies
building_id                                                               ...                                                                                           
411464                                       No                      0.0  ...                            Room AC, EER 10.7   Boiler Baseboards Heating Only, Natural Gas

[1 rows x 6 columns]
2023-08-16 16:39:25,903 - INFO - Dropping 0 / 6 building_id(s) whose content have been modified for duct correction.
[]
2023-08-16 16:39:25,903 - INFO - For these buildings, duct sealing was the only applicable component in the upgrade and it no longer applies after the correction.
2023-08-16 16:39:25,907 - INFO - After duct correction, dfu has reduced in size from 1114 to len(dfu2) rows.
2023-08-16 16:39:25,907 - INFO - Change in upgrade_costs.upgrade_cost_usd:
2023-08-16 16:39:25,908 - INFO - 
       Before Correction (excludes 0)  After Correction
count                     1066.000000       1114.000000
mean                      5527.687814       5479.103334
std                       4804.417834       4911.274080
min                        166.500000          0.000000
25%                       2072.520000       1918.725500
50%                       4852.155000       4677.204000
75%                       8142.080000       8079.544000
max                      72238.380000      83408.440800
2023-08-16 16:39:25,959 - INFO - Upgrade file updated and saved to: /Users/lliu2/Documents/GitHub/resstock/euss_cleap/data_/community_building_samples/north_birmingham/up02_duct_corrected.parquet
2023-08-16 16:39:25,990 - INFO - 
2023-08-16 16:39:25,991 - INFO - =====================================================================================
2023-08-16 16:39:25,991 - INFO - 
>> Recalculating duct sealing applicability and costs for upgrade_no = 3...
2023-08-16 16:39:26,011 - INFO - After duct correction, dfu has reduced in size from 1120 to len(dfu2) rows.
2023-08-16 16:39:26,013 - INFO - Change in upgrade_costs.upgrade_cost_usd:
2023-08-16 16:39:26,015 - INFO - 
       Before Correction (excludes 0)  After Correction
count                     1120.000000       1120.000000
mean                     11256.492750      11256.492750
std                       5712.534209       5712.534209
min                       4728.480000       4728.480000
25%                       7467.037500       7467.037500
50%                      10027.610000      10027.610000
75%                      13083.217500      13083.217500
max                      57364.710000      57364.710000
2023-08-16 16:39:26,073 - INFO - Upgrade file updated and saved to: /Users/lliu2/Documents/GitHub/resstock/euss_cleap/data_/community_building_samples/north_birmingham/up03_duct_corrected.parquet
2023-08-16 16:39:26,103 - INFO - 
2023-08-16 16:39:26,104 - INFO - =====================================================================================
2023-08-16 16:39:26,104 - INFO - 
>> Recalculating duct sealing applicability and costs for upgrade_no = 4...
2023-08-16 16:39:26,124 - INFO - After duct correction, dfu has reduced in size from 1120 to len(dfu2) rows.
2023-08-16 16:39:26,124 - INFO - Change in upgrade_costs.upgrade_cost_usd:
2023-08-16 16:39:26,125 - INFO - 
       Before Correction (excludes 0)  After Correction
count                     1120.000000       1120.000000
mean                     21411.764589      21411.764589
std                       4913.763211       4913.763211
min                       7433.250000       7433.250000
25%                      18120.340000      18120.340000
50%                      20865.415000      20865.415000
75%                      23975.675000      23975.675000
max                      54913.330000      54913.330000
2023-08-16 16:39:26,177 - INFO - Upgrade file updated and saved to: /Users/lliu2/Documents/GitHub/resstock/euss_cleap/data_/community_building_samples/north_birmingham/up04_duct_corrected.parquet
2023-08-16 16:39:26,207 - INFO - 
2023-08-16 16:39:26,207 - INFO - =====================================================================================
2023-08-16 16:39:26,207 - INFO - 
>> Recalculating duct sealing applicability and costs for upgrade_no = 5...
2023-08-16 16:39:26,229 - INFO - After duct correction, dfu has reduced in size from 1120 to len(dfu2) rows.
2023-08-16 16:39:26,229 - INFO - Change in upgrade_costs.upgrade_cost_usd:
2023-08-16 16:39:26,230 - INFO - 
       Before Correction (excludes 0)  After Correction
count                     1120.000000       1120.000000
mean                     11127.545018      11127.545018
std                       5664.279025       5664.279025
min                       4728.480000       4728.480000
25%                       7410.745000       7410.745000
50%                       9951.425000       9951.425000
75%                      12856.827500      12856.827500
max                      57364.710000      57364.710000
2023-08-16 16:39:26,282 - INFO - Upgrade file updated and saved to: /Users/lliu2/Documents/GitHub/resstock/euss_cleap/data_/community_building_samples/north_birmingham/up05_duct_corrected.parquet
2023-08-16 16:39:26,312 - INFO - 
2023-08-16 16:39:26,312 - INFO - =====================================================================================
2023-08-16 16:39:26,312 - INFO - 
>> Recalculating duct sealing applicability and costs for upgrade_no = 6...
2023-08-16 16:39:26,333 - INFO - After duct correction, dfu has reduced in size from 1113 to len(dfu2) rows.
2023-08-16 16:39:26,333 - INFO - Change in upgrade_costs.upgrade_cost_usd:
2023-08-16 16:39:26,335 - INFO - 
       Before Correction (excludes 0)  After Correction
count                     1113.000000       1113.000000
mean                      2407.410602       2407.410602
std                        386.804922        386.804922
min                       2242.000000       2242.000000
25%                       2242.000000       2242.000000
50%                       2242.000000       2242.000000
75%                       2242.000000       2242.000000
max                       3828.000000       3828.000000
2023-08-16 16:39:26,386 - INFO - Upgrade file updated and saved to: /Users/lliu2/Documents/GitHub/resstock/euss_cleap/data_/community_building_samples/north_birmingham/up06_duct_corrected.parquet
2023-08-16 16:39:26,414 - INFO - 
2023-08-16 16:39:26,414 - INFO - =====================================================================================
2023-08-16 16:39:26,414 - INFO - 
>> Recalculating duct sealing applicability and costs for upgrade_no = 7...
2023-08-16 16:39:26,428 - INFO - After duct correction, dfu has reduced in size from 605 to len(dfu2) rows.
2023-08-16 16:39:26,428 - INFO - Change in upgrade_costs.upgrade_cost_usd:
2023-08-16 16:39:26,430 - INFO - 
       Before Correction (excludes 0)  After Correction
count                      605.000000        605.000000
mean                     13005.682248      13005.682248
std                       8043.139164       8043.139164
min                        870.000000        870.000000
25%                       9738.520000       9738.520000
50%                      13493.480000      13493.480000
75%                      16756.290000      16756.290000
max                      55993.750000      55993.750000
2023-08-16 16:39:26,473 - INFO - Upgrade file updated and saved to: /Users/lliu2/Documents/GitHub/resstock/euss_cleap/data_/community_building_samples/north_birmingham/up07_duct_corrected.parquet
2023-08-16 16:39:26,508 - INFO - 
2023-08-16 16:39:26,508 - INFO - =====================================================================================
2023-08-16 16:39:26,508 - INFO - 
>> Recalculating duct sealing applicability and costs for upgrade_no = 8...
2023-08-16 16:39:26,530 - INFO - After duct correction, dfu has reduced in size from 1124 to len(dfu2) rows.
2023-08-16 16:39:26,530 - INFO - Change in upgrade_costs.upgrade_cost_usd:
2023-08-16 16:39:26,531 - INFO - 
       Before Correction (excludes 0)  After Correction
count                     1124.000000       1124.000000
mean                     26842.354395      26842.354395
std                       5487.479799       5487.479799
min                       3738.000000       3738.000000
25%                      23049.650000      23049.650000
50%                      26530.545000      26530.545000
75%                      29804.437500      29804.437500
max                      62203.330000      62203.330000
2023-08-16 16:39:26,583 - INFO - Upgrade file updated and saved to: /Users/lliu2/Documents/GitHub/resstock/euss_cleap/data_/community_building_samples/north_birmingham/up08_duct_corrected.parquet
2023-08-16 16:39:26,614 - INFO - 
2023-08-16 16:39:26,614 - INFO - =====================================================================================
2023-08-16 16:39:26,614 - INFO - 
>> Recalculating duct sealing applicability and costs for upgrade_no = 9...
2023-08-16 16:39:26,630 - INFO - Updating 150 upgrade_costs.option_05_cost_usd from ['30% Leakage, R-4', '30% Leakage, R-6']
2023-08-16 16:39:26,631 - INFO - 2 new_cost=0 found:
building_id
346340    0.0
544110    0.0
Name: duct_total_surface_area, dtype: float64
2023-08-16 16:39:26,631 - INFO -             build_existing_model.hvac_has_ducts  duct_total_surface_area  ... build_existing_model.hvac_cooling_efficiency build_existing_model.hvac_shared_efficiencies
building_id                                                               ...                                                                                           
346340                                       No                      0.0  ...                                    Heat Pump   Boiler Baseboards Heating Only, Electricity
544110                                       No                      0.0  ...                                    Heat Pump   Boiler Baseboards Heating Only, Electricity

[2 rows x 6 columns]
2023-08-16 16:39:26,637 - INFO - Updating 27 upgrade_costs.option_06_cost_usd from ['30% Leakage, R-8']
2023-08-16 16:39:26,639 - INFO - Updating 409 upgrade_costs.option_07_cost_usd from ['20% Leakage, Uninsulated', '20% Leakage, R-4', '20% Leakage, R-6']
2023-08-16 16:39:26,639 - INFO - 2 new_cost=0 found:
building_id
29602     0.0
184612    0.0
Name: duct_total_surface_area, dtype: float64
2023-08-16 16:39:26,640 - INFO -             build_existing_model.hvac_has_ducts  duct_total_surface_area  ... build_existing_model.hvac_cooling_efficiency build_existing_model.hvac_shared_efficiencies
building_id                                                               ...                                                                                           
29602                                        No                      0.0  ...                                    Heat Pump   Boiler Baseboards Heating Only, Electricity
184612                                       No                      0.0  ...                             Room AC, EER 9.8   Boiler Baseboards Heating Only, Electricity

[2 rows x 6 columns]
2023-08-16 16:39:26,647 - INFO - Updating 45 upgrade_costs.option_08_cost_usd from ['20% Leakage, R-8']
2023-08-16 16:39:26,647 - INFO - 1 new_cost=0 found:
building_id
507568    0.0
Name: duct_total_surface_area, dtype: float64
2023-08-16 16:39:26,647 - INFO -             build_existing_model.hvac_has_ducts  duct_total_surface_area  ... build_existing_model.hvac_cooling_efficiency build_existing_model.hvac_shared_efficiencies
building_id                                                               ...                                                                                           
507568                                       No                      0.0  ...                                    Heat Pump   Boiler Baseboards Heating Only, Electricity

[1 rows x 6 columns]
2023-08-16 16:39:26,653 - INFO - Updating 243 upgrade_costs.option_09_cost_usd from ['10% Leakage, Uninsulated', '10% Leakage, R-4', '10% Leakage, R-6']
2023-08-16 16:39:26,653 - INFO - 1 new_cost=0 found:
building_id
411464    0.0
Name: duct_total_surface_area, dtype: float64
2023-08-16 16:39:26,653 - INFO -             build_existing_model.hvac_has_ducts  duct_total_surface_area  ... build_existing_model.hvac_cooling_efficiency build_existing_model.hvac_shared_efficiencies
building_id                                                               ...                                                                                           
411464                                       No                      0.0  ...                            Room AC, EER 10.7   Boiler Baseboards Heating Only, Natural Gas

[1 rows x 6 columns]
2023-08-16 16:39:26,660 - INFO - Dropping 0 / 6 building_id(s) whose content have been modified for duct correction.
[]
2023-08-16 16:39:26,660 - INFO - For these buildings, duct sealing was the only applicable component in the upgrade and it no longer applies after the correction.
2023-08-16 16:39:26,664 - INFO - After duct correction, dfu has reduced in size from 1124 to len(dfu2) rows.
2023-08-16 16:39:26,664 - INFO - Change in upgrade_costs.upgrade_cost_usd:
2023-08-16 16:39:26,665 - INFO - 
       Before Correction (excludes 0)  After Correction
count                     1124.000000       1124.000000
mean                     27883.422028      28065.068055
std                       6214.819177       6213.007586
min                       3738.000000       3738.000000
25%                      23060.880000      23341.749800
50%                      28062.580000      28098.883000
75%                      31778.257500      31926.717500
max                      70752.080000      70752.080000
2023-08-16 16:39:26,725 - INFO - Upgrade file updated and saved to: /Users/lliu2/Documents/GitHub/resstock/euss_cleap/data_/community_building_samples/north_birmingham/up09_duct_corrected.parquet
2023-08-16 16:39:26,758 - INFO - 
2023-08-16 16:39:26,758 - INFO - =====================================================================================
2023-08-16 16:39:26,758 - INFO - 
>> Recalculating duct sealing applicability and costs for upgrade_no = 10...
2023-08-16 16:39:26,776 - INFO - Updating 150 upgrade_costs.option_05_cost_usd from ['30% Leakage, R-4', '30% Leakage, R-6']
2023-08-16 16:39:26,776 - INFO - 2 new_cost=0 found:
building_id
346340    0.0
544110    0.0
Name: duct_total_surface_area, dtype: float64
2023-08-16 16:39:26,777 - INFO -             build_existing_model.hvac_has_ducts  duct_total_surface_area  ... build_existing_model.hvac_cooling_efficiency build_existing_model.hvac_shared_efficiencies
building_id                                                               ...                                                                                           
346340                                       No                      0.0  ...                                    Heat Pump   Boiler Baseboards Heating Only, Electricity
544110                                       No                      0.0  ...                                    Heat Pump   Boiler Baseboards Heating Only, Electricity

[2 rows x 6 columns]
2023-08-16 16:39:26,783 - INFO - Updating 27 upgrade_costs.option_06_cost_usd from ['30% Leakage, R-8']
2023-08-16 16:39:26,784 - INFO - Updating 409 upgrade_costs.option_07_cost_usd from ['20% Leakage, Uninsulated', '20% Leakage, R-4', '20% Leakage, R-6']
2023-08-16 16:39:26,784 - INFO - 2 new_cost=0 found:
building_id
29602     0.0
184612    0.0
Name: duct_total_surface_area, dtype: float64
2023-08-16 16:39:26,785 - INFO -             build_existing_model.hvac_has_ducts  duct_total_surface_area  ... build_existing_model.hvac_cooling_efficiency build_existing_model.hvac_shared_efficiencies
building_id                                                               ...                                                                                           
29602                                        No                      0.0  ...                                    Heat Pump   Boiler Baseboards Heating Only, Electricity
184612                                       No                      0.0  ...                             Room AC, EER 9.8   Boiler Baseboards Heating Only, Electricity

[2 rows x 6 columns]
2023-08-16 16:39:26,790 - INFO - Updating 45 upgrade_costs.option_08_cost_usd from ['20% Leakage, R-8']
2023-08-16 16:39:26,790 - INFO - 1 new_cost=0 found:
building_id
507568    0.0
Name: duct_total_surface_area, dtype: float64
2023-08-16 16:39:26,791 - INFO -             build_existing_model.hvac_has_ducts  duct_total_surface_area  ... build_existing_model.hvac_cooling_efficiency build_existing_model.hvac_shared_efficiencies
building_id                                                               ...                                                                                           
507568                                       No                      0.0  ...                                    Heat Pump   Boiler Baseboards Heating Only, Electricity

[1 rows x 6 columns]
2023-08-16 16:39:26,796 - INFO - Updating 243 upgrade_costs.option_09_cost_usd from ['10% Leakage, Uninsulated', '10% Leakage, R-4', '10% Leakage, R-6']
2023-08-16 16:39:26,797 - INFO - 1 new_cost=0 found:
building_id
411464    0.0
Name: duct_total_surface_area, dtype: float64
2023-08-16 16:39:26,797 - INFO -             build_existing_model.hvac_has_ducts  duct_total_surface_area  ... build_existing_model.hvac_cooling_efficiency build_existing_model.hvac_shared_efficiencies
building_id                                                               ...                                                                                           
411464                                       No                      0.0  ...                            Room AC, EER 10.7   Boiler Baseboards Heating Only, Natural Gas

[1 rows x 6 columns]
2023-08-16 16:39:26,803 - INFO - Dropping 0 / 6 building_id(s) whose content have been modified for duct correction.
[]
2023-08-16 16:39:26,803 - INFO - For these buildings, duct sealing was the only applicable component in the upgrade and it no longer applies after the correction.
2023-08-16 16:39:26,807 - INFO - After duct correction, dfu has reduced in size from 1124 to len(dfu2) rows.
2023-08-16 16:39:26,807 - INFO - Change in upgrade_costs.upgrade_cost_usd:
2023-08-16 16:39:26,808 - INFO - 
       Before Correction (excludes 0)  After Correction
count                      1124.00000       1124.000000
mean                      28995.36492      29177.010947
std                        7147.62771       7221.375880
min                        3904.50000       3904.500000
25%                       23721.59750      23928.702200
50%                       29011.59500      29124.162000
75%                       33429.00000      33446.128000
max                      100566.03000     111736.090800
2023-08-16 16:39:26,860 - INFO - Upgrade file updated and saved to: /Users/lliu2/Documents/GitHub/resstock/euss_cleap/data_/community_building_samples/north_birmingham/up10_duct_corrected.parquet
