2023-09-07 21:41:17,968 - INFO - Adding envelope metrics to north_birmingham
2023-09-07 21:41:24,187 - INFO - 
                       code-compliant above-average below-average
Frame Wall (R-value)            >= 20    < 20, >= 8           < 8
Masonry Wall (R-value)           >= 8     < 8, >= 8           < 8
Ceiling/Roof (R-value)          >= 49   < 49, >= 12          < 12
Air Leakage (ACH50)              <= 3    > 3, <= 17          > 17
2023-09-07 21:41:24,207 - INFO - 
combined_envelope_rating  wall_rating     ceiling_roof_rating  infiltration_rating
above-average             above-average   above-average        above-average          340
                                                               code-compliant           5
                                          code-compliant       above-average            9
                          code-compliant  above-average        above-average           43
                                                               code-compliant           2
below-average             above-average   above-average        below-average           85
                                          below-average        above-average           13
                                                               below-average            7
                                                               code-compliant           1
                                          code-compliant       below-average            5
                          below-average   above-average        above-average          181
                                                               below-average          316
                                                               code-compliant           1
                                          below-average        above-average           43
                                                               below-average           86
                                          code-compliant       above-average            2
                                                               below-average            4
                          code-compliant  above-average        below-average            8
                                          below-average        above-average            7
Name: count, dtype: int64
