# Logfile created on 2017-09-25 16:37:53 +0000 by logger.rb/47272
[16:37:53.193537 INFO] Server host is http://web:80
[16:37:53.193608 INFO] Analysis directory is /mnt/openstudio/analysis_fe821d2c-df1e-4105-9ee6-6c7fef1463ae
[16:37:53.193677 INFO] Simulation directory is /mnt/openstudio/analysis_fe821d2c-df1e-4105-9ee6-6c7fef1463ae/data_point_cdac170e-aa15-4c85-b0c3-882c5d154e6f
[16:37:53.193719 INFO] Run datapoint type/file is workflow
[16:37:53.193759 INFO] Starting initialize_worker for datapoint cdac170e-aa15-4c85-b0c3-882c5d154e6f
[16:37:53.193933 INFO] Downloading analysis zip from http://web:80/analyses/fe821d2c-df1e-4105-9ee6-6c7fef1463ae/download_analysis_zip
[16:39:00.650172 INFO] Extracting analysis zip to /mnt/openstudio/analysis_fe821d2c-df1e-4105-9ee6-6c7fef1463ae
[16:39:04.401278 INFO] Downloading analysis.json from http://web:80/analyses/fe821d2c-df1e-4105-9ee6-6c7fef1463ae.json
[16:39:43.404956 INFO] Found data point initialization file datapoint_init.sh.
[16:39:43.405627 INFO] Preparing to run initialization script /mnt/openstudio/analysis_fe821d2c-df1e-4105-9ee6-6c7fef1463ae/scripts/worker_initialization/datapoint_init.sh
[16:39:43.406097 INFO] Looking for argument file /mnt/openstudio/analysis_fe821d2c-df1e-4105-9ee6-6c7fef1463ae/scripts/worker_initialization/datapoint_init.args
[16:39:43.406168 INFO] argument file exists /mnt/openstudio/analysis_fe821d2c-df1e-4105-9ee6-6c7fef1463ae/scripts/worker_initialization/datapoint_init.args
[16:39:43.406413 INFO] arguments are ["https://s3.amazonaws.com/epwweatherfiles/project_resstock_efs.zip"]
[16:41:19.280394 INFO] Script returned with exit code 0 of class Fixnum
[16:41:19.280587 INFO] Finished worker initialization
[16:41:19.292478 INFO] Downloading datapoint from http://web:80/data_points/cdac170e-aa15-4c85-b0c3-882c5d154e6f.json
[16:41:19.313766 INFO] Creating Workflow Manager instance
[16:41:19.313879 INFO] Directory is /mnt/openstudio/analysis_fe821d2c-df1e-4105-9ee6-6c7fef1463ae/data_point_cdac170e-aa15-4c85-b0c3-882c5d154e6f
[16:41:19.314071 INFO] Opening run.log file '/mnt/openstudio/analysis_fe821d2c-df1e-4105-9ee6-6c7fef1463ae/data_point_cdac170e-aa15-4c85-b0c3-882c5d154e6f/run/run.log'
[16:41:19.670699 INFO] Running workflow
[16:46:52.388151 INFO] Final run state is finished
[16:46:52.638949 INFO] Saving files/reports back to the server
[16:46:52.639172 INFO] Saving report /mnt/openstudio/analysis_fe821d2c-df1e-4105-9ee6-6c7fef1463ae/data_point_cdac170e-aa15-4c85-b0c3-882c5d154e6f/reports/eplustbl.html to http://web:80/data_points/cdac170e-aa15-4c85-b0c3-882c5d154e6f/upload_file
[16:46:53.148288 INFO] Saving report responded with {"id":"59c9329aa2321800dced5469","data_point_id":"cdac170e-aa15-4c85-b0c3-882c5d154e6f","display_name":"eplustbl","type":"Report","created_at":"2017-09-25T16:45:14.539Z","updated_at":"2017-09-25T16:45:14.539Z"}
[16:46:53.148504 INFO] Saving report /mnt/openstudio/analysis_fe821d2c-df1e-4105-9ee6-6c7fef1463ae/data_point_cdac170e-aa15-4c85-b0c3-882c5d154e6f/run/objectives.json to http://web:80/data_points/cdac170e-aa15-4c85-b0c3-882c5d154e6f/upload_file
[16:46:53.577917 INFO] Saving report responded with {"id":"59c9329ba2321800caed5e0c","data_point_id":"cdac170e-aa15-4c85-b0c3-882c5d154e6f","display_name":"objectives","type":"Report","created_at":"2017-09-25T16:45:15.040Z","updated_at":"2017-09-25T16:45:15.040Z"}
[16:46:53.578197 INFO] Saving report /mnt/openstudio/analysis_fe821d2c-df1e-4105-9ee6-6c7fef1463ae/data_point_cdac170e-aa15-4c85-b0c3-882c5d154e6f/out.osw to http://web:80/data_points/cdac170e-aa15-4c85-b0c3-882c5d154e6f/upload_file
[16:46:53.673216 INFO] Saving report responded with {"id":"59c9329ba2321800caed5e0d","data_point_id":"cdac170e-aa15-4c85-b0c3-882c5d154e6f","display_name":"Final OSW File","type":"Report","created_at":"2017-09-25T16:45:15.462Z","updated_at":"2017-09-25T16:45:15.462Z"}
[16:46:53.673478 INFO] Saving report /mnt/openstudio/analysis_fe821d2c-df1e-4105-9ee6-6c7fef1463ae/data_point_cdac170e-aa15-4c85-b0c3-882c5d154e6f/in.osm to http://web:80/data_points/cdac170e-aa15-4c85-b0c3-882c5d154e6f/upload_file
[16:46:56.228149 INFO] Saving report responded with {"id":"59c9329da2321800caed5e0f","data_point_id":"cdac170e-aa15-4c85-b0c3-882c5d154e6f","display_name":"model","type":"OpenStudio Model","created_at":"2017-09-25T16:45:17.803Z","updated_at":"2017-09-25T16:45:17.803Z"}
[16:46:56.228530 INFO] Saving report /mnt/openstudio/analysis_fe821d2c-df1e-4105-9ee6-6c7fef1463ae/data_point_cdac170e-aa15-4c85-b0c3-882c5d154e6f/run/data_point.zip to http://web:80/data_points/cdac170e-aa15-4c85-b0c3-882c5d154e6f/upload_file
[16:46:56.668639 INFO] Saving report responded with {"id":"59c9329ea2321800caed5e10","data_point_id":"cdac170e-aa15-4c85-b0c3-882c5d154e6f","display_name":"Zip File","type":"Data Point","created_at":"2017-09-25T16:45:18.134Z","updated_at":"2017-09-25T16:45:18.134Z"}
[16:46:56.669055 INFO] Found data point finalization file datapoint_final.sh.
[16:46:56.669201 INFO] Preparing to run finalization script /mnt/openstudio/analysis_fe821d2c-df1e-4105-9ee6-6c7fef1463ae/scripts/worker_finalization/datapoint_final.sh
[16:46:56.669799 INFO] Looking for argument file /mnt/openstudio/analysis_fe821d2c-df1e-4105-9ee6-6c7fef1463ae/scripts/worker_finalization/datapoint_final.args
[16:46:56.669845 INFO] argument file exists /mnt/openstudio/analysis_fe821d2c-df1e-4105-9ee6-6c7fef1463ae/scripts/worker_finalization/datapoint_final.args
[16:46:56.685792 INFO] arguments are []
[16:46:56.805248 INFO] Script returned with exit code 0 of class Fixnum
[16:46:56.805760 INFO] Saving report /mnt/openstudio/analysis_fe821d2c-df1e-4105-9ee6-6c7fef1463ae/data_point_cdac170e-aa15-4c85-b0c3-882c5d154e6f/run/datapoint_final.log to http://web:80/data_points/cdac170e-aa15-4c85-b0c3-882c5d154e6f/upload_file
[16:46:57.175871 INFO] Saving report responded with {"id":"59c9329ea2321800d2ed5864","data_point_id":"cdac170e-aa15-4c85-b0c3-882c5d154e6f","display_name":"Finalization Script Log","type":"Report","created_at":"2017-09-25T16:45:18.886Z","updated_at":"2017-09-25T16:45:18.886Z"}
[16:46:57.188622 INFO] Finished /opt/openstudio/server/app/workers/run_simulate_data_point.rb
