Cleaning up data_point directory.
Original files:
total 21716
-rw-rw-rw- 1 root root    66975 Sep 25 16:41 analysis.json
-rw-rw-rw- 1 root root     5490 Sep 25 16:46 cdac170e-aa15-4c85-b0c3-882c5d154e6f.log
-rw-rw-rw- 1 root root     1030 Sep 25 16:41 data_point.json
-rw-rw-rw- 1 root root     2841 Sep 25 16:41 data_point.osw
-rw-rw-rw- 1 root root  4622147 Sep 25 16:44 in.idf
-rw-rw-rw- 1 root root 17363974 Sep 25 16:43 in.osm
-rw-rw-rw- 1 root root   151365 Sep 25 16:46 out.osw
drwxrwxrwx 2 root root     4096 Sep 25 16:46 reports
drwxrwxrwx 2 root root     4096 Sep 25 16:46 run
total 7548
-rw-rw-r-- 1 root root  654984 Sep 25 16:46 data_point.zip
-rw-rw-rw- 1 root root    8581 Sep 25 16:46 data_point_out.json
-rw-r--r-- 1 root root     587 Sep 25 16:46 datapoint_final.log
-rw-r--r-- 1 root root   22402 Sep 25 16:41 datapoint_init.log
-rw-rw-rw- 1 root root  832452 Sep 25 16:46 enduse_timeseries.csv
-rw-rw-rw- 1 root root      99 Sep 25 16:45 eplusout.end
-rw-rw-rw- 1 root root   33179 Sep 25 16:45 eplusout.err
-rw-rw-rw- 1 root root   58101 Sep 25 16:45 eplusout.mtd
-rw-rw-rw- 1 root root   57257 Sep 25 16:44 eplusout.rdd
-rw-rw-rw- 1 root root  461109 Sep 25 16:45 eplustbl.htm
-rw-rw-rw- 1 root root      43 Sep 25 16:46 finished.job
-rw-rw-rw- 1 root root 4622147 Sep 25 16:44 in.idf
-rw-rw-rw- 1 root root    8581 Sep 25 16:46 measure_attributes.json
-rw-rw-rw- 1 root root   26933 Sep 25 16:41 measures.osw
-rw-rw-rw- 1 root root       3 Sep 25 16:46 objectives.json
-rw-rw-rw- 1 root root    8581 Sep 25 16:46 results.json
-rw-rw-rw- 1 root root  870512 Sep 25 16:46 run.log
-rw-rw-rw- 1 root root      49 Sep 25 16:44 sqlite.err
-rw-rw-rw- 1 root root      42 Sep 25 16:41 started.job
-rw-rw-rw- 1 root root    2336 Sep 25 16:45 stdout-energyplus
-rw-rw-rw- 1 root root      91 Sep 25 16:44 stdout-expandobject
456K	data_point_cdac170e-aa15-4c85-b0c3-882c5d154e6f/reports
7.4M	data_point_cdac170e-aa15-4c85-b0c3-882c5d154e6f/run
30M	data_point_cdac170e-aa15-4c85-b0c3-882c5d154e6f
Final files:
total 240
-rw-rw-rw- 1 root root  66975 Sep 25 16:41 analysis.json
-rw-rw-rw- 1 root root   5490 Sep 25 16:46 cdac170e-aa15-4c85-b0c3-882c5d154e6f.log
-rw-rw-rw- 1 root root   1030 Sep 25 16:41 data_point.json
-rw-rw-rw- 1 root root   2841 Sep 25 16:41 data_point.osw
-rw-rw-rw- 1 root root 151365 Sep 25 16:46 out.osw
drwxrwxrwx 2 root root   4096 Sep 25 16:46 reports
drwxrwxrwx 2 root root   4096 Sep 25 16:46 run
total 1484
-rw-rw-r-- 1 root root 654984 Sep 25 16:46 data_point.zip
-rw-r--r-- 1 root root   2438 Sep 25 16:46 datapoint_final.log
-rw-r--r-- 1 root root  22402 Sep 25 16:41 datapoint_init.log
-rw-rw-rw- 1 root root 832452 Sep 25 16:46 enduse_timeseries.csv
456K	data_point_cdac170e-aa15-4c85-b0c3-882c5d154e6f/reports
1.5M	data_point_cdac170e-aa15-4c85-b0c3-882c5d154e6f/run
2.2M	data_point_cdac170e-aa15-4c85-b0c3-882c5d154e6f
