# Logfile created on 2017-09-25 16:35:42 +0000 by logger.rb/47272
[16:35:42.984028 INFO] Server host is http://web:80
[16:35:42.984115 INFO] Analysis directory is /mnt/openstudio/analysis_fe821d2c-df1e-4105-9ee6-6c7fef1463ae
[16:35:42.984168 INFO] Simulation directory is /mnt/openstudio/analysis_fe821d2c-df1e-4105-9ee6-6c7fef1463ae/data_point_cbb5bf4f-0a3c-4b0f-a1a0-efeb53ca51ee
[16:35:42.984196 INFO] Run datapoint type/file is workflow
[16:35:42.984222 INFO] Starting initialize_worker for datapoint cbb5bf4f-0a3c-4b0f-a1a0-efeb53ca51ee
[16:35:42.984272 INFO] receipt_file already exists, moving on
[16:35:42.996671 INFO] Downloading datapoint from http://web:80/data_points/cbb5bf4f-0a3c-4b0f-a1a0-efeb53ca51ee.json
[16:35:43.009314 INFO] Creating Workflow Manager instance
[16:35:43.009399 INFO] Directory is /mnt/openstudio/analysis_fe821d2c-df1e-4105-9ee6-6c7fef1463ae/data_point_cbb5bf4f-0a3c-4b0f-a1a0-efeb53ca51ee
[16:35:43.009453 INFO] Opening run.log file '/mnt/openstudio/analysis_fe821d2c-df1e-4105-9ee6-6c7fef1463ae/data_point_cbb5bf4f-0a3c-4b0f-a1a0-efeb53ca51ee/run/run.log'
[16:35:43.018790 INFO] Running workflow
[16:40:08.383986 INFO] Final run state is finished
[16:40:08.407614 INFO] Saving files/reports back to the server
[16:40:08.407900 INFO] Saving report /mnt/openstudio/analysis_fe821d2c-df1e-4105-9ee6-6c7fef1463ae/data_point_cbb5bf4f-0a3c-4b0f-a1a0-efeb53ca51ee/reports/eplustbl.html to http://web:80/data_points/cbb5bf4f-0a3c-4b0f-a1a0-efeb53ca51ee/upload_file
[16:40:08.443902 INFO] Saving report responded with {"id":"59c93168a2321800caed5c8a","data_point_id":"cbb5bf4f-0a3c-4b0f-a1a0-efeb53ca51ee","display_name":"eplustbl","type":"Report","created_at":"2017-09-25T16:40:08.434Z","updated_at":"2017-09-25T16:40:08.434Z"}
[16:40:08.444060 INFO] Saving report /mnt/openstudio/analysis_fe821d2c-df1e-4105-9ee6-6c7fef1463ae/data_point_cbb5bf4f-0a3c-4b0f-a1a0-efeb53ca51ee/run/objectives.json to http://web:80/data_points/cbb5bf4f-0a3c-4b0f-a1a0-efeb53ca51ee/upload_file
[16:40:08.474239 INFO] Saving report responded with {"id":"59c93168a2321800caed5c8b","data_point_id":"cbb5bf4f-0a3c-4b0f-a1a0-efeb53ca51ee","display_name":"objectives","type":"Report","created_at":"2017-09-25T16:40:08.465Z","updated_at":"2017-09-25T16:40:08.465Z"}
[16:40:08.474493 INFO] Saving report /mnt/openstudio/analysis_fe821d2c-df1e-4105-9ee6-6c7fef1463ae/data_point_cbb5bf4f-0a3c-4b0f-a1a0-efeb53ca51ee/out.osw to http://web:80/data_points/cbb5bf4f-0a3c-4b0f-a1a0-efeb53ca51ee/upload_file
[16:40:08.504700 INFO] Saving report responded with {"id":"59c93168a2321800caed5c8c","data_point_id":"cbb5bf4f-0a3c-4b0f-a1a0-efeb53ca51ee","display_name":"Final OSW File","type":"Report","created_at":"2017-09-25T16:40:08.495Z","updated_at":"2017-09-25T16:40:08.495Z"}
[16:40:08.504901 INFO] Saving report /mnt/openstudio/analysis_fe821d2c-df1e-4105-9ee6-6c7fef1463ae/data_point_cbb5bf4f-0a3c-4b0f-a1a0-efeb53ca51ee/in.osm to http://web:80/data_points/cbb5bf4f-0a3c-4b0f-a1a0-efeb53ca51ee/upload_file
[16:40:09.330484 INFO] Saving report responded with {"id":"59c93169a2321800d2ed57d0","data_point_id":"cbb5bf4f-0a3c-4b0f-a1a0-efeb53ca51ee","display_name":"model","type":"OpenStudio Model","created_at":"2017-09-25T16:40:09.236Z","updated_at":"2017-09-25T16:40:09.236Z"}
[16:40:09.330767 INFO] Saving report /mnt/openstudio/analysis_fe821d2c-df1e-4105-9ee6-6c7fef1463ae/data_point_cbb5bf4f-0a3c-4b0f-a1a0-efeb53ca51ee/run/data_point.zip to http://web:80/data_points/cbb5bf4f-0a3c-4b0f-a1a0-efeb53ca51ee/upload_file
[16:40:09.559721 INFO] Saving report responded with {"id":"59c93169a2321800d2ed57d1","data_point_id":"cbb5bf4f-0a3c-4b0f-a1a0-efeb53ca51ee","display_name":"Zip File","type":"Data Point","created_at":"2017-09-25T16:40:09.403Z","updated_at":"2017-09-25T16:40:09.403Z"}
[16:40:09.564364 INFO] Found data point finalization file datapoint_final.sh.
[16:40:09.564669 INFO] Preparing to run finalization script /mnt/openstudio/analysis_fe821d2c-df1e-4105-9ee6-6c7fef1463ae/scripts/worker_finalization/datapoint_final.sh
[16:40:09.567730 INFO] Looking for argument file /mnt/openstudio/analysis_fe821d2c-df1e-4105-9ee6-6c7fef1463ae/scripts/worker_finalization/datapoint_final.args
[16:40:09.567817 INFO] argument file exists /mnt/openstudio/analysis_fe821d2c-df1e-4105-9ee6-6c7fef1463ae/scripts/worker_finalization/datapoint_final.args
[16:40:09.568034 INFO] arguments are []
[16:40:09.644069 INFO] Script returned with exit code 0 of class Fixnum
[16:40:09.644386 INFO] Saving report /mnt/openstudio/analysis_fe821d2c-df1e-4105-9ee6-6c7fef1463ae/data_point_cbb5bf4f-0a3c-4b0f-a1a0-efeb53ca51ee/run/datapoint_final.log to http://web:80/data_points/cbb5bf4f-0a3c-4b0f-a1a0-efeb53ca51ee/upload_file
[16:40:09.681926 INFO] Saving report responded with {"id":"59c93169a2321800d2ed57d2","data_point_id":"cbb5bf4f-0a3c-4b0f-a1a0-efeb53ca51ee","display_name":"Finalization Script Log","type":"Report","created_at":"2017-09-25T16:40:09.663Z","updated_at":"2017-09-25T16:40:09.663Z"}
[16:40:09.691971 INFO] Finished /opt/openstudio/server/app/workers/run_simulate_data_point.rb
