Cleaning up data_point directory.
Original files:
total 21712
-rw-rw-rw- 1 root root    66975 Sep 25 16:35 analysis.json
-rw-rw-rw- 1 root root     4385 Sep 25 16:40 cbb5bf4f-0a3c-4b0f-a1a0-efeb53ca51ee.log
-rw-rw-rw- 1 root root     1030 Sep 25 16:35 data_point.json
-rw-rw-rw- 1 root root     2841 Sep 25 16:35 data_point.osw
-rw-rw-rw- 1 root root  4620225 Sep 25 16:36 in.idf
-rw-rw-rw- 1 root root 17360811 Sep 25 16:36 in.osm
-rw-rw-rw- 1 root root   154126 Sep 25 16:40 out.osw
drwxrwxrwx 2 root root     4096 Sep 25 16:40 reports
drwxrwxrwx 2 root root     4096 Sep 25 16:40 run
total 7552
-rw-rw-r-- 1 root root  647645 Sep 25 16:40 data_point.zip
-rw-rw-rw- 1 root root    8447 Sep 25 16:40 data_point_out.json
-rw-r--r-- 1 root root     587 Sep 25 16:40 datapoint_final.log
-rw-rw-rw- 1 root root  866727 Sep 25 16:40 enduse_timeseries.csv
-rw-rw-rw- 1 root root     102 Sep 25 16:38 eplusout.end
-rw-rw-rw- 1 root root   35179 Sep 25 16:38 eplusout.err
-rw-rw-rw- 1 root root   57990 Sep 25 16:38 eplusout.mtd
-rw-rw-rw- 1 root root   55614 Sep 25 16:37 eplusout.rdd
-rw-rw-rw- 1 root root  462339 Sep 25 16:38 eplustbl.htm
-rw-rw-rw- 1 root root      43 Sep 25 16:40 finished.job
-rw-rw-rw- 1 root root 4620225 Sep 25 16:36 in.idf
-rw-rw-rw- 1 root root    8447 Sep 25 16:40 measure_attributes.json
-rw-rw-rw- 1 root root   27541 Sep 25 16:35 measures.osw
-rw-rw-rw- 1 root root       3 Sep 25 16:40 objectives.json
-rw-rw-rw- 1 root root    8447 Sep 25 16:40 results.json
-rw-rw-rw- 1 root root  870872 Sep 25 16:40 run.log
-rw-rw-rw- 1 root root      49 Sep 25 16:37 sqlite.err
-rw-rw-rw- 1 root root      42 Sep 25 16:35 started.job
-rw-rw-rw- 1 root root    2351 Sep 25 16:38 stdout-energyplus
-rw-rw-rw- 1 root root      91 Sep 25 16:37 stdout-expandobject
7.4M	data_point_cbb5bf4f-0a3c-4b0f-a1a0-efeb53ca51ee/run
456K	data_point_cbb5bf4f-0a3c-4b0f-a1a0-efeb53ca51ee/reports
30M	data_point_cbb5bf4f-0a3c-4b0f-a1a0-efeb53ca51ee
Final files:
total 244
-rw-rw-rw- 1 root root  66975 Sep 25 16:35 analysis.json
-rw-rw-rw- 1 root root   4385 Sep 25 16:40 cbb5bf4f-0a3c-4b0f-a1a0-efeb53ca51ee.log
-rw-rw-rw- 1 root root   1030 Sep 25 16:35 data_point.json
-rw-rw-rw- 1 root root   2841 Sep 25 16:35 data_point.osw
-rw-rw-rw- 1 root root 154126 Sep 25 16:40 out.osw
drwxrwxrwx 2 root root   4096 Sep 25 16:40 reports
drwxrwxrwx 2 root root   4096 Sep 25 16:40 run
total 1488
-rw-rw-r-- 1 root root 647645 Sep 25 16:40 data_point.zip
-rw-r--r-- 1 root root   2375 Sep 25 16:40 datapoint_final.log
-rw-rw-rw- 1 root root 866727 Sep 25 16:40 enduse_timeseries.csv
1.5M	data_point_cbb5bf4f-0a3c-4b0f-a1a0-efeb53ca51ee/run
456K	data_point_cbb5bf4f-0a3c-4b0f-a1a0-efeb53ca51ee/reports
2.2M	data_point_cbb5bf4f-0a3c-4b0f-a1a0-efeb53ca51ee
