# Logfile created on 2017-09-25 16:36:12 +0000 by logger.rb/47272
[16:36:12.507365 INFO] Server host is http://web:80
[16:36:12.507444 INFO] Analysis directory is /mnt/openstudio/analysis_fe821d2c-df1e-4105-9ee6-6c7fef1463ae
[16:36:12.507505 INFO] Simulation directory is /mnt/openstudio/analysis_fe821d2c-df1e-4105-9ee6-6c7fef1463ae/data_point_7d9aa1c5-cb48-40f7-a947-724aba31371e
[16:36:12.507541 INFO] Run datapoint type/file is workflow
[16:36:12.507575 INFO] Starting initialize_worker for datapoint 7d9aa1c5-cb48-40f7-a947-724aba31371e
[16:36:12.507740 INFO] Downloading analysis zip from http://web:80/analyses/fe821d2c-df1e-4105-9ee6-6c7fef1463ae/download_analysis_zip
[16:36:35.688680 INFO] Extracting analysis zip to /mnt/openstudio/analysis_fe821d2c-df1e-4105-9ee6-6c7fef1463ae
[16:36:39.207442 INFO] Downloading analysis.json from http://web:80/analyses/fe821d2c-df1e-4105-9ee6-6c7fef1463ae.json
[16:38:05.885693 INFO] Found data point initialization file datapoint_init.sh.
[16:38:05.886175 INFO] Preparing to run initialization script /mnt/openstudio/analysis_fe821d2c-df1e-4105-9ee6-6c7fef1463ae/scripts/worker_initialization/datapoint_init.sh
[16:38:05.886513 INFO] Looking for argument file /mnt/openstudio/analysis_fe821d2c-df1e-4105-9ee6-6c7fef1463ae/scripts/worker_initialization/datapoint_init.args
[16:38:05.886576 INFO] argument file exists /mnt/openstudio/analysis_fe821d2c-df1e-4105-9ee6-6c7fef1463ae/scripts/worker_initialization/datapoint_init.args
[16:38:05.886769 INFO] arguments are ["https://s3.amazonaws.com/epwweatherfiles/project_resstock_efs.zip"]
[16:38:16.168792 INFO] Script returned with exit code 0 of class Fixnum
[16:38:16.168964 INFO] Finished worker initialization
[16:38:16.186236 INFO] Downloading datapoint from http://web:80/data_points/7d9aa1c5-cb48-40f7-a947-724aba31371e.json
[16:38:16.282374 INFO] Creating Workflow Manager instance
[16:38:16.282457 INFO] Directory is /mnt/openstudio/analysis_fe821d2c-df1e-4105-9ee6-6c7fef1463ae/data_point_7d9aa1c5-cb48-40f7-a947-724aba31371e
[16:38:16.282517 INFO] Opening run.log file '/mnt/openstudio/analysis_fe821d2c-df1e-4105-9ee6-6c7fef1463ae/data_point_7d9aa1c5-cb48-40f7-a947-724aba31371e/run/run.log'
[16:38:16.915744 INFO] Running workflow
[16:42:02.740733 INFO] Final run state is finished
[16:42:02.765372 INFO] Saving files/reports back to the server
[16:42:02.765679 INFO] Saving report /mnt/openstudio/analysis_fe821d2c-df1e-4105-9ee6-6c7fef1463ae/data_point_7d9aa1c5-cb48-40f7-a947-724aba31371e/reports/eplustbl.html to http://web:80/data_points/7d9aa1c5-cb48-40f7-a947-724aba31371e/upload_file
[16:42:03.194017 INFO] Saving report responded with {"id":"59c931dba2321800caed5cb3","data_point_id":"7d9aa1c5-cb48-40f7-a947-724aba31371e","display_name":"eplustbl","type":"Report","created_at":"2017-09-25T16:42:03.062Z","updated_at":"2017-09-25T16:42:03.062Z"}
[16:42:03.194286 INFO] Saving report /mnt/openstudio/analysis_fe821d2c-df1e-4105-9ee6-6c7fef1463ae/data_point_7d9aa1c5-cb48-40f7-a947-724aba31371e/run/objectives.json to http://web:80/data_points/7d9aa1c5-cb48-40f7-a947-724aba31371e/upload_file
[16:42:03.265674 INFO] Saving report responded with {"id":"59c931dba2321800caed5cb4","data_point_id":"7d9aa1c5-cb48-40f7-a947-724aba31371e","display_name":"objectives","type":"Report","created_at":"2017-09-25T16:42:03.208Z","updated_at":"2017-09-25T16:42:03.208Z"}
[16:42:03.265871 INFO] Saving report /mnt/openstudio/analysis_fe821d2c-df1e-4105-9ee6-6c7fef1463ae/data_point_7d9aa1c5-cb48-40f7-a947-724aba31371e/out.osw to http://web:80/data_points/7d9aa1c5-cb48-40f7-a947-724aba31371e/upload_file
[16:42:03.438601 INFO] Saving report responded with {"id":"59c931dba2321800caed5cb5","data_point_id":"7d9aa1c5-cb48-40f7-a947-724aba31371e","display_name":"Final OSW File","type":"Report","created_at":"2017-09-25T16:42:03.282Z","updated_at":"2017-09-25T16:42:03.282Z"}
[16:42:03.438813 INFO] Saving report /mnt/openstudio/analysis_fe821d2c-df1e-4105-9ee6-6c7fef1463ae/data_point_7d9aa1c5-cb48-40f7-a947-724aba31371e/in.osm to http://web:80/data_points/7d9aa1c5-cb48-40f7-a947-724aba31371e/upload_file
[16:42:04.208365 INFO] Saving report responded with {"id":"59c931dca2321800caed5cb6","data_point_id":"7d9aa1c5-cb48-40f7-a947-724aba31371e","display_name":"model","type":"OpenStudio Model","created_at":"2017-09-25T16:42:04.124Z","updated_at":"2017-09-25T16:42:04.124Z"}
[16:42:04.208624 INFO] Saving report /mnt/openstudio/analysis_fe821d2c-df1e-4105-9ee6-6c7fef1463ae/data_point_7d9aa1c5-cb48-40f7-a947-724aba31371e/run/data_point.zip to http://web:80/data_points/7d9aa1c5-cb48-40f7-a947-724aba31371e/upload_file
[16:42:04.247459 INFO] Saving report responded with {"id":"59c931dca2321800caed5cb7","data_point_id":"7d9aa1c5-cb48-40f7-a947-724aba31371e","display_name":"Zip File","type":"Data Point","created_at":"2017-09-25T16:42:04.236Z","updated_at":"2017-09-25T16:42:04.236Z"}
[16:42:04.247840 INFO] Found data point finalization file datapoint_final.sh.
[16:42:04.248028 INFO] Preparing to run finalization script /mnt/openstudio/analysis_fe821d2c-df1e-4105-9ee6-6c7fef1463ae/scripts/worker_finalization/datapoint_final.sh
[16:42:04.248386 INFO] Looking for argument file /mnt/openstudio/analysis_fe821d2c-df1e-4105-9ee6-6c7fef1463ae/scripts/worker_finalization/datapoint_final.args
[16:42:04.248442 INFO] argument file exists /mnt/openstudio/analysis_fe821d2c-df1e-4105-9ee6-6c7fef1463ae/scripts/worker_finalization/datapoint_final.args
[16:42:04.248665 INFO] arguments are []
[16:42:04.303635 INFO] Script returned with exit code 0 of class Fixnum
[16:42:04.303969 INFO] Saving report /mnt/openstudio/analysis_fe821d2c-df1e-4105-9ee6-6c7fef1463ae/data_point_7d9aa1c5-cb48-40f7-a947-724aba31371e/run/datapoint_final.log to http://web:80/data_points/7d9aa1c5-cb48-40f7-a947-724aba31371e/upload_file
[16:42:04.404536 INFO] Saving report responded with {"id":"59c931dca2321800caed5cb8","data_point_id":"7d9aa1c5-cb48-40f7-a947-724aba31371e","display_name":"Finalization Script Log","type":"Report","created_at":"2017-09-25T16:42:04.394Z","updated_at":"2017-09-25T16:42:04.394Z"}
[16:42:04.413080 INFO] Finished /opt/openstudio/server/app/workers/run_simulate_data_point.rb
