Cleaning up data_point directory.
Original files:
total 21660
-rw-rw-rw- 1 root root     5490 Sep 25 16:42 7d9aa1c5-cb48-40f7-a947-724aba31371e.log
-rw-rw-rw- 1 root root    66975 Sep 25 16:38 analysis.json
-rw-rw-rw- 1 root root     1030 Sep 25 16:38 data_point.json
-rw-rw-rw- 1 root root     2841 Sep 25 16:38 data_point.osw
-rw-rw-rw- 1 root root  4595455 Sep 25 16:39 in.idf
-rw-rw-rw- 1 root root 17333700 Sep 25 16:39 in.osm
-rw-rw-rw- 1 root root   152951 Sep 25 16:42 out.osw
drwxrwxrwx 2 root root     4096 Sep 25 16:42 reports
drwxrwxrwx 2 root root     4096 Sep 25 16:42 run
total 7328
-rw-rw-r-- 1 root root  574305 Sep 25 16:42 data_point.zip
-rw-rw-rw- 1 root root    8392 Sep 25 16:42 data_point_out.json
-rw-r--r-- 1 root root     587 Sep 25 16:42 datapoint_final.log
-rw-r--r-- 1 root root   22402 Sep 25 16:38 datapoint_init.log
-rw-rw-rw- 1 root root  727849 Sep 25 16:41 enduse_timeseries.csv
-rw-rw-rw- 1 root root     102 Sep 25 16:40 eplusout.end
-rw-rw-rw- 1 root root   36174 Sep 25 16:40 eplusout.err
-rw-rw-rw- 1 root root   57840 Sep 25 16:40 eplusout.mtd
-rw-rw-rw- 1 root root   53879 Sep 25 16:39 eplusout.rdd
-rw-rw-rw- 1 root root  444651 Sep 25 16:40 eplustbl.htm
-rw-rw-rw- 1 root root      43 Sep 25 16:42 finished.job
-rw-rw-rw- 1 root root 4595455 Sep 25 16:39 in.idf
-rw-rw-rw- 1 root root    8392 Sep 25 16:42 measure_attributes.json
-rw-rw-rw- 1 root root   27203 Sep 25 16:38 measures.osw
-rw-rw-rw- 1 root root       3 Sep 25 16:42 objectives.json
-rw-rw-rw- 1 root root    8392 Sep 25 16:42 results.json
-rw-rw-rw- 1 root root  868608 Sep 25 16:42 run.log
-rw-rw-rw- 1 root root      49 Sep 25 16:39 sqlite.err
-rw-rw-rw- 1 root root      42 Sep 25 16:38 started.job
-rw-rw-rw- 1 root root    2429 Sep 25 16:40 stdout-energyplus
-rw-rw-rw- 1 root root      91 Sep 25 16:39 stdout-expandobject
7.2M	data_point_7d9aa1c5-cb48-40f7-a947-724aba31371e/run
440K	data_point_7d9aa1c5-cb48-40f7-a947-724aba31371e/reports
29M	data_point_7d9aa1c5-cb48-40f7-a947-724aba31371e
Final files:
total 244
-rw-rw-rw- 1 root root   5490 Sep 25 16:42 7d9aa1c5-cb48-40f7-a947-724aba31371e.log
-rw-rw-rw- 1 root root  66975 Sep 25 16:38 analysis.json
-rw-rw-rw- 1 root root   1030 Sep 25 16:38 data_point.json
-rw-rw-rw- 1 root root   2841 Sep 25 16:38 data_point.osw
-rw-rw-rw- 1 root root 152951 Sep 25 16:42 out.osw
drwxrwxrwx 2 root root   4096 Sep 25 16:42 reports
drwxrwxrwx 2 root root   4096 Sep 25 16:42 run
total 1304
-rw-rw-r-- 1 root root 574305 Sep 25 16:42 data_point.zip
-rw-r--r-- 1 root root   2438 Sep 25 16:42 datapoint_final.log
-rw-r--r-- 1 root root  22402 Sep 25 16:38 datapoint_init.log
-rw-rw-rw- 1 root root 727849 Sep 25 16:41 enduse_timeseries.csv
1.3M	data_point_7d9aa1c5-cb48-40f7-a947-724aba31371e/run
440K	data_point_7d9aa1c5-cb48-40f7-a947-724aba31371e/reports
2.0M	data_point_7d9aa1c5-cb48-40f7-a947-724aba31371e
