# Logfile created on 2019-02-08 21:47:40 +0000 by logger.rb/47272
[21:47:40.695768 INFO] Checking for presence of args file at /mnt/openstudio/analysis_5b8bf959-6b87-4318-911c-88038d7f0940/scripts/data_point/initialize.args
[21:47:40.695831 INFO] Checking for presence of script file at /mnt/openstudio/analysis_5b8bf959-6b87-4318-911c-88038d7f0940/scripts/data_point/initialize.sh
[21:47:40.703502 INFO] Server host is http://web:80
[21:47:40.703590 INFO] Analysis directory is /mnt/openstudio/analysis_5b8bf959-6b87-4318-911c-88038d7f0940
[21:47:40.703652 INFO] Simulation directory is /mnt/openstudio/analysis_5b8bf959-6b87-4318-911c-88038d7f0940/data_point_7319a34b-b34d-463b-96ce-3cba1f205263
[21:47:40.703708 INFO] Run datapoint type/file is 
[21:47:40.703758 INFO] Starting initialize_worker for datapoint 7319a34b-b34d-463b-96ce-3cba1f205263
[21:47:40.704020 INFO] Downloading analysis zip from http://web:80/analyses/5b8bf959-6b87-4318-911c-88038d7f0940/download_analysis_zip
[21:47:43.833052 INFO] Extracting analysis zip to /mnt/openstudio/analysis_5b8bf959-6b87-4318-911c-88038d7f0940
[21:48:23.624417 INFO] Downloading analysis.json from http://web:80/analyses/5b8bf959-6b87-4318-911c-88038d7f0940.json
[21:48:23.677106 DEBUG] Running datapoint initialization file if present.
[21:48:23.677691 INFO] Checking for presence of args file at /mnt/openstudio/analysis_5b8bf959-6b87-4318-911c-88038d7f0940/scripts/data_point/initialize.args
[21:48:23.677986 INFO]  args loaded from file /mnt/openstudio/analysis_5b8bf959-6b87-4318-911c-88038d7f0940/scripts/data_point/initialize.args: ["https://s3.amazonaws.com/epwweatherfiles/project_resstock_national.zip"]
[21:48:23.678023 INFO] Checking for presence of script file at /mnt/openstudio/analysis_5b8bf959-6b87-4318-911c-88038d7f0940/scripts/data_point/initialize.sh
[21:48:23.678284 DEBUG] updating permissions for /mnt/openstudio/analysis_5b8bf959-6b87-4318-911c-88038d7f0940/scripts/data_point/initialize.sh
[21:48:23.678353 DEBUG] removing DOS endings for /mnt/openstudio/analysis_5b8bf959-6b87-4318-911c-88038d7f0940/scripts/data_point/initialize.sh
[21:48:23.678624 DEBUG] running /mnt/openstudio/analysis_5b8bf959-6b87-4318-911c-88038d7f0940/scripts/data_point/initialize.sh
[21:48:28.008752 DEBUG] Script returned with exit code 0 of class Fixnum
[21:48:28.008934 INFO] Finished worker initialization
[21:48:28.027337 INFO] Downloading datapoint from http://web:80/data_points/7319a34b-b34d-463b-96ce-3cba1f205263.json
[21:48:28.045924 INFO] Creating Workflow Manager instance
[21:48:28.046049 INFO] Directory is /mnt/openstudio/analysis_5b8bf959-6b87-4318-911c-88038d7f0940/data_point_7319a34b-b34d-463b-96ce-3cba1f205263
[21:48:28.046168 INFO] Opening run.log file '/mnt/openstudio/analysis_5b8bf959-6b87-4318-911c-88038d7f0940/data_point_7319a34b-b34d-463b-96ce-3cba1f205263/run/run.log'
[21:48:28.046372 WARN] OPENSTUDIO_EXE_PATH not set - defaulting to /usr/local/bin/openstudio
[21:48:28.046983 INFO] Running workflow using cmd /usr/local/bin/openstudio --verbose --bundle /var/oscli/Gemfile --bundle_path /var/oscli/gems run --workflow /mnt/openstudio/analysis_5b8bf959-6b87-4318-911c-88038d7f0940/data_point_7319a34b-b34d-463b-96ce-3cba1f205263/data_point.osw --debug and writing log to /mnt/openstudio/analysis_5b8bf959-6b87-4318-911c-88038d7f0940/data_point_7319a34b-b34d-463b-96ce-3cba1f205263/oscli_simulation.log
[21:49:54.641606 INFO] Saving files/reports back to the server
[21:49:54.641944 INFO] Saving report /mnt/openstudio/analysis_5b8bf959-6b87-4318-911c-88038d7f0940/data_point_7319a34b-b34d-463b-96ce-3cba1f205263/reports/eplustbl.html to http://web:80/data_points/7319a34b-b34d-463b-96ce-3cba1f205263/upload_file
[21:49:54.952647 INFO] Saving report responded with {"id":"5c5df9827899b500ca813b7e","data_point_id":"7319a34b-b34d-463b-96ce-3cba1f205263","display_name":"eplustbl","type":"Report","created_at":"2019-02-08T21:49:54.911Z","updated_at":"2019-02-08T21:49:54.911Z"}
[21:49:54.952950 INFO] Saving report /mnt/openstudio/analysis_5b8bf959-6b87-4318-911c-88038d7f0940/data_point_7319a34b-b34d-463b-96ce-3cba1f205263/run/objectives.json to http://web:80/data_points/7319a34b-b34d-463b-96ce-3cba1f205263/upload_file
[21:49:55.008818 INFO] Saving report responded with {"id":"5c5df9827899b50121813b80","data_point_id":"7319a34b-b34d-463b-96ce-3cba1f205263","display_name":"objectives","type":"Report","created_at":"2019-02-08T21:49:54.993Z","updated_at":"2019-02-08T21:49:54.993Z"}
[21:49:55.009155 INFO] Saving report /mnt/openstudio/analysis_5b8bf959-6b87-4318-911c-88038d7f0940/data_point_7319a34b-b34d-463b-96ce-3cba1f205263/out.osw to http://web:80/data_points/7319a34b-b34d-463b-96ce-3cba1f205263/upload_file
[21:49:55.067522 INFO] Saving report responded with {"id":"5c5df9837899b5012a813b7f","data_point_id":"7319a34b-b34d-463b-96ce-3cba1f205263","display_name":"Final OSW File","type":"Report","created_at":"2019-02-08T21:49:55.050Z","updated_at":"2019-02-08T21:49:55.050Z"}
[21:49:55.068012 INFO] Saving report /mnt/openstudio/analysis_5b8bf959-6b87-4318-911c-88038d7f0940/data_point_7319a34b-b34d-463b-96ce-3cba1f205263/run/data_point.zip to http://web:80/data_points/7319a34b-b34d-463b-96ce-3cba1f205263/upload_file
[21:49:55.114101 INFO] Saving report responded with {"id":"5c5df9837899b5010c813b80","data_point_id":"7319a34b-b34d-463b-96ce-3cba1f205263","display_name":"Zip File","type":"Data Point","created_at":"2019-02-08T21:49:55.099Z","updated_at":"2019-02-08T21:49:55.099Z"}
[21:49:55.114632 INFO] Checking for presence of args file at /mnt/openstudio/analysis_5b8bf959-6b87-4318-911c-88038d7f0940/scripts/data_point/finalize.args
[21:49:55.114737 INFO]  args loaded from file /mnt/openstudio/analysis_5b8bf959-6b87-4318-911c-88038d7f0940/scripts/data_point/finalize.args: []
[21:49:55.114771 INFO] Checking for presence of script file at /mnt/openstudio/analysis_5b8bf959-6b87-4318-911c-88038d7f0940/scripts/data_point/finalize.sh
[21:49:55.114854 DEBUG] updating permissions for /mnt/openstudio/analysis_5b8bf959-6b87-4318-911c-88038d7f0940/scripts/data_point/finalize.sh
[21:49:55.114901 DEBUG] removing DOS endings for /mnt/openstudio/analysis_5b8bf959-6b87-4318-911c-88038d7f0940/scripts/data_point/finalize.sh
[21:49:55.116217 DEBUG] running /mnt/openstudio/analysis_5b8bf959-6b87-4318-911c-88038d7f0940/scripts/data_point/finalize.sh
[21:49:55.154915 DEBUG] Script returned with exit code 0 of class Fixnum
[21:49:55.452735 INFO] Finished /opt/openstudio/server/app/jobs/dj_jobs/run_simulate_data_point.rb
