# Logfile created on 2017-09-25 16:35:43 +0000 by logger.rb/47272
[16:35:43.008747 INFO] Server host is http://web:80
[16:35:43.008813 INFO] Analysis directory is /mnt/openstudio/analysis_fe821d2c-df1e-4105-9ee6-6c7fef1463ae
[16:35:43.008863 INFO] Simulation directory is /mnt/openstudio/analysis_fe821d2c-df1e-4105-9ee6-6c7fef1463ae/data_point_46726b41-6aed-49a8-b2fd-393a3426c887
[16:35:43.008891 INFO] Run datapoint type/file is workflow
[16:35:43.008924 INFO] Starting initialize_worker for datapoint 46726b41-6aed-49a8-b2fd-393a3426c887
[16:35:43.008971 INFO] receipt_file already exists, moving on
[16:35:43.014960 INFO] Downloading datapoint from http://web:80/data_points/46726b41-6aed-49a8-b2fd-393a3426c887.json
[16:35:43.027763 INFO] Creating Workflow Manager instance
[16:35:43.027856 INFO] Directory is /mnt/openstudio/analysis_fe821d2c-df1e-4105-9ee6-6c7fef1463ae/data_point_46726b41-6aed-49a8-b2fd-393a3426c887
[16:35:43.027910 INFO] Opening run.log file '/mnt/openstudio/analysis_fe821d2c-df1e-4105-9ee6-6c7fef1463ae/data_point_46726b41-6aed-49a8-b2fd-393a3426c887/run/run.log'
[16:35:43.038531 INFO] Running workflow
[16:39:39.555091 INFO] Final run state is finished
[16:39:39.755271 INFO] Saving files/reports back to the server
[16:39:39.755571 INFO] Saving report /mnt/openstudio/analysis_fe821d2c-df1e-4105-9ee6-6c7fef1463ae/data_point_46726b41-6aed-49a8-b2fd-393a3426c887/reports/eplustbl.html to http://web:80/data_points/46726b41-6aed-49a8-b2fd-393a3426c887/upload_file
[16:39:39.802366 INFO] Saving report responded with {"id":"59c9314ba2321800caed5c3b","data_point_id":"46726b41-6aed-49a8-b2fd-393a3426c887","display_name":"eplustbl","type":"Report","created_at":"2017-09-25T16:39:39.791Z","updated_at":"2017-09-25T16:39:39.791Z"}
[16:39:39.802659 INFO] Saving report /mnt/openstudio/analysis_fe821d2c-df1e-4105-9ee6-6c7fef1463ae/data_point_46726b41-6aed-49a8-b2fd-393a3426c887/run/objectives.json to http://web:80/data_points/46726b41-6aed-49a8-b2fd-393a3426c887/upload_file
[16:39:39.826266 INFO] Saving report responded with {"id":"59c9314ba2321800caed5c3c","data_point_id":"46726b41-6aed-49a8-b2fd-393a3426c887","display_name":"objectives","type":"Report","created_at":"2017-09-25T16:39:39.816Z","updated_at":"2017-09-25T16:39:39.816Z"}
[16:39:39.826510 INFO] Saving report /mnt/openstudio/analysis_fe821d2c-df1e-4105-9ee6-6c7fef1463ae/data_point_46726b41-6aed-49a8-b2fd-393a3426c887/out.osw to http://web:80/data_points/46726b41-6aed-49a8-b2fd-393a3426c887/upload_file
[16:39:39.856901 INFO] Saving report responded with {"id":"59c9314ba2321800caed5c3d","data_point_id":"46726b41-6aed-49a8-b2fd-393a3426c887","display_name":"Final OSW File","type":"Report","created_at":"2017-09-25T16:39:39.846Z","updated_at":"2017-09-25T16:39:39.846Z"}
[16:39:39.857166 INFO] Saving report /mnt/openstudio/analysis_fe821d2c-df1e-4105-9ee6-6c7fef1463ae/data_point_46726b41-6aed-49a8-b2fd-393a3426c887/in.osm to http://web:80/data_points/46726b41-6aed-49a8-b2fd-393a3426c887/upload_file
[16:39:40.771871 INFO] Saving report responded with {"id":"59c9314ca2321800caed5c3e","data_point_id":"46726b41-6aed-49a8-b2fd-393a3426c887","display_name":"model","type":"OpenStudio Model","created_at":"2017-09-25T16:39:40.613Z","updated_at":"2017-09-25T16:39:40.613Z"}
[16:39:40.772190 INFO] Saving report /mnt/openstudio/analysis_fe821d2c-df1e-4105-9ee6-6c7fef1463ae/data_point_46726b41-6aed-49a8-b2fd-393a3426c887/run/data_point.zip to http://web:80/data_points/46726b41-6aed-49a8-b2fd-393a3426c887/upload_file
[16:39:40.837794 INFO] Saving report responded with {"id":"59c9314ca2321800caed5c3f","data_point_id":"46726b41-6aed-49a8-b2fd-393a3426c887","display_name":"Zip File","type":"Data Point","created_at":"2017-09-25T16:39:40.827Z","updated_at":"2017-09-25T16:39:40.827Z"}
[16:39:40.838264 INFO] Found data point finalization file datapoint_final.sh.
[16:39:40.838393 INFO] Preparing to run finalization script /mnt/openstudio/analysis_fe821d2c-df1e-4105-9ee6-6c7fef1463ae/scripts/worker_finalization/datapoint_final.sh
[16:39:40.838787 INFO] Looking for argument file /mnt/openstudio/analysis_fe821d2c-df1e-4105-9ee6-6c7fef1463ae/scripts/worker_finalization/datapoint_final.args
[16:39:40.838848 INFO] argument file exists /mnt/openstudio/analysis_fe821d2c-df1e-4105-9ee6-6c7fef1463ae/scripts/worker_finalization/datapoint_final.args
[16:39:40.839049 INFO] arguments are []
[16:39:40.913046 INFO] Script returned with exit code 0 of class Fixnum
[16:39:40.913365 INFO] Saving report /mnt/openstudio/analysis_fe821d2c-df1e-4105-9ee6-6c7fef1463ae/data_point_46726b41-6aed-49a8-b2fd-393a3426c887/run/datapoint_final.log to http://web:80/data_points/46726b41-6aed-49a8-b2fd-393a3426c887/upload_file
[16:39:40.938054 INFO] Saving report responded with {"id":"59c9314ca2321800caed5c40","data_point_id":"46726b41-6aed-49a8-b2fd-393a3426c887","display_name":"Finalization Script Log","type":"Report","created_at":"2017-09-25T16:39:40.927Z","updated_at":"2017-09-25T16:39:40.927Z"}
[16:39:40.946427 INFO] Finished /opt/openstudio/server/app/workers/run_simulate_data_point.rb
