Cleaning up data_point directory.
Original files:
total 21672
-rw-rw-rw- 1 root root     4385 Sep 25 16:39 46726b41-6aed-49a8-b2fd-393a3426c887.log
-rw-rw-rw- 1 root root    66975 Sep 25 16:35 analysis.json
-rw-rw-rw- 1 root root     1030 Sep 25 16:35 data_point.json
-rw-rw-rw- 1 root root     2841 Sep 25 16:35 data_point.osw
-rw-rw-rw- 1 root root  4603521 Sep 25 16:36 in.idf
-rw-rw-rw- 1 root root 17340939 Sep 25 16:36 in.osm
-rw-rw-rw- 1 root root   148374 Sep 25 16:39 out.osw
drwxrwxrwx 2 root root     4096 Sep 25 16:39 reports
drwxrwxrwx 2 root root     4096 Sep 25 16:39 run
total 7512
-rw-rw-r-- 1 root root  628803 Sep 25 16:39 data_point.zip
-rw-rw-rw- 1 root root    8352 Sep 25 16:39 data_point_out.json
-rw-r--r-- 1 root root     587 Sep 25 16:39 datapoint_final.log
-rw-rw-rw- 1 root root  830223 Sep 25 16:39 enduse_timeseries.csv
-rw-rw-rw- 1 root root      99 Sep 25 16:38 eplusout.end
-rw-rw-rw- 1 root root   35096 Sep 25 16:38 eplusout.err
-rw-rw-rw- 1 root root   53913 Sep 25 16:38 eplusout.mtd
-rw-rw-rw- 1 root root   54519 Sep 25 16:37 eplusout.rdd
-rw-rw-rw- 1 root root  502806 Sep 25 16:38 eplustbl.htm
-rw-rw-rw- 1 root root      43 Sep 25 16:39 finished.job
-rw-rw-rw- 1 root root 4603521 Sep 25 16:36 in.idf
-rw-rw-rw- 1 root root    8352 Sep 25 16:39 measure_attributes.json
-rw-rw-rw- 1 root root   26920 Sep 25 16:35 measures.osw
-rw-rw-rw- 1 root root       3 Sep 25 16:39 objectives.json
-rw-rw-rw- 1 root root    8352 Sep 25 16:39 results.json
-rw-rw-rw- 1 root root  865027 Sep 25 16:39 run.log
-rw-rw-rw- 1 root root      49 Sep 25 16:37 sqlite.err
-rw-rw-rw- 1 root root      42 Sep 25 16:35 started.job
-rw-rw-rw- 1 root root    2351 Sep 25 16:38 stdout-energyplus
-rw-rw-rw- 1 root root      91 Sep 25 16:37 stdout-expandobject
7.4M	data_point_46726b41-6aed-49a8-b2fd-393a3426c887/run
496K	data_point_46726b41-6aed-49a8-b2fd-393a3426c887/reports
29M	data_point_46726b41-6aed-49a8-b2fd-393a3426c887
Final files:
total 240
-rw-rw-rw- 1 root root   4385 Sep 25 16:39 46726b41-6aed-49a8-b2fd-393a3426c887.log
-rw-rw-rw- 1 root root  66975 Sep 25 16:35 analysis.json
-rw-rw-rw- 1 root root   1030 Sep 25 16:35 data_point.json
-rw-rw-rw- 1 root root   2841 Sep 25 16:35 data_point.osw
-rw-rw-rw- 1 root root 148374 Sep 25 16:39 out.osw
drwxrwxrwx 2 root root   4096 Sep 25 16:39 reports
drwxrwxrwx 2 root root   4096 Sep 25 16:39 run
total 1432
-rw-rw-r-- 1 root root 628803 Sep 25 16:39 data_point.zip
-rw-r--r-- 1 root root   2375 Sep 25 16:39 datapoint_final.log
-rw-rw-rw- 1 root root 830223 Sep 25 16:39 enduse_timeseries.csv
1.5M	data_point_46726b41-6aed-49a8-b2fd-393a3426c887/run
496K	data_point_46726b41-6aed-49a8-b2fd-393a3426c887/reports
2.2M	data_point_46726b41-6aed-49a8-b2fd-393a3426c887
