# Logfile created on 2016-04-06 13:05:59 -0600 by logger.rb/44203
I, [2016-04-06T13:05:59.934477 #8268]  INFO -- : get http://bball-130590.nrel.gov:8080/status.json
D, [2016-04-06T13:05:59.934477 #8268] DEBUG -- request: User-Agent: "Faraday v0.9.2"
I, [2016-04-06T13:06:00.238487 #8268]  INFO -- Status: 200
D, [2016-04-06T13:06:00.238487 #8268] DEBUG -- response: date: "Wed, 06 Apr 2016 18:54:19 GMT"
server: "Apache"
x-ua-compatible: "IE=Edge"
cache-control: "max-age=0, private, must-revalidate"
x-meta-request-version: "0.4.0"
x-request-id: "6be2e60f6687be627f6ac5541badc8d0"
x-runtime: "0.261800"
x-powered-by: "Phusion Passenger 4.0.50"
etag: "\"6a8f11c44be0ce02dd9f6137321f343c\""
status: "200 OK"
connection: "close"
transfer-encoding: "chunked"
content-type: "application/json; charset=utf-8"
I, [2016-04-06T13:06:00.238487 #8268]  INFO -- : post http://bball-130590.nrel.gov:8080/projects.json
D, [2016-04-06T13:06:00.238487 #8268] DEBUG -- request: User-Agent: "Faraday v0.9.2"
Content-Type: "application/json"
I, [2016-04-06T13:06:00.308489 #8268]  INFO -- Status: 201
D, [2016-04-06T13:06:00.308489 #8268] DEBUG -- response: date: "Wed, 06 Apr 2016 18:54:19 GMT"
server: "Apache"
x-ua-compatible: "IE=Edge"
cache-control: "max-age=0, private, must-revalidate"
x-meta-request-version: "0.4.0"
x-request-id: "cbf58aa9af7ea35e7ecf98ec9ba9fc45"
x-runtime: "0.050486"
x-powered-by: "Phusion Passenger 4.0.50"
set-cookie: "_openstudio-server_session=BAh7BkkiD3Nlc3Npb25faWQGOgZFVEkiJTY3M2NhNTU4MTAxNDEwZWFmYjFmN2Q3MjkzNzA4ZGE4BjsAVA%3D%3D--dabb74aecce35ce91857a8b3346dbb1849fae7f1; path=/; HttpOnly"
location: "http://bball-130590.nrel.gov:8080/projects/01bde895-0df0-4018-839f-681ea536a4d3"
etag: "\"66415231a43c915dbc08f51941a2c0d1\""
status: "201 Created"
connection: "close"
transfer-encoding: "chunked"
content-type: "application/json; charset=utf-8"
I, [2016-04-06T13:06:00.308489 #8268]  INFO -- : post http://bball-130590.nrel.gov:8080/projects/01bde895-0df0-4018-839f-681ea536a4d3/analyses.json
D, [2016-04-06T13:06:00.308489 #8268] DEBUG -- request: User-Agent: "Faraday v0.9.2"
Content-Type: "application/json"
I, [2016-04-06T13:06:01.105517 #8268]  INFO -- Status: 201
D, [2016-04-06T13:06:01.105517 #8268] DEBUG -- response: date: "Wed, 06 Apr 2016 18:54:19 GMT"
server: "Apache"
x-ua-compatible: "IE=Edge"
cache-control: "max-age=0, private, must-revalidate"
x-meta-request-version: "0.4.0"
x-request-id: "d91d8141702b0eb6f8325e84f8ab811c"
x-runtime: "0.780352"
x-powered-by: "Phusion Passenger 4.0.50"
set-cookie: "_openstudio-server_session=BAh7BkkiD3Nlc3Npb25faWQGOgZFVEkiJTg3NzJlNTg4NzFkYTIwN2FjNzY2Mzk3NmJlY2NiZjg2BjsAVA%3D%3D--3d2bc098f11078fb5d0fbb6a8b0217a997c6bf67; path=/; HttpOnly"
location: "http://bball-130590.nrel.gov:8080/analyses/11023f0c-0c91-4bea-8eaa-2eefc7ccb009"
etag: "\"4a273f7f82f4ffcb3fb532fe2b98a328\""
status: "201 Created"
connection: "close"
transfer-encoding: "chunked"
content-type: "application/json; charset=utf-8"
I, [2016-04-06T13:06:01.105517 #8268]  INFO -- : post http://bball-130590.nrel.gov:8080/analyses/11023f0c-0c91-4bea-8eaa-2eefc7ccb009/upload.json
D, [2016-04-06T13:06:01.105517 #8268] DEBUG -- request: User-Agent: "Faraday v0.9.2"
Content-Type: "multipart/form-data; boundary=-----------RubyMultipartPost"
Content-Length: "344537579"
I, [2016-04-06T13:17:19.960442 #11172]  INFO -- : get http://bball-130590.nrel.gov:8080/status.json
D, [2016-04-06T13:17:19.960442 #11172] DEBUG -- request: User-Agent: "Faraday v0.9.2"
I, [2016-04-06T13:17:23.499518 #11172]  INFO -- Status: 200
D, [2016-04-06T13:17:23.499518 #11172] DEBUG -- response: date: "Wed, 06 Apr 2016 19:05:39 GMT"
server: "Apache"
x-ua-compatible: "IE=Edge"
cache-control: "max-age=0, private, must-revalidate"
x-meta-request-version: "0.4.0"
x-request-id: "7d802272d10116b9266cf985137d637f"
x-runtime: "0.328351"
x-powered-by: "Phusion Passenger 4.0.50"
etag: "\"fb7f0075354f0eecf2172b0732eb6d96\""
status: "200 OK"
connection: "close"
transfer-encoding: "chunked"
content-type: "application/json; charset=utf-8"
I, [2016-04-06T13:17:23.499518 #11172]  INFO -- : post http://bball-130590.nrel.gov:8080/projects.json
D, [2016-04-06T13:17:23.499518 #11172] DEBUG -- request: User-Agent: "Faraday v0.9.2"
Content-Type: "application/json"
I, [2016-04-06T13:17:23.569519 #11172]  INFO -- Status: 201
D, [2016-04-06T13:17:23.569519 #11172] DEBUG -- response: date: "Wed, 06 Apr 2016 19:05:43 GMT"
server: "Apache"
x-ua-compatible: "IE=Edge"
cache-control: "max-age=0, private, must-revalidate"
x-meta-request-version: "0.4.0"
x-request-id: "e4f3900aeba2222b14028f7f010d1065"
x-runtime: "0.053514"
x-powered-by: "Phusion Passenger 4.0.50"
set-cookie: "_openstudio-server_session=BAh7BkkiD3Nlc3Npb25faWQGOgZFVEkiJThhN2QzYmQ2YTlmODI4MTFjYzdmNzAxZjNlNGQwMWUyBjsAVA%3D%3D--85c2500437668c91a563de47ae9e4150cf9b824c; path=/; HttpOnly"
location: "http://bball-130590.nrel.gov:8080/projects/55ff29c2-a8c0-422c-8c6f-bb74a6be8e5f"
etag: "\"571a1fc4276fcabf9b4d413b9bb3d8e8\""
status: "201 Created"
connection: "close"
transfer-encoding: "chunked"
content-type: "application/json; charset=utf-8"
I, [2016-04-06T13:17:23.569519 #11172]  INFO -- : post http://bball-130590.nrel.gov:8080/projects/55ff29c2-a8c0-422c-8c6f-bb74a6be8e5f/analyses.json
D, [2016-04-06T13:17:23.569519 #11172] DEBUG -- request: User-Agent: "Faraday v0.9.2"
Content-Type: "application/json"
I, [2016-04-06T13:17:24.299534 #11172]  INFO -- Status: 201
D, [2016-04-06T13:17:24.299534 #11172] DEBUG -- response: date: "Wed, 06 Apr 2016 19:05:43 GMT"
server: "Apache"
x-ua-compatible: "IE=Edge"
cache-control: "max-age=0, private, must-revalidate"
x-meta-request-version: "0.4.0"
x-request-id: "0cfd604b70bc18ee509b01f70105d221"
x-runtime: "0.711065"
x-powered-by: "Phusion Passenger 4.0.50"
set-cookie: "_openstudio-server_session=BAh7BkkiD3Nlc3Npb25faWQGOgZFVEkiJTE1ODUyMzc1MzcxZGFkMTk5MjQ4Y2Q3ZmExMTBmYzM3BjsAVA%3D%3D--10f43c31a02b4a5a248902c51c4a15e4d7ccd975; path=/; HttpOnly"
location: "http://bball-130590.nrel.gov:8080/analyses/c461780f-fed8-40b1-87c7-8edcda0b2a5a"
etag: "\"0e1d912aa6470d06230169da73d2d7f3\""
status: "201 Created"
connection: "close"
transfer-encoding: "chunked"
content-type: "application/json; charset=utf-8"
I, [2016-04-06T13:17:24.299534 #11172]  INFO -- : post http://bball-130590.nrel.gov:8080/analyses/c461780f-fed8-40b1-87c7-8edcda0b2a5a/upload.json
D, [2016-04-06T13:17:24.299534 #11172] DEBUG -- request: User-Agent: "Faraday v0.9.2"
Content-Type: "multipart/form-data; boundary=-----------RubyMultipartPost"
Content-Length: "53124125"
I, [2016-04-06T13:20:53.381313 #11172]  INFO -- Status: 201
D, [2016-04-06T13:20:53.381313 #11172] DEBUG -- response: date: "Wed, 06 Apr 2016 19:05:43 GMT"
server: "Apache"
x-ua-compatible: "IE=Edge"
cache-control: "max-age=0, private, must-revalidate"
x-meta-request-version: "0.4.0"
x-request-id: "0323b6cdc554ffffb9f8b68a18e13719"
x-runtime: "204.285983"
x-powered-by: "Phusion Passenger 4.0.50"
set-cookie: "_openstudio-server_session=BAh7BkkiD3Nlc3Npb25faWQGOgZFVEkiJTcwM2Q1NjdlZDM2MTYzZDdkNGQ4MzU4YjM0MjA4ZTFiBjsAVA%3D%3D--f36ece7da13042db9e77dc88de3321c818b8e412; path=/; HttpOnly"
location: "http://bball-130590.nrel.gov:8080/analyses/c461780f-fed8-40b1-87c7-8edcda0b2a5a"
etag: "\"c2aa553b45b332e421683abfb3fbaa77\""
status: "201 Created"
connection: "close"
transfer-encoding: "chunked"
content-type: "application/json; charset=utf-8"
I, [2016-04-06T13:20:53.389314 #11172]  INFO -- : post http://bball-130590.nrel.gov:8080/analyses/c461780f-fed8-40b1-87c7-8edcda0b2a5a/action.json
D, [2016-04-06T13:20:53.389314 #11172] DEBUG -- request: User-Agent: "Faraday v0.9.2"
Content-Type: "application/json"
I, [2016-04-06T13:20:53.526328 #11172]  INFO -- Status: 200
D, [2016-04-06T13:20:53.526328 #11172] DEBUG -- response: date: "Wed, 06 Apr 2016 19:09:13 GMT"
server: "Apache"
x-ua-compatible: "IE=Edge"
cache-control: "max-age=0, private, must-revalidate"
x-meta-request-version: "0.4.0"
x-request-id: "75fb94828b02078319cc6b511211e696"
x-runtime: "0.124780"
x-powered-by: "Phusion Passenger 4.0.50"
set-cookie: "_openstudio-server_session=BAh7BkkiD3Nlc3Npb25faWQGOgZFVEkiJWI0YmRmMWZjODkyZjcxMzFlZGYzOWEwYmI0ZWZiMTUxBjsAVA%3D%3D--000bc6a0e4401c2d4208b70dba4ba83985f91dbf; path=/; HttpOnly"
etag: "\"22a76bce3b09031a4d0e3ccd997e2538\""
status: "200 OK"
connection: "close"
transfer-encoding: "chunked"
content-type: "application/json; charset=utf-8"
I, [2016-04-06T13:20:53.540329 #11172]  INFO -- : post http://bball-130590.nrel.gov:8080/analyses/c461780f-fed8-40b1-87c7-8edcda0b2a5a/action.json
D, [2016-04-06T13:20:53.540329 #11172] DEBUG -- request: User-Agent: "Faraday v0.9.2"
Content-Type: "application/json"
I, [2016-04-06T13:20:53.616337 #11172]  INFO -- Status: 200
D, [2016-04-06T13:20:53.617337 #11172] DEBUG -- response: date: "Wed, 06 Apr 2016 19:09:13 GMT"
server: "Apache"
x-ua-compatible: "IE=Edge"
cache-control: "max-age=0, private, must-revalidate"
x-meta-request-version: "0.4.0"
x-request-id: "51ea03797964ddfa3c6ba5935ca43c57"
x-runtime: "0.062677"
x-powered-by: "Phusion Passenger 4.0.50"
set-cookie: "_openstudio-server_session=BAh7BkkiD3Nlc3Npb25faWQGOgZFVEkiJWU2NzhkZjMwODE3MjFmNjkwYjZhYzU0MGY2NWJiMTdhBjsAVA%3D%3D--fdb5adaad9968a566d165f4b2530fa963c59ea3f; path=/; HttpOnly"
etag: "\"22a76bce3b09031a4d0e3ccd997e2538\""
status: "200 OK"
connection: "close"
transfer-encoding: "chunked"
content-type: "application/json; charset=utf-8"
I, [2016-04-06T13:21:46.378612 #1600]  INFO -- : get http://bball-130590.nrel.gov:8080/status.json
D, [2016-04-06T13:21:46.378612 #1600] DEBUG -- request: User-Agent: "Faraday v0.9.2"
I, [2016-04-06T13:21:46.467621 #1600]  INFO -- Status: 200
D, [2016-04-06T13:21:46.468621 #1600] DEBUG -- response: date: "Wed, 06 Apr 2016 19:10:06 GMT"
server: "Apache"
x-ua-compatible: "IE=Edge"
cache-control: "max-age=0, private, must-revalidate"
x-meta-request-version: "0.4.0"
x-request-id: "ac54fdb47e8f335d0d9bacae8e2becd0"
x-runtime: "0.066902"
x-powered-by: "Phusion Passenger 4.0.50"
etag: "\"e1be3032c1bf52f9dcf02b32caf26223\""
status: "200 OK"
connection: "close"
transfer-encoding: "chunked"
content-type: "application/json; charset=utf-8"
I, [2016-04-06T13:21:46.469621 #1600]  INFO -- : post http://bball-130590.nrel.gov:8080/projects.json
D, [2016-04-06T13:21:46.470622 #1600] DEBUG -- request: User-Agent: "Faraday v0.9.2"
Content-Type: "application/json"
I, [2016-04-06T13:21:46.503625 #1600]  INFO -- Status: 201
D, [2016-04-06T13:21:46.503625 #1600] DEBUG -- response: date: "Wed, 06 Apr 2016 19:10:06 GMT"
server: "Apache"
x-ua-compatible: "IE=Edge"
cache-control: "max-age=0, private, must-revalidate"
x-meta-request-version: "0.4.0"
x-request-id: "be2b578a08ad16a99e4d9cf2d1f4df9c"
x-runtime: "0.021466"
x-powered-by: "Phusion Passenger 4.0.50"
set-cookie: "_openstudio-server_session=BAh7BkkiD3Nlc3Npb25faWQGOgZFVEkiJTk4YjI1NzJmZmEyY2ViYzdmMjI3MzIyZDcyMWY4MzNjBjsAVA%3D%3D--485950c8f565291c5b8d75a2b0e74f2f01efccfb; path=/; HttpOnly"
location: "http://bball-130590.nrel.gov:8080/projects/5e133f45-5c2b-4b99-98c7-8d442c05515c"
etag: "\"2669c7f147db29e5bcc5566212de7058\""
status: "201 Created"
connection: "close"
transfer-encoding: "chunked"
content-type: "application/json; charset=utf-8"
I, [2016-04-06T13:21:46.507625 #1600]  INFO -- : post http://bball-130590.nrel.gov:8080/projects/5e133f45-5c2b-4b99-98c7-8d442c05515c/analyses.json
D, [2016-04-06T13:21:46.507625 #1600] DEBUG -- request: User-Agent: "Faraday v0.9.2"
Content-Type: "application/json"
I, [2016-04-06T13:21:46.860661 #1600]  INFO -- Status: 201
D, [2016-04-06T13:21:46.860661 #1600] DEBUG -- response: date: "Wed, 06 Apr 2016 19:10:06 GMT"
server: "Apache"
x-ua-compatible: "IE=Edge"
cache-control: "max-age=0, private, must-revalidate"
x-meta-request-version: "0.4.0"
x-request-id: "4c3a3053a04b398b8dd386274d63d4af"
x-runtime: "0.328672"
x-powered-by: "Phusion Passenger 4.0.50"
set-cookie: "_openstudio-server_session=BAh7BkkiD3Nlc3Npb25faWQGOgZFVEkiJTBiM2M1ZDQxY2I0ODc0MWUyZmQ5MzRmYzhkMjVkZDdkBjsAVA%3D%3D--f90d40fef40d138d12532c6d85368e8929b44ceb; path=/; HttpOnly"
location: "http://bball-130590.nrel.gov:8080/analyses/7d5ac557-9831-4abd-844a-0858d5189a0c"
etag: "\"f63c32fde46afa238a0ea9c48cefdca1\""
status: "201 Created"
connection: "close"
transfer-encoding: "chunked"
content-type: "application/json; charset=utf-8"
I, [2016-04-06T13:21:46.864661 #1600]  INFO -- : post http://bball-130590.nrel.gov:8080/analyses/7d5ac557-9831-4abd-844a-0858d5189a0c/upload.json
D, [2016-04-06T13:21:46.864661 #1600] DEBUG -- request: User-Agent: "Faraday v0.9.2"
Content-Type: "multipart/form-data; boundary=-----------RubyMultipartPost"
Content-Length: "53124125"
I, [2016-04-06T13:24:43.340548 #1600]  INFO -- Status: 201
D, [2016-04-06T13:24:43.340548 #1600] DEBUG -- response: date: "Wed, 06 Apr 2016 19:10:06 GMT"
server: "Apache"
x-ua-compatible: "IE=Edge"
cache-control: "max-age=0, private, must-revalidate"
x-meta-request-version: "0.4.0"
x-request-id: "b3185d5f03731d686c16a3346b6cbb5e"
x-runtime: "171.673410"
x-powered-by: "Phusion Passenger 4.0.50"
set-cookie: "_openstudio-server_session=BAh7BkkiD3Nlc3Npb25faWQGOgZFVEkiJThjMjUyZDBhNGI4MTA3YzM3MTc4OTMxMTYwYjNiMTViBjsAVA%3D%3D--4be4f4177f17b7f1ce6e0b42071edf1b614c80bf; path=/; HttpOnly"
location: "http://bball-130590.nrel.gov:8080/analyses/7d5ac557-9831-4abd-844a-0858d5189a0c"
etag: "\"4c4ef48de00ff4dd084c2c85b2d32268\""
status: "201 Created"
connection: "close"
transfer-encoding: "chunked"
content-type: "application/json; charset=utf-8"
I, [2016-04-06T13:24:43.345549 #1600]  INFO -- : post http://bball-130590.nrel.gov:8080/analyses/7d5ac557-9831-4abd-844a-0858d5189a0c/action.json
D, [2016-04-06T13:24:43.345549 #1600] DEBUG -- request: User-Agent: "Faraday v0.9.2"
Content-Type: "application/json"
I, [2016-04-06T13:24:43.438558 #1600]  INFO -- Status: 200
D, [2016-04-06T13:24:43.439558 #1600] DEBUG -- response: date: "Wed, 06 Apr 2016 19:13:02 GMT"
server: "Apache"
x-ua-compatible: "IE=Edge"
cache-control: "max-age=0, private, must-revalidate"
x-meta-request-version: "0.4.0"
x-request-id: "797a7dd648f27e176ad1c9f2b113f58b"
x-runtime: "0.079239"
x-powered-by: "Phusion Passenger 4.0.50"
set-cookie: "_openstudio-server_session=BAh7BkkiD3Nlc3Npb25faWQGOgZFVEkiJTNkMjQ0ODJjNDdkMWQ2ODJjZDViOTkzNDQ4OWVmOTY1BjsAVA%3D%3D--de7cb66acaf482ffeb99cbd3abba778e08fa554f; path=/; HttpOnly"
etag: "\"7cd8c67eaa990e35a8ad694e220d8115\""
status: "200 OK"
connection: "close"
transfer-encoding: "chunked"
content-type: "application/json; charset=utf-8"
I, [2016-04-06T13:24:43.444559 #1600]  INFO -- : post http://bball-130590.nrel.gov:8080/analyses/7d5ac557-9831-4abd-844a-0858d5189a0c/action.json
D, [2016-04-06T13:24:43.445559 #1600] DEBUG -- request: User-Agent: "Faraday v0.9.2"
Content-Type: "application/json"
I, [2016-04-06T13:24:43.528567 #1600]  INFO -- Status: 200
D, [2016-04-06T13:24:43.529567 #1600] DEBUG -- response: date: "Wed, 06 Apr 2016 19:13:03 GMT"
server: "Apache"
x-ua-compatible: "IE=Edge"
cache-control: "max-age=0, private, must-revalidate"
x-meta-request-version: "0.4.0"
x-request-id: "d6297a4ee3187077f79b776568079e63"
x-runtime: "0.068432"
x-powered-by: "Phusion Passenger 4.0.50"
set-cookie: "_openstudio-server_session=BAh7BkkiD3Nlc3Npb25faWQGOgZFVEkiJTI0Yzk3YjA5ZDY1MTE5NzA1ZTJiOTU3ZjhiNTRlNGFjBjsAVA%3D%3D--fed11eac86bfe4d40b4be841d73a7161e9355c96; path=/; HttpOnly"
etag: "\"7cd8c67eaa990e35a8ad694e220d8115\""
status: "200 OK"
connection: "close"
transfer-encoding: "chunked"
content-type: "application/json; charset=utf-8"
