# Logfile created on 2019-02-08 21:47:40 +0000 by logger.rb/47272
[21:47:40.306781 INFO] Checking for presence of args file at /mnt/openstudio/analysis_5b8bf959-6b87-4318-911c-88038d7f0940/scripts/data_point/initialize.args
[21:47:40.306847 INFO] Checking for presence of script file at /mnt/openstudio/analysis_5b8bf959-6b87-4318-911c-88038d7f0940/scripts/data_point/initialize.sh
[21:47:40.315085 INFO] Server host is http://web:80
[21:47:40.315176 INFO] Analysis directory is /mnt/openstudio/analysis_5b8bf959-6b87-4318-911c-88038d7f0940
[21:47:40.315241 INFO] Simulation directory is /mnt/openstudio/analysis_5b8bf959-6b87-4318-911c-88038d7f0940/data_point_3d80e7cc-c0cb-48d2-8f22-cbe71db1b23f
[21:47:40.315293 INFO] Run datapoint type/file is 
[21:47:40.315345 INFO] Starting initialize_worker for datapoint 3d80e7cc-c0cb-48d2-8f22-cbe71db1b23f
[21:47:40.315623 INFO] Downloading analysis zip from http://web:80/analyses/5b8bf959-6b87-4318-911c-88038d7f0940/download_analysis_zip
[21:47:46.035802 INFO] Extracting analysis zip to /mnt/openstudio/analysis_5b8bf959-6b87-4318-911c-88038d7f0940
[21:48:26.684365 INFO] Downloading analysis.json from http://web:80/analyses/5b8bf959-6b87-4318-911c-88038d7f0940.json
[21:48:26.747712 DEBUG] Running datapoint initialization file if present.
[21:48:26.748071 INFO] Checking for presence of args file at /mnt/openstudio/analysis_5b8bf959-6b87-4318-911c-88038d7f0940/scripts/data_point/initialize.args
[21:48:26.748296 INFO]  args loaded from file /mnt/openstudio/analysis_5b8bf959-6b87-4318-911c-88038d7f0940/scripts/data_point/initialize.args: ["https://s3.amazonaws.com/epwweatherfiles/project_resstock_national.zip"]
[21:48:26.748336 INFO] Checking for presence of script file at /mnt/openstudio/analysis_5b8bf959-6b87-4318-911c-88038d7f0940/scripts/data_point/initialize.sh
[21:48:26.748517 DEBUG] updating permissions for /mnt/openstudio/analysis_5b8bf959-6b87-4318-911c-88038d7f0940/scripts/data_point/initialize.sh
[21:48:26.748572 DEBUG] removing DOS endings for /mnt/openstudio/analysis_5b8bf959-6b87-4318-911c-88038d7f0940/scripts/data_point/initialize.sh
[21:48:26.748825 DEBUG] running /mnt/openstudio/analysis_5b8bf959-6b87-4318-911c-88038d7f0940/scripts/data_point/initialize.sh
[21:48:29.605099 DEBUG] Script returned with exit code 0 of class Fixnum
[21:48:29.605271 INFO] Finished worker initialization
[21:48:29.621158 INFO] Downloading datapoint from http://web:80/data_points/3d80e7cc-c0cb-48d2-8f22-cbe71db1b23f.json
[21:48:29.634894 INFO] Creating Workflow Manager instance
[21:48:29.634978 INFO] Directory is /mnt/openstudio/analysis_5b8bf959-6b87-4318-911c-88038d7f0940/data_point_3d80e7cc-c0cb-48d2-8f22-cbe71db1b23f
[21:48:29.635053 INFO] Opening run.log file '/mnt/openstudio/analysis_5b8bf959-6b87-4318-911c-88038d7f0940/data_point_3d80e7cc-c0cb-48d2-8f22-cbe71db1b23f/run/run.log'
[21:48:29.635164 WARN] OPENSTUDIO_EXE_PATH not set - defaulting to /usr/local/bin/openstudio
[21:48:29.635466 INFO] Running workflow using cmd /usr/local/bin/openstudio --verbose --bundle /var/oscli/Gemfile --bundle_path /var/oscli/gems run --workflow /mnt/openstudio/analysis_5b8bf959-6b87-4318-911c-88038d7f0940/data_point_3d80e7cc-c0cb-48d2-8f22-cbe71db1b23f/data_point.osw --debug and writing log to /mnt/openstudio/analysis_5b8bf959-6b87-4318-911c-88038d7f0940/data_point_3d80e7cc-c0cb-48d2-8f22-cbe71db1b23f/oscli_simulation.log
[21:49:54.539450 INFO] Saving files/reports back to the server
[21:49:54.595539 INFO] Saving report /mnt/openstudio/analysis_5b8bf959-6b87-4318-911c-88038d7f0940/data_point_3d80e7cc-c0cb-48d2-8f22-cbe71db1b23f/reports/eplustbl.html to http://web:80/data_points/3d80e7cc-c0cb-48d2-8f22-cbe71db1b23f/upload_file
[21:49:54.662422 INFO] Saving report responded with {"id":"5c5df9827899b50121813b7b","data_point_id":"3d80e7cc-c0cb-48d2-8f22-cbe71db1b23f","display_name":"eplustbl","type":"Report","created_at":"2019-02-08T21:49:54.638Z","updated_at":"2019-02-08T21:49:54.638Z"}
[21:49:54.662695 INFO] Saving report /mnt/openstudio/analysis_5b8bf959-6b87-4318-911c-88038d7f0940/data_point_3d80e7cc-c0cb-48d2-8f22-cbe71db1b23f/run/objectives.json to http://web:80/data_points/3d80e7cc-c0cb-48d2-8f22-cbe71db1b23f/upload_file
[21:49:54.819440 INFO] Saving report responded with {"id":"5c5df9827899b500fb813b7d","data_point_id":"3d80e7cc-c0cb-48d2-8f22-cbe71db1b23f","display_name":"objectives","type":"Report","created_at":"2019-02-08T21:49:54.802Z","updated_at":"2019-02-08T21:49:54.802Z"}
[21:49:54.819729 INFO] Saving report /mnt/openstudio/analysis_5b8bf959-6b87-4318-911c-88038d7f0940/data_point_3d80e7cc-c0cb-48d2-8f22-cbe71db1b23f/out.osw to http://web:80/data_points/3d80e7cc-c0cb-48d2-8f22-cbe71db1b23f/upload_file
[21:49:54.978430 INFO] Saving report responded with {"id":"5c5df9827899b5010c813b7d","data_point_id":"3d80e7cc-c0cb-48d2-8f22-cbe71db1b23f","display_name":"Final OSW File","type":"Report","created_at":"2019-02-08T21:49:54.960Z","updated_at":"2019-02-08T21:49:54.960Z"}
[21:49:54.978715 INFO] Saving report /mnt/openstudio/analysis_5b8bf959-6b87-4318-911c-88038d7f0940/data_point_3d80e7cc-c0cb-48d2-8f22-cbe71db1b23f/run/data_point.zip to http://web:80/data_points/3d80e7cc-c0cb-48d2-8f22-cbe71db1b23f/upload_file
[21:49:55.068076 INFO] Saving report responded with {"id":"5c5df9837899b500ca813b80","data_point_id":"3d80e7cc-c0cb-48d2-8f22-cbe71db1b23f","display_name":"Zip File","type":"Data Point","created_at":"2019-02-08T21:49:55.050Z","updated_at":"2019-02-08T21:49:55.050Z"}
[21:49:55.068552 INFO] Checking for presence of args file at /mnt/openstudio/analysis_5b8bf959-6b87-4318-911c-88038d7f0940/scripts/data_point/finalize.args
[21:49:55.068691 INFO]  args loaded from file /mnt/openstudio/analysis_5b8bf959-6b87-4318-911c-88038d7f0940/scripts/data_point/finalize.args: []
[21:49:55.068729 INFO] Checking for presence of script file at /mnt/openstudio/analysis_5b8bf959-6b87-4318-911c-88038d7f0940/scripts/data_point/finalize.sh
[21:49:55.068988 DEBUG] updating permissions for /mnt/openstudio/analysis_5b8bf959-6b87-4318-911c-88038d7f0940/scripts/data_point/finalize.sh
[21:49:55.069038 DEBUG] removing DOS endings for /mnt/openstudio/analysis_5b8bf959-6b87-4318-911c-88038d7f0940/scripts/data_point/finalize.sh
[21:49:55.069257 DEBUG] running /mnt/openstudio/analysis_5b8bf959-6b87-4318-911c-88038d7f0940/scripts/data_point/finalize.sh
[21:49:55.104587 DEBUG] Script returned with exit code 0 of class Fixnum
[21:49:55.118621 INFO] Finished /opt/openstudio/server/app/jobs/dj_jobs/run_simulate_data_point.rb
