# Logfile created on 2017-09-25 16:36:31 +0000 by logger.rb/47272
[16:36:31.312631 INFO] Server host is http://web:80
[16:36:31.312707 INFO] Analysis directory is /mnt/openstudio/analysis_fe821d2c-df1e-4105-9ee6-6c7fef1463ae
[16:36:31.312784 INFO] Simulation directory is /mnt/openstudio/analysis_fe821d2c-df1e-4105-9ee6-6c7fef1463ae/data_point_fc456198-c3b5-4ba8-9be3-96fc8fca44c5
[16:36:31.312833 INFO] Run datapoint type/file is workflow
[16:36:31.312883 INFO] Starting initialize_worker for datapoint fc456198-c3b5-4ba8-9be3-96fc8fca44c5
[16:36:31.313079 INFO] Downloading analysis zip from http://web:80/analyses/fe821d2c-df1e-4105-9ee6-6c7fef1463ae/download_analysis_zip
[16:37:54.637679 INFO] Extracting analysis zip to /mnt/openstudio/analysis_fe821d2c-df1e-4105-9ee6-6c7fef1463ae
[16:37:59.441305 INFO] Downloading analysis.json from http://web:80/analyses/fe821d2c-df1e-4105-9ee6-6c7fef1463ae.json
[16:38:07.780075 INFO] Found data point initialization file datapoint_init.sh.
[16:38:07.780368 INFO] Preparing to run initialization script /mnt/openstudio/analysis_fe821d2c-df1e-4105-9ee6-6c7fef1463ae/scripts/worker_initialization/datapoint_init.sh
[16:38:07.780591 INFO] Looking for argument file /mnt/openstudio/analysis_fe821d2c-df1e-4105-9ee6-6c7fef1463ae/scripts/worker_initialization/datapoint_init.args
[16:38:07.780685 INFO] argument file exists /mnt/openstudio/analysis_fe821d2c-df1e-4105-9ee6-6c7fef1463ae/scripts/worker_initialization/datapoint_init.args
[16:38:07.780847 INFO] arguments are ["https://s3.amazonaws.com/epwweatherfiles/project_resstock_efs.zip"]
[16:38:23.889009 INFO] Script returned with exit code 0 of class Fixnum
[16:38:23.889127 INFO] Finished worker initialization
[16:38:23.895864 INFO] Downloading datapoint from http://web:80/data_points/fc456198-c3b5-4ba8-9be3-96fc8fca44c5.json
[16:38:23.952317 INFO] Creating Workflow Manager instance
[16:38:23.952412 INFO] Directory is /mnt/openstudio/analysis_fe821d2c-df1e-4105-9ee6-6c7fef1463ae/data_point_fc456198-c3b5-4ba8-9be3-96fc8fca44c5
[16:38:23.952485 INFO] Opening run.log file '/mnt/openstudio/analysis_fe821d2c-df1e-4105-9ee6-6c7fef1463ae/data_point_fc456198-c3b5-4ba8-9be3-96fc8fca44c5/run/run.log'
[16:38:24.165562 INFO] Running workflow
[16:42:14.426913 INFO] Final run state is finished
[16:42:14.462072 INFO] Saving files/reports back to the server
[16:42:14.462354 INFO] Saving report /mnt/openstudio/analysis_fe821d2c-df1e-4105-9ee6-6c7fef1463ae/data_point_fc456198-c3b5-4ba8-9be3-96fc8fca44c5/reports/eplustbl.html to http://web:80/data_points/fc456198-c3b5-4ba8-9be3-96fc8fca44c5/upload_file
[16:42:14.516952 INFO] Saving report responded with {"id":"59c931e6a2321800d2ed57e6","data_point_id":"fc456198-c3b5-4ba8-9be3-96fc8fca44c5","display_name":"eplustbl","type":"Report","created_at":"2017-09-25T16:42:14.507Z","updated_at":"2017-09-25T16:42:14.507Z"}
[16:42:14.517221 INFO] Saving report /mnt/openstudio/analysis_fe821d2c-df1e-4105-9ee6-6c7fef1463ae/data_point_fc456198-c3b5-4ba8-9be3-96fc8fca44c5/run/objectives.json to http://web:80/data_points/fc456198-c3b5-4ba8-9be3-96fc8fca44c5/upload_file
[16:42:14.540919 INFO] Saving report responded with {"id":"59c931e6a2321800d2ed57e7","data_point_id":"fc456198-c3b5-4ba8-9be3-96fc8fca44c5","display_name":"objectives","type":"Report","created_at":"2017-09-25T16:42:14.532Z","updated_at":"2017-09-25T16:42:14.532Z"}
[16:42:14.541261 INFO] Saving report /mnt/openstudio/analysis_fe821d2c-df1e-4105-9ee6-6c7fef1463ae/data_point_fc456198-c3b5-4ba8-9be3-96fc8fca44c5/out.osw to http://web:80/data_points/fc456198-c3b5-4ba8-9be3-96fc8fca44c5/upload_file
[16:42:14.567380 INFO] Saving report responded with {"id":"59c931e6a2321800d2ed57e8","data_point_id":"fc456198-c3b5-4ba8-9be3-96fc8fca44c5","display_name":"Final OSW File","type":"Report","created_at":"2017-09-25T16:42:14.557Z","updated_at":"2017-09-25T16:42:14.557Z"}
[16:42:14.567634 INFO] Saving report /mnt/openstudio/analysis_fe821d2c-df1e-4105-9ee6-6c7fef1463ae/data_point_fc456198-c3b5-4ba8-9be3-96fc8fca44c5/in.osm to http://web:80/data_points/fc456198-c3b5-4ba8-9be3-96fc8fca44c5/upload_file
[16:42:15.405465 INFO] Saving report responded with {"id":"59c931e7a2321800d2ed57e9","data_point_id":"fc456198-c3b5-4ba8-9be3-96fc8fca44c5","display_name":"model","type":"OpenStudio Model","created_at":"2017-09-25T16:42:15.330Z","updated_at":"2017-09-25T16:42:15.330Z"}
[16:42:15.405783 INFO] Saving report /mnt/openstudio/analysis_fe821d2c-df1e-4105-9ee6-6c7fef1463ae/data_point_fc456198-c3b5-4ba8-9be3-96fc8fca44c5/run/data_point.zip to http://web:80/data_points/fc456198-c3b5-4ba8-9be3-96fc8fca44c5/upload_file
[16:42:15.520417 INFO] Saving report responded with {"id":"59c931e7a2321800d2ed57ea","data_point_id":"fc456198-c3b5-4ba8-9be3-96fc8fca44c5","display_name":"Zip File","type":"Data Point","created_at":"2017-09-25T16:42:15.508Z","updated_at":"2017-09-25T16:42:15.508Z"}
[16:42:15.521191 INFO] Found data point finalization file datapoint_final.sh.
[16:42:15.521370 INFO] Preparing to run finalization script /mnt/openstudio/analysis_fe821d2c-df1e-4105-9ee6-6c7fef1463ae/scripts/worker_finalization/datapoint_final.sh
[16:42:15.521767 INFO] Looking for argument file /mnt/openstudio/analysis_fe821d2c-df1e-4105-9ee6-6c7fef1463ae/scripts/worker_finalization/datapoint_final.args
[16:42:15.521836 INFO] argument file exists /mnt/openstudio/analysis_fe821d2c-df1e-4105-9ee6-6c7fef1463ae/scripts/worker_finalization/datapoint_final.args
[16:42:15.522081 INFO] arguments are []
[16:42:15.594841 INFO] Script returned with exit code 0 of class Fixnum
[16:42:15.595192 INFO] Saving report /mnt/openstudio/analysis_fe821d2c-df1e-4105-9ee6-6c7fef1463ae/data_point_fc456198-c3b5-4ba8-9be3-96fc8fca44c5/run/datapoint_final.log to http://web:80/data_points/fc456198-c3b5-4ba8-9be3-96fc8fca44c5/upload_file
[16:42:15.686923 INFO] Saving report responded with {"id":"59c931e7a2321800d2ed57eb","data_point_id":"fc456198-c3b5-4ba8-9be3-96fc8fca44c5","display_name":"Finalization Script Log","type":"Report","created_at":"2017-09-25T16:42:15.615Z","updated_at":"2017-09-25T16:42:15.615Z"}
[16:42:15.696350 INFO] Finished /opt/openstudio/server/app/workers/run_simulate_data_point.rb
