2023-08-16 22:48:47,994 - INFO - After duct correction, housing characteristics for 48 / 1120 buildings in baseline are changed: 
2023-08-16 22:48:47,994 - INFO - Note: self=original, other=new. NAN values represent no change.
2023-08-16 22:48:47,998 - INFO - 
            build_existing_model.hvac_has_ducts       build_existing_model.hvac_heating_type                     build_existing_model.hvac_cooling_type                  
                                           self other                                   self               other                                   self             other
building_id                                                                                                                                                              
6264                                        NaN   NaN                       Ducted Heat Pump  Non-Ducted Heating                              Heat Pump  Fan Coil Cooling
35442                                       NaN   NaN                         Ducted Heating  Non-Ducted Heating                             Central AC  Fan Coil Cooling
41344                                       NaN   NaN                                    NaN                 NaN                             Central AC  Fan Coil Cooling
76085                                       NaN   NaN                         Ducted Heating  Non-Ducted Heating                                    NaN               NaN
89109                                       NaN   NaN                                    NaN                 NaN                             Central AC  Fan Coil Cooling
91463                                       NaN   NaN                         Ducted Heating  Non-Ducted Heating                                    NaN               NaN
91856                                       Yes    No                         Ducted Heating  Non-Ducted Heating                                    NaN               NaN
98689                                       NaN   NaN                         Ducted Heating  Non-Ducted Heating                             Central AC  Fan Coil Cooling
125250                                      NaN   NaN                         Ducted Heating  Non-Ducted Heating                             Central AC  Fan Coil Cooling
134992                                      NaN   NaN                                    NaN                 NaN                             Central AC  Fan Coil Cooling
153009                                      NaN   NaN                         Ducted Heating  Non-Ducted Heating                                    NaN               NaN
165885                                      NaN   NaN                         Ducted Heating  Non-Ducted Heating                                    NaN               NaN
167156                                      NaN   NaN                         Ducted Heating  Non-Ducted Heating                             Central AC  Fan Coil Cooling
168972                                      NaN   NaN                         Ducted Heating  Non-Ducted Heating                             Central AC  Fan Coil Cooling
175662                                      NaN   NaN                         Ducted Heating  Non-Ducted Heating                                    NaN               NaN
180074                                      NaN   NaN                         Ducted Heating  Non-Ducted Heating                                    NaN               NaN
191153                                      NaN   NaN                         Ducted Heating  Non-Ducted Heating                             Central AC  Fan Coil Cooling
193869                                      Yes    No                       Ducted Heat Pump  Non-Ducted Heating                                    NaN               NaN
193891                                      NaN   NaN                         Ducted Heating  Non-Ducted Heating                             Central AC  Fan Coil Cooling
202658                                      NaN   NaN                         Ducted Heating  Non-Ducted Heating                             Central AC  Fan Coil Cooling
206616                                      NaN   NaN                       Ducted Heat Pump  Non-Ducted Heating                              Heat Pump  Fan Coil Cooling
228449                                      NaN   NaN                       Ducted Heat Pump  Non-Ducted Heating                              Heat Pump  Fan Coil Cooling
237162                                      NaN   NaN                         Ducted Heating  Non-Ducted Heating                             Central AC  Fan Coil Cooling
247947                                      NaN   NaN                                    NaN                 NaN                             Central AC  Fan Coil Cooling
262707                                      NaN   NaN                       Ducted Heat Pump  Non-Ducted Heating                              Heat Pump  Fan Coil Cooling
274461                                      NaN   NaN                                    NaN                 NaN                             Central AC  Fan Coil Cooling
276915                                      NaN   NaN                       Ducted Heat Pump  Non-Ducted Heating                              Heat Pump  Fan Coil Cooling
279046                                      NaN   NaN                         Ducted Heating  Non-Ducted Heating                                    NaN               NaN
296508                                      NaN   NaN                                    NaN                 NaN                             Central AC  Fan Coil Cooling
310734                                      NaN   NaN                       Ducted Heat Pump  Non-Ducted Heating                              Heat Pump  Fan Coil Cooling
326657                                      NaN   NaN                                    NaN                 NaN                             Central AC  Fan Coil Cooling
331080                                      NaN   NaN                         Ducted Heating  Non-Ducted Heating                                    NaN               NaN
341499                                      NaN   NaN                       Ducted Heat Pump  Non-Ducted Heating                              Heat Pump  Fan Coil Cooling
347191                                      NaN   NaN                       Ducted Heat Pump  Non-Ducted Heating                              Heat Pump  Fan Coil Cooling
353974                                      NaN   NaN                       Ducted Heat Pump  Non-Ducted Heating                              Heat Pump  Fan Coil Cooling
383059                                      NaN   NaN                         Ducted Heating  Non-Ducted Heating                             Central AC  Fan Coil Cooling
415237                                      NaN   NaN                         Ducted Heating  Non-Ducted Heating                             Central AC  Fan Coil Cooling
417609                                      NaN   NaN                         Ducted Heating  Non-Ducted Heating                             Central AC  Fan Coil Cooling
438838                                      NaN   NaN                         Ducted Heating  Non-Ducted Heating                             Central AC  Fan Coil Cooling
448591                                      NaN   NaN                         Ducted Heating  Non-Ducted Heating                             Central AC  Fan Coil Cooling
451891                                      Yes    No                       Ducted Heat Pump  Non-Ducted Heating                                    NaN               NaN
462049                                      NaN   NaN                         Ducted Heating  Non-Ducted Heating                             Central AC  Fan Coil Cooling
469931                                      NaN   NaN                                    NaN                 NaN                             Central AC  Fan Coil Cooling
473712                                      NaN   NaN                       Ducted Heat Pump  Non-Ducted Heating                              Heat Pump  Fan Coil Cooling
477801                                      NaN   NaN                       Ducted Heat Pump  Non-Ducted Heating                              Heat Pump  Fan Coil Cooling
512074                                      NaN   NaN                                    NaN                 NaN                             Central AC  Fan Coil Cooling
522783                                      Yes    No                       Ducted Heat Pump  Non-Ducted Heating                                    NaN               NaN
541641                                      NaN   NaN                                    NaN                 NaN                             Central AC  Fan Coil Cooling
2023-08-16 22:48:48,064 - INFO - Baseline fle updated and saved to: /Users/lliu2/Documents/GitHub/resstock/euss_cleap/data_/community_building_samples/columbia
2023-08-16 22:48:48,095 - INFO - 
2023-08-16 22:48:48,095 - INFO - =====================================================================================
2023-08-16 22:48:48,095 - INFO - 
>> Recalculating duct sealing applicability and costs for upgrade_no = 1...
2023-08-16 22:48:48,115 - INFO - Updating 143 upgrade_costs.option_05_cost_usd from ['30% Leakage, R-4', '30% Leakage, R-6']
2023-08-16 22:48:48,116 - INFO - 1 new_cost=0 found:
building_id
193869    0.0
Name: duct_total_surface_area, dtype: float64
2023-08-16 22:48:48,116 - INFO -             build_existing_model.hvac_has_ducts  duct_total_surface_area  ... build_existing_model.hvac_cooling_efficiency build_existing_model.hvac_shared_efficiencies
building_id                                                               ...                                                                                           
193869                                       No                      0.0  ...                                    Heat Pump   Boiler Baseboards Heating Only, Electricity

[1 rows x 6 columns]
2023-08-16 22:48:48,125 - INFO - Updating 32 upgrade_costs.option_06_cost_usd from ['30% Leakage, R-8']
2023-08-16 22:48:48,128 - INFO - Updating 414 upgrade_costs.option_07_cost_usd from ['20% Leakage, Uninsulated', '20% Leakage, R-4', '20% Leakage, R-6']
2023-08-16 22:48:48,132 - INFO - Updating 60 upgrade_costs.option_08_cost_usd from ['20% Leakage, R-8']
2023-08-16 22:48:48,136 - INFO - Updating 230 upgrade_costs.option_09_cost_usd from ['10% Leakage, Uninsulated', '10% Leakage, R-4', '10% Leakage, R-6']
2023-08-16 22:48:48,136 - INFO - 3 new_cost=0 found:
building_id
91856     0.0
451891    0.0
522783    0.0
Name: duct_total_surface_area, dtype: float64
2023-08-16 22:48:48,137 - INFO -             build_existing_model.hvac_has_ducts  duct_total_surface_area  ... build_existing_model.hvac_cooling_efficiency build_existing_model.hvac_shared_efficiencies
building_id                                                               ...                                                                                           
91856                                        No                      0.0  ...                            Room AC, EER 10.7   Boiler Baseboards Heating Only, Natural Gas
451891                                       No                      0.0  ...                                    Heat Pump   Boiler Baseboards Heating Only, Electricity
522783                                       No                      0.0  ...                                    Heat Pump   Boiler Baseboards Heating Only, Electricity

[3 rows x 6 columns]
2023-08-16 22:48:48,145 - INFO - Dropping 2 / 4 building_id(s) whose content have been modified for duct correction.
[193869, 522783]
2023-08-16 22:48:48,145 - INFO - For these buildings, duct sealing was the only applicable component in the upgrade and it no longer applies after the correction.
2023-08-16 22:48:48,148 - INFO - After duct correction, dfu has reduced in size from 1100 to len(dfu2) rows.
2023-08-16 22:48:48,148 - INFO - Change in upgrade_costs.upgrade_cost_usd:
2023-08-16 22:48:48,149 - INFO - 
       Before Correction (excludes 0)  After Correction
count                     1005.000000       1098.000000
mean                      3211.733841       3209.666092
std                       2936.382950       2897.870622
min                        166.500000         55.411200
25%                        569.000000        917.828000
50%                       2582.660000       2304.800000
75%                       4940.830000       4760.839200
max                      21530.240000      21530.240000
2023-08-16 22:48:48,200 - INFO - Upgrade file updated and saved to: /Users/lliu2/Documents/GitHub/resstock/euss_cleap/data_/community_building_samples/columbia/up01_duct_corrected.parquet
2023-08-16 22:48:48,231 - INFO - 
2023-08-16 22:48:48,231 - INFO - =====================================================================================
2023-08-16 22:48:48,231 - INFO - 
>> Recalculating duct sealing applicability and costs for upgrade_no = 2...
2023-08-16 22:48:48,248 - INFO - Updating 143 upgrade_costs.option_05_cost_usd from ['30% Leakage, R-4', '30% Leakage, R-6']
2023-08-16 22:48:48,249 - INFO - 1 new_cost=0 found:
building_id
193869    0.0
Name: duct_total_surface_area, dtype: float64
2023-08-16 22:48:48,249 - INFO -             build_existing_model.hvac_has_ducts  duct_total_surface_area  ... build_existing_model.hvac_cooling_efficiency build_existing_model.hvac_shared_efficiencies
building_id                                                               ...                                                                                           
193869                                       No                      0.0  ...                                    Heat Pump   Boiler Baseboards Heating Only, Electricity

[1 rows x 6 columns]
2023-08-16 22:48:48,257 - INFO - Updating 32 upgrade_costs.option_06_cost_usd from ['30% Leakage, R-8']
2023-08-16 22:48:48,260 - INFO - Updating 414 upgrade_costs.option_07_cost_usd from ['20% Leakage, Uninsulated', '20% Leakage, R-4', '20% Leakage, R-6']
2023-08-16 22:48:48,263 - INFO - Updating 60 upgrade_costs.option_08_cost_usd from ['20% Leakage, R-8']
2023-08-16 22:48:48,267 - INFO - Updating 230 upgrade_costs.option_09_cost_usd from ['10% Leakage, Uninsulated', '10% Leakage, R-4', '10% Leakage, R-6']
2023-08-16 22:48:48,267 - INFO - 3 new_cost=0 found:
building_id
91856     0.0
451891    0.0
522783    0.0
Name: duct_total_surface_area, dtype: float64
2023-08-16 22:48:48,268 - INFO -             build_existing_model.hvac_has_ducts  duct_total_surface_area  ... build_existing_model.hvac_cooling_efficiency build_existing_model.hvac_shared_efficiencies
building_id                                                               ...                                                                                           
91856                                        No                      0.0  ...                            Room AC, EER 10.7   Boiler Baseboards Heating Only, Natural Gas
451891                                       No                      0.0  ...                                    Heat Pump   Boiler Baseboards Heating Only, Electricity
522783                                       No                      0.0  ...                                    Heat Pump   Boiler Baseboards Heating Only, Electricity

[3 rows x 6 columns]
2023-08-16 22:48:48,275 - INFO - Dropping 2 / 4 building_id(s) whose content have been modified for duct correction.
[193869, 522783]
2023-08-16 22:48:48,275 - INFO - For these buildings, duct sealing was the only applicable component in the upgrade and it no longer applies after the correction.
2023-08-16 22:48:48,278 - INFO - After duct correction, dfu has reduced in size from 1107 to len(dfu2) rows.
2023-08-16 22:48:48,278 - INFO - Change in upgrade_costs.upgrade_cost_usd:
2023-08-16 22:48:48,279 - INFO - 
       Before Correction (excludes 0)  After Correction
count                     1019.000000       1105.000000
mean                      4641.860451       4548.847655
std                       4056.325686       4017.830548
min                        166.500000          0.000000
25%                       1269.900000       1201.706400
50%                       3738.590000       3446.072000
75%                       6873.520000       6712.710000
max                      37183.560000      37183.560000
2023-08-16 22:48:48,327 - INFO - Upgrade file updated and saved to: /Users/lliu2/Documents/GitHub/resstock/euss_cleap/data_/community_building_samples/columbia/up02_duct_corrected.parquet
2023-08-16 22:48:48,357 - INFO - 
2023-08-16 22:48:48,358 - INFO - =====================================================================================
2023-08-16 22:48:48,358 - INFO - 
>> Recalculating duct sealing applicability and costs for upgrade_no = 3...
2023-08-16 22:48:48,378 - INFO - After duct correction, dfu has reduced in size from 1117 to len(dfu2) rows.
2023-08-16 22:48:48,378 - INFO - Change in upgrade_costs.upgrade_cost_usd:
2023-08-16 22:48:48,379 - INFO - 
       Before Correction (excludes 0)  After Correction
count                     1117.000000       1117.000000
mean                     10197.906893      10197.906893
std                       4671.427589       4671.427589
min                       4173.390000       4173.390000
25%                       6756.090000       6756.090000
50%                       9203.430000       9203.430000
75%                      12105.110000      12105.110000
max                      43354.350000      43354.350000
2023-08-16 22:48:48,431 - INFO - Upgrade file updated and saved to: /Users/lliu2/Documents/GitHub/resstock/euss_cleap/data_/community_building_samples/columbia/up03_duct_corrected.parquet
2023-08-16 22:48:48,469 - INFO - 
2023-08-16 22:48:48,469 - INFO - =====================================================================================
2023-08-16 22:48:48,469 - INFO - 
>> Recalculating duct sealing applicability and costs for upgrade_no = 4...
2023-08-16 22:48:48,489 - INFO - After duct correction, dfu has reduced in size from 1117 to len(dfu2) rows.
2023-08-16 22:48:48,489 - INFO - Change in upgrade_costs.upgrade_cost_usd:
2023-08-16 22:48:48,490 - INFO - 
       Before Correction (excludes 0)  After Correction
count                     1117.000000       1117.000000
mean                     20652.397592      20652.397592
std                       4266.269962       4266.269962
min                       4512.380000       4512.380000
25%                      17651.530000      17651.530000
50%                      20133.790000      20133.790000
75%                      22975.260000      22975.260000
max                      49417.620000      49417.620000
2023-08-16 22:48:48,540 - INFO - Upgrade file updated and saved to: /Users/lliu2/Documents/GitHub/resstock/euss_cleap/data_/community_building_samples/columbia/up04_duct_corrected.parquet
2023-08-16 22:48:48,571 - INFO - 
2023-08-16 22:48:48,571 - INFO - =====================================================================================
2023-08-16 22:48:48,571 - INFO - 
>> Recalculating duct sealing applicability and costs for upgrade_no = 5...
2023-08-16 22:48:48,594 - INFO - After duct correction, dfu has reduced in size from 1113 to len(dfu2) rows.
2023-08-16 22:48:48,594 - INFO - Change in upgrade_costs.upgrade_cost_usd:
2023-08-16 22:48:48,596 - INFO - 
       Before Correction (excludes 0)  After Correction
count                     1113.000000       1113.000000
mean                     10146.196613      10146.196613
std                       4623.182743       4623.182743
min                       4173.390000       4173.390000
25%                       6747.550000       6747.550000
50%                       9157.500000       9157.500000
75%                      12015.110000      12015.110000
max                      43354.350000      43354.350000
2023-08-16 22:48:48,647 - INFO - Upgrade file updated and saved to: /Users/lliu2/Documents/GitHub/resstock/euss_cleap/data_/community_building_samples/columbia/up05_duct_corrected.parquet
2023-08-16 22:48:48,678 - INFO - 
2023-08-16 22:48:48,678 - INFO - =====================================================================================
2023-08-16 22:48:48,678 - INFO - 
>> Recalculating duct sealing applicability and costs for upgrade_no = 6...
2023-08-16 22:48:48,698 - INFO - After duct correction, dfu has reduced in size from 1100 to len(dfu2) rows.
2023-08-16 22:48:48,698 - INFO - Change in upgrade_costs.upgrade_cost_usd:
2023-08-16 22:48:48,700 - INFO - 
       Before Correction (excludes 0)  After Correction
count                     1100.000000       1100.000000
mean                      2458.680000       2458.680000
std                        435.753313        435.753313
min                       2242.000000       2242.000000
25%                       2242.000000       2242.000000
50%                       2242.000000       2242.000000
75%                       2242.000000       2242.000000
max                       3828.000000       3828.000000
2023-08-16 22:48:48,750 - INFO - Upgrade file updated and saved to: /Users/lliu2/Documents/GitHub/resstock/euss_cleap/data_/community_building_samples/columbia/up06_duct_corrected.parquet
2023-08-16 22:48:48,776 - INFO - 
2023-08-16 22:48:48,776 - INFO - =====================================================================================
2023-08-16 22:48:48,776 - INFO - 
>> Recalculating duct sealing applicability and costs for upgrade_no = 7...
2023-08-16 22:48:48,788 - INFO - After duct correction, dfu has reduced in size from 348 to len(dfu2) rows.
2023-08-16 22:48:48,788 - INFO - Change in upgrade_costs.upgrade_cost_usd:
2023-08-16 22:48:48,789 - INFO - 
       Before Correction (excludes 0)  After Correction
count                      348.000000        348.000000
mean                      9131.228851       9131.228851
std                       8671.349440       8671.349440
min                        870.000000        870.000000
25%                        870.000000        870.000000
50%                      10028.785000      10028.785000
75%                      14772.957500      14772.957500
max                      47182.350000      47182.350000
2023-08-16 22:48:48,826 - INFO - Upgrade file updated and saved to: /Users/lliu2/Documents/GitHub/resstock/euss_cleap/data_/community_building_samples/columbia/up07_duct_corrected.parquet
2023-08-16 22:48:48,857 - INFO - 
2023-08-16 22:48:48,857 - INFO - =====================================================================================
2023-08-16 22:48:48,857 - INFO - 
>> Recalculating duct sealing applicability and costs for upgrade_no = 8...
2023-08-16 22:48:48,877 - INFO - After duct correction, dfu has reduced in size from 1120 to len(dfu2) rows.
2023-08-16 22:48:48,877 - INFO - Change in upgrade_costs.upgrade_cost_usd:
2023-08-16 22:48:48,878 - INFO - 
       Before Correction (excludes 0)  After Correction
count                     1120.000000       1120.000000
mean                     26142.126884      26142.126884
std                       4830.661755       4830.661755
min                       3738.000000       3738.000000
25%                      22810.342500      22810.342500
50%                      25796.355000      25796.355000
75%                      28920.160000      28920.160000
max                      56707.620000      56707.620000
2023-08-16 22:48:48,945 - INFO - Upgrade file updated and saved to: /Users/lliu2/Documents/GitHub/resstock/euss_cleap/data_/community_building_samples/columbia/up08_duct_corrected.parquet
2023-08-16 22:48:48,975 - INFO - 
2023-08-16 22:48:48,975 - INFO - =====================================================================================
2023-08-16 22:48:48,975 - INFO - 
>> Recalculating duct sealing applicability and costs for upgrade_no = 9...
2023-08-16 22:48:48,992 - INFO - Updating 143 upgrade_costs.option_05_cost_usd from ['30% Leakage, R-4', '30% Leakage, R-6']
2023-08-16 22:48:48,993 - INFO - 1 new_cost=0 found:
building_id
193869    0.0
Name: duct_total_surface_area, dtype: float64
2023-08-16 22:48:48,993 - INFO -             build_existing_model.hvac_has_ducts  duct_total_surface_area  ... build_existing_model.hvac_cooling_efficiency build_existing_model.hvac_shared_efficiencies
building_id                                                               ...                                                                                           
193869                                       No                      0.0  ...                                    Heat Pump   Boiler Baseboards Heating Only, Electricity

[1 rows x 6 columns]
2023-08-16 22:48:48,999 - INFO - Updating 32 upgrade_costs.option_06_cost_usd from ['30% Leakage, R-8']
2023-08-16 22:48:49,000 - INFO - Updating 414 upgrade_costs.option_07_cost_usd from ['20% Leakage, Uninsulated', '20% Leakage, R-4', '20% Leakage, R-6']
2023-08-16 22:48:49,001 - INFO - Updating 60 upgrade_costs.option_08_cost_usd from ['20% Leakage, R-8']
2023-08-16 22:48:49,003 - INFO - Updating 230 upgrade_costs.option_09_cost_usd from ['10% Leakage, Uninsulated', '10% Leakage, R-4', '10% Leakage, R-6']
2023-08-16 22:48:49,003 - INFO - 3 new_cost=0 found:
building_id
91856     0.0
451891    0.0
522783    0.0
Name: duct_total_surface_area, dtype: float64
2023-08-16 22:48:49,003 - INFO -             build_existing_model.hvac_has_ducts  duct_total_surface_area  ... build_existing_model.hvac_cooling_efficiency build_existing_model.hvac_shared_efficiencies
building_id                                                               ...                                                                                           
91856                                        No                      0.0  ...                            Room AC, EER 10.7   Boiler Baseboards Heating Only, Natural Gas
451891                                       No                      0.0  ...                                    Heat Pump   Boiler Baseboards Heating Only, Electricity
522783                                       No                      0.0  ...                                    Heat Pump   Boiler Baseboards Heating Only, Electricity

[3 rows x 6 columns]
2023-08-16 22:48:49,010 - INFO - Dropping 0 / 4 building_id(s) whose content have been modified for duct correction.
[]
2023-08-16 22:48:49,010 - INFO - For these buildings, duct sealing was the only applicable component in the upgrade and it no longer applies after the correction.
2023-08-16 22:48:49,013 - INFO - After duct correction, dfu has reduced in size from 1120 to len(dfu2) rows.
2023-08-16 22:48:49,014 - INFO - Change in upgrade_costs.upgrade_cost_usd:
2023-08-16 22:48:49,015 - INFO - 
       Before Correction (excludes 0)  After Correction
count                     1120.000000       1120.000000
mean                     27209.622687      27472.084928
std                       5796.807500       5772.513190
min                       3738.000000       3738.000000
25%                      22869.650000      23292.930600
50%                      26805.835000      26926.134000
75%                      30854.700000      30995.628100
max                      59615.300000      59615.300000
2023-08-16 22:48:49,072 - INFO - Upgrade file updated and saved to: /Users/lliu2/Documents/GitHub/resstock/euss_cleap/data_/community_building_samples/columbia/up09_duct_corrected.parquet
2023-08-16 22:48:49,103 - INFO - 
2023-08-16 22:48:49,103 - INFO - =====================================================================================
2023-08-16 22:48:49,103 - INFO - 
>> Recalculating duct sealing applicability and costs for upgrade_no = 10...
2023-08-16 22:48:49,120 - INFO - Updating 143 upgrade_costs.option_05_cost_usd from ['30% Leakage, R-4', '30% Leakage, R-6']
2023-08-16 22:48:49,120 - INFO - 1 new_cost=0 found:
building_id
193869    0.0
Name: duct_total_surface_area, dtype: float64
2023-08-16 22:48:49,121 - INFO -             build_existing_model.hvac_has_ducts  duct_total_surface_area  ... build_existing_model.hvac_cooling_efficiency build_existing_model.hvac_shared_efficiencies
building_id                                                               ...                                                                                           
193869                                       No                      0.0  ...                                    Heat Pump   Boiler Baseboards Heating Only, Electricity

[1 rows x 6 columns]
2023-08-16 22:48:49,126 - INFO - Updating 32 upgrade_costs.option_06_cost_usd from ['30% Leakage, R-8']
2023-08-16 22:48:49,128 - INFO - Updating 414 upgrade_costs.option_07_cost_usd from ['20% Leakage, Uninsulated', '20% Leakage, R-4', '20% Leakage, R-6']
2023-08-16 22:48:49,129 - INFO - Updating 60 upgrade_costs.option_08_cost_usd from ['20% Leakage, R-8']
2023-08-16 22:48:49,130 - INFO - Updating 230 upgrade_costs.option_09_cost_usd from ['10% Leakage, Uninsulated', '10% Leakage, R-4', '10% Leakage, R-6']
2023-08-16 22:48:49,130 - INFO - 3 new_cost=0 found:
building_id
91856     0.0
451891    0.0
522783    0.0
Name: duct_total_surface_area, dtype: float64
2023-08-16 22:48:49,131 - INFO -             build_existing_model.hvac_has_ducts  duct_total_surface_area  ... build_existing_model.hvac_cooling_efficiency build_existing_model.hvac_shared_efficiencies
building_id                                                               ...                                                                                           
91856                                        No                      0.0  ...                            Room AC, EER 10.7   Boiler Baseboards Heating Only, Natural Gas
451891                                       No                      0.0  ...                                    Heat Pump   Boiler Baseboards Heating Only, Electricity
522783                                       No                      0.0  ...                                    Heat Pump   Boiler Baseboards Heating Only, Electricity

[3 rows x 6 columns]
2023-08-16 22:48:49,138 - INFO - Dropping 0 / 4 building_id(s) whose content have been modified for duct correction.
[]
2023-08-16 22:48:49,138 - INFO - For these buildings, duct sealing was the only applicable component in the upgrade and it no longer applies after the correction.
2023-08-16 22:48:49,141 - INFO - After duct correction, dfu has reduced in size from 1120 to len(dfu2) rows.
2023-08-16 22:48:49,141 - INFO - Change in upgrade_costs.upgrade_cost_usd:
2023-08-16 22:48:49,142 - INFO - 
       Before Correction (excludes 0)  After Correction
count                     1120.000000       1120.000000
mean                     28154.311839      28416.774079
std                       6311.911224       6278.696192
min                       3738.000000       3738.000000
25%                      23037.972500      23615.392700
50%                      27931.675000      28128.449000
75%                      32010.900000      32244.909600
max                      64469.350000      64469.350000
2023-08-16 22:48:49,197 - INFO - Upgrade file updated and saved to: /Users/lliu2/Documents/GitHub/resstock/euss_cleap/data_/community_building_samples/columbia/up10_duct_corrected.parquet
