2023-08-16 22:47:34,205 - INFO - Adding envelope metrics to columbia
2023-08-16 22:47:36,401 - INFO - 
                       code-compliant above-average below-average
Frame Wall (R-value)            >= 20    < 20, >= 8           < 8
Masonry Wall (R-value)           >= 8     < 8, >= 8           < 8
Ceiling/Roof (R-value)          >= 49   < 49, >= 12          < 12
Air Leakage (ACH50)              <= 3    > 3, <= 17          > 17
2023-08-16 22:47:36,408 - INFO - 
combined_envelope_rating  wall_rating     ceiling_roof_rating  infiltration_rating
above-average             above-average   above-average        above-average          332
                                                               code-compliant           2
                                          code-compliant       above-average           11
                          code-compliant  above-average        above-average          142
                                                               code-compliant           2
                                          code-compliant       above-average            9
below-average             above-average   above-average        below-average           84
                                          below-average        above-average           11
                                                               below-average            5
                                          code-compliant       below-average            4
                          below-average   above-average        above-average          126
                                                               below-average          211
                                          below-average        above-average           34
                                                               below-average           51
                                          code-compliant       above-average            4
                                                               below-average            7
                          code-compliant  above-average        below-average           57
                                          below-average        above-average           11
                                                               below-average            9
                                          code-compliant       below-average            8
Name: count, dtype: int64
