# Logfile created on 2017-09-25 16:37:59 +0000 by logger.rb/47272
[16:37:59.261648 INFO] Server host is http://web:80
[16:37:59.261751 INFO] Analysis directory is /mnt/openstudio/analysis_fe821d2c-df1e-4105-9ee6-6c7fef1463ae
[16:37:59.261826 INFO] Simulation directory is /mnt/openstudio/analysis_fe821d2c-df1e-4105-9ee6-6c7fef1463ae/data_point_2937c7b0-cd21-4043-8101-ba3b9c1109af
[16:37:59.261866 INFO] Run datapoint type/file is workflow
[16:37:59.261903 INFO] Starting initialize_worker for datapoint 2937c7b0-cd21-4043-8101-ba3b9c1109af
[16:37:59.262092 INFO] Downloading analysis zip from http://web:80/analyses/fe821d2c-df1e-4105-9ee6-6c7fef1463ae/download_analysis_zip
[16:39:21.169999 INFO] Extracting analysis zip to /mnt/openstudio/analysis_fe821d2c-df1e-4105-9ee6-6c7fef1463ae
[16:39:24.829612 INFO] Downloading analysis.json from http://web:80/analyses/fe821d2c-df1e-4105-9ee6-6c7fef1463ae.json
[16:39:44.114233 INFO] Found data point initialization file datapoint_init.sh.
[16:39:44.114573 INFO] Preparing to run initialization script /mnt/openstudio/analysis_fe821d2c-df1e-4105-9ee6-6c7fef1463ae/scripts/worker_initialization/datapoint_init.sh
[16:39:44.114897 INFO] Looking for argument file /mnt/openstudio/analysis_fe821d2c-df1e-4105-9ee6-6c7fef1463ae/scripts/worker_initialization/datapoint_init.args
[16:39:44.114958 INFO] argument file exists /mnt/openstudio/analysis_fe821d2c-df1e-4105-9ee6-6c7fef1463ae/scripts/worker_initialization/datapoint_init.args
[16:39:44.115200 INFO] arguments are ["https://s3.amazonaws.com/epwweatherfiles/project_resstock_efs.zip"]
[16:41:12.220649 INFO] Script returned with exit code 0 of class Fixnum
[16:41:12.220886 INFO] Finished worker initialization
[16:41:12.245853 INFO] Downloading datapoint from http://web:80/data_points/2937c7b0-cd21-4043-8101-ba3b9c1109af.json
[16:41:12.273171 INFO] Creating Workflow Manager instance
[16:41:12.273314 INFO] Directory is /mnt/openstudio/analysis_fe821d2c-df1e-4105-9ee6-6c7fef1463ae/data_point_2937c7b0-cd21-4043-8101-ba3b9c1109af
[16:41:12.273426 INFO] Opening run.log file '/mnt/openstudio/analysis_fe821d2c-df1e-4105-9ee6-6c7fef1463ae/data_point_2937c7b0-cd21-4043-8101-ba3b9c1109af/run/run.log'
[16:41:12.340797 INFO] Running workflow
[16:46:43.518881 INFO] Final run state is finished
[16:46:43.543524 INFO] Saving files/reports back to the server
[16:46:43.543846 INFO] Saving report /mnt/openstudio/analysis_fe821d2c-df1e-4105-9ee6-6c7fef1463ae/data_point_2937c7b0-cd21-4043-8101-ba3b9c1109af/reports/eplustbl.html to http://web:80/data_points/2937c7b0-cd21-4043-8101-ba3b9c1109af/upload_file
[16:46:43.614985 INFO] Saving report responded with {"id":"59c93291a2321800caed5e00","data_point_id":"2937c7b0-cd21-4043-8101-ba3b9c1109af","display_name":"eplustbl","type":"Report","created_at":"2017-09-25T16:45:05.465Z","updated_at":"2017-09-25T16:45:05.465Z"}
[16:46:43.615331 INFO] Saving report /mnt/openstudio/analysis_fe821d2c-df1e-4105-9ee6-6c7fef1463ae/data_point_2937c7b0-cd21-4043-8101-ba3b9c1109af/run/objectives.json to http://web:80/data_points/2937c7b0-cd21-4043-8101-ba3b9c1109af/upload_file
[16:46:43.671695 INFO] Saving report responded with {"id":"59c93291a2321800caed5e01","data_point_id":"2937c7b0-cd21-4043-8101-ba3b9c1109af","display_name":"objectives","type":"Report","created_at":"2017-09-25T16:45:05.504Z","updated_at":"2017-09-25T16:45:05.504Z"}
[16:46:43.671992 INFO] Saving report /mnt/openstudio/analysis_fe821d2c-df1e-4105-9ee6-6c7fef1463ae/data_point_2937c7b0-cd21-4043-8101-ba3b9c1109af/out.osw to http://web:80/data_points/2937c7b0-cd21-4043-8101-ba3b9c1109af/upload_file
[16:46:43.746688 INFO] Saving report responded with {"id":"59c93291a2321800caed5e02","data_point_id":"2937c7b0-cd21-4043-8101-ba3b9c1109af","display_name":"Final OSW File","type":"Report","created_at":"2017-09-25T16:45:05.589Z","updated_at":"2017-09-25T16:45:05.589Z"}
[16:46:43.746974 INFO] Saving report /mnt/openstudio/analysis_fe821d2c-df1e-4105-9ee6-6c7fef1463ae/data_point_2937c7b0-cd21-4043-8101-ba3b9c1109af/in.osm to http://web:80/data_points/2937c7b0-cd21-4043-8101-ba3b9c1109af/upload_file
[16:46:44.578344 INFO] Saving report responded with {"id":"59c93292a2321800caed5e03","data_point_id":"2937c7b0-cd21-4043-8101-ba3b9c1109af","display_name":"model","type":"OpenStudio Model","created_at":"2017-09-25T16:45:06.330Z","updated_at":"2017-09-25T16:45:06.330Z"}
[16:46:44.578661 INFO] Saving report /mnt/openstudio/analysis_fe821d2c-df1e-4105-9ee6-6c7fef1463ae/data_point_2937c7b0-cd21-4043-8101-ba3b9c1109af/run/data_point.zip to http://web:80/data_points/2937c7b0-cd21-4043-8101-ba3b9c1109af/upload_file
[16:46:44.638905 INFO] Saving report responded with {"id":"59c93292a2321800caed5e04","data_point_id":"2937c7b0-cd21-4043-8101-ba3b9c1109af","display_name":"Zip File","type":"Data Point","created_at":"2017-09-25T16:45:06.486Z","updated_at":"2017-09-25T16:45:06.486Z"}
[16:46:44.639409 INFO] Found data point finalization file datapoint_final.sh.
[16:46:44.639577 INFO] Preparing to run finalization script /mnt/openstudio/analysis_fe821d2c-df1e-4105-9ee6-6c7fef1463ae/scripts/worker_finalization/datapoint_final.sh
[16:46:44.692125 INFO] Looking for argument file /mnt/openstudio/analysis_fe821d2c-df1e-4105-9ee6-6c7fef1463ae/scripts/worker_finalization/datapoint_final.args
[16:46:44.692218 INFO] argument file exists /mnt/openstudio/analysis_fe821d2c-df1e-4105-9ee6-6c7fef1463ae/scripts/worker_finalization/datapoint_final.args
[16:46:44.701435 INFO] arguments are []
[16:46:44.747031 INFO] Script returned with exit code 0 of class Fixnum
[16:46:44.747326 INFO] Saving report /mnt/openstudio/analysis_fe821d2c-df1e-4105-9ee6-6c7fef1463ae/data_point_2937c7b0-cd21-4043-8101-ba3b9c1109af/run/datapoint_final.log to http://web:80/data_points/2937c7b0-cd21-4043-8101-ba3b9c1109af/upload_file
[16:46:44.803892 INFO] Saving report responded with {"id":"59c93292a2321800caed5e05","data_point_id":"2937c7b0-cd21-4043-8101-ba3b9c1109af","display_name":"Finalization Script Log","type":"Report","created_at":"2017-09-25T16:45:06.648Z","updated_at":"2017-09-25T16:45:06.648Z"}
[16:46:44.813619 INFO] Finished /opt/openstudio/server/app/workers/run_simulate_data_point.rb
