Cleaning up data_point directory.
Original files:
total 21692
-rw-rw-rw- 1 root root     5490 Sep 25 16:46 2937c7b0-cd21-4043-8101-ba3b9c1109af.log
-rw-rw-rw- 1 root root    66975 Sep 25 16:41 analysis.json
-rw-rw-rw- 1 root root     1030 Sep 25 16:41 data_point.json
-rw-rw-rw- 1 root root     2841 Sep 25 16:41 data_point.osw
-rw-rw-rw- 1 root root  4612179 Sep 25 16:44 in.idf
-rw-rw-rw- 1 root root 17349893 Sep 25 16:43 in.osm
-rw-rw-rw- 1 root root   149654 Sep 25 16:46 out.osw
drwxrwxrwx 2 root root     4096 Sep 25 16:46 reports
drwxrwxrwx 2 root root     4096 Sep 25 16:46 run
total 7496
-rw-rw-r-- 1 root root  621932 Sep 25 16:46 data_point.zip
-rw-rw-rw- 1 root root    8458 Sep 25 16:46 data_point_out.json
-rw-r--r-- 1 root root     587 Sep 25 16:46 datapoint_final.log
-rw-r--r-- 1 root root   22244 Sep 25 16:41 datapoint_init.log
-rw-rw-rw- 1 root root  782269 Sep 25 16:46 enduse_timeseries.csv
-rw-rw-rw- 1 root root     102 Sep 25 16:45 eplusout.end
-rw-rw-rw- 1 root root   34471 Sep 25 16:45 eplusout.err
-rw-rw-rw- 1 root root   54517 Sep 25 16:45 eplusout.mtd
-rw-rw-rw- 1 root root   55122 Sep 25 16:44 eplusout.rdd
-rw-rw-rw- 1 root root  509337 Sep 25 16:45 eplustbl.htm
-rw-rw-rw- 1 root root      43 Sep 25 16:46 finished.job
-rw-rw-rw- 1 root root 4612179 Sep 25 16:43 in.idf
-rw-rw-rw- 1 root root    8458 Sep 25 16:46 measure_attributes.json
-rw-rw-rw- 1 root root   27416 Sep 25 16:41 measures.osw
-rw-rw-rw- 1 root root       3 Sep 25 16:46 objectives.json
-rw-rw-rw- 1 root root    8458 Sep 25 16:46 results.json
-rw-rw-rw- 1 root root  867055 Sep 25 16:46 run.log
-rw-rw-rw- 1 root root      49 Sep 25 16:44 sqlite.err
-rw-rw-rw- 1 root root      42 Sep 25 16:41 started.job
-rw-rw-rw- 1 root root    2336 Sep 25 16:45 stdout-energyplus
-rw-rw-rw- 1 root root      91 Sep 25 16:44 stdout-expandobject
504K	data_point_2937c7b0-cd21-4043-8101-ba3b9c1109af/reports
7.4M	data_point_2937c7b0-cd21-4043-8101-ba3b9c1109af/run
29M	data_point_2937c7b0-cd21-4043-8101-ba3b9c1109af
Final files:
total 240
-rw-rw-rw- 1 root root   5490 Sep 25 16:46 2937c7b0-cd21-4043-8101-ba3b9c1109af.log
-rw-rw-rw- 1 root root  66975 Sep 25 16:41 analysis.json
-rw-rw-rw- 1 root root   1030 Sep 25 16:41 data_point.json
-rw-rw-rw- 1 root root   2841 Sep 25 16:41 data_point.osw
-rw-rw-rw- 1 root root 149654 Sep 25 16:46 out.osw
drwxrwxrwx 2 root root   4096 Sep 25 16:46 reports
drwxrwxrwx 2 root root   4096 Sep 25 16:46 run
total 1400
-rw-rw-r-- 1 root root 621932 Sep 25 16:46 data_point.zip
-rw-r--r-- 1 root root   2438 Sep 25 16:46 datapoint_final.log
-rw-r--r-- 1 root root  22244 Sep 25 16:41 datapoint_init.log
-rw-rw-rw- 1 root root 782269 Sep 25 16:46 enduse_timeseries.csv
504K	data_point_2937c7b0-cd21-4043-8101-ba3b9c1109af/reports
1.4M	data_point_2937c7b0-cd21-4043-8101-ba3b9c1109af/run
2.1M	data_point_2937c7b0-cd21-4043-8101-ba3b9c1109af
