# Logfile created on 2017-09-25 16:37:53 +0000 by logger.rb/47272
[16:37:53.695879 INFO] Server host is http://web:80
[16:37:53.695979 INFO] Analysis directory is /mnt/openstudio/analysis_fe821d2c-df1e-4105-9ee6-6c7fef1463ae
[16:37:53.696060 INFO] Simulation directory is /mnt/openstudio/analysis_fe821d2c-df1e-4105-9ee6-6c7fef1463ae/data_point_84a31a30-a29d-4d5a-88f1-e2623d73ab96
[16:37:53.696106 INFO] Run datapoint type/file is workflow
[16:37:53.696152 INFO] Starting initialize_worker for datapoint 84a31a30-a29d-4d5a-88f1-e2623d73ab96
[16:37:53.696379 INFO] Downloading analysis zip from http://web:80/analyses/fe821d2c-df1e-4105-9ee6-6c7fef1463ae/download_analysis_zip
[16:38:20.583380 INFO] Extracting analysis zip to /mnt/openstudio/analysis_fe821d2c-df1e-4105-9ee6-6c7fef1463ae
[16:38:23.436774 INFO] Downloading analysis.json from http://web:80/analyses/fe821d2c-df1e-4105-9ee6-6c7fef1463ae.json
[16:39:24.411338 INFO] Found data point initialization file datapoint_init.sh.
[16:39:24.411926 INFO] Preparing to run initialization script /mnt/openstudio/analysis_fe821d2c-df1e-4105-9ee6-6c7fef1463ae/scripts/worker_initialization/datapoint_init.sh
[16:39:24.412277 INFO] Looking for argument file /mnt/openstudio/analysis_fe821d2c-df1e-4105-9ee6-6c7fef1463ae/scripts/worker_initialization/datapoint_init.args
[16:39:24.413023 INFO] argument file exists /mnt/openstudio/analysis_fe821d2c-df1e-4105-9ee6-6c7fef1463ae/scripts/worker_initialization/datapoint_init.args
[16:39:24.413260 INFO] arguments are ["https://s3.amazonaws.com/epwweatherfiles/project_resstock_efs.zip"]
[16:39:39.101382 INFO] Script returned with exit code 0 of class Fixnum
[16:39:39.101590 INFO] Finished worker initialization
[16:39:45.898412 INFO] Downloading datapoint from http://web:80/data_points/84a31a30-a29d-4d5a-88f1-e2623d73ab96.json
[16:39:45.987600 INFO] Creating Workflow Manager instance
[16:39:45.987992 INFO] Directory is /mnt/openstudio/analysis_fe821d2c-df1e-4105-9ee6-6c7fef1463ae/data_point_84a31a30-a29d-4d5a-88f1-e2623d73ab96
[16:39:45.988108 INFO] Opening run.log file '/mnt/openstudio/analysis_fe821d2c-df1e-4105-9ee6-6c7fef1463ae/data_point_84a31a30-a29d-4d5a-88f1-e2623d73ab96/run/run.log'
[16:39:46.574443 INFO] Running workflow
[16:44:49.479641 INFO] Final run state is finished
[16:44:49.551153 INFO] Saving files/reports back to the server
[16:44:49.551635 INFO] Saving report /mnt/openstudio/analysis_fe821d2c-df1e-4105-9ee6-6c7fef1463ae/data_point_84a31a30-a29d-4d5a-88f1-e2623d73ab96/reports/eplustbl.html to http://web:80/data_points/84a31a30-a29d-4d5a-88f1-e2623d73ab96/upload_file
[16:44:49.649038 INFO] Saving report responded with {"id":"59c9321fa2321800caed5cf7","data_point_id":"84a31a30-a29d-4d5a-88f1-e2623d73ab96","display_name":"eplustbl","type":"Report","created_at":"2017-09-25T16:43:11.498Z","updated_at":"2017-09-25T16:43:11.498Z"}
[16:44:49.649394 INFO] Saving report /mnt/openstudio/analysis_fe821d2c-df1e-4105-9ee6-6c7fef1463ae/data_point_84a31a30-a29d-4d5a-88f1-e2623d73ab96/run/objectives.json to http://web:80/data_points/84a31a30-a29d-4d5a-88f1-e2623d73ab96/upload_file
[16:44:49.716452 INFO] Saving report responded with {"id":"59c9321fa2321800caed5cf8","data_point_id":"84a31a30-a29d-4d5a-88f1-e2623d73ab96","display_name":"objectives","type":"Report","created_at":"2017-09-25T16:43:11.561Z","updated_at":"2017-09-25T16:43:11.561Z"}
[16:44:49.716767 INFO] Saving report /mnt/openstudio/analysis_fe821d2c-df1e-4105-9ee6-6c7fef1463ae/data_point_84a31a30-a29d-4d5a-88f1-e2623d73ab96/out.osw to http://web:80/data_points/84a31a30-a29d-4d5a-88f1-e2623d73ab96/upload_file
[16:44:49.745951 INFO] Saving report responded with {"id":"59c9321fa2321800caed5cf9","data_point_id":"84a31a30-a29d-4d5a-88f1-e2623d73ab96","display_name":"Final OSW File","type":"Report","created_at":"2017-09-25T16:43:11.598Z","updated_at":"2017-09-25T16:43:11.598Z"}
[16:44:49.746199 INFO] Saving report /mnt/openstudio/analysis_fe821d2c-df1e-4105-9ee6-6c7fef1463ae/data_point_84a31a30-a29d-4d5a-88f1-e2623d73ab96/in.osm to http://web:80/data_points/84a31a30-a29d-4d5a-88f1-e2623d73ab96/upload_file
[16:44:50.888015 INFO] Saving report responded with {"id":"59c93220a2321800caed5cfa","data_point_id":"84a31a30-a29d-4d5a-88f1-e2623d73ab96","display_name":"model","type":"OpenStudio Model","created_at":"2017-09-25T16:43:12.661Z","updated_at":"2017-09-25T16:43:12.661Z"}
[16:44:50.888764 INFO] Saving report /mnt/openstudio/analysis_fe821d2c-df1e-4105-9ee6-6c7fef1463ae/data_point_84a31a30-a29d-4d5a-88f1-e2623d73ab96/run/data_point.zip to http://web:80/data_points/84a31a30-a29d-4d5a-88f1-e2623d73ab96/upload_file
[16:44:50.960405 INFO] Saving report responded with {"id":"59c93220a2321800caed5cfb","data_point_id":"84a31a30-a29d-4d5a-88f1-e2623d73ab96","display_name":"Zip File","type":"Data Point","created_at":"2017-09-25T16:43:12.803Z","updated_at":"2017-09-25T16:43:12.803Z"}
[16:44:50.960855 INFO] Found data point finalization file datapoint_final.sh.
[16:44:50.961008 INFO] Preparing to run finalization script /mnt/openstudio/analysis_fe821d2c-df1e-4105-9ee6-6c7fef1463ae/scripts/worker_finalization/datapoint_final.sh
[16:44:50.987330 INFO] Looking for argument file /mnt/openstudio/analysis_fe821d2c-df1e-4105-9ee6-6c7fef1463ae/scripts/worker_finalization/datapoint_final.args
[16:44:50.987417 INFO] argument file exists /mnt/openstudio/analysis_fe821d2c-df1e-4105-9ee6-6c7fef1463ae/scripts/worker_finalization/datapoint_final.args
[16:44:51.044769 INFO] arguments are []
[16:44:51.243695 INFO] Script returned with exit code 0 of class Fixnum
[16:44:51.244011 INFO] Saving report /mnt/openstudio/analysis_fe821d2c-df1e-4105-9ee6-6c7fef1463ae/data_point_84a31a30-a29d-4d5a-88f1-e2623d73ab96/run/datapoint_final.log to http://web:80/data_points/84a31a30-a29d-4d5a-88f1-e2623d73ab96/upload_file
[16:44:51.272125 INFO] Saving report responded with {"id":"59c93221a2321800caed5cfc","data_point_id":"84a31a30-a29d-4d5a-88f1-e2623d73ab96","display_name":"Finalization Script Log","type":"Report","created_at":"2017-09-25T16:43:13.123Z","updated_at":"2017-09-25T16:43:13.123Z"}
[16:44:51.283324 INFO] Finished /opt/openstudio/server/app/workers/run_simulate_data_point.rb
