Cleaning up data_point directory.
Original files:
total 22044
-rw-rw-rw- 1 root root     5490 Sep 25 16:44 84a31a30-a29d-4d5a-88f1-e2623d73ab96.log
-rw-rw-rw- 1 root root    66975 Sep 25 16:39 analysis.json
-rw-rw-rw- 1 root root     1030 Sep 25 16:39 data_point.json
-rw-rw-rw- 1 root root     2841 Sep 25 16:39 data_point.osw
-rw-rw-rw- 1 root root  4910526 Sep 25 16:42 in.idf
-rw-rw-rw- 1 root root 17401507 Sep 25 16:42 in.osm
-rw-rw-rw- 1 root root   163298 Sep 25 16:44 out.osw
drwxrwxrwx 2 root root     4096 Sep 25 16:44 reports
drwxrwxrwx 2 root root     4096 Sep 25 16:44 run
total 7992
-rw-rw-r-- 1 root root  683712 Sep 25 16:44 data_point.zip
-rw-rw-rw- 1 root root    8460 Sep 25 16:44 data_point_out.json
-rw-r--r-- 1 root root     587 Sep 25 16:44 datapoint_final.log
-rw-r--r-- 1 root root   22560 Sep 25 16:39 datapoint_init.log
-rw-rw-rw- 1 root root  826748 Sep 25 16:44 enduse_timeseries.csv
-rw-rw-rw- 1 root root     102 Sep 25 16:43 eplusout.end
-rw-rw-rw- 1 root root   34728 Sep 25 16:43 eplusout.err
-rw-rw-rw- 1 root root   64274 Sep 25 16:43 eplusout.mtd
-rw-rw-rw- 1 root root   54768 Sep 25 16:42 eplusout.rdd
-rw-rw-rw- 1 root root  590255 Sep 25 16:43 eplustbl.htm
-rw-rw-rw- 1 root root      43 Sep 25 16:44 finished.job
-rw-rw-rw- 1 root root 4910526 Sep 25 16:42 in.idf
-rw-rw-rw- 1 root root    8460 Sep 25 16:44 measure_attributes.json
-rw-rw-rw- 1 root root   27556 Sep 25 16:39 measures.osw
-rw-rw-rw- 1 root root       3 Sep 25 16:44 objectives.json
-rw-rw-rw- 1 root root    8460 Sep 25 16:44 results.json
-rw-rw-rw- 1 root root  880742 Sep 25 16:44 run.log
-rw-rw-rw- 1 root root      49 Sep 25 16:42 sqlite.err
-rw-rw-rw- 1 root root      42 Sep 25 16:39 started.job
-rw-rw-rw- 1 root root    2381 Sep 25 16:43 stdout-energyplus
-rw-rw-rw- 1 root root      91 Sep 25 16:42 stdout-expandobject
584K	data_point_84a31a30-a29d-4d5a-88f1-e2623d73ab96/reports
7.9M	data_point_84a31a30-a29d-4d5a-88f1-e2623d73ab96/run
30M	data_point_84a31a30-a29d-4d5a-88f1-e2623d73ab96
Final files:
total 252
-rw-rw-rw- 1 root root   5490 Sep 25 16:44 84a31a30-a29d-4d5a-88f1-e2623d73ab96.log
-rw-rw-rw- 1 root root  66975 Sep 25 16:39 analysis.json
-rw-rw-rw- 1 root root   1030 Sep 25 16:39 data_point.json
-rw-rw-rw- 1 root root   2841 Sep 25 16:39 data_point.osw
-rw-rw-rw- 1 root root 163298 Sep 25 16:44 out.osw
drwxrwxrwx 2 root root   4096 Sep 25 16:44 reports
drwxrwxrwx 2 root root   4096 Sep 25 16:44 run
total 1504
-rw-rw-r-- 1 root root 683712 Sep 25 16:44 data_point.zip
-rw-r--r-- 1 root root   2438 Sep 25 16:44 datapoint_final.log
-rw-r--r-- 1 root root  22560 Sep 25 16:39 datapoint_init.log
-rw-rw-rw- 1 root root 826748 Sep 25 16:44 enduse_timeseries.csv
584K	data_point_84a31a30-a29d-4d5a-88f1-e2623d73ab96/reports
1.5M	data_point_84a31a30-a29d-4d5a-88f1-e2623d73ab96/run
2.3M	data_point_84a31a30-a29d-4d5a-88f1-e2623d73ab96
