# Logfile created on 2017-09-25 16:35:43 +0000 by logger.rb/47272
[16:35:43.014309 INFO] Server host is http://web:80
[16:35:43.014406 INFO] Analysis directory is /mnt/openstudio/analysis_fe821d2c-df1e-4105-9ee6-6c7fef1463ae
[16:35:43.014497 INFO] Simulation directory is /mnt/openstudio/analysis_fe821d2c-df1e-4105-9ee6-6c7fef1463ae/data_point_c98858f5-f65e-445d-854c-49a6247d0932
[16:35:43.014554 INFO] Run datapoint type/file is workflow
[16:35:43.014606 INFO] Starting initialize_worker for datapoint c98858f5-f65e-445d-854c-49a6247d0932
[16:35:43.014703 INFO] receipt_file already exists, moving on
[16:35:43.018980 INFO] Downloading datapoint from http://web:80/data_points/c98858f5-f65e-445d-854c-49a6247d0932.json
[16:35:43.332302 INFO] Creating Workflow Manager instance
[16:35:43.332411 INFO] Directory is /mnt/openstudio/analysis_fe821d2c-df1e-4105-9ee6-6c7fef1463ae/data_point_c98858f5-f65e-445d-854c-49a6247d0932
[16:35:43.332495 INFO] Opening run.log file '/mnt/openstudio/analysis_fe821d2c-df1e-4105-9ee6-6c7fef1463ae/data_point_c98858f5-f65e-445d-854c-49a6247d0932/run/run.log'
[16:35:43.353221 INFO] Running workflow
[16:39:44.992494 INFO] Final run state is finished
[16:39:45.097272 INFO] Saving files/reports back to the server
[16:39:45.097659 INFO] Saving report /mnt/openstudio/analysis_fe821d2c-df1e-4105-9ee6-6c7fef1463ae/data_point_c98858f5-f65e-445d-854c-49a6247d0932/reports/eplustbl.html to http://web:80/data_points/c98858f5-f65e-445d-854c-49a6247d0932/upload_file
[16:39:45.203029 INFO] Saving report responded with {"id":"59c93151a2321800caed5c4d","data_point_id":"c98858f5-f65e-445d-854c-49a6247d0932","display_name":"eplustbl","type":"Report","created_at":"2017-09-25T16:39:45.173Z","updated_at":"2017-09-25T16:39:45.173Z"}
[16:39:45.203399 INFO] Saving report /mnt/openstudio/analysis_fe821d2c-df1e-4105-9ee6-6c7fef1463ae/data_point_c98858f5-f65e-445d-854c-49a6247d0932/run/objectives.json to http://web:80/data_points/c98858f5-f65e-445d-854c-49a6247d0932/upload_file
[16:39:45.237811 INFO] Saving report responded with {"id":"59c93151a2321800caed5c4e","data_point_id":"c98858f5-f65e-445d-854c-49a6247d0932","display_name":"objectives","type":"Report","created_at":"2017-09-25T16:39:45.222Z","updated_at":"2017-09-25T16:39:45.222Z"}
[16:39:45.238108 INFO] Saving report /mnt/openstudio/analysis_fe821d2c-df1e-4105-9ee6-6c7fef1463ae/data_point_c98858f5-f65e-445d-854c-49a6247d0932/out.osw to http://web:80/data_points/c98858f5-f65e-445d-854c-49a6247d0932/upload_file
[16:39:45.353979 INFO] Saving report responded with {"id":"59c93151a2321800caed5c4f","data_point_id":"c98858f5-f65e-445d-854c-49a6247d0932","display_name":"Final OSW File","type":"Report","created_at":"2017-09-25T16:39:45.320Z","updated_at":"2017-09-25T16:39:45.320Z"}
[16:39:45.354354 INFO] Saving report /mnt/openstudio/analysis_fe821d2c-df1e-4105-9ee6-6c7fef1463ae/data_point_c98858f5-f65e-445d-854c-49a6247d0932/in.osm to http://web:80/data_points/c98858f5-f65e-445d-854c-49a6247d0932/upload_file
[16:39:46.712908 INFO] Saving report responded with {"id":"59c93152a2321800caed5c50","data_point_id":"c98858f5-f65e-445d-854c-49a6247d0932","display_name":"model","type":"OpenStudio Model","created_at":"2017-09-25T16:39:46.627Z","updated_at":"2017-09-25T16:39:46.627Z"}
[16:39:46.713186 INFO] Saving report /mnt/openstudio/analysis_fe821d2c-df1e-4105-9ee6-6c7fef1463ae/data_point_c98858f5-f65e-445d-854c-49a6247d0932/run/data_point.zip to http://web:80/data_points/c98858f5-f65e-445d-854c-49a6247d0932/upload_file
[16:39:46.829466 INFO] Saving report responded with {"id":"59c93152a2321800caed5c51","data_point_id":"c98858f5-f65e-445d-854c-49a6247d0932","display_name":"Zip File","type":"Data Point","created_at":"2017-09-25T16:39:46.785Z","updated_at":"2017-09-25T16:39:46.785Z"}
[16:39:46.830483 INFO] Found data point finalization file datapoint_final.sh.
[16:39:46.830757 INFO] Preparing to run finalization script /mnt/openstudio/analysis_fe821d2c-df1e-4105-9ee6-6c7fef1463ae/scripts/worker_finalization/datapoint_final.sh
[16:39:46.833900 INFO] Looking for argument file /mnt/openstudio/analysis_fe821d2c-df1e-4105-9ee6-6c7fef1463ae/scripts/worker_finalization/datapoint_final.args
[16:39:46.834004 INFO] argument file exists /mnt/openstudio/analysis_fe821d2c-df1e-4105-9ee6-6c7fef1463ae/scripts/worker_finalization/datapoint_final.args
[16:39:46.834231 INFO] arguments are []
[16:39:46.918082 INFO] Script returned with exit code 0 of class Fixnum
[16:39:46.918488 INFO] Saving report /mnt/openstudio/analysis_fe821d2c-df1e-4105-9ee6-6c7fef1463ae/data_point_c98858f5-f65e-445d-854c-49a6247d0932/run/datapoint_final.log to http://web:80/data_points/c98858f5-f65e-445d-854c-49a6247d0932/upload_file
[16:39:46.954941 INFO] Saving report responded with {"id":"59c93152a2321800d2ed57b8","data_point_id":"c98858f5-f65e-445d-854c-49a6247d0932","display_name":"Finalization Script Log","type":"Report","created_at":"2017-09-25T16:39:46.941Z","updated_at":"2017-09-25T16:39:46.941Z"}
[16:39:47.010694 INFO] Finished /opt/openstudio/server/app/workers/run_simulate_data_point.rb
