Cleaning up data_point directory.
Original files:
total 21728
-rw-rw-rw- 1 root root    66975 Sep 25 16:35 analysis.json
-rw-rw-rw- 1 root root     4385 Sep 25 16:39 c98858f5-f65e-445d-854c-49a6247d0932.log
-rw-rw-rw- 1 root root     1030 Sep 25 16:35 data_point.json
-rw-rw-rw- 1 root root     2841 Sep 25 16:35 data_point.osw
-rw-rw-rw- 1 root root  4626598 Sep 25 16:36 in.idf
-rw-rw-rw- 1 root root 17370859 Sep 25 16:36 in.osm
-rw-rw-rw- 1 root root   153593 Sep 25 16:39 out.osw
drwxrwxrwx 2 root root     4096 Sep 25 16:39 reports
drwxrwxrwx 2 root root     4096 Sep 25 16:39 run
total 7420
-rw-rw-r-- 1 root root  582667 Sep 25 16:39 data_point.zip
-rw-rw-rw- 1 root root    8396 Sep 25 16:39 data_point_out.json
-rw-r--r-- 1 root root     587 Sep 25 16:39 datapoint_final.log
-rw-rw-rw- 1 root root  730143 Sep 25 16:39 enduse_timeseries.csv
-rw-rw-rw- 1 root root     102 Sep 25 16:38 eplusout.end
-rw-rw-rw- 1 root root   36633 Sep 25 16:38 eplusout.err
-rw-rw-rw- 1 root root   54257 Sep 25 16:38 eplusout.mtd
-rw-rw-rw- 1 root root   54736 Sep 25 16:37 eplusout.rdd
-rw-rw-rw- 1 root root  523128 Sep 25 16:38 eplustbl.htm
-rw-rw-rw- 1 root root      43 Sep 25 16:39 finished.job
-rw-rw-rw- 1 root root 4626598 Sep 25 16:36 in.idf
-rw-rw-rw- 1 root root    8396 Sep 25 16:39 measure_attributes.json
-rw-rw-rw- 1 root root   27052 Sep 25 16:35 measures.osw
-rw-rw-rw- 1 root root       3 Sep 25 16:39 objectives.json
-rw-rw-rw- 1 root root    8396 Sep 25 16:39 results.json
-rw-rw-rw- 1 root root  868808 Sep 25 16:39 run.log
-rw-rw-rw- 1 root root      49 Sep 25 16:37 sqlite.err
-rw-rw-rw- 1 root root      42 Sep 25 16:35 started.job
-rw-rw-rw- 1 root root    2351 Sep 25 16:38 stdout-energyplus
-rw-rw-rw- 1 root root      91 Sep 25 16:37 stdout-expandobject
7.3M	data_point_c98858f5-f65e-445d-854c-49a6247d0932/run
516K	data_point_c98858f5-f65e-445d-854c-49a6247d0932/reports
29M	data_point_c98858f5-f65e-445d-854c-49a6247d0932
Final files:
total 244
-rw-rw-rw- 1 root root  66975 Sep 25 16:35 analysis.json
-rw-rw-rw- 1 root root   4385 Sep 25 16:39 c98858f5-f65e-445d-854c-49a6247d0932.log
-rw-rw-rw- 1 root root   1030 Sep 25 16:35 data_point.json
-rw-rw-rw- 1 root root   2841 Sep 25 16:35 data_point.osw
-rw-rw-rw- 1 root root 153593 Sep 25 16:39 out.osw
drwxrwxrwx 2 root root   4096 Sep 25 16:39 reports
drwxrwxrwx 2 root root   4096 Sep 25 16:39 run
total 1292
-rw-rw-r-- 1 root root 582667 Sep 25 16:39 data_point.zip
-rw-r--r-- 1 root root   2375 Sep 25 16:39 datapoint_final.log
-rw-rw-rw- 1 root root 730143 Sep 25 16:39 enduse_timeseries.csv
1.3M	data_point_c98858f5-f65e-445d-854c-49a6247d0932/run
516K	data_point_c98858f5-f65e-445d-854c-49a6247d0932/reports
2.1M	data_point_c98858f5-f65e-445d-854c-49a6247d0932
