# Logfile created on 2019-02-08 21:47:40 +0000 by logger.rb/47272
[21:47:40.799416 INFO] Checking for presence of args file at /mnt/openstudio/analysis_5b8bf959-6b87-4318-911c-88038d7f0940/scripts/data_point/initialize.args
[21:47:40.799487 INFO] Checking for presence of script file at /mnt/openstudio/analysis_5b8bf959-6b87-4318-911c-88038d7f0940/scripts/data_point/initialize.sh
[21:47:40.807637 INFO] Server host is http://web:80
[21:47:40.807721 INFO] Analysis directory is /mnt/openstudio/analysis_5b8bf959-6b87-4318-911c-88038d7f0940
[21:47:40.807782 INFO] Simulation directory is /mnt/openstudio/analysis_5b8bf959-6b87-4318-911c-88038d7f0940/data_point_ccfcaa97-87f4-4dab-adda-eb672f353bbf
[21:47:40.807838 INFO] Run datapoint type/file is 
[21:47:40.807892 INFO] Starting initialize_worker for datapoint ccfcaa97-87f4-4dab-adda-eb672f353bbf
[21:47:40.808173 INFO] Downloading analysis zip from http://web:80/analyses/5b8bf959-6b87-4318-911c-88038d7f0940/download_analysis_zip
[21:47:44.606950 INFO] Extracting analysis zip to /mnt/openstudio/analysis_5b8bf959-6b87-4318-911c-88038d7f0940
[21:48:24.817329 INFO] Downloading analysis.json from http://web:80/analyses/5b8bf959-6b87-4318-911c-88038d7f0940.json
[21:48:24.864785 DEBUG] Running datapoint initialization file if present.
[21:48:24.865041 INFO] Checking for presence of args file at /mnt/openstudio/analysis_5b8bf959-6b87-4318-911c-88038d7f0940/scripts/data_point/initialize.args
[21:48:24.865276 INFO]  args loaded from file /mnt/openstudio/analysis_5b8bf959-6b87-4318-911c-88038d7f0940/scripts/data_point/initialize.args: ["https://s3.amazonaws.com/epwweatherfiles/project_resstock_national.zip"]
[21:48:24.865313 INFO] Checking for presence of script file at /mnt/openstudio/analysis_5b8bf959-6b87-4318-911c-88038d7f0940/scripts/data_point/initialize.sh
[21:48:24.865502 DEBUG] updating permissions for /mnt/openstudio/analysis_5b8bf959-6b87-4318-911c-88038d7f0940/scripts/data_point/initialize.sh
[21:48:24.865558 DEBUG] removing DOS endings for /mnt/openstudio/analysis_5b8bf959-6b87-4318-911c-88038d7f0940/scripts/data_point/initialize.sh
[21:48:24.865789 DEBUG] running /mnt/openstudio/analysis_5b8bf959-6b87-4318-911c-88038d7f0940/scripts/data_point/initialize.sh
[21:48:28.008726 DEBUG] Script returned with exit code 0 of class Fixnum
[21:48:28.008898 INFO] Finished worker initialization
[21:48:28.023870 INFO] Downloading datapoint from http://web:80/data_points/ccfcaa97-87f4-4dab-adda-eb672f353bbf.json
[21:48:28.037425 INFO] Creating Workflow Manager instance
[21:48:28.037504 INFO] Directory is /mnt/openstudio/analysis_5b8bf959-6b87-4318-911c-88038d7f0940/data_point_ccfcaa97-87f4-4dab-adda-eb672f353bbf
[21:48:28.037587 INFO] Opening run.log file '/mnt/openstudio/analysis_5b8bf959-6b87-4318-911c-88038d7f0940/data_point_ccfcaa97-87f4-4dab-adda-eb672f353bbf/run/run.log'
[21:48:28.037701 WARN] OPENSTUDIO_EXE_PATH not set - defaulting to /usr/local/bin/openstudio
[21:48:28.037927 INFO] Running workflow using cmd /usr/local/bin/openstudio --verbose --bundle /var/oscli/Gemfile --bundle_path /var/oscli/gems run --workflow /mnt/openstudio/analysis_5b8bf959-6b87-4318-911c-88038d7f0940/data_point_ccfcaa97-87f4-4dab-adda-eb672f353bbf/data_point.osw --debug and writing log to /mnt/openstudio/analysis_5b8bf959-6b87-4318-911c-88038d7f0940/data_point_ccfcaa97-87f4-4dab-adda-eb672f353bbf/oscli_simulation.log
[21:49:54.806898 INFO] Saving files/reports back to the server
[21:49:54.807164 INFO] Saving report /mnt/openstudio/analysis_5b8bf959-6b87-4318-911c-88038d7f0940/data_point_ccfcaa97-87f4-4dab-adda-eb672f353bbf/reports/eplustbl.html to http://web:80/data_points/ccfcaa97-87f4-4dab-adda-eb672f353bbf/upload_file
[21:49:54.947633 INFO] Saving report responded with {"id":"5c5df9827899b5012a813b7c","data_point_id":"ccfcaa97-87f4-4dab-adda-eb672f353bbf","display_name":"eplustbl","type":"Report","created_at":"2019-02-08T21:49:54.932Z","updated_at":"2019-02-08T21:49:54.932Z"}
[21:49:54.947982 INFO] Saving report /mnt/openstudio/analysis_5b8bf959-6b87-4318-911c-88038d7f0940/data_point_ccfcaa97-87f4-4dab-adda-eb672f353bbf/run/objectives.json to http://web:80/data_points/ccfcaa97-87f4-4dab-adda-eb672f353bbf/upload_file
[21:49:54.985941 INFO] Saving report responded with {"id":"5c5df9827899b50167813b7c","data_point_id":"ccfcaa97-87f4-4dab-adda-eb672f353bbf","display_name":"objectives","type":"Report","created_at":"2019-02-08T21:49:54.967Z","updated_at":"2019-02-08T21:49:54.967Z"}
[21:49:54.986233 INFO] Saving report /mnt/openstudio/analysis_5b8bf959-6b87-4318-911c-88038d7f0940/data_point_ccfcaa97-87f4-4dab-adda-eb672f353bbf/out.osw to http://web:80/data_points/ccfcaa97-87f4-4dab-adda-eb672f353bbf/upload_file
[21:49:55.046857 INFO] Saving report responded with {"id":"5c5df9837899b50121813b81","data_point_id":"ccfcaa97-87f4-4dab-adda-eb672f353bbf","display_name":"Final OSW File","type":"Report","created_at":"2019-02-08T21:49:55.030Z","updated_at":"2019-02-08T21:49:55.030Z"}
[21:49:55.047217 INFO] Saving report /mnt/openstudio/analysis_5b8bf959-6b87-4318-911c-88038d7f0940/data_point_ccfcaa97-87f4-4dab-adda-eb672f353bbf/run/data_point.zip to http://web:80/data_points/ccfcaa97-87f4-4dab-adda-eb672f353bbf/upload_file
[21:49:55.109134 INFO] Saving report responded with {"id":"5c5df9837899b500fb813b80","data_point_id":"ccfcaa97-87f4-4dab-adda-eb672f353bbf","display_name":"Zip File","type":"Data Point","created_at":"2019-02-08T21:49:55.090Z","updated_at":"2019-02-08T21:49:55.090Z"}
[21:49:55.109398 INFO] Checking for presence of args file at /mnt/openstudio/analysis_5b8bf959-6b87-4318-911c-88038d7f0940/scripts/data_point/finalize.args
[21:49:55.109498 INFO]  args loaded from file /mnt/openstudio/analysis_5b8bf959-6b87-4318-911c-88038d7f0940/scripts/data_point/finalize.args: []
[21:49:55.109534 INFO] Checking for presence of script file at /mnt/openstudio/analysis_5b8bf959-6b87-4318-911c-88038d7f0940/scripts/data_point/finalize.sh
[21:49:55.109614 DEBUG] updating permissions for /mnt/openstudio/analysis_5b8bf959-6b87-4318-911c-88038d7f0940/scripts/data_point/finalize.sh
[21:49:55.109660 DEBUG] removing DOS endings for /mnt/openstudio/analysis_5b8bf959-6b87-4318-911c-88038d7f0940/scripts/data_point/finalize.sh
[21:49:55.109878 DEBUG] running /mnt/openstudio/analysis_5b8bf959-6b87-4318-911c-88038d7f0940/scripts/data_point/finalize.sh
[21:49:55.144927 DEBUG] Script returned with exit code 0 of class Fixnum
[21:49:55.452318 INFO] Finished /opt/openstudio/server/app/jobs/dj_jobs/run_simulate_data_point.rb
