2023-08-16 22:49:31,244 - INFO - Adding envelope metrics to san_jose
2023-08-16 22:49:33,368 - INFO - 
                       code-compliant above-average below-average
Frame Wall (R-value)             >= 9     < 9, >= 6           < 6
Masonry Wall (R-value)           >= 8     < 8, >= 3           < 3
Ceiling/Roof (R-value)          >= 23   < 23, >= 12          < 12
Air Leakage (ACH50)              <= 2    > 2, <= 16          > 16
2023-08-16 22:49:33,375 - INFO - 
combined_envelope_rating  wall_rating     ceiling_roof_rating  infiltration_rating
above-average             above-average   above-average        above-average           31
                                          code-compliant       above-average           44
                          code-compliant  above-average        above-average          121
                                                               code-compliant           1
                                          code-compliant       above-average          286
below-average             above-average   above-average        below-average           23
                                          below-average        above-average           12
                                                               below-average           10
                                          code-compliant       below-average           28
                          below-average   above-average        above-average          188
                                                               below-average          177
                                          below-average        above-average          114
                                                               below-average          102
                                          code-compliant       above-average          201
                                                               below-average          178
                          code-compliant  above-average        below-average           26
                                          below-average        above-average           23
                                                               below-average            3
                                          code-compliant       below-average           36
code-compliant            code-compliant  code-compliant       code-compliant           1
Name: count, dtype: int64
