2023-08-16 22:50:36,104 - INFO - After duct correction, housing characteristics for 63 / 1605 buildings in baseline are changed: 
2023-08-16 22:50:36,105 - INFO - Note: self=original, other=new. NAN values represent no change.
2023-08-16 22:50:36,108 - INFO - 
            build_existing_model.hvac_has_ducts       build_existing_model.hvac_heating_type                     build_existing_model.hvac_cooling_type      
                                           self other                                   self               other                                   self other
building_id                                                                                                                                                  
12138                                       Yes    No                         Ducted Heating  Non-Ducted Heating                                    NaN   NaN
13909                                       Yes    No                         Ducted Heating  Non-Ducted Heating                                    NaN   NaN
25043                                       Yes    No                         Ducted Heating  Non-Ducted Heating                                    NaN   NaN
38574                                       Yes    No                         Ducted Heating  Non-Ducted Heating                                    NaN   NaN
39686                                       Yes    No                         Ducted Heating  Non-Ducted Heating                                    NaN   NaN
...                                         ...   ...                                    ...                 ...                                    ...   ...
509260                                      Yes    No                         Ducted Heating  Non-Ducted Heating                                    NaN   NaN
514830                                      Yes    No                         Ducted Heating  Non-Ducted Heating                                    NaN   NaN
532502                                      Yes    No                         Ducted Heating  Non-Ducted Heating                                    NaN   NaN
548026                                      Yes    No                         Ducted Heating  Non-Ducted Heating                                    NaN   NaN
548351                                      Yes    No                         Ducted Heating  Non-Ducted Heating                                    NaN   NaN

[63 rows x 6 columns]
2023-08-16 22:50:36,184 - INFO - Baseline fle updated and saved to: /Users/lliu2/Documents/GitHub/resstock/euss_cleap/data_/community_building_samples/san_jose
2023-08-16 22:50:36,218 - INFO - 
2023-08-16 22:50:36,218 - INFO - =====================================================================================
2023-08-16 22:50:36,218 - INFO - 
>> Recalculating duct sealing applicability and costs for upgrade_no = 1...
2023-08-16 22:50:36,244 - INFO - Updating 149 upgrade_costs.option_05_cost_usd from ['30% Leakage, R-4', '30% Leakage, R-6']
2023-08-16 22:50:36,245 - INFO - 7 new_cost=0 found:
building_id
168952    0.0
188121    0.0
246090    0.0
330766    0.0
405795    0.0
413125    0.0
548351    0.0
Name: duct_total_surface_area, dtype: float64
2023-08-16 22:50:36,245 - INFO -             build_existing_model.hvac_has_ducts  duct_total_surface_area  ... build_existing_model.hvac_cooling_efficiency build_existing_model.hvac_shared_efficiencies
building_id                                                               ...                                                                                           
168952                                       No                      0.0  ...                                         None   Boiler Baseboards Heating Only, Electricity
188121                                       No                      0.0  ...                                         None   Boiler Baseboards Heating Only, Natural Gas
246090                                       No                      0.0  ...                                         None   Boiler Baseboards Heating Only, Electricity
330766                                       No                      0.0  ...                                         None   Boiler Baseboards Heating Only, Natural Gas
405795                                       No                      0.0  ...                                         None   Boiler Baseboards Heating Only, Natural Gas
413125                                       No                      0.0  ...                                         None   Boiler Baseboards Heating Only, Electricity
548351                                       No                      0.0  ...                                         None   Boiler Baseboards Heating Only, Natural Gas

[7 rows x 6 columns]
2023-08-16 22:50:36,254 - INFO - Updating 58 upgrade_costs.option_06_cost_usd from ['30% Leakage, R-8']
2023-08-16 22:50:36,254 - INFO - 6 new_cost=0 found:
building_id
55736     0.0
102913    0.0
262897    0.0
339245    0.0
404960    0.0
467606    0.0
Name: duct_total_surface_area, dtype: float64
2023-08-16 22:50:36,255 - INFO -             build_existing_model.hvac_has_ducts  duct_total_surface_area  ... build_existing_model.hvac_cooling_efficiency build_existing_model.hvac_shared_efficiencies
building_id                                                               ...                                                                                           
55736                                        No                      0.0  ...                            Room AC, EER 10.7   Boiler Baseboards Heating Only, Electricity
102913                                       No                      0.0  ...                             Room AC, EER 9.8   Boiler Baseboards Heating Only, Electricity
262897                                       No                      0.0  ...                                         None   Boiler Baseboards Heating Only, Electricity
339245                                       No                      0.0  ...                            Room AC, EER 10.7   Boiler Baseboards Heating Only, Electricity
404960                                       No                      0.0  ...                                         None   Boiler Baseboards Heating Only, Natural Gas
467606                                       No                      0.0  ...                                         None   Boiler Baseboards Heating Only, Electricity

[6 rows x 6 columns]
2023-08-16 22:50:36,263 - INFO - Updating 446 upgrade_costs.option_07_cost_usd from ['20% Leakage, Uninsulated', '20% Leakage, R-4', '20% Leakage, R-6']
2023-08-16 22:50:36,264 - INFO - 27 new_cost=0 found:
building_id
13909     0.0
25043     0.0
71954     0.0
124141    0.0
126068    0.0
136799    0.0
144726    0.0
151097    0.0
151234    0.0
189124    0.0
211124    0.0
229422    0.0
232414    0.0
249656    0.0
259326    0.0
329336    0.0
329999    0.0
334366    0.0
342017    0.0
347475    0.0
358107    0.0
402760    0.0
439641    0.0
449540    0.0
483592    0.0
514830    0.0
532502    0.0
Name: duct_total_surface_area, dtype: float64
2023-08-16 22:50:36,264 - INFO -             build_existing_model.hvac_has_ducts  duct_total_surface_area  ... build_existing_model.hvac_cooling_efficiency build_existing_model.hvac_shared_efficiencies
building_id                                                               ...                                                                                           
13909                                        No                      0.0  ...                                         None   Boiler Baseboards Heating Only, Electricity
25043                                        No                      0.0  ...                                         None   Boiler Baseboards Heating Only, Natural Gas
71954                                        No                      0.0  ...                                         None   Boiler Baseboards Heating Only, Natural Gas
124141                                       No                      0.0  ...                                         None   Boiler Baseboards Heating Only, Electricity
126068                                       No                      0.0  ...                                         None   Boiler Baseboards Heating Only, Electricity
136799                                       No                      0.0  ...                                         None   Boiler Baseboards Heating Only, Natural Gas
144726                                       No                      0.0  ...                                         None   Boiler Baseboards Heating Only, Electricity
151097                                       No                      0.0  ...                                         None   Boiler Baseboards Heating Only, Natural Gas
151234                                       No                      0.0  ...                                         None   Boiler Baseboards Heating Only, Electricity
189124                                       No                      0.0  ...                                         None   Boiler Baseboards Heating Only, Electricity
211124                                       No                      0.0  ...                            Room AC, EER 10.7   Boiler Baseboards Heating Only, Natural Gas
229422                                       No                      0.0  ...                                         None   Boiler Baseboards Heating Only, Electricity
232414                                       No                      0.0  ...                                         None   Boiler Baseboards Heating Only, Natural Gas
249656                                       No                      0.0  ...                                         None   Boiler Baseboards Heating Only, Natural Gas
259326                                       No                      0.0  ...                                         None   Boiler Baseboards Heating Only, Electricity
329336                                       No                      0.0  ...                                         None   Boiler Baseboards Heating Only, Natural Gas
329999                                       No                      0.0  ...                                         None   Boiler Baseboards Heating Only, Electricity
334366                                       No                      0.0  ...                                         None   Boiler Baseboards Heating Only, Natural Gas
342017                                       No                      0.0  ...                                         None   Boiler Baseboards Heating Only, Natural Gas
347475                                       No                      0.0  ...                                         None   Boiler Baseboards Heating Only, Natural Gas
358107                                       No                      0.0  ...                                         None   Boiler Baseboards Heating Only, Electricity
402760                                       No                      0.0  ...                                         None   Boiler Baseboards Heating Only, Natural Gas
439641                                       No                      0.0  ...                                         None   Boiler Baseboards Heating Only, Electricity
449540                                       No                      0.0  ...                            Room AC, EER 10.7   Boiler Baseboards Heating Only, Electricity
483592                                       No                      0.0  ...                                         None   Boiler Baseboards Heating Only, Natural Gas
514830                                       No                      0.0  ...                                         None   Boiler Baseboards Heating Only, Electricity
532502                                       No                      0.0  ...                                         None   Boiler Baseboards Heating Only, Electricity

[27 rows x 6 columns]
2023-08-16 22:50:36,275 - INFO - Updating 88 upgrade_costs.option_08_cost_usd from ['20% Leakage, R-8']
2023-08-16 22:50:36,275 - INFO - 4 new_cost=0 found:
building_id
12138     0.0
39686     0.0
263711    0.0
548026    0.0
Name: duct_total_surface_area, dtype: float64
2023-08-16 22:50:36,276 - INFO -             build_existing_model.hvac_has_ducts  duct_total_surface_area  ... build_existing_model.hvac_cooling_efficiency build_existing_model.hvac_shared_efficiencies
building_id                                                               ...                                                                                           
12138                                        No                      0.0  ...                                         None   Boiler Baseboards Heating Only, Electricity
39686                                        No                      0.0  ...                            Room AC, EER 12.0   Boiler Baseboards Heating Only, Electricity
263711                                       No                      0.0  ...                            Room AC, EER 10.7   Boiler Baseboards Heating Only, Electricity
548026                                       No                      0.0  ...                                         None   Boiler Baseboards Heating Only, Electricity

[4 rows x 6 columns]
2023-08-16 22:50:36,285 - INFO - Updating 229 upgrade_costs.option_09_cost_usd from ['10% Leakage, Uninsulated', '10% Leakage, R-4', '10% Leakage, R-6']
2023-08-16 22:50:36,285 - INFO - 4 new_cost=0 found:
building_id
195292    0.0
241473    0.0
403852    0.0
455534    0.0
Name: duct_total_surface_area, dtype: float64
2023-08-16 22:50:36,286 - INFO -             build_existing_model.hvac_has_ducts  duct_total_surface_area  ... build_existing_model.hvac_cooling_efficiency build_existing_model.hvac_shared_efficiencies
building_id                                                               ...                                                                                           
195292                                       No                      0.0  ...                                         None   Boiler Baseboards Heating Only, Natural Gas
241473                                       No                      0.0  ...                                         None   Boiler Baseboards Heating Only, Electricity
403852                                       No                      0.0  ...                                         None   Boiler Baseboards Heating Only, Natural Gas
455534                                       No                      0.0  ...                                         None   Boiler Baseboards Heating Only, Natural Gas

[4 rows x 6 columns]
2023-08-16 22:50:36,294 - INFO - Dropping 7 / 48 building_id(s) whose content have been modified for duct correction.
[548351, 102913, 339245, 402760, 39686, 263711, 403852]
2023-08-16 22:50:36,294 - INFO - For these buildings, duct sealing was the only applicable component in the upgrade and it no longer applies after the correction.
2023-08-16 22:50:36,297 - INFO - After duct correction, dfu has reduced in size from 1557 to len(dfu2) rows.
2023-08-16 22:50:36,297 - INFO - Change in upgrade_costs.upgrade_cost_usd:
2023-08-16 22:50:36,298 - INFO - 
       Before Correction (excludes 0)  After Correction
count                     1511.000000       1550.000000
mean                      4943.015354       4931.449906
std                       3337.722800       3396.907646
min                        147.260000         55.411200
25%                       2265.210000       2118.192500
50%                       4677.200000       4641.510000
75%                       6948.720000       6928.031000
max                      23766.900000      24611.473600
2023-08-16 22:50:36,351 - INFO - Upgrade file updated and saved to: /Users/lliu2/Documents/GitHub/resstock/euss_cleap/data_/community_building_samples/san_jose/up01_duct_corrected.parquet
2023-08-16 22:50:36,383 - INFO - 
2023-08-16 22:50:36,383 - INFO - =====================================================================================
2023-08-16 22:50:36,383 - INFO - 
>> Recalculating duct sealing applicability and costs for upgrade_no = 2...
2023-08-16 22:50:36,405 - INFO - Updating 149 upgrade_costs.option_05_cost_usd from ['30% Leakage, R-4', '30% Leakage, R-6']
2023-08-16 22:50:36,406 - INFO - 7 new_cost=0 found:
building_id
168952    0.0
188121    0.0
246090    0.0
330766    0.0
405795    0.0
413125    0.0
548351    0.0
Name: duct_total_surface_area, dtype: float64
2023-08-16 22:50:36,406 - INFO -             build_existing_model.hvac_has_ducts  duct_total_surface_area  ... build_existing_model.hvac_cooling_efficiency build_existing_model.hvac_shared_efficiencies
building_id                                                               ...                                                                                           
168952                                       No                      0.0  ...                                         None   Boiler Baseboards Heating Only, Electricity
188121                                       No                      0.0  ...                                         None   Boiler Baseboards Heating Only, Natural Gas
246090                                       No                      0.0  ...                                         None   Boiler Baseboards Heating Only, Electricity
330766                                       No                      0.0  ...                                         None   Boiler Baseboards Heating Only, Natural Gas
405795                                       No                      0.0  ...                                         None   Boiler Baseboards Heating Only, Natural Gas
413125                                       No                      0.0  ...                                         None   Boiler Baseboards Heating Only, Electricity
548351                                       No                      0.0  ...                                         None   Boiler Baseboards Heating Only, Natural Gas

[7 rows x 6 columns]
2023-08-16 22:50:36,415 - INFO - Updating 58 upgrade_costs.option_06_cost_usd from ['30% Leakage, R-8']
2023-08-16 22:50:36,416 - INFO - 6 new_cost=0 found:
building_id
55736     0.0
102913    0.0
262897    0.0
339245    0.0
404960    0.0
467606    0.0
Name: duct_total_surface_area, dtype: float64
2023-08-16 22:50:36,416 - INFO -             build_existing_model.hvac_has_ducts  duct_total_surface_area  ... build_existing_model.hvac_cooling_efficiency build_existing_model.hvac_shared_efficiencies
building_id                                                               ...                                                                                           
55736                                        No                      0.0  ...                            Room AC, EER 10.7   Boiler Baseboards Heating Only, Electricity
102913                                       No                      0.0  ...                             Room AC, EER 9.8   Boiler Baseboards Heating Only, Electricity
262897                                       No                      0.0  ...                                         None   Boiler Baseboards Heating Only, Electricity
339245                                       No                      0.0  ...                            Room AC, EER 10.7   Boiler Baseboards Heating Only, Electricity
404960                                       No                      0.0  ...                                         None   Boiler Baseboards Heating Only, Natural Gas
467606                                       No                      0.0  ...                                         None   Boiler Baseboards Heating Only, Electricity

[6 rows x 6 columns]
2023-08-16 22:50:36,424 - INFO - Updating 446 upgrade_costs.option_07_cost_usd from ['20% Leakage, Uninsulated', '20% Leakage, R-4', '20% Leakage, R-6']
2023-08-16 22:50:36,425 - INFO - 27 new_cost=0 found:
building_id
13909     0.0
25043     0.0
71954     0.0
124141    0.0
126068    0.0
136799    0.0
144726    0.0
151097    0.0
151234    0.0
189124    0.0
211124    0.0
229422    0.0
232414    0.0
249656    0.0
259326    0.0
329336    0.0
329999    0.0
334366    0.0
342017    0.0
347475    0.0
358107    0.0
402760    0.0
439641    0.0
449540    0.0
483592    0.0
514830    0.0
532502    0.0
Name: duct_total_surface_area, dtype: float64
2023-08-16 22:50:36,426 - INFO -             build_existing_model.hvac_has_ducts  duct_total_surface_area  ... build_existing_model.hvac_cooling_efficiency build_existing_model.hvac_shared_efficiencies
building_id                                                               ...                                                                                           
13909                                        No                      0.0  ...                                         None   Boiler Baseboards Heating Only, Electricity
25043                                        No                      0.0  ...                                         None   Boiler Baseboards Heating Only, Natural Gas
71954                                        No                      0.0  ...                                         None   Boiler Baseboards Heating Only, Natural Gas
124141                                       No                      0.0  ...                                         None   Boiler Baseboards Heating Only, Electricity
126068                                       No                      0.0  ...                                         None   Boiler Baseboards Heating Only, Electricity
136799                                       No                      0.0  ...                                         None   Boiler Baseboards Heating Only, Natural Gas
144726                                       No                      0.0  ...                                         None   Boiler Baseboards Heating Only, Electricity
151097                                       No                      0.0  ...                                         None   Boiler Baseboards Heating Only, Natural Gas
151234                                       No                      0.0  ...                                         None   Boiler Baseboards Heating Only, Electricity
189124                                       No                      0.0  ...                                         None   Boiler Baseboards Heating Only, Electricity
211124                                       No                      0.0  ...                            Room AC, EER 10.7   Boiler Baseboards Heating Only, Natural Gas
229422                                       No                      0.0  ...                                         None   Boiler Baseboards Heating Only, Electricity
232414                                       No                      0.0  ...                                         None   Boiler Baseboards Heating Only, Natural Gas
249656                                       No                      0.0  ...                                         None   Boiler Baseboards Heating Only, Natural Gas
259326                                       No                      0.0  ...                                         None   Boiler Baseboards Heating Only, Electricity
329336                                       No                      0.0  ...                                         None   Boiler Baseboards Heating Only, Natural Gas
329999                                       No                      0.0  ...                                         None   Boiler Baseboards Heating Only, Electricity
334366                                       No                      0.0  ...                                         None   Boiler Baseboards Heating Only, Natural Gas
342017                                       No                      0.0  ...                                         None   Boiler Baseboards Heating Only, Natural Gas
347475                                       No                      0.0  ...                                         None   Boiler Baseboards Heating Only, Natural Gas
358107                                       No                      0.0  ...                                         None   Boiler Baseboards Heating Only, Electricity
402760                                       No                      0.0  ...                                         None   Boiler Baseboards Heating Only, Natural Gas
439641                                       No                      0.0  ...                                         None   Boiler Baseboards Heating Only, Electricity
449540                                       No                      0.0  ...                            Room AC, EER 10.7   Boiler Baseboards Heating Only, Electricity
483592                                       No                      0.0  ...                                         None   Boiler Baseboards Heating Only, Natural Gas
514830                                       No                      0.0  ...                                         None   Boiler Baseboards Heating Only, Electricity
532502                                       No                      0.0  ...                                         None   Boiler Baseboards Heating Only, Electricity

[27 rows x 6 columns]
2023-08-16 22:50:36,436 - INFO - Updating 88 upgrade_costs.option_08_cost_usd from ['20% Leakage, R-8']
2023-08-16 22:50:36,437 - INFO - 4 new_cost=0 found:
building_id
12138     0.0
39686     0.0
263711    0.0
548026    0.0
Name: duct_total_surface_area, dtype: float64
2023-08-16 22:50:36,437 - INFO -             build_existing_model.hvac_has_ducts  duct_total_surface_area  ... build_existing_model.hvac_cooling_efficiency build_existing_model.hvac_shared_efficiencies
building_id                                                               ...                                                                                           
12138                                        No                      0.0  ...                                         None   Boiler Baseboards Heating Only, Electricity
39686                                        No                      0.0  ...                            Room AC, EER 12.0   Boiler Baseboards Heating Only, Electricity
263711                                       No                      0.0  ...                            Room AC, EER 10.7   Boiler Baseboards Heating Only, Electricity
548026                                       No                      0.0  ...                                         None   Boiler Baseboards Heating Only, Electricity

[4 rows x 6 columns]
2023-08-16 22:50:36,446 - INFO - Updating 229 upgrade_costs.option_09_cost_usd from ['10% Leakage, Uninsulated', '10% Leakage, R-4', '10% Leakage, R-6']
2023-08-16 22:50:36,446 - INFO - 4 new_cost=0 found:
building_id
195292    0.0
241473    0.0
403852    0.0
455534    0.0
Name: duct_total_surface_area, dtype: float64
2023-08-16 22:50:36,447 - INFO -             build_existing_model.hvac_has_ducts  duct_total_surface_area  ... build_existing_model.hvac_cooling_efficiency build_existing_model.hvac_shared_efficiencies
building_id                                                               ...                                                                                           
195292                                       No                      0.0  ...                                         None   Boiler Baseboards Heating Only, Natural Gas
241473                                       No                      0.0  ...                                         None   Boiler Baseboards Heating Only, Electricity
403852                                       No                      0.0  ...                                         None   Boiler Baseboards Heating Only, Natural Gas
455534                                       No                      0.0  ...                                         None   Boiler Baseboards Heating Only, Natural Gas

[4 rows x 6 columns]
2023-08-16 22:50:36,454 - INFO - Dropping 7 / 48 building_id(s) whose content have been modified for duct correction.
[548351, 102913, 339245, 402760, 39686, 263711, 403852]
2023-08-16 22:50:36,454 - INFO - For these buildings, duct sealing was the only applicable component in the upgrade and it no longer applies after the correction.
2023-08-16 22:50:36,459 - INFO - After duct correction, dfu has reduced in size from 1567 to len(dfu2) rows.
2023-08-16 22:50:36,459 - INFO - Change in upgrade_costs.upgrade_cost_usd:
2023-08-16 22:50:36,460 - INFO - 
       Before Correction (excludes 0)  After Correction
count                     1523.000000       1560.000000
mean                      6488.065095       6446.265573
std                       4571.761076       4622.621726
min                        147.260000          0.000000
25%                       2732.560000       2693.038500
50%                       6028.830000       5907.588000
75%                       9361.550000       9327.654000
max                      34888.430000      34888.430000
2023-08-16 22:50:36,516 - INFO - Upgrade file updated and saved to: /Users/lliu2/Documents/GitHub/resstock/euss_cleap/data_/community_building_samples/san_jose/up02_duct_corrected.parquet
2023-08-16 22:50:36,549 - INFO - 
2023-08-16 22:50:36,549 - INFO - =====================================================================================
2023-08-16 22:50:36,549 - INFO - 
>> Recalculating duct sealing applicability and costs for upgrade_no = 3...
2023-08-16 22:50:36,576 - INFO - After duct correction, dfu has reduced in size from 1605 to len(dfu2) rows.
2023-08-16 22:50:36,576 - INFO - Change in upgrade_costs.upgrade_cost_usd:
2023-08-16 22:50:36,577 - INFO - 
       Before Correction (excludes 0)  After Correction
count                     1605.000000       1605.000000
mean                      9211.416586       9211.416586
std                       4207.784665       4207.784665
min                       3209.570000       3209.570000
25%                       6517.120000       6517.120000
50%                       8103.890000       8103.890000
75%                      10826.040000      10826.040000
max                      35528.730000      35528.730000
2023-08-16 22:50:36,641 - INFO - Upgrade file updated and saved to: /Users/lliu2/Documents/GitHub/resstock/euss_cleap/data_/community_building_samples/san_jose/up03_duct_corrected.parquet
2023-08-16 22:50:36,674 - INFO - 
2023-08-16 22:50:36,674 - INFO - =====================================================================================
2023-08-16 22:50:36,674 - INFO - 
>> Recalculating duct sealing applicability and costs for upgrade_no = 4...
2023-08-16 22:50:36,700 - INFO - After duct correction, dfu has reduced in size from 1605 to len(dfu2) rows.
2023-08-16 22:50:36,700 - INFO - Change in upgrade_costs.upgrade_cost_usd:
2023-08-16 22:50:36,702 - INFO - 
       Before Correction (excludes 0)  After Correction
count                     1605.000000       1605.000000
mean                     17455.933190      17455.933190
std                       5026.823048       5026.823048
min                       3665.210000       3665.210000
25%                      15827.510000      15827.510000
50%                      18235.440000      18235.440000
75%                      20050.560000      20050.560000
max                      40704.850000      40704.850000
2023-08-16 22:50:36,759 - INFO - Upgrade file updated and saved to: /Users/lliu2/Documents/GitHub/resstock/euss_cleap/data_/community_building_samples/san_jose/up04_duct_corrected.parquet
2023-08-16 22:50:36,791 - INFO - 
2023-08-16 22:50:36,791 - INFO - =====================================================================================
2023-08-16 22:50:36,791 - INFO - 
>> Recalculating duct sealing applicability and costs for upgrade_no = 5...
2023-08-16 22:50:36,819 - INFO - After duct correction, dfu has reduced in size from 1604 to len(dfu2) rows.
2023-08-16 22:50:36,819 - INFO - Change in upgrade_costs.upgrade_cost_usd:
2023-08-16 22:50:36,820 - INFO - 
       Before Correction (excludes 0)  After Correction
count                     1604.000000       1604.000000
mean                      9187.939582       9187.939582
std                       4185.701188       4185.701188
min                       3209.570000       3209.570000
25%                       6513.825000       6513.825000
50%                       8101.565000       8101.565000
75%                      10793.522500      10793.522500
max                      35528.730000      35528.730000
2023-08-16 22:50:36,875 - INFO - Upgrade file updated and saved to: /Users/lliu2/Documents/GitHub/resstock/euss_cleap/data_/community_building_samples/san_jose/up05_duct_corrected.parquet
2023-08-16 22:50:36,908 - INFO - 
2023-08-16 22:50:36,908 - INFO - =====================================================================================
2023-08-16 22:50:36,908 - INFO - 
>> Recalculating duct sealing applicability and costs for upgrade_no = 6...
2023-08-16 22:50:36,934 - INFO - After duct correction, dfu has reduced in size from 1599 to len(dfu2) rows.
2023-08-16 22:50:36,934 - INFO - Change in upgrade_costs.upgrade_cost_usd:
2023-08-16 22:50:36,935 - INFO - 
       Before Correction (excludes 0)  After Correction
count                     1599.000000       1599.000000
mean                      2499.717323       2499.717323
std                        451.498581        451.498581
min                       2242.000000       2242.000000
25%                       2242.000000       2242.000000
50%                       2242.000000       2242.000000
75%                       3088.000000       3088.000000
max                       3828.000000       3828.000000
2023-08-16 22:50:36,989 - INFO - Upgrade file updated and saved to: /Users/lliu2/Documents/GitHub/resstock/euss_cleap/data_/community_building_samples/san_jose/up06_duct_corrected.parquet
2023-08-16 22:50:37,022 - INFO - 
2023-08-16 22:50:37,022 - INFO - =====================================================================================
2023-08-16 22:50:37,022 - INFO - 
>> Recalculating duct sealing applicability and costs for upgrade_no = 7...
2023-08-16 22:50:37,048 - INFO - After duct correction, dfu has reduced in size from 1583 to len(dfu2) rows.
2023-08-16 22:50:37,048 - INFO - Change in upgrade_costs.upgrade_cost_usd:
2023-08-16 22:50:37,049 - INFO - 
       Before Correction (excludes 0)  After Correction
count                     1583.000000       1583.000000
mean                     11351.153367      11351.153367
std                       5646.913564       5646.913564
min                        870.000000        870.000000
25%                       8800.700000       8800.700000
50%                      11321.190000      11321.190000
75%                      14114.425000      14114.425000
max                      38747.730000      38747.730000
2023-08-16 22:50:37,106 - INFO - Upgrade file updated and saved to: /Users/lliu2/Documents/GitHub/resstock/euss_cleap/data_/community_building_samples/san_jose/up07_duct_corrected.parquet
2023-08-16 22:50:37,139 - INFO - 
2023-08-16 22:50:37,139 - INFO - =====================================================================================
2023-08-16 22:50:37,139 - INFO - 
>> Recalculating duct sealing applicability and costs for upgrade_no = 8...
2023-08-16 22:50:37,165 - INFO - After duct correction, dfu has reduced in size from 1605 to len(dfu2) rows.
2023-08-16 22:50:37,165 - INFO - Change in upgrade_costs.upgrade_cost_usd:
2023-08-16 22:50:37,167 - INFO - 
       Before Correction (excludes 0)  After Correction
count                     1605.000000       1605.000000
mean                     23098.718237      23098.718237
std                       5446.766320       5446.766320
min                       7403.210000       7403.210000
25%                      20502.140000      20502.140000
50%                      24050.850000      24050.850000
75%                      26024.300000      26024.300000
max                      46408.850000      46408.850000
2023-08-16 22:50:37,226 - INFO - Upgrade file updated and saved to: /Users/lliu2/Documents/GitHub/resstock/euss_cleap/data_/community_building_samples/san_jose/up08_duct_corrected.parquet
2023-08-16 22:50:37,259 - INFO - 
2023-08-16 22:50:37,259 - INFO - =====================================================================================
2023-08-16 22:50:37,259 - INFO - 
>> Recalculating duct sealing applicability and costs for upgrade_no = 9...
2023-08-16 22:50:37,281 - INFO - Updating 149 upgrade_costs.option_05_cost_usd from ['30% Leakage, R-4', '30% Leakage, R-6']
2023-08-16 22:50:37,282 - INFO - 7 new_cost=0 found:
building_id
168952    0.0
188121    0.0
246090    0.0
330766    0.0
405795    0.0
413125    0.0
548351    0.0
Name: duct_total_surface_area, dtype: float64
2023-08-16 22:50:37,282 - INFO -             build_existing_model.hvac_has_ducts  duct_total_surface_area  ... build_existing_model.hvac_cooling_efficiency build_existing_model.hvac_shared_efficiencies
building_id                                                               ...                                                                                           
168952                                       No                      0.0  ...                                         None   Boiler Baseboards Heating Only, Electricity
188121                                       No                      0.0  ...                                         None   Boiler Baseboards Heating Only, Natural Gas
246090                                       No                      0.0  ...                                         None   Boiler Baseboards Heating Only, Electricity
330766                                       No                      0.0  ...                                         None   Boiler Baseboards Heating Only, Natural Gas
405795                                       No                      0.0  ...                                         None   Boiler Baseboards Heating Only, Natural Gas
413125                                       No                      0.0  ...                                         None   Boiler Baseboards Heating Only, Electricity
548351                                       No                      0.0  ...                                         None   Boiler Baseboards Heating Only, Natural Gas

[7 rows x 6 columns]
2023-08-16 22:50:37,289 - INFO - Updating 58 upgrade_costs.option_06_cost_usd from ['30% Leakage, R-8']
2023-08-16 22:50:37,289 - INFO - 6 new_cost=0 found:
building_id
55736     0.0
102913    0.0
262897    0.0
339245    0.0
404960    0.0
467606    0.0
Name: duct_total_surface_area, dtype: float64
2023-08-16 22:50:37,290 - INFO -             build_existing_model.hvac_has_ducts  duct_total_surface_area  ... build_existing_model.hvac_cooling_efficiency build_existing_model.hvac_shared_efficiencies
building_id                                                               ...                                                                                           
55736                                        No                      0.0  ...                            Room AC, EER 10.7   Boiler Baseboards Heating Only, Electricity
102913                                       No                      0.0  ...                             Room AC, EER 9.8   Boiler Baseboards Heating Only, Electricity
262897                                       No                      0.0  ...                                         None   Boiler Baseboards Heating Only, Electricity
339245                                       No                      0.0  ...                            Room AC, EER 10.7   Boiler Baseboards Heating Only, Electricity
404960                                       No                      0.0  ...                                         None   Boiler Baseboards Heating Only, Natural Gas
467606                                       No                      0.0  ...                                         None   Boiler Baseboards Heating Only, Electricity

[6 rows x 6 columns]
2023-08-16 22:50:37,297 - INFO - Updating 446 upgrade_costs.option_07_cost_usd from ['20% Leakage, Uninsulated', '20% Leakage, R-4', '20% Leakage, R-6']
2023-08-16 22:50:37,297 - INFO - 26 new_cost=0 found:
building_id
13909     0.0
25043     0.0
71954     0.0
124141    0.0
126068    0.0
136799    0.0
144726    0.0
151097    0.0
151234    0.0
189124    0.0
229422    0.0
232414    0.0
249656    0.0
259326    0.0
329336    0.0
329999    0.0
334366    0.0
342017    0.0
347475    0.0
358107    0.0
402760    0.0
439641    0.0
449540    0.0
483592    0.0
514830    0.0
532502    0.0
Name: duct_total_surface_area, dtype: float64
2023-08-16 22:50:37,298 - INFO -             build_existing_model.hvac_has_ducts  duct_total_surface_area  ... build_existing_model.hvac_cooling_efficiency build_existing_model.hvac_shared_efficiencies
building_id                                                               ...                                                                                           
13909                                        No                      0.0  ...                                         None   Boiler Baseboards Heating Only, Electricity
25043                                        No                      0.0  ...                                         None   Boiler Baseboards Heating Only, Natural Gas
71954                                        No                      0.0  ...                                         None   Boiler Baseboards Heating Only, Natural Gas
124141                                       No                      0.0  ...                                         None   Boiler Baseboards Heating Only, Electricity
126068                                       No                      0.0  ...                                         None   Boiler Baseboards Heating Only, Electricity
136799                                       No                      0.0  ...                                         None   Boiler Baseboards Heating Only, Natural Gas
144726                                       No                      0.0  ...                                         None   Boiler Baseboards Heating Only, Electricity
151097                                       No                      0.0  ...                                         None   Boiler Baseboards Heating Only, Natural Gas
151234                                       No                      0.0  ...                                         None   Boiler Baseboards Heating Only, Electricity
189124                                       No                      0.0  ...                                         None   Boiler Baseboards Heating Only, Electricity
229422                                       No                      0.0  ...                                         None   Boiler Baseboards Heating Only, Electricity
232414                                       No                      0.0  ...                                         None   Boiler Baseboards Heating Only, Natural Gas
249656                                       No                      0.0  ...                                         None   Boiler Baseboards Heating Only, Natural Gas
259326                                       No                      0.0  ...                                         None   Boiler Baseboards Heating Only, Electricity
329336                                       No                      0.0  ...                                         None   Boiler Baseboards Heating Only, Natural Gas
329999                                       No                      0.0  ...                                         None   Boiler Baseboards Heating Only, Electricity
334366                                       No                      0.0  ...                                         None   Boiler Baseboards Heating Only, Natural Gas
342017                                       No                      0.0  ...                                         None   Boiler Baseboards Heating Only, Natural Gas
347475                                       No                      0.0  ...                                         None   Boiler Baseboards Heating Only, Natural Gas
358107                                       No                      0.0  ...                                         None   Boiler Baseboards Heating Only, Electricity
402760                                       No                      0.0  ...                                         None   Boiler Baseboards Heating Only, Natural Gas
439641                                       No                      0.0  ...                                         None   Boiler Baseboards Heating Only, Electricity
449540                                       No                      0.0  ...                            Room AC, EER 10.7   Boiler Baseboards Heating Only, Electricity
483592                                       No                      0.0  ...                                         None   Boiler Baseboards Heating Only, Natural Gas
514830                                       No                      0.0  ...                                         None   Boiler Baseboards Heating Only, Electricity
532502                                       No                      0.0  ...                                         None   Boiler Baseboards Heating Only, Electricity

[26 rows x 6 columns]
2023-08-16 22:50:37,306 - INFO - Updating 88 upgrade_costs.option_08_cost_usd from ['20% Leakage, R-8']
2023-08-16 22:50:37,307 - INFO - 4 new_cost=0 found:
building_id
12138     0.0
39686     0.0
263711    0.0
548026    0.0
Name: duct_total_surface_area, dtype: float64
2023-08-16 22:50:37,308 - INFO -             build_existing_model.hvac_has_ducts  duct_total_surface_area  ... build_existing_model.hvac_cooling_efficiency build_existing_model.hvac_shared_efficiencies
building_id                                                               ...                                                                                           
12138                                        No                      0.0  ...                                         None   Boiler Baseboards Heating Only, Electricity
39686                                        No                      0.0  ...                            Room AC, EER 12.0   Boiler Baseboards Heating Only, Electricity
263711                                       No                      0.0  ...                            Room AC, EER 10.7   Boiler Baseboards Heating Only, Electricity
548026                                       No                      0.0  ...                                         None   Boiler Baseboards Heating Only, Electricity

[4 rows x 6 columns]
2023-08-16 22:50:37,314 - INFO - Updating 229 upgrade_costs.option_09_cost_usd from ['10% Leakage, Uninsulated', '10% Leakage, R-4', '10% Leakage, R-6']
2023-08-16 22:50:37,314 - INFO - 4 new_cost=0 found:
building_id
195292    0.0
241473    0.0
403852    0.0
455534    0.0
Name: duct_total_surface_area, dtype: float64
2023-08-16 22:50:37,315 - INFO -             build_existing_model.hvac_has_ducts  duct_total_surface_area  ... build_existing_model.hvac_cooling_efficiency build_existing_model.hvac_shared_efficiencies
building_id                                                               ...                                                                                           
195292                                       No                      0.0  ...                                         None   Boiler Baseboards Heating Only, Natural Gas
241473                                       No                      0.0  ...                                         None   Boiler Baseboards Heating Only, Electricity
403852                                       No                      0.0  ...                                         None   Boiler Baseboards Heating Only, Natural Gas
455534                                       No                      0.0  ...                                         None   Boiler Baseboards Heating Only, Natural Gas

[4 rows x 6 columns]
2023-08-16 22:50:37,323 - INFO - Dropping 0 / 47 building_id(s) whose content have been modified for duct correction.
[]
2023-08-16 22:50:37,323 - INFO - For these buildings, duct sealing was the only applicable component in the upgrade and it no longer applies after the correction.
2023-08-16 22:50:37,328 - INFO - After duct correction, dfu has reduced in size from 1605 to len(dfu2) rows.
2023-08-16 22:50:37,328 - INFO - Change in upgrade_costs.upgrade_cost_usd:
2023-08-16 22:50:37,329 - INFO - 
       Before Correction (excludes 0)  After Correction
count                     1605.000000       1605.000000
mean                     25667.205857      25774.087185
std                       6919.148284       6973.606272
min                       7403.210000       7403.210000
25%                      21505.040000      21655.360000
50%                      26600.550000      26677.117200
75%                      29758.890000      29903.456000
max                      50980.350000      50980.350000
2023-08-16 22:50:37,393 - INFO - Upgrade file updated and saved to: /Users/lliu2/Documents/GitHub/resstock/euss_cleap/data_/community_building_samples/san_jose/up09_duct_corrected.parquet
2023-08-16 22:50:37,428 - INFO - 
2023-08-16 22:50:37,428 - INFO - =====================================================================================
2023-08-16 22:50:37,428 - INFO - 
>> Recalculating duct sealing applicability and costs for upgrade_no = 10...
2023-08-16 22:50:37,450 - INFO - Updating 149 upgrade_costs.option_05_cost_usd from ['30% Leakage, R-4', '30% Leakage, R-6']
2023-08-16 22:50:37,450 - INFO - 7 new_cost=0 found:
building_id
168952    0.0
188121    0.0
246090    0.0
330766    0.0
405795    0.0
413125    0.0
548351    0.0
Name: duct_total_surface_area, dtype: float64
2023-08-16 22:50:37,451 - INFO -             build_existing_model.hvac_has_ducts  duct_total_surface_area  ... build_existing_model.hvac_cooling_efficiency build_existing_model.hvac_shared_efficiencies
building_id                                                               ...                                                                                           
168952                                       No                      0.0  ...                                         None   Boiler Baseboards Heating Only, Electricity
188121                                       No                      0.0  ...                                         None   Boiler Baseboards Heating Only, Natural Gas
246090                                       No                      0.0  ...                                         None   Boiler Baseboards Heating Only, Electricity
330766                                       No                      0.0  ...                                         None   Boiler Baseboards Heating Only, Natural Gas
405795                                       No                      0.0  ...                                         None   Boiler Baseboards Heating Only, Natural Gas
413125                                       No                      0.0  ...                                         None   Boiler Baseboards Heating Only, Electricity
548351                                       No                      0.0  ...                                         None   Boiler Baseboards Heating Only, Natural Gas

[7 rows x 6 columns]
2023-08-16 22:50:37,457 - INFO - Updating 58 upgrade_costs.option_06_cost_usd from ['30% Leakage, R-8']
2023-08-16 22:50:37,457 - INFO - 6 new_cost=0 found:
building_id
55736     0.0
102913    0.0
262897    0.0
339245    0.0
404960    0.0
467606    0.0
Name: duct_total_surface_area, dtype: float64
2023-08-16 22:50:37,458 - INFO -             build_existing_model.hvac_has_ducts  duct_total_surface_area  ... build_existing_model.hvac_cooling_efficiency build_existing_model.hvac_shared_efficiencies
building_id                                                               ...                                                                                           
55736                                        No                      0.0  ...                            Room AC, EER 10.7   Boiler Baseboards Heating Only, Electricity
102913                                       No                      0.0  ...                             Room AC, EER 9.8   Boiler Baseboards Heating Only, Electricity
262897                                       No                      0.0  ...                                         None   Boiler Baseboards Heating Only, Electricity
339245                                       No                      0.0  ...                            Room AC, EER 10.7   Boiler Baseboards Heating Only, Electricity
404960                                       No                      0.0  ...                                         None   Boiler Baseboards Heating Only, Natural Gas
467606                                       No                      0.0  ...                                         None   Boiler Baseboards Heating Only, Electricity

[6 rows x 6 columns]
2023-08-16 22:50:37,464 - INFO - Updating 446 upgrade_costs.option_07_cost_usd from ['20% Leakage, Uninsulated', '20% Leakage, R-4', '20% Leakage, R-6']
2023-08-16 22:50:37,465 - INFO - 26 new_cost=0 found:
building_id
13909     0.0
25043     0.0
71954     0.0
124141    0.0
126068    0.0
136799    0.0
144726    0.0
151097    0.0
151234    0.0
189124    0.0
229422    0.0
232414    0.0
249656    0.0
259326    0.0
329336    0.0
329999    0.0
334366    0.0
342017    0.0
347475    0.0
358107    0.0
402760    0.0
439641    0.0
449540    0.0
483592    0.0
514830    0.0
532502    0.0
Name: duct_total_surface_area, dtype: float64
2023-08-16 22:50:37,465 - INFO -             build_existing_model.hvac_has_ducts  duct_total_surface_area  ... build_existing_model.hvac_cooling_efficiency build_existing_model.hvac_shared_efficiencies
building_id                                                               ...                                                                                           
13909                                        No                      0.0  ...                                         None   Boiler Baseboards Heating Only, Electricity
25043                                        No                      0.0  ...                                         None   Boiler Baseboards Heating Only, Natural Gas
71954                                        No                      0.0  ...                                         None   Boiler Baseboards Heating Only, Natural Gas
124141                                       No                      0.0  ...                                         None   Boiler Baseboards Heating Only, Electricity
126068                                       No                      0.0  ...                                         None   Boiler Baseboards Heating Only, Electricity
136799                                       No                      0.0  ...                                         None   Boiler Baseboards Heating Only, Natural Gas
144726                                       No                      0.0  ...                                         None   Boiler Baseboards Heating Only, Electricity
151097                                       No                      0.0  ...                                         None   Boiler Baseboards Heating Only, Natural Gas
151234                                       No                      0.0  ...                                         None   Boiler Baseboards Heating Only, Electricity
189124                                       No                      0.0  ...                                         None   Boiler Baseboards Heating Only, Electricity
229422                                       No                      0.0  ...                                         None   Boiler Baseboards Heating Only, Electricity
232414                                       No                      0.0  ...                                         None   Boiler Baseboards Heating Only, Natural Gas
249656                                       No                      0.0  ...                                         None   Boiler Baseboards Heating Only, Natural Gas
259326                                       No                      0.0  ...                                         None   Boiler Baseboards Heating Only, Electricity
329336                                       No                      0.0  ...                                         None   Boiler Baseboards Heating Only, Natural Gas
329999                                       No                      0.0  ...                                         None   Boiler Baseboards Heating Only, Electricity
334366                                       No                      0.0  ...                                         None   Boiler Baseboards Heating Only, Natural Gas
342017                                       No                      0.0  ...                                         None   Boiler Baseboards Heating Only, Natural Gas
347475                                       No                      0.0  ...                                         None   Boiler Baseboards Heating Only, Natural Gas
358107                                       No                      0.0  ...                                         None   Boiler Baseboards Heating Only, Electricity
402760                                       No                      0.0  ...                                         None   Boiler Baseboards Heating Only, Natural Gas
439641                                       No                      0.0  ...                                         None   Boiler Baseboards Heating Only, Electricity
449540                                       No                      0.0  ...                            Room AC, EER 10.7   Boiler Baseboards Heating Only, Electricity
483592                                       No                      0.0  ...                                         None   Boiler Baseboards Heating Only, Natural Gas
514830                                       No                      0.0  ...                                         None   Boiler Baseboards Heating Only, Electricity
532502                                       No                      0.0  ...                                         None   Boiler Baseboards Heating Only, Electricity

[26 rows x 6 columns]
2023-08-16 22:50:37,473 - INFO - Updating 88 upgrade_costs.option_08_cost_usd from ['20% Leakage, R-8']
2023-08-16 22:50:37,474 - INFO - 4 new_cost=0 found:
building_id
12138     0.0
39686     0.0
263711    0.0
548026    0.0
Name: duct_total_surface_area, dtype: float64
2023-08-16 22:50:37,474 - INFO -             build_existing_model.hvac_has_ducts  duct_total_surface_area  ... build_existing_model.hvac_cooling_efficiency build_existing_model.hvac_shared_efficiencies
building_id                                                               ...                                                                                           
12138                                        No                      0.0  ...                                         None   Boiler Baseboards Heating Only, Electricity
39686                                        No                      0.0  ...                            Room AC, EER 12.0   Boiler Baseboards Heating Only, Electricity
263711                                       No                      0.0  ...                            Room AC, EER 10.7   Boiler Baseboards Heating Only, Electricity
548026                                       No                      0.0  ...                                         None   Boiler Baseboards Heating Only, Electricity

[4 rows x 6 columns]
2023-08-16 22:50:37,480 - INFO - Updating 229 upgrade_costs.option_09_cost_usd from ['10% Leakage, Uninsulated', '10% Leakage, R-4', '10% Leakage, R-6']
2023-08-16 22:50:37,480 - INFO - 4 new_cost=0 found:
building_id
195292    0.0
241473    0.0
403852    0.0
455534    0.0
Name: duct_total_surface_area, dtype: float64
2023-08-16 22:50:37,482 - INFO -             build_existing_model.hvac_has_ducts  duct_total_surface_area  ... build_existing_model.hvac_cooling_efficiency build_existing_model.hvac_shared_efficiencies
building_id                                                               ...                                                                                           
195292                                       No                      0.0  ...                                         None   Boiler Baseboards Heating Only, Natural Gas
241473                                       No                      0.0  ...                                         None   Boiler Baseboards Heating Only, Electricity
403852                                       No                      0.0  ...                                         None   Boiler Baseboards Heating Only, Natural Gas
455534                                       No                      0.0  ...                                         None   Boiler Baseboards Heating Only, Natural Gas

[4 rows x 6 columns]
2023-08-16 22:50:37,489 - INFO - Dropping 0 / 47 building_id(s) whose content have been modified for duct correction.
[]
2023-08-16 22:50:37,489 - INFO - For these buildings, duct sealing was the only applicable component in the upgrade and it no longer applies after the correction.
2023-08-16 22:50:37,494 - INFO - After duct correction, dfu has reduced in size from 1605 to len(dfu2) rows.
2023-08-16 22:50:37,494 - INFO - Change in upgrade_costs.upgrade_cost_usd:
2023-08-16 22:50:37,495 - INFO - 
       Before Correction (excludes 0)  After Correction
count                     1605.000000       1605.000000
mean                     26808.958374      26915.839703
std                       7542.644056       7590.531590
min                       7403.210000       7403.210000
25%                      22167.640000      22343.766400
50%                      27397.380000      27558.272400
75%                      31521.420000      31610.198000
max                      55044.820000      55044.820000
2023-08-16 22:50:37,552 - INFO - Upgrade file updated and saved to: /Users/lliu2/Documents/GitHub/resstock/euss_cleap/data_/community_building_samples/san_jose/up10_duct_corrected.parquet
