# Logfile created on 2017-09-25 16:35:43 +0000 by logger.rb/47272
[16:35:43.654580 INFO] Server host is http://web:80
[16:35:43.654656 INFO] Analysis directory is /mnt/openstudio/analysis_fe821d2c-df1e-4105-9ee6-6c7fef1463ae
[16:35:43.654713 INFO] Simulation directory is /mnt/openstudio/analysis_fe821d2c-df1e-4105-9ee6-6c7fef1463ae/data_point_8e7fcdb4-d203-4356-8ab4-af8514347765
[16:35:43.654745 INFO] Run datapoint type/file is workflow
[16:35:43.654775 INFO] Starting initialize_worker for datapoint 8e7fcdb4-d203-4356-8ab4-af8514347765
[16:35:43.654833 INFO] receipt_file already exists, moving on
[16:35:43.826134 INFO] Downloading datapoint from http://web:80/data_points/8e7fcdb4-d203-4356-8ab4-af8514347765.json
[16:35:43.838366 INFO] Creating Workflow Manager instance
[16:35:43.838464 INFO] Directory is /mnt/openstudio/analysis_fe821d2c-df1e-4105-9ee6-6c7fef1463ae/data_point_8e7fcdb4-d203-4356-8ab4-af8514347765
[16:35:43.838538 INFO] Opening run.log file '/mnt/openstudio/analysis_fe821d2c-df1e-4105-9ee6-6c7fef1463ae/data_point_8e7fcdb4-d203-4356-8ab4-af8514347765/run/run.log'
[16:35:43.852462 INFO] Running workflow
[16:39:28.326225 INFO] Final run state is finished
[16:39:28.360554 INFO] Saving files/reports back to the server
[16:39:28.361045 INFO] Saving report /mnt/openstudio/analysis_fe821d2c-df1e-4105-9ee6-6c7fef1463ae/data_point_8e7fcdb4-d203-4356-8ab4-af8514347765/reports/eplustbl.html to http://web:80/data_points/8e7fcdb4-d203-4356-8ab4-af8514347765/upload_file
[16:39:28.428263 INFO] Saving report responded with {"id":"59c93140a2321800caed5c1e","data_point_id":"8e7fcdb4-d203-4356-8ab4-af8514347765","display_name":"eplustbl","type":"Report","created_at":"2017-09-25T16:39:28.413Z","updated_at":"2017-09-25T16:39:28.413Z"}
[16:39:28.428799 INFO] Saving report /mnt/openstudio/analysis_fe821d2c-df1e-4105-9ee6-6c7fef1463ae/data_point_8e7fcdb4-d203-4356-8ab4-af8514347765/run/objectives.json to http://web:80/data_points/8e7fcdb4-d203-4356-8ab4-af8514347765/upload_file
[16:39:28.471462 INFO] Saving report responded with {"id":"59c93140a2321800caed5c1f","data_point_id":"8e7fcdb4-d203-4356-8ab4-af8514347765","display_name":"objectives","type":"Report","created_at":"2017-09-25T16:39:28.456Z","updated_at":"2017-09-25T16:39:28.456Z"}
[16:39:28.471825 INFO] Saving report /mnt/openstudio/analysis_fe821d2c-df1e-4105-9ee6-6c7fef1463ae/data_point_8e7fcdb4-d203-4356-8ab4-af8514347765/out.osw to http://web:80/data_points/8e7fcdb4-d203-4356-8ab4-af8514347765/upload_file
[16:39:28.526234 INFO] Saving report responded with {"id":"59c93140a2321800caed5c20","data_point_id":"8e7fcdb4-d203-4356-8ab4-af8514347765","display_name":"Final OSW File","type":"Report","created_at":"2017-09-25T16:39:28.498Z","updated_at":"2017-09-25T16:39:28.498Z"}
[16:39:28.526705 INFO] Saving report /mnt/openstudio/analysis_fe821d2c-df1e-4105-9ee6-6c7fef1463ae/data_point_8e7fcdb4-d203-4356-8ab4-af8514347765/in.osm to http://web:80/data_points/8e7fcdb4-d203-4356-8ab4-af8514347765/upload_file
[16:39:29.602540 INFO] Saving report responded with {"id":"59c93141a2321800caed5c21","data_point_id":"8e7fcdb4-d203-4356-8ab4-af8514347765","display_name":"model","type":"OpenStudio Model","created_at":"2017-09-25T16:39:29.184Z","updated_at":"2017-09-25T16:39:29.184Z"}
[16:39:29.603041 INFO] Saving report /mnt/openstudio/analysis_fe821d2c-df1e-4105-9ee6-6c7fef1463ae/data_point_8e7fcdb4-d203-4356-8ab4-af8514347765/run/data_point.zip to http://web:80/data_points/8e7fcdb4-d203-4356-8ab4-af8514347765/upload_file
[16:39:29.726540 INFO] Saving report responded with {"id":"59c93141a2321800caed5c22","data_point_id":"8e7fcdb4-d203-4356-8ab4-af8514347765","display_name":"Zip File","type":"Data Point","created_at":"2017-09-25T16:39:29.679Z","updated_at":"2017-09-25T16:39:29.679Z"}
[16:39:29.735225 INFO] Found data point finalization file datapoint_final.sh.
[16:39:29.735554 INFO] Preparing to run finalization script /mnt/openstudio/analysis_fe821d2c-df1e-4105-9ee6-6c7fef1463ae/scripts/worker_finalization/datapoint_final.sh
[16:39:29.738863 INFO] Looking for argument file /mnt/openstudio/analysis_fe821d2c-df1e-4105-9ee6-6c7fef1463ae/scripts/worker_finalization/datapoint_final.args
[16:39:29.739000 INFO] argument file exists /mnt/openstudio/analysis_fe821d2c-df1e-4105-9ee6-6c7fef1463ae/scripts/worker_finalization/datapoint_final.args
[16:39:29.753424 INFO] arguments are []
[16:39:29.872864 INFO] Script returned with exit code 0 of class Fixnum
[16:39:29.873403 INFO] Saving report /mnt/openstudio/analysis_fe821d2c-df1e-4105-9ee6-6c7fef1463ae/data_point_8e7fcdb4-d203-4356-8ab4-af8514347765/run/datapoint_final.log to http://web:80/data_points/8e7fcdb4-d203-4356-8ab4-af8514347765/upload_file
[16:39:29.931518 INFO] Saving report responded with {"id":"59c93141a2321800caed5c23","data_point_id":"8e7fcdb4-d203-4356-8ab4-af8514347765","display_name":"Finalization Script Log","type":"Report","created_at":"2017-09-25T16:39:29.913Z","updated_at":"2017-09-25T16:39:29.913Z"}
[16:39:29.946030 INFO] Finished /opt/openstudio/server/app/workers/run_simulate_data_point.rb
