Cleaning up data_point directory.
Original files:
total 21736
-rw-rw-rw- 1 root root     4385 Sep 25 16:39 8e7fcdb4-d203-4356-8ab4-af8514347765.log
-rw-rw-rw- 1 root root    66975 Sep 25 16:35 analysis.json
-rw-rw-rw- 1 root root     1030 Sep 25 16:35 data_point.json
-rw-rw-rw- 1 root root     2841 Sep 25 16:35 data_point.osw
-rw-rw-rw- 1 root root  4626941 Sep 25 16:36 in.idf
-rw-rw-rw- 1 root root 17375957 Sep 25 16:36 in.osm
-rw-rw-rw- 1 root root   153619 Sep 25 16:39 out.osw
drwxrwxrwx 2 root root     4096 Sep 25 16:39 reports
drwxrwxrwx 2 root root     4096 Sep 25 16:39 run
total 7468
-rw-rw-r-- 1 root root  593062 Sep 25 16:39 data_point.zip
-rw-rw-rw- 1 root root    8361 Sep 25 16:39 data_point_out.json
-rw-r--r-- 1 root root     587 Sep 25 16:39 datapoint_final.log
-rw-rw-rw- 1 root root  771775 Sep 25 16:39 enduse_timeseries.csv
-rw-rw-rw- 1 root root     102 Sep 25 16:38 eplusout.end
-rw-rw-rw- 1 root root   36507 Sep 25 16:38 eplusout.err
-rw-rw-rw- 1 root root   56242 Sep 25 16:38 eplusout.mtd
-rw-rw-rw- 1 root root   54865 Sep 25 16:37 eplusout.rdd
-rw-rw-rw- 1 root root  522801 Sep 25 16:38 eplustbl.htm
-rw-rw-rw- 1 root root      43 Sep 25 16:39 finished.job
-rw-rw-rw- 1 root root 4626941 Sep 25 16:36 in.idf
-rw-rw-rw- 1 root root    8361 Sep 25 16:39 measure_attributes.json
-rw-rw-rw- 1 root root   27493 Sep 25 16:35 measures.osw
-rw-rw-rw- 1 root root       3 Sep 25 16:39 objectives.json
-rw-rw-rw- 1 root root    8361 Sep 25 16:39 results.json
-rw-rw-rw- 1 root root  868761 Sep 25 16:39 run.log
-rw-rw-rw- 1 root root      49 Sep 25 16:37 sqlite.err
-rw-rw-rw- 1 root root      42 Sep 25 16:35 started.job
-rw-rw-rw- 1 root root    2336 Sep 25 16:38 stdout-energyplus
-rw-rw-rw- 1 root root      91 Sep 25 16:37 stdout-expandobject
7.3M	data_point_8e7fcdb4-d203-4356-8ab4-af8514347765/run
516K	data_point_8e7fcdb4-d203-4356-8ab4-af8514347765/reports
30M	data_point_8e7fcdb4-d203-4356-8ab4-af8514347765
Final files:
total 244
-rw-rw-rw- 1 root root   4385 Sep 25 16:39 8e7fcdb4-d203-4356-8ab4-af8514347765.log
-rw-rw-rw- 1 root root  66975 Sep 25 16:35 analysis.json
-rw-rw-rw- 1 root root   1030 Sep 25 16:35 data_point.json
-rw-rw-rw- 1 root root   2841 Sep 25 16:35 data_point.osw
-rw-rw-rw- 1 root root 153619 Sep 25 16:39 out.osw
drwxrwxrwx 2 root root   4096 Sep 25 16:39 reports
drwxrwxrwx 2 root root   4096 Sep 25 16:39 run
total 1340
-rw-rw-r-- 1 root root 593062 Sep 25 16:39 data_point.zip
-rw-r--r-- 1 root root   2375 Sep 25 16:39 datapoint_final.log
-rw-rw-rw- 1 root root 771775 Sep 25 16:39 enduse_timeseries.csv
1.4M	data_point_8e7fcdb4-d203-4356-8ab4-af8514347765/run
516K	data_point_8e7fcdb4-d203-4356-8ab4-af8514347765/reports
2.1M	data_point_8e7fcdb4-d203-4356-8ab4-af8514347765
