2023-08-16 22:59:02,889 - INFO - After duct correction, housing characteristics for 154 / 1179 buildings in baseline are changed: 
2023-08-16 22:59:02,889 - INFO - Note: self=original, other=new. NAN values represent no change.
2023-08-16 22:59:02,893 - INFO - 
            build_existing_model.hvac_has_ducts       build_existing_model.hvac_heating_type                     build_existing_model.hvac_cooling_type                  
                                           self other                                   self               other                                   self             other
building_id                                                                                                                                                              
2                                           NaN   NaN                         Ducted Heating  Non-Ducted Heating                             Central AC  Fan Coil Cooling
9                                           Yes    No                         Ducted Heating  Non-Ducted Heating                                    NaN               NaN
20                                          Yes    No                         Ducted Heating  Non-Ducted Heating                                    NaN               NaN
21                                          NaN   NaN                                    NaN                 NaN                             Central AC  Fan Coil Cooling
22                                          NaN   NaN                         Ducted Heating  Non-Ducted Heating                             Central AC  Fan Coil Cooling
...                                         ...   ...                                    ...                 ...                                    ...               ...
1152                                        Yes    No                         Ducted Heating  Non-Ducted Heating                                    NaN               NaN
1156                                        Yes    No                         Ducted Heating  Non-Ducted Heating                                    NaN               NaN
1170                                        NaN   NaN                         Ducted Heating  Non-Ducted Heating                             Central AC  Fan Coil Cooling
1171                                        Yes    No                         Ducted Heating  Non-Ducted Heating                                    NaN               NaN
1175                                        Yes    No                         Ducted Heating  Non-Ducted Heating                                    NaN               NaN

[154 rows x 6 columns]
2023-08-16 22:59:02,962 - INFO - Baseline fle updated and saved to: /Users/lliu2/Documents/GitHub/resstock/euss_cleap/data_/community_building_samples/hill_district
2023-08-16 22:59:02,992 - INFO - 
2023-08-16 22:59:02,993 - INFO - =====================================================================================
2023-08-16 22:59:02,993 - INFO - 
>> Recalculating duct sealing applicability and costs for upgrade_no = 1...
2023-08-16 22:59:03,010 - INFO - Updating 17 upgrade_costs.option_05_cost_usd from ['30% Leakage, R-4', '30% Leakage, R-6']
2023-08-16 22:59:03,011 - INFO - 2 new_cost=0 found:
building_id
114     0.0
1065    0.0
Name: duct_total_surface_area, dtype: float64
2023-08-16 22:59:03,011 - INFO -             build_existing_model.hvac_has_ducts  duct_total_surface_area  ... build_existing_model.hvac_cooling_efficiency build_existing_model.hvac_shared_efficiencies
building_id                                                               ...                                                                                           
114                                          No                      0.0  ...                            Room AC, EER 10.7   Boiler Baseboards Heating Only, Natural Gas
1065                                         No                      0.0  ...                                         None   Boiler Baseboards Heating Only, Electricity

[2 rows x 6 columns]
2023-08-16 22:59:03,018 - INFO - Updating 250 upgrade_costs.option_07_cost_usd from ['20% Leakage, Uninsulated', '20% Leakage, R-4', '20% Leakage, R-6']
2023-08-16 22:59:03,019 - INFO - 52 new_cost=0 found:
building_id
31      0.0
48      0.0
96      0.0
133     0.0
138     0.0
153     0.0
155     0.0
229     0.0
233     0.0
239     0.0
318     0.0
359     0.0
372     0.0
385     0.0
414     0.0
435     0.0
465     0.0
503     0.0
505     0.0
525     0.0
555     0.0
577     0.0
585     0.0
597     0.0
598     0.0
632     0.0
657     0.0
667     0.0
670     0.0
685     0.0
700     0.0
701     0.0
707     0.0
730     0.0
770     0.0
778     0.0
853     0.0
857     0.0
858     0.0
885     0.0
891     0.0
993     0.0
999     0.0
1049    0.0
1069    0.0
1078    0.0
1095    0.0
1110    0.0
1125    0.0
1139    0.0
1152    0.0
1175    0.0
Name: duct_total_surface_area, dtype: float64
2023-08-16 22:59:03,020 - INFO -             build_existing_model.hvac_has_ducts  duct_total_surface_area  ... build_existing_model.hvac_cooling_efficiency build_existing_model.hvac_shared_efficiencies
building_id                                                               ...                                                                                           
31                                           No                      0.0  ...                             Room AC, EER 9.8   Boiler Baseboards Heating Only, Natural Gas
48                                           No                      0.0  ...                                         None   Boiler Baseboards Heating Only, Natural Gas
96                                           No                      0.0  ...                                         None   Boiler Baseboards Heating Only, Natural Gas
133                                          No                      0.0  ...                            Room AC, EER 10.7   Boiler Baseboards Heating Only, Natural Gas
138                                          No                      0.0  ...                            Room AC, EER 10.7   Boiler Baseboards Heating Only, Natural Gas
153                                          No                      0.0  ...                                         None   Boiler Baseboards Heating Only, Natural Gas
155                                          No                      0.0  ...                                         None   Boiler Baseboards Heating Only, Electricity
229                                          No                      0.0  ...                            Room AC, EER 10.7   Boiler Baseboards Heating Only, Natural Gas
233                                          No                      0.0  ...                            Room AC, EER 12.0   Boiler Baseboards Heating Only, Natural Gas
239                                          No                      0.0  ...                                         None   Boiler Baseboards Heating Only, Natural Gas
318                                          No                      0.0  ...                             Room AC, EER 9.8   Boiler Baseboards Heating Only, Natural Gas
359                                          No                      0.0  ...                            Room AC, EER 10.7   Boiler Baseboards Heating Only, Natural Gas
372                                          No                      0.0  ...                            Room AC, EER 10.7   Boiler Baseboards Heating Only, Natural Gas
385                                          No                      0.0  ...                            Room AC, EER 10.7   Boiler Baseboards Heating Only, Electricity
414                                          No                      0.0  ...                                         None   Boiler Baseboards Heating Only, Natural Gas
435                                          No                      0.0  ...                             Room AC, EER 9.8   Boiler Baseboards Heating Only, Natural Gas
465                                          No                      0.0  ...                             Room AC, EER 9.8   Boiler Baseboards Heating Only, Natural Gas
503                                          No                      0.0  ...                                         None   Boiler Baseboards Heating Only, Natural Gas
505                                          No                      0.0  ...                                         None   Boiler Baseboards Heating Only, Natural Gas
525                                          No                      0.0  ...                             Room AC, EER 9.8   Boiler Baseboards Heating Only, Natural Gas
555                                          No                      0.0  ...                                         None   Boiler Baseboards Heating Only, Natural Gas
577                                          No                      0.0  ...                                         None   Boiler Baseboards Heating Only, Natural Gas
585                                          No                      0.0  ...                            Room AC, EER 10.7   Boiler Baseboards Heating Only, Electricity
597                                          No                      0.0  ...                            Room AC, EER 10.7   Boiler Baseboards Heating Only, Electricity
598                                          No                      0.0  ...                            Room AC, EER 12.0   Boiler Baseboards Heating Only, Natural Gas
632                                          No                      0.0  ...                            Room AC, EER 10.7   Boiler Baseboards Heating Only, Natural Gas
657                                          No                      0.0  ...                                         None   Boiler Baseboards Heating Only, Natural Gas
667                                          No                      0.0  ...                            Room AC, EER 10.7   Boiler Baseboards Heating Only, Natural Gas
670                                          No                      0.0  ...                            Room AC, EER 10.7   Boiler Baseboards Heating Only, Electricity
685                                          No                      0.0  ...                                         None   Boiler Baseboards Heating Only, Natural Gas
700                                          No                      0.0  ...                            Room AC, EER 10.7   Boiler Baseboards Heating Only, Natural Gas
701                                          No                      0.0  ...                                         None   Boiler Baseboards Heating Only, Electricity
707                                          No                      0.0  ...                            Room AC, EER 10.7   Boiler Baseboards Heating Only, Electricity
730                                          No                      0.0  ...                                         None   Boiler Baseboards Heating Only, Natural Gas
770                                          No                      0.0  ...                            Room AC, EER 10.7   Boiler Baseboards Heating Only, Natural Gas
778                                          No                      0.0  ...                            Room AC, EER 10.7   Boiler Baseboards Heating Only, Natural Gas
853                                          No                      0.0  ...                                         None   Boiler Baseboards Heating Only, Electricity
857                                          No                      0.0  ...                             Room AC, EER 9.8   Boiler Baseboards Heating Only, Electricity
858                                          No                      0.0  ...                             Room AC, EER 9.8   Boiler Baseboards Heating Only, Natural Gas
885                                          No                      0.0  ...                            Room AC, EER 12.0   Boiler Baseboards Heating Only, Natural Gas
891                                          No                      0.0  ...                                         None   Boiler Baseboards Heating Only, Electricity
993                                          No                      0.0  ...                            Room AC, EER 10.7   Boiler Baseboards Heating Only, Natural Gas
999                                          No                      0.0  ...                                         None   Boiler Baseboards Heating Only, Natural Gas
1049                                         No                      0.0  ...                                         None   Boiler Baseboards Heating Only, Natural Gas
1069                                         No                      0.0  ...                             Room AC, EER 9.8   Boiler Baseboards Heating Only, Electricity
1078                                         No                      0.0  ...                             Room AC, EER 9.8   Boiler Baseboards Heating Only, Natural Gas
1095                                         No                      0.0  ...                                         None   Boiler Baseboards Heating Only, Natural Gas
1110                                         No                      0.0  ...                            Room AC, EER 10.7   Boiler Baseboards Heating Only, Electricity
1125                                         No                      0.0  ...                                         None   Boiler Baseboards Heating Only, Electricity
1139                                         No                      0.0  ...                             Room AC, EER 9.8   Boiler Baseboards Heating Only, Electricity
1152                                         No                      0.0  ...                            Room AC, EER 10.7   Boiler Baseboards Heating Only, Electricity
1175                                         No                      0.0  ...                            Room AC, EER 10.7   Boiler Baseboards Heating Only, Electricity

[52 rows x 6 columns]
2023-08-16 22:59:03,031 - INFO - Updating 129 upgrade_costs.option_09_cost_usd from ['10% Leakage, Uninsulated', '10% Leakage, R-4', '10% Leakage, R-6']
2023-08-16 22:59:03,032 - INFO - 26 new_cost=0 found:
building_id
9       0.0
20      0.0
58      0.0
71      0.0
85      0.0
145     0.0
192     0.0
241     0.0
278     0.0
294     0.0
388     0.0
463     0.0
553     0.0
557     0.0
567     0.0
602     0.0
651     0.0
683     0.0
743     0.0
863     0.0
927     0.0
946     0.0
955     0.0
957     0.0
1118    0.0
1156    0.0
Name: duct_total_surface_area, dtype: float64
2023-08-16 22:59:03,032 - INFO -             build_existing_model.hvac_has_ducts  duct_total_surface_area  ... build_existing_model.hvac_cooling_efficiency build_existing_model.hvac_shared_efficiencies
building_id                                                               ...                                                                                           
9                                            No                      0.0  ...                            Room AC, EER 10.7   Boiler Baseboards Heating Only, Electricity
20                                           No                      0.0  ...                             Room AC, EER 8.5   Boiler Baseboards Heating Only, Natural Gas
58                                           No                      0.0  ...                                         None   Boiler Baseboards Heating Only, Natural Gas
71                                           No                      0.0  ...                                         None   Boiler Baseboards Heating Only, Natural Gas
85                                           No                      0.0  ...                             Room AC, EER 9.8   Boiler Baseboards Heating Only, Electricity
145                                          No                      0.0  ...                                         None   Boiler Baseboards Heating Only, Natural Gas
192                                          No                      0.0  ...                                         None   Boiler Baseboards Heating Only, Natural Gas
241                                          No                      0.0  ...                                         None   Boiler Baseboards Heating Only, Natural Gas
278                                          No                      0.0  ...                             Room AC, EER 9.8   Boiler Baseboards Heating Only, Natural Gas
294                                          No                      0.0  ...                             Room AC, EER 9.8   Boiler Baseboards Heating Only, Electricity
388                                          No                      0.0  ...                                         None   Boiler Baseboards Heating Only, Natural Gas
463                                          No                      0.0  ...                             Room AC, EER 9.8   Boiler Baseboards Heating Only, Natural Gas
553                                          No                      0.0  ...                                         None   Boiler Baseboards Heating Only, Natural Gas
557                                          No                      0.0  ...                                         None   Boiler Baseboards Heating Only, Natural Gas
567                                          No                      0.0  ...                            Room AC, EER 10.7   Boiler Baseboards Heating Only, Electricity
602                                          No                      0.0  ...                                         None   Boiler Baseboards Heating Only, Electricity
651                                          No                      0.0  ...                                         None   Boiler Baseboards Heating Only, Natural Gas
683                                          No                      0.0  ...                            Room AC, EER 12.0      Boiler Baseboards Heating Only, Fuel Oil
743                                          No                      0.0  ...                            Room AC, EER 10.7   Boiler Baseboards Heating Only, Electricity
863                                          No                      0.0  ...                                         None   Boiler Baseboards Heating Only, Natural Gas
927                                          No                      0.0  ...                            Room AC, EER 12.0   Boiler Baseboards Heating Only, Electricity
946                                          No                      0.0  ...                            Room AC, EER 10.7   Boiler Baseboards Heating Only, Natural Gas
955                                          No                      0.0  ...                                         None   Boiler Baseboards Heating Only, Electricity
957                                          No                      0.0  ...                                         None   Boiler Baseboards Heating Only, Natural Gas
1118                                         No                      0.0  ...                                         None   Boiler Baseboards Heating Only, Natural Gas
1156                                         No                      0.0  ...                            Room AC, EER 12.0   Boiler Baseboards Heating Only, Natural Gas

[26 rows x 6 columns]
2023-08-16 22:59:03,041 - INFO - Dropping 0 / 80 building_id(s) whose content have been modified for duct correction.
[]
2023-08-16 22:59:03,041 - INFO - For these buildings, duct sealing was the only applicable component in the upgrade and it no longer applies after the correction.
2023-08-16 22:59:03,045 - INFO - After duct correction, dfu has reduced in size from 1179 to len(dfu2) rows.
2023-08-16 22:59:03,045 - INFO - Change in upgrade_costs.upgrade_cost_usd:
2023-08-16 22:59:03,047 - INFO - 
       Before Correction (excludes 0)  After Correction
count                     1179.000000       1179.000000
mean                      2417.126760       2479.929230
std                       1731.807455       1763.419553
min                        163.200000        163.200000
25%                       1152.700000       1158.050000
50%                       1889.600000       1958.050000
75%                       3294.825000       3360.900000
max                      10505.800000      11077.289200
2023-08-16 22:59:03,099 - INFO - Upgrade file updated and saved to: /Users/lliu2/Documents/GitHub/resstock/euss_cleap/data_/community_building_samples/hill_district/up01_duct_corrected.parquet
2023-08-16 22:59:03,132 - INFO - 
2023-08-16 22:59:03,132 - INFO - =====================================================================================
2023-08-16 22:59:03,132 - INFO - 
>> Recalculating duct sealing applicability and costs for upgrade_no = 2...
2023-08-16 22:59:03,151 - INFO - Updating 17 upgrade_costs.option_05_cost_usd from ['30% Leakage, R-4', '30% Leakage, R-6']
2023-08-16 22:59:03,151 - INFO - 2 new_cost=0 found:
building_id
114     0.0
1065    0.0
Name: duct_total_surface_area, dtype: float64
2023-08-16 22:59:03,152 - INFO -             build_existing_model.hvac_has_ducts  duct_total_surface_area  ... build_existing_model.hvac_cooling_efficiency build_existing_model.hvac_shared_efficiencies
building_id                                                               ...                                                                                           
114                                          No                      0.0  ...                            Room AC, EER 10.7   Boiler Baseboards Heating Only, Natural Gas
1065                                         No                      0.0  ...                                         None   Boiler Baseboards Heating Only, Electricity

[2 rows x 6 columns]
2023-08-16 22:59:03,158 - INFO - Updating 250 upgrade_costs.option_07_cost_usd from ['20% Leakage, Uninsulated', '20% Leakage, R-4', '20% Leakage, R-6']
2023-08-16 22:59:03,159 - INFO - 52 new_cost=0 found:
building_id
31      0.0
48      0.0
96      0.0
133     0.0
138     0.0
153     0.0
155     0.0
229     0.0
233     0.0
239     0.0
318     0.0
359     0.0
372     0.0
385     0.0
414     0.0
435     0.0
465     0.0
503     0.0
505     0.0
525     0.0
555     0.0
577     0.0
585     0.0
597     0.0
598     0.0
632     0.0
657     0.0
667     0.0
670     0.0
685     0.0
700     0.0
701     0.0
707     0.0
730     0.0
770     0.0
778     0.0
853     0.0
857     0.0
858     0.0
885     0.0
891     0.0
993     0.0
999     0.0
1049    0.0
1069    0.0
1078    0.0
1095    0.0
1110    0.0
1125    0.0
1139    0.0
1152    0.0
1175    0.0
Name: duct_total_surface_area, dtype: float64
2023-08-16 22:59:03,159 - INFO -             build_existing_model.hvac_has_ducts  duct_total_surface_area  ... build_existing_model.hvac_cooling_efficiency build_existing_model.hvac_shared_efficiencies
building_id                                                               ...                                                                                           
31                                           No                      0.0  ...                             Room AC, EER 9.8   Boiler Baseboards Heating Only, Natural Gas
48                                           No                      0.0  ...                                         None   Boiler Baseboards Heating Only, Natural Gas
96                                           No                      0.0  ...                                         None   Boiler Baseboards Heating Only, Natural Gas
133                                          No                      0.0  ...                            Room AC, EER 10.7   Boiler Baseboards Heating Only, Natural Gas
138                                          No                      0.0  ...                            Room AC, EER 10.7   Boiler Baseboards Heating Only, Natural Gas
153                                          No                      0.0  ...                                         None   Boiler Baseboards Heating Only, Natural Gas
155                                          No                      0.0  ...                                         None   Boiler Baseboards Heating Only, Electricity
229                                          No                      0.0  ...                            Room AC, EER 10.7   Boiler Baseboards Heating Only, Natural Gas
233                                          No                      0.0  ...                            Room AC, EER 12.0   Boiler Baseboards Heating Only, Natural Gas
239                                          No                      0.0  ...                                         None   Boiler Baseboards Heating Only, Natural Gas
318                                          No                      0.0  ...                             Room AC, EER 9.8   Boiler Baseboards Heating Only, Natural Gas
359                                          No                      0.0  ...                            Room AC, EER 10.7   Boiler Baseboards Heating Only, Natural Gas
372                                          No                      0.0  ...                            Room AC, EER 10.7   Boiler Baseboards Heating Only, Natural Gas
385                                          No                      0.0  ...                            Room AC, EER 10.7   Boiler Baseboards Heating Only, Electricity
414                                          No                      0.0  ...                                         None   Boiler Baseboards Heating Only, Natural Gas
435                                          No                      0.0  ...                             Room AC, EER 9.8   Boiler Baseboards Heating Only, Natural Gas
465                                          No                      0.0  ...                             Room AC, EER 9.8   Boiler Baseboards Heating Only, Natural Gas
503                                          No                      0.0  ...                                         None   Boiler Baseboards Heating Only, Natural Gas
505                                          No                      0.0  ...                                         None   Boiler Baseboards Heating Only, Natural Gas
525                                          No                      0.0  ...                             Room AC, EER 9.8   Boiler Baseboards Heating Only, Natural Gas
555                                          No                      0.0  ...                                         None   Boiler Baseboards Heating Only, Natural Gas
577                                          No                      0.0  ...                                         None   Boiler Baseboards Heating Only, Natural Gas
585                                          No                      0.0  ...                            Room AC, EER 10.7   Boiler Baseboards Heating Only, Electricity
597                                          No                      0.0  ...                            Room AC, EER 10.7   Boiler Baseboards Heating Only, Electricity
598                                          No                      0.0  ...                            Room AC, EER 12.0   Boiler Baseboards Heating Only, Natural Gas
632                                          No                      0.0  ...                            Room AC, EER 10.7   Boiler Baseboards Heating Only, Natural Gas
657                                          No                      0.0  ...                                         None   Boiler Baseboards Heating Only, Natural Gas
667                                          No                      0.0  ...                            Room AC, EER 10.7   Boiler Baseboards Heating Only, Natural Gas
670                                          No                      0.0  ...                            Room AC, EER 10.7   Boiler Baseboards Heating Only, Electricity
685                                          No                      0.0  ...                                         None   Boiler Baseboards Heating Only, Natural Gas
700                                          No                      0.0  ...                            Room AC, EER 10.7   Boiler Baseboards Heating Only, Natural Gas
701                                          No                      0.0  ...                                         None   Boiler Baseboards Heating Only, Electricity
707                                          No                      0.0  ...                            Room AC, EER 10.7   Boiler Baseboards Heating Only, Electricity
730                                          No                      0.0  ...                                         None   Boiler Baseboards Heating Only, Natural Gas
770                                          No                      0.0  ...                            Room AC, EER 10.7   Boiler Baseboards Heating Only, Natural Gas
778                                          No                      0.0  ...                            Room AC, EER 10.7   Boiler Baseboards Heating Only, Natural Gas
853                                          No                      0.0  ...                                         None   Boiler Baseboards Heating Only, Electricity
857                                          No                      0.0  ...                             Room AC, EER 9.8   Boiler Baseboards Heating Only, Electricity
858                                          No                      0.0  ...                             Room AC, EER 9.8   Boiler Baseboards Heating Only, Natural Gas
885                                          No                      0.0  ...                            Room AC, EER 12.0   Boiler Baseboards Heating Only, Natural Gas
891                                          No                      0.0  ...                                         None   Boiler Baseboards Heating Only, Electricity
993                                          No                      0.0  ...                            Room AC, EER 10.7   Boiler Baseboards Heating Only, Natural Gas
999                                          No                      0.0  ...                                         None   Boiler Baseboards Heating Only, Natural Gas
1049                                         No                      0.0  ...                                         None   Boiler Baseboards Heating Only, Natural Gas
1069                                         No                      0.0  ...                             Room AC, EER 9.8   Boiler Baseboards Heating Only, Electricity
1078                                         No                      0.0  ...                             Room AC, EER 9.8   Boiler Baseboards Heating Only, Natural Gas
1095                                         No                      0.0  ...                                         None   Boiler Baseboards Heating Only, Natural Gas
1110                                         No                      0.0  ...                            Room AC, EER 10.7   Boiler Baseboards Heating Only, Electricity
1125                                         No                      0.0  ...                                         None   Boiler Baseboards Heating Only, Electricity
1139                                         No                      0.0  ...                             Room AC, EER 9.8   Boiler Baseboards Heating Only, Electricity
1152                                         No                      0.0  ...                            Room AC, EER 10.7   Boiler Baseboards Heating Only, Electricity
1175                                         No                      0.0  ...                            Room AC, EER 10.7   Boiler Baseboards Heating Only, Electricity

[52 rows x 6 columns]
2023-08-16 22:59:03,170 - INFO - Updating 129 upgrade_costs.option_09_cost_usd from ['10% Leakage, Uninsulated', '10% Leakage, R-4', '10% Leakage, R-6']
2023-08-16 22:59:03,170 - INFO - 26 new_cost=0 found:
building_id
9       0.0
20      0.0
58      0.0
71      0.0
85      0.0
145     0.0
192     0.0
241     0.0
278     0.0
294     0.0
388     0.0
463     0.0
553     0.0
557     0.0
567     0.0
602     0.0
651     0.0
683     0.0
743     0.0
863     0.0
927     0.0
946     0.0
955     0.0
957     0.0
1118    0.0
1156    0.0
Name: duct_total_surface_area, dtype: float64
2023-08-16 22:59:03,171 - INFO -             build_existing_model.hvac_has_ducts  duct_total_surface_area  ... build_existing_model.hvac_cooling_efficiency build_existing_model.hvac_shared_efficiencies
building_id                                                               ...                                                                                           
9                                            No                      0.0  ...                            Room AC, EER 10.7   Boiler Baseboards Heating Only, Electricity
20                                           No                      0.0  ...                             Room AC, EER 8.5   Boiler Baseboards Heating Only, Natural Gas
58                                           No                      0.0  ...                                         None   Boiler Baseboards Heating Only, Natural Gas
71                                           No                      0.0  ...                                         None   Boiler Baseboards Heating Only, Natural Gas
85                                           No                      0.0  ...                             Room AC, EER 9.8   Boiler Baseboards Heating Only, Electricity
145                                          No                      0.0  ...                                         None   Boiler Baseboards Heating Only, Natural Gas
192                                          No                      0.0  ...                                         None   Boiler Baseboards Heating Only, Natural Gas
241                                          No                      0.0  ...                                         None   Boiler Baseboards Heating Only, Natural Gas
278                                          No                      0.0  ...                             Room AC, EER 9.8   Boiler Baseboards Heating Only, Natural Gas
294                                          No                      0.0  ...                             Room AC, EER 9.8   Boiler Baseboards Heating Only, Electricity
388                                          No                      0.0  ...                                         None   Boiler Baseboards Heating Only, Natural Gas
463                                          No                      0.0  ...                             Room AC, EER 9.8   Boiler Baseboards Heating Only, Natural Gas
553                                          No                      0.0  ...                                         None   Boiler Baseboards Heating Only, Natural Gas
557                                          No                      0.0  ...                                         None   Boiler Baseboards Heating Only, Natural Gas
567                                          No                      0.0  ...                            Room AC, EER 10.7   Boiler Baseboards Heating Only, Electricity
602                                          No                      0.0  ...                                         None   Boiler Baseboards Heating Only, Electricity
651                                          No                      0.0  ...                                         None   Boiler Baseboards Heating Only, Natural Gas
683                                          No                      0.0  ...                            Room AC, EER 12.0      Boiler Baseboards Heating Only, Fuel Oil
743                                          No                      0.0  ...                            Room AC, EER 10.7   Boiler Baseboards Heating Only, Electricity
863                                          No                      0.0  ...                                         None   Boiler Baseboards Heating Only, Natural Gas
927                                          No                      0.0  ...                            Room AC, EER 12.0   Boiler Baseboards Heating Only, Electricity
946                                          No                      0.0  ...                            Room AC, EER 10.7   Boiler Baseboards Heating Only, Natural Gas
955                                          No                      0.0  ...                                         None   Boiler Baseboards Heating Only, Electricity
957                                          No                      0.0  ...                                         None   Boiler Baseboards Heating Only, Natural Gas
1118                                         No                      0.0  ...                                         None   Boiler Baseboards Heating Only, Natural Gas
1156                                         No                      0.0  ...                            Room AC, EER 12.0   Boiler Baseboards Heating Only, Natural Gas

[26 rows x 6 columns]
2023-08-16 22:59:03,180 - INFO - Dropping 0 / 80 building_id(s) whose content have been modified for duct correction.
[]
2023-08-16 22:59:03,180 - INFO - For these buildings, duct sealing was the only applicable component in the upgrade and it no longer applies after the correction.
2023-08-16 22:59:03,184 - INFO - After duct correction, dfu has reduced in size from 1179 to len(dfu2) rows.
2023-08-16 22:59:03,184 - INFO - Change in upgrade_costs.upgrade_cost_usd:
2023-08-16 22:59:03,185 - INFO - 
       Before Correction (excludes 0)  After Correction
count                     1179.000000       1179.000000
mean                      3183.755293       3246.557763
std                       2408.629853       2427.070415
min                        163.200000        163.200000
25%                       1370.240000       1413.950000
50%                       2430.670000       2560.601200
75%                       4549.985000       4570.880000
max                      14656.980000      15228.469200
2023-08-16 22:59:03,237 - INFO - Upgrade file updated and saved to: /Users/lliu2/Documents/GitHub/resstock/euss_cleap/data_/community_building_samples/hill_district/up02_duct_corrected.parquet
2023-08-16 22:59:03,268 - INFO - 
2023-08-16 22:59:03,268 - INFO - =====================================================================================
2023-08-16 22:59:03,268 - INFO - 
>> Recalculating duct sealing applicability and costs for upgrade_no = 3...
2023-08-16 22:59:03,289 - INFO - After duct correction, dfu has reduced in size from 1180 to len(dfu2) rows.
2023-08-16 22:59:03,290 - INFO - Change in upgrade_costs.upgrade_cost_usd:
2023-08-16 22:59:03,291 - INFO - 
       Before Correction (excludes 0)  After Correction
count                     1180.000000       1180.000000
mean                     13689.933110      13689.933110
std                      10693.088319      10693.088319
min                       4263.430000       4263.430000
25%                       6341.745000       6341.745000
50%                       8474.590000       8474.590000
75%                      18644.682500      18644.682500
max                      93585.950000      93585.950000
2023-08-16 22:59:03,344 - INFO - Upgrade file updated and saved to: /Users/lliu2/Documents/GitHub/resstock/euss_cleap/data_/community_building_samples/hill_district/up03_duct_corrected.parquet
2023-08-16 22:59:03,379 - INFO - 
2023-08-16 22:59:03,379 - INFO - =====================================================================================
2023-08-16 22:59:03,379 - INFO - 
>> Recalculating duct sealing applicability and costs for upgrade_no = 4...
2023-08-16 22:59:03,401 - INFO - After duct correction, dfu has reduced in size from 1180 to len(dfu2) rows.
2023-08-16 22:59:03,401 - INFO - Change in upgrade_costs.upgrade_cost_usd:
2023-08-16 22:59:03,402 - INFO - 
       Before Correction (excludes 0)  After Correction
count                     1180.000000       1180.000000
mean                     17655.185051      17655.185051
std                       6006.410170       6006.410170
min                       4185.920000       4185.920000
25%                      15920.717500      15920.717500
50%                      17432.975000      17432.975000
75%                      19022.687500      19022.687500
max                      72281.000000      72281.000000
2023-08-16 22:59:03,462 - INFO - Upgrade file updated and saved to: /Users/lliu2/Documents/GitHub/resstock/euss_cleap/data_/community_building_samples/hill_district/up04_duct_corrected.parquet
2023-08-16 22:59:03,496 - INFO - 
2023-08-16 22:59:03,496 - INFO - =====================================================================================
2023-08-16 22:59:03,496 - INFO - 
>> Recalculating duct sealing applicability and costs for upgrade_no = 5...
2023-08-16 22:59:03,519 - INFO - After duct correction, dfu has reduced in size from 1170 to len(dfu2) rows.
2023-08-16 22:59:03,519 - INFO - Change in upgrade_costs.upgrade_cost_usd:
2023-08-16 22:59:03,520 - INFO - 
       Before Correction (excludes 0)  After Correction
count                     1170.000000       1170.000000
mean                     13665.587521      13665.587521
std                      10715.651927      10715.651927
min                       4263.430000       4263.430000
25%                       6316.335000       6316.335000
50%                       8452.595000       8452.595000
75%                      18594.770000      18594.770000
max                      93585.950000      93585.950000
2023-08-16 22:59:03,571 - INFO - Upgrade file updated and saved to: /Users/lliu2/Documents/GitHub/resstock/euss_cleap/data_/community_building_samples/hill_district/up05_duct_corrected.parquet
2023-08-16 22:59:03,602 - INFO - 
2023-08-16 22:59:03,602 - INFO - =====================================================================================
2023-08-16 22:59:03,602 - INFO - 
>> Recalculating duct sealing applicability and costs for upgrade_no = 6...
2023-08-16 22:59:03,621 - INFO - After duct correction, dfu has reduced in size from 1172 to len(dfu2) rows.
2023-08-16 22:59:03,621 - INFO - Change in upgrade_costs.upgrade_cost_usd:
2023-08-16 22:59:03,623 - INFO - 
       Before Correction (excludes 0)  After Correction
count                     1172.000000       1172.000000
mean                      2300.648464       2300.648464
std                        228.538660        228.538660
min                       2242.000000       2242.000000
25%                       2242.000000       2242.000000
50%                       2242.000000       2242.000000
75%                       2242.000000       2242.000000
max                       3828.000000       3828.000000
2023-08-16 22:59:03,673 - INFO - Upgrade file updated and saved to: /Users/lliu2/Documents/GitHub/resstock/euss_cleap/data_/community_building_samples/hill_district/up06_duct_corrected.parquet
2023-08-16 22:59:03,704 - INFO - 
2023-08-16 22:59:03,704 - INFO - =====================================================================================
2023-08-16 22:59:03,704 - INFO - 
>> Recalculating duct sealing applicability and costs for upgrade_no = 7...
2023-08-16 22:59:03,726 - INFO - After duct correction, dfu has reduced in size from 1071 to len(dfu2) rows.
2023-08-16 22:59:03,726 - INFO - Change in upgrade_costs.upgrade_cost_usd:
2023-08-16 22:59:03,727 - INFO - 
       Before Correction (excludes 0)  After Correction
count                     1071.000000       1071.000000
mean                     15264.352269      15264.352269
std                      11352.030568      11352.030568
min                        870.000000        870.000000
25%                       8808.820000       8808.820000
50%                      10692.500000      10692.500000
75%                      20674.150000      20674.150000
max                      80652.350000      80652.350000
2023-08-16 22:59:03,779 - INFO - Upgrade file updated and saved to: /Users/lliu2/Documents/GitHub/resstock/euss_cleap/data_/community_building_samples/hill_district/up07_duct_corrected.parquet
2023-08-16 22:59:03,810 - INFO - 
2023-08-16 22:59:03,810 - INFO - =====================================================================================
2023-08-16 22:59:03,810 - INFO - 
>> Recalculating duct sealing applicability and costs for upgrade_no = 8...
2023-08-16 22:59:03,833 - INFO - After duct correction, dfu has reduced in size from 1180 to len(dfu2) rows.
2023-08-16 22:59:03,833 - INFO - Change in upgrade_costs.upgrade_cost_usd:
2023-08-16 22:59:03,834 - INFO - 
       Before Correction (excludes 0)  After Correction
count                     1180.000000       1180.000000
mean                     22775.325729      22775.325729
std                       6374.125126       6374.125126
min                       8393.920000       8393.920000
25%                      20224.785000      20224.785000
50%                      22764.800000      22764.800000
75%                      24597.552500      24597.552500
max                      76019.000000      76019.000000
2023-08-16 22:59:03,886 - INFO - Upgrade file updated and saved to: /Users/lliu2/Documents/GitHub/resstock/euss_cleap/data_/community_building_samples/hill_district/up08_duct_corrected.parquet
2023-08-16 22:59:03,920 - INFO - 
2023-08-16 22:59:03,921 - INFO - =====================================================================================
2023-08-16 22:59:03,921 - INFO - 
>> Recalculating duct sealing applicability and costs for upgrade_no = 9...
2023-08-16 22:59:03,940 - INFO - Updating 17 upgrade_costs.option_05_cost_usd from ['30% Leakage, R-4', '30% Leakage, R-6']
2023-08-16 22:59:03,941 - INFO - 1 new_cost=0 found:
building_id
1065    0.0
Name: duct_total_surface_area, dtype: float64
2023-08-16 22:59:03,941 - INFO -             build_existing_model.hvac_has_ducts  duct_total_surface_area  ... build_existing_model.hvac_cooling_efficiency build_existing_model.hvac_shared_efficiencies
building_id                                                               ...                                                                                           
1065                                         No                      0.0  ...                                         None   Boiler Baseboards Heating Only, Electricity

[1 rows x 6 columns]
2023-08-16 22:59:03,950 - INFO - Updating 250 upgrade_costs.option_07_cost_usd from ['20% Leakage, Uninsulated', '20% Leakage, R-4', '20% Leakage, R-6']
2023-08-16 22:59:03,951 - INFO - 51 new_cost=0 found:
building_id
31      0.0
48      0.0
96      0.0
133     0.0
138     0.0
153     0.0
155     0.0
229     0.0
233     0.0
239     0.0
318     0.0
359     0.0
372     0.0
385     0.0
435     0.0
465     0.0
503     0.0
505     0.0
525     0.0
555     0.0
577     0.0
585     0.0
597     0.0
598     0.0
632     0.0
657     0.0
667     0.0
670     0.0
685     0.0
700     0.0
701     0.0
707     0.0
730     0.0
770     0.0
778     0.0
853     0.0
857     0.0
858     0.0
885     0.0
891     0.0
993     0.0
999     0.0
1049    0.0
1069    0.0
1078    0.0
1095    0.0
1110    0.0
1125    0.0
1139    0.0
1152    0.0
1175    0.0
Name: duct_total_surface_area, dtype: float64
2023-08-16 22:59:03,951 - INFO -             build_existing_model.hvac_has_ducts  duct_total_surface_area  ... build_existing_model.hvac_cooling_efficiency build_existing_model.hvac_shared_efficiencies
building_id                                                               ...                                                                                           
31                                           No                      0.0  ...                             Room AC, EER 9.8   Boiler Baseboards Heating Only, Natural Gas
48                                           No                      0.0  ...                                         None   Boiler Baseboards Heating Only, Natural Gas
96                                           No                      0.0  ...                                         None   Boiler Baseboards Heating Only, Natural Gas
133                                          No                      0.0  ...                            Room AC, EER 10.7   Boiler Baseboards Heating Only, Natural Gas
138                                          No                      0.0  ...                            Room AC, EER 10.7   Boiler Baseboards Heating Only, Natural Gas
153                                          No                      0.0  ...                                         None   Boiler Baseboards Heating Only, Natural Gas
155                                          No                      0.0  ...                                         None   Boiler Baseboards Heating Only, Electricity
229                                          No                      0.0  ...                            Room AC, EER 10.7   Boiler Baseboards Heating Only, Natural Gas
233                                          No                      0.0  ...                            Room AC, EER 12.0   Boiler Baseboards Heating Only, Natural Gas
239                                          No                      0.0  ...                                         None   Boiler Baseboards Heating Only, Natural Gas
318                                          No                      0.0  ...                             Room AC, EER 9.8   Boiler Baseboards Heating Only, Natural Gas
359                                          No                      0.0  ...                            Room AC, EER 10.7   Boiler Baseboards Heating Only, Natural Gas
372                                          No                      0.0  ...                            Room AC, EER 10.7   Boiler Baseboards Heating Only, Natural Gas
385                                          No                      0.0  ...                            Room AC, EER 10.7   Boiler Baseboards Heating Only, Electricity
435                                          No                      0.0  ...                             Room AC, EER 9.8   Boiler Baseboards Heating Only, Natural Gas
465                                          No                      0.0  ...                             Room AC, EER 9.8   Boiler Baseboards Heating Only, Natural Gas
503                                          No                      0.0  ...                                         None   Boiler Baseboards Heating Only, Natural Gas
505                                          No                      0.0  ...                                         None   Boiler Baseboards Heating Only, Natural Gas
525                                          No                      0.0  ...                             Room AC, EER 9.8   Boiler Baseboards Heating Only, Natural Gas
555                                          No                      0.0  ...                                         None   Boiler Baseboards Heating Only, Natural Gas
577                                          No                      0.0  ...                                         None   Boiler Baseboards Heating Only, Natural Gas
585                                          No                      0.0  ...                            Room AC, EER 10.7   Boiler Baseboards Heating Only, Electricity
597                                          No                      0.0  ...                            Room AC, EER 10.7   Boiler Baseboards Heating Only, Electricity
598                                          No                      0.0  ...                            Room AC, EER 12.0   Boiler Baseboards Heating Only, Natural Gas
632                                          No                      0.0  ...                            Room AC, EER 10.7   Boiler Baseboards Heating Only, Natural Gas
657                                          No                      0.0  ...                                         None   Boiler Baseboards Heating Only, Natural Gas
667                                          No                      0.0  ...                            Room AC, EER 10.7   Boiler Baseboards Heating Only, Natural Gas
670                                          No                      0.0  ...                            Room AC, EER 10.7   Boiler Baseboards Heating Only, Electricity
685                                          No                      0.0  ...                                         None   Boiler Baseboards Heating Only, Natural Gas
700                                          No                      0.0  ...                            Room AC, EER 10.7   Boiler Baseboards Heating Only, Natural Gas
701                                          No                      0.0  ...                                         None   Boiler Baseboards Heating Only, Electricity
707                                          No                      0.0  ...                            Room AC, EER 10.7   Boiler Baseboards Heating Only, Electricity
730                                          No                      0.0  ...                                         None   Boiler Baseboards Heating Only, Natural Gas
770                                          No                      0.0  ...                            Room AC, EER 10.7   Boiler Baseboards Heating Only, Natural Gas
778                                          No                      0.0  ...                            Room AC, EER 10.7   Boiler Baseboards Heating Only, Natural Gas
853                                          No                      0.0  ...                                         None   Boiler Baseboards Heating Only, Electricity
857                                          No                      0.0  ...                             Room AC, EER 9.8   Boiler Baseboards Heating Only, Electricity
858                                          No                      0.0  ...                             Room AC, EER 9.8   Boiler Baseboards Heating Only, Natural Gas
885                                          No                      0.0  ...                            Room AC, EER 12.0   Boiler Baseboards Heating Only, Natural Gas
891                                          No                      0.0  ...                                         None   Boiler Baseboards Heating Only, Electricity
993                                          No                      0.0  ...                            Room AC, EER 10.7   Boiler Baseboards Heating Only, Natural Gas
999                                          No                      0.0  ...                                         None   Boiler Baseboards Heating Only, Natural Gas
1049                                         No                      0.0  ...                                         None   Boiler Baseboards Heating Only, Natural Gas
1069                                         No                      0.0  ...                             Room AC, EER 9.8   Boiler Baseboards Heating Only, Electricity
1078                                         No                      0.0  ...                             Room AC, EER 9.8   Boiler Baseboards Heating Only, Natural Gas
1095                                         No                      0.0  ...                                         None   Boiler Baseboards Heating Only, Natural Gas
1110                                         No                      0.0  ...                            Room AC, EER 10.7   Boiler Baseboards Heating Only, Electricity
1125                                         No                      0.0  ...                                         None   Boiler Baseboards Heating Only, Electricity
1139                                         No                      0.0  ...                             Room AC, EER 9.8   Boiler Baseboards Heating Only, Electricity
1152                                         No                      0.0  ...                            Room AC, EER 10.7   Boiler Baseboards Heating Only, Electricity
1175                                         No                      0.0  ...                            Room AC, EER 10.7   Boiler Baseboards Heating Only, Electricity

[51 rows x 6 columns]
2023-08-16 22:59:03,964 - INFO - Updating 129 upgrade_costs.option_09_cost_usd from ['10% Leakage, Uninsulated', '10% Leakage, R-4', '10% Leakage, R-6']
2023-08-16 22:59:03,965 - INFO - 25 new_cost=0 found:
building_id
9       0.0
20      0.0
58      0.0
85      0.0
145     0.0
192     0.0
241     0.0
278     0.0
294     0.0
388     0.0
463     0.0
553     0.0
557     0.0
567     0.0
602     0.0
651     0.0
683     0.0
743     0.0
863     0.0
927     0.0
946     0.0
955     0.0
957     0.0
1118    0.0
1156    0.0
Name: duct_total_surface_area, dtype: float64
2023-08-16 22:59:03,965 - INFO -             build_existing_model.hvac_has_ducts  duct_total_surface_area  ... build_existing_model.hvac_cooling_efficiency build_existing_model.hvac_shared_efficiencies
building_id                                                               ...                                                                                           
9                                            No                      0.0  ...                            Room AC, EER 10.7   Boiler Baseboards Heating Only, Electricity
20                                           No                      0.0  ...                             Room AC, EER 8.5   Boiler Baseboards Heating Only, Natural Gas
58                                           No                      0.0  ...                                         None   Boiler Baseboards Heating Only, Natural Gas
85                                           No                      0.0  ...                             Room AC, EER 9.8   Boiler Baseboards Heating Only, Electricity
145                                          No                      0.0  ...                                         None   Boiler Baseboards Heating Only, Natural Gas
192                                          No                      0.0  ...                                         None   Boiler Baseboards Heating Only, Natural Gas
241                                          No                      0.0  ...                                         None   Boiler Baseboards Heating Only, Natural Gas
278                                          No                      0.0  ...                             Room AC, EER 9.8   Boiler Baseboards Heating Only, Natural Gas
294                                          No                      0.0  ...                             Room AC, EER 9.8   Boiler Baseboards Heating Only, Electricity
388                                          No                      0.0  ...                                         None   Boiler Baseboards Heating Only, Natural Gas
463                                          No                      0.0  ...                             Room AC, EER 9.8   Boiler Baseboards Heating Only, Natural Gas
553                                          No                      0.0  ...                                         None   Boiler Baseboards Heating Only, Natural Gas
557                                          No                      0.0  ...                                         None   Boiler Baseboards Heating Only, Natural Gas
567                                          No                      0.0  ...                            Room AC, EER 10.7   Boiler Baseboards Heating Only, Electricity
602                                          No                      0.0  ...                                         None   Boiler Baseboards Heating Only, Electricity
651                                          No                      0.0  ...                                         None   Boiler Baseboards Heating Only, Natural Gas
683                                          No                      0.0  ...                            Room AC, EER 12.0      Boiler Baseboards Heating Only, Fuel Oil
743                                          No                      0.0  ...                            Room AC, EER 10.7   Boiler Baseboards Heating Only, Electricity
863                                          No                      0.0  ...                                         None   Boiler Baseboards Heating Only, Natural Gas
927                                          No                      0.0  ...                            Room AC, EER 12.0   Boiler Baseboards Heating Only, Electricity
946                                          No                      0.0  ...                            Room AC, EER 10.7   Boiler Baseboards Heating Only, Natural Gas
955                                          No                      0.0  ...                                         None   Boiler Baseboards Heating Only, Electricity
957                                          No                      0.0  ...                                         None   Boiler Baseboards Heating Only, Natural Gas
1118                                         No                      0.0  ...                                         None   Boiler Baseboards Heating Only, Natural Gas
1156                                         No                      0.0  ...                            Room AC, EER 12.0   Boiler Baseboards Heating Only, Natural Gas

[25 rows x 6 columns]
2023-08-16 22:59:03,974 - INFO - Dropping 0 / 77 building_id(s) whose content have been modified for duct correction.
[]
2023-08-16 22:59:03,974 - INFO - For these buildings, duct sealing was the only applicable component in the upgrade and it no longer applies after the correction.
2023-08-16 22:59:03,979 - INFO - After duct correction, dfu has reduced in size from 1180 to len(dfu2) rows.
2023-08-16 22:59:03,979 - INFO - Change in upgrade_costs.upgrade_cost_usd:
2023-08-16 22:59:03,980 - INFO - 
       Before Correction (excludes 0)  After Correction
count                     1180.000000       1180.000000
mean                     22726.750627      22774.898498
std                       6158.242364       6190.442856
min                       8488.820000       8488.820000
25%                      19140.835000      19140.835000
50%                      23170.330000      23274.189600
75%                      26147.885000      26210.523900
max                      61033.760000      61033.760000
2023-08-16 22:59:04,033 - INFO - Upgrade file updated and saved to: /Users/lliu2/Documents/GitHub/resstock/euss_cleap/data_/community_building_samples/hill_district/up09_duct_corrected.parquet
2023-08-16 22:59:04,064 - INFO - 
2023-08-16 22:59:04,064 - INFO - =====================================================================================
2023-08-16 22:59:04,064 - INFO - 
>> Recalculating duct sealing applicability and costs for upgrade_no = 10...
2023-08-16 22:59:04,082 - INFO - Updating 17 upgrade_costs.option_05_cost_usd from ['30% Leakage, R-4', '30% Leakage, R-6']
2023-08-16 22:59:04,083 - INFO - 1 new_cost=0 found:
building_id
1065    0.0
Name: duct_total_surface_area, dtype: float64
2023-08-16 22:59:04,083 - INFO -             build_existing_model.hvac_has_ducts  duct_total_surface_area  ... build_existing_model.hvac_cooling_efficiency build_existing_model.hvac_shared_efficiencies
building_id                                                               ...                                                                                           
1065                                         No                      0.0  ...                                         None   Boiler Baseboards Heating Only, Electricity

[1 rows x 6 columns]
2023-08-16 22:59:04,091 - INFO - Updating 250 upgrade_costs.option_07_cost_usd from ['20% Leakage, Uninsulated', '20% Leakage, R-4', '20% Leakage, R-6']
2023-08-16 22:59:04,092 - INFO - 51 new_cost=0 found:
building_id
31      0.0
48      0.0
96      0.0
133     0.0
138     0.0
153     0.0
155     0.0
229     0.0
233     0.0
239     0.0
318     0.0
359     0.0
372     0.0
385     0.0
435     0.0
465     0.0
503     0.0
505     0.0
525     0.0
555     0.0
577     0.0
585     0.0
597     0.0
598     0.0
632     0.0
657     0.0
667     0.0
670     0.0
685     0.0
700     0.0
701     0.0
707     0.0
730     0.0
770     0.0
778     0.0
853     0.0
857     0.0
858     0.0
885     0.0
891     0.0
993     0.0
999     0.0
1049    0.0
1069    0.0
1078    0.0
1095    0.0
1110    0.0
1125    0.0
1139    0.0
1152    0.0
1175    0.0
Name: duct_total_surface_area, dtype: float64
2023-08-16 22:59:04,093 - INFO -             build_existing_model.hvac_has_ducts  duct_total_surface_area  ... build_existing_model.hvac_cooling_efficiency build_existing_model.hvac_shared_efficiencies
building_id                                                               ...                                                                                           
31                                           No                      0.0  ...                             Room AC, EER 9.8   Boiler Baseboards Heating Only, Natural Gas
48                                           No                      0.0  ...                                         None   Boiler Baseboards Heating Only, Natural Gas
96                                           No                      0.0  ...                                         None   Boiler Baseboards Heating Only, Natural Gas
133                                          No                      0.0  ...                            Room AC, EER 10.7   Boiler Baseboards Heating Only, Natural Gas
138                                          No                      0.0  ...                            Room AC, EER 10.7   Boiler Baseboards Heating Only, Natural Gas
153                                          No                      0.0  ...                                         None   Boiler Baseboards Heating Only, Natural Gas
155                                          No                      0.0  ...                                         None   Boiler Baseboards Heating Only, Electricity
229                                          No                      0.0  ...                            Room AC, EER 10.7   Boiler Baseboards Heating Only, Natural Gas
233                                          No                      0.0  ...                            Room AC, EER 12.0   Boiler Baseboards Heating Only, Natural Gas
239                                          No                      0.0  ...                                         None   Boiler Baseboards Heating Only, Natural Gas
318                                          No                      0.0  ...                             Room AC, EER 9.8   Boiler Baseboards Heating Only, Natural Gas
359                                          No                      0.0  ...                            Room AC, EER 10.7   Boiler Baseboards Heating Only, Natural Gas
372                                          No                      0.0  ...                            Room AC, EER 10.7   Boiler Baseboards Heating Only, Natural Gas
385                                          No                      0.0  ...                            Room AC, EER 10.7   Boiler Baseboards Heating Only, Electricity
435                                          No                      0.0  ...                             Room AC, EER 9.8   Boiler Baseboards Heating Only, Natural Gas
465                                          No                      0.0  ...                             Room AC, EER 9.8   Boiler Baseboards Heating Only, Natural Gas
503                                          No                      0.0  ...                                         None   Boiler Baseboards Heating Only, Natural Gas
505                                          No                      0.0  ...                                         None   Boiler Baseboards Heating Only, Natural Gas
525                                          No                      0.0  ...                             Room AC, EER 9.8   Boiler Baseboards Heating Only, Natural Gas
555                                          No                      0.0  ...                                         None   Boiler Baseboards Heating Only, Natural Gas
577                                          No                      0.0  ...                                         None   Boiler Baseboards Heating Only, Natural Gas
585                                          No                      0.0  ...                            Room AC, EER 10.7   Boiler Baseboards Heating Only, Electricity
597                                          No                      0.0  ...                            Room AC, EER 10.7   Boiler Baseboards Heating Only, Electricity
598                                          No                      0.0  ...                            Room AC, EER 12.0   Boiler Baseboards Heating Only, Natural Gas
632                                          No                      0.0  ...                            Room AC, EER 10.7   Boiler Baseboards Heating Only, Natural Gas
657                                          No                      0.0  ...                                         None   Boiler Baseboards Heating Only, Natural Gas
667                                          No                      0.0  ...                            Room AC, EER 10.7   Boiler Baseboards Heating Only, Natural Gas
670                                          No                      0.0  ...                            Room AC, EER 10.7   Boiler Baseboards Heating Only, Electricity
685                                          No                      0.0  ...                                         None   Boiler Baseboards Heating Only, Natural Gas
700                                          No                      0.0  ...                            Room AC, EER 10.7   Boiler Baseboards Heating Only, Natural Gas
701                                          No                      0.0  ...                                         None   Boiler Baseboards Heating Only, Electricity
707                                          No                      0.0  ...                            Room AC, EER 10.7   Boiler Baseboards Heating Only, Electricity
730                                          No                      0.0  ...                                         None   Boiler Baseboards Heating Only, Natural Gas
770                                          No                      0.0  ...                            Room AC, EER 10.7   Boiler Baseboards Heating Only, Natural Gas
778                                          No                      0.0  ...                            Room AC, EER 10.7   Boiler Baseboards Heating Only, Natural Gas
853                                          No                      0.0  ...                                         None   Boiler Baseboards Heating Only, Electricity
857                                          No                      0.0  ...                             Room AC, EER 9.8   Boiler Baseboards Heating Only, Electricity
858                                          No                      0.0  ...                             Room AC, EER 9.8   Boiler Baseboards Heating Only, Natural Gas
885                                          No                      0.0  ...                            Room AC, EER 12.0   Boiler Baseboards Heating Only, Natural Gas
891                                          No                      0.0  ...                                         None   Boiler Baseboards Heating Only, Electricity
993                                          No                      0.0  ...                            Room AC, EER 10.7   Boiler Baseboards Heating Only, Natural Gas
999                                          No                      0.0  ...                                         None   Boiler Baseboards Heating Only, Natural Gas
1049                                         No                      0.0  ...                                         None   Boiler Baseboards Heating Only, Natural Gas
1069                                         No                      0.0  ...                             Room AC, EER 9.8   Boiler Baseboards Heating Only, Electricity
1078                                         No                      0.0  ...                             Room AC, EER 9.8   Boiler Baseboards Heating Only, Natural Gas
1095                                         No                      0.0  ...                                         None   Boiler Baseboards Heating Only, Natural Gas
1110                                         No                      0.0  ...                            Room AC, EER 10.7   Boiler Baseboards Heating Only, Electricity
1125                                         No                      0.0  ...                                         None   Boiler Baseboards Heating Only, Electricity
1139                                         No                      0.0  ...                             Room AC, EER 9.8   Boiler Baseboards Heating Only, Electricity
1152                                         No                      0.0  ...                            Room AC, EER 10.7   Boiler Baseboards Heating Only, Electricity
1175                                         No                      0.0  ...                            Room AC, EER 10.7   Boiler Baseboards Heating Only, Electricity

[51 rows x 6 columns]
2023-08-16 22:59:04,105 - INFO - Updating 129 upgrade_costs.option_09_cost_usd from ['10% Leakage, Uninsulated', '10% Leakage, R-4', '10% Leakage, R-6']
2023-08-16 22:59:04,105 - INFO - 25 new_cost=0 found:
building_id
9       0.0
20      0.0
58      0.0
85      0.0
145     0.0
192     0.0
241     0.0
278     0.0
294     0.0
388     0.0
463     0.0
553     0.0
557     0.0
567     0.0
602     0.0
651     0.0
683     0.0
743     0.0
863     0.0
927     0.0
946     0.0
955     0.0
957     0.0
1118    0.0
1156    0.0
Name: duct_total_surface_area, dtype: float64
2023-08-16 22:59:04,106 - INFO -             build_existing_model.hvac_has_ducts  duct_total_surface_area  ... build_existing_model.hvac_cooling_efficiency build_existing_model.hvac_shared_efficiencies
building_id                                                               ...                                                                                           
9                                            No                      0.0  ...                            Room AC, EER 10.7   Boiler Baseboards Heating Only, Electricity
20                                           No                      0.0  ...                             Room AC, EER 8.5   Boiler Baseboards Heating Only, Natural Gas
58                                           No                      0.0  ...                                         None   Boiler Baseboards Heating Only, Natural Gas
85                                           No                      0.0  ...                             Room AC, EER 9.8   Boiler Baseboards Heating Only, Electricity
145                                          No                      0.0  ...                                         None   Boiler Baseboards Heating Only, Natural Gas
192                                          No                      0.0  ...                                         None   Boiler Baseboards Heating Only, Natural Gas
241                                          No                      0.0  ...                                         None   Boiler Baseboards Heating Only, Natural Gas
278                                          No                      0.0  ...                             Room AC, EER 9.8   Boiler Baseboards Heating Only, Natural Gas
294                                          No                      0.0  ...                             Room AC, EER 9.8   Boiler Baseboards Heating Only, Electricity
388                                          No                      0.0  ...                                         None   Boiler Baseboards Heating Only, Natural Gas
463                                          No                      0.0  ...                             Room AC, EER 9.8   Boiler Baseboards Heating Only, Natural Gas
553                                          No                      0.0  ...                                         None   Boiler Baseboards Heating Only, Natural Gas
557                                          No                      0.0  ...                                         None   Boiler Baseboards Heating Only, Natural Gas
567                                          No                      0.0  ...                            Room AC, EER 10.7   Boiler Baseboards Heating Only, Electricity
602                                          No                      0.0  ...                                         None   Boiler Baseboards Heating Only, Electricity
651                                          No                      0.0  ...                                         None   Boiler Baseboards Heating Only, Natural Gas
683                                          No                      0.0  ...                            Room AC, EER 12.0      Boiler Baseboards Heating Only, Fuel Oil
743                                          No                      0.0  ...                            Room AC, EER 10.7   Boiler Baseboards Heating Only, Electricity
863                                          No                      0.0  ...                                         None   Boiler Baseboards Heating Only, Natural Gas
927                                          No                      0.0  ...                            Room AC, EER 12.0   Boiler Baseboards Heating Only, Electricity
946                                          No                      0.0  ...                            Room AC, EER 10.7   Boiler Baseboards Heating Only, Natural Gas
955                                          No                      0.0  ...                                         None   Boiler Baseboards Heating Only, Electricity
957                                          No                      0.0  ...                                         None   Boiler Baseboards Heating Only, Natural Gas
1118                                         No                      0.0  ...                                         None   Boiler Baseboards Heating Only, Natural Gas
1156                                         No                      0.0  ...                            Room AC, EER 12.0   Boiler Baseboards Heating Only, Natural Gas

[25 rows x 6 columns]
2023-08-16 22:59:04,114 - INFO - Dropping 0 / 77 building_id(s) whose content have been modified for duct correction.
[]
2023-08-16 22:59:04,114 - INFO - For these buildings, duct sealing was the only applicable component in the upgrade and it no longer applies after the correction.
2023-08-16 22:59:04,118 - INFO - After duct correction, dfu has reduced in size from 1180 to len(dfu2) rows.
2023-08-16 22:59:04,118 - INFO - Change in upgrade_costs.upgrade_cost_usd:
2023-08-16 22:59:04,119 - INFO - 
       Before Correction (excludes 0)  After Correction
count                     1180.000000       1180.000000
mean                     22985.055805      23033.203676
std                       6291.729267       6325.016879
min                       8488.820000       8488.820000
25%                      19463.277500      19463.277500
50%                      23332.325000      23464.790000
75%                      26468.077500      26564.801500
max                      61033.760000      61033.760000
2023-08-16 22:59:04,178 - INFO - Upgrade file updated and saved to: /Users/lliu2/Documents/GitHub/resstock/euss_cleap/data_/community_building_samples/hill_district/up10_duct_corrected.parquet
