2023-08-23 09:12:25,525 - INFO - Adding envelope metrics to hill_district
2023-08-23 09:12:30,473 - INFO - 
                       code-compliant above-average below-average
Frame Wall (R-value)            >= 30    < 30, >= 7           < 7
Masonry Wall (R-value)           >= 8     < 8, >= 5           < 5
Ceiling/Roof (R-value)          >= 60   < 60, >= 14          < 14
Air Leakage (ACH50)              <= 3    > 3, <= 20          > 20
2023-08-23 09:12:30,480 - INFO - 
combined_envelope_rating  wall_rating     ceiling_roof_rating  infiltration_rating
above-average             above-average   above-average        above-average           85
                          code-compliant  above-average        above-average          165
below-average             above-average   above-average        below-average           42
                                          below-average        above-average           36
                                                               below-average           16
                          below-average   above-average        above-average          679
                                                               below-average          606
                                          below-average        above-average          228
                                                               below-average          194
                          code-compliant  above-average        below-average           28
                                          below-average        above-average           56
                                                               below-average            7
Name: count, dtype: int64
2023-08-23 09:12:30,586 - INFO - Baseline file updated and saved to: /Users/lliu2/Documents/GitHub/resstock/euss_cleap/data_/community_building_samples/hill_district/up00.parquet
