Cleaning up data_point directory.
Original files:
total 21700
-rw-rw-rw- 1 root root    66975 Sep 25 16:41 analysis.json
-rw-rw-rw- 1 root root     1030 Sep 25 16:41 data_point.json
-rw-rw-rw- 1 root root     2841 Sep 25 16:41 data_point.osw
-rw-rw-rw- 1 root root     4385 Sep 25 16:45 e82e1b58-b270-41c6-aca3-249b4620e9be.log
-rw-rw-rw- 1 root root  4616617 Sep 25 16:42 in.idf
-rw-rw-rw- 1 root root 17350672 Sep 25 16:42 in.osm
-rw-rw-rw- 1 root root   150482 Sep 25 16:45 out.osw
drwxrwxrwx 2 root root     4096 Sep 25 16:45 reports
drwxrwxrwx 2 root root     4096 Sep 25 16:45 run
total 7436
-rw-rw-r-- 1 root root  630750 Sep 25 16:45 data_point.zip
-rw-rw-rw- 1 root root    8402 Sep 25 16:45 data_point_out.json
-rw-r--r-- 1 root root     587 Sep 25 16:45 datapoint_final.log
-rw-rw-rw- 1 root root  788678 Sep 25 16:44 enduse_timeseries.csv
-rw-rw-rw- 1 root root     102 Sep 25 16:43 eplusout.end
-rw-rw-rw- 1 root root   34622 Sep 25 16:43 eplusout.err
-rw-rw-rw- 1 root root   55455 Sep 25 16:43 eplusout.mtd
-rw-rw-rw- 1 root root   55512 Sep 25 16:42 eplusout.rdd
-rw-rw-rw- 1 root root  453656 Sep 25 16:43 eplustbl.htm
-rw-rw-rw- 1 root root      43 Sep 25 16:45 finished.job
-rw-rw-rw- 1 root root 4616617 Sep 25 16:42 in.idf
-rw-rw-rw- 1 root root    8402 Sep 25 16:44 measure_attributes.json
-rw-rw-rw- 1 root root   27629 Sep 25 16:41 measures.osw
-rw-rw-rw- 1 root root       3 Sep 25 16:44 objectives.json
-rw-rw-rw- 1 root root    8402 Sep 25 16:44 results.json
-rw-rw-rw- 1 root root  867709 Sep 25 16:45 run.log
-rw-rw-rw- 1 root root      49 Sep 25 16:42 sqlite.err
-rw-rw-rw- 1 root root      42 Sep 25 16:41 started.job
-rw-rw-rw- 1 root root    2336 Sep 25 16:43 stdout-energyplus
-rw-rw-rw- 1 root root      91 Sep 25 16:42 stdout-expandobject
448K	data_point_e82e1b58-b270-41c6-aca3-249b4620e9be/reports
7.3M	data_point_e82e1b58-b270-41c6-aca3-249b4620e9be/run
29M	data_point_e82e1b58-b270-41c6-aca3-249b4620e9be
Final files:
total 240
-rw-rw-rw- 1 root root  66975 Sep 25 16:41 analysis.json
-rw-rw-rw- 1 root root   1030 Sep 25 16:41 data_point.json
-rw-rw-rw- 1 root root   2841 Sep 25 16:41 data_point.osw
-rw-rw-rw- 1 root root   4385 Sep 25 16:45 e82e1b58-b270-41c6-aca3-249b4620e9be.log
-rw-rw-rw- 1 root root 150482 Sep 25 16:45 out.osw
drwxrwxrwx 2 root root   4096 Sep 25 16:45 reports
drwxrwxrwx 2 root root   4096 Sep 25 16:45 run
total 1392
-rw-rw-r-- 1 root root 630750 Sep 25 16:45 data_point.zip
-rw-r--r-- 1 root root   2375 Sep 25 16:45 datapoint_final.log
-rw-rw-rw- 1 root root 788678 Sep 25 16:44 enduse_timeseries.csv
448K	data_point_e82e1b58-b270-41c6-aca3-249b4620e9be/reports
1.4M	data_point_e82e1b58-b270-41c6-aca3-249b4620e9be/run
2.1M	data_point_e82e1b58-b270-41c6-aca3-249b4620e9be
