# Logfile created on 2017-09-25 16:41:11 +0000 by logger.rb/47272
[16:41:11.385780 INFO] Server host is http://web:80
[16:41:11.385868 INFO] Analysis directory is /mnt/openstudio/analysis_fe821d2c-df1e-4105-9ee6-6c7fef1463ae
[16:41:11.385944 INFO] Simulation directory is /mnt/openstudio/analysis_fe821d2c-df1e-4105-9ee6-6c7fef1463ae/data_point_e82e1b58-b270-41c6-aca3-249b4620e9be
[16:41:11.385989 INFO] Run datapoint type/file is workflow
[16:41:11.386032 INFO] Starting initialize_worker for datapoint e82e1b58-b270-41c6-aca3-249b4620e9be
[16:41:11.386108 INFO] receipt_file already exists, moving on
[16:41:11.409762 INFO] Downloading datapoint from http://web:80/data_points/e82e1b58-b270-41c6-aca3-249b4620e9be.json
[16:41:11.432546 INFO] Creating Workflow Manager instance
[16:41:11.432643 INFO] Directory is /mnt/openstudio/analysis_fe821d2c-df1e-4105-9ee6-6c7fef1463ae/data_point_e82e1b58-b270-41c6-aca3-249b4620e9be
[16:41:11.432721 INFO] Opening run.log file '/mnt/openstudio/analysis_fe821d2c-df1e-4105-9ee6-6c7fef1463ae/data_point_e82e1b58-b270-41c6-aca3-249b4620e9be/run/run.log'
[16:41:11.449906 INFO] Running workflow
[16:45:01.494915 INFO] Final run state is finished
[16:45:01.530568 INFO] Saving files/reports back to the server
[16:45:01.530913 INFO] Saving report /mnt/openstudio/analysis_fe821d2c-df1e-4105-9ee6-6c7fef1463ae/data_point_e82e1b58-b270-41c6-aca3-249b4620e9be/reports/eplustbl.html to http://web:80/data_points/e82e1b58-b270-41c6-aca3-249b4620e9be/upload_file
[16:45:01.593554 INFO] Saving report responded with {"id":"59c9322ba2321800caed5d09","data_point_id":"e82e1b58-b270-41c6-aca3-249b4620e9be","display_name":"eplustbl","type":"Report","created_at":"2017-09-25T16:43:23.444Z","updated_at":"2017-09-25T16:43:23.444Z"}
[16:45:01.593801 INFO] Saving report /mnt/openstudio/analysis_fe821d2c-df1e-4105-9ee6-6c7fef1463ae/data_point_e82e1b58-b270-41c6-aca3-249b4620e9be/run/objectives.json to http://web:80/data_points/e82e1b58-b270-41c6-aca3-249b4620e9be/upload_file
[16:45:01.628320 INFO] Saving report responded with {"id":"59c9322ba2321800caed5d0a","data_point_id":"e82e1b58-b270-41c6-aca3-249b4620e9be","display_name":"objectives","type":"Report","created_at":"2017-09-25T16:43:23.478Z","updated_at":"2017-09-25T16:43:23.478Z"}
[16:45:01.628560 INFO] Saving report /mnt/openstudio/analysis_fe821d2c-df1e-4105-9ee6-6c7fef1463ae/data_point_e82e1b58-b270-41c6-aca3-249b4620e9be/out.osw to http://web:80/data_points/e82e1b58-b270-41c6-aca3-249b4620e9be/upload_file
[16:45:01.667844 INFO] Saving report responded with {"id":"59c9322ba2321800caed5d0b","data_point_id":"e82e1b58-b270-41c6-aca3-249b4620e9be","display_name":"Final OSW File","type":"Report","created_at":"2017-09-25T16:43:23.518Z","updated_at":"2017-09-25T16:43:23.518Z"}
[16:45:01.668113 INFO] Saving report /mnt/openstudio/analysis_fe821d2c-df1e-4105-9ee6-6c7fef1463ae/data_point_e82e1b58-b270-41c6-aca3-249b4620e9be/in.osm to http://web:80/data_points/e82e1b58-b270-41c6-aca3-249b4620e9be/upload_file
[16:45:02.855040 INFO] Saving report responded with {"id":"59c9322ca2321800caed5d0d","data_point_id":"e82e1b58-b270-41c6-aca3-249b4620e9be","display_name":"model","type":"OpenStudio Model","created_at":"2017-09-25T16:43:24.544Z","updated_at":"2017-09-25T16:43:24.544Z"}
[16:45:02.858749 INFO] Saving report /mnt/openstudio/analysis_fe821d2c-df1e-4105-9ee6-6c7fef1463ae/data_point_e82e1b58-b270-41c6-aca3-249b4620e9be/run/data_point.zip to http://web:80/data_points/e82e1b58-b270-41c6-aca3-249b4620e9be/upload_file
[16:45:02.918319 INFO] Saving report responded with {"id":"59c9322ca2321800caed5d0e","data_point_id":"e82e1b58-b270-41c6-aca3-249b4620e9be","display_name":"Zip File","type":"Data Point","created_at":"2017-09-25T16:43:24.768Z","updated_at":"2017-09-25T16:43:24.768Z"}
[16:45:02.918752 INFO] Found data point finalization file datapoint_final.sh.
[16:45:02.918933 INFO] Preparing to run finalization script /mnt/openstudio/analysis_fe821d2c-df1e-4105-9ee6-6c7fef1463ae/scripts/worker_finalization/datapoint_final.sh
[16:45:02.919171 INFO] Looking for argument file /mnt/openstudio/analysis_fe821d2c-df1e-4105-9ee6-6c7fef1463ae/scripts/worker_finalization/datapoint_final.args
[16:45:02.919311 INFO] argument file exists /mnt/openstudio/analysis_fe821d2c-df1e-4105-9ee6-6c7fef1463ae/scripts/worker_finalization/datapoint_final.args
[16:45:02.919472 INFO] arguments are []
[16:45:02.969516 INFO] Script returned with exit code 0 of class Fixnum
[16:45:02.969759 INFO] Saving report /mnt/openstudio/analysis_fe821d2c-df1e-4105-9ee6-6c7fef1463ae/data_point_e82e1b58-b270-41c6-aca3-249b4620e9be/run/datapoint_final.log to http://web:80/data_points/e82e1b58-b270-41c6-aca3-249b4620e9be/upload_file
[16:45:03.030105 INFO] Saving report responded with {"id":"59c9322ca2321800caed5d0f","data_point_id":"e82e1b58-b270-41c6-aca3-249b4620e9be","display_name":"Finalization Script Log","type":"Report","created_at":"2017-09-25T16:43:24.876Z","updated_at":"2017-09-25T16:43:24.876Z"}
[16:45:03.051449 INFO] Finished /opt/openstudio/server/app/workers/run_simulate_data_point.rb
