# Logfile created on 2017-09-25 16:35:42 +0000 by logger.rb/47272
[16:35:42.759803 INFO] Server host is http://web:80
[16:35:42.759917 INFO] Analysis directory is /mnt/openstudio/analysis_fe821d2c-df1e-4105-9ee6-6c7fef1463ae
[16:35:42.759996 INFO] Simulation directory is /mnt/openstudio/analysis_fe821d2c-df1e-4105-9ee6-6c7fef1463ae/data_point_8e52811f-6a3f-4baf-8dac-eef76b689a93
[16:35:42.760045 INFO] Run datapoint type/file is workflow
[16:35:42.760087 INFO] Starting initialize_worker for datapoint 8e52811f-6a3f-4baf-8dac-eef76b689a93
[16:35:42.760168 INFO] receipt_file already exists, moving on
[16:35:43.476358 INFO] Downloading datapoint from http://web:80/data_points/8e52811f-6a3f-4baf-8dac-eef76b689a93.json
[16:35:43.838733 INFO] Creating Workflow Manager instance
[16:35:43.838794 INFO] Directory is /mnt/openstudio/analysis_fe821d2c-df1e-4105-9ee6-6c7fef1463ae/data_point_8e52811f-6a3f-4baf-8dac-eef76b689a93
[16:35:43.838840 INFO] Opening run.log file '/mnt/openstudio/analysis_fe821d2c-df1e-4105-9ee6-6c7fef1463ae/data_point_8e52811f-6a3f-4baf-8dac-eef76b689a93/run/run.log'
[16:35:43.849078 INFO] Running workflow
[16:39:30.525772 INFO] Final run state is finished
[16:39:30.558271 INFO] Saving files/reports back to the server
[16:39:30.558574 INFO] Saving report /mnt/openstudio/analysis_fe821d2c-df1e-4105-9ee6-6c7fef1463ae/data_point_8e52811f-6a3f-4baf-8dac-eef76b689a93/reports/eplustbl.html to http://web:80/data_points/8e52811f-6a3f-4baf-8dac-eef76b689a93/upload_file
[16:39:30.615297 INFO] Saving report responded with {"id":"59c93142a2321800d2ed57a9","data_point_id":"8e52811f-6a3f-4baf-8dac-eef76b689a93","display_name":"eplustbl","type":"Report","created_at":"2017-09-25T16:39:30.600Z","updated_at":"2017-09-25T16:39:30.600Z"}
[16:39:30.615738 INFO] Saving report /mnt/openstudio/analysis_fe821d2c-df1e-4105-9ee6-6c7fef1463ae/data_point_8e52811f-6a3f-4baf-8dac-eef76b689a93/run/objectives.json to http://web:80/data_points/8e52811f-6a3f-4baf-8dac-eef76b689a93/upload_file
[16:39:30.661271 INFO] Saving report responded with {"id":"59c93142a2321800caed5c2b","data_point_id":"8e52811f-6a3f-4baf-8dac-eef76b689a93","display_name":"objectives","type":"Report","created_at":"2017-09-25T16:39:30.641Z","updated_at":"2017-09-25T16:39:30.641Z"}
[16:39:30.661594 INFO] Saving report /mnt/openstudio/analysis_fe821d2c-df1e-4105-9ee6-6c7fef1463ae/data_point_8e52811f-6a3f-4baf-8dac-eef76b689a93/out.osw to http://web:80/data_points/8e52811f-6a3f-4baf-8dac-eef76b689a93/upload_file
[16:39:30.763244 INFO] Saving report responded with {"id":"59c93142a2321800caed5c2c","data_point_id":"8e52811f-6a3f-4baf-8dac-eef76b689a93","display_name":"Final OSW File","type":"Report","created_at":"2017-09-25T16:39:30.689Z","updated_at":"2017-09-25T16:39:30.689Z"}
[16:39:30.763609 INFO] Saving report /mnt/openstudio/analysis_fe821d2c-df1e-4105-9ee6-6c7fef1463ae/data_point_8e52811f-6a3f-4baf-8dac-eef76b689a93/in.osm to http://web:80/data_points/8e52811f-6a3f-4baf-8dac-eef76b689a93/upload_file
[16:39:31.646328 INFO] Saving report responded with {"id":"59c93143a2321800d2ed57aa","data_point_id":"8e52811f-6a3f-4baf-8dac-eef76b689a93","display_name":"model","type":"OpenStudio Model","created_at":"2017-09-25T16:39:31.545Z","updated_at":"2017-09-25T16:39:31.545Z"}
[16:39:31.646800 INFO] Saving report /mnt/openstudio/analysis_fe821d2c-df1e-4105-9ee6-6c7fef1463ae/data_point_8e52811f-6a3f-4baf-8dac-eef76b689a93/run/data_point.zip to http://web:80/data_points/8e52811f-6a3f-4baf-8dac-eef76b689a93/upload_file
[16:39:31.758209 INFO] Saving report responded with {"id":"59c93143a2321800caed5c2f","data_point_id":"8e52811f-6a3f-4baf-8dac-eef76b689a93","display_name":"Zip File","type":"Data Point","created_at":"2017-09-25T16:39:31.732Z","updated_at":"2017-09-25T16:39:31.732Z"}
[16:39:31.759161 INFO] Found data point finalization file datapoint_final.sh.
[16:39:31.759380 INFO] Preparing to run finalization script /mnt/openstudio/analysis_fe821d2c-df1e-4105-9ee6-6c7fef1463ae/scripts/worker_finalization/datapoint_final.sh
[16:39:31.759778 INFO] Looking for argument file /mnt/openstudio/analysis_fe821d2c-df1e-4105-9ee6-6c7fef1463ae/scripts/worker_finalization/datapoint_final.args
[16:39:31.759869 INFO] argument file exists /mnt/openstudio/analysis_fe821d2c-df1e-4105-9ee6-6c7fef1463ae/scripts/worker_finalization/datapoint_final.args
[16:39:31.760109 INFO] arguments are []
[16:39:31.863540 INFO] Script returned with exit code 0 of class Fixnum
[16:39:31.863968 INFO] Saving report /mnt/openstudio/analysis_fe821d2c-df1e-4105-9ee6-6c7fef1463ae/data_point_8e52811f-6a3f-4baf-8dac-eef76b689a93/run/datapoint_final.log to http://web:80/data_points/8e52811f-6a3f-4baf-8dac-eef76b689a93/upload_file
[16:39:31.900465 INFO] Saving report responded with {"id":"59c93143a2321800caed5c31","data_point_id":"8e52811f-6a3f-4baf-8dac-eef76b689a93","display_name":"Finalization Script Log","type":"Report","created_at":"2017-09-25T16:39:31.885Z","updated_at":"2017-09-25T16:39:31.885Z"}
[16:39:31.912902 INFO] Finished /opt/openstudio/server/app/workers/run_simulate_data_point.rb
