Cleaning up data_point directory.
Original files:
total 21748
-rw-rw-rw- 1 root root     4385 Sep 25 16:39 8e52811f-6a3f-4baf-8dac-eef76b689a93.log
-rw-rw-rw- 1 root root    66975 Sep 25 16:35 analysis.json
-rw-rw-rw- 1 root root     1030 Sep 25 16:35 data_point.json
-rw-rw-rw- 1 root root     2841 Sep 25 16:35 data_point.osw
-rw-rw-rw- 1 root root  4634075 Sep 25 16:36 in.idf
-rw-rw-rw- 1 root root 17382777 Sep 25 16:36 in.osm
-rw-rw-rw- 1 root root   153400 Sep 25 16:39 out.osw
drwxrwxrwx 2 root root     4096 Sep 25 16:39 reports
drwxrwxrwx 2 root root     4096 Sep 25 16:39 run
total 7528
-rw-rw-r-- 1 root root  627002 Sep 25 16:39 data_point.zip
-rw-rw-rw- 1 root root    8469 Sep 25 16:39 data_point_out.json
-rw-r--r-- 1 root root     587 Sep 25 16:39 datapoint_final.log
-rw-rw-rw- 1 root root  785876 Sep 25 16:39 enduse_timeseries.csv
-rw-rw-rw- 1 root root     102 Sep 25 16:38 eplusout.end
-rw-rw-rw- 1 root root   35267 Sep 25 16:38 eplusout.err
-rw-rw-rw- 1 root root   56972 Sep 25 16:38 eplusout.mtd
-rw-rw-rw- 1 root root   55512 Sep 25 16:37 eplusout.rdd
-rw-rw-rw- 1 root root  525788 Sep 25 16:38 eplustbl.htm
-rw-rw-rw- 1 root root      43 Sep 25 16:39 finished.job
-rw-rw-rw- 1 root root 4634075 Sep 25 16:36 in.idf
-rw-rw-rw- 1 root root    8469 Sep 25 16:39 measure_attributes.json
-rw-rw-rw- 1 root root   27765 Sep 25 16:35 measures.osw
-rw-rw-rw- 1 root root       3 Sep 25 16:39 objectives.json
-rw-rw-rw- 1 root root    8469 Sep 25 16:39 results.json
-rw-rw-rw- 1 root root  870159 Sep 25 16:39 run.log
-rw-rw-rw- 1 root root      49 Sep 25 16:37 sqlite.err
-rw-rw-rw- 1 root root      42 Sep 25 16:35 started.job
-rw-rw-rw- 1 root root    2429 Sep 25 16:38 stdout-energyplus
-rw-rw-rw- 1 root root      91 Sep 25 16:37 stdout-expandobject
7.4M	data_point_8e52811f-6a3f-4baf-8dac-eef76b689a93/run
520K	data_point_8e52811f-6a3f-4baf-8dac-eef76b689a93/reports
30M	data_point_8e52811f-6a3f-4baf-8dac-eef76b689a93
Final files:
total 244
-rw-rw-rw- 1 root root   4385 Sep 25 16:39 8e52811f-6a3f-4baf-8dac-eef76b689a93.log
-rw-rw-rw- 1 root root  66975 Sep 25 16:35 analysis.json
-rw-rw-rw- 1 root root   1030 Sep 25 16:35 data_point.json
-rw-rw-rw- 1 root root   2841 Sep 25 16:35 data_point.osw
-rw-rw-rw- 1 root root 153400 Sep 25 16:39 out.osw
drwxrwxrwx 2 root root   4096 Sep 25 16:39 reports
drwxrwxrwx 2 root root   4096 Sep 25 16:39 run
total 1388
-rw-rw-r-- 1 root root 627002 Sep 25 16:39 data_point.zip
-rw-r--r-- 1 root root   2375 Sep 25 16:39 datapoint_final.log
-rw-rw-rw- 1 root root 785876 Sep 25 16:39 enduse_timeseries.csv
1.4M	data_point_8e52811f-6a3f-4baf-8dac-eef76b689a93/run
520K	data_point_8e52811f-6a3f-4baf-8dac-eef76b689a93/reports
2.2M	data_point_8e52811f-6a3f-4baf-8dac-eef76b689a93
