# Logfile created on 2017-09-25 16:37:53 +0000 by logger.rb/47272
[16:37:53.348550 INFO] Server host is http://web:80
[16:37:53.348643 INFO] Analysis directory is /mnt/openstudio/analysis_fe821d2c-df1e-4105-9ee6-6c7fef1463ae
[16:37:53.348716 INFO] Simulation directory is /mnt/openstudio/analysis_fe821d2c-df1e-4105-9ee6-6c7fef1463ae/data_point_684bcbe8-8e54-4c14-9ff4-c882a9debfac
[16:37:53.348755 INFO] Run datapoint type/file is workflow
[16:37:53.348794 INFO] Starting initialize_worker for datapoint 684bcbe8-8e54-4c14-9ff4-c882a9debfac
[16:37:53.348996 INFO] Downloading analysis zip from http://web:80/analyses/fe821d2c-df1e-4105-9ee6-6c7fef1463ae/download_analysis_zip
[16:38:58.594623 INFO] Extracting analysis zip to /mnt/openstudio/analysis_fe821d2c-df1e-4105-9ee6-6c7fef1463ae
[16:39:01.915503 INFO] Downloading analysis.json from http://web:80/analyses/fe821d2c-df1e-4105-9ee6-6c7fef1463ae.json
[16:39:25.040326 INFO] Found data point initialization file datapoint_init.sh.
[16:39:25.040738 INFO] Preparing to run initialization script /mnt/openstudio/analysis_fe821d2c-df1e-4105-9ee6-6c7fef1463ae/scripts/worker_initialization/datapoint_init.sh
[16:39:25.041073 INFO] Looking for argument file /mnt/openstudio/analysis_fe821d2c-df1e-4105-9ee6-6c7fef1463ae/scripts/worker_initialization/datapoint_init.args
[16:39:25.041136 INFO] argument file exists /mnt/openstudio/analysis_fe821d2c-df1e-4105-9ee6-6c7fef1463ae/scripts/worker_initialization/datapoint_init.args
[16:39:25.041642 INFO] arguments are ["https://s3.amazonaws.com/epwweatherfiles/project_resstock_efs.zip"]
[16:39:35.457209 INFO] Script returned with exit code 0 of class Fixnum
[16:39:35.457399 INFO] Finished worker initialization
[16:39:45.856574 INFO] Downloading datapoint from http://web:80/data_points/684bcbe8-8e54-4c14-9ff4-c882a9debfac.json
[16:39:45.969416 INFO] Creating Workflow Manager instance
[16:39:45.969519 INFO] Directory is /mnt/openstudio/analysis_fe821d2c-df1e-4105-9ee6-6c7fef1463ae/data_point_684bcbe8-8e54-4c14-9ff4-c882a9debfac
[16:39:45.969605 INFO] Opening run.log file '/mnt/openstudio/analysis_fe821d2c-df1e-4105-9ee6-6c7fef1463ae/data_point_684bcbe8-8e54-4c14-9ff4-c882a9debfac/run/run.log'
[16:39:46.307276 INFO] Running workflow
[16:46:22.909503 INFO] Final run state is finished
[16:46:23.118710 INFO] Saving files/reports back to the server
[16:46:23.119044 INFO] Saving report /mnt/openstudio/analysis_fe821d2c-df1e-4105-9ee6-6c7fef1463ae/data_point_684bcbe8-8e54-4c14-9ff4-c882a9debfac/reports/eplustbl.html to http://web:80/data_points/684bcbe8-8e54-4c14-9ff4-c882a9debfac/upload_file
[16:46:23.710877 INFO] Saving report responded with {"id":"59c9327da2321800dced5465","data_point_id":"684bcbe8-8e54-4c14-9ff4-c882a9debfac","display_name":"eplustbl","type":"Report","created_at":"2017-09-25T16:44:45.017Z","updated_at":"2017-09-25T16:44:45.017Z"}
[16:46:23.711131 INFO] Saving report /mnt/openstudio/analysis_fe821d2c-df1e-4105-9ee6-6c7fef1463ae/data_point_684bcbe8-8e54-4c14-9ff4-c882a9debfac/run/objectives.json to http://web:80/data_points/684bcbe8-8e54-4c14-9ff4-c882a9debfac/upload_file
[16:46:24.335913 INFO] Saving report responded with {"id":"59c9327da2321800caed5de2","data_point_id":"684bcbe8-8e54-4c14-9ff4-c882a9debfac","display_name":"objectives","type":"Report","created_at":"2017-09-25T16:44:45.693Z","updated_at":"2017-09-25T16:44:45.693Z"}
[16:46:24.336143 INFO] Saving report /mnt/openstudio/analysis_fe821d2c-df1e-4105-9ee6-6c7fef1463ae/data_point_684bcbe8-8e54-4c14-9ff4-c882a9debfac/out.osw to http://web:80/data_points/684bcbe8-8e54-4c14-9ff4-c882a9debfac/upload_file
[16:46:24.716521 INFO] Saving report responded with {"id":"59c9327ea2321800caed5de3","data_point_id":"684bcbe8-8e54-4c14-9ff4-c882a9debfac","display_name":"Final OSW File","type":"Report","created_at":"2017-09-25T16:44:46.228Z","updated_at":"2017-09-25T16:44:46.228Z"}
[16:46:24.716771 INFO] Saving report /mnt/openstudio/analysis_fe821d2c-df1e-4105-9ee6-6c7fef1463ae/data_point_684bcbe8-8e54-4c14-9ff4-c882a9debfac/in.osm to http://web:80/data_points/684bcbe8-8e54-4c14-9ff4-c882a9debfac/upload_file
[16:46:26.436924 INFO] Saving report responded with {"id":"59c9327fa2321800caed5de4","data_point_id":"684bcbe8-8e54-4c14-9ff4-c882a9debfac","display_name":"model","type":"OpenStudio Model","created_at":"2017-09-25T16:44:47.973Z","updated_at":"2017-09-25T16:44:47.973Z"}
[16:46:26.437202 INFO] Saving report /mnt/openstudio/analysis_fe821d2c-df1e-4105-9ee6-6c7fef1463ae/data_point_684bcbe8-8e54-4c14-9ff4-c882a9debfac/run/data_point.zip to http://web:80/data_points/684bcbe8-8e54-4c14-9ff4-c882a9debfac/upload_file
[16:46:26.588004 INFO] Saving report responded with {"id":"59c93280a2321800caed5de5","data_point_id":"684bcbe8-8e54-4c14-9ff4-c882a9debfac","display_name":"Zip File","type":"Data Point","created_at":"2017-09-25T16:44:48.421Z","updated_at":"2017-09-25T16:44:48.421Z"}
[16:46:26.588439 INFO] Found data point finalization file datapoint_final.sh.
[16:46:26.588566 INFO] Preparing to run finalization script /mnt/openstudio/analysis_fe821d2c-df1e-4105-9ee6-6c7fef1463ae/scripts/worker_finalization/datapoint_final.sh
[16:46:26.601846 INFO] Looking for argument file /mnt/openstudio/analysis_fe821d2c-df1e-4105-9ee6-6c7fef1463ae/scripts/worker_finalization/datapoint_final.args
[16:46:26.601930 INFO] argument file exists /mnt/openstudio/analysis_fe821d2c-df1e-4105-9ee6-6c7fef1463ae/scripts/worker_finalization/datapoint_final.args
[16:46:26.602537 INFO] arguments are []
[16:46:26.658340 INFO] Script returned with exit code 0 of class Fixnum
[16:46:26.658669 INFO] Saving report /mnt/openstudio/analysis_fe821d2c-df1e-4105-9ee6-6c7fef1463ae/data_point_684bcbe8-8e54-4c14-9ff4-c882a9debfac/run/datapoint_final.log to http://web:80/data_points/684bcbe8-8e54-4c14-9ff4-c882a9debfac/upload_file
[16:46:26.699670 INFO] Saving report responded with {"id":"59c93280a2321800caed5de6","data_point_id":"684bcbe8-8e54-4c14-9ff4-c882a9debfac","display_name":"Finalization Script Log","type":"Report","created_at":"2017-09-25T16:44:48.548Z","updated_at":"2017-09-25T16:44:48.548Z"}
[16:46:26.710113 INFO] Finished /opt/openstudio/server/app/workers/run_simulate_data_point.rb
