Cleaning up data_point directory.
Original files:
total 21688
-rw-rw-rw- 1 root root     5490 Sep 25 16:46 684bcbe8-8e54-4c14-9ff4-c882a9debfac.log
-rw-rw-rw- 1 root root    66975 Sep 25 16:39 analysis.json
-rw-rw-rw- 1 root root     1030 Sep 25 16:39 data_point.json
-rw-rw-rw- 1 root root     2841 Sep 25 16:39 data_point.osw
-rw-rw-rw- 1 root root  4612857 Sep 25 16:43 in.idf
-rw-rw-rw- 1 root root 17345201 Sep 25 16:42 in.osm
-rw-rw-rw- 1 root root   150997 Sep 25 16:46 out.osw
drwxrwxrwx 2 root root     4096 Sep 25 16:46 reports
drwxrwxrwx 2 root root     4096 Sep 25 16:46 run
total 7544
-rw-rw-r-- 1 root root  645530 Sep 25 16:46 data_point.zip
-rw-rw-rw- 1 root root    8464 Sep 25 16:46 data_point_out.json
-rw-r--r-- 1 root root     587 Sep 25 16:46 datapoint_final.log
-rw-r--r-- 1 root root   22402 Sep 25 16:39 datapoint_init.log
-rw-rw-rw- 1 root root  862379 Sep 25 16:46 enduse_timeseries.csv
-rw-rw-rw- 1 root root     102 Sep 25 16:45 eplusout.end
-rw-rw-rw- 1 root root   34493 Sep 25 16:45 eplusout.err
-rw-rw-rw- 1 root root   56442 Sep 25 16:45 eplusout.mtd
-rw-rw-rw- 1 root root   55474 Sep 25 16:44 eplusout.rdd
-rw-rw-rw- 1 root root  452123 Sep 25 16:45 eplustbl.htm
-rw-rw-rw- 1 root root      43 Sep 25 16:46 finished.job
-rw-rw-rw- 1 root root 4612857 Sep 25 16:43 in.idf
-rw-rw-rw- 1 root root    8464 Sep 25 16:46 measure_attributes.json
-rw-rw-rw- 1 root root   27575 Sep 25 16:39 measures.osw
-rw-rw-rw- 1 root root       3 Sep 25 16:46 objectives.json
-rw-rw-rw- 1 root root    8464 Sep 25 16:46 results.json
-rw-rw-rw- 1 root root  868303 Sep 25 16:46 run.log
-rw-rw-rw- 1 root root      49 Sep 25 16:44 sqlite.err
-rw-rw-rw- 1 root root      42 Sep 25 16:39 started.job
-rw-rw-rw- 1 root root    2336 Sep 25 16:45 stdout-energyplus
-rw-rw-rw- 1 root root      91 Sep 25 16:44 stdout-expandobject
448K	data_point_684bcbe8-8e54-4c14-9ff4-c882a9debfac/reports
7.4M	data_point_684bcbe8-8e54-4c14-9ff4-c882a9debfac/run
29M	data_point_684bcbe8-8e54-4c14-9ff4-c882a9debfac
Final files:
total 240
-rw-rw-rw- 1 root root   5490 Sep 25 16:46 684bcbe8-8e54-4c14-9ff4-c882a9debfac.log
-rw-rw-rw- 1 root root  66975 Sep 25 16:39 analysis.json
-rw-rw-rw- 1 root root   1030 Sep 25 16:39 data_point.json
-rw-rw-rw- 1 root root   2841 Sep 25 16:39 data_point.osw
-rw-rw-rw- 1 root root 150997 Sep 25 16:46 out.osw
drwxrwxrwx 2 root root   4096 Sep 25 16:46 reports
drwxrwxrwx 2 root root   4096 Sep 25 16:46 run
total 1504
-rw-rw-r-- 1 root root 645530 Sep 25 16:46 data_point.zip
-rw-r--r-- 1 root root   2438 Sep 25 16:46 datapoint_final.log
-rw-r--r-- 1 root root  22402 Sep 25 16:39 datapoint_init.log
-rw-rw-rw- 1 root root 862379 Sep 25 16:46 enduse_timeseries.csv
448K	data_point_684bcbe8-8e54-4c14-9ff4-c882a9debfac/reports
1.5M	data_point_684bcbe8-8e54-4c14-9ff4-c882a9debfac/run
2.2M	data_point_684bcbe8-8e54-4c14-9ff4-c882a9debfac
