# Logfile created on 2017-09-25 16:37:52 +0000 by logger.rb/47272
[16:37:52.144203 INFO] Server host is http://web:80
[16:37:52.144270 INFO] Analysis directory is /mnt/openstudio/analysis_fe821d2c-df1e-4105-9ee6-6c7fef1463ae
[16:37:52.144313 INFO] Simulation directory is /mnt/openstudio/analysis_fe821d2c-df1e-4105-9ee6-6c7fef1463ae/data_point_60f45c23-1438-496c-9ff6-f20acf010ff9
[16:37:52.144336 INFO] Run datapoint type/file is workflow
[16:37:52.144359 INFO] Starting initialize_worker for datapoint 60f45c23-1438-496c-9ff6-f20acf010ff9
[16:37:52.144409 INFO] receipt_file already exists, moving on
[16:37:52.155701 INFO] Downloading datapoint from http://web:80/data_points/60f45c23-1438-496c-9ff6-f20acf010ff9.json
[16:37:52.167543 INFO] Creating Workflow Manager instance
[16:37:52.167658 INFO] Directory is /mnt/openstudio/analysis_fe821d2c-df1e-4105-9ee6-6c7fef1463ae/data_point_60f45c23-1438-496c-9ff6-f20acf010ff9
[16:37:52.167709 INFO] Opening run.log file '/mnt/openstudio/analysis_fe821d2c-df1e-4105-9ee6-6c7fef1463ae/data_point_60f45c23-1438-496c-9ff6-f20acf010ff9/run/run.log'
[16:37:52.273312 INFO] Running workflow
[16:41:23.824419 INFO] Final run state is finished
[16:41:23.902127 INFO] Saving files/reports back to the server
[16:41:23.902473 INFO] Saving report /mnt/openstudio/analysis_fe821d2c-df1e-4105-9ee6-6c7fef1463ae/data_point_60f45c23-1438-496c-9ff6-f20acf010ff9/reports/eplustbl.html to http://web:80/data_points/60f45c23-1438-496c-9ff6-f20acf010ff9/upload_file
[16:41:23.989032 INFO] Saving report responded with {"id":"59c93151a2321800d2ed57b2","data_point_id":"60f45c23-1438-496c-9ff6-f20acf010ff9","display_name":"eplustbl","type":"Report","created_at":"2017-09-25T16:39:45.835Z","updated_at":"2017-09-25T16:39:45.835Z"}
[16:41:23.989307 INFO] Saving report /mnt/openstudio/analysis_fe821d2c-df1e-4105-9ee6-6c7fef1463ae/data_point_60f45c23-1438-496c-9ff6-f20acf010ff9/run/objectives.json to http://web:80/data_points/60f45c23-1438-496c-9ff6-f20acf010ff9/upload_file
[16:41:24.065299 INFO] Saving report responded with {"id":"59c93151a2321800d2ed57b3","data_point_id":"60f45c23-1438-496c-9ff6-f20acf010ff9","display_name":"objectives","type":"Report","created_at":"2017-09-25T16:39:45.907Z","updated_at":"2017-09-25T16:39:45.907Z"}
[16:41:24.065528 INFO] Saving report /mnt/openstudio/analysis_fe821d2c-df1e-4105-9ee6-6c7fef1463ae/data_point_60f45c23-1438-496c-9ff6-f20acf010ff9/out.osw to http://web:80/data_points/60f45c23-1438-496c-9ff6-f20acf010ff9/upload_file
[16:41:24.125836 INFO] Saving report responded with {"id":"59c93151a2321800d2ed57b4","data_point_id":"60f45c23-1438-496c-9ff6-f20acf010ff9","display_name":"Final OSW File","type":"Report","created_at":"2017-09-25T16:39:45.952Z","updated_at":"2017-09-25T16:39:45.952Z"}
[16:41:24.126153 INFO] Saving report /mnt/openstudio/analysis_fe821d2c-df1e-4105-9ee6-6c7fef1463ae/data_point_60f45c23-1438-496c-9ff6-f20acf010ff9/in.osm to http://web:80/data_points/60f45c23-1438-496c-9ff6-f20acf010ff9/upload_file
[16:41:26.081301 INFO] Saving report responded with {"id":"59c93153a2321800d2ed57b9","data_point_id":"60f45c23-1438-496c-9ff6-f20acf010ff9","display_name":"model","type":"OpenStudio Model","created_at":"2017-09-25T16:39:47.842Z","updated_at":"2017-09-25T16:39:47.842Z"}
[16:41:26.081569 INFO] Saving report /mnt/openstudio/analysis_fe821d2c-df1e-4105-9ee6-6c7fef1463ae/data_point_60f45c23-1438-496c-9ff6-f20acf010ff9/run/data_point.zip to http://web:80/data_points/60f45c23-1438-496c-9ff6-f20acf010ff9/upload_file
[16:41:26.262723 INFO] Saving report responded with {"id":"59c93154a2321800d2ed57ba","data_point_id":"60f45c23-1438-496c-9ff6-f20acf010ff9","display_name":"Zip File","type":"Data Point","created_at":"2017-09-25T16:39:48.092Z","updated_at":"2017-09-25T16:39:48.092Z"}
[16:41:26.263663 INFO] Found data point finalization file datapoint_final.sh.
[16:41:26.264074 INFO] Preparing to run finalization script /mnt/openstudio/analysis_fe821d2c-df1e-4105-9ee6-6c7fef1463ae/scripts/worker_finalization/datapoint_final.sh
[16:41:26.332925 INFO] Looking for argument file /mnt/openstudio/analysis_fe821d2c-df1e-4105-9ee6-6c7fef1463ae/scripts/worker_finalization/datapoint_final.args
[16:41:26.333042 INFO] argument file exists /mnt/openstudio/analysis_fe821d2c-df1e-4105-9ee6-6c7fef1463ae/scripts/worker_finalization/datapoint_final.args
[16:41:26.379769 INFO] arguments are []
[16:41:26.448094 INFO] Script returned with exit code 0 of class Fixnum
[16:41:26.448512 INFO] Saving report /mnt/openstudio/analysis_fe821d2c-df1e-4105-9ee6-6c7fef1463ae/data_point_60f45c23-1438-496c-9ff6-f20acf010ff9/run/datapoint_final.log to http://web:80/data_points/60f45c23-1438-496c-9ff6-f20acf010ff9/upload_file
[16:41:26.479820 INFO] Saving report responded with {"id":"59c93154a2321800caed5c56","data_point_id":"60f45c23-1438-496c-9ff6-f20acf010ff9","display_name":"Finalization Script Log","type":"Report","created_at":"2017-09-25T16:39:48.331Z","updated_at":"2017-09-25T16:39:48.331Z"}
[16:41:26.494695 INFO] Finished /opt/openstudio/server/app/workers/run_simulate_data_point.rb
