Cleaning up data_point directory.
Original files:
total 22068
-rw-rw-rw- 1 root root     4385 Sep 25 16:41 60f45c23-1438-496c-9ff6-f20acf010ff9.log
-rw-rw-rw- 1 root root    66975 Sep 25 16:37 analysis.json
-rw-rw-rw- 1 root root     1030 Sep 25 16:37 data_point.json
-rw-rw-rw- 1 root root     2841 Sep 25 16:37 data_point.osw
-rw-rw-rw- 1 root root  4927485 Sep 25 16:38 in.idf
-rw-rw-rw- 1 root root 17411195 Sep 25 16:38 in.osm
-rw-rw-rw- 1 root root   160726 Sep 25 16:41 out.osw
drwxrwxrwx 2 root root     4096 Sep 25 16:41 reports
drwxrwxrwx 2 root root     4096 Sep 25 16:41 run
total 7980
-rw-rw-r-- 1 root root  678600 Sep 25 16:41 data_point.zip
-rw-rw-rw- 1 root root    8452 Sep 25 16:41 data_point_out.json
-rw-r--r-- 1 root root     587 Sep 25 16:41 datapoint_final.log
-rw-rw-rw- 1 root root  827475 Sep 25 16:41 enduse_timeseries.csv
-rw-rw-rw- 1 root root     102 Sep 25 16:39 eplusout.end
-rw-rw-rw- 1 root root   35392 Sep 25 16:39 eplusout.err
-rw-rw-rw- 1 root root   58062 Sep 25 16:39 eplusout.mtd
-rw-rw-rw- 1 root root   55501 Sep 25 16:38 eplusout.rdd
-rw-rw-rw- 1 root root  594455 Sep 25 16:39 eplustbl.htm
-rw-rw-rw- 1 root root      43 Sep 25 16:41 finished.job
-rw-rw-rw- 1 root root 4927485 Sep 25 16:38 in.idf
-rw-rw-rw- 1 root root    8452 Sep 25 16:41 measure_attributes.json
-rw-rw-rw- 1 root root   27760 Sep 25 16:37 measures.osw
-rw-rw-rw- 1 root root       3 Sep 25 16:41 objectives.json
-rw-rw-rw- 1 root root    8452 Sep 25 16:41 results.json
-rw-rw-rw- 1 root root  877569 Sep 25 16:41 run.log
-rw-rw-rw- 1 root root      49 Sep 25 16:38 sqlite.err
-rw-rw-rw- 1 root root      42 Sep 25 16:37 started.job
-rw-rw-rw- 1 root root    2351 Sep 25 16:39 stdout-energyplus
-rw-rw-rw- 1 root root      91 Sep 25 16:38 stdout-expandobject
588K	data_point_60f45c23-1438-496c-9ff6-f20acf010ff9/reports
7.8M	data_point_60f45c23-1438-496c-9ff6-f20acf010ff9/run
30M	data_point_60f45c23-1438-496c-9ff6-f20acf010ff9
Final files:
total 252
-rw-rw-rw- 1 root root   4385 Sep 25 16:41 60f45c23-1438-496c-9ff6-f20acf010ff9.log
-rw-rw-rw- 1 root root  66975 Sep 25 16:37 analysis.json
-rw-rw-rw- 1 root root   1030 Sep 25 16:37 data_point.json
-rw-rw-rw- 1 root root   2841 Sep 25 16:37 data_point.osw
-rw-rw-rw- 1 root root 160726 Sep 25 16:41 out.osw
drwxrwxrwx 2 root root   4096 Sep 25 16:41 reports
drwxrwxrwx 2 root root   4096 Sep 25 16:41 run
total 1480
-rw-rw-r-- 1 root root 678600 Sep 25 16:41 data_point.zip
-rw-r--r-- 1 root root   2375 Sep 25 16:41 datapoint_final.log
-rw-rw-rw- 1 root root 827475 Sep 25 16:41 enduse_timeseries.csv
588K	data_point_60f45c23-1438-496c-9ff6-f20acf010ff9/reports
1.5M	data_point_60f45c23-1438-496c-9ff6-f20acf010ff9/run
2.3M	data_point_60f45c23-1438-496c-9ff6-f20acf010ff9
