Cleaning up data_point directory.
Original files:
total 21816
-rw-rw-rw- 1 root root    66975 Sep 25 16:37 analysis.json
-rw-rw-rw- 1 root root     1030 Sep 25 16:37 data_point.json
-rw-rw-rw- 1 root root     2841 Sep 25 16:37 data_point.osw
-rw-rw-rw- 1 root root     4385 Sep 25 16:41 e6e545b3-faec-46bc-bf58-434a79794388.log
-rw-rw-rw- 1 root root  4656979 Sep 25 16:38 in.idf
-rw-rw-rw- 1 root root 17418824 Sep 25 16:38 in.osm
-rw-rw-rw- 1 root root   164671 Sep 25 16:41 out.osw
drwxrwxrwx 2 root root     4096 Sep 25 16:41 reports
drwxrwxrwx 2 root root     4096 Sep 25 16:41 run
total 7540
-rw-rw-r-- 1 root root  599641 Sep 25 16:41 data_point.zip
-rw-rw-rw- 1 root root    8431 Sep 25 16:41 data_point_out.json
-rw-r--r-- 1 root root     587 Sep 25 16:41 datapoint_final.log
-rw-rw-rw- 1 root root  736658 Sep 25 16:41 enduse_timeseries.csv
-rw-rw-rw- 1 root root     102 Sep 25 16:39 eplusout.end
-rw-rw-rw- 1 root root   37814 Sep 25 16:39 eplusout.err
-rw-rw-rw- 1 root root   57132 Sep 25 16:39 eplusout.mtd
-rw-rw-rw- 1 root root   54736 Sep 25 16:38 eplusout.rdd
-rw-rw-rw- 1 root root  587231 Sep 25 16:39 eplustbl.htm
-rw-rw-rw- 1 root root      43 Sep 25 16:41 finished.job
-rw-rw-rw- 1 root root 4656979 Sep 25 16:38 in.idf
-rw-rw-rw- 1 root root    8431 Sep 25 16:41 measure_attributes.json
-rw-rw-rw- 1 root root   27293 Sep 25 16:37 measures.osw
-rw-rw-rw- 1 root root       3 Sep 25 16:41 objectives.json
-rw-rw-rw- 1 root root    8431 Sep 25 16:41 results.json
-rw-rw-rw- 1 root root  879134 Sep 25 16:41 run.log
-rw-rw-rw- 1 root root      49 Sep 25 16:38 sqlite.err
-rw-rw-rw- 1 root root      42 Sep 25 16:37 started.job
-rw-rw-rw- 1 root root    2397 Sep 25 16:39 stdout-energyplus
-rw-rw-rw- 1 root root      91 Sep 25 16:38 stdout-expandobject
580K	data_point_e6e545b3-faec-46bc-bf58-434a79794388/reports
7.4M	data_point_e6e545b3-faec-46bc-bf58-434a79794388/run
30M	data_point_e6e545b3-faec-46bc-bf58-434a79794388
Final files:
total 256
-rw-rw-rw- 1 root root  66975 Sep 25 16:37 analysis.json
-rw-rw-rw- 1 root root   1030 Sep 25 16:37 data_point.json
-rw-rw-rw- 1 root root   2841 Sep 25 16:37 data_point.osw
-rw-rw-rw- 1 root root   4385 Sep 25 16:41 e6e545b3-faec-46bc-bf58-434a79794388.log
-rw-rw-rw- 1 root root 164671 Sep 25 16:41 out.osw
drwxrwxrwx 2 root root   4096 Sep 25 16:41 reports
drwxrwxrwx 2 root root   4096 Sep 25 16:41 run
total 1312
-rw-rw-r-- 1 root root 599641 Sep 25 16:41 data_point.zip
-rw-r--r-- 1 root root   2375 Sep 25 16:41 datapoint_final.log
-rw-rw-rw- 1 root root 736658 Sep 25 16:41 enduse_timeseries.csv
580K	data_point_e6e545b3-faec-46bc-bf58-434a79794388/reports
1.3M	data_point_e6e545b3-faec-46bc-bf58-434a79794388/run
2.1M	data_point_e6e545b3-faec-46bc-bf58-434a79794388
