# Logfile created on 2017-09-25 16:37:52 +0000 by logger.rb/47272
[16:37:52.542905 INFO] Server host is http://web:80
[16:37:52.542991 INFO] Analysis directory is /mnt/openstudio/analysis_fe821d2c-df1e-4105-9ee6-6c7fef1463ae
[16:37:52.543056 INFO] Simulation directory is /mnt/openstudio/analysis_fe821d2c-df1e-4105-9ee6-6c7fef1463ae/data_point_e6e545b3-faec-46bc-bf58-434a79794388
[16:37:52.543092 INFO] Run datapoint type/file is workflow
[16:37:52.543143 INFO] Starting initialize_worker for datapoint e6e545b3-faec-46bc-bf58-434a79794388
[16:37:52.543231 INFO] receipt_file already exists, moving on
[16:37:52.550592 INFO] Downloading datapoint from http://web:80/data_points/e6e545b3-faec-46bc-bf58-434a79794388.json
[16:37:52.564675 INFO] Creating Workflow Manager instance
[16:37:52.564748 INFO] Directory is /mnt/openstudio/analysis_fe821d2c-df1e-4105-9ee6-6c7fef1463ae/data_point_e6e545b3-faec-46bc-bf58-434a79794388
[16:37:52.564807 INFO] Opening run.log file '/mnt/openstudio/analysis_fe821d2c-df1e-4105-9ee6-6c7fef1463ae/data_point_e6e545b3-faec-46bc-bf58-434a79794388/run/run.log'
[16:37:52.622576 INFO] Running workflow
[16:41:05.234132 INFO] Final run state is finished
[16:41:05.261807 INFO] Saving files/reports back to the server
[16:41:05.262134 INFO] Saving report /mnt/openstudio/analysis_fe821d2c-df1e-4105-9ee6-6c7fef1463ae/data_point_e6e545b3-faec-46bc-bf58-434a79794388/reports/eplustbl.html to http://web:80/data_points/e6e545b3-faec-46bc-bf58-434a79794388/upload_file
[16:41:05.421110 INFO] Saving report responded with {"id":"59c9313fa2321800caed5c1b","data_point_id":"e6e545b3-faec-46bc-bf58-434a79794388","display_name":"eplustbl","type":"Report","created_at":"2017-09-25T16:39:27.266Z","updated_at":"2017-09-25T16:39:27.266Z"}
[16:41:05.421490 INFO] Saving report /mnt/openstudio/analysis_fe821d2c-df1e-4105-9ee6-6c7fef1463ae/data_point_e6e545b3-faec-46bc-bf58-434a79794388/run/objectives.json to http://web:80/data_points/e6e545b3-faec-46bc-bf58-434a79794388/upload_file
[16:41:05.467884 INFO] Saving report responded with {"id":"59c9313fa2321800caed5c1c","data_point_id":"e6e545b3-faec-46bc-bf58-434a79794388","display_name":"objectives","type":"Report","created_at":"2017-09-25T16:39:27.313Z","updated_at":"2017-09-25T16:39:27.313Z"}
[16:41:05.468193 INFO] Saving report /mnt/openstudio/analysis_fe821d2c-df1e-4105-9ee6-6c7fef1463ae/data_point_e6e545b3-faec-46bc-bf58-434a79794388/out.osw to http://web:80/data_points/e6e545b3-faec-46bc-bf58-434a79794388/upload_file
[16:41:05.644596 INFO] Saving report responded with {"id":"59c9313fa2321800caed5c1d","data_point_id":"e6e545b3-faec-46bc-bf58-434a79794388","display_name":"Final OSW File","type":"Report","created_at":"2017-09-25T16:39:27.490Z","updated_at":"2017-09-25T16:39:27.490Z"}
[16:41:05.644913 INFO] Saving report /mnt/openstudio/analysis_fe821d2c-df1e-4105-9ee6-6c7fef1463ae/data_point_e6e545b3-faec-46bc-bf58-434a79794388/in.osm to http://web:80/data_points/e6e545b3-faec-46bc-bf58-434a79794388/upload_file
[16:41:14.466270 INFO] Saving report responded with {"id":"59c93148a2321800caed5c37","data_point_id":"e6e545b3-faec-46bc-bf58-434a79794388","display_name":"model","type":"OpenStudio Model","created_at":"2017-09-25T16:39:36.232Z","updated_at":"2017-09-25T16:39:36.232Z"}
[16:41:14.467166 INFO] Saving report /mnt/openstudio/analysis_fe821d2c-df1e-4105-9ee6-6c7fef1463ae/data_point_e6e545b3-faec-46bc-bf58-434a79794388/run/data_point.zip to http://web:80/data_points/e6e545b3-faec-46bc-bf58-434a79794388/upload_file
[16:41:14.677211 INFO] Saving report responded with {"id":"59c93148a2321800caed5c38","data_point_id":"e6e545b3-faec-46bc-bf58-434a79794388","display_name":"Zip File","type":"Data Point","created_at":"2017-09-25T16:39:36.525Z","updated_at":"2017-09-25T16:39:36.525Z"}
[16:41:14.677841 INFO] Found data point finalization file datapoint_final.sh.
[16:41:14.678044 INFO] Preparing to run finalization script /mnt/openstudio/analysis_fe821d2c-df1e-4105-9ee6-6c7fef1463ae/scripts/worker_finalization/datapoint_final.sh
[16:41:14.710445 INFO] Looking for argument file /mnt/openstudio/analysis_fe821d2c-df1e-4105-9ee6-6c7fef1463ae/scripts/worker_finalization/datapoint_final.args
[16:41:14.710546 INFO] argument file exists /mnt/openstudio/analysis_fe821d2c-df1e-4105-9ee6-6c7fef1463ae/scripts/worker_finalization/datapoint_final.args
[16:41:14.811292 INFO] arguments are []
[16:41:14.881543 INFO] Script returned with exit code 0 of class Fixnum
[16:41:14.881999 INFO] Saving report /mnt/openstudio/analysis_fe821d2c-df1e-4105-9ee6-6c7fef1463ae/data_point_e6e545b3-faec-46bc-bf58-434a79794388/run/datapoint_final.log to http://web:80/data_points/e6e545b3-faec-46bc-bf58-434a79794388/upload_file
[16:41:14.915678 INFO] Saving report responded with {"id":"59c93148a2321800caed5c39","data_point_id":"e6e545b3-faec-46bc-bf58-434a79794388","display_name":"Finalization Script Log","type":"Report","created_at":"2017-09-25T16:39:36.762Z","updated_at":"2017-09-25T16:39:36.762Z"}
[16:41:14.933655 INFO] Finished /opt/openstudio/server/app/workers/run_simulate_data_point.rb
