# Logfile created on 2017-09-25 16:30:58 +0000 by logger.rb/47272
[16:30:58.737994 INFO] Server host is http://web:80
[16:30:58.738058 INFO] Analysis directory is /mnt/openstudio/analysis_fe821d2c-df1e-4105-9ee6-6c7fef1463ae
[16:30:58.738106 INFO] Simulation directory is /mnt/openstudio/analysis_fe821d2c-df1e-4105-9ee6-6c7fef1463ae/data_point_2e5b8c15-2425-4090-98ac-b3a94bbdf059
[16:30:58.738132 INFO] Run datapoint type/file is workflow
[16:30:58.738156 INFO] Starting initialize_worker for datapoint 2e5b8c15-2425-4090-98ac-b3a94bbdf059
[16:30:58.738284 INFO] Downloading analysis zip from http://web:80/analyses/fe821d2c-df1e-4105-9ee6-6c7fef1463ae/download_analysis_zip
[16:31:05.588719 INFO] Extracting analysis zip to /mnt/openstudio/analysis_fe821d2c-df1e-4105-9ee6-6c7fef1463ae
[16:31:09.166945 INFO] Downloading analysis.json from http://web:80/analyses/fe821d2c-df1e-4105-9ee6-6c7fef1463ae.json
[16:31:09.196204 INFO] Found data point initialization file datapoint_init.sh.
[16:31:09.196403 INFO] Preparing to run initialization script /mnt/openstudio/analysis_fe821d2c-df1e-4105-9ee6-6c7fef1463ae/scripts/worker_initialization/datapoint_init.sh
[16:31:09.196761 INFO] Looking for argument file /mnt/openstudio/analysis_fe821d2c-df1e-4105-9ee6-6c7fef1463ae/scripts/worker_initialization/datapoint_init.args
[16:31:09.196801 INFO] argument file exists /mnt/openstudio/analysis_fe821d2c-df1e-4105-9ee6-6c7fef1463ae/scripts/worker_initialization/datapoint_init.args
[16:31:09.196941 INFO] arguments are ["https://s3.amazonaws.com/epwweatherfiles/project_resstock_efs.zip"]
[16:31:18.512556 INFO] Script returned with exit code 0 of class Fixnum
[16:31:18.512716 INFO] Finished worker initialization
[16:31:18.535250 INFO] Downloading datapoint from http://web:80/data_points/2e5b8c15-2425-4090-98ac-b3a94bbdf059.json
[16:31:18.620082 INFO] Creating Workflow Manager instance
[16:31:18.620169 INFO] Directory is /mnt/openstudio/analysis_fe821d2c-df1e-4105-9ee6-6c7fef1463ae/data_point_2e5b8c15-2425-4090-98ac-b3a94bbdf059
[16:31:18.620244 INFO] Opening run.log file '/mnt/openstudio/analysis_fe821d2c-df1e-4105-9ee6-6c7fef1463ae/data_point_2e5b8c15-2425-4090-98ac-b3a94bbdf059/run/run.log'
[16:31:19.401837 INFO] Running workflow
[16:34:57.231773 INFO] Final run state is finished
[16:35:32.741599 ERROR] /opt/openstudio/server/app/workers/run_simulate_data_point.rb failed with No server is available matching preference: #<Mongo::ServerSelector::Primary:0x113138160 tag_sets=[] max_staleness=nil> using server_selection_timeout=30 and local_threshold=0.015, /usr/local/bundle/gems/mongo-2.4.3/lib/mongo/server_selector/selectable.rb:115:in `select_server'
/usr/local/bundle/gems/mongo-2.4.3/lib/mongo/cluster.rb:231:in `next_primary'
/usr/local/bundle/gems/mongo-2.4.3/lib/mongo/collection/view/writable.rb:235:in `block in update'
/usr/local/bundle/gems/mongo-2.4.3/lib/mongo/retryable.rb:104:in `write_with_retry'
/usr/local/bundle/gems/mongo-2.4.3/lib/mongo/collection/view/writable.rb:234:in `update'
/usr/local/bundle/gems/mongo-2.4.3/lib/mongo/collection/view/writable.rb:209:in `update_one'
/usr/local/bundle/gems/mongoid-5.1.6/lib/mongoid/query_cache.rb:182:in `update_one_with_clear_cache'
/usr/local/bundle/gems/mongoid-5.1.6/lib/mongoid/persistable/updatable.rb:144:in `block in update_document'
/usr/local/bundle/gems/mongoid-5.1.6/lib/mongoid/persistable/updatable.rb:118:in `block (2 levels) in prepare_update'
/usr/local/bundle/gems/activesupport-4.2.0/lib/active_support/callbacks.rb:117:in `call'
/usr/local/bundle/gems/activesupport-4.2.0/lib/active_support/callbacks.rb:117:in `call'
/usr/local/bundle/gems/activesupport-4.2.0/lib/active_support/callbacks.rb:169:in `block in halting'
/usr/local/bundle/gems/activesupport-4.2.0/lib/active_support/callbacks.rb:92:in `call'
/usr/local/bundle/gems/activesupport-4.2.0/lib/active_support/callbacks.rb:92:in `_run_callbacks'
/usr/local/bundle/gems/activesupport-4.2.0/lib/active_support/callbacks.rb:734:in `_run_update_callbacks'
/usr/local/bundle/gems/activesupport-4.2.0/lib/active_support/callbacks.rb:81:in `run_callbacks'
/usr/local/bundle/gems/mongoid-5.1.6/lib/mongoid/interceptable.rb:138:in `run_callbacks'
/usr/local/bundle/gems/mongoid-5.1.6/lib/mongoid/persistable/updatable.rb:117:in `block in prepare_update'
/usr/local/bundle/gems/activesupport-4.2.0/lib/active_support/callbacks.rb:88:in `call'
/usr/local/bundle/gems/activesupport-4.2.0/lib/active_support/callbacks.rb:88:in `_run_callbacks'
/usr/local/bundle/gems/activesupport-4.2.0/lib/active_support/callbacks.rb:734:in `_run_save_callbacks'
/usr/local/bundle/gems/activesupport-4.2.0/lib/active_support/callbacks.rb:81:in `run_callbacks'
/usr/local/bundle/gems/mongoid-5.1.6/lib/mongoid/interceptable.rb:138:in `run_callbacks'
/usr/local/bundle/gems/mongoid-5.1.6/lib/mongoid/persistable/updatable.rb:116:in `prepare_update'
/usr/local/bundle/gems/mongoid-5.1.6/lib/mongoid/persistable/updatable.rb:139:in `update_document'
/usr/local/bundle/gems/mongoid-5.1.6/lib/mongoid/persistable/savable.rb:25:in `save'
/usr/local/bundle/gems/mongoid-5.1.6/lib/mongoid/persistable/updatable.rb:52:in `update'
/opt/openstudio/server/app/workers/run_simulate_data_point.rb:208:in `perform'
/usr/local/bundle/gems/delayed_job-4.1.3/lib/delayed/performable_method.rb:26:in `perform'
/usr/local/bundle/gems/delayed_job-4.1.3/lib/delayed/backend/base.rb:81:in `block in invoke_job'
/usr/local/bundle/gems/delayed_job-4.1.3/lib/delayed/lifecycle.rb:61:in `call'
/usr/local/bundle/gems/delayed_job-4.1.3/lib/delayed/lifecycle.rb:61:in `block in initialize'
/usr/local/bundle/gems/delayed_job-4.1.3/lib/delayed/lifecycle.rb:66:in `call'
/usr/local/bundle/gems/delayed_job-4.1.3/lib/delayed/lifecycle.rb:66:in `execute'
/usr/local/bundle/gems/delayed_job-4.1.3/lib/delayed/lifecycle.rb:40:in `run_callbacks'
/usr/local/bundle/gems/delayed_job-4.1.3/lib/delayed/backend/base.rb:78:in `invoke_job'
/usr/local/bundle/gems/delayed_job-4.1.3/lib/delayed/worker.rb:230:in `block (2 levels) in run'
/usr/local/lib/ruby/2.2.0/timeout.rb:88:in `block in timeout'
/usr/local/lib/ruby/2.2.0/timeout.rb:98:in `call'
/usr/local/lib/ruby/2.2.0/timeout.rb:98:in `timeout'
/usr/local/bundle/gems/delayed_job-4.1.3/lib/delayed/worker.rb:230:in `block in run'
/usr/local/lib/ruby/2.2.0/benchmark.rb:303:in `realtime'
/usr/local/bundle/gems/delayed_job-4.1.3/lib/delayed/worker.rb:229:in `run'
/usr/local/bundle/gems/delayed_job-4.1.3/lib/delayed/worker.rb:312:in `block in reserve_and_run_one_job'
/usr/local/bundle/gems/delayed_job-4.1.3/lib/delayed/lifecycle.rb:61:in `call'
/usr/local/bundle/gems/delayed_job-4.1.3/lib/delayed/lifecycle.rb:61:in `block in initialize'
/usr/local/bundle/gems/delayed_job-4.1.3/lib/delayed/lifecycle.rb:66:in `call'
/usr/local/bundle/gems/delayed_job-4.1.3/lib/delayed/lifecycle.rb:66:in `execute'
/usr/local/bundle/gems/delayed_job-4.1.3/lib/delayed/lifecycle.rb:40:in `run_callbacks'
/usr/local/bundle/gems/delayed_job-4.1.3/lib/delayed/worker.rb:312:in `reserve_and_run_one_job'
/usr/local/bundle/gems/delayed_job-4.1.3/lib/delayed/worker.rb:213:in `block in work_off'
/usr/local/bundle/gems/delayed_job-4.1.3/lib/delayed/worker.rb:212:in `times'
/usr/local/bundle/gems/delayed_job-4.1.3/lib/delayed/worker.rb:212:in `work_off'
/usr/local/bundle/gems/delayed_job-4.1.3/lib/delayed/worker.rb:175:in `block (4 levels) in start'
/usr/local/lib/ruby/2.2.0/benchmark.rb:303:in `realtime'
/usr/local/bundle/gems/delayed_job-4.1.3/lib/delayed/worker.rb:174:in `block (3 levels) in start'
/usr/local/bundle/gems/delayed_job-4.1.3/lib/delayed/lifecycle.rb:61:in `call'
/usr/local/bundle/gems/delayed_job-4.1.3/lib/delayed/lifecycle.rb:61:in `block in initialize'
/usr/local/bundle/gems/delayed_job-4.1.3/lib/delayed/lifecycle.rb:66:in `call'
/usr/local/bundle/gems/delayed_job-4.1.3/lib/delayed/lifecycle.rb:66:in `execute'
/usr/local/bundle/gems/delayed_job-4.1.3/lib/delayed/lifecycle.rb:40:in `run_callbacks'
/usr/local/bundle/gems/delayed_job-4.1.3/lib/delayed/worker.rb:173:in `block (2 levels) in start'
/usr/local/bundle/gems/delayed_job-4.1.3/lib/delayed/worker.rb:172:in `loop'
/usr/local/bundle/gems/delayed_job-4.1.3/lib/delayed/worker.rb:172:in `block in start'
/usr/local/bundle/gems/delayed_job-4.1.3/lib/delayed/plugins/clear_locks.rb:7:in `call'
/usr/local/bundle/gems/delayed_job-4.1.3/lib/delayed/plugins/clear_locks.rb:7:in `block (2 levels) in <class:ClearLocks>'
/usr/local/bundle/gems/delayed_job-4.1.3/lib/delayed/lifecycle.rb:79:in `call'
/usr/local/bundle/gems/delayed_job-4.1.3/lib/delayed/lifecycle.rb:79:in `block (2 levels) in add'
/usr/local/bundle/gems/delayed_job-4.1.3/lib/delayed/lifecycle.rb:61:in `call'
/usr/local/bundle/gems/delayed_job-4.1.3/lib/delayed/lifecycle.rb:61:in `block in initialize'
/usr/local/bundle/gems/delayed_job-4.1.3/lib/delayed/lifecycle.rb:79:in `call'
/usr/local/bundle/gems/delayed_job-4.1.3/lib/delayed/lifecycle.rb:79:in `block in add'
/usr/local/bundle/gems/delayed_job-4.1.3/lib/delayed/lifecycle.rb:66:in `call'
/usr/local/bundle/gems/delayed_job-4.1.3/lib/delayed/lifecycle.rb:66:in `execute'
/usr/local/bundle/gems/delayed_job-4.1.3/lib/delayed/lifecycle.rb:40:in `run_callbacks'
/usr/local/bundle/gems/delayed_job-4.1.3/lib/delayed/worker.rb:171:in `start'
/usr/local/bundle/gems/delayed_job-4.1.3/lib/delayed/command.rb:137:in `run'
/usr/local/bundle/gems/delayed_job-4.1.3/lib/delayed/command.rb:125:in `block in run_process'
/usr/local/bundle/gems/daemons-1.2.4/lib/daemons/application.rb:266:in `call'
/usr/local/bundle/gems/daemons-1.2.4/lib/daemons/application.rb:266:in `block in start_proc'
/usr/local/bundle/gems/daemons-1.2.4/lib/daemons/application.rb:275:in `call'
/usr/local/bundle/gems/daemons-1.2.4/lib/daemons/application.rb:275:in `start_proc'
/usr/local/bundle/gems/daemons-1.2.4/lib/daemons/application.rb:296:in `start'
/usr/local/bundle/gems/daemons-1.2.4/lib/daemons/controller.rb:59:in `run'
/usr/local/bundle/gems/daemons-1.2.4/lib/daemons.rb:197:in `block in run_proc'
/usr/local/bundle/gems/daemons-1.2.4/lib/daemons/cmdline.rb:92:in `call'
/usr/local/bundle/gems/daemons-1.2.4/lib/daemons/cmdline.rb:92:in `catch_exceptions'
/usr/local/bundle/gems/daemons-1.2.4/lib/daemons.rb:196:in `run_proc'
/usr/local/bundle/gems/delayed_job-4.1.3/lib/delayed/command.rb:123:in `run_process'
/usr/local/bundle/gems/delayed_job-4.1.3/lib/delayed/command.rb:98:in `daemonize'
/opt/openstudio/server/bin/delayed_job:6:in `<main>'
[16:35:42.297631 INFO] Finished /opt/openstudio/server/app/workers/run_simulate_data_point.rb
