# Logfile created on 2017-09-25 16:37:53 +0000 by logger.rb/47272
[16:37:53.492799 INFO] Server host is http://web:80
[16:37:53.492900 INFO] Analysis directory is /mnt/openstudio/analysis_fe821d2c-df1e-4105-9ee6-6c7fef1463ae
[16:37:53.492993 INFO] Simulation directory is /mnt/openstudio/analysis_fe821d2c-df1e-4105-9ee6-6c7fef1463ae/data_point_d79e104e-aa5c-4e6e-a4db-d8cabb018dc1
[16:37:53.493029 INFO] Run datapoint type/file is workflow
[16:37:53.493064 INFO] Starting initialize_worker for datapoint d79e104e-aa5c-4e6e-a4db-d8cabb018dc1
[16:37:53.493235 INFO] Downloading analysis zip from http://web:80/analyses/fe821d2c-df1e-4105-9ee6-6c7fef1463ae/download_analysis_zip
[16:38:16.671643 INFO] Extracting analysis zip to /mnt/openstudio/analysis_fe821d2c-df1e-4105-9ee6-6c7fef1463ae
[16:38:19.668549 INFO] Downloading analysis.json from http://web:80/analyses/fe821d2c-df1e-4105-9ee6-6c7fef1463ae.json
[16:39:19.741373 INFO] Found data point initialization file datapoint_init.sh.
[16:39:19.742048 INFO] Preparing to run initialization script /mnt/openstudio/analysis_fe821d2c-df1e-4105-9ee6-6c7fef1463ae/scripts/worker_initialization/datapoint_init.sh
[16:39:19.742423 INFO] Looking for argument file /mnt/openstudio/analysis_fe821d2c-df1e-4105-9ee6-6c7fef1463ae/scripts/worker_initialization/datapoint_init.args
[16:39:19.742494 INFO] argument file exists /mnt/openstudio/analysis_fe821d2c-df1e-4105-9ee6-6c7fef1463ae/scripts/worker_initialization/datapoint_init.args
[16:39:19.742712 INFO] arguments are ["https://s3.amazonaws.com/epwweatherfiles/project_resstock_efs.zip"]
[16:39:25.859779 INFO] Script returned with exit code 0 of class Fixnum
[16:39:25.859892 INFO] Finished worker initialization
[16:39:44.124784 INFO] Downloading datapoint from http://web:80/data_points/d79e104e-aa5c-4e6e-a4db-d8cabb018dc1.json
[16:39:45.938492 INFO] Creating Workflow Manager instance
[16:39:45.938605 INFO] Directory is /mnt/openstudio/analysis_fe821d2c-df1e-4105-9ee6-6c7fef1463ae/data_point_d79e104e-aa5c-4e6e-a4db-d8cabb018dc1
[16:39:45.938688 INFO] Opening run.log file '/mnt/openstudio/analysis_fe821d2c-df1e-4105-9ee6-6c7fef1463ae/data_point_d79e104e-aa5c-4e6e-a4db-d8cabb018dc1/run/run.log'
[16:39:45.996581 INFO] Running workflow
[16:46:18.000395 INFO] Final run state is finished
[16:46:18.031696 INFO] Saving files/reports back to the server
[16:46:18.032017 INFO] Saving report /mnt/openstudio/analysis_fe821d2c-df1e-4105-9ee6-6c7fef1463ae/data_point_d79e104e-aa5c-4e6e-a4db-d8cabb018dc1/reports/eplustbl.html to http://web:80/data_points/d79e104e-aa5c-4e6e-a4db-d8cabb018dc1/upload_file
[16:46:18.084044 INFO] Saving report responded with {"id":"59c93277a2321800caed5dd2","data_point_id":"d79e104e-aa5c-4e6e-a4db-d8cabb018dc1","display_name":"eplustbl","type":"Report","created_at":"2017-09-25T16:44:39.935Z","updated_at":"2017-09-25T16:44:39.935Z"}
[16:46:18.084313 INFO] Saving report /mnt/openstudio/analysis_fe821d2c-df1e-4105-9ee6-6c7fef1463ae/data_point_d79e104e-aa5c-4e6e-a4db-d8cabb018dc1/run/objectives.json to http://web:80/data_points/d79e104e-aa5c-4e6e-a4db-d8cabb018dc1/upload_file
[16:46:18.111633 INFO] Saving report responded with {"id":"59c93277a2321800caed5dd3","data_point_id":"d79e104e-aa5c-4e6e-a4db-d8cabb018dc1","display_name":"objectives","type":"Report","created_at":"2017-09-25T16:44:39.961Z","updated_at":"2017-09-25T16:44:39.961Z"}
[16:46:18.111878 INFO] Saving report /mnt/openstudio/analysis_fe821d2c-df1e-4105-9ee6-6c7fef1463ae/data_point_d79e104e-aa5c-4e6e-a4db-d8cabb018dc1/out.osw to http://web:80/data_points/d79e104e-aa5c-4e6e-a4db-d8cabb018dc1/upload_file
[16:46:18.141095 INFO] Saving report responded with {"id":"59c93277a2321800caed5dd4","data_point_id":"d79e104e-aa5c-4e6e-a4db-d8cabb018dc1","display_name":"Final OSW File","type":"Report","created_at":"2017-09-25T16:44:39.994Z","updated_at":"2017-09-25T16:44:39.994Z"}
[16:46:18.141350 INFO] Saving report /mnt/openstudio/analysis_fe821d2c-df1e-4105-9ee6-6c7fef1463ae/data_point_d79e104e-aa5c-4e6e-a4db-d8cabb018dc1/in.osm to http://web:80/data_points/d79e104e-aa5c-4e6e-a4db-d8cabb018dc1/upload_file
[16:46:19.152127 INFO] Saving report responded with {"id":"59c93278a2321800caed5dd5","data_point_id":"d79e104e-aa5c-4e6e-a4db-d8cabb018dc1","display_name":"model","type":"OpenStudio Model","created_at":"2017-09-25T16:44:40.620Z","updated_at":"2017-09-25T16:44:40.620Z"}
[16:46:19.152392 INFO] Saving report /mnt/openstudio/analysis_fe821d2c-df1e-4105-9ee6-6c7fef1463ae/data_point_d79e104e-aa5c-4e6e-a4db-d8cabb018dc1/run/data_point.zip to http://web:80/data_points/d79e104e-aa5c-4e6e-a4db-d8cabb018dc1/upload_file
[16:46:19.308325 INFO] Saving report responded with {"id":"59c93279a2321800caed5dd6","data_point_id":"d79e104e-aa5c-4e6e-a4db-d8cabb018dc1","display_name":"Zip File","type":"Data Point","created_at":"2017-09-25T16:44:41.140Z","updated_at":"2017-09-25T16:44:41.140Z"}
[16:46:19.308707 INFO] Found data point finalization file datapoint_final.sh.
[16:46:19.308842 INFO] Preparing to run finalization script /mnt/openstudio/analysis_fe821d2c-df1e-4105-9ee6-6c7fef1463ae/scripts/worker_finalization/datapoint_final.sh
[16:46:19.332376 INFO] Looking for argument file /mnt/openstudio/analysis_fe821d2c-df1e-4105-9ee6-6c7fef1463ae/scripts/worker_finalization/datapoint_final.args
[16:46:19.332460 INFO] argument file exists /mnt/openstudio/analysis_fe821d2c-df1e-4105-9ee6-6c7fef1463ae/scripts/worker_finalization/datapoint_final.args
[16:46:19.343718 INFO] arguments are []
[16:46:19.401672 INFO] Script returned with exit code 0 of class Fixnum
[16:46:19.402022 INFO] Saving report /mnt/openstudio/analysis_fe821d2c-df1e-4105-9ee6-6c7fef1463ae/data_point_d79e104e-aa5c-4e6e-a4db-d8cabb018dc1/run/datapoint_final.log to http://web:80/data_points/d79e104e-aa5c-4e6e-a4db-d8cabb018dc1/upload_file
[16:46:19.474258 INFO] Saving report responded with {"id":"59c93279a2321800dced5464","data_point_id":"d79e104e-aa5c-4e6e-a4db-d8cabb018dc1","display_name":"Finalization Script Log","type":"Report","created_at":"2017-09-25T16:44:41.323Z","updated_at":"2017-09-25T16:44:41.323Z"}
[16:46:19.483567 INFO] Finished /opt/openstudio/server/app/workers/run_simulate_data_point.rb
