Cleaning up data_point directory.
Original files:
total 21672
-rw-rw-rw- 1 root root    66975 Sep 25 16:39 analysis.json
-rw-rw-rw- 1 root root     5490 Sep 25 16:46 d79e104e-aa5c-4e6e-a4db-d8cabb018dc1.log
-rw-rw-rw- 1 root root     1030 Sep 25 16:39 data_point.json
-rw-rw-rw- 1 root root     2841 Sep 25 16:39 data_point.osw
-rw-rw-rw- 1 root root  4597975 Sep 25 16:43 in.idf
-rw-rw-rw- 1 root root 17341058 Sep 25 16:42 in.osm
-rw-rw-rw- 1 root root   153367 Sep 25 16:46 out.osw
drwxrwxrwx 2 root root     4096 Sep 25 16:46 reports
drwxrwxrwx 2 root root     4096 Sep 25 16:46 run
total 7480
-rw-rw-r-- 1 root root  617879 Sep 25 16:46 data_point.zip
-rw-rw-rw- 1 root root    8417 Sep 25 16:46 data_point_out.json
-rw-r--r-- 1 root root     587 Sep 25 16:46 datapoint_final.log
-rw-r--r-- 1 root root   22165 Sep 25 16:39 datapoint_init.log
-rw-rw-rw- 1 root root  778955 Sep 25 16:46 enduse_timeseries.csv
-rw-rw-rw- 1 root root      99 Sep 25 16:44 eplusout.end
-rw-rw-rw- 1 root root   35019 Sep 25 16:44 eplusout.err
-rw-rw-rw- 1 root root   58543 Sep 25 16:44 eplusout.mtd
-rw-rw-rw- 1 root root   53673 Sep 25 16:44 eplusout.rdd
-rw-rw-rw- 1 root root  507119 Sep 25 16:44 eplustbl.htm
-rw-rw-rw- 1 root root      43 Sep 25 16:46 finished.job
-rw-rw-rw- 1 root root 4597975 Sep 25 16:42 in.idf
-rw-rw-rw- 1 root root    8417 Sep 25 16:46 measure_attributes.json
-rw-rw-rw- 1 root root   26835 Sep 25 16:39 measures.osw
-rw-rw-rw- 1 root root       3 Sep 25 16:46 objectives.json
-rw-rw-rw- 1 root root    8417 Sep 25 16:46 results.json
-rw-rw-rw- 1 root root  870281 Sep 25 16:46 run.log
-rw-rw-rw- 1 root root      49 Sep 25 16:43 sqlite.err
-rw-rw-rw- 1 root root      42 Sep 25 16:39 started.job
-rw-rw-rw- 1 root root    2351 Sep 25 16:44 stdout-energyplus
-rw-rw-rw- 1 root root      91 Sep 25 16:43 stdout-expandobject
500K	data_point_d79e104e-aa5c-4e6e-a4db-d8cabb018dc1/reports
7.4M	data_point_d79e104e-aa5c-4e6e-a4db-d8cabb018dc1/run
29M	data_point_d79e104e-aa5c-4e6e-a4db-d8cabb018dc1
Final files:
total 244
-rw-rw-rw- 1 root root  66975 Sep 25 16:39 analysis.json
-rw-rw-rw- 1 root root   5490 Sep 25 16:46 d79e104e-aa5c-4e6e-a4db-d8cabb018dc1.log
-rw-rw-rw- 1 root root   1030 Sep 25 16:39 data_point.json
-rw-rw-rw- 1 root root   2841 Sep 25 16:39 data_point.osw
-rw-rw-rw- 1 root root 153367 Sep 25 16:46 out.osw
drwxrwxrwx 2 root root   4096 Sep 25 16:46 reports
drwxrwxrwx 2 root root   4096 Sep 25 16:46 run
total 1396
-rw-rw-r-- 1 root root 617879 Sep 25 16:46 data_point.zip
-rw-r--r-- 1 root root   2438 Sep 25 16:46 datapoint_final.log
-rw-r--r-- 1 root root  22165 Sep 25 16:39 datapoint_init.log
-rw-rw-rw- 1 root root 778955 Sep 25 16:46 enduse_timeseries.csv
500K	data_point_d79e104e-aa5c-4e6e-a4db-d8cabb018dc1/reports
1.4M	data_point_d79e104e-aa5c-4e6e-a4db-d8cabb018dc1/run
2.1M	data_point_d79e104e-aa5c-4e6e-a4db-d8cabb018dc1
