# Logfile created on 2017-09-25 16:37:53 +0000 by logger.rb/47272
[16:37:53.351781 INFO] Server host is http://web:80
[16:37:53.351884 INFO] Analysis directory is /mnt/openstudio/analysis_fe821d2c-df1e-4105-9ee6-6c7fef1463ae
[16:37:53.351955 INFO] Simulation directory is /mnt/openstudio/analysis_fe821d2c-df1e-4105-9ee6-6c7fef1463ae/data_point_3960e5b6-a70d-48eb-84c8-5b7eaec099c4
[16:37:53.351995 INFO] Run datapoint type/file is workflow
[16:37:53.352040 INFO] Starting initialize_worker for datapoint 3960e5b6-a70d-48eb-84c8-5b7eaec099c4
[16:37:53.352234 INFO] Downloading analysis zip from http://web:80/analyses/fe821d2c-df1e-4105-9ee6-6c7fef1463ae/download_analysis_zip
[16:38:58.258434 INFO] Extracting analysis zip to /mnt/openstudio/analysis_fe821d2c-df1e-4105-9ee6-6c7fef1463ae
[16:39:01.569089 INFO] Downloading analysis.json from http://web:80/analyses/fe821d2c-df1e-4105-9ee6-6c7fef1463ae.json
[16:39:24.999097 INFO] Found data point initialization file datapoint_init.sh.
[16:39:24.999289 INFO] Preparing to run initialization script /mnt/openstudio/analysis_fe821d2c-df1e-4105-9ee6-6c7fef1463ae/scripts/worker_initialization/datapoint_init.sh
[16:39:24.999595 INFO] Looking for argument file /mnt/openstudio/analysis_fe821d2c-df1e-4105-9ee6-6c7fef1463ae/scripts/worker_initialization/datapoint_init.args
[16:39:24.999660 INFO] argument file exists /mnt/openstudio/analysis_fe821d2c-df1e-4105-9ee6-6c7fef1463ae/scripts/worker_initialization/datapoint_init.args
[16:39:24.999861 INFO] arguments are ["https://s3.amazonaws.com/epwweatherfiles/project_resstock_efs.zip"]
[16:39:42.746315 INFO] Script returned with exit code 0 of class Fixnum
[16:39:42.746472 INFO] Finished worker initialization
[16:39:45.925139 INFO] Downloading datapoint from http://web:80/data_points/3960e5b6-a70d-48eb-84c8-5b7eaec099c4.json
[16:39:45.984919 INFO] Creating Workflow Manager instance
[16:39:45.985034 INFO] Directory is /mnt/openstudio/analysis_fe821d2c-df1e-4105-9ee6-6c7fef1463ae/data_point_3960e5b6-a70d-48eb-84c8-5b7eaec099c4
[16:39:45.985117 INFO] Opening run.log file '/mnt/openstudio/analysis_fe821d2c-df1e-4105-9ee6-6c7fef1463ae/data_point_3960e5b6-a70d-48eb-84c8-5b7eaec099c4/run/run.log'
[16:39:46.507754 INFO] Running workflow
[16:46:51.642815 INFO] Final run state is finished
[16:46:51.672517 INFO] Saving files/reports back to the server
[16:46:51.672835 INFO] Saving report /mnt/openstudio/analysis_fe821d2c-df1e-4105-9ee6-6c7fef1463ae/data_point_3960e5b6-a70d-48eb-84c8-5b7eaec099c4/reports/eplustbl.html to http://web:80/data_points/3960e5b6-a70d-48eb-84c8-5b7eaec099c4/upload_file
[16:46:51.743272 INFO] Saving report responded with {"id":"59c93299a2321800d2ed585a","data_point_id":"3960e5b6-a70d-48eb-84c8-5b7eaec099c4","display_name":"eplustbl","type":"Report","created_at":"2017-09-25T16:45:13.593Z","updated_at":"2017-09-25T16:45:13.593Z"}
[16:46:51.743584 INFO] Saving report /mnt/openstudio/analysis_fe821d2c-df1e-4105-9ee6-6c7fef1463ae/data_point_3960e5b6-a70d-48eb-84c8-5b7eaec099c4/run/objectives.json to http://web:80/data_points/3960e5b6-a70d-48eb-84c8-5b7eaec099c4/upload_file
[16:46:51.772336 INFO] Saving report responded with {"id":"59c93299a2321800d2ed585b","data_point_id":"3960e5b6-a70d-48eb-84c8-5b7eaec099c4","display_name":"objectives","type":"Report","created_at":"2017-09-25T16:45:13.623Z","updated_at":"2017-09-25T16:45:13.623Z"}
[16:46:51.772564 INFO] Saving report /mnt/openstudio/analysis_fe821d2c-df1e-4105-9ee6-6c7fef1463ae/data_point_3960e5b6-a70d-48eb-84c8-5b7eaec099c4/out.osw to http://web:80/data_points/3960e5b6-a70d-48eb-84c8-5b7eaec099c4/upload_file
[16:46:51.819630 INFO] Saving report responded with {"id":"59c93299a2321800d2ed585c","data_point_id":"3960e5b6-a70d-48eb-84c8-5b7eaec099c4","display_name":"Final OSW File","type":"Report","created_at":"2017-09-25T16:45:13.667Z","updated_at":"2017-09-25T16:45:13.667Z"}
[16:46:51.819898 INFO] Saving report /mnt/openstudio/analysis_fe821d2c-df1e-4105-9ee6-6c7fef1463ae/data_point_3960e5b6-a70d-48eb-84c8-5b7eaec099c4/in.osm to http://web:80/data_points/3960e5b6-a70d-48eb-84c8-5b7eaec099c4/upload_file
[16:46:53.595735 INFO] Saving report responded with {"id":"59c9329aa2321800d2ed585d","data_point_id":"3960e5b6-a70d-48eb-84c8-5b7eaec099c4","display_name":"model","type":"OpenStudio Model","created_at":"2017-09-25T16:45:14.929Z","updated_at":"2017-09-25T16:45:14.929Z"}
[16:46:53.596062 INFO] Saving report /mnt/openstudio/analysis_fe821d2c-df1e-4105-9ee6-6c7fef1463ae/data_point_3960e5b6-a70d-48eb-84c8-5b7eaec099c4/run/data_point.zip to http://web:80/data_points/3960e5b6-a70d-48eb-84c8-5b7eaec099c4/upload_file
[16:46:53.738228 INFO] Saving report responded with {"id":"59c9329ba2321800d2ed585e","data_point_id":"3960e5b6-a70d-48eb-84c8-5b7eaec099c4","display_name":"Zip File","type":"Data Point","created_at":"2017-09-25T16:45:15.497Z","updated_at":"2017-09-25T16:45:15.497Z"}
[16:46:53.738654 INFO] Found data point finalization file datapoint_final.sh.
[16:46:53.738775 INFO] Preparing to run finalization script /mnt/openstudio/analysis_fe821d2c-df1e-4105-9ee6-6c7fef1463ae/scripts/worker_finalization/datapoint_final.sh
[16:46:53.744568 INFO] Looking for argument file /mnt/openstudio/analysis_fe821d2c-df1e-4105-9ee6-6c7fef1463ae/scripts/worker_finalization/datapoint_final.args
[16:46:53.744659 INFO] argument file exists /mnt/openstudio/analysis_fe821d2c-df1e-4105-9ee6-6c7fef1463ae/scripts/worker_finalization/datapoint_final.args
[16:46:53.745289 INFO] arguments are []
[16:46:53.796751 INFO] Script returned with exit code 0 of class Fixnum
[16:46:53.797000 INFO] Saving report /mnt/openstudio/analysis_fe821d2c-df1e-4105-9ee6-6c7fef1463ae/data_point_3960e5b6-a70d-48eb-84c8-5b7eaec099c4/run/datapoint_final.log to http://web:80/data_points/3960e5b6-a70d-48eb-84c8-5b7eaec099c4/upload_file
[16:46:54.069179 INFO] Saving report responded with {"id":"59c9329ba2321800d2ed585f","data_point_id":"3960e5b6-a70d-48eb-84c8-5b7eaec099c4","display_name":"Finalization Script Log","type":"Report","created_at":"2017-09-25T16:45:15.674Z","updated_at":"2017-09-25T16:45:15.674Z"}
[16:46:54.082334 INFO] Finished /opt/openstudio/server/app/workers/run_simulate_data_point.rb
