Cleaning up data_point directory.
Original files:
total 21668
-rw-rw-rw- 1 root root     5490 Sep 25 16:46 3960e5b6-a70d-48eb-84c8-5b7eaec099c4.log
-rw-rw-rw- 1 root root    66975 Sep 25 16:39 analysis.json
-rw-rw-rw- 1 root root     1030 Sep 25 16:39 data_point.json
-rw-rw-rw- 1 root root     2841 Sep 25 16:39 data_point.osw
-rw-rw-rw- 1 root root  4598155 Sep 25 16:44 in.idf
-rw-rw-rw- 1 root root 17335901 Sep 25 16:43 in.osm
-rw-rw-rw- 1 root root   152475 Sep 25 16:46 out.osw
drwxrwxrwx 2 root root     4096 Sep 25 16:46 reports
drwxrwxrwx 2 root root     4096 Sep 25 16:46 run
total 7544
-rw-rw-r-- 1 root root  644652 Sep 25 16:46 data_point.zip
-rw-rw-rw- 1 root root    8482 Sep 25 16:46 data_point_out.json
-rw-r--r-- 1 root root     587 Sep 25 16:46 datapoint_final.log
-rw-r--r-- 1 root root   22639 Sep 25 16:39 datapoint_init.log
-rw-rw-rw- 1 root root  875973 Sep 25 16:46 enduse_timeseries.csv
-rw-rw-rw- 1 root root     102 Sep 25 16:45 eplusout.end
-rw-rw-rw- 1 root root   33691 Sep 25 16:45 eplusout.err
-rw-rw-rw- 1 root root   60535 Sep 25 16:45 eplusout.mtd
-rw-rw-rw- 1 root root   54652 Sep 25 16:44 eplusout.rdd
-rw-rw-rw- 1 root root  448126 Sep 25 16:45 eplustbl.htm
-rw-rw-rw- 1 root root      43 Sep 25 16:46 finished.job
-rw-rw-rw- 1 root root 4598155 Sep 25 16:43 in.idf
-rw-rw-rw- 1 root root    8482 Sep 25 16:46 measure_attributes.json
-rw-rw-rw- 1 root root   27495 Sep 25 16:39 measures.osw
-rw-rw-rw- 1 root root       3 Sep 25 16:46 objectives.json
-rw-rw-rw- 1 root root    8482 Sep 25 16:46 results.json
-rw-rw-rw- 1 root root  870725 Sep 25 16:46 run.log
-rw-rw-rw- 1 root root      49 Sep 25 16:44 sqlite.err
-rw-rw-rw- 1 root root      42 Sep 25 16:39 started.job
-rw-rw-rw- 1 root root    2336 Sep 25 16:45 stdout-energyplus
-rw-rw-rw- 1 root root      91 Sep 25 16:44 stdout-expandobject
444K	data_point_3960e5b6-a70d-48eb-84c8-5b7eaec099c4/reports
7.4M	data_point_3960e5b6-a70d-48eb-84c8-5b7eaec099c4/run
29M	data_point_3960e5b6-a70d-48eb-84c8-5b7eaec099c4
Final files:
total 244
-rw-rw-rw- 1 root root   5490 Sep 25 16:46 3960e5b6-a70d-48eb-84c8-5b7eaec099c4.log
-rw-rw-rw- 1 root root  66975 Sep 25 16:39 analysis.json
-rw-rw-rw- 1 root root   1030 Sep 25 16:39 data_point.json
-rw-rw-rw- 1 root root   2841 Sep 25 16:39 data_point.osw
-rw-rw-rw- 1 root root 152475 Sep 25 16:46 out.osw
drwxrwxrwx 2 root root   4096 Sep 25 16:46 reports
drwxrwxrwx 2 root root   4096 Sep 25 16:46 run
total 1516
-rw-rw-r-- 1 root root 644652 Sep 25 16:46 data_point.zip
-rw-r--r-- 1 root root   2438 Sep 25 16:46 datapoint_final.log
-rw-r--r-- 1 root root  22639 Sep 25 16:39 datapoint_init.log
-rw-rw-rw- 1 root root 875973 Sep 25 16:46 enduse_timeseries.csv
444K	data_point_3960e5b6-a70d-48eb-84c8-5b7eaec099c4/reports
1.5M	data_point_3960e5b6-a70d-48eb-84c8-5b7eaec099c4/run
2.2M	data_point_3960e5b6-a70d-48eb-84c8-5b7eaec099c4
