# Logfile created on 2017-09-25 16:37:55 +0000 by logger.rb/47272
[16:37:55.796807 INFO] Server host is http://web:80
[16:37:55.796902 INFO] Analysis directory is /mnt/openstudio/analysis_fe821d2c-df1e-4105-9ee6-6c7fef1463ae
[16:37:55.796979 INFO] Simulation directory is /mnt/openstudio/analysis_fe821d2c-df1e-4105-9ee6-6c7fef1463ae/data_point_5128bc5d-2b40-4e5d-8ea2-8045a0c3294b
[16:37:55.797020 INFO] Run datapoint type/file is workflow
[16:37:55.797058 INFO] Starting initialize_worker for datapoint 5128bc5d-2b40-4e5d-8ea2-8045a0c3294b
[16:37:55.797246 INFO] Downloading analysis zip from http://web:80/analyses/fe821d2c-df1e-4105-9ee6-6c7fef1463ae/download_analysis_zip
[16:39:00.542586 INFO] Extracting analysis zip to /mnt/openstudio/analysis_fe821d2c-df1e-4105-9ee6-6c7fef1463ae
[16:39:03.904756 INFO] Downloading analysis.json from http://web:80/analyses/fe821d2c-df1e-4105-9ee6-6c7fef1463ae.json
[16:39:28.837393 INFO] Found data point initialization file datapoint_init.sh.
[16:39:28.837919 INFO] Preparing to run initialization script /mnt/openstudio/analysis_fe821d2c-df1e-4105-9ee6-6c7fef1463ae/scripts/worker_initialization/datapoint_init.sh
[16:39:28.838229 INFO] Looking for argument file /mnt/openstudio/analysis_fe821d2c-df1e-4105-9ee6-6c7fef1463ae/scripts/worker_initialization/datapoint_init.args
[16:39:28.838292 INFO] argument file exists /mnt/openstudio/analysis_fe821d2c-df1e-4105-9ee6-6c7fef1463ae/scripts/worker_initialization/datapoint_init.args
[16:39:28.838457 INFO] arguments are ["https://s3.amazonaws.com/epwweatherfiles/project_resstock_efs.zip"]
[16:39:38.533124 INFO] Script returned with exit code 0 of class Fixnum
[16:39:38.533354 INFO] Finished worker initialization
[16:39:45.893869 INFO] Downloading datapoint from http://web:80/data_points/5128bc5d-2b40-4e5d-8ea2-8045a0c3294b.json
[16:39:45.983834 INFO] Creating Workflow Manager instance
[16:39:45.983950 INFO] Directory is /mnt/openstudio/analysis_fe821d2c-df1e-4105-9ee6-6c7fef1463ae/data_point_5128bc5d-2b40-4e5d-8ea2-8045a0c3294b
[16:39:45.984562 INFO] Opening run.log file '/mnt/openstudio/analysis_fe821d2c-df1e-4105-9ee6-6c7fef1463ae/data_point_5128bc5d-2b40-4e5d-8ea2-8045a0c3294b/run/run.log'
[16:39:46.467720 INFO] Running workflow
[16:46:11.879246 INFO] Final run state is finished
[16:46:11.904973 INFO] Saving files/reports back to the server
[16:46:11.905240 INFO] Saving report /mnt/openstudio/analysis_fe821d2c-df1e-4105-9ee6-6c7fef1463ae/data_point_5128bc5d-2b40-4e5d-8ea2-8045a0c3294b/reports/eplustbl.html to http://web:80/data_points/5128bc5d-2b40-4e5d-8ea2-8045a0c3294b/upload_file
[16:46:11.947961 INFO] Saving report responded with {"id":"59c93271a2321800d2ed584a","data_point_id":"5128bc5d-2b40-4e5d-8ea2-8045a0c3294b","display_name":"eplustbl","type":"Report","created_at":"2017-09-25T16:44:33.799Z","updated_at":"2017-09-25T16:44:33.799Z"}
[16:46:11.948328 INFO] Saving report /mnt/openstudio/analysis_fe821d2c-df1e-4105-9ee6-6c7fef1463ae/data_point_5128bc5d-2b40-4e5d-8ea2-8045a0c3294b/run/objectives.json to http://web:80/data_points/5128bc5d-2b40-4e5d-8ea2-8045a0c3294b/upload_file
[16:46:11.970693 INFO] Saving report responded with {"id":"59c93271a2321800d2ed584b","data_point_id":"5128bc5d-2b40-4e5d-8ea2-8045a0c3294b","display_name":"objectives","type":"Report","created_at":"2017-09-25T16:44:33.823Z","updated_at":"2017-09-25T16:44:33.823Z"}
[16:46:11.971039 INFO] Saving report /mnt/openstudio/analysis_fe821d2c-df1e-4105-9ee6-6c7fef1463ae/data_point_5128bc5d-2b40-4e5d-8ea2-8045a0c3294b/out.osw to http://web:80/data_points/5128bc5d-2b40-4e5d-8ea2-8045a0c3294b/upload_file
[16:46:12.014476 INFO] Saving report responded with {"id":"59c93271a2321800d2ed584c","data_point_id":"5128bc5d-2b40-4e5d-8ea2-8045a0c3294b","display_name":"Final OSW File","type":"Report","created_at":"2017-09-25T16:44:33.867Z","updated_at":"2017-09-25T16:44:33.867Z"}
[16:46:12.014835 INFO] Saving report /mnt/openstudio/analysis_fe821d2c-df1e-4105-9ee6-6c7fef1463ae/data_point_5128bc5d-2b40-4e5d-8ea2-8045a0c3294b/in.osm to http://web:80/data_points/5128bc5d-2b40-4e5d-8ea2-8045a0c3294b/upload_file
[16:46:13.045322 INFO] Saving report responded with {"id":"59c93272a2321800d2ed584d","data_point_id":"5128bc5d-2b40-4e5d-8ea2-8045a0c3294b","display_name":"model","type":"OpenStudio Model","created_at":"2017-09-25T16:44:34.832Z","updated_at":"2017-09-25T16:44:34.832Z"}
[16:46:13.045681 INFO] Saving report /mnt/openstudio/analysis_fe821d2c-df1e-4105-9ee6-6c7fef1463ae/data_point_5128bc5d-2b40-4e5d-8ea2-8045a0c3294b/run/data_point.zip to http://web:80/data_points/5128bc5d-2b40-4e5d-8ea2-8045a0c3294b/upload_file
[16:46:13.166890 INFO] Saving report responded with {"id":"59c93272a2321800caed5dba","data_point_id":"5128bc5d-2b40-4e5d-8ea2-8045a0c3294b","display_name":"Zip File","type":"Data Point","created_at":"2017-09-25T16:44:34.950Z","updated_at":"2017-09-25T16:44:34.950Z"}
[16:46:13.167333 INFO] Found data point finalization file datapoint_final.sh.
[16:46:13.167545 INFO] Preparing to run finalization script /mnt/openstudio/analysis_fe821d2c-df1e-4105-9ee6-6c7fef1463ae/scripts/worker_finalization/datapoint_final.sh
[16:46:13.182475 INFO] Looking for argument file /mnt/openstudio/analysis_fe821d2c-df1e-4105-9ee6-6c7fef1463ae/scripts/worker_finalization/datapoint_final.args
[16:46:13.182555 INFO] argument file exists /mnt/openstudio/analysis_fe821d2c-df1e-4105-9ee6-6c7fef1463ae/scripts/worker_finalization/datapoint_final.args
[16:46:13.193037 INFO] arguments are []
[16:46:13.273830 INFO] Script returned with exit code 0 of class Fixnum
[16:46:13.274246 INFO] Saving report /mnt/openstudio/analysis_fe821d2c-df1e-4105-9ee6-6c7fef1463ae/data_point_5128bc5d-2b40-4e5d-8ea2-8045a0c3294b/run/datapoint_final.log to http://web:80/data_points/5128bc5d-2b40-4e5d-8ea2-8045a0c3294b/upload_file
[16:46:13.312990 INFO] Saving report responded with {"id":"59c93273a2321800caed5dbb","data_point_id":"5128bc5d-2b40-4e5d-8ea2-8045a0c3294b","display_name":"Finalization Script Log","type":"Report","created_at":"2017-09-25T16:44:35.162Z","updated_at":"2017-09-25T16:44:35.162Z"}
[16:46:13.322761 INFO] Finished /opt/openstudio/server/app/workers/run_simulate_data_point.rb
