Cleaning up data_point directory.
Original files:
total 21712
-rw-rw-rw- 1 root root     5490 Sep 25 16:46 5128bc5d-2b40-4e5d-8ea2-8045a0c3294b.log
-rw-rw-rw- 1 root root    66975 Sep 25 16:39 analysis.json
-rw-rw-rw- 1 root root     1030 Sep 25 16:39 data_point.json
-rw-rw-rw- 1 root root     2841 Sep 25 16:39 data_point.osw
-rw-rw-rw- 1 root root  4612544 Sep 25 16:43 in.idf
-rw-rw-rw- 1 root root 17363021 Sep 25 16:42 in.osm
-rw-rw-rw- 1 root root   152014 Sep 25 16:46 out.osw
drwxrwxrwx 2 root root     4096 Sep 25 16:46 reports
drwxrwxrwx 2 root root     4096 Sep 25 16:46 run
total 7612
-rw-rw-r-- 1 root root  628881 Sep 25 16:46 data_point.zip
-rw-rw-rw- 1 root root    8509 Sep 25 16:46 data_point_out.json
-rw-r--r-- 1 root root     587 Sep 25 16:46 datapoint_final.log
-rw-r--r-- 1 root root   22244 Sep 25 16:39 datapoint_init.log
-rw-rw-rw- 1 root root  876820 Sep 25 16:46 enduse_timeseries.csv
-rw-rw-rw- 1 root root      99 Sep 25 16:44 eplusout.end
-rw-rw-rw- 1 root root   32615 Sep 25 16:44 eplusout.err
-rw-rw-rw- 1 root root   63843 Sep 25 16:44 eplusout.mtd
-rw-rw-rw- 1 root root   53078 Sep 25 16:44 eplusout.rdd
-rw-rw-rw- 1 root root  519560 Sep 25 16:44 eplustbl.htm
-rw-rw-rw- 1 root root      43 Sep 25 16:46 finished.job
-rw-rw-rw- 1 root root 4612544 Sep 25 16:42 in.idf
-rw-rw-rw- 1 root root    8509 Sep 25 16:46 measure_attributes.json
-rw-rw-rw- 1 root root   27555 Sep 25 16:39 measures.osw
-rw-rw-rw- 1 root root       3 Sep 25 16:46 objectives.json
-rw-rw-rw- 1 root root    8509 Sep 25 16:46 results.json
-rw-rw-rw- 1 root root  871441 Sep 25 16:46 run.log
-rw-rw-rw- 1 root root      49 Sep 25 16:43 sqlite.err
-rw-rw-rw- 1 root root      42 Sep 25 16:39 started.job
-rw-rw-rw- 1 root root    2366 Sep 25 16:44 stdout-energyplus
-rw-rw-rw- 1 root root      91 Sep 25 16:43 stdout-expandobject
512K	data_point_5128bc5d-2b40-4e5d-8ea2-8045a0c3294b/reports
7.5M	data_point_5128bc5d-2b40-4e5d-8ea2-8045a0c3294b/run
30M	data_point_5128bc5d-2b40-4e5d-8ea2-8045a0c3294b
Final files:
total 244
-rw-rw-rw- 1 root root   5490 Sep 25 16:46 5128bc5d-2b40-4e5d-8ea2-8045a0c3294b.log
-rw-rw-rw- 1 root root  66975 Sep 25 16:39 analysis.json
-rw-rw-rw- 1 root root   1030 Sep 25 16:39 data_point.json
-rw-rw-rw- 1 root root   2841 Sep 25 16:39 data_point.osw
-rw-rw-rw- 1 root root 152014 Sep 25 16:46 out.osw
drwxrwxrwx 2 root root   4096 Sep 25 16:46 reports
drwxrwxrwx 2 root root   4096 Sep 25 16:46 run
total 1504
-rw-rw-r-- 1 root root 628881 Sep 25 16:46 data_point.zip
-rw-r--r-- 1 root root   2438 Sep 25 16:46 datapoint_final.log
-rw-r--r-- 1 root root  22244 Sep 25 16:39 datapoint_init.log
-rw-rw-rw- 1 root root 876820 Sep 25 16:46 enduse_timeseries.csv
512K	data_point_5128bc5d-2b40-4e5d-8ea2-8045a0c3294b/reports
1.5M	data_point_5128bc5d-2b40-4e5d-8ea2-8045a0c3294b/run
2.3M	data_point_5128bc5d-2b40-4e5d-8ea2-8045a0c3294b
