# Logfile created on 2017-09-25 16:37:52 +0000 by logger.rb/47272
[16:37:52.378099 INFO] Server host is http://web:80
[16:37:52.378178 INFO] Analysis directory is /mnt/openstudio/analysis_fe821d2c-df1e-4105-9ee6-6c7fef1463ae
[16:37:52.378248 INFO] Simulation directory is /mnt/openstudio/analysis_fe821d2c-df1e-4105-9ee6-6c7fef1463ae/data_point_a01f5668-2ee9-4c31-b8ed-457595dd2dfb
[16:37:52.378298 INFO] Run datapoint type/file is workflow
[16:37:52.378347 INFO] Starting initialize_worker for datapoint a01f5668-2ee9-4c31-b8ed-457595dd2dfb
[16:37:52.378435 INFO] receipt_file already exists, moving on
[16:37:52.384669 INFO] Downloading datapoint from http://web:80/data_points/a01f5668-2ee9-4c31-b8ed-457595dd2dfb.json
[16:37:52.404328 INFO] Creating Workflow Manager instance
[16:37:52.404444 INFO] Directory is /mnt/openstudio/analysis_fe821d2c-df1e-4105-9ee6-6c7fef1463ae/data_point_a01f5668-2ee9-4c31-b8ed-457595dd2dfb
[16:37:52.404534 INFO] Opening run.log file '/mnt/openstudio/analysis_fe821d2c-df1e-4105-9ee6-6c7fef1463ae/data_point_a01f5668-2ee9-4c31-b8ed-457595dd2dfb/run/run.log'
[16:37:52.460743 INFO] Running workflow
[16:40:24.742560 INFO] Final run state is finished
[16:40:24.766382 INFO] Saving files/reports back to the server
[16:40:24.766728 INFO] Saving report /mnt/openstudio/analysis_fe821d2c-df1e-4105-9ee6-6c7fef1463ae/data_point_a01f5668-2ee9-4c31-b8ed-457595dd2dfb/reports/eplustbl.html to http://web:80/data_points/a01f5668-2ee9-4c31-b8ed-457595dd2dfb/upload_file
[16:40:24.816588 INFO] Saving report responded with {"id":"59c93116a2321800caed5be2","data_point_id":"a01f5668-2ee9-4c31-b8ed-457595dd2dfb","display_name":"eplustbl","type":"Report","created_at":"2017-09-25T16:38:46.666Z","updated_at":"2017-09-25T16:38:46.666Z"}
[16:40:24.816890 INFO] Saving report /mnt/openstudio/analysis_fe821d2c-df1e-4105-9ee6-6c7fef1463ae/data_point_a01f5668-2ee9-4c31-b8ed-457595dd2dfb/run/objectives.json to http://web:80/data_points/a01f5668-2ee9-4c31-b8ed-457595dd2dfb/upload_file
[16:40:24.839980 INFO] Saving report responded with {"id":"59c93116a2321800caed5be3","data_point_id":"a01f5668-2ee9-4c31-b8ed-457595dd2dfb","display_name":"objectives","type":"Report","created_at":"2017-09-25T16:38:46.691Z","updated_at":"2017-09-25T16:38:46.691Z"}
[16:40:24.840233 INFO] Saving report /mnt/openstudio/analysis_fe821d2c-df1e-4105-9ee6-6c7fef1463ae/data_point_a01f5668-2ee9-4c31-b8ed-457595dd2dfb/out.osw to http://web:80/data_points/a01f5668-2ee9-4c31-b8ed-457595dd2dfb/upload_file
[16:40:24.930799 INFO] Saving report responded with {"id":"59c93116a2321800caed5be4","data_point_id":"a01f5668-2ee9-4c31-b8ed-457595dd2dfb","display_name":"Final OSW File","type":"Report","created_at":"2017-09-25T16:38:46.781Z","updated_at":"2017-09-25T16:38:46.781Z"}
[16:40:24.931097 INFO] Saving report /mnt/openstudio/analysis_fe821d2c-df1e-4105-9ee6-6c7fef1463ae/data_point_a01f5668-2ee9-4c31-b8ed-457595dd2dfb/in.osm to http://web:80/data_points/a01f5668-2ee9-4c31-b8ed-457595dd2dfb/upload_file
[16:40:33.056258 INFO] Saving report responded with {"id":"59c9311ea2321800caed5be5","data_point_id":"a01f5668-2ee9-4c31-b8ed-457595dd2dfb","display_name":"model","type":"OpenStudio Model","created_at":"2017-09-25T16:38:54.802Z","updated_at":"2017-09-25T16:38:54.802Z"}
[16:40:33.056972 INFO] Saving report /mnt/openstudio/analysis_fe821d2c-df1e-4105-9ee6-6c7fef1463ae/data_point_a01f5668-2ee9-4c31-b8ed-457595dd2dfb/run/data_point.zip to http://web:80/data_points/a01f5668-2ee9-4c31-b8ed-457595dd2dfb/upload_file
[16:40:33.538149 INFO] Saving report responded with {"id":"59c9311fa2321800caed5be6","data_point_id":"a01f5668-2ee9-4c31-b8ed-457595dd2dfb","display_name":"Zip File","type":"Data Point","created_at":"2017-09-25T16:38:55.106Z","updated_at":"2017-09-25T16:38:55.106Z"}
[16:40:33.538579 INFO] Found data point finalization file datapoint_final.sh.
[16:40:33.538705 INFO] Preparing to run finalization script /mnt/openstudio/analysis_fe821d2c-df1e-4105-9ee6-6c7fef1463ae/scripts/worker_finalization/datapoint_final.sh
[16:40:33.672581 INFO] Looking for argument file /mnt/openstudio/analysis_fe821d2c-df1e-4105-9ee6-6c7fef1463ae/scripts/worker_finalization/datapoint_final.args
[16:40:33.672675 INFO] argument file exists /mnt/openstudio/analysis_fe821d2c-df1e-4105-9ee6-6c7fef1463ae/scripts/worker_finalization/datapoint_final.args
[16:40:33.752638 INFO] arguments are []
[16:40:34.076533 INFO] Script returned with exit code 0 of class Fixnum
[16:40:34.076898 INFO] Saving report /mnt/openstudio/analysis_fe821d2c-df1e-4105-9ee6-6c7fef1463ae/data_point_a01f5668-2ee9-4c31-b8ed-457595dd2dfb/run/datapoint_final.log to http://web:80/data_points/a01f5668-2ee9-4c31-b8ed-457595dd2dfb/upload_file
[16:40:34.152873 INFO] Saving report responded with {"id":"59c9311fa2321800caed5be7","data_point_id":"a01f5668-2ee9-4c31-b8ed-457595dd2dfb","display_name":"Finalization Script Log","type":"Report","created_at":"2017-09-25T16:38:55.956Z","updated_at":"2017-09-25T16:38:55.956Z"}
[16:40:34.163375 INFO] Finished /opt/openstudio/server/app/workers/run_simulate_data_point.rb
