Cleaning up data_point directory.
Original files:
total 21644
-rw-rw-rw- 1 root root     4385 Sep 25 16:40 a01f5668-2ee9-4c31-b8ed-457595dd2dfb.log
-rw-rw-rw- 1 root root    66975 Sep 25 16:37 analysis.json
-rw-rw-rw- 1 root root     1030 Sep 25 16:37 data_point.json
-rw-rw-rw- 1 root root     2841 Sep 25 16:37 data_point.osw
-rw-rw-rw- 1 root root  4594947 Sep 25 16:38 in.idf
-rw-rw-rw- 1 root root 17324936 Sep 25 16:38 in.osm
-rw-rw-rw- 1 root root   145874 Sep 25 16:40 out.osw
drwxrwxrwx 2 root root     4096 Sep 25 16:40 reports
drwxrwxrwx 2 root root     4096 Sep 25 16:40 run
total 7468
-rw-rw-r-- 1 root root  645153 Sep 25 16:40 data_point.zip
-rw-rw-rw- 1 root root    8508 Sep 25 16:40 data_point_out.json
-rw-r--r-- 1 root root     587 Sep 25 16:40 datapoint_final.log
-rw-rw-rw- 1 root root  863126 Sep 25 16:40 enduse_timeseries.csv
-rw-rw-rw- 1 root root     102 Sep 25 16:39 eplusout.end
-rw-rw-rw- 1 root root   33644 Sep 25 16:39 eplusout.err
-rw-rw-rw- 1 root root   55373 Sep 25 16:39 eplusout.mtd
-rw-rw-rw- 1 root root   55614 Sep 25 16:38 eplusout.rdd
-rw-rw-rw- 1 root root  424943 Sep 25 16:39 eplustbl.htm
-rw-rw-rw- 1 root root      43 Sep 25 16:40 finished.job
-rw-rw-rw- 1 root root 4594947 Sep 25 16:38 in.idf
-rw-rw-rw- 1 root root    8508 Sep 25 16:40 measure_attributes.json
-rw-rw-rw- 1 root root   27547 Sep 25 16:37 measures.osw
-rw-rw-rw- 1 root root       3 Sep 25 16:40 objectives.json
-rw-rw-rw- 1 root root    8508 Sep 25 16:40 results.json
-rw-rw-rw- 1 root root  863946 Sep 25 16:40 run.log
-rw-rw-rw- 1 root root      49 Sep 25 16:38 sqlite.err
-rw-rw-rw- 1 root root      42 Sep 25 16:37 started.job
-rw-rw-rw- 1 root root    2336 Sep 25 16:39 stdout-energyplus
-rw-rw-rw- 1 root root      91 Sep 25 16:38 stdout-expandobject
420K	data_point_a01f5668-2ee9-4c31-b8ed-457595dd2dfb/reports
7.3M	data_point_a01f5668-2ee9-4c31-b8ed-457595dd2dfb/run
29M	data_point_a01f5668-2ee9-4c31-b8ed-457595dd2dfb
Final files:
total 236
-rw-rw-rw- 1 root root   4385 Sep 25 16:40 a01f5668-2ee9-4c31-b8ed-457595dd2dfb.log
-rw-rw-rw- 1 root root  66975 Sep 25 16:37 analysis.json
-rw-rw-rw- 1 root root   1030 Sep 25 16:37 data_point.json
-rw-rw-rw- 1 root root   2841 Sep 25 16:37 data_point.osw
-rw-rw-rw- 1 root root 145874 Sep 25 16:40 out.osw
drwxrwxrwx 2 root root   4096 Sep 25 16:40 reports
drwxrwxrwx 2 root root   4096 Sep 25 16:40 run
total 1480
-rw-rw-r-- 1 root root 645153 Sep 25 16:40 data_point.zip
-rw-r--r-- 1 root root   2375 Sep 25 16:40 datapoint_final.log
-rw-rw-rw- 1 root root 863126 Sep 25 16:40 enduse_timeseries.csv
420K	data_point_a01f5668-2ee9-4c31-b8ed-457595dd2dfb/reports
1.5M	data_point_a01f5668-2ee9-4c31-b8ed-457595dd2dfb/run
2.1M	data_point_a01f5668-2ee9-4c31-b8ed-457595dd2dfb
