Cleaning up data_point directory.
Original files:
total 21616
-rw-rw-rw- 1 root root    66975 Sep 25 16:37 analysis.json
-rw-rw-rw- 1 root root     1030 Sep 25 16:37 data_point.json
-rw-rw-rw- 1 root root     2841 Sep 25 16:37 data_point.osw
-rw-rw-rw- 1 root root     4385 Sep 25 16:41 e04b0186-cbd3-44b2-96aa-5b5b9deb2f2b.log
-rw-rw-rw- 1 root root  4577613 Sep 25 16:38 in.idf
-rw-rw-rw- 1 root root 17310333 Sep 25 16:38 in.osm
-rw-rw-rw- 1 root root   144693 Sep 25 16:40 out.osw
drwxrwxrwx 2 root root     4096 Sep 25 16:40 reports
drwxrwxrwx 2 root root     4096 Sep 25 16:41 run
total 7432
-rw-rw-r-- 1 root root  630128 Sep 25 16:40 data_point.zip
-rw-rw-rw- 1 root root    8526 Sep 25 16:40 data_point_out.json
-rw-r--r-- 1 root root     587 Sep 25 16:41 datapoint_final.log
-rw-rw-rw- 1 root root  857119 Sep 25 16:40 enduse_timeseries.csv
-rw-rw-rw- 1 root root      99 Sep 25 16:39 eplusout.end
-rw-rw-rw- 1 root root   31769 Sep 25 16:39 eplusout.err
-rw-rw-rw- 1 root root   60688 Sep 25 16:39 eplusout.mtd
-rw-rw-rw- 1 root root   56529 Sep 25 16:38 eplusout.rdd
-rw-rw-rw- 1 root root  418410 Sep 25 16:39 eplustbl.htm
-rw-rw-rw- 1 root root      43 Sep 25 16:40 finished.job
-rw-rw-rw- 1 root root 4577613 Sep 25 16:38 in.idf
-rw-rw-rw- 1 root root    8526 Sep 25 16:40 measure_attributes.json
-rw-rw-rw- 1 root root   27350 Sep 25 16:37 measures.osw
-rw-rw-rw- 1 root root       3 Sep 25 16:40 objectives.json
-rw-rw-rw- 1 root root    8526 Sep 25 16:40 results.json
-rw-rw-rw- 1 root root  864795 Sep 25 16:40 run.log
-rw-rw-rw- 1 root root      49 Sep 25 16:38 sqlite.err
-rw-rw-rw- 1 root root      42 Sep 25 16:37 started.job
-rw-rw-rw- 1 root root    2336 Sep 25 16:39 stdout-energyplus
-rw-rw-rw- 1 root root      91 Sep 25 16:38 stdout-expandobject
416K	data_point_e04b0186-cbd3-44b2-96aa-5b5b9deb2f2b/reports
7.3M	data_point_e04b0186-cbd3-44b2-96aa-5b5b9deb2f2b/run
29M	data_point_e04b0186-cbd3-44b2-96aa-5b5b9deb2f2b
Final files:
total 236
-rw-rw-rw- 1 root root  66975 Sep 25 16:37 analysis.json
-rw-rw-rw- 1 root root   1030 Sep 25 16:37 data_point.json
-rw-rw-rw- 1 root root   2841 Sep 25 16:37 data_point.osw
-rw-rw-rw- 1 root root   4385 Sep 25 16:41 e04b0186-cbd3-44b2-96aa-5b5b9deb2f2b.log
-rw-rw-rw- 1 root root 144693 Sep 25 16:40 out.osw
drwxrwxrwx 2 root root   4096 Sep 25 16:40 reports
drwxrwxrwx 2 root root   4096 Sep 25 16:41 run
total 1460
-rw-rw-r-- 1 root root 630128 Sep 25 16:40 data_point.zip
-rw-r--r-- 1 root root   2375 Sep 25 16:41 datapoint_final.log
-rw-rw-rw- 1 root root 857119 Sep 25 16:40 enduse_timeseries.csv
416K	data_point_e04b0186-cbd3-44b2-96aa-5b5b9deb2f2b/reports
1.5M	data_point_e04b0186-cbd3-44b2-96aa-5b5b9deb2f2b/run
2.1M	data_point_e04b0186-cbd3-44b2-96aa-5b5b9deb2f2b
