# Logfile created on 2017-09-25 16:37:52 +0000 by logger.rb/47272
[16:37:52.901932 INFO] Server host is http://web:80
[16:37:52.902045 INFO] Analysis directory is /mnt/openstudio/analysis_fe821d2c-df1e-4105-9ee6-6c7fef1463ae
[16:37:52.902125 INFO] Simulation directory is /mnt/openstudio/analysis_fe821d2c-df1e-4105-9ee6-6c7fef1463ae/data_point_e04b0186-cbd3-44b2-96aa-5b5b9deb2f2b
[16:37:52.902176 INFO] Run datapoint type/file is workflow
[16:37:52.902228 INFO] Starting initialize_worker for datapoint e04b0186-cbd3-44b2-96aa-5b5b9deb2f2b
[16:37:52.902324 INFO] receipt_file already exists, moving on
[16:37:52.912158 INFO] Downloading datapoint from http://web:80/data_points/e04b0186-cbd3-44b2-96aa-5b5b9deb2f2b.json
[16:37:52.927357 INFO] Creating Workflow Manager instance
[16:37:52.927467 INFO] Directory is /mnt/openstudio/analysis_fe821d2c-df1e-4105-9ee6-6c7fef1463ae/data_point_e04b0186-cbd3-44b2-96aa-5b5b9deb2f2b
[16:37:52.927554 INFO] Opening run.log file '/mnt/openstudio/analysis_fe821d2c-df1e-4105-9ee6-6c7fef1463ae/data_point_e04b0186-cbd3-44b2-96aa-5b5b9deb2f2b/run/run.log'
[16:37:53.066645 INFO] Running workflow
[16:40:52.321703 INFO] Final run state is finished
[16:40:52.359151 INFO] Saving files/reports back to the server
[16:40:52.359692 INFO] Saving report /mnt/openstudio/analysis_fe821d2c-df1e-4105-9ee6-6c7fef1463ae/data_point_e04b0186-cbd3-44b2-96aa-5b5b9deb2f2b/reports/eplustbl.html to http://web:80/data_points/e04b0186-cbd3-44b2-96aa-5b5b9deb2f2b/upload_file
[16:40:52.414948 INFO] Saving report responded with {"id":"59c93132a2321800d2ed5799","data_point_id":"e04b0186-cbd3-44b2-96aa-5b5b9deb2f2b","display_name":"eplustbl","type":"Report","created_at":"2017-09-25T16:39:14.266Z","updated_at":"2017-09-25T16:39:14.266Z"}
[16:40:52.415228 INFO] Saving report /mnt/openstudio/analysis_fe821d2c-df1e-4105-9ee6-6c7fef1463ae/data_point_e04b0186-cbd3-44b2-96aa-5b5b9deb2f2b/run/objectives.json to http://web:80/data_points/e04b0186-cbd3-44b2-96aa-5b5b9deb2f2b/upload_file
[16:40:52.468136 INFO] Saving report responded with {"id":"59c93132a2321800d2ed579a","data_point_id":"e04b0186-cbd3-44b2-96aa-5b5b9deb2f2b","display_name":"objectives","type":"Report","created_at":"2017-09-25T16:39:14.317Z","updated_at":"2017-09-25T16:39:14.317Z"}
[16:40:52.468393 INFO] Saving report /mnt/openstudio/analysis_fe821d2c-df1e-4105-9ee6-6c7fef1463ae/data_point_e04b0186-cbd3-44b2-96aa-5b5b9deb2f2b/out.osw to http://web:80/data_points/e04b0186-cbd3-44b2-96aa-5b5b9deb2f2b/upload_file
[16:40:52.520284 INFO] Saving report responded with {"id":"59c93132a2321800d2ed579b","data_point_id":"e04b0186-cbd3-44b2-96aa-5b5b9deb2f2b","display_name":"Final OSW File","type":"Report","created_at":"2017-09-25T16:39:14.370Z","updated_at":"2017-09-25T16:39:14.370Z"}
[16:40:52.520564 INFO] Saving report /mnt/openstudio/analysis_fe821d2c-df1e-4105-9ee6-6c7fef1463ae/data_point_e04b0186-cbd3-44b2-96aa-5b5b9deb2f2b/in.osm to http://web:80/data_points/e04b0186-cbd3-44b2-96aa-5b5b9deb2f2b/upload_file
[16:41:08.018046 INFO] Saving report responded with {"id":"59c93141a2321800dced5444","data_point_id":"e04b0186-cbd3-44b2-96aa-5b5b9deb2f2b","display_name":"model","type":"OpenStudio Model","created_at":"2017-09-25T16:39:29.784Z","updated_at":"2017-09-25T16:39:29.784Z"}
[16:41:08.018898 INFO] Saving report /mnt/openstudio/analysis_fe821d2c-df1e-4105-9ee6-6c7fef1463ae/data_point_e04b0186-cbd3-44b2-96aa-5b5b9deb2f2b/run/data_point.zip to http://web:80/data_points/e04b0186-cbd3-44b2-96aa-5b5b9deb2f2b/upload_file
[16:41:08.136798 INFO] Saving report responded with {"id":"59c93141a2321800d2ed57a7","data_point_id":"e04b0186-cbd3-44b2-96aa-5b5b9deb2f2b","display_name":"Zip File","type":"Data Point","created_at":"2017-09-25T16:39:29.962Z","updated_at":"2017-09-25T16:39:29.962Z"}
[16:41:08.137403 INFO] Found data point finalization file datapoint_final.sh.
[16:41:08.137615 INFO] Preparing to run finalization script /mnt/openstudio/analysis_fe821d2c-df1e-4105-9ee6-6c7fef1463ae/scripts/worker_finalization/datapoint_final.sh
[16:41:08.196462 INFO] Looking for argument file /mnt/openstudio/analysis_fe821d2c-df1e-4105-9ee6-6c7fef1463ae/scripts/worker_finalization/datapoint_final.args
[16:41:08.196583 INFO] argument file exists /mnt/openstudio/analysis_fe821d2c-df1e-4105-9ee6-6c7fef1463ae/scripts/worker_finalization/datapoint_final.args
[16:41:08.280714 INFO] arguments are []
[16:41:08.350856 INFO] Script returned with exit code 0 of class Fixnum
[16:41:08.351255 INFO] Saving report /mnt/openstudio/analysis_fe821d2c-df1e-4105-9ee6-6c7fef1463ae/data_point_e04b0186-cbd3-44b2-96aa-5b5b9deb2f2b/run/datapoint_final.log to http://web:80/data_points/e04b0186-cbd3-44b2-96aa-5b5b9deb2f2b/upload_file
[16:41:08.393348 INFO] Saving report responded with {"id":"59c93142a2321800caed5c26","data_point_id":"e04b0186-cbd3-44b2-96aa-5b5b9deb2f2b","display_name":"Finalization Script Log","type":"Report","created_at":"2017-09-25T16:39:30.237Z","updated_at":"2017-09-25T16:39:30.237Z"}
[16:41:08.410978 INFO] Finished /opt/openstudio/server/app/workers/run_simulate_data_point.rb
