# Logfile created on 2017-09-25 16:35:43 +0000 by logger.rb/47272
[16:35:43.013826 INFO] Server host is http://web:80
[16:35:43.013892 INFO] Analysis directory is /mnt/openstudio/analysis_fe821d2c-df1e-4105-9ee6-6c7fef1463ae
[16:35:43.013942 INFO] Simulation directory is /mnt/openstudio/analysis_fe821d2c-df1e-4105-9ee6-6c7fef1463ae/data_point_44c399f4-e5f7-4e11-9461-a89f0b07e2c9
[16:35:43.013971 INFO] Run datapoint type/file is workflow
[16:35:43.014001 INFO] Starting initialize_worker for datapoint 44c399f4-e5f7-4e11-9461-a89f0b07e2c9
[16:35:43.014052 INFO] receipt_file already exists, moving on
[16:35:43.017578 INFO] Downloading datapoint from http://web:80/data_points/44c399f4-e5f7-4e11-9461-a89f0b07e2c9.json
[16:35:43.026357 INFO] Creating Workflow Manager instance
[16:35:43.026427 INFO] Directory is /mnt/openstudio/analysis_fe821d2c-df1e-4105-9ee6-6c7fef1463ae/data_point_44c399f4-e5f7-4e11-9461-a89f0b07e2c9
[16:35:43.026476 INFO] Opening run.log file '/mnt/openstudio/analysis_fe821d2c-df1e-4105-9ee6-6c7fef1463ae/data_point_44c399f4-e5f7-4e11-9461-a89f0b07e2c9/run/run.log'
[16:35:43.035628 INFO] Running workflow
[16:39:54.609926 INFO] Final run state is finished
[16:39:54.757648 INFO] Saving files/reports back to the server
[16:39:54.758017 INFO] Saving report /mnt/openstudio/analysis_fe821d2c-df1e-4105-9ee6-6c7fef1463ae/data_point_44c399f4-e5f7-4e11-9461-a89f0b07e2c9/reports/eplustbl.html to http://web:80/data_points/44c399f4-e5f7-4e11-9461-a89f0b07e2c9/upload_file
[16:39:54.797993 INFO] Saving report responded with {"id":"59c9315aa2321800caed5c60","data_point_id":"44c399f4-e5f7-4e11-9461-a89f0b07e2c9","display_name":"eplustbl","type":"Report","created_at":"2017-09-25T16:39:54.787Z","updated_at":"2017-09-25T16:39:54.787Z"}
[16:39:54.798264 INFO] Saving report /mnt/openstudio/analysis_fe821d2c-df1e-4105-9ee6-6c7fef1463ae/data_point_44c399f4-e5f7-4e11-9461-a89f0b07e2c9/run/objectives.json to http://web:80/data_points/44c399f4-e5f7-4e11-9461-a89f0b07e2c9/upload_file
[16:39:54.822166 INFO] Saving report responded with {"id":"59c9315aa2321800caed5c61","data_point_id":"44c399f4-e5f7-4e11-9461-a89f0b07e2c9","display_name":"objectives","type":"Report","created_at":"2017-09-25T16:39:54.812Z","updated_at":"2017-09-25T16:39:54.812Z"}
[16:39:54.822417 INFO] Saving report /mnt/openstudio/analysis_fe821d2c-df1e-4105-9ee6-6c7fef1463ae/data_point_44c399f4-e5f7-4e11-9461-a89f0b07e2c9/out.osw to http://web:80/data_points/44c399f4-e5f7-4e11-9461-a89f0b07e2c9/upload_file
[16:39:54.870029 INFO] Saving report responded with {"id":"59c9315aa2321800caed5c62","data_point_id":"44c399f4-e5f7-4e11-9461-a89f0b07e2c9","display_name":"Final OSW File","type":"Report","created_at":"2017-09-25T16:39:54.850Z","updated_at":"2017-09-25T16:39:54.850Z"}
[16:39:54.870349 INFO] Saving report /mnt/openstudio/analysis_fe821d2c-df1e-4105-9ee6-6c7fef1463ae/data_point_44c399f4-e5f7-4e11-9461-a89f0b07e2c9/in.osm to http://web:80/data_points/44c399f4-e5f7-4e11-9461-a89f0b07e2c9/upload_file
[16:39:55.511285 INFO] Saving report responded with {"id":"59c9315ba2321800caed5c63","data_point_id":"44c399f4-e5f7-4e11-9461-a89f0b07e2c9","display_name":"model","type":"OpenStudio Model","created_at":"2017-09-25T16:39:55.413Z","updated_at":"2017-09-25T16:39:55.413Z"}
[16:39:55.511541 INFO] Saving report /mnt/openstudio/analysis_fe821d2c-df1e-4105-9ee6-6c7fef1463ae/data_point_44c399f4-e5f7-4e11-9461-a89f0b07e2c9/run/data_point.zip to http://web:80/data_points/44c399f4-e5f7-4e11-9461-a89f0b07e2c9/upload_file
[16:39:55.593766 INFO] Saving report responded with {"id":"59c9315ba2321800caed5c64","data_point_id":"44c399f4-e5f7-4e11-9461-a89f0b07e2c9","display_name":"Zip File","type":"Data Point","created_at":"2017-09-25T16:39:55.582Z","updated_at":"2017-09-25T16:39:55.582Z"}
[16:39:55.594126 INFO] Found data point finalization file datapoint_final.sh.
[16:39:55.594289 INFO] Preparing to run finalization script /mnt/openstudio/analysis_fe821d2c-df1e-4105-9ee6-6c7fef1463ae/scripts/worker_finalization/datapoint_final.sh
[16:39:55.594621 INFO] Looking for argument file /mnt/openstudio/analysis_fe821d2c-df1e-4105-9ee6-6c7fef1463ae/scripts/worker_finalization/datapoint_final.args
[16:39:55.594678 INFO] argument file exists /mnt/openstudio/analysis_fe821d2c-df1e-4105-9ee6-6c7fef1463ae/scripts/worker_finalization/datapoint_final.args
[16:39:55.594882 INFO] arguments are []
[16:39:55.710443 INFO] Script returned with exit code 0 of class Fixnum
[16:39:55.710714 INFO] Saving report /mnt/openstudio/analysis_fe821d2c-df1e-4105-9ee6-6c7fef1463ae/data_point_44c399f4-e5f7-4e11-9461-a89f0b07e2c9/run/datapoint_final.log to http://web:80/data_points/44c399f4-e5f7-4e11-9461-a89f0b07e2c9/upload_file
[16:39:55.940038 INFO] Saving report responded with {"id":"59c9315ba2321800caed5c65","data_point_id":"44c399f4-e5f7-4e11-9461-a89f0b07e2c9","display_name":"Finalization Script Log","type":"Report","created_at":"2017-09-25T16:39:55.900Z","updated_at":"2017-09-25T16:39:55.900Z"}
[16:39:55.948915 INFO] Finished /opt/openstudio/server/app/workers/run_simulate_data_point.rb
