Cleaning up data_point directory.
Original files:
total 21948
-rw-rw-rw- 1 root root     4385 Sep 25 16:39 44c399f4-e5f7-4e11-9461-a89f0b07e2c9.log
-rw-rw-rw- 1 root root    66975 Sep 25 16:35 analysis.json
-rw-rw-rw- 1 root root     1030 Sep 25 16:35 data_point.json
-rw-rw-rw- 1 root root     2841 Sep 25 16:35 data_point.osw
-rw-rw-rw- 1 root root  4874341 Sep 25 16:36 in.idf
-rw-rw-rw- 1 root root 17345158 Sep 25 16:36 in.osm
-rw-rw-rw- 1 root root   153218 Sep 25 16:39 out.osw
drwxrwxrwx 2 root root     4096 Sep 25 16:39 reports
drwxrwxrwx 2 root root     4096 Sep 25 16:39 run
total 7844
-rw-rw-r-- 1 root root  681942 Sep 25 16:39 data_point.zip
-rw-rw-rw- 1 root root    8439 Sep 25 16:39 data_point_out.json
-rw-r--r-- 1 root root     587 Sep 25 16:39 datapoint_final.log
-rw-rw-rw- 1 root root  871098 Sep 25 16:39 enduse_timeseries.csv
-rw-rw-rw- 1 root root     102 Sep 25 16:38 eplusout.end
-rw-rw-rw- 1 root root   33533 Sep 25 16:38 eplusout.err
-rw-rw-rw- 1 root root   62171 Sep 25 16:38 eplusout.mtd
-rw-rw-rw- 1 root root   54757 Sep 25 16:37 eplusout.rdd
-rw-rw-rw- 1 root root  461779 Sep 25 16:38 eplustbl.htm
-rw-rw-rw- 1 root root      43 Sep 25 16:39 finished.job
-rw-rw-rw- 1 root root 4874341 Sep 25 16:36 in.idf
-rw-rw-rw- 1 root root    8439 Sep 25 16:39 measure_attributes.json
-rw-rw-rw- 1 root root   27762 Sep 25 16:35 measures.osw
-rw-rw-rw- 1 root root       3 Sep 25 16:39 objectives.json
-rw-rw-rw- 1 root root    8439 Sep 25 16:39 results.json
-rw-rw-rw- 1 root root  871570 Sep 25 16:39 run.log
-rw-rw-rw- 1 root root      49 Sep 25 16:37 sqlite.err
-rw-rw-rw- 1 root root      42 Sep 25 16:35 started.job
-rw-rw-rw- 1 root root    2336 Sep 25 16:38 stdout-energyplus
-rw-rw-rw- 1 root root      91 Sep 25 16:37 stdout-expandobject
7.7M	data_point_44c399f4-e5f7-4e11-9461-a89f0b07e2c9/run
456K	data_point_44c399f4-e5f7-4e11-9461-a89f0b07e2c9/reports
30M	data_point_44c399f4-e5f7-4e11-9461-a89f0b07e2c9
Final files:
total 244
-rw-rw-rw- 1 root root   4385 Sep 25 16:39 44c399f4-e5f7-4e11-9461-a89f0b07e2c9.log
-rw-rw-rw- 1 root root  66975 Sep 25 16:35 analysis.json
-rw-rw-rw- 1 root root   1030 Sep 25 16:35 data_point.json
-rw-rw-rw- 1 root root   2841 Sep 25 16:35 data_point.osw
-rw-rw-rw- 1 root root 153218 Sep 25 16:39 out.osw
drwxrwxrwx 2 root root   4096 Sep 25 16:39 reports
drwxrwxrwx 2 root root   4096 Sep 25 16:39 run
total 1524
-rw-rw-r-- 1 root root 681942 Sep 25 16:39 data_point.zip
-rw-r--r-- 1 root root   2375 Sep 25 16:39 datapoint_final.log
-rw-rw-rw- 1 root root 871098 Sep 25 16:39 enduse_timeseries.csv
1.5M	data_point_44c399f4-e5f7-4e11-9461-a89f0b07e2c9/run
456K	data_point_44c399f4-e5f7-4e11-9461-a89f0b07e2c9/reports
2.2M	data_point_44c399f4-e5f7-4e11-9461-a89f0b07e2c9
