Cleaning up data_point directory.
Original files:
total 22056
-rw-rw-rw- 1 root root    66975 Sep 25 16:35 analysis.json
-rw-rw-rw- 1 root root     1030 Sep 25 16:35 data_point.json
-rw-rw-rw- 1 root root     2841 Sep 25 16:35 data_point.osw
-rw-rw-rw- 1 root root     4385 Sep 25 16:40 f6671dd0-129b-48f8-a609-434a73fab951.log
-rw-rw-rw- 1 root root  4922070 Sep 25 16:36 in.idf
-rw-rw-rw- 1 root root 17411244 Sep 25 16:36 in.osm
-rw-rw-rw- 1 root root   153435 Sep 25 16:40 out.osw
drwxrwxrwx 2 root root     4096 Sep 25 16:40 reports
drwxrwxrwx 2 root root     4096 Sep 25 16:40 run
total 8044
-rw-rw-r-- 1 root root  644188 Sep 25 16:40 data_point.zip
-rw-rw-rw- 1 root root    8496 Sep 25 16:40 data_point_out.json
-rw-r--r-- 1 root root     587 Sep 25 16:40 datapoint_final.log
-rw-rw-rw- 1 root root  985128 Sep 25 16:40 enduse_timeseries.csv
-rw-rw-rw- 1 root root     102 Sep 25 16:38 eplusout.end
-rw-rw-rw- 1 root root   34155 Sep 25 16:38 eplusout.err
-rw-rw-rw- 1 root root   59390 Sep 25 16:38 eplusout.mtd
-rw-rw-rw- 1 root root   56280 Sep 25 16:37 eplusout.rdd
-rw-rw-rw- 1 root root  546531 Sep 25 16:38 eplustbl.htm
-rw-rw-rw- 1 root root      43 Sep 25 16:40 finished.job
-rw-rw-rw- 1 root root 4922070 Sep 25 16:36 in.idf
-rw-rw-rw- 1 root root    8496 Sep 25 16:40 measure_attributes.json
-rw-rw-rw- 1 root root   27912 Sep 25 16:35 measures.osw
-rw-rw-rw- 1 root root       3 Sep 25 16:40 objectives.json
-rw-rw-rw- 1 root root    8496 Sep 25 16:40 results.json
-rw-rw-rw- 1 root root  871110 Sep 25 16:40 run.log
-rw-rw-rw- 1 root root      49 Sep 25 16:37 sqlite.err
-rw-rw-rw- 1 root root      42 Sep 25 16:35 started.job
-rw-rw-rw- 1 root root    2381 Sep 25 16:38 stdout-energyplus
-rw-rw-rw- 1 root root      91 Sep 25 16:37 stdout-expandobject
7.9M	data_point_f6671dd0-129b-48f8-a609-434a73fab951/run
540K	data_point_f6671dd0-129b-48f8-a609-434a73fab951/reports
30M	data_point_f6671dd0-129b-48f8-a609-434a73fab951
Final files:
total 244
-rw-rw-rw- 1 root root  66975 Sep 25 16:35 analysis.json
-rw-rw-rw- 1 root root   1030 Sep 25 16:35 data_point.json
-rw-rw-rw- 1 root root   2841 Sep 25 16:35 data_point.osw
-rw-rw-rw- 1 root root   4385 Sep 25 16:40 f6671dd0-129b-48f8-a609-434a73fab951.log
-rw-rw-rw- 1 root root 153435 Sep 25 16:40 out.osw
drwxrwxrwx 2 root root   4096 Sep 25 16:40 reports
drwxrwxrwx 2 root root   4096 Sep 25 16:40 run
total 1600
-rw-rw-r-- 1 root root 644188 Sep 25 16:40 data_point.zip
-rw-r--r-- 1 root root   2375 Sep 25 16:40 datapoint_final.log
-rw-rw-rw- 1 root root 985128 Sep 25 16:40 enduse_timeseries.csv
1.6M	data_point_f6671dd0-129b-48f8-a609-434a73fab951/run
540K	data_point_f6671dd0-129b-48f8-a609-434a73fab951/reports
2.4M	data_point_f6671dd0-129b-48f8-a609-434a73fab951
