# Logfile created on 2017-09-25 16:35:42 +0000 by logger.rb/47272
[16:35:42.811868 INFO] Server host is http://web:80
[16:35:42.811929 INFO] Analysis directory is /mnt/openstudio/analysis_fe821d2c-df1e-4105-9ee6-6c7fef1463ae
[16:35:42.811973 INFO] Simulation directory is /mnt/openstudio/analysis_fe821d2c-df1e-4105-9ee6-6c7fef1463ae/data_point_f6671dd0-129b-48f8-a609-434a73fab951
[16:35:42.811997 INFO] Run datapoint type/file is workflow
[16:35:42.812018 INFO] Starting initialize_worker for datapoint f6671dd0-129b-48f8-a609-434a73fab951
[16:35:42.812064 INFO] receipt_file already exists, moving on
[16:35:42.901301 INFO] Downloading datapoint from http://web:80/data_points/f6671dd0-129b-48f8-a609-434a73fab951.json
[16:35:42.977834 INFO] Creating Workflow Manager instance
[16:35:42.977942 INFO] Directory is /mnt/openstudio/analysis_fe821d2c-df1e-4105-9ee6-6c7fef1463ae/data_point_f6671dd0-129b-48f8-a609-434a73fab951
[16:35:42.978015 INFO] Opening run.log file '/mnt/openstudio/analysis_fe821d2c-df1e-4105-9ee6-6c7fef1463ae/data_point_f6671dd0-129b-48f8-a609-434a73fab951/run/run.log'
[16:35:42.989507 INFO] Running workflow
[16:40:08.574250 INFO] Final run state is finished
[16:40:08.599072 INFO] Saving files/reports back to the server
[16:40:08.599381 INFO] Saving report /mnt/openstudio/analysis_fe821d2c-df1e-4105-9ee6-6c7fef1463ae/data_point_f6671dd0-129b-48f8-a609-434a73fab951/reports/eplustbl.html to http://web:80/data_points/f6671dd0-129b-48f8-a609-434a73fab951/upload_file
[16:40:08.673209 INFO] Saving report responded with {"id":"59c93168a2321800caed5c8d","data_point_id":"f6671dd0-129b-48f8-a609-434a73fab951","display_name":"eplustbl","type":"Report","created_at":"2017-09-25T16:40:08.663Z","updated_at":"2017-09-25T16:40:08.663Z"}
[16:40:08.673458 INFO] Saving report /mnt/openstudio/analysis_fe821d2c-df1e-4105-9ee6-6c7fef1463ae/data_point_f6671dd0-129b-48f8-a609-434a73fab951/run/objectives.json to http://web:80/data_points/f6671dd0-129b-48f8-a609-434a73fab951/upload_file
[16:40:08.727289 INFO] Saving report responded with {"id":"59c93168a2321800caed5c8e","data_point_id":"f6671dd0-129b-48f8-a609-434a73fab951","display_name":"objectives","type":"Report","created_at":"2017-09-25T16:40:08.712Z","updated_at":"2017-09-25T16:40:08.712Z"}
[16:40:08.727522 INFO] Saving report /mnt/openstudio/analysis_fe821d2c-df1e-4105-9ee6-6c7fef1463ae/data_point_f6671dd0-129b-48f8-a609-434a73fab951/out.osw to http://web:80/data_points/f6671dd0-129b-48f8-a609-434a73fab951/upload_file
[16:40:08.756388 INFO] Saving report responded with {"id":"59c93168a2321800caed5c8f","data_point_id":"f6671dd0-129b-48f8-a609-434a73fab951","display_name":"Final OSW File","type":"Report","created_at":"2017-09-25T16:40:08.747Z","updated_at":"2017-09-25T16:40:08.747Z"}
[16:40:08.756660 INFO] Saving report /mnt/openstudio/analysis_fe821d2c-df1e-4105-9ee6-6c7fef1463ae/data_point_f6671dd0-129b-48f8-a609-434a73fab951/in.osm to http://web:80/data_points/f6671dd0-129b-48f8-a609-434a73fab951/upload_file
[16:40:09.597607 INFO] Saving report responded with {"id":"59c93169a2321800caed5c91","data_point_id":"f6671dd0-129b-48f8-a609-434a73fab951","display_name":"model","type":"OpenStudio Model","created_at":"2017-09-25T16:40:09.322Z","updated_at":"2017-09-25T16:40:09.322Z"}
[16:40:09.597829 INFO] Saving report /mnt/openstudio/analysis_fe821d2c-df1e-4105-9ee6-6c7fef1463ae/data_point_f6671dd0-129b-48f8-a609-434a73fab951/run/data_point.zip to http://web:80/data_points/f6671dd0-129b-48f8-a609-434a73fab951/upload_file
[16:40:09.680139 INFO] Saving report responded with {"id":"59c93169a2321800caed5c92","data_point_id":"f6671dd0-129b-48f8-a609-434a73fab951","display_name":"Zip File","type":"Data Point","created_at":"2017-09-25T16:40:09.634Z","updated_at":"2017-09-25T16:40:09.634Z"}
[16:40:09.680665 INFO] Found data point finalization file datapoint_final.sh.
[16:40:09.680849 INFO] Preparing to run finalization script /mnt/openstudio/analysis_fe821d2c-df1e-4105-9ee6-6c7fef1463ae/scripts/worker_finalization/datapoint_final.sh
[16:40:09.681224 INFO] Looking for argument file /mnt/openstudio/analysis_fe821d2c-df1e-4105-9ee6-6c7fef1463ae/scripts/worker_finalization/datapoint_final.args
[16:40:09.681296 INFO] argument file exists /mnt/openstudio/analysis_fe821d2c-df1e-4105-9ee6-6c7fef1463ae/scripts/worker_finalization/datapoint_final.args
[16:40:09.681517 INFO] arguments are []
[16:40:09.742269 INFO] Script returned with exit code 0 of class Fixnum
[16:40:09.742550 INFO] Saving report /mnt/openstudio/analysis_fe821d2c-df1e-4105-9ee6-6c7fef1463ae/data_point_f6671dd0-129b-48f8-a609-434a73fab951/run/datapoint_final.log to http://web:80/data_points/f6671dd0-129b-48f8-a609-434a73fab951/upload_file
[16:40:09.819800 INFO] Saving report responded with {"id":"59c93169a2321800d2ed57d4","data_point_id":"f6671dd0-129b-48f8-a609-434a73fab951","display_name":"Finalization Script Log","type":"Report","created_at":"2017-09-25T16:40:09.808Z","updated_at":"2017-09-25T16:40:09.808Z"}
[16:40:09.828557 INFO] Finished /opt/openstudio/server/app/workers/run_simulate_data_point.rb
