2023-09-07 21:37:42,457 - INFO - Adding envelope metrics to lawrence
2023-09-07 21:37:47,654 - INFO - 
                       code-compliant above-average below-average
Frame Wall (R-value)            >= 30    < 30, >= 7           < 7
Masonry Wall (R-value)          >= 13    < 13, >= 5           < 5
Ceiling/Roof (R-value)          >= 60   < 60, >= 14          < 14
Air Leakage (ACH50)              <= 3    > 3, <= 17          > 17
2023-09-07 21:37:47,674 - INFO - 
combined_envelope_rating  wall_rating     ceiling_roof_rating  infiltration_rating
above-average             above-average   above-average        above-average          274
                                                               code-compliant          15
                          code-compliant  above-average        above-average           26
                                                               code-compliant           3
below-average             above-average   above-average        below-average           86
                                          below-average        above-average           51
                                                               below-average           15
                                                               code-compliant           1
                          below-average   above-average        above-average          229
                                                               below-average          356
                                                               code-compliant           3
                                          below-average        above-average           75
                                                               below-average          133
                                                               code-compliant           1
                          code-compliant  above-average        below-average            2
                                          below-average        above-average            3
Name: count, dtype: int64
