2023-09-07 21:46:59,452 - INFO - After duct correction, housing characteristics for 94 / 1273 buildings in baseline are changed: 
2023-09-07 21:46:59,453 - INFO - Note: self=original, other=new. NAN values represent no change.
2023-09-07 21:46:59,463 - INFO - 
            build_existing_model.hvac_has_ducts        ... build_existing_model.hvac_cooling_type                  
                                           self other  ...                                   self             other
building_id                                            ...                                                         
12879                                       Yes    No  ...                                    NaN               NaN
15281                                       Yes    No  ...                                    NaN               NaN
21039                                       Yes    No  ...                                    NaN               NaN
28868                                       Yes    No  ...                                    NaN               NaN
31126                                       Yes    No  ...                                    NaN               NaN
...                                         ...   ...  ...                                    ...               ...
483789                                      NaN   NaN  ...                             Central AC  Fan Coil Cooling
510054                                      NaN   NaN  ...                             Central AC  Fan Coil Cooling
521549                                      NaN   NaN  ...                             Central AC  Fan Coil Cooling
521769                                      NaN   NaN  ...                             Central AC  Fan Coil Cooling
543016                                      Yes    No  ...                                    NaN               NaN

[94 rows x 6 columns]
2023-09-07 21:46:59,602 - INFO - Baseline fle updated and saved to: C:\Users\ylou2\Desktop\resstock\euss_cleap\data_\community_building_samples\lawrence
2023-09-07 21:46:59,668 - INFO - 
2023-09-07 21:46:59,669 - INFO - =====================================================================================
2023-09-07 21:46:59,670 - INFO - 
>> Recalculating duct sealing applicability and costs for upgrade_no = 1...
2023-09-07 21:46:59,709 - INFO - Updating 62 upgrade_costs.option_05_cost_usd from ['30% Leakage, R-4', '30% Leakage, R-6']
2023-09-07 21:46:59,711 - INFO - 7 new_cost=0 found:
building_id
12879     0.0
31126     0.0
158617    0.0
204145    0.0
226065    0.0
242205    0.0
343841    0.0
Name: duct_total_surface_area, dtype: float64
2023-09-07 21:46:59,712 - INFO -             build_existing_model.hvac_has_ducts  ...  build_existing_model.hvac_shared_efficiencies
building_id                                      ...                                               
12879                                        No  ...    Boiler Baseboards Heating Only, Natural Gas
31126                                        No  ...    Boiler Baseboards Heating Only, Natural Gas
158617                                       No  ...    Boiler Baseboards Heating Only, Natural Gas
204145                                       No  ...    Boiler Baseboards Heating Only, Electricity
226065                                       No  ...    Boiler Baseboards Heating Only, Natural Gas
242205                                       No  ...    Boiler Baseboards Heating Only, Natural Gas
343841                                       No  ...    Boiler Baseboards Heating Only, Electricity

[7 rows x 6 columns]
2023-09-07 21:46:59,726 - INFO - Updating 11 upgrade_costs.option_06_cost_usd from ['30% Leakage, R-8']
2023-09-07 21:46:59,732 - INFO - Updating 297 upgrade_costs.option_07_cost_usd from ['20% Leakage, Uninsulated', '20% Leakage, R-4', '20% Leakage, R-6']
2023-09-07 21:46:59,734 - INFO - 22 new_cost=0 found:
building_id
15281     0.0
28868     0.0
68653     0.0
75522     0.0
95265     0.0
106836    0.0
118027    0.0
118281    0.0
133721    0.0
152508    0.0
174744    0.0
268512    0.0
273649    0.0
282400    0.0
292979    0.0
309394    0.0
324941    0.0
373114    0.0
387828    0.0
418829    0.0
424618    0.0
434259    0.0
Name: duct_total_surface_area, dtype: float64
2023-09-07 21:46:59,736 - INFO -             build_existing_model.hvac_has_ducts  ...  build_existing_model.hvac_shared_efficiencies
building_id                                      ...                                               
15281                                        No  ...    Boiler Baseboards Heating Only, Electricity
28868                                        No  ...    Boiler Baseboards Heating Only, Natural Gas
68653                                        No  ...       Boiler Baseboards Heating Only, Fuel Oil
75522                                        No  ...    Boiler Baseboards Heating Only, Electricity
95265                                        No  ...    Boiler Baseboards Heating Only, Natural Gas
106836                                       No  ...    Boiler Baseboards Heating Only, Natural Gas
118027                                       No  ...    Boiler Baseboards Heating Only, Electricity
118281                                       No  ...    Boiler Baseboards Heating Only, Natural Gas
133721                                       No  ...    Boiler Baseboards Heating Only, Natural Gas
152508                                       No  ...    Boiler Baseboards Heating Only, Natural Gas
174744                                       No  ...    Boiler Baseboards Heating Only, Electricity
268512                                       No  ...    Boiler Baseboards Heating Only, Natural Gas
273649                                       No  ...    Boiler Baseboards Heating Only, Natural Gas
282400                                       No  ...    Boiler Baseboards Heating Only, Electricity
292979                                       No  ...    Boiler Baseboards Heating Only, Natural Gas
309394                                       No  ...       Boiler Baseboards Heating Only, Fuel Oil
324941                                       No  ...    Boiler Baseboards Heating Only, Natural Gas
373114                                       No  ...                                           None
387828                                       No  ...       Boiler Baseboards Heating Only, Fuel Oil
418829                                       No  ...    Boiler Baseboards Heating Only, Natural Gas
424618                                       No  ...    Boiler Baseboards Heating Only, Natural Gas
434259                                       No  ...       Boiler Baseboards Heating Only, Fuel Oil

[22 rows x 6 columns]
2023-09-07 21:46:59,758 - INFO - Updating 18 upgrade_costs.option_08_cost_usd from ['20% Leakage, R-8']
2023-09-07 21:46:59,767 - INFO - Updating 187 upgrade_costs.option_09_cost_usd from ['10% Leakage, Uninsulated', '10% Leakage, R-4', '10% Leakage, R-6']
2023-09-07 21:46:59,769 - INFO - 17 new_cost=0 found:
building_id
87196     0.0
88299     0.0
96551     0.0
110726    0.0
123735    0.0
149570    0.0
208624    0.0
242635    0.0
325516    0.0
346654    0.0
386928    0.0
390441    0.0
403092    0.0
428848    0.0
464943    0.0
475647    0.0
543016    0.0
Name: duct_total_surface_area, dtype: float64
2023-09-07 21:46:59,771 - INFO -             build_existing_model.hvac_has_ducts  ...  build_existing_model.hvac_shared_efficiencies
building_id                                      ...                                               
87196                                        No  ...    Boiler Baseboards Heating Only, Natural Gas
88299                                        No  ...    Boiler Baseboards Heating Only, Natural Gas
96551                                        No  ...    Boiler Baseboards Heating Only, Natural Gas
110726                                       No  ...    Boiler Baseboards Heating Only, Electricity
123735                                       No  ...    Boiler Baseboards Heating Only, Natural Gas
149570                                       No  ...    Boiler Baseboards Heating Only, Natural Gas
208624                                       No  ...    Boiler Baseboards Heating Only, Natural Gas
242635                                       No  ...    Boiler Baseboards Heating Only, Natural Gas
325516                                       No  ...    Boiler Baseboards Heating Only, Electricity
346654                                       No  ...    Boiler Baseboards Heating Only, Electricity
386928                                       No  ...    Boiler Baseboards Heating Only, Natural Gas
390441                                       No  ...    Boiler Baseboards Heating Only, Natural Gas
403092                                       No  ...    Boiler Baseboards Heating Only, Natural Gas
428848                                       No  ...    Boiler Baseboards Heating Only, Natural Gas
464943                                       No  ...    Boiler Baseboards Heating Only, Natural Gas
475647                                       No  ...                                           None
543016                                       No  ...       Boiler Baseboards Heating Only, Fuel Oil

[17 rows x 6 columns]
2023-09-07 21:46:59,786 - INFO - Dropping 3 / 46 building_id(s) whose content have been modified for duct correction.
[158617, 88299, 325516]
2023-09-07 21:46:59,787 - INFO - For these buildings, duct sealing was the only applicable component in the upgrade and it no longer applies after the correction.
2023-09-07 21:46:59,792 - INFO - After duct correction, dfu has reduced in size from 1230 to len(dfu2) rows.
2023-09-07 21:46:59,793 - INFO - Change in upgrade_costs.upgrade_cost_usd:
2023-09-07 21:46:59,797 - INFO - 
       Before Correction (excludes 0)  After Correction
count                     1189.000000       1227.000000
mean                      3785.638663       3810.597899
std                       3397.464247       3451.865485
min                        166.500000        102.668800
25%                       1326.020000       1257.260000
50%                       2773.170000       2783.230000
75%                       5505.850000       5414.090000
max                      28005.820000      27061.875200
2023-09-07 21:46:59,901 - INFO - Upgrade file updated and saved to: C:\Users\ylou2\Desktop\resstock\euss_cleap\data_\community_building_samples\lawrence\up01_duct_corrected.parquet
2023-09-07 21:46:59,970 - INFO - 
2023-09-07 21:46:59,970 - INFO - =====================================================================================
2023-09-07 21:46:59,971 - INFO - 
>> Recalculating duct sealing applicability and costs for upgrade_no = 2...
2023-09-07 21:47:00,009 - INFO - Updating 62 upgrade_costs.option_05_cost_usd from ['30% Leakage, R-4', '30% Leakage, R-6']
2023-09-07 21:47:00,011 - INFO - 7 new_cost=0 found:
building_id
12879     0.0
31126     0.0
158617    0.0
204145    0.0
226065    0.0
242205    0.0
343841    0.0
Name: duct_total_surface_area, dtype: float64
2023-09-07 21:47:00,012 - INFO -             build_existing_model.hvac_has_ducts  ...  build_existing_model.hvac_shared_efficiencies
building_id                                      ...                                               
12879                                        No  ...    Boiler Baseboards Heating Only, Natural Gas
31126                                        No  ...    Boiler Baseboards Heating Only, Natural Gas
158617                                       No  ...    Boiler Baseboards Heating Only, Natural Gas
204145                                       No  ...    Boiler Baseboards Heating Only, Electricity
226065                                       No  ...    Boiler Baseboards Heating Only, Natural Gas
242205                                       No  ...    Boiler Baseboards Heating Only, Natural Gas
343841                                       No  ...    Boiler Baseboards Heating Only, Electricity

[7 rows x 6 columns]
2023-09-07 21:47:00,029 - INFO - Updating 11 upgrade_costs.option_06_cost_usd from ['30% Leakage, R-8']
2023-09-07 21:47:00,035 - INFO - Updating 297 upgrade_costs.option_07_cost_usd from ['20% Leakage, Uninsulated', '20% Leakage, R-4', '20% Leakage, R-6']
2023-09-07 21:47:00,037 - INFO - 22 new_cost=0 found:
building_id
15281     0.0
28868     0.0
68653     0.0
75522     0.0
95265     0.0
106836    0.0
118027    0.0
118281    0.0
133721    0.0
152508    0.0
174744    0.0
268512    0.0
273649    0.0
282400    0.0
292979    0.0
309394    0.0
324941    0.0
373114    0.0
387828    0.0
418829    0.0
424618    0.0
434259    0.0
Name: duct_total_surface_area, dtype: float64
2023-09-07 21:47:00,038 - INFO -             build_existing_model.hvac_has_ducts  ...  build_existing_model.hvac_shared_efficiencies
building_id                                      ...                                               
15281                                        No  ...    Boiler Baseboards Heating Only, Electricity
28868                                        No  ...    Boiler Baseboards Heating Only, Natural Gas
68653                                        No  ...       Boiler Baseboards Heating Only, Fuel Oil
75522                                        No  ...    Boiler Baseboards Heating Only, Electricity
95265                                        No  ...    Boiler Baseboards Heating Only, Natural Gas
106836                                       No  ...    Boiler Baseboards Heating Only, Natural Gas
118027                                       No  ...    Boiler Baseboards Heating Only, Electricity
118281                                       No  ...    Boiler Baseboards Heating Only, Natural Gas
133721                                       No  ...    Boiler Baseboards Heating Only, Natural Gas
152508                                       No  ...    Boiler Baseboards Heating Only, Natural Gas
174744                                       No  ...    Boiler Baseboards Heating Only, Electricity
268512                                       No  ...    Boiler Baseboards Heating Only, Natural Gas
273649                                       No  ...    Boiler Baseboards Heating Only, Natural Gas
282400                                       No  ...    Boiler Baseboards Heating Only, Electricity
292979                                       No  ...    Boiler Baseboards Heating Only, Natural Gas
309394                                       No  ...       Boiler Baseboards Heating Only, Fuel Oil
324941                                       No  ...    Boiler Baseboards Heating Only, Natural Gas
373114                                       No  ...                                           None
387828                                       No  ...       Boiler Baseboards Heating Only, Fuel Oil
418829                                       No  ...    Boiler Baseboards Heating Only, Natural Gas
424618                                       No  ...    Boiler Baseboards Heating Only, Natural Gas
434259                                       No  ...       Boiler Baseboards Heating Only, Fuel Oil

[22 rows x 6 columns]
2023-09-07 21:47:00,059 - INFO - Updating 18 upgrade_costs.option_08_cost_usd from ['20% Leakage, R-8']
2023-09-07 21:47:00,068 - INFO - Updating 187 upgrade_costs.option_09_cost_usd from ['10% Leakage, Uninsulated', '10% Leakage, R-4', '10% Leakage, R-6']
2023-09-07 21:47:00,071 - INFO - 17 new_cost=0 found:
building_id
87196     0.0
88299     0.0
96551     0.0
110726    0.0
123735    0.0
149570    0.0
208624    0.0
242635    0.0
325516    0.0
346654    0.0
386928    0.0
390441    0.0
403092    0.0
428848    0.0
464943    0.0
475647    0.0
543016    0.0
Name: duct_total_surface_area, dtype: float64
2023-09-07 21:47:00,072 - INFO -             build_existing_model.hvac_has_ducts  ...  build_existing_model.hvac_shared_efficiencies
building_id                                      ...                                               
87196                                        No  ...    Boiler Baseboards Heating Only, Natural Gas
88299                                        No  ...    Boiler Baseboards Heating Only, Natural Gas
96551                                        No  ...    Boiler Baseboards Heating Only, Natural Gas
110726                                       No  ...    Boiler Baseboards Heating Only, Electricity
123735                                       No  ...    Boiler Baseboards Heating Only, Natural Gas
149570                                       No  ...    Boiler Baseboards Heating Only, Natural Gas
208624                                       No  ...    Boiler Baseboards Heating Only, Natural Gas
242635                                       No  ...    Boiler Baseboards Heating Only, Natural Gas
325516                                       No  ...    Boiler Baseboards Heating Only, Electricity
346654                                       No  ...    Boiler Baseboards Heating Only, Electricity
386928                                       No  ...    Boiler Baseboards Heating Only, Natural Gas
390441                                       No  ...    Boiler Baseboards Heating Only, Natural Gas
403092                                       No  ...    Boiler Baseboards Heating Only, Natural Gas
428848                                       No  ...    Boiler Baseboards Heating Only, Natural Gas
464943                                       No  ...    Boiler Baseboards Heating Only, Natural Gas
475647                                       No  ...                                           None
543016                                       No  ...       Boiler Baseboards Heating Only, Fuel Oil

[17 rows x 6 columns]
2023-09-07 21:47:00,091 - INFO - Dropping 3 / 46 building_id(s) whose content have been modified for duct correction.
[158617, 88299, 325516]
2023-09-07 21:47:00,092 - INFO - For these buildings, duct sealing was the only applicable component in the upgrade and it no longer applies after the correction.
2023-09-07 21:47:00,099 - INFO - After duct correction, dfu has reduced in size from 1237 to len(dfu2) rows.
2023-09-07 21:47:00,099 - INFO - Change in upgrade_costs.upgrade_cost_usd:
2023-09-07 21:47:00,103 - INFO - 
       Before Correction (excludes 0)  After Correction
count                     1197.000000       1234.000000
mean                      5153.279933       5140.158292
std                       4833.242124       4852.545327
min                        166.500000          0.000000
25%                       1742.270000       1603.214400
50%                       3882.110000       3893.241000
75%                       7411.240000       7518.542500
max                      69573.000000      69573.000000
2023-09-07 21:47:00,292 - INFO - Upgrade file updated and saved to: C:\Users\ylou2\Desktop\resstock\euss_cleap\data_\community_building_samples\lawrence\up02_duct_corrected.parquet
2023-09-07 21:47:00,378 - INFO - 
2023-09-07 21:47:00,378 - INFO - =====================================================================================
2023-09-07 21:47:00,381 - INFO - 
>> Recalculating duct sealing applicability and costs for upgrade_no = 3...
2023-09-07 21:47:00,425 - INFO - After duct correction, dfu has reduced in size from 1272 to len(dfu2) rows.
2023-09-07 21:47:00,426 - INFO - Change in upgrade_costs.upgrade_cost_usd:
2023-09-07 21:47:00,432 - INFO - 
       Before Correction (excludes 0)  After Correction
count                     1272.000000       1272.000000
mean                     14508.027233      14508.027233
std                      14462.492626      14462.492626
min                       4583.550000       4583.550000
25%                       6462.620000       6462.620000
50%                       8341.765000       8341.765000
75%                      14715.980000      14715.980000
max                     104470.620000     104470.620000
2023-09-07 21:47:00,557 - INFO - Upgrade file updated and saved to: C:\Users\ylou2\Desktop\resstock\euss_cleap\data_\community_building_samples\lawrence\up03_duct_corrected.parquet
2023-09-07 21:47:00,625 - INFO - 
2023-09-07 21:47:00,625 - INFO - =====================================================================================
2023-09-07 21:47:00,627 - INFO - 
>> Recalculating duct sealing applicability and costs for upgrade_no = 4...
2023-09-07 21:47:00,678 - INFO - After duct correction, dfu has reduced in size from 1272 to len(dfu2) rows.
2023-09-07 21:47:00,678 - INFO - Change in upgrade_costs.upgrade_cost_usd:
2023-09-07 21:47:00,682 - INFO - 
       Before Correction (excludes 0)  After Correction
count                     1272.000000       1272.000000
mean                     20490.146164      20490.146164
std                       8072.616703       8072.616703
min                       4588.400000       4588.400000
25%                      17129.695000      17129.695000
50%                      18601.020000      18601.020000
75%                      21498.275000      21498.275000
max                      79483.650000      79483.650000
2023-09-07 21:47:00,798 - INFO - Upgrade file updated and saved to: C:\Users\ylou2\Desktop\resstock\euss_cleap\data_\community_building_samples\lawrence\up04_duct_corrected.parquet
2023-09-07 21:47:00,869 - INFO - 
2023-09-07 21:47:00,869 - INFO - =====================================================================================
2023-09-07 21:47:00,871 - INFO - 
>> Recalculating duct sealing applicability and costs for upgrade_no = 5...
2023-09-07 21:47:00,917 - INFO - After duct correction, dfu has reduced in size from 1259 to len(dfu2) rows.
2023-09-07 21:47:00,918 - INFO - Change in upgrade_costs.upgrade_cost_usd:
2023-09-07 21:47:00,925 - INFO - 
       Before Correction (excludes 0)  After Correction
count                     1259.000000       1259.000000
mean                     14447.303010      14447.303010
std                      14369.541258      14369.541258
min                       4519.620000       4519.620000
25%                       6447.920000       6447.920000
50%                       8323.610000       8323.610000
75%                      14693.420000      14693.420000
max                     104470.620000     104470.620000
2023-09-07 21:47:01,034 - INFO - Upgrade file updated and saved to: C:\Users\ylou2\Desktop\resstock\euss_cleap\data_\community_building_samples\lawrence\up05_duct_corrected.parquet
2023-09-07 21:47:01,102 - INFO - 
2023-09-07 21:47:01,103 - INFO - =====================================================================================
2023-09-07 21:47:01,103 - INFO - 
>> Recalculating duct sealing applicability and costs for upgrade_no = 6...
2023-09-07 21:47:01,146 - INFO - After duct correction, dfu has reduced in size from 1268 to len(dfu2) rows.
2023-09-07 21:47:01,147 - INFO - Change in upgrade_costs.upgrade_cost_usd:
2023-09-07 21:47:01,151 - INFO - 
       Before Correction (excludes 0)  After Correction
count                     1268.000000       1268.000000
mean                      2442.646688       2442.646688
std                        428.154673        428.154673
min                       2242.000000       2242.000000
25%                       2242.000000       2242.000000
50%                       2242.000000       2242.000000
75%                       2242.000000       2242.000000
max                       3828.000000       3828.000000
2023-09-07 21:47:01,256 - INFO - Upgrade file updated and saved to: C:\Users\ylou2\Desktop\resstock\euss_cleap\data_\community_building_samples\lawrence\up06_duct_corrected.parquet
2023-09-07 21:47:01,324 - INFO - 
2023-09-07 21:47:01,325 - INFO - =====================================================================================
2023-09-07 21:47:01,327 - INFO - 
>> Recalculating duct sealing applicability and costs for upgrade_no = 7...
2023-09-07 21:47:01,369 - INFO - After duct correction, dfu has reduced in size from 1204 to len(dfu2) rows.
2023-09-07 21:47:01,370 - INFO - Change in upgrade_costs.upgrade_cost_usd:
2023-09-07 21:47:01,376 - INFO - 
       Before Correction (excludes 0)  After Correction
count                     1204.000000       1204.000000
mean                     16064.119884      16064.119884
std                      14970.276369      14970.276369
min                        870.000000        870.000000
25%                       8630.670000       8630.670000
50%                      10671.560000      10671.560000
75%                      16292.237500      16292.237500
max                     110145.620000     110145.620000
2023-09-07 21:47:01,514 - INFO - Upgrade file updated and saved to: C:\Users\ylou2\Desktop\resstock\euss_cleap\data_\community_building_samples\lawrence\up07_duct_corrected.parquet
2023-09-07 21:47:01,584 - INFO - 
2023-09-07 21:47:01,584 - INFO - =====================================================================================
2023-09-07 21:47:01,585 - INFO - 
>> Recalculating duct sealing applicability and costs for upgrade_no = 8...
2023-09-07 21:47:01,627 - INFO - After duct correction, dfu has reduced in size from 1273 to len(dfu2) rows.
2023-09-07 21:47:01,628 - INFO - Change in upgrade_costs.upgrade_cost_usd:
2023-09-07 21:47:01,632 - INFO - 
       Before Correction (excludes 0)  After Correction
count                     1273.000000       1273.000000
mean                     25901.186096      25901.186096
std                       8490.652527       8490.652527
min                       3738.000000       3738.000000
25%                      22236.450000      22236.450000
50%                      24199.970000      24199.970000
75%                      27324.790000      27324.790000
max                      86773.650000      86773.650000
2023-09-07 21:47:01,806 - INFO - Upgrade file updated and saved to: C:\Users\ylou2\Desktop\resstock\euss_cleap\data_\community_building_samples\lawrence\up08_duct_corrected.parquet
2023-09-07 21:47:01,881 - INFO - 
2023-09-07 21:47:01,882 - INFO - =====================================================================================
2023-09-07 21:47:01,885 - INFO - 
>> Recalculating duct sealing applicability and costs for upgrade_no = 9...
2023-09-07 21:47:01,927 - INFO - Updating 62 upgrade_costs.option_05_cost_usd from ['30% Leakage, R-4', '30% Leakage, R-6']
2023-09-07 21:47:01,929 - INFO - 7 new_cost=0 found:
building_id
12879     0.0
31126     0.0
158617    0.0
204145    0.0
226065    0.0
242205    0.0
343841    0.0
Name: duct_total_surface_area, dtype: float64
2023-09-07 21:47:01,930 - INFO -             build_existing_model.hvac_has_ducts  ...  build_existing_model.hvac_shared_efficiencies
building_id                                      ...                                               
12879                                        No  ...    Boiler Baseboards Heating Only, Natural Gas
31126                                        No  ...    Boiler Baseboards Heating Only, Natural Gas
158617                                       No  ...    Boiler Baseboards Heating Only, Natural Gas
204145                                       No  ...    Boiler Baseboards Heating Only, Electricity
226065                                       No  ...    Boiler Baseboards Heating Only, Natural Gas
242205                                       No  ...    Boiler Baseboards Heating Only, Natural Gas
343841                                       No  ...    Boiler Baseboards Heating Only, Electricity

[7 rows x 6 columns]
2023-09-07 21:47:01,943 - INFO - Updating 11 upgrade_costs.option_06_cost_usd from ['30% Leakage, R-8']
2023-09-07 21:47:01,946 - INFO - Updating 297 upgrade_costs.option_07_cost_usd from ['20% Leakage, Uninsulated', '20% Leakage, R-4', '20% Leakage, R-6']
2023-09-07 21:47:01,947 - INFO - 22 new_cost=0 found:
building_id
15281     0.0
28868     0.0
68653     0.0
75522     0.0
95265     0.0
106836    0.0
118027    0.0
118281    0.0
133721    0.0
152508    0.0
174744    0.0
268512    0.0
273649    0.0
282400    0.0
292979    0.0
309394    0.0
324941    0.0
373114    0.0
387828    0.0
418829    0.0
424618    0.0
434259    0.0
Name: duct_total_surface_area, dtype: float64
2023-09-07 21:47:01,948 - INFO -             build_existing_model.hvac_has_ducts  ...  build_existing_model.hvac_shared_efficiencies
building_id                                      ...                                               
15281                                        No  ...    Boiler Baseboards Heating Only, Electricity
28868                                        No  ...    Boiler Baseboards Heating Only, Natural Gas
68653                                        No  ...       Boiler Baseboards Heating Only, Fuel Oil
75522                                        No  ...    Boiler Baseboards Heating Only, Electricity
95265                                        No  ...    Boiler Baseboards Heating Only, Natural Gas
106836                                       No  ...    Boiler Baseboards Heating Only, Natural Gas
118027                                       No  ...    Boiler Baseboards Heating Only, Electricity
118281                                       No  ...    Boiler Baseboards Heating Only, Natural Gas
133721                                       No  ...    Boiler Baseboards Heating Only, Natural Gas
152508                                       No  ...    Boiler Baseboards Heating Only, Natural Gas
174744                                       No  ...    Boiler Baseboards Heating Only, Electricity
268512                                       No  ...    Boiler Baseboards Heating Only, Natural Gas
273649                                       No  ...    Boiler Baseboards Heating Only, Natural Gas
282400                                       No  ...    Boiler Baseboards Heating Only, Electricity
292979                                       No  ...    Boiler Baseboards Heating Only, Natural Gas
309394                                       No  ...       Boiler Baseboards Heating Only, Fuel Oil
324941                                       No  ...    Boiler Baseboards Heating Only, Natural Gas
373114                                       No  ...                                           None
387828                                       No  ...       Boiler Baseboards Heating Only, Fuel Oil
418829                                       No  ...    Boiler Baseboards Heating Only, Natural Gas
424618                                       No  ...    Boiler Baseboards Heating Only, Natural Gas
434259                                       No  ...       Boiler Baseboards Heating Only, Fuel Oil

[22 rows x 6 columns]
2023-09-07 21:47:01,962 - INFO - Updating 18 upgrade_costs.option_08_cost_usd from ['20% Leakage, R-8']
2023-09-07 21:47:01,965 - INFO - Updating 187 upgrade_costs.option_09_cost_usd from ['10% Leakage, Uninsulated', '10% Leakage, R-4', '10% Leakage, R-6']
2023-09-07 21:47:01,969 - INFO - 17 new_cost=0 found:
building_id
87196     0.0
88299     0.0
96551     0.0
110726    0.0
123735    0.0
149570    0.0
208624    0.0
242635    0.0
325516    0.0
346654    0.0
386928    0.0
390441    0.0
403092    0.0
428848    0.0
464943    0.0
475647    0.0
543016    0.0
Name: duct_total_surface_area, dtype: float64
2023-09-07 21:47:01,970 - INFO -             build_existing_model.hvac_has_ducts  ...  build_existing_model.hvac_shared_efficiencies
building_id                                      ...                                               
87196                                        No  ...    Boiler Baseboards Heating Only, Natural Gas
88299                                        No  ...    Boiler Baseboards Heating Only, Natural Gas
96551                                        No  ...    Boiler Baseboards Heating Only, Natural Gas
110726                                       No  ...    Boiler Baseboards Heating Only, Electricity
123735                                       No  ...    Boiler Baseboards Heating Only, Natural Gas
149570                                       No  ...    Boiler Baseboards Heating Only, Natural Gas
208624                                       No  ...    Boiler Baseboards Heating Only, Natural Gas
242635                                       No  ...    Boiler Baseboards Heating Only, Natural Gas
325516                                       No  ...    Boiler Baseboards Heating Only, Electricity
346654                                       No  ...    Boiler Baseboards Heating Only, Electricity
386928                                       No  ...    Boiler Baseboards Heating Only, Natural Gas
390441                                       No  ...    Boiler Baseboards Heating Only, Natural Gas
403092                                       No  ...    Boiler Baseboards Heating Only, Natural Gas
428848                                       No  ...    Boiler Baseboards Heating Only, Natural Gas
464943                                       No  ...    Boiler Baseboards Heating Only, Natural Gas
475647                                       No  ...                                           None
543016                                       No  ...       Boiler Baseboards Heating Only, Fuel Oil

[17 rows x 6 columns]
2023-09-07 21:47:01,987 - INFO - Dropping 0 / 46 building_id(s) whose content have been modified for duct correction.
[]
2023-09-07 21:47:01,987 - INFO - For these buildings, duct sealing was the only applicable component in the upgrade and it no longer applies after the correction.
2023-09-07 21:47:01,993 - INFO - After duct correction, dfu has reduced in size from 1273 to len(dfu2) rows.
2023-09-07 21:47:01,993 - INFO - Change in upgrade_costs.upgrade_cost_usd:
2023-09-07 21:47:01,997 - INFO - 
       Before Correction (excludes 0)  After Correction
count                     1273.000000       1273.000000
mean                     27021.586850      27148.684226
std                       8191.990624       8229.048503
min                       4164.500000       4164.500000
25%                      22405.920000      22555.030000
50%                      25852.270000      25986.330000
75%                      30622.240000      30777.172400
max                      79805.160000      79805.160000
2023-09-07 21:47:02,127 - INFO - Upgrade file updated and saved to: C:\Users\ylou2\Desktop\resstock\euss_cleap\data_\community_building_samples\lawrence\up09_duct_corrected.parquet
2023-09-07 21:47:02,198 - INFO - 
2023-09-07 21:47:02,199 - INFO - =====================================================================================
2023-09-07 21:47:02,200 - INFO - 
>> Recalculating duct sealing applicability and costs for upgrade_no = 10...
2023-09-07 21:47:02,237 - INFO - Updating 62 upgrade_costs.option_05_cost_usd from ['30% Leakage, R-4', '30% Leakage, R-6']
2023-09-07 21:47:02,239 - INFO - 7 new_cost=0 found:
building_id
12879     0.0
31126     0.0
158617    0.0
204145    0.0
226065    0.0
242205    0.0
343841    0.0
Name: duct_total_surface_area, dtype: float64
2023-09-07 21:47:02,240 - INFO -             build_existing_model.hvac_has_ducts  ...  build_existing_model.hvac_shared_efficiencies
building_id                                      ...                                               
12879                                        No  ...    Boiler Baseboards Heating Only, Natural Gas
31126                                        No  ...    Boiler Baseboards Heating Only, Natural Gas
158617                                       No  ...    Boiler Baseboards Heating Only, Natural Gas
204145                                       No  ...    Boiler Baseboards Heating Only, Electricity
226065                                       No  ...    Boiler Baseboards Heating Only, Natural Gas
242205                                       No  ...    Boiler Baseboards Heating Only, Natural Gas
343841                                       No  ...    Boiler Baseboards Heating Only, Electricity

[7 rows x 6 columns]
2023-09-07 21:47:02,254 - INFO - Updating 11 upgrade_costs.option_06_cost_usd from ['30% Leakage, R-8']
2023-09-07 21:47:02,257 - INFO - Updating 297 upgrade_costs.option_07_cost_usd from ['20% Leakage, Uninsulated', '20% Leakage, R-4', '20% Leakage, R-6']
2023-09-07 21:47:02,258 - INFO - 22 new_cost=0 found:
building_id
15281     0.0
28868     0.0
68653     0.0
75522     0.0
95265     0.0
106836    0.0
118027    0.0
118281    0.0
133721    0.0
152508    0.0
174744    0.0
268512    0.0
273649    0.0
282400    0.0
292979    0.0
309394    0.0
324941    0.0
373114    0.0
387828    0.0
418829    0.0
424618    0.0
434259    0.0
Name: duct_total_surface_area, dtype: float64
2023-09-07 21:47:02,259 - INFO -             build_existing_model.hvac_has_ducts  ...  build_existing_model.hvac_shared_efficiencies
building_id                                      ...                                               
15281                                        No  ...    Boiler Baseboards Heating Only, Electricity
28868                                        No  ...    Boiler Baseboards Heating Only, Natural Gas
68653                                        No  ...       Boiler Baseboards Heating Only, Fuel Oil
75522                                        No  ...    Boiler Baseboards Heating Only, Electricity
95265                                        No  ...    Boiler Baseboards Heating Only, Natural Gas
106836                                       No  ...    Boiler Baseboards Heating Only, Natural Gas
118027                                       No  ...    Boiler Baseboards Heating Only, Electricity
118281                                       No  ...    Boiler Baseboards Heating Only, Natural Gas
133721                                       No  ...    Boiler Baseboards Heating Only, Natural Gas
152508                                       No  ...    Boiler Baseboards Heating Only, Natural Gas
174744                                       No  ...    Boiler Baseboards Heating Only, Electricity
268512                                       No  ...    Boiler Baseboards Heating Only, Natural Gas
273649                                       No  ...    Boiler Baseboards Heating Only, Natural Gas
282400                                       No  ...    Boiler Baseboards Heating Only, Electricity
292979                                       No  ...    Boiler Baseboards Heating Only, Natural Gas
309394                                       No  ...       Boiler Baseboards Heating Only, Fuel Oil
324941                                       No  ...    Boiler Baseboards Heating Only, Natural Gas
373114                                       No  ...                                           None
387828                                       No  ...       Boiler Baseboards Heating Only, Fuel Oil
418829                                       No  ...    Boiler Baseboards Heating Only, Natural Gas
424618                                       No  ...    Boiler Baseboards Heating Only, Natural Gas
434259                                       No  ...       Boiler Baseboards Heating Only, Fuel Oil

[22 rows x 6 columns]
2023-09-07 21:47:02,275 - INFO - Updating 18 upgrade_costs.option_08_cost_usd from ['20% Leakage, R-8']
2023-09-07 21:47:02,277 - INFO - Updating 187 upgrade_costs.option_09_cost_usd from ['10% Leakage, Uninsulated', '10% Leakage, R-4', '10% Leakage, R-6']
2023-09-07 21:47:02,279 - INFO - 17 new_cost=0 found:
building_id
87196     0.0
88299     0.0
96551     0.0
110726    0.0
123735    0.0
149570    0.0
208624    0.0
242635    0.0
325516    0.0
346654    0.0
386928    0.0
390441    0.0
403092    0.0
428848    0.0
464943    0.0
475647    0.0
543016    0.0
Name: duct_total_surface_area, dtype: float64
2023-09-07 21:47:02,280 - INFO -             build_existing_model.hvac_has_ducts  ...  build_existing_model.hvac_shared_efficiencies
building_id                                      ...                                               
87196                                        No  ...    Boiler Baseboards Heating Only, Natural Gas
88299                                        No  ...    Boiler Baseboards Heating Only, Natural Gas
96551                                        No  ...    Boiler Baseboards Heating Only, Natural Gas
110726                                       No  ...    Boiler Baseboards Heating Only, Electricity
123735                                       No  ...    Boiler Baseboards Heating Only, Natural Gas
149570                                       No  ...    Boiler Baseboards Heating Only, Natural Gas
208624                                       No  ...    Boiler Baseboards Heating Only, Natural Gas
242635                                       No  ...    Boiler Baseboards Heating Only, Natural Gas
325516                                       No  ...    Boiler Baseboards Heating Only, Electricity
346654                                       No  ...    Boiler Baseboards Heating Only, Electricity
386928                                       No  ...    Boiler Baseboards Heating Only, Natural Gas
390441                                       No  ...    Boiler Baseboards Heating Only, Natural Gas
403092                                       No  ...    Boiler Baseboards Heating Only, Natural Gas
428848                                       No  ...    Boiler Baseboards Heating Only, Natural Gas
464943                                       No  ...    Boiler Baseboards Heating Only, Natural Gas
475647                                       No  ...                                           None
543016                                       No  ...       Boiler Baseboards Heating Only, Fuel Oil

[17 rows x 6 columns]
2023-09-07 21:47:02,297 - INFO - Dropping 0 / 46 building_id(s) whose content have been modified for duct correction.
[]
2023-09-07 21:47:02,299 - INFO - For these buildings, duct sealing was the only applicable component in the upgrade and it no longer applies after the correction.
2023-09-07 21:47:02,307 - INFO - After duct correction, dfu has reduced in size from 1273 to len(dfu2) rows.
2023-09-07 21:47:02,307 - INFO - Change in upgrade_costs.upgrade_cost_usd:
2023-09-07 21:47:02,318 - INFO - 
       Before Correction (excludes 0)  After Correction
count                     1273.000000       1273.000000
mean                     27500.991720      27628.089097
std                       8711.513997       8749.814990
min                       4164.500000       4164.500000
25%                      22722.140000      22911.460000
50%                      26233.710000      26318.210000
75%                      31160.930000      31236.810000
max                     103256.580000     103256.580000
2023-09-07 21:47:02,472 - INFO - Upgrade file updated and saved to: C:\Users\ylou2\Desktop\resstock\euss_cleap\data_\community_building_samples\lawrence\up10_duct_corrected.parquet
