# Logfile created on 2017-09-25 16:37:51 +0000 by logger.rb/47272
[16:37:51.685699 INFO] Server host is http://web:80
[16:37:51.685768 INFO] Analysis directory is /mnt/openstudio/analysis_fe821d2c-df1e-4105-9ee6-6c7fef1463ae
[16:37:51.685820 INFO] Simulation directory is /mnt/openstudio/analysis_fe821d2c-df1e-4105-9ee6-6c7fef1463ae/data_point_69ead0bc-9e04-4448-95d0-200ffbee6d88
[16:37:51.685849 INFO] Run datapoint type/file is workflow
[16:37:51.685881 INFO] Starting initialize_worker for datapoint 69ead0bc-9e04-4448-95d0-200ffbee6d88
[16:37:51.685951 INFO] receipt_file already exists, moving on
[16:37:51.714602 INFO] Downloading datapoint from http://web:80/data_points/69ead0bc-9e04-4448-95d0-200ffbee6d88.json
[16:37:51.731328 INFO] Creating Workflow Manager instance
[16:37:51.731420 INFO] Directory is /mnt/openstudio/analysis_fe821d2c-df1e-4105-9ee6-6c7fef1463ae/data_point_69ead0bc-9e04-4448-95d0-200ffbee6d88
[16:37:51.731488 INFO] Opening run.log file '/mnt/openstudio/analysis_fe821d2c-df1e-4105-9ee6-6c7fef1463ae/data_point_69ead0bc-9e04-4448-95d0-200ffbee6d88/run/run.log'
[16:37:51.805077 INFO] Running workflow
[16:40:50.604915 INFO] Final run state is finished
[16:40:50.630104 INFO] Saving files/reports back to the server
[16:40:50.630472 INFO] Saving report /mnt/openstudio/analysis_fe821d2c-df1e-4105-9ee6-6c7fef1463ae/data_point_69ead0bc-9e04-4448-95d0-200ffbee6d88/reports/eplustbl.html to http://web:80/data_points/69ead0bc-9e04-4448-95d0-200ffbee6d88/upload_file
[16:40:50.685945 INFO] Saving report responded with {"id":"59c93130a2321800caed5bfe","data_point_id":"69ead0bc-9e04-4448-95d0-200ffbee6d88","display_name":"eplustbl","type":"Report","created_at":"2017-09-25T16:39:12.526Z","updated_at":"2017-09-25T16:39:12.526Z"}
[16:40:50.686233 INFO] Saving report /mnt/openstudio/analysis_fe821d2c-df1e-4105-9ee6-6c7fef1463ae/data_point_69ead0bc-9e04-4448-95d0-200ffbee6d88/run/objectives.json to http://web:80/data_points/69ead0bc-9e04-4448-95d0-200ffbee6d88/upload_file
[16:40:50.713193 INFO] Saving report responded with {"id":"59c93130a2321800caed5bff","data_point_id":"69ead0bc-9e04-4448-95d0-200ffbee6d88","display_name":"objectives","type":"Report","created_at":"2017-09-25T16:39:12.564Z","updated_at":"2017-09-25T16:39:12.564Z"}
[16:40:50.713422 INFO] Saving report /mnt/openstudio/analysis_fe821d2c-df1e-4105-9ee6-6c7fef1463ae/data_point_69ead0bc-9e04-4448-95d0-200ffbee6d88/out.osw to http://web:80/data_points/69ead0bc-9e04-4448-95d0-200ffbee6d88/upload_file
[16:40:50.761895 INFO] Saving report responded with {"id":"59c93130a2321800caed5c00","data_point_id":"69ead0bc-9e04-4448-95d0-200ffbee6d88","display_name":"Final OSW File","type":"Report","created_at":"2017-09-25T16:39:12.612Z","updated_at":"2017-09-25T16:39:12.612Z"}
[16:40:50.762185 INFO] Saving report /mnt/openstudio/analysis_fe821d2c-df1e-4105-9ee6-6c7fef1463ae/data_point_69ead0bc-9e04-4448-95d0-200ffbee6d88/in.osm to http://web:80/data_points/69ead0bc-9e04-4448-95d0-200ffbee6d88/upload_file
[16:41:30.831769 INFO] Saving report responded with {"id":"59c93158a2321800caed5c5c","data_point_id":"69ead0bc-9e04-4448-95d0-200ffbee6d88","display_name":"model","type":"OpenStudio Model","created_at":"2017-09-25T16:39:52.607Z","updated_at":"2017-09-25T16:39:52.607Z"}
[16:41:30.832552 INFO] Saving report /mnt/openstudio/analysis_fe821d2c-df1e-4105-9ee6-6c7fef1463ae/data_point_69ead0bc-9e04-4448-95d0-200ffbee6d88/run/data_point.zip to http://web:80/data_points/69ead0bc-9e04-4448-95d0-200ffbee6d88/upload_file
[16:41:30.913747 INFO] Saving report responded with {"id":"59c93158a2321800caed5c5d","data_point_id":"69ead0bc-9e04-4448-95d0-200ffbee6d88","display_name":"Zip File","type":"Data Point","created_at":"2017-09-25T16:39:52.746Z","updated_at":"2017-09-25T16:39:52.746Z"}
[16:41:30.914367 INFO] Found data point finalization file datapoint_final.sh.
[16:41:30.914580 INFO] Preparing to run finalization script /mnt/openstudio/analysis_fe821d2c-df1e-4105-9ee6-6c7fef1463ae/scripts/worker_finalization/datapoint_final.sh
[16:41:31.034747 INFO] Looking for argument file /mnt/openstudio/analysis_fe821d2c-df1e-4105-9ee6-6c7fef1463ae/scripts/worker_finalization/datapoint_final.args
[16:41:31.034883 INFO] argument file exists /mnt/openstudio/analysis_fe821d2c-df1e-4105-9ee6-6c7fef1463ae/scripts/worker_finalization/datapoint_final.args
[16:41:31.199344 INFO] arguments are []
[16:41:31.265141 INFO] Script returned with exit code 0 of class Fixnum
[16:41:31.265546 INFO] Saving report /mnt/openstudio/analysis_fe821d2c-df1e-4105-9ee6-6c7fef1463ae/data_point_69ead0bc-9e04-4448-95d0-200ffbee6d88/run/datapoint_final.log to http://web:80/data_points/69ead0bc-9e04-4448-95d0-200ffbee6d88/upload_file
[16:41:31.298611 INFO] Saving report responded with {"id":"59c93159a2321800caed5c5e","data_point_id":"69ead0bc-9e04-4448-95d0-200ffbee6d88","display_name":"Finalization Script Log","type":"Report","created_at":"2017-09-25T16:39:53.147Z","updated_at":"2017-09-25T16:39:53.147Z"}
[16:41:31.363238 INFO] Finished /opt/openstudio/server/app/workers/run_simulate_data_point.rb
