# Logfile created on 2017-09-25 16:35:42 +0000 by logger.rb/47272
[16:35:42.798247 INFO] Server host is http://web:80
[16:35:42.798374 INFO] Analysis directory is /mnt/openstudio/analysis_fe821d2c-df1e-4105-9ee6-6c7fef1463ae
[16:35:42.798466 INFO] Simulation directory is /mnt/openstudio/analysis_fe821d2c-df1e-4105-9ee6-6c7fef1463ae/data_point_94083cdd-d6f4-4c68-bb29-6d0061737ff7
[16:35:42.798521 INFO] Run datapoint type/file is workflow
[16:35:42.798574 INFO] Starting initialize_worker for datapoint 94083cdd-d6f4-4c68-bb29-6d0061737ff7
[16:35:42.798668 INFO] receipt_file already exists, moving on
[16:35:43.478968 INFO] Downloading datapoint from http://web:80/data_points/94083cdd-d6f4-4c68-bb29-6d0061737ff7.json
[16:35:43.832337 INFO] Creating Workflow Manager instance
[16:35:43.832417 INFO] Directory is /mnt/openstudio/analysis_fe821d2c-df1e-4105-9ee6-6c7fef1463ae/data_point_94083cdd-d6f4-4c68-bb29-6d0061737ff7
[16:35:43.832474 INFO] Opening run.log file '/mnt/openstudio/analysis_fe821d2c-df1e-4105-9ee6-6c7fef1463ae/data_point_94083cdd-d6f4-4c68-bb29-6d0061737ff7/run/run.log'
[16:35:43.845567 INFO] Running workflow
[16:40:02.076841 INFO] Final run state is finished
[16:40:02.098044 INFO] Saving files/reports back to the server
[16:40:02.098344 INFO] Saving report /mnt/openstudio/analysis_fe821d2c-df1e-4105-9ee6-6c7fef1463ae/data_point_94083cdd-d6f4-4c68-bb29-6d0061737ff7/reports/eplustbl.html to http://web:80/data_points/94083cdd-d6f4-4c68-bb29-6d0061737ff7/upload_file
[16:40:02.145365 INFO] Saving report responded with {"id":"59c93162a2321800caed5c72","data_point_id":"94083cdd-d6f4-4c68-bb29-6d0061737ff7","display_name":"eplustbl","type":"Report","created_at":"2017-09-25T16:40:02.125Z","updated_at":"2017-09-25T16:40:02.125Z"}
[16:40:02.145663 INFO] Saving report /mnt/openstudio/analysis_fe821d2c-df1e-4105-9ee6-6c7fef1463ae/data_point_94083cdd-d6f4-4c68-bb29-6d0061737ff7/run/objectives.json to http://web:80/data_points/94083cdd-d6f4-4c68-bb29-6d0061737ff7/upload_file
[16:40:02.167975 INFO] Saving report responded with {"id":"59c93162a2321800caed5c73","data_point_id":"94083cdd-d6f4-4c68-bb29-6d0061737ff7","display_name":"objectives","type":"Report","created_at":"2017-09-25T16:40:02.159Z","updated_at":"2017-09-25T16:40:02.159Z"}
[16:40:02.168193 INFO] Saving report /mnt/openstudio/analysis_fe821d2c-df1e-4105-9ee6-6c7fef1463ae/data_point_94083cdd-d6f4-4c68-bb29-6d0061737ff7/out.osw to http://web:80/data_points/94083cdd-d6f4-4c68-bb29-6d0061737ff7/upload_file
[16:40:02.201743 INFO] Saving report responded with {"id":"59c93162a2321800caed5c74","data_point_id":"94083cdd-d6f4-4c68-bb29-6d0061737ff7","display_name":"Final OSW File","type":"Report","created_at":"2017-09-25T16:40:02.186Z","updated_at":"2017-09-25T16:40:02.186Z"}
[16:40:02.201963 INFO] Saving report /mnt/openstudio/analysis_fe821d2c-df1e-4105-9ee6-6c7fef1463ae/data_point_94083cdd-d6f4-4c68-bb29-6d0061737ff7/in.osm to http://web:80/data_points/94083cdd-d6f4-4c68-bb29-6d0061737ff7/upload_file
[16:40:02.843658 INFO] Saving report responded with {"id":"59c93162a2321800caed5c75","data_point_id":"94083cdd-d6f4-4c68-bb29-6d0061737ff7","display_name":"model","type":"OpenStudio Model","created_at":"2017-09-25T16:40:02.808Z","updated_at":"2017-09-25T16:40:02.808Z"}
[16:40:02.843844 INFO] Saving report /mnt/openstudio/analysis_fe821d2c-df1e-4105-9ee6-6c7fef1463ae/data_point_94083cdd-d6f4-4c68-bb29-6d0061737ff7/run/data_point.zip to http://web:80/data_points/94083cdd-d6f4-4c68-bb29-6d0061737ff7/upload_file
[16:40:02.974072 INFO] Saving report responded with {"id":"59c93162a2321800caed5c76","data_point_id":"94083cdd-d6f4-4c68-bb29-6d0061737ff7","display_name":"Zip File","type":"Data Point","created_at":"2017-09-25T16:40:02.902Z","updated_at":"2017-09-25T16:40:02.902Z"}
[16:40:02.974581 INFO] Found data point finalization file datapoint_final.sh.
[16:40:02.974723 INFO] Preparing to run finalization script /mnt/openstudio/analysis_fe821d2c-df1e-4105-9ee6-6c7fef1463ae/scripts/worker_finalization/datapoint_final.sh
[16:40:02.975088 INFO] Looking for argument file /mnt/openstudio/analysis_fe821d2c-df1e-4105-9ee6-6c7fef1463ae/scripts/worker_finalization/datapoint_final.args
[16:40:02.975152 INFO] argument file exists /mnt/openstudio/analysis_fe821d2c-df1e-4105-9ee6-6c7fef1463ae/scripts/worker_finalization/datapoint_final.args
[16:40:02.975355 INFO] arguments are []
[16:40:03.063111 INFO] Script returned with exit code 0 of class Fixnum
[16:40:03.063452 INFO] Saving report /mnt/openstudio/analysis_fe821d2c-df1e-4105-9ee6-6c7fef1463ae/data_point_94083cdd-d6f4-4c68-bb29-6d0061737ff7/run/datapoint_final.log to http://web:80/data_points/94083cdd-d6f4-4c68-bb29-6d0061737ff7/upload_file
[16:40:03.277584 INFO] Saving report responded with {"id":"59c93163a2321800caed5c77","data_point_id":"94083cdd-d6f4-4c68-bb29-6d0061737ff7","display_name":"Finalization Script Log","type":"Report","created_at":"2017-09-25T16:40:03.263Z","updated_at":"2017-09-25T16:40:03.263Z"}
[16:40:03.287302 INFO] Finished /opt/openstudio/server/app/workers/run_simulate_data_point.rb
