# Logfile created on 2017-09-25 16:35:42 +0000 by logger.rb/47272
[16:35:42.984046 INFO] Server host is http://web:80
[16:35:42.984121 INFO] Analysis directory is /mnt/openstudio/analysis_fe821d2c-df1e-4105-9ee6-6c7fef1463ae
[16:35:42.984174 INFO] Simulation directory is /mnt/openstudio/analysis_fe821d2c-df1e-4105-9ee6-6c7fef1463ae/data_point_a8be4558-086a-4417-9576-828786f20222
[16:35:42.984209 INFO] Run datapoint type/file is workflow
[16:35:42.984240 INFO] Starting initialize_worker for datapoint a8be4558-086a-4417-9576-828786f20222
[16:35:42.984297 INFO] receipt_file already exists, moving on
[16:35:42.992537 INFO] Downloading datapoint from http://web:80/data_points/a8be4558-086a-4417-9576-828786f20222.json
[16:35:43.011702 INFO] Creating Workflow Manager instance
[16:35:43.011808 INFO] Directory is /mnt/openstudio/analysis_fe821d2c-df1e-4105-9ee6-6c7fef1463ae/data_point_a8be4558-086a-4417-9576-828786f20222
[16:35:43.011892 INFO] Opening run.log file '/mnt/openstudio/analysis_fe821d2c-df1e-4105-9ee6-6c7fef1463ae/data_point_a8be4558-086a-4417-9576-828786f20222/run/run.log'
[16:35:43.024523 INFO] Running workflow
[16:40:06.021468 INFO] Final run state is finished
[16:40:06.046712 INFO] Saving files/reports back to the server
[16:40:06.047031 INFO] Saving report /mnt/openstudio/analysis_fe821d2c-df1e-4105-9ee6-6c7fef1463ae/data_point_a8be4558-086a-4417-9576-828786f20222/reports/eplustbl.html to http://web:80/data_points/a8be4558-086a-4417-9576-828786f20222/upload_file
[16:40:06.081424 INFO] Saving report responded with {"id":"59c93166a2321800caed5c83","data_point_id":"a8be4558-086a-4417-9576-828786f20222","display_name":"eplustbl","type":"Report","created_at":"2017-09-25T16:40:06.072Z","updated_at":"2017-09-25T16:40:06.072Z"}
[16:40:06.081704 INFO] Saving report /mnt/openstudio/analysis_fe821d2c-df1e-4105-9ee6-6c7fef1463ae/data_point_a8be4558-086a-4417-9576-828786f20222/run/objectives.json to http://web:80/data_points/a8be4558-086a-4417-9576-828786f20222/upload_file
[16:40:06.132142 INFO] Saving report responded with {"id":"59c93166a2321800caed5c84","data_point_id":"a8be4558-086a-4417-9576-828786f20222","display_name":"objectives","type":"Report","created_at":"2017-09-25T16:40:06.123Z","updated_at":"2017-09-25T16:40:06.123Z"}
[16:40:06.132367 INFO] Saving report /mnt/openstudio/analysis_fe821d2c-df1e-4105-9ee6-6c7fef1463ae/data_point_a8be4558-086a-4417-9576-828786f20222/out.osw to http://web:80/data_points/a8be4558-086a-4417-9576-828786f20222/upload_file
[16:40:06.161732 INFO] Saving report responded with {"id":"59c93166a2321800caed5c85","data_point_id":"a8be4558-086a-4417-9576-828786f20222","display_name":"Final OSW File","type":"Report","created_at":"2017-09-25T16:40:06.150Z","updated_at":"2017-09-25T16:40:06.150Z"}
[16:40:06.161979 INFO] Saving report /mnt/openstudio/analysis_fe821d2c-df1e-4105-9ee6-6c7fef1463ae/data_point_a8be4558-086a-4417-9576-828786f20222/in.osm to http://web:80/data_points/a8be4558-086a-4417-9576-828786f20222/upload_file
[16:40:07.146492 INFO] Saving report responded with {"id":"59c93166a2321800caed5c86","data_point_id":"a8be4558-086a-4417-9576-828786f20222","display_name":"model","type":"OpenStudio Model","created_at":"2017-09-25T16:40:06.841Z","updated_at":"2017-09-25T16:40:06.841Z"}
[16:40:07.146748 INFO] Saving report /mnt/openstudio/analysis_fe821d2c-df1e-4105-9ee6-6c7fef1463ae/data_point_a8be4558-086a-4417-9576-828786f20222/run/data_point.zip to http://web:80/data_points/a8be4558-086a-4417-9576-828786f20222/upload_file
[16:40:07.330284 INFO] Saving report responded with {"id":"59c93167a2321800caed5c87","data_point_id":"a8be4558-086a-4417-9576-828786f20222","display_name":"Zip File","type":"Data Point","created_at":"2017-09-25T16:40:07.182Z","updated_at":"2017-09-25T16:40:07.182Z"}
[16:40:07.330591 INFO] Found data point finalization file datapoint_final.sh.
[16:40:07.330685 INFO] Preparing to run finalization script /mnt/openstudio/analysis_fe821d2c-df1e-4105-9ee6-6c7fef1463ae/scripts/worker_finalization/datapoint_final.sh
[16:40:07.371772 INFO] Looking for argument file /mnt/openstudio/analysis_fe821d2c-df1e-4105-9ee6-6c7fef1463ae/scripts/worker_finalization/datapoint_final.args
[16:40:07.371877 INFO] argument file exists /mnt/openstudio/analysis_fe821d2c-df1e-4105-9ee6-6c7fef1463ae/scripts/worker_finalization/datapoint_final.args
[16:40:07.684219 INFO] arguments are []
[16:40:07.785877 INFO] Script returned with exit code 0 of class Fixnum
[16:40:07.786137 INFO] Saving report /mnt/openstudio/analysis_fe821d2c-df1e-4105-9ee6-6c7fef1463ae/data_point_a8be4558-086a-4417-9576-828786f20222/run/datapoint_final.log to http://web:80/data_points/a8be4558-086a-4417-9576-828786f20222/upload_file
[16:40:07.846637 INFO] Saving report responded with {"id":"59c93167a2321800caed5c88","data_point_id":"a8be4558-086a-4417-9576-828786f20222","display_name":"Finalization Script Log","type":"Report","created_at":"2017-09-25T16:40:07.835Z","updated_at":"2017-09-25T16:40:07.835Z"}
[16:40:07.855247 INFO] Finished /opt/openstudio/server/app/workers/run_simulate_data_point.rb
