Cleaning up data_point directory.
Original files:
total 21724
-rw-rw-rw- 1 root root     4385 Sep 25 16:40 a8be4558-086a-4417-9576-828786f20222.log
-rw-rw-rw- 1 root root    66975 Sep 25 16:35 analysis.json
-rw-rw-rw- 1 root root     1030 Sep 25 16:35 data_point.json
-rw-rw-rw- 1 root root     2841 Sep 25 16:35 data_point.osw
-rw-rw-rw- 1 root root  4625201 Sep 25 16:36 in.idf
-rw-rw-rw- 1 root root 17366388 Sep 25 16:36 in.osm
-rw-rw-rw- 1 root root   153172 Sep 25 16:40 out.osw
drwxrwxrwx 2 root root     4096 Sep 25 16:40 reports
drwxrwxrwx 2 root root     4096 Sep 25 16:40 run
total 7456
-rw-rw-r-- 1 root root  621423 Sep 25 16:40 data_point.zip
-rw-rw-rw- 1 root root    8467 Sep 25 16:40 data_point_out.json
-rw-r--r-- 1 root root     587 Sep 25 16:40 datapoint_final.log
-rw-rw-rw- 1 root root  782993 Sep 25 16:40 enduse_timeseries.csv
-rw-rw-rw- 1 root root     102 Sep 25 16:38 eplusout.end
-rw-rw-rw- 1 root root   34788 Sep 25 16:38 eplusout.err
-rw-rw-rw- 1 root root   57715 Sep 25 16:38 eplusout.mtd
-rw-rw-rw- 1 root root   55652 Sep 25 16:37 eplusout.rdd
-rw-rw-rw- 1 root root  464014 Sep 25 16:38 eplustbl.htm
-rw-rw-rw- 1 root root      43 Sep 25 16:40 finished.job
-rw-rw-rw- 1 root root 4625201 Sep 25 16:36 in.idf
-rw-rw-rw- 1 root root    8467 Sep 25 16:40 measure_attributes.json
-rw-rw-rw- 1 root root   27589 Sep 25 16:35 measures.osw
-rw-rw-rw- 1 root root       3 Sep 25 16:40 objectives.json
-rw-rw-rw- 1 root root    8467 Sep 25 16:40 results.json
-rw-rw-rw- 1 root root  870553 Sep 25 16:40 run.log
-rw-rw-rw- 1 root root      49 Sep 25 16:37 sqlite.err
-rw-rw-rw- 1 root root      42 Sep 25 16:35 started.job
-rw-rw-rw- 1 root root    2336 Sep 25 16:38 stdout-energyplus
-rw-rw-rw- 1 root root      91 Sep 25 16:37 stdout-expandobject
7.3M	data_point_a8be4558-086a-4417-9576-828786f20222/run
460K	data_point_a8be4558-086a-4417-9576-828786f20222/reports
29M	data_point_a8be4558-086a-4417-9576-828786f20222
Final files:
total 244
-rw-rw-rw- 1 root root   4385 Sep 25 16:40 a8be4558-086a-4417-9576-828786f20222.log
-rw-rw-rw- 1 root root  66975 Sep 25 16:35 analysis.json
-rw-rw-rw- 1 root root   1030 Sep 25 16:35 data_point.json
-rw-rw-rw- 1 root root   2841 Sep 25 16:35 data_point.osw
-rw-rw-rw- 1 root root 153172 Sep 25 16:40 out.osw
drwxrwxrwx 2 root root   4096 Sep 25 16:40 reports
drwxrwxrwx 2 root root   4096 Sep 25 16:40 run
total 1380
-rw-rw-r-- 1 root root 621423 Sep 25 16:40 data_point.zip
-rw-r--r-- 1 root root   2375 Sep 25 16:40 datapoint_final.log
-rw-rw-rw- 1 root root 782993 Sep 25 16:40 enduse_timeseries.csv
1.4M	data_point_a8be4558-086a-4417-9576-828786f20222/run
460K	data_point_a8be4558-086a-4417-9576-828786f20222/reports
2.1M	data_point_a8be4558-086a-4417-9576-828786f20222
