# Logfile created on 2017-09-25 16:35:42 +0000 by logger.rb/47272
[16:35:42.714623 INFO] Server host is http://web:80
[16:35:42.714773 INFO] Analysis directory is /mnt/openstudio/analysis_fe821d2c-df1e-4105-9ee6-6c7fef1463ae
[16:35:42.714878 INFO] Simulation directory is /mnt/openstudio/analysis_fe821d2c-df1e-4105-9ee6-6c7fef1463ae/data_point_839e57f4-079a-4c73-aa7f-b0ee8f686a97
[16:35:42.714935 INFO] Run datapoint type/file is workflow
[16:35:42.714987 INFO] Starting initialize_worker for datapoint 839e57f4-079a-4c73-aa7f-b0ee8f686a97
[16:35:42.715100 INFO] receipt_file already exists, moving on
[16:35:42.898185 INFO] Downloading datapoint from http://web:80/data_points/839e57f4-079a-4c73-aa7f-b0ee8f686a97.json
[16:35:42.976059 INFO] Creating Workflow Manager instance
[16:35:42.976181 INFO] Directory is /mnt/openstudio/analysis_fe821d2c-df1e-4105-9ee6-6c7fef1463ae/data_point_839e57f4-079a-4c73-aa7f-b0ee8f686a97
[16:35:42.976256 INFO] Opening run.log file '/mnt/openstudio/analysis_fe821d2c-df1e-4105-9ee6-6c7fef1463ae/data_point_839e57f4-079a-4c73-aa7f-b0ee8f686a97/run/run.log'
[16:35:42.989489 INFO] Running workflow
[16:39:00.867549 INFO] Final run state is finished
[16:39:00.889756 INFO] Saving files/reports back to the server
[16:39:00.890011 INFO] Saving report /mnt/openstudio/analysis_fe821d2c-df1e-4105-9ee6-6c7fef1463ae/data_point_839e57f4-079a-4c73-aa7f-b0ee8f686a97/reports/eplustbl.html to http://web:80/data_points/839e57f4-079a-4c73-aa7f-b0ee8f686a97/upload_file
[16:39:00.961635 INFO] Saving report responded with {"id":"59c93124a2321800d2ed5790","data_point_id":"839e57f4-079a-4c73-aa7f-b0ee8f686a97","display_name":"eplustbl","type":"Report","created_at":"2017-09-25T16:39:00.934Z","updated_at":"2017-09-25T16:39:00.934Z"}
[16:39:00.968813 INFO] Saving report /mnt/openstudio/analysis_fe821d2c-df1e-4105-9ee6-6c7fef1463ae/data_point_839e57f4-079a-4c73-aa7f-b0ee8f686a97/run/objectives.json to http://web:80/data_points/839e57f4-079a-4c73-aa7f-b0ee8f686a97/upload_file
[16:39:00.990319 INFO] Saving report responded with {"id":"59c93124a2321800d2ed5791","data_point_id":"839e57f4-079a-4c73-aa7f-b0ee8f686a97","display_name":"objectives","type":"Report","created_at":"2017-09-25T16:39:00.982Z","updated_at":"2017-09-25T16:39:00.982Z"}
[16:39:00.990538 INFO] Saving report /mnt/openstudio/analysis_fe821d2c-df1e-4105-9ee6-6c7fef1463ae/data_point_839e57f4-079a-4c73-aa7f-b0ee8f686a97/out.osw to http://web:80/data_points/839e57f4-079a-4c73-aa7f-b0ee8f686a97/upload_file
[16:39:01.015857 INFO] Saving report responded with {"id":"59c93125a2321800caed5bed","data_point_id":"839e57f4-079a-4c73-aa7f-b0ee8f686a97","display_name":"Final OSW File","type":"Report","created_at":"2017-09-25T16:39:01.007Z","updated_at":"2017-09-25T16:39:01.007Z"}
[16:39:01.016074 INFO] Saving report /mnt/openstudio/analysis_fe821d2c-df1e-4105-9ee6-6c7fef1463ae/data_point_839e57f4-079a-4c73-aa7f-b0ee8f686a97/in.osm to http://web:80/data_points/839e57f4-079a-4c73-aa7f-b0ee8f686a97/upload_file
[16:39:01.891310 INFO] Saving report responded with {"id":"59c93125a2321800caed5bef","data_point_id":"839e57f4-079a-4c73-aa7f-b0ee8f686a97","display_name":"model","type":"OpenStudio Model","created_at":"2017-09-25T16:39:01.771Z","updated_at":"2017-09-25T16:39:01.771Z"}
[16:39:01.891565 INFO] Saving report /mnt/openstudio/analysis_fe821d2c-df1e-4105-9ee6-6c7fef1463ae/data_point_839e57f4-079a-4c73-aa7f-b0ee8f686a97/run/data_point.zip to http://web:80/data_points/839e57f4-079a-4c73-aa7f-b0ee8f686a97/upload_file
[16:39:01.957723 INFO] Saving report responded with {"id":"59c93125a2321800caed5bf0","data_point_id":"839e57f4-079a-4c73-aa7f-b0ee8f686a97","display_name":"Zip File","type":"Data Point","created_at":"2017-09-25T16:39:01.946Z","updated_at":"2017-09-25T16:39:01.946Z"}
[16:39:01.958265 INFO] Found data point finalization file datapoint_final.sh.
[16:39:01.958483 INFO] Preparing to run finalization script /mnt/openstudio/analysis_fe821d2c-df1e-4105-9ee6-6c7fef1463ae/scripts/worker_finalization/datapoint_final.sh
[16:39:01.958962 INFO] Looking for argument file /mnt/openstudio/analysis_fe821d2c-df1e-4105-9ee6-6c7fef1463ae/scripts/worker_finalization/datapoint_final.args
[16:39:01.959033 INFO] argument file exists /mnt/openstudio/analysis_fe821d2c-df1e-4105-9ee6-6c7fef1463ae/scripts/worker_finalization/datapoint_final.args
[16:39:01.959318 INFO] arguments are []
[16:39:02.016160 INFO] Script returned with exit code 0 of class Fixnum
[16:39:02.016419 INFO] Saving report /mnt/openstudio/analysis_fe821d2c-df1e-4105-9ee6-6c7fef1463ae/data_point_839e57f4-079a-4c73-aa7f-b0ee8f686a97/run/datapoint_final.log to http://web:80/data_points/839e57f4-079a-4c73-aa7f-b0ee8f686a97/upload_file
[16:39:02.058415 INFO] Saving report responded with {"id":"59c93126a2321800caed5bf1","data_point_id":"839e57f4-079a-4c73-aa7f-b0ee8f686a97","display_name":"Finalization Script Log","type":"Report","created_at":"2017-09-25T16:39:02.044Z","updated_at":"2017-09-25T16:39:02.044Z"}
[16:39:02.066802 INFO] Finished /opt/openstudio/server/app/workers/run_simulate_data_point.rb
