Cleaning up data_point directory.
Original files:
total 21240
-rw-rw-rw- 1 root root     4385 Sep 25 16:39 839e57f4-079a-4c73-aa7f-b0ee8f686a97.log
-rw-rw-rw- 1 root root    66975 Sep 25 16:35 analysis.json
-rw-rw-rw- 1 root root     1030 Sep 25 16:35 data_point.json
-rw-rw-rw- 1 root root     2841 Sep 25 16:35 data_point.osw
-rw-rw-rw- 1 root root  4399390 Sep 25 16:36 in.idf
-rw-rw-rw- 1 root root 17101347 Sep 25 16:36 in.osm
-rw-rw-rw- 1 root root   146205 Sep 25 16:39 out.osw
drwxrwxrwx 2 root root     4096 Sep 25 16:39 reports
drwxrwxrwx 2 root root     4096 Sep 25 16:39 run
total 7064
-rw-rw-r-- 1 root root  566454 Sep 25 16:39 data_point.zip
-rw-rw-rw- 1 root root    8307 Sep 25 16:39 data_point_out.json
-rw-r--r-- 1 root root     587 Sep 25 16:39 datapoint_final.log
-rw-rw-rw- 1 root root  733773 Sep 25 16:38 enduse_timeseries.csv
-rw-rw-rw- 1 root root     102 Sep 25 16:37 eplusout.end
-rw-rw-rw- 1 root root   35800 Sep 25 16:37 eplusout.err
-rw-rw-rw- 1 root root   54085 Sep 25 16:37 eplusout.mtd
-rw-rw-rw- 1 root root   53879 Sep 25 16:36 eplusout.rdd
-rw-rw-rw- 1 root root  406812 Sep 25 16:37 eplustbl.htm
-rw-rw-rw- 1 root root      43 Sep 25 16:39 finished.job
-rw-rw-rw- 1 root root 4399390 Sep 25 16:36 in.idf
-rw-rw-rw- 1 root root    8307 Sep 25 16:38 measure_attributes.json
-rw-rw-rw- 1 root root   25742 Sep 25 16:35 measures.osw
-rw-rw-rw- 1 root root       3 Sep 25 16:38 objectives.json
-rw-rw-rw- 1 root root    8307 Sep 25 16:38 results.json
-rw-rw-rw- 1 root root  861803 Sep 25 16:39 run.log
-rw-rw-rw- 1 root root      49 Sep 25 16:36 sqlite.err
-rw-rw-rw- 1 root root      42 Sep 25 16:35 started.job
-rw-rw-rw- 1 root root    2397 Sep 25 16:37 stdout-energyplus
-rw-rw-rw- 1 root root      91 Sep 25 16:36 stdout-expandobject
7.0M	data_point_839e57f4-079a-4c73-aa7f-b0ee8f686a97/run
404K	data_point_839e57f4-079a-4c73-aa7f-b0ee8f686a97/reports
29M	data_point_839e57f4-079a-4c73-aa7f-b0ee8f686a97
Final files:
total 236
-rw-rw-rw- 1 root root   4385 Sep 25 16:39 839e57f4-079a-4c73-aa7f-b0ee8f686a97.log
-rw-rw-rw- 1 root root  66975 Sep 25 16:35 analysis.json
-rw-rw-rw- 1 root root   1030 Sep 25 16:35 data_point.json
-rw-rw-rw- 1 root root   2841 Sep 25 16:35 data_point.osw
-rw-rw-rw- 1 root root 146205 Sep 25 16:39 out.osw
drwxrwxrwx 2 root root   4096 Sep 25 16:39 reports
drwxrwxrwx 2 root root   4096 Sep 25 16:39 run
total 1280
-rw-rw-r-- 1 root root 566454 Sep 25 16:39 data_point.zip
-rw-r--r-- 1 root root   2375 Sep 25 16:39 datapoint_final.log
-rw-rw-rw- 1 root root 733773 Sep 25 16:38 enduse_timeseries.csv
1.3M	data_point_839e57f4-079a-4c73-aa7f-b0ee8f686a97/run
404K	data_point_839e57f4-079a-4c73-aa7f-b0ee8f686a97/reports
1.9M	data_point_839e57f4-079a-4c73-aa7f-b0ee8f686a97
