# Logfile created on 2019-02-08 21:47:41 +0000 by logger.rb/47272
[21:47:41.114843 INFO] Checking for presence of args file at /mnt/openstudio/analysis_5b8bf959-6b87-4318-911c-88038d7f0940/scripts/data_point/initialize.args
[21:47:41.114906 INFO] Checking for presence of script file at /mnt/openstudio/analysis_5b8bf959-6b87-4318-911c-88038d7f0940/scripts/data_point/initialize.sh
[21:47:41.123306 INFO] Server host is http://web:80
[21:47:41.123401 INFO] Analysis directory is /mnt/openstudio/analysis_5b8bf959-6b87-4318-911c-88038d7f0940
[21:47:41.123467 INFO] Simulation directory is /mnt/openstudio/analysis_5b8bf959-6b87-4318-911c-88038d7f0940/data_point_948c80e3-d275-4547-b611-7bc3a563db9f
[21:47:41.123525 INFO] Run datapoint type/file is 
[21:47:41.123577 INFO] Starting initialize_worker for datapoint 948c80e3-d275-4547-b611-7bc3a563db9f
[21:47:41.123808 INFO] Downloading analysis zip from http://web:80/analyses/5b8bf959-6b87-4318-911c-88038d7f0940/download_analysis_zip
[21:47:48.898831 INFO] Extracting analysis zip to /mnt/openstudio/analysis_5b8bf959-6b87-4318-911c-88038d7f0940
[21:48:28.857561 INFO] Downloading analysis.json from http://web:80/analyses/5b8bf959-6b87-4318-911c-88038d7f0940.json
[21:48:28.901185 DEBUG] Running datapoint initialization file if present.
[21:48:28.901508 INFO] Checking for presence of args file at /mnt/openstudio/analysis_5b8bf959-6b87-4318-911c-88038d7f0940/scripts/data_point/initialize.args
[21:48:28.901737 INFO]  args loaded from file /mnt/openstudio/analysis_5b8bf959-6b87-4318-911c-88038d7f0940/scripts/data_point/initialize.args: ["https://s3.amazonaws.com/epwweatherfiles/project_resstock_national.zip"]
[21:48:28.901775 INFO] Checking for presence of script file at /mnt/openstudio/analysis_5b8bf959-6b87-4318-911c-88038d7f0940/scripts/data_point/initialize.sh
[21:48:28.901988 DEBUG] updating permissions for /mnt/openstudio/analysis_5b8bf959-6b87-4318-911c-88038d7f0940/scripts/data_point/initialize.sh
[21:48:28.902044 DEBUG] removing DOS endings for /mnt/openstudio/analysis_5b8bf959-6b87-4318-911c-88038d7f0940/scripts/data_point/initialize.sh
[21:48:28.902288 DEBUG] running /mnt/openstudio/analysis_5b8bf959-6b87-4318-911c-88038d7f0940/scripts/data_point/initialize.sh
[21:48:31.853079 DEBUG] Script returned with exit code 0 of class Fixnum
[21:48:31.853268 INFO] Finished worker initialization
[21:48:31.865099 INFO] Downloading datapoint from http://web:80/data_points/948c80e3-d275-4547-b611-7bc3a563db9f.json
[21:48:31.876409 INFO] Creating Workflow Manager instance
[21:48:31.876483 INFO] Directory is /mnt/openstudio/analysis_5b8bf959-6b87-4318-911c-88038d7f0940/data_point_948c80e3-d275-4547-b611-7bc3a563db9f
[21:48:31.876569 INFO] Opening run.log file '/mnt/openstudio/analysis_5b8bf959-6b87-4318-911c-88038d7f0940/data_point_948c80e3-d275-4547-b611-7bc3a563db9f/run/run.log'
[21:48:31.876693 WARN] OPENSTUDIO_EXE_PATH not set - defaulting to /usr/local/bin/openstudio
[21:48:31.876917 INFO] Running workflow using cmd /usr/local/bin/openstudio --verbose --bundle /var/oscli/Gemfile --bundle_path /var/oscli/gems run --workflow /mnt/openstudio/analysis_5b8bf959-6b87-4318-911c-88038d7f0940/data_point_948c80e3-d275-4547-b611-7bc3a563db9f/data_point.osw --debug and writing log to /mnt/openstudio/analysis_5b8bf959-6b87-4318-911c-88038d7f0940/data_point_948c80e3-d275-4547-b611-7bc3a563db9f/oscli_simulation.log
[21:49:54.511235 INFO] Saving files/reports back to the server
[21:49:54.511889 INFO] Saving report /mnt/openstudio/analysis_5b8bf959-6b87-4318-911c-88038d7f0940/data_point_948c80e3-d275-4547-b611-7bc3a563db9f/reports/eplustbl.html to http://web:80/data_points/948c80e3-d275-4547-b611-7bc3a563db9f/upload_file
[21:49:54.633447 INFO] Saving report responded with {"id":"5c5df9827899b500fb813b7b","data_point_id":"948c80e3-d275-4547-b611-7bc3a563db9f","display_name":"eplustbl","type":"Report","created_at":"2019-02-08T21:49:54.607Z","updated_at":"2019-02-08T21:49:54.607Z"}
[21:49:54.633874 INFO] Saving report /mnt/openstudio/analysis_5b8bf959-6b87-4318-911c-88038d7f0940/data_point_948c80e3-d275-4547-b611-7bc3a563db9f/run/objectives.json to http://web:80/data_points/948c80e3-d275-4547-b611-7bc3a563db9f/upload_file
[21:49:54.703626 INFO] Saving report responded with {"id":"5c5df9827899b50121813b7c","data_point_id":"948c80e3-d275-4547-b611-7bc3a563db9f","display_name":"objectives","type":"Report","created_at":"2019-02-08T21:49:54.688Z","updated_at":"2019-02-08T21:49:54.688Z"}
[21:49:54.703894 INFO] Saving report /mnt/openstudio/analysis_5b8bf959-6b87-4318-911c-88038d7f0940/data_point_948c80e3-d275-4547-b611-7bc3a563db9f/out.osw to http://web:80/data_points/948c80e3-d275-4547-b611-7bc3a563db9f/upload_file
[21:49:55.011028 INFO] Saving report responded with {"id":"5c5df9827899b500fb813b7e","data_point_id":"948c80e3-d275-4547-b611-7bc3a563db9f","display_name":"Final OSW File","type":"Report","created_at":"2019-02-08T21:49:54.918Z","updated_at":"2019-02-08T21:49:54.918Z"}
[21:49:55.011324 INFO] Saving report /mnt/openstudio/analysis_5b8bf959-6b87-4318-911c-88038d7f0940/data_point_948c80e3-d275-4547-b611-7bc3a563db9f/run/data_point.zip to http://web:80/data_points/948c80e3-d275-4547-b611-7bc3a563db9f/upload_file
[21:49:55.073046 INFO] Saving report responded with {"id":"5c5df9837899b5010c813b7f","data_point_id":"948c80e3-d275-4547-b611-7bc3a563db9f","display_name":"Zip File","type":"Data Point","created_at":"2019-02-08T21:49:55.055Z","updated_at":"2019-02-08T21:49:55.055Z"}
[21:49:55.073492 INFO] Checking for presence of args file at /mnt/openstudio/analysis_5b8bf959-6b87-4318-911c-88038d7f0940/scripts/data_point/finalize.args
[21:49:55.073763 INFO]  args loaded from file /mnt/openstudio/analysis_5b8bf959-6b87-4318-911c-88038d7f0940/scripts/data_point/finalize.args: []
[21:49:55.073815 INFO] Checking for presence of script file at /mnt/openstudio/analysis_5b8bf959-6b87-4318-911c-88038d7f0940/scripts/data_point/finalize.sh
[21:49:55.074127 DEBUG] updating permissions for /mnt/openstudio/analysis_5b8bf959-6b87-4318-911c-88038d7f0940/scripts/data_point/finalize.sh
[21:49:55.074210 DEBUG] removing DOS endings for /mnt/openstudio/analysis_5b8bf959-6b87-4318-911c-88038d7f0940/scripts/data_point/finalize.sh
[21:49:55.074549 DEBUG] running /mnt/openstudio/analysis_5b8bf959-6b87-4318-911c-88038d7f0940/scripts/data_point/finalize.sh
[21:49:55.117512 DEBUG] Script returned with exit code 0 of class Fixnum
[21:49:55.126376 INFO] Finished /opt/openstudio/server/app/jobs/dj_jobs/run_simulate_data_point.rb
