# Logfile created on 2017-09-25 16:37:53 +0000 by logger.rb/47272
[16:37:53.572466 INFO] Server host is http://web:80
[16:37:53.572549 INFO] Analysis directory is /mnt/openstudio/analysis_fe821d2c-df1e-4105-9ee6-6c7fef1463ae
[16:37:53.572621 INFO] Simulation directory is /mnt/openstudio/analysis_fe821d2c-df1e-4105-9ee6-6c7fef1463ae/data_point_bc5809d0-8b32-40e0-abdf-d0448c1a7bf0
[16:37:53.572669 INFO] Run datapoint type/file is workflow
[16:37:53.572726 INFO] Starting initialize_worker for datapoint bc5809d0-8b32-40e0-abdf-d0448c1a7bf0
[16:37:53.572949 INFO] Downloading analysis zip from http://web:80/analyses/fe821d2c-df1e-4105-9ee6-6c7fef1463ae/download_analysis_zip
[16:38:56.207908 INFO] Extracting analysis zip to /mnt/openstudio/analysis_fe821d2c-df1e-4105-9ee6-6c7fef1463ae
[16:38:59.389478 INFO] Downloading analysis.json from http://web:80/analyses/fe821d2c-df1e-4105-9ee6-6c7fef1463ae.json
[16:39:24.986623 INFO] Found data point initialization file datapoint_init.sh.
[16:39:24.987205 INFO] Preparing to run initialization script /mnt/openstudio/analysis_fe821d2c-df1e-4105-9ee6-6c7fef1463ae/scripts/worker_initialization/datapoint_init.sh
[16:39:24.987572 INFO] Looking for argument file /mnt/openstudio/analysis_fe821d2c-df1e-4105-9ee6-6c7fef1463ae/scripts/worker_initialization/datapoint_init.args
[16:39:24.987646 INFO] argument file exists /mnt/openstudio/analysis_fe821d2c-df1e-4105-9ee6-6c7fef1463ae/scripts/worker_initialization/datapoint_init.args
[16:39:24.987881 INFO] arguments are ["https://s3.amazonaws.com/epwweatherfiles/project_resstock_efs.zip"]
[16:39:35.255594 INFO] Script returned with exit code 0 of class Fixnum
[16:39:35.255822 INFO] Finished worker initialization
[16:39:45.849149 INFO] Downloading datapoint from http://web:80/data_points/bc5809d0-8b32-40e0-abdf-d0448c1a7bf0.json
[16:39:45.963865 INFO] Creating Workflow Manager instance
[16:39:45.963990 INFO] Directory is /mnt/openstudio/analysis_fe821d2c-df1e-4105-9ee6-6c7fef1463ae/data_point_bc5809d0-8b32-40e0-abdf-d0448c1a7bf0
[16:39:45.964085 INFO] Opening run.log file '/mnt/openstudio/analysis_fe821d2c-df1e-4105-9ee6-6c7fef1463ae/data_point_bc5809d0-8b32-40e0-abdf-d0448c1a7bf0/run/run.log'
[16:39:46.489121 INFO] Running workflow
[16:46:55.129599 INFO] Final run state is finished
[16:46:55.705551 INFO] Saving files/reports back to the server
[16:46:55.705765 INFO] Saving report /mnt/openstudio/analysis_fe821d2c-df1e-4105-9ee6-6c7fef1463ae/data_point_bc5809d0-8b32-40e0-abdf-d0448c1a7bf0/reports/eplustbl.html to http://web:80/data_points/bc5809d0-8b32-40e0-abdf-d0448c1a7bf0/upload_file
[16:46:55.923472 INFO] Saving report responded with {"id":"59c9329da2321800d2ed5861","data_point_id":"bc5809d0-8b32-40e0-abdf-d0448c1a7bf0","display_name":"eplustbl","type":"Report","created_at":"2017-09-25T16:45:17.716Z","updated_at":"2017-09-25T16:45:17.716Z"}
[16:46:55.923759 INFO] Saving report /mnt/openstudio/analysis_fe821d2c-df1e-4105-9ee6-6c7fef1463ae/data_point_bc5809d0-8b32-40e0-abdf-d0448c1a7bf0/run/objectives.json to http://web:80/data_points/bc5809d0-8b32-40e0-abdf-d0448c1a7bf0/upload_file
[16:46:56.569151 INFO] Saving report responded with {"id":"59c9329da2321800d2ed5862","data_point_id":"bc5809d0-8b32-40e0-abdf-d0448c1a7bf0","display_name":"objectives","type":"Report","created_at":"2017-09-25T16:45:17.866Z","updated_at":"2017-09-25T16:45:17.866Z"}
[16:46:56.569344 INFO] Saving report /mnt/openstudio/analysis_fe821d2c-df1e-4105-9ee6-6c7fef1463ae/data_point_bc5809d0-8b32-40e0-abdf-d0448c1a7bf0/out.osw to http://web:80/data_points/bc5809d0-8b32-40e0-abdf-d0448c1a7bf0/upload_file
[16:46:56.729561 INFO] Saving report responded with {"id":"59c9329ea2321800d2ed5863","data_point_id":"bc5809d0-8b32-40e0-abdf-d0448c1a7bf0","display_name":"Final OSW File","type":"Report","created_at":"2017-09-25T16:45:18.471Z","updated_at":"2017-09-25T16:45:18.471Z"}
[16:46:56.729755 INFO] Saving report /mnt/openstudio/analysis_fe821d2c-df1e-4105-9ee6-6c7fef1463ae/data_point_bc5809d0-8b32-40e0-abdf-d0448c1a7bf0/in.osm to http://web:80/data_points/bc5809d0-8b32-40e0-abdf-d0448c1a7bf0/upload_file
[16:46:58.643533 INFO] Saving report responded with {"id":"59c932a0a2321800dced5470","data_point_id":"bc5809d0-8b32-40e0-abdf-d0448c1a7bf0","display_name":"model","type":"OpenStudio Model","created_at":"2017-09-25T16:45:20.151Z","updated_at":"2017-09-25T16:45:20.151Z"}
[16:46:58.644062 INFO] Saving report /mnt/openstudio/analysis_fe821d2c-df1e-4105-9ee6-6c7fef1463ae/data_point_bc5809d0-8b32-40e0-abdf-d0448c1a7bf0/run/data_point.zip to http://web:80/data_points/bc5809d0-8b32-40e0-abdf-d0448c1a7bf0/upload_file
[16:46:58.780278 INFO] Saving report responded with {"id":"59c932a0a2321800dced5471","data_point_id":"bc5809d0-8b32-40e0-abdf-d0448c1a7bf0","display_name":"Zip File","type":"Data Point","created_at":"2017-09-25T16:45:20.625Z","updated_at":"2017-09-25T16:45:20.625Z"}
[16:46:58.780771 INFO] Found data point finalization file datapoint_final.sh.
[16:46:58.780882 INFO] Preparing to run finalization script /mnt/openstudio/analysis_fe821d2c-df1e-4105-9ee6-6c7fef1463ae/scripts/worker_finalization/datapoint_final.sh
[16:46:58.799192 INFO] Looking for argument file /mnt/openstudio/analysis_fe821d2c-df1e-4105-9ee6-6c7fef1463ae/scripts/worker_finalization/datapoint_final.args
[16:46:58.799267 INFO] argument file exists /mnt/openstudio/analysis_fe821d2c-df1e-4105-9ee6-6c7fef1463ae/scripts/worker_finalization/datapoint_final.args
[16:46:58.805907 INFO] arguments are []
[16:46:58.850849 INFO] Script returned with exit code 0 of class Fixnum
[16:46:58.851108 INFO] Saving report /mnt/openstudio/analysis_fe821d2c-df1e-4105-9ee6-6c7fef1463ae/data_point_bc5809d0-8b32-40e0-abdf-d0448c1a7bf0/run/datapoint_final.log to http://web:80/data_points/bc5809d0-8b32-40e0-abdf-d0448c1a7bf0/upload_file
[16:46:58.898171 INFO] Saving report responded with {"id":"59c932a0a2321800d2ed5867","data_point_id":"bc5809d0-8b32-40e0-abdf-d0448c1a7bf0","display_name":"Finalization Script Log","type":"Report","created_at":"2017-09-25T16:45:20.737Z","updated_at":"2017-09-25T16:45:20.737Z"}
[16:46:58.918785 INFO] Finished /opt/openstudio/server/app/workers/run_simulate_data_point.rb
