Cleaning up data_point directory.
Original files:
total 22104
-rw-rw-rw- 1 root root    66975 Sep 25 16:39 analysis.json
-rw-rw-rw- 1 root root     5490 Sep 25 16:46 bc5809d0-8b32-40e0-abdf-d0448c1a7bf0.log
-rw-rw-rw- 1 root root     1030 Sep 25 16:39 data_point.json
-rw-rw-rw- 1 root root     2841 Sep 25 16:39 data_point.osw
-rw-rw-rw- 1 root root  4938828 Sep 25 16:42 in.idf
-rw-rw-rw- 1 root root 17428702 Sep 25 16:42 in.osm
-rw-rw-rw- 1 root root   164683 Sep 25 16:46 out.osw
drwxrwxrwx 2 root root     4096 Sep 25 16:46 reports
drwxrwxrwx 2 root root     4096 Sep 25 16:46 run
total 8136
-rw-rw-r-- 1 root root  685683 Sep 25 16:46 data_point.zip
-rw-rw-rw- 1 root root    8473 Sep 25 16:46 data_point_out.json
-rw-r--r-- 1 root root     587 Sep 25 16:46 datapoint_final.log
-rw-r--r-- 1 root root   22402 Sep 25 16:39 datapoint_init.log
-rw-rw-rw- 1 root root  925037 Sep 25 16:46 enduse_timeseries.csv
-rw-rw-rw- 1 root root     102 Sep 25 16:45 eplusout.end
-rw-rw-rw- 1 root root   35523 Sep 25 16:45 eplusout.err
-rw-rw-rw- 1 root root   61674 Sep 25 16:45 eplusout.mtd
-rw-rw-rw- 1 root root   55649 Sep 25 16:44 eplusout.rdd
-rw-rw-rw- 1 root root  609621 Sep 25 16:45 eplustbl.htm
-rw-rw-rw- 1 root root      43 Sep 25 16:46 finished.job
-rw-rw-rw- 1 root root 4938828 Sep 25 16:42 in.idf
-rw-rw-rw- 1 root root    8473 Sep 25 16:46 measure_attributes.json
-rw-rw-rw- 1 root root   27406 Sep 25 16:39 measures.osw
-rw-rw-rw- 1 root root       3 Sep 25 16:46 objectives.json
-rw-rw-rw- 1 root root    8473 Sep 25 16:46 results.json
-rw-rw-rw- 1 root root  881242 Sep 25 16:46 run.log
-rw-rw-rw- 1 root root      49 Sep 25 16:43 sqlite.err
-rw-rw-rw- 1 root root      42 Sep 25 16:39 started.job
-rw-rw-rw- 1 root root    2351 Sep 25 16:45 stdout-energyplus
-rw-rw-rw- 1 root root      91 Sep 25 16:43 stdout-expandobject
600K	data_point_bc5809d0-8b32-40e0-abdf-d0448c1a7bf0/reports
8.0M	data_point_bc5809d0-8b32-40e0-abdf-d0448c1a7bf0/run
31M	data_point_bc5809d0-8b32-40e0-abdf-d0448c1a7bf0
Final files:
total 256
-rw-rw-rw- 1 root root  66975 Sep 25 16:39 analysis.json
-rw-rw-rw- 1 root root   5490 Sep 25 16:46 bc5809d0-8b32-40e0-abdf-d0448c1a7bf0.log
-rw-rw-rw- 1 root root   1030 Sep 25 16:39 data_point.json
-rw-rw-rw- 1 root root   2841 Sep 25 16:39 data_point.osw
-rw-rw-rw- 1 root root 164683 Sep 25 16:46 out.osw
drwxrwxrwx 2 root root   4096 Sep 25 16:46 reports
drwxrwxrwx 2 root root   4096 Sep 25 16:46 run
total 1604
-rw-rw-r-- 1 root root 685683 Sep 25 16:46 data_point.zip
-rw-r--r-- 1 root root   2438 Sep 25 16:46 datapoint_final.log
-rw-r--r-- 1 root root  22402 Sep 25 16:39 datapoint_init.log
-rw-rw-rw- 1 root root 925037 Sep 25 16:46 enduse_timeseries.csv
600K	data_point_bc5809d0-8b32-40e0-abdf-d0448c1a7bf0/reports
1.6M	data_point_bc5809d0-8b32-40e0-abdf-d0448c1a7bf0/run
2.5M	data_point_bc5809d0-8b32-40e0-abdf-d0448c1a7bf0
