Cleaning up data_point directory.
Original files:
total 21740
-rw-rw-rw- 1 root root    66975 Sep 25 16:38 analysis.json
-rw-rw-rw- 1 root root     1030 Sep 25 16:38 data_point.json
-rw-rw-rw- 1 root root     2841 Sep 25 16:38 data_point.osw
-rw-rw-rw- 1 root root     5490 Sep 25 16:42 f3f8cc0c-df77-4a87-af8b-863d1372bd88.log
-rw-rw-rw- 1 root root  4629112 Sep 25 16:39 in.idf
-rw-rw-rw- 1 root root 17378053 Sep 25 16:39 in.osm
-rw-rw-rw- 1 root root   153081 Sep 25 16:42 out.osw
drwxrwxrwx 2 root root     4096 Sep 25 16:42 reports
drwxrwxrwx 2 root root     4096 Sep 25 16:42 run
total 7636
-rw-rw-r-- 1 root root  644438 Sep 25 16:42 data_point.zip
-rw-rw-rw- 1 root root    8481 Sep 25 16:42 data_point_out.json
-rw-r--r-- 1 root root     587 Sep 25 16:42 datapoint_final.log
-rw-r--r-- 1 root root   22639 Sep 25 16:38 datapoint_init.log
-rw-rw-rw- 1 root root  858677 Sep 25 16:42 enduse_timeseries.csv
-rw-rw-rw- 1 root root     102 Sep 25 16:40 eplusout.end
-rw-rw-rw- 1 root root   34324 Sep 25 16:40 eplusout.err
-rw-rw-rw- 1 root root   58050 Sep 25 16:40 eplusout.mtd
-rw-rw-rw- 1 root root   55614 Sep 25 16:39 eplusout.rdd
-rw-rw-rw- 1 root root  525870 Sep 25 16:40 eplustbl.htm
-rw-rw-rw- 1 root root      43 Sep 25 16:42 finished.job
-rw-rw-rw- 1 root root 4629112 Sep 25 16:39 in.idf
-rw-rw-rw- 1 root root    8481 Sep 25 16:42 measure_attributes.json
-rw-rw-rw- 1 root root   27785 Sep 25 16:38 measures.osw
-rw-rw-rw- 1 root root       3 Sep 25 16:42 objectives.json
-rw-rw-rw- 1 root root    8481 Sep 25 16:42 results.json
-rw-rw-rw- 1 root root  870665 Sep 25 16:42 run.log
-rw-rw-rw- 1 root root      49 Sep 25 16:39 sqlite.err
-rw-rw-rw- 1 root root      42 Sep 25 16:38 started.job
-rw-rw-rw- 1 root root    2336 Sep 25 16:40 stdout-energyplus
-rw-rw-rw- 1 root root      91 Sep 25 16:39 stdout-expandobject
7.5M	data_point_f3f8cc0c-df77-4a87-af8b-863d1372bd88/run
520K	data_point_f3f8cc0c-df77-4a87-af8b-863d1372bd88/reports
30M	data_point_f3f8cc0c-df77-4a87-af8b-863d1372bd88
Final files:
total 244
-rw-rw-rw- 1 root root  66975 Sep 25 16:38 analysis.json
-rw-rw-rw- 1 root root   1030 Sep 25 16:38 data_point.json
-rw-rw-rw- 1 root root   2841 Sep 25 16:38 data_point.osw
-rw-rw-rw- 1 root root   5490 Sep 25 16:42 f3f8cc0c-df77-4a87-af8b-863d1372bd88.log
-rw-rw-rw- 1 root root 153081 Sep 25 16:42 out.osw
drwxrwxrwx 2 root root   4096 Sep 25 16:42 reports
drwxrwxrwx 2 root root   4096 Sep 25 16:42 run
total 1500
-rw-rw-r-- 1 root root 644438 Sep 25 16:42 data_point.zip
-rw-r--r-- 1 root root   2438 Sep 25 16:42 datapoint_final.log
-rw-r--r-- 1 root root  22639 Sep 25 16:38 datapoint_init.log
-rw-rw-rw- 1 root root 858677 Sep 25 16:42 enduse_timeseries.csv
1.5M	data_point_f3f8cc0c-df77-4a87-af8b-863d1372bd88/run
520K	data_point_f3f8cc0c-df77-4a87-af8b-863d1372bd88/reports
2.3M	data_point_f3f8cc0c-df77-4a87-af8b-863d1372bd88
