# Logfile created on 2017-09-25 16:36:31 +0000 by logger.rb/47272
[16:36:31.058169 INFO] Server host is http://web:80
[16:36:31.058253 INFO] Analysis directory is /mnt/openstudio/analysis_fe821d2c-df1e-4105-9ee6-6c7fef1463ae
[16:36:31.058317 INFO] Simulation directory is /mnt/openstudio/analysis_fe821d2c-df1e-4105-9ee6-6c7fef1463ae/data_point_f3f8cc0c-df77-4a87-af8b-863d1372bd88
[16:36:31.058354 INFO] Run datapoint type/file is workflow
[16:36:31.058392 INFO] Starting initialize_worker for datapoint f3f8cc0c-df77-4a87-af8b-863d1372bd88
[16:36:31.058568 INFO] Downloading analysis zip from http://web:80/analyses/fe821d2c-df1e-4105-9ee6-6c7fef1463ae/download_analysis_zip
[16:37:49.070315 INFO] Extracting analysis zip to /mnt/openstudio/analysis_fe821d2c-df1e-4105-9ee6-6c7fef1463ae
[16:37:53.271997 INFO] Downloading analysis.json from http://web:80/analyses/fe821d2c-df1e-4105-9ee6-6c7fef1463ae.json
[16:38:07.608846 INFO] Found data point initialization file datapoint_init.sh.
[16:38:07.609289 INFO] Preparing to run initialization script /mnt/openstudio/analysis_fe821d2c-df1e-4105-9ee6-6c7fef1463ae/scripts/worker_initialization/datapoint_init.sh
[16:38:07.614894 INFO] Looking for argument file /mnt/openstudio/analysis_fe821d2c-df1e-4105-9ee6-6c7fef1463ae/scripts/worker_initialization/datapoint_init.args
[16:38:07.614981 INFO] argument file exists /mnt/openstudio/analysis_fe821d2c-df1e-4105-9ee6-6c7fef1463ae/scripts/worker_initialization/datapoint_init.args
[16:38:07.615163 INFO] arguments are ["https://s3.amazonaws.com/epwweatherfiles/project_resstock_efs.zip"]
[16:38:22.649513 INFO] Script returned with exit code 0 of class Fixnum
[16:38:22.649699 INFO] Finished worker initialization
[16:38:22.665822 INFO] Downloading datapoint from http://web:80/data_points/f3f8cc0c-df77-4a87-af8b-863d1372bd88.json
[16:38:22.840370 INFO] Creating Workflow Manager instance
[16:38:22.840512 INFO] Directory is /mnt/openstudio/analysis_fe821d2c-df1e-4105-9ee6-6c7fef1463ae/data_point_f3f8cc0c-df77-4a87-af8b-863d1372bd88
[16:38:22.840683 INFO] Opening run.log file '/mnt/openstudio/analysis_fe821d2c-df1e-4105-9ee6-6c7fef1463ae/data_point_f3f8cc0c-df77-4a87-af8b-863d1372bd88/run/run.log'
[16:38:23.039178 INFO] Running workflow
[16:42:31.550828 INFO] Final run state is finished
[16:42:31.618150 INFO] Saving files/reports back to the server
[16:42:31.618488 INFO] Saving report /mnt/openstudio/analysis_fe821d2c-df1e-4105-9ee6-6c7fef1463ae/data_point_f3f8cc0c-df77-4a87-af8b-863d1372bd88/reports/eplustbl.html to http://web:80/data_points/f3f8cc0c-df77-4a87-af8b-863d1372bd88/upload_file
[16:42:31.655490 INFO] Saving report responded with {"id":"59c931f7a2321800caed5cdf","data_point_id":"f3f8cc0c-df77-4a87-af8b-863d1372bd88","display_name":"eplustbl","type":"Report","created_at":"2017-09-25T16:42:31.645Z","updated_at":"2017-09-25T16:42:31.645Z"}
[16:42:31.655843 INFO] Saving report /mnt/openstudio/analysis_fe821d2c-df1e-4105-9ee6-6c7fef1463ae/data_point_f3f8cc0c-df77-4a87-af8b-863d1372bd88/run/objectives.json to http://web:80/data_points/f3f8cc0c-df77-4a87-af8b-863d1372bd88/upload_file
[16:42:31.708448 INFO] Saving report responded with {"id":"59c931f7a2321800caed5ce0","data_point_id":"f3f8cc0c-df77-4a87-af8b-863d1372bd88","display_name":"objectives","type":"Report","created_at":"2017-09-25T16:42:31.694Z","updated_at":"2017-09-25T16:42:31.694Z"}
[16:42:31.708720 INFO] Saving report /mnt/openstudio/analysis_fe821d2c-df1e-4105-9ee6-6c7fef1463ae/data_point_f3f8cc0c-df77-4a87-af8b-863d1372bd88/out.osw to http://web:80/data_points/f3f8cc0c-df77-4a87-af8b-863d1372bd88/upload_file
[16:42:31.734833 INFO] Saving report responded with {"id":"59c931f7a2321800caed5ce1","data_point_id":"f3f8cc0c-df77-4a87-af8b-863d1372bd88","display_name":"Final OSW File","type":"Report","created_at":"2017-09-25T16:42:31.725Z","updated_at":"2017-09-25T16:42:31.725Z"}
[16:42:31.735066 INFO] Saving report /mnt/openstudio/analysis_fe821d2c-df1e-4105-9ee6-6c7fef1463ae/data_point_f3f8cc0c-df77-4a87-af8b-863d1372bd88/in.osm to http://web:80/data_points/f3f8cc0c-df77-4a87-af8b-863d1372bd88/upload_file
[16:42:32.432193 INFO] Saving report responded with {"id":"59c931f8a2321800caed5ce2","data_point_id":"f3f8cc0c-df77-4a87-af8b-863d1372bd88","display_name":"model","type":"OpenStudio Model","created_at":"2017-09-25T16:42:32.335Z","updated_at":"2017-09-25T16:42:32.335Z"}
[16:42:32.432376 INFO] Saving report /mnt/openstudio/analysis_fe821d2c-df1e-4105-9ee6-6c7fef1463ae/data_point_f3f8cc0c-df77-4a87-af8b-863d1372bd88/run/data_point.zip to http://web:80/data_points/f3f8cc0c-df77-4a87-af8b-863d1372bd88/upload_file
[16:42:32.467269 INFO] Saving report responded with {"id":"59c931f8a2321800caed5ce3","data_point_id":"f3f8cc0c-df77-4a87-af8b-863d1372bd88","display_name":"Zip File","type":"Data Point","created_at":"2017-09-25T16:42:32.456Z","updated_at":"2017-09-25T16:42:32.456Z"}
[16:42:32.467824 INFO] Found data point finalization file datapoint_final.sh.
[16:42:32.467965 INFO] Preparing to run finalization script /mnt/openstudio/analysis_fe821d2c-df1e-4105-9ee6-6c7fef1463ae/scripts/worker_finalization/datapoint_final.sh
[16:42:32.468206 INFO] Looking for argument file /mnt/openstudio/analysis_fe821d2c-df1e-4105-9ee6-6c7fef1463ae/scripts/worker_finalization/datapoint_final.args
[16:42:32.468248 INFO] argument file exists /mnt/openstudio/analysis_fe821d2c-df1e-4105-9ee6-6c7fef1463ae/scripts/worker_finalization/datapoint_final.args
[16:42:32.468398 INFO] arguments are []
[16:42:32.506810 INFO] Script returned with exit code 0 of class Fixnum
[16:42:32.507118 INFO] Saving report /mnt/openstudio/analysis_fe821d2c-df1e-4105-9ee6-6c7fef1463ae/data_point_f3f8cc0c-df77-4a87-af8b-863d1372bd88/run/datapoint_final.log to http://web:80/data_points/f3f8cc0c-df77-4a87-af8b-863d1372bd88/upload_file
[16:42:32.525982 INFO] Saving report responded with {"id":"59c931f8a2321800caed5ce4","data_point_id":"f3f8cc0c-df77-4a87-af8b-863d1372bd88","display_name":"Finalization Script Log","type":"Report","created_at":"2017-09-25T16:42:32.518Z","updated_at":"2017-09-25T16:42:32.518Z"}
[16:42:32.533360 INFO] Finished /opt/openstudio/server/app/workers/run_simulate_data_point.rb
