# Logfile created on 2017-09-25 16:37:54 +0000 by logger.rb/47272
[16:37:54.287436 INFO] Server host is http://web:80
[16:37:54.287486 INFO] Analysis directory is /mnt/openstudio/analysis_fe821d2c-df1e-4105-9ee6-6c7fef1463ae
[16:37:54.287529 INFO] Simulation directory is /mnt/openstudio/analysis_fe821d2c-df1e-4105-9ee6-6c7fef1463ae/data_point_9271cb20-2e92-4242-a7b8-7500ba474374
[16:37:54.287551 INFO] Run datapoint type/file is workflow
[16:37:54.287571 INFO] Starting initialize_worker for datapoint 9271cb20-2e92-4242-a7b8-7500ba474374
[16:37:54.287675 INFO] Downloading analysis zip from http://web:80/analyses/fe821d2c-df1e-4105-9ee6-6c7fef1463ae/download_analysis_zip
[16:38:55.164440 INFO] Extracting analysis zip to /mnt/openstudio/analysis_fe821d2c-df1e-4105-9ee6-6c7fef1463ae
[16:38:58.183857 INFO] Downloading analysis.json from http://web:80/analyses/fe821d2c-df1e-4105-9ee6-6c7fef1463ae.json
[16:39:24.369526 INFO] Found data point initialization file datapoint_init.sh.
[16:39:24.369823 INFO] Preparing to run initialization script /mnt/openstudio/analysis_fe821d2c-df1e-4105-9ee6-6c7fef1463ae/scripts/worker_initialization/datapoint_init.sh
[16:39:24.370061 INFO] Looking for argument file /mnt/openstudio/analysis_fe821d2c-df1e-4105-9ee6-6c7fef1463ae/scripts/worker_initialization/datapoint_init.args
[16:39:24.370109 INFO] argument file exists /mnt/openstudio/analysis_fe821d2c-df1e-4105-9ee6-6c7fef1463ae/scripts/worker_initialization/datapoint_init.args
[16:39:24.370251 INFO] arguments are ["https://s3.amazonaws.com/epwweatherfiles/project_resstock_efs.zip"]
[16:39:34.755773 INFO] Script returned with exit code 0 of class Fixnum
[16:39:34.755930 INFO] Finished worker initialization
[16:39:45.850428 INFO] Downloading datapoint from http://web:80/data_points/9271cb20-2e92-4242-a7b8-7500ba474374.json
[16:39:45.968897 INFO] Creating Workflow Manager instance
[16:39:45.969001 INFO] Directory is /mnt/openstudio/analysis_fe821d2c-df1e-4105-9ee6-6c7fef1463ae/data_point_9271cb20-2e92-4242-a7b8-7500ba474374
[16:39:45.969136 INFO] Opening run.log file '/mnt/openstudio/analysis_fe821d2c-df1e-4105-9ee6-6c7fef1463ae/data_point_9271cb20-2e92-4242-a7b8-7500ba474374/run/run.log'
[16:39:46.500588 INFO] Running workflow
[16:44:54.319143 INFO] Final run state is finished
[16:44:54.348905 INFO] Saving files/reports back to the server
[16:44:54.349342 INFO] Saving report /mnt/openstudio/analysis_fe821d2c-df1e-4105-9ee6-6c7fef1463ae/data_point_9271cb20-2e92-4242-a7b8-7500ba474374/reports/eplustbl.html to http://web:80/data_points/9271cb20-2e92-4242-a7b8-7500ba474374/upload_file
[16:44:54.427441 INFO] Saving report responded with {"id":"59c93224a2321800d2ed5804","data_point_id":"9271cb20-2e92-4242-a7b8-7500ba474374","display_name":"eplustbl","type":"Report","created_at":"2017-09-25T16:43:16.246Z","updated_at":"2017-09-25T16:43:16.246Z"}
[16:44:54.427899 INFO] Saving report /mnt/openstudio/analysis_fe821d2c-df1e-4105-9ee6-6c7fef1463ae/data_point_9271cb20-2e92-4242-a7b8-7500ba474374/run/objectives.json to http://web:80/data_points/9271cb20-2e92-4242-a7b8-7500ba474374/upload_file
[16:44:54.455944 INFO] Saving report responded with {"id":"59c93224a2321800d2ed5805","data_point_id":"9271cb20-2e92-4242-a7b8-7500ba474374","display_name":"objectives","type":"Report","created_at":"2017-09-25T16:43:16.307Z","updated_at":"2017-09-25T16:43:16.307Z"}
[16:44:54.456328 INFO] Saving report /mnt/openstudio/analysis_fe821d2c-df1e-4105-9ee6-6c7fef1463ae/data_point_9271cb20-2e92-4242-a7b8-7500ba474374/out.osw to http://web:80/data_points/9271cb20-2e92-4242-a7b8-7500ba474374/upload_file
[16:44:54.910326 INFO] Saving report responded with {"id":"59c93224a2321800d2ed5806","data_point_id":"9271cb20-2e92-4242-a7b8-7500ba474374","display_name":"Final OSW File","type":"Report","created_at":"2017-09-25T16:43:16.761Z","updated_at":"2017-09-25T16:43:16.761Z"}
[16:44:54.910709 INFO] Saving report /mnt/openstudio/analysis_fe821d2c-df1e-4105-9ee6-6c7fef1463ae/data_point_9271cb20-2e92-4242-a7b8-7500ba474374/in.osm to http://web:80/data_points/9271cb20-2e92-4242-a7b8-7500ba474374/upload_file
[16:44:55.985449 INFO] Saving report responded with {"id":"59c93225a2321800caed5d05","data_point_id":"9271cb20-2e92-4242-a7b8-7500ba474374","display_name":"model","type":"OpenStudio Model","created_at":"2017-09-25T16:43:17.708Z","updated_at":"2017-09-25T16:43:17.708Z"}
[16:44:55.986373 INFO] Saving report /mnt/openstudio/analysis_fe821d2c-df1e-4105-9ee6-6c7fef1463ae/data_point_9271cb20-2e92-4242-a7b8-7500ba474374/run/data_point.zip to http://web:80/data_points/9271cb20-2e92-4242-a7b8-7500ba474374/upload_file
[16:44:56.041079 INFO] Saving report responded with {"id":"59c93225a2321800caed5d06","data_point_id":"9271cb20-2e92-4242-a7b8-7500ba474374","display_name":"Zip File","type":"Data Point","created_at":"2017-09-25T16:43:17.885Z","updated_at":"2017-09-25T16:43:17.885Z"}
[16:44:56.041612 INFO] Found data point finalization file datapoint_final.sh.
[16:44:56.041811 INFO] Preparing to run finalization script /mnt/openstudio/analysis_fe821d2c-df1e-4105-9ee6-6c7fef1463ae/scripts/worker_finalization/datapoint_final.sh
[16:44:56.057734 INFO] Looking for argument file /mnt/openstudio/analysis_fe821d2c-df1e-4105-9ee6-6c7fef1463ae/scripts/worker_finalization/datapoint_final.args
[16:44:56.057899 INFO] argument file exists /mnt/openstudio/analysis_fe821d2c-df1e-4105-9ee6-6c7fef1463ae/scripts/worker_finalization/datapoint_final.args
[16:44:56.211621 INFO] arguments are []
[16:44:56.775551 INFO] Script returned with exit code 0 of class Fixnum
[16:44:56.776115 INFO] Saving report /mnt/openstudio/analysis_fe821d2c-df1e-4105-9ee6-6c7fef1463ae/data_point_9271cb20-2e92-4242-a7b8-7500ba474374/run/datapoint_final.log to http://web:80/data_points/9271cb20-2e92-4242-a7b8-7500ba474374/upload_file
[16:44:56.806421 INFO] Saving report responded with {"id":"59c93226a2321800caed5d07","data_point_id":"9271cb20-2e92-4242-a7b8-7500ba474374","display_name":"Finalization Script Log","type":"Report","created_at":"2017-09-25T16:43:18.657Z","updated_at":"2017-09-25T16:43:18.657Z"}
[16:44:56.821566 INFO] Finished /opt/openstudio/server/app/workers/run_simulate_data_point.rb
