Cleaning up data_point directory.
Original files:
total 21696
-rw-rw-rw- 1 root root     5490 Sep 25 16:44 9271cb20-2e92-4242-a7b8-7500ba474374.log
-rw-rw-rw- 1 root root    66975 Sep 25 16:39 analysis.json
-rw-rw-rw- 1 root root     1030 Sep 25 16:39 data_point.json
-rw-rw-rw- 1 root root     2841 Sep 25 16:39 data_point.osw
-rw-rw-rw- 1 root root  4611126 Sep 25 16:42 in.idf
-rw-rw-rw- 1 root root 17352601 Sep 25 16:42 in.osm
-rw-rw-rw- 1 root root   153689 Sep 25 16:44 out.osw
drwxrwxrwx 2 root root     4096 Sep 25 16:44 reports
drwxrwxrwx 2 root root     4096 Sep 25 16:44 run
total 7456
-rw-rw-r-- 1 root root  587801 Sep 25 16:44 data_point.zip
-rw-rw-rw- 1 root root    8438 Sep 25 16:44 data_point_out.json
-rw-r--r-- 1 root root     587 Sep 25 16:44 datapoint_final.log
-rw-r--r-- 1 root root   22323 Sep 25 16:39 datapoint_init.log
-rw-rw-rw- 1 root root  834820 Sep 25 16:44 enduse_timeseries.csv
-rw-rw-rw- 1 root root     102 Sep 25 16:43 eplusout.end
-rw-rw-rw- 1 root root   36973 Sep 25 16:43 eplusout.err
-rw-rw-rw- 1 root root   56125 Sep 25 16:43 eplusout.mtd
-rw-rw-rw- 1 root root   54884 Sep 25 16:42 eplusout.rdd
-rw-rw-rw- 1 root root  445922 Sep 25 16:43 eplustbl.htm
-rw-rw-rw- 1 root root      43 Sep 25 16:44 finished.job
-rw-rw-rw- 1 root root 4611126 Sep 25 16:42 in.idf
-rw-rw-rw- 1 root root    8438 Sep 25 16:44 measure_attributes.json
-rw-rw-rw- 1 root root   27357 Sep 25 16:39 measures.osw
-rw-rw-rw- 1 root root       3 Sep 25 16:44 objectives.json
-rw-rw-rw- 1 root root    8438 Sep 25 16:44 results.json
-rw-rw-rw- 1 root root  868594 Sep 25 16:44 run.log
-rw-rw-rw- 1 root root      49 Sep 25 16:42 sqlite.err
-rw-rw-rw- 1 root root      42 Sep 25 16:39 started.job
-rw-rw-rw- 1 root root    2413 Sep 25 16:43 stdout-energyplus
-rw-rw-rw- 1 root root      91 Sep 25 16:42 stdout-expandobject
440K	data_point_9271cb20-2e92-4242-a7b8-7500ba474374/reports
7.3M	data_point_9271cb20-2e92-4242-a7b8-7500ba474374/run
29M	data_point_9271cb20-2e92-4242-a7b8-7500ba474374
Final files:
total 244
-rw-rw-rw- 1 root root   5490 Sep 25 16:44 9271cb20-2e92-4242-a7b8-7500ba474374.log
-rw-rw-rw- 1 root root  66975 Sep 25 16:39 analysis.json
-rw-rw-rw- 1 root root   1030 Sep 25 16:39 data_point.json
-rw-rw-rw- 1 root root   2841 Sep 25 16:39 data_point.osw
-rw-rw-rw- 1 root root 153689 Sep 25 16:44 out.osw
drwxrwxrwx 2 root root   4096 Sep 25 16:44 reports
drwxrwxrwx 2 root root   4096 Sep 25 16:44 run
total 1420
-rw-rw-r-- 1 root root 587801 Sep 25 16:44 data_point.zip
-rw-r--r-- 1 root root   2438 Sep 25 16:44 datapoint_final.log
-rw-r--r-- 1 root root  22323 Sep 25 16:39 datapoint_init.log
-rw-rw-rw- 1 root root 834820 Sep 25 16:44 enduse_timeseries.csv
440K	data_point_9271cb20-2e92-4242-a7b8-7500ba474374/reports
1.4M	data_point_9271cb20-2e92-4242-a7b8-7500ba474374/run
2.1M	data_point_9271cb20-2e92-4242-a7b8-7500ba474374
