# Logfile created on 2017-09-25 16:35:42 +0000 by logger.rb/47272
[16:35:43.006159 INFO] Server host is http://web:80
[16:35:43.006265 INFO] Analysis directory is /mnt/openstudio/analysis_fe821d2c-df1e-4105-9ee6-6c7fef1463ae
[16:35:43.006328 INFO] Simulation directory is /mnt/openstudio/analysis_fe821d2c-df1e-4105-9ee6-6c7fef1463ae/data_point_a4ce89b9-82d1-4d5d-a741-63d7919c7ca9
[16:35:43.006372 INFO] Run datapoint type/file is workflow
[16:35:43.006404 INFO] Starting initialize_worker for datapoint a4ce89b9-82d1-4d5d-a741-63d7919c7ca9
[16:35:43.006472 INFO] receipt_file already exists, moving on
[16:35:43.014940 INFO] Downloading datapoint from http://web:80/data_points/a4ce89b9-82d1-4d5d-a741-63d7919c7ca9.json
[16:35:43.028064 INFO] Creating Workflow Manager instance
[16:35:43.028131 INFO] Directory is /mnt/openstudio/analysis_fe821d2c-df1e-4105-9ee6-6c7fef1463ae/data_point_a4ce89b9-82d1-4d5d-a741-63d7919c7ca9
[16:35:43.028180 INFO] Opening run.log file '/mnt/openstudio/analysis_fe821d2c-df1e-4105-9ee6-6c7fef1463ae/data_point_a4ce89b9-82d1-4d5d-a741-63d7919c7ca9/run/run.log'
[16:35:43.040256 INFO] Running workflow
[16:39:43.189656 INFO] Final run state is finished
[16:39:43.215307 INFO] Saving files/reports back to the server
[16:39:43.215689 INFO] Saving report /mnt/openstudio/analysis_fe821d2c-df1e-4105-9ee6-6c7fef1463ae/data_point_a4ce89b9-82d1-4d5d-a741-63d7919c7ca9/reports/eplustbl.html to http://web:80/data_points/a4ce89b9-82d1-4d5d-a741-63d7919c7ca9/upload_file
[16:39:43.257879 INFO] Saving report responded with {"id":"59c9314fa2321800caed5c45","data_point_id":"a4ce89b9-82d1-4d5d-a741-63d7919c7ca9","display_name":"eplustbl","type":"Report","created_at":"2017-09-25T16:39:43.248Z","updated_at":"2017-09-25T16:39:43.248Z"}
[16:39:43.258140 INFO] Saving report /mnt/openstudio/analysis_fe821d2c-df1e-4105-9ee6-6c7fef1463ae/data_point_a4ce89b9-82d1-4d5d-a741-63d7919c7ca9/run/objectives.json to http://web:80/data_points/a4ce89b9-82d1-4d5d-a741-63d7919c7ca9/upload_file
[16:39:43.280374 INFO] Saving report responded with {"id":"59c9314fa2321800caed5c46","data_point_id":"a4ce89b9-82d1-4d5d-a741-63d7919c7ca9","display_name":"objectives","type":"Report","created_at":"2017-09-25T16:39:43.271Z","updated_at":"2017-09-25T16:39:43.271Z"}
[16:39:43.280665 INFO] Saving report /mnt/openstudio/analysis_fe821d2c-df1e-4105-9ee6-6c7fef1463ae/data_point_a4ce89b9-82d1-4d5d-a741-63d7919c7ca9/out.osw to http://web:80/data_points/a4ce89b9-82d1-4d5d-a741-63d7919c7ca9/upload_file
[16:39:43.311680 INFO] Saving report responded with {"id":"59c9314fa2321800caed5c47","data_point_id":"a4ce89b9-82d1-4d5d-a741-63d7919c7ca9","display_name":"Final OSW File","type":"Report","created_at":"2017-09-25T16:39:43.302Z","updated_at":"2017-09-25T16:39:43.302Z"}
[16:39:43.311966 INFO] Saving report /mnt/openstudio/analysis_fe821d2c-df1e-4105-9ee6-6c7fef1463ae/data_point_a4ce89b9-82d1-4d5d-a741-63d7919c7ca9/in.osm to http://web:80/data_points/a4ce89b9-82d1-4d5d-a741-63d7919c7ca9/upload_file
[16:39:44.451674 INFO] Saving report responded with {"id":"59c93150a2321800d2ed57af","data_point_id":"a4ce89b9-82d1-4d5d-a741-63d7919c7ca9","display_name":"model","type":"OpenStudio Model","created_at":"2017-09-25T16:39:44.107Z","updated_at":"2017-09-25T16:39:44.107Z"}
[16:39:44.451971 INFO] Saving report /mnt/openstudio/analysis_fe821d2c-df1e-4105-9ee6-6c7fef1463ae/data_point_a4ce89b9-82d1-4d5d-a741-63d7919c7ca9/run/data_point.zip to http://web:80/data_points/a4ce89b9-82d1-4d5d-a741-63d7919c7ca9/upload_file
[16:39:44.547087 INFO] Saving report responded with {"id":"59c93150a2321800caed5c49","data_point_id":"a4ce89b9-82d1-4d5d-a741-63d7919c7ca9","display_name":"Zip File","type":"Data Point","created_at":"2017-09-25T16:39:44.516Z","updated_at":"2017-09-25T16:39:44.516Z"}
[16:39:44.547705 INFO] Found data point finalization file datapoint_final.sh.
[16:39:44.547939 INFO] Preparing to run finalization script /mnt/openstudio/analysis_fe821d2c-df1e-4105-9ee6-6c7fef1463ae/scripts/worker_finalization/datapoint_final.sh
[16:39:44.548323 INFO] Looking for argument file /mnt/openstudio/analysis_fe821d2c-df1e-4105-9ee6-6c7fef1463ae/scripts/worker_finalization/datapoint_final.args
[16:39:44.548394 INFO] argument file exists /mnt/openstudio/analysis_fe821d2c-df1e-4105-9ee6-6c7fef1463ae/scripts/worker_finalization/datapoint_final.args
[16:39:44.548636 INFO] arguments are []
[16:39:44.641105 INFO] Script returned with exit code 0 of class Fixnum
[16:39:44.641494 INFO] Saving report /mnt/openstudio/analysis_fe821d2c-df1e-4105-9ee6-6c7fef1463ae/data_point_a4ce89b9-82d1-4d5d-a741-63d7919c7ca9/run/datapoint_final.log to http://web:80/data_points/a4ce89b9-82d1-4d5d-a741-63d7919c7ca9/upload_file
[16:39:44.671283 INFO] Saving report responded with {"id":"59c93150a2321800d2ed57b1","data_point_id":"a4ce89b9-82d1-4d5d-a741-63d7919c7ca9","display_name":"Finalization Script Log","type":"Report","created_at":"2017-09-25T16:39:44.660Z","updated_at":"2017-09-25T16:39:44.660Z"}
[16:39:44.682698 INFO] Finished /opt/openstudio/server/app/workers/run_simulate_data_point.rb
