# Logfile created on 2017-09-25 16:35:42 +0000 by logger.rb/47272
[16:35:42.963514 INFO] Server host is http://web:80
[16:35:42.963609 INFO] Analysis directory is /mnt/openstudio/analysis_fe821d2c-df1e-4105-9ee6-6c7fef1463ae
[16:35:42.963698 INFO] Simulation directory is /mnt/openstudio/analysis_fe821d2c-df1e-4105-9ee6-6c7fef1463ae/data_point_3713586a-ae36-4628-9dc7-b98844b117fd
[16:35:42.963760 INFO] Run datapoint type/file is workflow
[16:35:42.963820 INFO] Starting initialize_worker for datapoint 3713586a-ae36-4628-9dc7-b98844b117fd
[16:35:42.963934 INFO] receipt_file already exists, moving on
[16:35:42.988235 INFO] Downloading datapoint from http://web:80/data_points/3713586a-ae36-4628-9dc7-b98844b117fd.json
[16:35:43.017350 INFO] Creating Workflow Manager instance
[16:35:43.017431 INFO] Directory is /mnt/openstudio/analysis_fe821d2c-df1e-4105-9ee6-6c7fef1463ae/data_point_3713586a-ae36-4628-9dc7-b98844b117fd
[16:35:43.017506 INFO] Opening run.log file '/mnt/openstudio/analysis_fe821d2c-df1e-4105-9ee6-6c7fef1463ae/data_point_3713586a-ae36-4628-9dc7-b98844b117fd/run/run.log'
[16:35:43.033449 INFO] Running workflow
[16:40:03.382464 INFO] Final run state is finished
[16:40:03.406511 INFO] Saving files/reports back to the server
[16:40:03.406825 INFO] Saving report /mnt/openstudio/analysis_fe821d2c-df1e-4105-9ee6-6c7fef1463ae/data_point_3713586a-ae36-4628-9dc7-b98844b117fd/reports/eplustbl.html to http://web:80/data_points/3713586a-ae36-4628-9dc7-b98844b117fd/upload_file
[16:40:03.501340 INFO] Saving report responded with {"id":"59c93163a2321800d2ed57ca","data_point_id":"3713586a-ae36-4628-9dc7-b98844b117fd","display_name":"eplustbl","type":"Report","created_at":"2017-09-25T16:40:03.476Z","updated_at":"2017-09-25T16:40:03.476Z"}
[16:40:03.501690 INFO] Saving report /mnt/openstudio/analysis_fe821d2c-df1e-4105-9ee6-6c7fef1463ae/data_point_3713586a-ae36-4628-9dc7-b98844b117fd/run/objectives.json to http://web:80/data_points/3713586a-ae36-4628-9dc7-b98844b117fd/upload_file
[16:40:03.571948 INFO] Saving report responded with {"id":"59c93163a2321800d2ed57cb","data_point_id":"3713586a-ae36-4628-9dc7-b98844b117fd","display_name":"objectives","type":"Report","created_at":"2017-09-25T16:40:03.561Z","updated_at":"2017-09-25T16:40:03.561Z"}
[16:40:03.572267 INFO] Saving report /mnt/openstudio/analysis_fe821d2c-df1e-4105-9ee6-6c7fef1463ae/data_point_3713586a-ae36-4628-9dc7-b98844b117fd/out.osw to http://web:80/data_points/3713586a-ae36-4628-9dc7-b98844b117fd/upload_file
[16:40:03.607996 INFO] Saving report responded with {"id":"59c93163a2321800d2ed57cc","data_point_id":"3713586a-ae36-4628-9dc7-b98844b117fd","display_name":"Final OSW File","type":"Report","created_at":"2017-09-25T16:40:03.594Z","updated_at":"2017-09-25T16:40:03.594Z"}
[16:40:03.608283 INFO] Saving report /mnt/openstudio/analysis_fe821d2c-df1e-4105-9ee6-6c7fef1463ae/data_point_3713586a-ae36-4628-9dc7-b98844b117fd/in.osm to http://web:80/data_points/3713586a-ae36-4628-9dc7-b98844b117fd/upload_file
[16:40:04.472156 INFO] Saving report responded with {"id":"59c93164a2321800d2ed57cd","data_point_id":"3713586a-ae36-4628-9dc7-b98844b117fd","display_name":"model","type":"OpenStudio Model","created_at":"2017-09-25T16:40:04.397Z","updated_at":"2017-09-25T16:40:04.397Z"}
[16:40:04.472504 INFO] Saving report /mnt/openstudio/analysis_fe821d2c-df1e-4105-9ee6-6c7fef1463ae/data_point_3713586a-ae36-4628-9dc7-b98844b117fd/run/data_point.zip to http://web:80/data_points/3713586a-ae36-4628-9dc7-b98844b117fd/upload_file
[16:40:04.518107 INFO] Saving report responded with {"id":"59c93164a2321800caed5c7e","data_point_id":"3713586a-ae36-4628-9dc7-b98844b117fd","display_name":"Zip File","type":"Data Point","created_at":"2017-09-25T16:40:04.505Z","updated_at":"2017-09-25T16:40:04.505Z"}
[16:40:04.519162 INFO] Found data point finalization file datapoint_final.sh.
[16:40:04.519408 INFO] Preparing to run finalization script /mnt/openstudio/analysis_fe821d2c-df1e-4105-9ee6-6c7fef1463ae/scripts/worker_finalization/datapoint_final.sh
[16:40:04.519937 INFO] Looking for argument file /mnt/openstudio/analysis_fe821d2c-df1e-4105-9ee6-6c7fef1463ae/scripts/worker_finalization/datapoint_final.args
[16:40:04.520013 INFO] argument file exists /mnt/openstudio/analysis_fe821d2c-df1e-4105-9ee6-6c7fef1463ae/scripts/worker_finalization/datapoint_final.args
[16:40:04.520232 INFO] arguments are []
[16:40:04.589027 INFO] Script returned with exit code 0 of class Fixnum
[16:40:04.589435 INFO] Saving report /mnt/openstudio/analysis_fe821d2c-df1e-4105-9ee6-6c7fef1463ae/data_point_3713586a-ae36-4628-9dc7-b98844b117fd/run/datapoint_final.log to http://web:80/data_points/3713586a-ae36-4628-9dc7-b98844b117fd/upload_file
[16:40:04.662241 INFO] Saving report responded with {"id":"59c93164a2321800d2ed57ce","data_point_id":"3713586a-ae36-4628-9dc7-b98844b117fd","display_name":"Finalization Script Log","type":"Report","created_at":"2017-09-25T16:40:04.637Z","updated_at":"2017-09-25T16:40:04.637Z"}
[16:40:04.672513 INFO] Finished /opt/openstudio/server/app/workers/run_simulate_data_point.rb
