Cleaning up data_point directory.
Original files:
total 21704
-rw-rw-rw- 1 root root     4385 Sep 25 16:40 3713586a-ae36-4628-9dc7-b98844b117fd.log
-rw-rw-rw- 1 root root    66975 Sep 25 16:35 analysis.json
-rw-rw-rw- 1 root root     1030 Sep 25 16:35 data_point.json
-rw-rw-rw- 1 root root     2841 Sep 25 16:35 data_point.osw
-rw-rw-rw- 1 root root  4616768 Sep 25 16:36 in.idf
-rw-rw-rw- 1 root root 17356087 Sep 25 16:36 in.osm
-rw-rw-rw- 1 root root   149068 Sep 25 16:40 out.osw
drwxrwxrwx 2 root root     4096 Sep 25 16:40 reports
drwxrwxrwx 2 root root     4096 Sep 25 16:40 run
total 7484
-rw-rw-r-- 1 root root  620579 Sep 25 16:40 data_point.zip
-rw-rw-rw- 1 root root    8431 Sep 25 16:40 data_point_out.json
-rw-r--r-- 1 root root     587 Sep 25 16:40 datapoint_final.log
-rw-rw-rw- 1 root root  785697 Sep 25 16:40 enduse_timeseries.csv
-rw-rw-rw- 1 root root     102 Sep 25 16:38 eplusout.end
-rw-rw-rw- 1 root root   34453 Sep 25 16:38 eplusout.err
-rw-rw-rw- 1 root root   56064 Sep 25 16:38 eplusout.mtd
-rw-rw-rw- 1 root root   55652 Sep 25 16:37 eplusout.rdd
-rw-rw-rw- 1 root root  510169 Sep 25 16:38 eplustbl.htm
-rw-rw-rw- 1 root root      43 Sep 25 16:40 finished.job
-rw-rw-rw- 1 root root 4616768 Sep 25 16:36 in.idf
-rw-rw-rw- 1 root root    8431 Sep 25 16:40 measure_attributes.json
-rw-rw-rw- 1 root root   27691 Sep 25 16:35 measures.osw
-rw-rw-rw- 1 root root       3 Sep 25 16:40 objectives.json
-rw-rw-rw- 1 root root    8431 Sep 25 16:40 results.json
-rw-rw-rw- 1 root root  866612 Sep 25 16:40 run.log
-rw-rw-rw- 1 root root      49 Sep 25 16:37 sqlite.err
-rw-rw-rw- 1 root root      42 Sep 25 16:35 started.job
-rw-rw-rw- 1 root root    2336 Sep 25 16:38 stdout-energyplus
-rw-rw-rw- 1 root root      91 Sep 25 16:37 stdout-expandobject
7.4M	data_point_3713586a-ae36-4628-9dc7-b98844b117fd/run
504K	data_point_3713586a-ae36-4628-9dc7-b98844b117fd/reports
29M	data_point_3713586a-ae36-4628-9dc7-b98844b117fd
Final files:
total 240
-rw-rw-rw- 1 root root   4385 Sep 25 16:40 3713586a-ae36-4628-9dc7-b98844b117fd.log
-rw-rw-rw- 1 root root  66975 Sep 25 16:35 analysis.json
-rw-rw-rw- 1 root root   1030 Sep 25 16:35 data_point.json
-rw-rw-rw- 1 root root   2841 Sep 25 16:35 data_point.osw
-rw-rw-rw- 1 root root 149068 Sep 25 16:40 out.osw
drwxrwxrwx 2 root root   4096 Sep 25 16:40 reports
drwxrwxrwx 2 root root   4096 Sep 25 16:40 run
total 1380
-rw-rw-r-- 1 root root 620579 Sep 25 16:40 data_point.zip
-rw-r--r-- 1 root root   2375 Sep 25 16:40 datapoint_final.log
-rw-rw-rw- 1 root root 785697 Sep 25 16:40 enduse_timeseries.csv
1.4M	data_point_3713586a-ae36-4628-9dc7-b98844b117fd/run
504K	data_point_3713586a-ae36-4628-9dc7-b98844b117fd/reports
2.1M	data_point_3713586a-ae36-4628-9dc7-b98844b117fd
