2023-11-28 09:47:27,336 - INFO - WARNING: 684 is higher than the largest standard_sizes=600, double-check NEC calculations
2023-11-28 09:47:46,276 - INFO - 
Of those applicable to each upgrade package, the fraction seeing electric peak increase post-upgrade: 
                                                            n_applicable  ...  peak_increase>=150%
upgrade_name                                       lmi                    ...                     
Basic enclosure                                    0-80%    35030.852489  ...                  NaN
                                                   80-150%  24278.922056  ...                  NaN
                                                   150%+    18547.990472  ...                  NaN
Enhanced enclosure                                 0-80%    35397.695137  ...                  NaN
                                                   80-150%  24772.121615  ...                  NaN
                                                   150%+    18811.364680  ...                  NaN
Heat pump water heaters                            0-80%    37231.908372  ...             0.021895
                                                   80-150%  25940.023925  ...             0.018856
                                                   150%+    19510.324321  ...             0.001140
Heat pumps, high-efficiency, electric backup       0-80%    37354.189254  ...             0.052813
                                                   80-150%  26021.544513  ...             0.079598
                                                   150%+    19775.266233  ...             0.057648
Heat pumps, min-efficiency, electric backup        0-80%    37354.189254  ...             0.071997
                                                   80-150%  26021.544513  ...             0.114558
                                                   150%+    19775.266233  ...             0.109575
Heat pumps, min-efficiency, existing heating as... 0-80%    37354.189254  ...             0.040701
                                                   80-150%  26021.544513  ...             0.069728
                                                   150%+    19530.704468  ...             0.043900
Whole-home electrification, high efficiency        0-80%    37354.189254  ...             0.189465
                                                   80-150%  26021.544513  ...             0.160919
                                                   150%+    19775.266233  ...             0.131580
Whole-home electrification, high efficiency + b... 0-80%    37354.189254  ...             0.178771
                                                   80-150%  26021.544513  ...             0.150337
                                                   150%+    19775.266233  ...             0.109123
Whole-home electrification, high efficiency + e... 0-80%    37354.189254  ...             0.171133
                                                   80-150%  26021.544513  ...             0.148502
                                                   150%+    19775.266233  ...             0.104747
Whole-home electrification, min efficiency         0-80%    35422.151313  ...             0.256435
                                                   80-150%  25328.619513  ...             0.251617
                                                   150%+    19041.580939  ...             0.239399

[30 rows x 9 columns]
2023-11-28 09:47:46,290 - INFO - 
Of those applicable to each upgrade package, the fraction likely requiring panel upgrade based on NEC calculation: 
                                                            n_applicable  ...   average
upgrade_name                                       lmi                    ...          
Basic enclosure                                    0-80%    35030.852489  ...       NaN
                                                   80-150%  24278.922056  ...       NaN
                                                   150%+    18547.990472  ...       NaN
Enhanced enclosure                                 0-80%    35397.695137  ...       NaN
                                                   80-150%  24772.121615  ...       NaN
                                                   150%+    18811.364680  ...       NaN
Heat pump water heaters                            0-80%    37231.908372  ...  0.006569
                                                   80-150%  25940.023925  ...  0.005817
                                                   150%+    19510.324321  ...  0.007800
Heat pumps, high-efficiency, electric backup       0-80%    37354.189254  ...  0.233587
                                                   80-150%  26021.544513  ...  0.297091
                                                   150%+    19775.266233  ...  0.312860
Heat pumps, min-efficiency, electric backup        0-80%    37354.189254  ...  0.255953
                                                   80-150%  26021.544513  ...  0.376521
                                                   150%+    19775.266233  ...  0.396766
Heat pumps, min-efficiency, existing heating as... 0-80%    37354.189254  ...  0.255953
                                                   80-150%  26021.544513  ...  0.376521
                                                   150%+    19530.704468  ...  0.401018
Whole-home electrification, high efficiency        0-80%    37354.189254  ...  0.351650
                                                   80-150%  26021.544513  ...  0.460462
                                                   150%+    19775.266233  ...  0.445087
Whole-home electrification, high efficiency + b... 0-80%    37354.189254  ...  0.269018
                                                   80-150%  26021.544513  ...  0.342750
                                                   150%+    19775.266233  ...  0.275731
Whole-home electrification, high efficiency + e... 0-80%    37354.189254  ...  0.259252
                                                   80-150%  26021.544513  ...  0.319942
                                                   150%+    19775.266233  ...  0.259917
Whole-home electrification, min efficiency         0-80%    35422.151313  ...  0.343101
                                                   80-150%  25328.619513  ...  0.484766
                                                   150%+    19041.580939  ...  0.470888

[30 rows x 4 columns]
