# Logfile created on 2017-09-25 16:37:53 +0000 by logger.rb/47272
[16:37:53.514895 INFO] Server host is http://web:80
[16:37:53.515014 INFO] Analysis directory is /mnt/openstudio/analysis_fe821d2c-df1e-4105-9ee6-6c7fef1463ae
[16:37:53.515106 INFO] Simulation directory is /mnt/openstudio/analysis_fe821d2c-df1e-4105-9ee6-6c7fef1463ae/data_point_c30c81bb-ce19-4295-adeb-5be92fa224eb
[16:37:53.515177 INFO] Run datapoint type/file is workflow
[16:37:53.515222 INFO] Starting initialize_worker for datapoint c30c81bb-ce19-4295-adeb-5be92fa224eb
[16:37:53.515450 INFO] Downloading analysis zip from http://web:80/analyses/fe821d2c-df1e-4105-9ee6-6c7fef1463ae/download_analysis_zip
[16:38:49.605475 INFO] Extracting analysis zip to /mnt/openstudio/analysis_fe821d2c-df1e-4105-9ee6-6c7fef1463ae
[16:38:53.178331 INFO] Downloading analysis.json from http://web:80/analyses/fe821d2c-df1e-4105-9ee6-6c7fef1463ae.json
[16:39:24.356994 INFO] Found data point initialization file datapoint_init.sh.
[16:39:24.357411 INFO] Preparing to run initialization script /mnt/openstudio/analysis_fe821d2c-df1e-4105-9ee6-6c7fef1463ae/scripts/worker_initialization/datapoint_init.sh
[16:39:24.357662 INFO] Looking for argument file /mnt/openstudio/analysis_fe821d2c-df1e-4105-9ee6-6c7fef1463ae/scripts/worker_initialization/datapoint_init.args
[16:39:24.357708 INFO] argument file exists /mnt/openstudio/analysis_fe821d2c-df1e-4105-9ee6-6c7fef1463ae/scripts/worker_initialization/datapoint_init.args
[16:39:24.357850 INFO] arguments are ["https://s3.amazonaws.com/epwweatherfiles/project_resstock_efs.zip"]
[16:39:34.342273 INFO] Script returned with exit code 0 of class Fixnum
[16:39:34.342444 INFO] Finished worker initialization
[16:39:45.849750 INFO] Downloading datapoint from http://web:80/data_points/c30c81bb-ce19-4295-adeb-5be92fa224eb.json
[16:39:45.965783 INFO] Creating Workflow Manager instance
[16:39:45.965896 INFO] Directory is /mnt/openstudio/analysis_fe821d2c-df1e-4105-9ee6-6c7fef1463ae/data_point_c30c81bb-ce19-4295-adeb-5be92fa224eb
[16:39:45.965984 INFO] Opening run.log file '/mnt/openstudio/analysis_fe821d2c-df1e-4105-9ee6-6c7fef1463ae/data_point_c30c81bb-ce19-4295-adeb-5be92fa224eb/run/run.log'
[16:39:46.482075 INFO] Running workflow
[16:46:27.819351 INFO] Final run state is finished
[16:46:27.845535 INFO] Saving files/reports back to the server
[16:46:27.845767 INFO] Saving report /mnt/openstudio/analysis_fe821d2c-df1e-4105-9ee6-6c7fef1463ae/data_point_c30c81bb-ce19-4295-adeb-5be92fa224eb/reports/eplustbl.html to http://web:80/data_points/c30c81bb-ce19-4295-adeb-5be92fa224eb/upload_file
[16:46:27.951748 INFO] Saving report responded with {"id":"59c93281a2321800d2ed5859","data_point_id":"c30c81bb-ce19-4295-adeb-5be92fa224eb","display_name":"eplustbl","type":"Report","created_at":"2017-09-25T16:44:49.797Z","updated_at":"2017-09-25T16:44:49.797Z"}
[16:46:27.951964 INFO] Saving report /mnt/openstudio/analysis_fe821d2c-df1e-4105-9ee6-6c7fef1463ae/data_point_c30c81bb-ce19-4295-adeb-5be92fa224eb/run/objectives.json to http://web:80/data_points/c30c81bb-ce19-4295-adeb-5be92fa224eb/upload_file
[16:46:27.980397 INFO] Saving report responded with {"id":"59c93281a2321800caed5dec","data_point_id":"c30c81bb-ce19-4295-adeb-5be92fa224eb","display_name":"objectives","type":"Report","created_at":"2017-09-25T16:44:49.832Z","updated_at":"2017-09-25T16:44:49.832Z"}
[16:46:27.980574 INFO] Saving report /mnt/openstudio/analysis_fe821d2c-df1e-4105-9ee6-6c7fef1463ae/data_point_c30c81bb-ce19-4295-adeb-5be92fa224eb/out.osw to http://web:80/data_points/c30c81bb-ce19-4295-adeb-5be92fa224eb/upload_file
[16:46:28.051916 INFO] Saving report responded with {"id":"59c93281a2321800caed5ded","data_point_id":"c30c81bb-ce19-4295-adeb-5be92fa224eb","display_name":"Final OSW File","type":"Report","created_at":"2017-09-25T16:44:49.895Z","updated_at":"2017-09-25T16:44:49.895Z"}
[16:46:28.052152 INFO] Saving report /mnt/openstudio/analysis_fe821d2c-df1e-4105-9ee6-6c7fef1463ae/data_point_c30c81bb-ce19-4295-adeb-5be92fa224eb/in.osm to http://web:80/data_points/c30c81bb-ce19-4295-adeb-5be92fa224eb/upload_file
[16:46:28.883228 INFO] Saving report responded with {"id":"59c93282a2321800caed5dee","data_point_id":"c30c81bb-ce19-4295-adeb-5be92fa224eb","display_name":"model","type":"OpenStudio Model","created_at":"2017-09-25T16:44:50.617Z","updated_at":"2017-09-25T16:44:50.617Z"}
[16:46:28.883482 INFO] Saving report /mnt/openstudio/analysis_fe821d2c-df1e-4105-9ee6-6c7fef1463ae/data_point_c30c81bb-ce19-4295-adeb-5be92fa224eb/run/data_point.zip to http://web:80/data_points/c30c81bb-ce19-4295-adeb-5be92fa224eb/upload_file
[16:46:28.946075 INFO] Saving report responded with {"id":"59c93282a2321800caed5def","data_point_id":"c30c81bb-ce19-4295-adeb-5be92fa224eb","display_name":"Zip File","type":"Data Point","created_at":"2017-09-25T16:44:50.779Z","updated_at":"2017-09-25T16:44:50.779Z"}
[16:46:28.946420 INFO] Found data point finalization file datapoint_final.sh.
[16:46:28.946581 INFO] Preparing to run finalization script /mnt/openstudio/analysis_fe821d2c-df1e-4105-9ee6-6c7fef1463ae/scripts/worker_finalization/datapoint_final.sh
[16:46:28.999934 INFO] Looking for argument file /mnt/openstudio/analysis_fe821d2c-df1e-4105-9ee6-6c7fef1463ae/scripts/worker_finalization/datapoint_final.args
[16:46:29.000017 INFO] argument file exists /mnt/openstudio/analysis_fe821d2c-df1e-4105-9ee6-6c7fef1463ae/scripts/worker_finalization/datapoint_final.args
[16:46:29.011266 INFO] arguments are []
[16:46:29.073787 INFO] Script returned with exit code 0 of class Fixnum
[16:46:29.074071 INFO] Saving report /mnt/openstudio/analysis_fe821d2c-df1e-4105-9ee6-6c7fef1463ae/data_point_c30c81bb-ce19-4295-adeb-5be92fa224eb/run/datapoint_final.log to http://web:80/data_points/c30c81bb-ce19-4295-adeb-5be92fa224eb/upload_file
[16:46:29.115352 INFO] Saving report responded with {"id":"59c93282a2321800caed5df0","data_point_id":"c30c81bb-ce19-4295-adeb-5be92fa224eb","display_name":"Finalization Script Log","type":"Report","created_at":"2017-09-25T16:44:50.953Z","updated_at":"2017-09-25T16:44:50.953Z"}
[16:46:29.125268 INFO] Finished /opt/openstudio/server/app/workers/run_simulate_data_point.rb
