Cleaning up data_point directory.
Original files:
total 21692
-rw-rw-rw- 1 root root    66975 Sep 25 16:39 analysis.json
-rw-rw-rw- 1 root root     5490 Sep 25 16:46 c30c81bb-ce19-4295-adeb-5be92fa224eb.log
-rw-rw-rw- 1 root root     1030 Sep 25 16:39 data_point.json
-rw-rw-rw- 1 root root     2841 Sep 25 16:39 data_point.osw
-rw-rw-rw- 1 root root  4607048 Sep 25 16:43 in.idf
-rw-rw-rw- 1 root root 17352915 Sep 25 16:42 in.osm
-rw-rw-rw- 1 root root   154679 Sep 25 16:46 out.osw
drwxrwxrwx 2 root root     4096 Sep 25 16:46 reports
drwxrwxrwx 2 root root     4096 Sep 25 16:46 run
total 7608
-rw-rw-r-- 1 root root  649559 Sep 25 16:46 data_point.zip
-rw-rw-rw- 1 root root    8436 Sep 25 16:46 data_point_out.json
-rw-r--r-- 1 root root     587 Sep 25 16:46 datapoint_final.log
-rw-r--r-- 1 root root   22323 Sep 25 16:39 datapoint_init.log
-rw-rw-rw- 1 root root  863390 Sep 25 16:46 enduse_timeseries.csv
-rw-rw-rw- 1 root root     102 Sep 25 16:45 eplusout.end
-rw-rw-rw- 1 root root   34171 Sep 25 16:45 eplusout.err
-rw-rw-rw- 1 root root   61162 Sep 25 16:45 eplusout.mtd
-rw-rw-rw- 1 root root   54757 Sep 25 16:44 eplusout.rdd
-rw-rw-rw- 1 root root  515566 Sep 25 16:45 eplustbl.htm
-rw-rw-rw- 1 root root      43 Sep 25 16:46 finished.job
-rw-rw-rw- 1 root root 4607048 Sep 25 16:43 in.idf
-rw-rw-rw- 1 root root    8436 Sep 25 16:46 measure_attributes.json
-rw-rw-rw- 1 root root   27702 Sep 25 16:39 measures.osw
-rw-rw-rw- 1 root root       3 Sep 25 16:46 objectives.json
-rw-rw-rw- 1 root root    8436 Sep 25 16:46 results.json
-rw-rw-rw- 1 root root  872285 Sep 25 16:46 run.log
-rw-rw-rw- 1 root root      49 Sep 25 16:43 sqlite.err
-rw-rw-rw- 1 root root      42 Sep 25 16:39 started.job
-rw-rw-rw- 1 root root    2351 Sep 25 16:45 stdout-energyplus
-rw-rw-rw- 1 root root      91 Sep 25 16:43 stdout-expandobject
508K	data_point_c30c81bb-ce19-4295-adeb-5be92fa224eb/reports
7.5M	data_point_c30c81bb-ce19-4295-adeb-5be92fa224eb/run
30M	data_point_c30c81bb-ce19-4295-adeb-5be92fa224eb
Final files:
total 244
-rw-rw-rw- 1 root root  66975 Sep 25 16:39 analysis.json
-rw-rw-rw- 1 root root   5490 Sep 25 16:46 c30c81bb-ce19-4295-adeb-5be92fa224eb.log
-rw-rw-rw- 1 root root   1030 Sep 25 16:39 data_point.json
-rw-rw-rw- 1 root root   2841 Sep 25 16:39 data_point.osw
-rw-rw-rw- 1 root root 154679 Sep 25 16:46 out.osw
drwxrwxrwx 2 root root   4096 Sep 25 16:46 reports
drwxrwxrwx 2 root root   4096 Sep 25 16:46 run
total 1508
-rw-rw-r-- 1 root root 649559 Sep 25 16:46 data_point.zip
-rw-r--r-- 1 root root   2438 Sep 25 16:46 datapoint_final.log
-rw-r--r-- 1 root root  22323 Sep 25 16:39 datapoint_init.log
-rw-rw-rw- 1 root root 863390 Sep 25 16:46 enduse_timeseries.csv
508K	data_point_c30c81bb-ce19-4295-adeb-5be92fa224eb/reports
1.5M	data_point_c30c81bb-ce19-4295-adeb-5be92fa224eb/run
2.3M	data_point_c30c81bb-ce19-4295-adeb-5be92fa224eb
