# Logfile created on 2017-09-25 16:35:42 +0000 by logger.rb/47272
[16:35:42.808093 INFO] Server host is http://web:80
[16:35:42.808153 INFO] Analysis directory is /mnt/openstudio/analysis_fe821d2c-df1e-4105-9ee6-6c7fef1463ae
[16:35:42.808195 INFO] Simulation directory is /mnt/openstudio/analysis_fe821d2c-df1e-4105-9ee6-6c7fef1463ae/data_point_aca19f33-fda6-46fb-9a31-e9ee9c19a5d1
[16:35:42.808221 INFO] Run datapoint type/file is workflow
[16:35:42.808246 INFO] Starting initialize_worker for datapoint aca19f33-fda6-46fb-9a31-e9ee9c19a5d1
[16:35:42.808290 INFO] receipt_file already exists, moving on
[16:35:42.897784 INFO] Downloading datapoint from http://web:80/data_points/aca19f33-fda6-46fb-9a31-e9ee9c19a5d1.json
[16:35:42.975293 INFO] Creating Workflow Manager instance
[16:35:42.975370 INFO] Directory is /mnt/openstudio/analysis_fe821d2c-df1e-4105-9ee6-6c7fef1463ae/data_point_aca19f33-fda6-46fb-9a31-e9ee9c19a5d1
[16:35:42.975415 INFO] Opening run.log file '/mnt/openstudio/analysis_fe821d2c-df1e-4105-9ee6-6c7fef1463ae/data_point_aca19f33-fda6-46fb-9a31-e9ee9c19a5d1/run/run.log'
[16:35:42.984691 INFO] Running workflow
[16:40:11.483462 INFO] Final run state is finished
[16:40:11.531899 INFO] Saving files/reports back to the server
[16:40:11.532183 INFO] Saving report /mnt/openstudio/analysis_fe821d2c-df1e-4105-9ee6-6c7fef1463ae/data_point_aca19f33-fda6-46fb-9a31-e9ee9c19a5d1/reports/eplustbl.html to http://web:80/data_points/aca19f33-fda6-46fb-9a31-e9ee9c19a5d1/upload_file
[16:40:11.657694 INFO] Saving report responded with {"id":"59c9316ba2321800caed5ca0","data_point_id":"aca19f33-fda6-46fb-9a31-e9ee9c19a5d1","display_name":"eplustbl","type":"Report","created_at":"2017-09-25T16:40:11.645Z","updated_at":"2017-09-25T16:40:11.645Z"}
[16:40:11.658005 INFO] Saving report /mnt/openstudio/analysis_fe821d2c-df1e-4105-9ee6-6c7fef1463ae/data_point_aca19f33-fda6-46fb-9a31-e9ee9c19a5d1/run/objectives.json to http://web:80/data_points/aca19f33-fda6-46fb-9a31-e9ee9c19a5d1/upload_file
[16:40:11.720865 INFO] Saving report responded with {"id":"59c9316ba2321800caed5ca1","data_point_id":"aca19f33-fda6-46fb-9a31-e9ee9c19a5d1","display_name":"objectives","type":"Report","created_at":"2017-09-25T16:40:11.702Z","updated_at":"2017-09-25T16:40:11.702Z"}
[16:40:11.721125 INFO] Saving report /mnt/openstudio/analysis_fe821d2c-df1e-4105-9ee6-6c7fef1463ae/data_point_aca19f33-fda6-46fb-9a31-e9ee9c19a5d1/out.osw to http://web:80/data_points/aca19f33-fda6-46fb-9a31-e9ee9c19a5d1/upload_file
[16:40:11.779021 INFO] Saving report responded with {"id":"59c9316ba2321800d2ed57d9","data_point_id":"aca19f33-fda6-46fb-9a31-e9ee9c19a5d1","display_name":"Final OSW File","type":"Report","created_at":"2017-09-25T16:40:11.748Z","updated_at":"2017-09-25T16:40:11.748Z"}
[16:40:11.779261 INFO] Saving report /mnt/openstudio/analysis_fe821d2c-df1e-4105-9ee6-6c7fef1463ae/data_point_aca19f33-fda6-46fb-9a31-e9ee9c19a5d1/in.osm to http://web:80/data_points/aca19f33-fda6-46fb-9a31-e9ee9c19a5d1/upload_file
[16:40:12.444224 INFO] Saving report responded with {"id":"59c9316ca2321800caed5ca3","data_point_id":"aca19f33-fda6-46fb-9a31-e9ee9c19a5d1","display_name":"model","type":"OpenStudio Model","created_at":"2017-09-25T16:40:12.337Z","updated_at":"2017-09-25T16:40:12.337Z"}
[16:40:12.444536 INFO] Saving report /mnt/openstudio/analysis_fe821d2c-df1e-4105-9ee6-6c7fef1463ae/data_point_aca19f33-fda6-46fb-9a31-e9ee9c19a5d1/run/data_point.zip to http://web:80/data_points/aca19f33-fda6-46fb-9a31-e9ee9c19a5d1/upload_file
[16:40:12.513936 INFO] Saving report responded with {"id":"59c9316ca2321800caed5ca4","data_point_id":"aca19f33-fda6-46fb-9a31-e9ee9c19a5d1","display_name":"Zip File","type":"Data Point","created_at":"2017-09-25T16:40:12.494Z","updated_at":"2017-09-25T16:40:12.494Z"}
[16:40:12.514327 INFO] Found data point finalization file datapoint_final.sh.
[16:40:12.514521 INFO] Preparing to run finalization script /mnt/openstudio/analysis_fe821d2c-df1e-4105-9ee6-6c7fef1463ae/scripts/worker_finalization/datapoint_final.sh
[16:40:12.514925 INFO] Looking for argument file /mnt/openstudio/analysis_fe821d2c-df1e-4105-9ee6-6c7fef1463ae/scripts/worker_finalization/datapoint_final.args
[16:40:12.514994 INFO] argument file exists /mnt/openstudio/analysis_fe821d2c-df1e-4105-9ee6-6c7fef1463ae/scripts/worker_finalization/datapoint_final.args
[16:40:12.515210 INFO] arguments are []
[16:40:12.591431 INFO] Script returned with exit code 0 of class Fixnum
[16:40:12.591698 INFO] Saving report /mnt/openstudio/analysis_fe821d2c-df1e-4105-9ee6-6c7fef1463ae/data_point_aca19f33-fda6-46fb-9a31-e9ee9c19a5d1/run/datapoint_final.log to http://web:80/data_points/aca19f33-fda6-46fb-9a31-e9ee9c19a5d1/upload_file
[16:40:12.627449 INFO] Saving report responded with {"id":"59c9316ca2321800caed5ca5","data_point_id":"aca19f33-fda6-46fb-9a31-e9ee9c19a5d1","display_name":"Finalization Script Log","type":"Report","created_at":"2017-09-25T16:40:12.616Z","updated_at":"2017-09-25T16:40:12.616Z"}
[16:40:12.636977 INFO] Finished /opt/openstudio/server/app/workers/run_simulate_data_point.rb
