Cleaning up data_point directory.
Original files:
total 22096
-rw-rw-rw- 1 root root     4385 Sep 25 16:40 aca19f33-fda6-46fb-9a31-e9ee9c19a5d1.log
-rw-rw-rw- 1 root root    66975 Sep 25 16:35 analysis.json
-rw-rw-rw- 1 root root     1030 Sep 25 16:35 data_point.json
-rw-rw-rw- 1 root root     2841 Sep 25 16:35 data_point.osw
-rw-rw-rw- 1 root root  4939389 Sep 25 16:36 in.idf
-rw-rw-rw- 1 root root 17428404 Sep 25 16:36 in.osm
-rw-rw-rw- 1 root root   162632 Sep 25 16:40 out.osw
drwxrwxrwx 2 root root     4096 Sep 25 16:40 reports
drwxrwxrwx 2 root root     4096 Sep 25 16:40 run
total 7996
-rw-rw-r-- 1 root root  674205 Sep 25 16:40 data_point.zip
-rw-rw-rw- 1 root root    8499 Sep 25 16:40 data_point_out.json
-rw-r--r-- 1 root root     587 Sep 25 16:40 datapoint_final.log
-rw-rw-rw- 1 root root  826100 Sep 25 16:40 enduse_timeseries.csv
-rw-rw-rw- 1 root root      99 Sep 25 16:38 eplusout.end
-rw-rw-rw- 1 root root   34532 Sep 25 16:38 eplusout.err
-rw-rw-rw- 1 root root   59517 Sep 25 16:38 eplusout.mtd
-rw-rw-rw- 1 root root   55501 Sep 25 16:37 eplusout.rdd
-rw-rw-rw- 1 root root  604166 Sep 25 16:38 eplustbl.htm
-rw-rw-rw- 1 root root      43 Sep 25 16:40 finished.job
-rw-rw-rw- 1 root root 4939389 Sep 25 16:36 in.idf
-rw-rw-rw- 1 root root    8499 Sep 25 16:40 measure_attributes.json
-rw-rw-rw- 1 root root   27665 Sep 25 16:35 measures.osw
-rw-rw-rw- 1 root root       3 Sep 25 16:40 objectives.json
-rw-rw-rw- 1 root root    8499 Sep 25 16:40 results.json
-rw-rw-rw- 1 root root  880614 Sep 25 16:40 run.log
-rw-rw-rw- 1 root root      49 Sep 25 16:37 sqlite.err
-rw-rw-rw- 1 root root      42 Sep 25 16:35 started.job
-rw-rw-rw- 1 root root    2351 Sep 25 16:38 stdout-energyplus
-rw-rw-rw- 1 root root      91 Sep 25 16:37 stdout-expandobject
7.9M	data_point_aca19f33-fda6-46fb-9a31-e9ee9c19a5d1/run
596K	data_point_aca19f33-fda6-46fb-9a31-e9ee9c19a5d1/reports
30M	data_point_aca19f33-fda6-46fb-9a31-e9ee9c19a5d1
Final files:
total 252
-rw-rw-rw- 1 root root   4385 Sep 25 16:40 aca19f33-fda6-46fb-9a31-e9ee9c19a5d1.log
-rw-rw-rw- 1 root root  66975 Sep 25 16:35 analysis.json
-rw-rw-rw- 1 root root   1030 Sep 25 16:35 data_point.json
-rw-rw-rw- 1 root root   2841 Sep 25 16:35 data_point.osw
-rw-rw-rw- 1 root root 162632 Sep 25 16:40 out.osw
drwxrwxrwx 2 root root   4096 Sep 25 16:40 reports
drwxrwxrwx 2 root root   4096 Sep 25 16:40 run
total 1472
-rw-rw-r-- 1 root root 674205 Sep 25 16:40 data_point.zip
-rw-r--r-- 1 root root   2375 Sep 25 16:40 datapoint_final.log
-rw-rw-rw- 1 root root 826100 Sep 25 16:40 enduse_timeseries.csv
1.5M	data_point_aca19f33-fda6-46fb-9a31-e9ee9c19a5d1/run
596K	data_point_aca19f33-fda6-46fb-9a31-e9ee9c19a5d1/reports
2.3M	data_point_aca19f33-fda6-46fb-9a31-e9ee9c19a5d1
