# Logfile created on 2017-09-25 16:37:51 +0000 by logger.rb/47272
[16:37:51.789138 INFO] Server host is http://web:80
[16:37:51.789229 INFO] Analysis directory is /mnt/openstudio/analysis_fe821d2c-df1e-4105-9ee6-6c7fef1463ae
[16:37:51.789298 INFO] Simulation directory is /mnt/openstudio/analysis_fe821d2c-df1e-4105-9ee6-6c7fef1463ae/data_point_1da5bce2-0bb6-4a54-afe3-ba21f07c6db3
[16:37:51.789336 INFO] Run datapoint type/file is workflow
[16:37:51.789373 INFO] Starting initialize_worker for datapoint 1da5bce2-0bb6-4a54-afe3-ba21f07c6db3
[16:37:51.789442 INFO] receipt_file already exists, moving on
[16:37:51.796651 INFO] Downloading datapoint from http://web:80/data_points/1da5bce2-0bb6-4a54-afe3-ba21f07c6db3.json
[16:37:51.810382 INFO] Creating Workflow Manager instance
[16:37:51.810466 INFO] Directory is /mnt/openstudio/analysis_fe821d2c-df1e-4105-9ee6-6c7fef1463ae/data_point_1da5bce2-0bb6-4a54-afe3-ba21f07c6db3
[16:37:51.810531 INFO] Opening run.log file '/mnt/openstudio/analysis_fe821d2c-df1e-4105-9ee6-6c7fef1463ae/data_point_1da5bce2-0bb6-4a54-afe3-ba21f07c6db3/run/run.log'
[16:37:51.827908 INFO] Running workflow
[16:40:36.057498 INFO] Final run state is finished
[16:40:36.081326 INFO] Saving files/reports back to the server
[16:40:36.081544 INFO] Saving report /mnt/openstudio/analysis_fe821d2c-df1e-4105-9ee6-6c7fef1463ae/data_point_1da5bce2-0bb6-4a54-afe3-ba21f07c6db3/reports/eplustbl.html to http://web:80/data_points/1da5bce2-0bb6-4a54-afe3-ba21f07c6db3/upload_file
[16:40:36.492191 INFO] Saving report responded with {"id":"59c93122a2321800caed5be9","data_point_id":"1da5bce2-0bb6-4a54-afe3-ba21f07c6db3","display_name":"eplustbl","type":"Report","created_at":"2017-09-25T16:38:58.037Z","updated_at":"2017-09-25T16:38:58.037Z"}
[16:40:36.492479 INFO] Saving report /mnt/openstudio/analysis_fe821d2c-df1e-4105-9ee6-6c7fef1463ae/data_point_1da5bce2-0bb6-4a54-afe3-ba21f07c6db3/run/objectives.json to http://web:80/data_points/1da5bce2-0bb6-4a54-afe3-ba21f07c6db3/upload_file
[16:40:36.804259 INFO] Saving report responded with {"id":"59c93122a2321800caed5bea","data_point_id":"1da5bce2-0bb6-4a54-afe3-ba21f07c6db3","display_name":"objectives","type":"Report","created_at":"2017-09-25T16:38:58.368Z","updated_at":"2017-09-25T16:38:58.368Z"}
[16:40:36.804531 INFO] Saving report /mnt/openstudio/analysis_fe821d2c-df1e-4105-9ee6-6c7fef1463ae/data_point_1da5bce2-0bb6-4a54-afe3-ba21f07c6db3/out.osw to http://web:80/data_points/1da5bce2-0bb6-4a54-afe3-ba21f07c6db3/upload_file
[16:40:37.108451 INFO] Saving report responded with {"id":"59c93122a2321800caed5beb","data_point_id":"1da5bce2-0bb6-4a54-afe3-ba21f07c6db3","display_name":"Final OSW File","type":"Report","created_at":"2017-09-25T16:38:58.681Z","updated_at":"2017-09-25T16:38:58.681Z"}
[16:40:37.108761 INFO] Saving report /mnt/openstudio/analysis_fe821d2c-df1e-4105-9ee6-6c7fef1463ae/data_point_1da5bce2-0bb6-4a54-afe3-ba21f07c6db3/in.osm to http://web:80/data_points/1da5bce2-0bb6-4a54-afe3-ba21f07c6db3/upload_file
[16:40:39.132624 INFO] Saving report responded with {"id":"59c93124a2321800caed5bec","data_point_id":"1da5bce2-0bb6-4a54-afe3-ba21f07c6db3","display_name":"model","type":"OpenStudio Model","created_at":"2017-09-25T16:39:00.901Z","updated_at":"2017-09-25T16:39:00.901Z"}
[16:40:39.133266 INFO] Saving report /mnt/openstudio/analysis_fe821d2c-df1e-4105-9ee6-6c7fef1463ae/data_point_1da5bce2-0bb6-4a54-afe3-ba21f07c6db3/run/data_point.zip to http://web:80/data_points/1da5bce2-0bb6-4a54-afe3-ba21f07c6db3/upload_file
[16:40:39.269997 INFO] Saving report responded with {"id":"59c93125a2321800caed5bee","data_point_id":"1da5bce2-0bb6-4a54-afe3-ba21f07c6db3","display_name":"Zip File","type":"Data Point","created_at":"2017-09-25T16:39:01.115Z","updated_at":"2017-09-25T16:39:01.115Z"}
[16:40:39.270621 INFO] Found data point finalization file datapoint_final.sh.
[16:40:39.270843 INFO] Preparing to run finalization script /mnt/openstudio/analysis_fe821d2c-df1e-4105-9ee6-6c7fef1463ae/scripts/worker_finalization/datapoint_final.sh
[16:40:39.359035 INFO] Looking for argument file /mnt/openstudio/analysis_fe821d2c-df1e-4105-9ee6-6c7fef1463ae/scripts/worker_finalization/datapoint_final.args
[16:40:39.359181 INFO] argument file exists /mnt/openstudio/analysis_fe821d2c-df1e-4105-9ee6-6c7fef1463ae/scripts/worker_finalization/datapoint_final.args
[16:40:39.400719 INFO] arguments are []
[16:40:39.489094 INFO] Script returned with exit code 0 of class Fixnum
[16:40:39.496277 INFO] Saving report /mnt/openstudio/analysis_fe821d2c-df1e-4105-9ee6-6c7fef1463ae/data_point_1da5bce2-0bb6-4a54-afe3-ba21f07c6db3/run/datapoint_final.log to http://web:80/data_points/1da5bce2-0bb6-4a54-afe3-ba21f07c6db3/upload_file
[16:40:39.528207 INFO] Saving report responded with {"id":"59c93125a2321800d2ed5792","data_point_id":"1da5bce2-0bb6-4a54-afe3-ba21f07c6db3","display_name":"Finalization Script Log","type":"Report","created_at":"2017-09-25T16:39:01.371Z","updated_at":"2017-09-25T16:39:01.371Z"}
[16:40:39.543684 INFO] Finished /opt/openstudio/server/app/workers/run_simulate_data_point.rb
