Cleaning up data_point directory.
Original files:
total 21732
-rw-rw-rw- 1 root root     4385 Sep 25 16:40 1da5bce2-0bb6-4a54-afe3-ba21f07c6db3.log
-rw-rw-rw- 1 root root    66975 Sep 25 16:37 analysis.json
-rw-rw-rw- 1 root root     1030 Sep 25 16:37 data_point.json
-rw-rw-rw- 1 root root     2841 Sep 25 16:37 data_point.osw
-rw-rw-rw- 1 root root  4627968 Sep 25 16:38 in.idf
-rw-rw-rw- 1 root root 17372993 Sep 25 16:38 in.osm
-rw-rw-rw- 1 root root   153347 Sep 25 16:40 out.osw
drwxrwxrwx 2 root root     4096 Sep 25 16:40 reports
drwxrwxrwx 2 root root     4096 Sep 25 16:40 run
total 7624
-rw-rw-r-- 1 root root  651655 Sep 25 16:40 data_point.zip
-rw-rw-rw- 1 root root    8428 Sep 25 16:40 data_point_out.json
-rw-r--r-- 1 root root     587 Sep 25 16:40 datapoint_final.log
-rw-rw-rw- 1 root root  865779 Sep 25 16:40 enduse_timeseries.csv
-rw-rw-rw- 1 root root     102 Sep 25 16:39 eplusout.end
-rw-rw-rw- 1 root root   35045 Sep 25 16:39 eplusout.err
-rw-rw-rw- 1 root root   57775 Sep 25 16:39 eplusout.mtd
-rw-rw-rw- 1 root root   55614 Sep 25 16:38 eplusout.rdd
-rw-rw-rw- 1 root root  525789 Sep 25 16:39 eplustbl.htm
-rw-rw-rw- 1 root root      43 Sep 25 16:40 finished.job
-rw-rw-rw- 1 root root 4627968 Sep 25 16:38 in.idf
-rw-rw-rw- 1 root root    8428 Sep 25 16:40 measure_attributes.json
-rw-rw-rw- 1 root root   27547 Sep 25 16:37 measures.osw
-rw-rw-rw- 1 root root       3 Sep 25 16:40 objectives.json
-rw-rw-rw- 1 root root    8428 Sep 25 16:40 results.json
-rw-rw-rw- 1 root root  870026 Sep 25 16:40 run.log
-rw-rw-rw- 1 root root      49 Sep 25 16:38 sqlite.err
-rw-rw-rw- 1 root root      42 Sep 25 16:37 started.job
-rw-rw-rw- 1 root root    2351 Sep 25 16:39 stdout-energyplus
-rw-rw-rw- 1 root root      91 Sep 25 16:38 stdout-expandobject
520K	data_point_1da5bce2-0bb6-4a54-afe3-ba21f07c6db3/reports
7.5M	data_point_1da5bce2-0bb6-4a54-afe3-ba21f07c6db3/run
30M	data_point_1da5bce2-0bb6-4a54-afe3-ba21f07c6db3
Final files:
total 244
-rw-rw-rw- 1 root root   4385 Sep 25 16:40 1da5bce2-0bb6-4a54-afe3-ba21f07c6db3.log
-rw-rw-rw- 1 root root  66975 Sep 25 16:37 analysis.json
-rw-rw-rw- 1 root root   1030 Sep 25 16:37 data_point.json
-rw-rw-rw- 1 root root   2841 Sep 25 16:37 data_point.osw
-rw-rw-rw- 1 root root 153347 Sep 25 16:40 out.osw
drwxrwxrwx 2 root root   4096 Sep 25 16:40 reports
drwxrwxrwx 2 root root   4096 Sep 25 16:40 run
total 1492
-rw-rw-r-- 1 root root 651655 Sep 25 16:40 data_point.zip
-rw-r--r-- 1 root root   2375 Sep 25 16:40 datapoint_final.log
-rw-rw-rw- 1 root root 865779 Sep 25 16:40 enduse_timeseries.csv
520K	data_point_1da5bce2-0bb6-4a54-afe3-ba21f07c6db3/reports
1.5M	data_point_1da5bce2-0bb6-4a54-afe3-ba21f07c6db3/run
2.3M	data_point_1da5bce2-0bb6-4a54-afe3-ba21f07c6db3
