# Logfile created on 2017-09-25 16:37:55 +0000 by logger.rb/47272
[16:37:55.911663 INFO] Server host is http://web:80
[16:37:55.911745 INFO] Analysis directory is /mnt/openstudio/analysis_fe821d2c-df1e-4105-9ee6-6c7fef1463ae
[16:37:55.911814 INFO] Simulation directory is /mnt/openstudio/analysis_fe821d2c-df1e-4105-9ee6-6c7fef1463ae/data_point_2815936c-2315-428f-8e64-0868426c4bf9
[16:37:55.911851 INFO] Run datapoint type/file is workflow
[16:37:55.911886 INFO] Starting initialize_worker for datapoint 2815936c-2315-428f-8e64-0868426c4bf9
[16:37:55.912064 INFO] Downloading analysis zip from http://web:80/analyses/fe821d2c-df1e-4105-9ee6-6c7fef1463ae/download_analysis_zip
[16:39:00.395183 INFO] Extracting analysis zip to /mnt/openstudio/analysis_fe821d2c-df1e-4105-9ee6-6c7fef1463ae
[16:39:03.395168 INFO] Downloading analysis.json from http://web:80/analyses/fe821d2c-df1e-4105-9ee6-6c7fef1463ae.json
[16:39:26.356476 INFO] Found data point initialization file datapoint_init.sh.
[16:39:26.357060 INFO] Preparing to run initialization script /mnt/openstudio/analysis_fe821d2c-df1e-4105-9ee6-6c7fef1463ae/scripts/worker_initialization/datapoint_init.sh
[16:39:26.357249 INFO] Looking for argument file /mnt/openstudio/analysis_fe821d2c-df1e-4105-9ee6-6c7fef1463ae/scripts/worker_initialization/datapoint_init.args
[16:39:26.357290 INFO] argument file exists /mnt/openstudio/analysis_fe821d2c-df1e-4105-9ee6-6c7fef1463ae/scripts/worker_initialization/datapoint_init.args
[16:39:26.357403 INFO] arguments are ["https://s3.amazonaws.com/epwweatherfiles/project_resstock_efs.zip"]
[16:39:48.284284 INFO] Script returned with exit code 0 of class Fixnum
[16:39:48.284467 INFO] Finished worker initialization
[16:39:48.294369 INFO] Downloading datapoint from http://web:80/data_points/2815936c-2315-428f-8e64-0868426c4bf9.json
[16:39:48.318961 INFO] Creating Workflow Manager instance
[16:39:48.319056 INFO] Directory is /mnt/openstudio/analysis_fe821d2c-df1e-4105-9ee6-6c7fef1463ae/data_point_2815936c-2315-428f-8e64-0868426c4bf9
[16:39:48.319154 INFO] Opening run.log file '/mnt/openstudio/analysis_fe821d2c-df1e-4105-9ee6-6c7fef1463ae/data_point_2815936c-2315-428f-8e64-0868426c4bf9/run/run.log'
[16:39:48.443236 INFO] Running workflow
[16:46:25.126507 INFO] Final run state is finished
[16:46:25.159898 INFO] Saving files/reports back to the server
[16:46:25.160178 INFO] Saving report /mnt/openstudio/analysis_fe821d2c-df1e-4105-9ee6-6c7fef1463ae/data_point_2815936c-2315-428f-8e64-0868426c4bf9/reports/eplustbl.html to http://web:80/data_points/2815936c-2315-428f-8e64-0868426c4bf9/upload_file
[16:46:25.445653 INFO] Saving report responded with {"id":"59c9327fa2321800d2ed5852","data_point_id":"2815936c-2315-428f-8e64-0868426c4bf9","display_name":"eplustbl","type":"Report","created_at":"2017-09-25T16:44:47.088Z","updated_at":"2017-09-25T16:44:47.088Z"}
[16:46:25.445869 INFO] Saving report /mnt/openstudio/analysis_fe821d2c-df1e-4105-9ee6-6c7fef1463ae/data_point_2815936c-2315-428f-8e64-0868426c4bf9/run/objectives.json to http://web:80/data_points/2815936c-2315-428f-8e64-0868426c4bf9/upload_file
[16:46:25.500470 INFO] Saving report responded with {"id":"59c9327fa2321800d2ed5853","data_point_id":"2815936c-2315-428f-8e64-0868426c4bf9","display_name":"objectives","type":"Report","created_at":"2017-09-25T16:44:47.321Z","updated_at":"2017-09-25T16:44:47.321Z"}
[16:46:25.500706 INFO] Saving report /mnt/openstudio/analysis_fe821d2c-df1e-4105-9ee6-6c7fef1463ae/data_point_2815936c-2315-428f-8e64-0868426c4bf9/out.osw to http://web:80/data_points/2815936c-2315-428f-8e64-0868426c4bf9/upload_file
[16:46:25.838904 INFO] Saving report responded with {"id":"59c9327fa2321800d2ed5854","data_point_id":"2815936c-2315-428f-8e64-0868426c4bf9","display_name":"Final OSW File","type":"Report","created_at":"2017-09-25T16:44:47.388Z","updated_at":"2017-09-25T16:44:47.388Z"}
[16:46:25.839106 INFO] Saving report /mnt/openstudio/analysis_fe821d2c-df1e-4105-9ee6-6c7fef1463ae/data_point_2815936c-2315-428f-8e64-0868426c4bf9/in.osm to http://web:80/data_points/2815936c-2315-428f-8e64-0868426c4bf9/upload_file
[16:46:27.207744 INFO] Saving report responded with {"id":"59c93280a2321800d2ed5855","data_point_id":"2815936c-2315-428f-8e64-0868426c4bf9","display_name":"model","type":"OpenStudio Model","created_at":"2017-09-25T16:44:48.911Z","updated_at":"2017-09-25T16:44:48.911Z"}
[16:46:27.207983 INFO] Saving report /mnt/openstudio/analysis_fe821d2c-df1e-4105-9ee6-6c7fef1463ae/data_point_2815936c-2315-428f-8e64-0868426c4bf9/run/data_point.zip to http://web:80/data_points/2815936c-2315-428f-8e64-0868426c4bf9/upload_file
[16:46:27.260350 INFO] Saving report responded with {"id":"59c93281a2321800d2ed5856","data_point_id":"2815936c-2315-428f-8e64-0868426c4bf9","display_name":"Zip File","type":"Data Point","created_at":"2017-09-25T16:44:49.103Z","updated_at":"2017-09-25T16:44:49.103Z"}
[16:46:27.260779 INFO] Found data point finalization file datapoint_final.sh.
[16:46:27.260907 INFO] Preparing to run finalization script /mnt/openstudio/analysis_fe821d2c-df1e-4105-9ee6-6c7fef1463ae/scripts/worker_finalization/datapoint_final.sh
[16:46:27.310902 INFO] Looking for argument file /mnt/openstudio/analysis_fe821d2c-df1e-4105-9ee6-6c7fef1463ae/scripts/worker_finalization/datapoint_final.args
[16:46:27.310968 INFO] argument file exists /mnt/openstudio/analysis_fe821d2c-df1e-4105-9ee6-6c7fef1463ae/scripts/worker_finalization/datapoint_final.args
[16:46:27.319712 INFO] arguments are []
[16:46:27.375652 INFO] Script returned with exit code 0 of class Fixnum
[16:46:27.375972 INFO] Saving report /mnt/openstudio/analysis_fe821d2c-df1e-4105-9ee6-6c7fef1463ae/data_point_2815936c-2315-428f-8e64-0868426c4bf9/run/datapoint_final.log to http://web:80/data_points/2815936c-2315-428f-8e64-0868426c4bf9/upload_file
[16:46:27.615583 INFO] Saving report responded with {"id":"59c93281a2321800d2ed5857","data_point_id":"2815936c-2315-428f-8e64-0868426c4bf9","display_name":"Finalization Script Log","type":"Report","created_at":"2017-09-25T16:44:49.450Z","updated_at":"2017-09-25T16:44:49.450Z"}
[16:46:27.625006 INFO] Finished /opt/openstudio/server/app/workers/run_simulate_data_point.rb
