Cleaning up data_point directory.
Original files:
total 21704
-rw-rw-rw- 1 root root     5490 Sep 25 16:46 2815936c-2315-428f-8e64-0868426c4bf9.log
-rw-rw-rw- 1 root root    66975 Sep 25 16:39 analysis.json
-rw-rw-rw- 1 root root     1030 Sep 25 16:39 data_point.json
-rw-rw-rw- 1 root root     2841 Sep 25 16:39 data_point.osw
-rw-rw-rw- 1 root root  4615565 Sep 25 16:42 in.idf
-rw-rw-rw- 1 root root 17361148 Sep 25 16:42 in.osm
-rw-rw-rw- 1 root root   150882 Sep 25 16:46 out.osw
drwxrwxrwx 2 root root     4096 Sep 25 16:46 reports
drwxrwxrwx 2 root root     4096 Sep 25 16:46 run
total 7528
-rw-rw-r-- 1 root root  611029 Sep 25 16:46 data_point.zip
-rw-rw-rw- 1 root root    8443 Sep 25 16:46 data_point_out.json
-rw-r--r-- 1 root root     587 Sep 25 16:46 datapoint_final.log
-rw-r--r-- 1 root root   22560 Sep 25 16:39 datapoint_init.log
-rw-rw-rw- 1 root root  814738 Sep 25 16:46 enduse_timeseries.csv
-rw-rw-rw- 1 root root      99 Sep 25 16:44 eplusout.end
-rw-rw-rw- 1 root root   34714 Sep 25 16:44 eplusout.err
-rw-rw-rw- 1 root root   56984 Sep 25 16:44 eplusout.mtd
-rw-rw-rw- 1 root root   54659 Sep 25 16:44 eplusout.rdd
-rw-rw-rw- 1 root root  518932 Sep 25 16:44 eplustbl.htm
-rw-rw-rw- 1 root root      43 Sep 25 16:46 finished.job
-rw-rw-rw- 1 root root 4615565 Sep 25 16:42 in.idf
-rw-rw-rw- 1 root root    8443 Sep 25 16:46 measure_attributes.json
-rw-rw-rw- 1 root root   26951 Sep 25 16:39 measures.osw
-rw-rw-rw- 1 root root       3 Sep 25 16:46 objectives.json
-rw-rw-rw- 1 root root    8443 Sep 25 16:46 results.json
-rw-rw-rw- 1 root root  868113 Sep 25 16:46 run.log
-rw-rw-rw- 1 root root      49 Sep 25 16:43 sqlite.err
-rw-rw-rw- 1 root root      42 Sep 25 16:39 started.job
-rw-rw-rw- 1 root root    2336 Sep 25 16:44 stdout-energyplus
-rw-rw-rw- 1 root root      91 Sep 25 16:43 stdout-expandobject
512K	data_point_2815936c-2315-428f-8e64-0868426c4bf9/reports
7.4M	data_point_2815936c-2315-428f-8e64-0868426c4bf9/run
30M	data_point_2815936c-2315-428f-8e64-0868426c4bf9
Final files:
total 240
-rw-rw-rw- 1 root root   5490 Sep 25 16:46 2815936c-2315-428f-8e64-0868426c4bf9.log
-rw-rw-rw- 1 root root  66975 Sep 25 16:39 analysis.json
-rw-rw-rw- 1 root root   1030 Sep 25 16:39 data_point.json
-rw-rw-rw- 1 root root   2841 Sep 25 16:39 data_point.osw
-rw-rw-rw- 1 root root 150882 Sep 25 16:46 out.osw
drwxrwxrwx 2 root root   4096 Sep 25 16:46 reports
drwxrwxrwx 2 root root   4096 Sep 25 16:46 run
total 1424
-rw-rw-r-- 1 root root 611029 Sep 25 16:46 data_point.zip
-rw-r--r-- 1 root root   2438 Sep 25 16:46 datapoint_final.log
-rw-r--r-- 1 root root  22560 Sep 25 16:39 datapoint_init.log
-rw-rw-rw- 1 root root 814738 Sep 25 16:46 enduse_timeseries.csv
512K	data_point_2815936c-2315-428f-8e64-0868426c4bf9/reports
1.4M	data_point_2815936c-2315-428f-8e64-0868426c4bf9/run
2.2M	data_point_2815936c-2315-428f-8e64-0868426c4bf9
