# Logfile created on 2017-09-25 16:36:33 +0000 by logger.rb/47272
[16:36:33.092454 INFO] Server host is http://web:80
[16:36:33.092562 INFO] Analysis directory is /mnt/openstudio/analysis_fe821d2c-df1e-4105-9ee6-6c7fef1463ae
[16:36:33.092655 INFO] Simulation directory is /mnt/openstudio/analysis_fe821d2c-df1e-4105-9ee6-6c7fef1463ae/data_point_6ecb6288-e20d-4f0c-b7e1-6cce02be344e
[16:36:33.092700 INFO] Run datapoint type/file is workflow
[16:36:33.092737 INFO] Starting initialize_worker for datapoint 6ecb6288-e20d-4f0c-b7e1-6cce02be344e
[16:36:33.092921 INFO] Downloading analysis zip from http://web:80/analyses/fe821d2c-df1e-4105-9ee6-6c7fef1463ae/download_analysis_zip
[16:37:54.695550 INFO] Extracting analysis zip to /mnt/openstudio/analysis_fe821d2c-df1e-4105-9ee6-6c7fef1463ae
[16:37:59.134615 INFO] Downloading analysis.json from http://web:80/analyses/fe821d2c-df1e-4105-9ee6-6c7fef1463ae.json
[16:38:07.749136 INFO] Found data point initialization file datapoint_init.sh.
[16:38:07.749403 INFO] Preparing to run initialization script /mnt/openstudio/analysis_fe821d2c-df1e-4105-9ee6-6c7fef1463ae/scripts/worker_initialization/datapoint_init.sh
[16:38:07.749636 INFO] Looking for argument file /mnt/openstudio/analysis_fe821d2c-df1e-4105-9ee6-6c7fef1463ae/scripts/worker_initialization/datapoint_init.args
[16:38:07.749685 INFO] argument file exists /mnt/openstudio/analysis_fe821d2c-df1e-4105-9ee6-6c7fef1463ae/scripts/worker_initialization/datapoint_init.args
[16:38:07.749809 INFO] arguments are ["https://s3.amazonaws.com/epwweatherfiles/project_resstock_efs.zip"]
[16:38:24.683481 INFO] Script returned with exit code 0 of class Fixnum
[16:38:24.683649 INFO] Finished worker initialization
[16:38:24.690824 INFO] Downloading datapoint from http://web:80/data_points/6ecb6288-e20d-4f0c-b7e1-6cce02be344e.json
[16:38:24.745600 INFO] Creating Workflow Manager instance
[16:38:24.745690 INFO] Directory is /mnt/openstudio/analysis_fe821d2c-df1e-4105-9ee6-6c7fef1463ae/data_point_6ecb6288-e20d-4f0c-b7e1-6cce02be344e
[16:38:24.745770 INFO] Opening run.log file '/mnt/openstudio/analysis_fe821d2c-df1e-4105-9ee6-6c7fef1463ae/data_point_6ecb6288-e20d-4f0c-b7e1-6cce02be344e/run/run.log'
[16:38:24.843165 INFO] Running workflow
[16:42:05.021722 INFO] Final run state is finished
[16:42:05.048943 INFO] Saving files/reports back to the server
[16:42:05.049336 INFO] Saving report /mnt/openstudio/analysis_fe821d2c-df1e-4105-9ee6-6c7fef1463ae/data_point_6ecb6288-e20d-4f0c-b7e1-6cce02be344e/reports/eplustbl.html to http://web:80/data_points/6ecb6288-e20d-4f0c-b7e1-6cce02be344e/upload_file
[16:42:05.085697 INFO] Saving report responded with {"id":"59c931dda2321800caed5cba","data_point_id":"6ecb6288-e20d-4f0c-b7e1-6cce02be344e","display_name":"eplustbl","type":"Report","created_at":"2017-09-25T16:42:05.075Z","updated_at":"2017-09-25T16:42:05.075Z"}
[16:42:05.086019 INFO] Saving report /mnt/openstudio/analysis_fe821d2c-df1e-4105-9ee6-6c7fef1463ae/data_point_6ecb6288-e20d-4f0c-b7e1-6cce02be344e/run/objectives.json to http://web:80/data_points/6ecb6288-e20d-4f0c-b7e1-6cce02be344e/upload_file
[16:42:05.112613 INFO] Saving report responded with {"id":"59c931dda2321800caed5cbb","data_point_id":"6ecb6288-e20d-4f0c-b7e1-6cce02be344e","display_name":"objectives","type":"Report","created_at":"2017-09-25T16:42:05.102Z","updated_at":"2017-09-25T16:42:05.102Z"}
[16:42:05.112905 INFO] Saving report /mnt/openstudio/analysis_fe821d2c-df1e-4105-9ee6-6c7fef1463ae/data_point_6ecb6288-e20d-4f0c-b7e1-6cce02be344e/out.osw to http://web:80/data_points/6ecb6288-e20d-4f0c-b7e1-6cce02be344e/upload_file
[16:42:05.143630 INFO] Saving report responded with {"id":"59c931dda2321800caed5cbc","data_point_id":"6ecb6288-e20d-4f0c-b7e1-6cce02be344e","display_name":"Final OSW File","type":"Report","created_at":"2017-09-25T16:42:05.133Z","updated_at":"2017-09-25T16:42:05.133Z"}
[16:42:05.143881 INFO] Saving report /mnt/openstudio/analysis_fe821d2c-df1e-4105-9ee6-6c7fef1463ae/data_point_6ecb6288-e20d-4f0c-b7e1-6cce02be344e/in.osm to http://web:80/data_points/6ecb6288-e20d-4f0c-b7e1-6cce02be344e/upload_file
[16:42:05.765880 INFO] Saving report responded with {"id":"59c931dda2321800caed5cbd","data_point_id":"6ecb6288-e20d-4f0c-b7e1-6cce02be344e","display_name":"model","type":"OpenStudio Model","created_at":"2017-09-25T16:42:05.683Z","updated_at":"2017-09-25T16:42:05.683Z"}
[16:42:05.766186 INFO] Saving report /mnt/openstudio/analysis_fe821d2c-df1e-4105-9ee6-6c7fef1463ae/data_point_6ecb6288-e20d-4f0c-b7e1-6cce02be344e/run/data_point.zip to http://web:80/data_points/6ecb6288-e20d-4f0c-b7e1-6cce02be344e/upload_file
[16:42:05.815508 INFO] Saving report responded with {"id":"59c931dda2321800caed5cbe","data_point_id":"6ecb6288-e20d-4f0c-b7e1-6cce02be344e","display_name":"Zip File","type":"Data Point","created_at":"2017-09-25T16:42:05.804Z","updated_at":"2017-09-25T16:42:05.804Z"}
[16:42:05.815951 INFO] Found data point finalization file datapoint_final.sh.
[16:42:05.816098 INFO] Preparing to run finalization script /mnt/openstudio/analysis_fe821d2c-df1e-4105-9ee6-6c7fef1463ae/scripts/worker_finalization/datapoint_final.sh
[16:42:05.816444 INFO] Looking for argument file /mnt/openstudio/analysis_fe821d2c-df1e-4105-9ee6-6c7fef1463ae/scripts/worker_finalization/datapoint_final.args
[16:42:05.816497 INFO] argument file exists /mnt/openstudio/analysis_fe821d2c-df1e-4105-9ee6-6c7fef1463ae/scripts/worker_finalization/datapoint_final.args
[16:42:05.816704 INFO] arguments are []
[16:42:05.877630 INFO] Script returned with exit code 0 of class Fixnum
[16:42:05.877979 INFO] Saving report /mnt/openstudio/analysis_fe821d2c-df1e-4105-9ee6-6c7fef1463ae/data_point_6ecb6288-e20d-4f0c-b7e1-6cce02be344e/run/datapoint_final.log to http://web:80/data_points/6ecb6288-e20d-4f0c-b7e1-6cce02be344e/upload_file
[16:42:05.909467 INFO] Saving report responded with {"id":"59c931dda2321800d2ed57e4","data_point_id":"6ecb6288-e20d-4f0c-b7e1-6cce02be344e","display_name":"Finalization Script Log","type":"Report","created_at":"2017-09-25T16:42:05.898Z","updated_at":"2017-09-25T16:42:05.898Z"}
[16:42:05.930659 INFO] Finished /opt/openstudio/server/app/workers/run_simulate_data_point.rb
