Cleaning up data_point directory.
Original files:
total 21696
-rw-rw-rw- 1 root root     5490 Sep 25 16:42 6ecb6288-e20d-4f0c-b7e1-6cce02be344e.log
-rw-rw-rw- 1 root root    66975 Sep 25 16:38 analysis.json
-rw-rw-rw- 1 root root     1030 Sep 25 16:38 data_point.json
-rw-rw-rw- 1 root root     2841 Sep 25 16:38 data_point.osw
-rw-rw-rw- 1 root root  4613983 Sep 25 16:39 in.idf
-rw-rw-rw- 1 root root 17352031 Sep 25 16:39 in.osm
-rw-rw-rw- 1 root root   150853 Sep 25 16:42 out.osw
drwxrwxrwx 2 root root     4096 Sep 25 16:42 reports
drwxrwxrwx 2 root root     4096 Sep 25 16:42 run
total 7436
-rw-rw-r-- 1 root root  601268 Sep 25 16:42 data_point.zip
-rw-rw-rw- 1 root root    8403 Sep 25 16:42 data_point_out.json
-rw-r--r-- 1 root root     587 Sep 25 16:42 datapoint_final.log
-rw-r--r-- 1 root root   22481 Sep 25 16:38 datapoint_init.log
-rw-rw-rw- 1 root root  738250 Sep 25 16:42 enduse_timeseries.csv
-rw-rw-rw- 1 root root     102 Sep 25 16:40 eplusout.end
-rw-rw-rw- 1 root root   36799 Sep 25 16:40 eplusout.err
-rw-rw-rw- 1 root root   52802 Sep 25 16:40 eplusout.mtd
-rw-rw-rw- 1 root root   54736 Sep 25 16:39 eplusout.rdd
-rw-rw-rw- 1 root root  510761 Sep 25 16:40 eplustbl.htm
-rw-rw-rw- 1 root root      43 Sep 25 16:42 finished.job
-rw-rw-rw- 1 root root 4613983 Sep 25 16:39 in.idf
-rw-rw-rw- 1 root root    8403 Sep 25 16:42 measure_attributes.json
-rw-rw-rw- 1 root root   27151 Sep 25 16:38 measures.osw
-rw-rw-rw- 1 root root       3 Sep 25 16:42 objectives.json
-rw-rw-rw- 1 root root    8403 Sep 25 16:42 results.json
-rw-rw-rw- 1 root root  865923 Sep 25 16:42 run.log
-rw-rw-rw- 1 root root      49 Sep 25 16:39 sqlite.err
-rw-rw-rw- 1 root root      42 Sep 25 16:38 started.job
-rw-rw-rw- 1 root root    2366 Sep 25 16:40 stdout-energyplus
-rw-rw-rw- 1 root root      91 Sep 25 16:39 stdout-expandobject
7.3M	data_point_6ecb6288-e20d-4f0c-b7e1-6cce02be344e/run
504K	data_point_6ecb6288-e20d-4f0c-b7e1-6cce02be344e/reports
29M	data_point_6ecb6288-e20d-4f0c-b7e1-6cce02be344e
Final files:
total 240
-rw-rw-rw- 1 root root   5490 Sep 25 16:42 6ecb6288-e20d-4f0c-b7e1-6cce02be344e.log
-rw-rw-rw- 1 root root  66975 Sep 25 16:38 analysis.json
-rw-rw-rw- 1 root root   1030 Sep 25 16:38 data_point.json
-rw-rw-rw- 1 root root   2841 Sep 25 16:38 data_point.osw
-rw-rw-rw- 1 root root 150853 Sep 25 16:42 out.osw
drwxrwxrwx 2 root root   4096 Sep 25 16:42 reports
drwxrwxrwx 2 root root   4096 Sep 25 16:42 run
total 1340
-rw-rw-r-- 1 root root 601268 Sep 25 16:42 data_point.zip
-rw-r--r-- 1 root root   2438 Sep 25 16:42 datapoint_final.log
-rw-r--r-- 1 root root  22481 Sep 25 16:38 datapoint_init.log
-rw-rw-rw- 1 root root 738250 Sep 25 16:42 enduse_timeseries.csv
1.4M	data_point_6ecb6288-e20d-4f0c-b7e1-6cce02be344e/run
504K	data_point_6ecb6288-e20d-4f0c-b7e1-6cce02be344e/reports
2.1M	data_point_6ecb6288-e20d-4f0c-b7e1-6cce02be344e
