# Logfile created on 2017-09-25 16:35:42 +0000 by logger.rb/47272
[16:35:42.680333 INFO] Server host is http://web:80
[16:35:42.681171 INFO] Analysis directory is /mnt/openstudio/analysis_fe821d2c-df1e-4105-9ee6-6c7fef1463ae
[16:35:42.681251 INFO] Simulation directory is /mnt/openstudio/analysis_fe821d2c-df1e-4105-9ee6-6c7fef1463ae/data_point_4815919d-3807-4914-bf1c-0ca6edc6eb57
[16:35:42.681290 INFO] Run datapoint type/file is workflow
[16:35:42.681323 INFO] Starting initialize_worker for datapoint 4815919d-3807-4914-bf1c-0ca6edc6eb57
[16:35:42.681384 INFO] receipt_file already exists, moving on
[16:35:43.476462 INFO] Downloading datapoint from http://web:80/data_points/4815919d-3807-4914-bf1c-0ca6edc6eb57.json
[16:35:43.832457 INFO] Creating Workflow Manager instance
[16:35:43.832522 INFO] Directory is /mnt/openstudio/analysis_fe821d2c-df1e-4105-9ee6-6c7fef1463ae/data_point_4815919d-3807-4914-bf1c-0ca6edc6eb57
[16:35:43.832573 INFO] Opening run.log file '/mnt/openstudio/analysis_fe821d2c-df1e-4105-9ee6-6c7fef1463ae/data_point_4815919d-3807-4914-bf1c-0ca6edc6eb57/run/run.log'
[16:35:43.842471 INFO] Running workflow
[16:39:12.767763 INFO] Final run state is finished
[16:39:12.783492 INFO] Saving files/reports back to the server
[16:39:12.783691 INFO] Saving report /mnt/openstudio/analysis_fe821d2c-df1e-4105-9ee6-6c7fef1463ae/data_point_4815919d-3807-4914-bf1c-0ca6edc6eb57/reports/eplustbl.html to http://web:80/data_points/4815919d-3807-4914-bf1c-0ca6edc6eb57/upload_file
[16:39:12.827651 INFO] Saving report responded with {"id":"59c93130a2321800caed5c01","data_point_id":"4815919d-3807-4914-bf1c-0ca6edc6eb57","display_name":"eplustbl","type":"Report","created_at":"2017-09-25T16:39:12.818Z","updated_at":"2017-09-25T16:39:12.818Z"}
[16:39:12.827827 INFO] Saving report /mnt/openstudio/analysis_fe821d2c-df1e-4105-9ee6-6c7fef1463ae/data_point_4815919d-3807-4914-bf1c-0ca6edc6eb57/run/objectives.json to http://web:80/data_points/4815919d-3807-4914-bf1c-0ca6edc6eb57/upload_file
[16:39:12.850242 INFO] Saving report responded with {"id":"59c93130a2321800caed5c02","data_point_id":"4815919d-3807-4914-bf1c-0ca6edc6eb57","display_name":"objectives","type":"Report","created_at":"2017-09-25T16:39:12.842Z","updated_at":"2017-09-25T16:39:12.842Z"}
[16:39:12.850483 INFO] Saving report /mnt/openstudio/analysis_fe821d2c-df1e-4105-9ee6-6c7fef1463ae/data_point_4815919d-3807-4914-bf1c-0ca6edc6eb57/out.osw to http://web:80/data_points/4815919d-3807-4914-bf1c-0ca6edc6eb57/upload_file
[16:39:12.877978 INFO] Saving report responded with {"id":"59c93130a2321800caed5c03","data_point_id":"4815919d-3807-4914-bf1c-0ca6edc6eb57","display_name":"Final OSW File","type":"Report","created_at":"2017-09-25T16:39:12.869Z","updated_at":"2017-09-25T16:39:12.869Z"}
[16:39:12.878210 INFO] Saving report /mnt/openstudio/analysis_fe821d2c-df1e-4105-9ee6-6c7fef1463ae/data_point_4815919d-3807-4914-bf1c-0ca6edc6eb57/in.osm to http://web:80/data_points/4815919d-3807-4914-bf1c-0ca6edc6eb57/upload_file
[16:39:13.578467 INFO] Saving report responded with {"id":"59c93131a2321800caed5c04","data_point_id":"4815919d-3807-4914-bf1c-0ca6edc6eb57","display_name":"model","type":"OpenStudio Model","created_at":"2017-09-25T16:39:13.494Z","updated_at":"2017-09-25T16:39:13.494Z"}
[16:39:13.578749 INFO] Saving report /mnt/openstudio/analysis_fe821d2c-df1e-4105-9ee6-6c7fef1463ae/data_point_4815919d-3807-4914-bf1c-0ca6edc6eb57/run/data_point.zip to http://web:80/data_points/4815919d-3807-4914-bf1c-0ca6edc6eb57/upload_file
[16:39:13.662398 INFO] Saving report responded with {"id":"59c93131a2321800caed5c05","data_point_id":"4815919d-3807-4914-bf1c-0ca6edc6eb57","display_name":"Zip File","type":"Data Point","created_at":"2017-09-25T16:39:13.649Z","updated_at":"2017-09-25T16:39:13.649Z"}
[16:39:13.662927 INFO] Found data point finalization file datapoint_final.sh.
[16:39:13.663110 INFO] Preparing to run finalization script /mnt/openstudio/analysis_fe821d2c-df1e-4105-9ee6-6c7fef1463ae/scripts/worker_finalization/datapoint_final.sh
[16:39:13.663432 INFO] Looking for argument file /mnt/openstudio/analysis_fe821d2c-df1e-4105-9ee6-6c7fef1463ae/scripts/worker_finalization/datapoint_final.args
[16:39:13.663496 INFO] argument file exists /mnt/openstudio/analysis_fe821d2c-df1e-4105-9ee6-6c7fef1463ae/scripts/worker_finalization/datapoint_final.args
[16:39:13.663715 INFO] arguments are []
[16:39:13.722570 INFO] Script returned with exit code 0 of class Fixnum
[16:39:13.722862 INFO] Saving report /mnt/openstudio/analysis_fe821d2c-df1e-4105-9ee6-6c7fef1463ae/data_point_4815919d-3807-4914-bf1c-0ca6edc6eb57/run/datapoint_final.log to http://web:80/data_points/4815919d-3807-4914-bf1c-0ca6edc6eb57/upload_file
[16:39:13.754730 INFO] Saving report responded with {"id":"59c93131a2321800caed5c06","data_point_id":"4815919d-3807-4914-bf1c-0ca6edc6eb57","display_name":"Finalization Script Log","type":"Report","created_at":"2017-09-25T16:39:13.744Z","updated_at":"2017-09-25T16:39:13.744Z"}
[16:39:13.763670 INFO] Finished /opt/openstudio/server/app/workers/run_simulate_data_point.rb
