Cleaning up data_point directory.
Original files:
total 21724
-rw-rw-rw- 1 root root     4385 Sep 25 16:39 4815919d-3807-4914-bf1c-0ca6edc6eb57.log
-rw-rw-rw- 1 root root    66975 Sep 25 16:35 analysis.json
-rw-rw-rw- 1 root root     1030 Sep 25 16:35 data_point.json
-rw-rw-rw- 1 root root     2841 Sep 25 16:35 data_point.osw
-rw-rw-rw- 1 root root  4616712 Sep 25 16:36 in.idf
-rw-rw-rw- 1 root root 17364573 Sep 25 16:36 in.osm
-rw-rw-rw- 1 root root   161714 Sep 25 16:39 out.osw
drwxrwxrwx 2 root root     4096 Sep 25 16:39 reports
drwxrwxrwx 2 root root     4096 Sep 25 16:39 run
total 7460
-rw-rw-r-- 1 root root  607248 Sep 25 16:39 data_point.zip
-rw-rw-rw- 1 root root    8395 Sep 25 16:39 data_point_out.json
-rw-r--r-- 1 root root     587 Sep 25 16:39 datapoint_final.log
-rw-rw-rw- 1 root root  700990 Sep 25 16:39 enduse_timeseries.csv
-rw-rw-rw- 1 root root      99 Sep 25 16:37 eplusout.end
-rw-rw-rw- 1 root root   35777 Sep 25 16:37 eplusout.err
-rw-rw-rw- 1 root root   60265 Sep 25 16:37 eplusout.mtd
-rw-rw-rw- 1 root root   48257 Sep 25 16:37 eplusout.rdd
-rw-rw-rw- 1 root root  573256 Sep 25 16:37 eplustbl.htm
-rw-rw-rw- 1 root root      43 Sep 25 16:39 finished.job
-rw-rw-rw- 1 root root 4616712 Sep 25 16:36 in.idf
-rw-rw-rw- 1 root root    8395 Sep 25 16:39 measure_attributes.json
-rw-rw-rw- 1 root root   26772 Sep 25 16:35 measures.osw
-rw-rw-rw- 1 root root       3 Sep 25 16:39 objectives.json
-rw-rw-rw- 1 root root    8395 Sep 25 16:39 results.json
-rw-rw-rw- 1 root root  878157 Sep 25 16:39 run.log
-rw-rw-rw- 1 root root      49 Sep 25 16:37 sqlite.err
-rw-rw-rw- 1 root root      42 Sep 25 16:35 started.job
-rw-rw-rw- 1 root root    2336 Sep 25 16:37 stdout-energyplus
-rw-rw-rw- 1 root root      91 Sep 25 16:37 stdout-expandobject
7.3M	data_point_4815919d-3807-4914-bf1c-0ca6edc6eb57/run
564K	data_point_4815919d-3807-4914-bf1c-0ca6edc6eb57/reports
30M	data_point_4815919d-3807-4914-bf1c-0ca6edc6eb57
Final files:
total 252
-rw-rw-rw- 1 root root   4385 Sep 25 16:39 4815919d-3807-4914-bf1c-0ca6edc6eb57.log
-rw-rw-rw- 1 root root  66975 Sep 25 16:35 analysis.json
-rw-rw-rw- 1 root root   1030 Sep 25 16:35 data_point.json
-rw-rw-rw- 1 root root   2841 Sep 25 16:35 data_point.osw
-rw-rw-rw- 1 root root 161714 Sep 25 16:39 out.osw
drwxrwxrwx 2 root root   4096 Sep 25 16:39 reports
drwxrwxrwx 2 root root   4096 Sep 25 16:39 run
total 1288
-rw-rw-r-- 1 root root 607248 Sep 25 16:39 data_point.zip
-rw-r--r-- 1 root root   2375 Sep 25 16:39 datapoint_final.log
-rw-rw-rw- 1 root root 700990 Sep 25 16:39 enduse_timeseries.csv
1.3M	data_point_4815919d-3807-4914-bf1c-0ca6edc6eb57/run
564K	data_point_4815919d-3807-4914-bf1c-0ca6edc6eb57/reports
2.1M	data_point_4815919d-3807-4914-bf1c-0ca6edc6eb57
