# Logfile created on 2017-09-25 16:39:43 +0000 by logger.rb/47272
[16:39:43.340199 INFO] Server host is http://web:80
[16:39:43.340255 INFO] Analysis directory is /mnt/openstudio/analysis_fe821d2c-df1e-4105-9ee6-6c7fef1463ae
[16:39:43.340303 INFO] Simulation directory is /mnt/openstudio/analysis_fe821d2c-df1e-4105-9ee6-6c7fef1463ae/data_point_33475959-66f0-456a-a396-8de7c1392373
[16:39:43.340327 INFO] Run datapoint type/file is workflow
[16:39:43.340352 INFO] Starting initialize_worker for datapoint 33475959-66f0-456a-a396-8de7c1392373
[16:39:43.340397 INFO] receipt_file already exists, moving on
[16:39:45.923932 INFO] Downloading datapoint from http://web:80/data_points/33475959-66f0-456a-a396-8de7c1392373.json
[16:39:45.981278 INFO] Creating Workflow Manager instance
[16:39:45.981352 INFO] Directory is /mnt/openstudio/analysis_fe821d2c-df1e-4105-9ee6-6c7fef1463ae/data_point_33475959-66f0-456a-a396-8de7c1392373
[16:39:45.981406 INFO] Opening run.log file '/mnt/openstudio/analysis_fe821d2c-df1e-4105-9ee6-6c7fef1463ae/data_point_33475959-66f0-456a-a396-8de7c1392373/run/run.log'
[16:39:46.451390 INFO] Running workflow
[16:45:51.796982 INFO] Final run state is finished
[16:45:51.821988 INFO] Saving files/reports back to the server
[16:45:51.822262 INFO] Saving report /mnt/openstudio/analysis_fe821d2c-df1e-4105-9ee6-6c7fef1463ae/data_point_33475959-66f0-456a-a396-8de7c1392373/reports/eplustbl.html to http://web:80/data_points/33475959-66f0-456a-a396-8de7c1392373/upload_file
[16:45:51.873016 INFO] Saving report responded with {"id":"59c9325da2321800caed5d6e","data_point_id":"33475959-66f0-456a-a396-8de7c1392373","display_name":"eplustbl","type":"Report","created_at":"2017-09-25T16:44:13.726Z","updated_at":"2017-09-25T16:44:13.726Z"}
[16:45:51.873212 INFO] Saving report /mnt/openstudio/analysis_fe821d2c-df1e-4105-9ee6-6c7fef1463ae/data_point_33475959-66f0-456a-a396-8de7c1392373/run/objectives.json to http://web:80/data_points/33475959-66f0-456a-a396-8de7c1392373/upload_file
[16:45:51.902340 INFO] Saving report responded with {"id":"59c9325da2321800caed5d6f","data_point_id":"33475959-66f0-456a-a396-8de7c1392373","display_name":"objectives","type":"Report","created_at":"2017-09-25T16:44:13.757Z","updated_at":"2017-09-25T16:44:13.757Z"}
[16:45:51.902527 INFO] Saving report /mnt/openstudio/analysis_fe821d2c-df1e-4105-9ee6-6c7fef1463ae/data_point_33475959-66f0-456a-a396-8de7c1392373/out.osw to http://web:80/data_points/33475959-66f0-456a-a396-8de7c1392373/upload_file
[16:45:51.947470 INFO] Saving report responded with {"id":"59c9325da2321800caed5d70","data_point_id":"33475959-66f0-456a-a396-8de7c1392373","display_name":"Final OSW File","type":"Report","created_at":"2017-09-25T16:44:13.799Z","updated_at":"2017-09-25T16:44:13.799Z"}
[16:45:51.947660 INFO] Saving report /mnt/openstudio/analysis_fe821d2c-df1e-4105-9ee6-6c7fef1463ae/data_point_33475959-66f0-456a-a396-8de7c1392373/in.osm to http://web:80/data_points/33475959-66f0-456a-a396-8de7c1392373/upload_file
[16:45:52.889240 INFO] Saving report responded with {"id":"59c9325ea2321800caed5d71","data_point_id":"33475959-66f0-456a-a396-8de7c1392373","display_name":"model","type":"OpenStudio Model","created_at":"2017-09-25T16:44:14.415Z","updated_at":"2017-09-25T16:44:14.415Z"}
[16:45:52.889652 INFO] Saving report /mnt/openstudio/analysis_fe821d2c-df1e-4105-9ee6-6c7fef1463ae/data_point_33475959-66f0-456a-a396-8de7c1392373/run/data_point.zip to http://web:80/data_points/33475959-66f0-456a-a396-8de7c1392373/upload_file
[16:45:53.213410 INFO] Saving report responded with {"id":"59c9325ea2321800caed5d72","data_point_id":"33475959-66f0-456a-a396-8de7c1392373","display_name":"Zip File","type":"Data Point","created_at":"2017-09-25T16:44:14.784Z","updated_at":"2017-09-25T16:44:14.784Z"}
[16:45:53.213795 INFO] Found data point finalization file datapoint_final.sh.
[16:45:53.213907 INFO] Preparing to run finalization script /mnt/openstudio/analysis_fe821d2c-df1e-4105-9ee6-6c7fef1463ae/scripts/worker_finalization/datapoint_final.sh
[16:45:53.240221 INFO] Looking for argument file /mnt/openstudio/analysis_fe821d2c-df1e-4105-9ee6-6c7fef1463ae/scripts/worker_finalization/datapoint_final.args
[16:45:53.240321 INFO] argument file exists /mnt/openstudio/analysis_fe821d2c-df1e-4105-9ee6-6c7fef1463ae/scripts/worker_finalization/datapoint_final.args
[16:45:53.243192 INFO] arguments are []
[16:45:53.288288 INFO] Script returned with exit code 0 of class Fixnum
[16:45:53.288534 INFO] Saving report /mnt/openstudio/analysis_fe821d2c-df1e-4105-9ee6-6c7fef1463ae/data_point_33475959-66f0-456a-a396-8de7c1392373/run/datapoint_final.log to http://web:80/data_points/33475959-66f0-456a-a396-8de7c1392373/upload_file
[16:45:53.318659 INFO] Saving report responded with {"id":"59c9325fa2321800caed5d73","data_point_id":"33475959-66f0-456a-a396-8de7c1392373","display_name":"Finalization Script Log","type":"Report","created_at":"2017-09-25T16:44:15.166Z","updated_at":"2017-09-25T16:44:15.166Z"}
[16:45:53.331661 INFO] Finished /opt/openstudio/server/app/workers/run_simulate_data_point.rb
