Cleaning up data_point directory.
Original files:
total 21668
-rw-rw-rw- 1 root root     4385 Sep 25 16:45 33475959-66f0-456a-a396-8de7c1392373.log
-rw-rw-rw- 1 root root    66975 Sep 25 16:39 analysis.json
-rw-rw-rw- 1 root root     1030 Sep 25 16:39 data_point.json
-rw-rw-rw- 1 root root     2841 Sep 25 16:39 data_point.osw
-rw-rw-rw- 1 root root  4596501 Sep 25 16:42 in.idf
-rw-rw-rw- 1 root root 17336616 Sep 25 16:42 in.osm
-rw-rw-rw- 1 root root   152537 Sep 25 16:45 out.osw
drwxrwxrwx 2 root root     4096 Sep 25 16:45 reports
drwxrwxrwx 2 root root     4096 Sep 25 16:45 run
total 7516
-rw-rw-r-- 1 root root  647759 Sep 25 16:45 data_point.zip
-rw-rw-rw- 1 root root    8453 Sep 25 16:45 data_point_out.json
-rw-r--r-- 1 root root     587 Sep 25 16:45 datapoint_final.log
-rw-rw-rw- 1 root root  867907 Sep 25 16:45 enduse_timeseries.csv
-rw-rw-rw- 1 root root     102 Sep 25 16:44 eplusout.end
-rw-rw-rw- 1 root root   33699 Sep 25 16:44 eplusout.err
-rw-rw-rw- 1 root root   61367 Sep 25 16:44 eplusout.mtd
-rw-rw-rw- 1 root root   54757 Sep 25 16:43 eplusout.rdd
-rw-rw-rw- 1 root root  450050 Sep 25 16:44 eplustbl.htm
-rw-rw-rw- 1 root root      43 Sep 25 16:45 finished.job
-rw-rw-rw- 1 root root 4596501 Sep 25 16:42 in.idf
-rw-rw-rw- 1 root root    8453 Sep 25 16:45 measure_attributes.json
-rw-rw-rw- 1 root root   27698 Sep 25 16:39 measures.osw
-rw-rw-rw- 1 root root       3 Sep 25 16:45 objectives.json
-rw-rw-rw- 1 root root    8453 Sep 25 16:45 results.json
-rw-rw-rw- 1 root root  870690 Sep 25 16:45 run.log
-rw-rw-rw- 1 root root      49 Sep 25 16:43 sqlite.err
-rw-rw-rw- 1 root root      42 Sep 25 16:39 started.job
-rw-rw-rw- 1 root root    2336 Sep 25 16:44 stdout-energyplus
-rw-rw-rw- 1 root root      91 Sep 25 16:43 stdout-expandobject
444K	data_point_33475959-66f0-456a-a396-8de7c1392373/reports
7.4M	data_point_33475959-66f0-456a-a396-8de7c1392373/run
29M	data_point_33475959-66f0-456a-a396-8de7c1392373
Final files:
total 244
-rw-rw-rw- 1 root root   4385 Sep 25 16:45 33475959-66f0-456a-a396-8de7c1392373.log
-rw-rw-rw- 1 root root  66975 Sep 25 16:39 analysis.json
-rw-rw-rw- 1 root root   1030 Sep 25 16:39 data_point.json
-rw-rw-rw- 1 root root   2841 Sep 25 16:39 data_point.osw
-rw-rw-rw- 1 root root 152537 Sep 25 16:45 out.osw
drwxrwxrwx 2 root root   4096 Sep 25 16:45 reports
drwxrwxrwx 2 root root   4096 Sep 25 16:45 run
total 1488
-rw-rw-r-- 1 root root 647759 Sep 25 16:45 data_point.zip
-rw-r--r-- 1 root root   2375 Sep 25 16:45 datapoint_final.log
-rw-rw-rw- 1 root root 867907 Sep 25 16:45 enduse_timeseries.csv
444K	data_point_33475959-66f0-456a-a396-8de7c1392373/reports
1.5M	data_point_33475959-66f0-456a-a396-8de7c1392373/run
2.2M	data_point_33475959-66f0-456a-a396-8de7c1392373
