# Logfile created on 2017-09-25 16:37:51 +0000 by logger.rb/47272
[16:37:51.835849 INFO] Server host is http://web:80
[16:37:51.835963 INFO] Analysis directory is /mnt/openstudio/analysis_fe821d2c-df1e-4105-9ee6-6c7fef1463ae
[16:37:51.836051 INFO] Simulation directory is /mnt/openstudio/analysis_fe821d2c-df1e-4105-9ee6-6c7fef1463ae/data_point_c41a4c4c-6406-4578-b2ab-1823aaa8287f
[16:37:51.836098 INFO] Run datapoint type/file is workflow
[16:37:51.836148 INFO] Starting initialize_worker for datapoint c41a4c4c-6406-4578-b2ab-1823aaa8287f
[16:37:51.836257 INFO] receipt_file already exists, moving on
[16:37:51.842608 INFO] Downloading datapoint from http://web:80/data_points/c41a4c4c-6406-4578-b2ab-1823aaa8287f.json
[16:37:51.857827 INFO] Creating Workflow Manager instance
[16:37:51.857947 INFO] Directory is /mnt/openstudio/analysis_fe821d2c-df1e-4105-9ee6-6c7fef1463ae/data_point_c41a4c4c-6406-4578-b2ab-1823aaa8287f
[16:37:51.858038 INFO] Opening run.log file '/mnt/openstudio/analysis_fe821d2c-df1e-4105-9ee6-6c7fef1463ae/data_point_c41a4c4c-6406-4578-b2ab-1823aaa8287f/run/run.log'
[16:37:51.888306 INFO] Running workflow
[16:40:22.877381 INFO] Final run state is finished
[16:40:22.901197 INFO] Saving files/reports back to the server
[16:40:22.901424 INFO] Saving report /mnt/openstudio/analysis_fe821d2c-df1e-4105-9ee6-6c7fef1463ae/data_point_c41a4c4c-6406-4578-b2ab-1823aaa8287f/reports/eplustbl.html to http://web:80/data_points/c41a4c4c-6406-4578-b2ab-1823aaa8287f/upload_file
[16:40:22.968139 INFO] Saving report responded with {"id":"59c93114a2321800caed5bdf","data_point_id":"c41a4c4c-6406-4578-b2ab-1823aaa8287f","display_name":"eplustbl","type":"Report","created_at":"2017-09-25T16:38:44.803Z","updated_at":"2017-09-25T16:38:44.803Z"}
[16:40:22.968378 INFO] Saving report /mnt/openstudio/analysis_fe821d2c-df1e-4105-9ee6-6c7fef1463ae/data_point_c41a4c4c-6406-4578-b2ab-1823aaa8287f/run/objectives.json to http://web:80/data_points/c41a4c4c-6406-4578-b2ab-1823aaa8287f/upload_file
[16:40:22.988365 INFO] Saving report responded with {"id":"59c93114a2321800caed5be0","data_point_id":"c41a4c4c-6406-4578-b2ab-1823aaa8287f","display_name":"objectives","type":"Report","created_at":"2017-09-25T16:38:44.840Z","updated_at":"2017-09-25T16:38:44.840Z"}
[16:40:22.988511 INFO] Saving report /mnt/openstudio/analysis_fe821d2c-df1e-4105-9ee6-6c7fef1463ae/data_point_c41a4c4c-6406-4578-b2ab-1823aaa8287f/out.osw to http://web:80/data_points/c41a4c4c-6406-4578-b2ab-1823aaa8287f/upload_file
[16:40:23.045909 INFO] Saving report responded with {"id":"59c93114a2321800caed5be1","data_point_id":"c41a4c4c-6406-4578-b2ab-1823aaa8287f","display_name":"Final OSW File","type":"Report","created_at":"2017-09-25T16:38:44.891Z","updated_at":"2017-09-25T16:38:44.891Z"}
[16:40:23.046154 INFO] Saving report /mnt/openstudio/analysis_fe821d2c-df1e-4105-9ee6-6c7fef1463ae/data_point_c41a4c4c-6406-4578-b2ab-1823aaa8287f/in.osm to http://web:80/data_points/c41a4c4c-6406-4578-b2ab-1823aaa8287f/upload_file
[16:40:47.936950 INFO] Saving report responded with {"id":"59c9312da2321800caed5bfa","data_point_id":"c41a4c4c-6406-4578-b2ab-1823aaa8287f","display_name":"model","type":"OpenStudio Model","created_at":"2017-09-25T16:39:09.720Z","updated_at":"2017-09-25T16:39:09.720Z"}
[16:40:47.937553 INFO] Saving report /mnt/openstudio/analysis_fe821d2c-df1e-4105-9ee6-6c7fef1463ae/data_point_c41a4c4c-6406-4578-b2ab-1823aaa8287f/run/data_point.zip to http://web:80/data_points/c41a4c4c-6406-4578-b2ab-1823aaa8287f/upload_file
[16:40:48.184535 INFO] Saving report responded with {"id":"59c9312ea2321800caed5bfb","data_point_id":"c41a4c4c-6406-4578-b2ab-1823aaa8287f","display_name":"Zip File","type":"Data Point","created_at":"2017-09-25T16:39:10.034Z","updated_at":"2017-09-25T16:39:10.034Z"}
[16:40:48.185033 INFO] Found data point finalization file datapoint_final.sh.
[16:40:48.185190 INFO] Preparing to run finalization script /mnt/openstudio/analysis_fe821d2c-df1e-4105-9ee6-6c7fef1463ae/scripts/worker_finalization/datapoint_final.sh
[16:40:48.265276 INFO] Looking for argument file /mnt/openstudio/analysis_fe821d2c-df1e-4105-9ee6-6c7fef1463ae/scripts/worker_finalization/datapoint_final.args
[16:40:48.265367 INFO] argument file exists /mnt/openstudio/analysis_fe821d2c-df1e-4105-9ee6-6c7fef1463ae/scripts/worker_finalization/datapoint_final.args
[16:40:48.332545 INFO] arguments are []
[16:40:48.400338 INFO] Script returned with exit code 0 of class Fixnum
[16:40:48.400757 INFO] Saving report /mnt/openstudio/analysis_fe821d2c-df1e-4105-9ee6-6c7fef1463ae/data_point_c41a4c4c-6406-4578-b2ab-1823aaa8287f/run/datapoint_final.log to http://web:80/data_points/c41a4c4c-6406-4578-b2ab-1823aaa8287f/upload_file
[16:40:48.429177 INFO] Saving report responded with {"id":"59c9312ea2321800caed5bfc","data_point_id":"c41a4c4c-6406-4578-b2ab-1823aaa8287f","display_name":"Finalization Script Log","type":"Report","created_at":"2017-09-25T16:39:10.278Z","updated_at":"2017-09-25T16:39:10.278Z"}
[16:40:48.440590 INFO] Finished /opt/openstudio/server/app/workers/run_simulate_data_point.rb
