Cleaning up data_point directory.
Original files:
total 21656
-rw-rw-rw- 1 root root    66975 Sep 25 16:37 analysis.json
-rw-rw-rw- 1 root root     4385 Sep 25 16:40 c41a4c4c-6406-4578-b2ab-1823aaa8287f.log
-rw-rw-rw- 1 root root     1030 Sep 25 16:37 data_point.json
-rw-rw-rw- 1 root root     2841 Sep 25 16:37 data_point.osw
-rw-rw-rw- 1 root root  4592044 Sep 25 16:38 in.idf
-rw-rw-rw- 1 root root 17330281 Sep 25 16:38 in.osm
-rw-rw-rw- 1 root root   151425 Sep 25 16:40 out.osw
drwxrwxrwx 2 root root     4096 Sep 25 16:40 reports
drwxrwxrwx 2 root root     4096 Sep 25 16:40 run
total 7440
-rw-rw-r-- 1 root root  616498 Sep 25 16:40 data_point.zip
-rw-rw-rw- 1 root root    8475 Sep 25 16:40 data_point_out.json
-rw-r--r-- 1 root root     587 Sep 25 16:40 datapoint_final.log
-rw-rw-rw- 1 root root  777480 Sep 25 16:40 enduse_timeseries.csv
-rw-rw-rw- 1 root root      99 Sep 25 16:39 eplusout.end
-rw-rw-rw- 1 root root   32762 Sep 25 16:39 eplusout.err
-rw-rw-rw- 1 root root   60692 Sep 25 16:39 eplusout.mtd
-rw-rw-rw- 1 root root   51852 Sep 25 16:38 eplusout.rdd
-rw-rw-rw- 1 root root  504668 Sep 25 16:39 eplustbl.htm
-rw-rw-rw- 1 root root      43 Sep 25 16:40 finished.job
-rw-rw-rw- 1 root root 4592044 Sep 25 16:38 in.idf
-rw-rw-rw- 1 root root    8475 Sep 25 16:40 measure_attributes.json
-rw-rw-rw- 1 root root   27024 Sep 25 16:37 measures.osw
-rw-rw-rw- 1 root root       3 Sep 25 16:40 objectives.json
-rw-rw-rw- 1 root root    8475 Sep 25 16:40 results.json
-rw-rw-rw- 1 root root  870682 Sep 25 16:40 run.log
-rw-rw-rw- 1 root root      49 Sep 25 16:38 sqlite.err
-rw-rw-rw- 1 root root      42 Sep 25 16:37 started.job
-rw-rw-rw- 1 root root    2351 Sep 25 16:39 stdout-energyplus
-rw-rw-rw- 1 root root      91 Sep 25 16:38 stdout-expandobject
500K	data_point_c41a4c4c-6406-4578-b2ab-1823aaa8287f/reports
7.3M	data_point_c41a4c4c-6406-4578-b2ab-1823aaa8287f/run
29M	data_point_c41a4c4c-6406-4578-b2ab-1823aaa8287f
Final files:
total 240
-rw-rw-rw- 1 root root  66975 Sep 25 16:37 analysis.json
-rw-rw-rw- 1 root root   4385 Sep 25 16:40 c41a4c4c-6406-4578-b2ab-1823aaa8287f.log
-rw-rw-rw- 1 root root   1030 Sep 25 16:37 data_point.json
-rw-rw-rw- 1 root root   2841 Sep 25 16:37 data_point.osw
-rw-rw-rw- 1 root root 151425 Sep 25 16:40 out.osw
drwxrwxrwx 2 root root   4096 Sep 25 16:40 reports
drwxrwxrwx 2 root root   4096 Sep 25 16:40 run
total 1368
-rw-rw-r-- 1 root root 616498 Sep 25 16:40 data_point.zip
-rw-r--r-- 1 root root   2375 Sep 25 16:40 datapoint_final.log
-rw-rw-rw- 1 root root 777480 Sep 25 16:40 enduse_timeseries.csv
500K	data_point_c41a4c4c-6406-4578-b2ab-1823aaa8287f/reports
1.4M	data_point_c41a4c4c-6406-4578-b2ab-1823aaa8287f/run
2.1M	data_point_c41a4c4c-6406-4578-b2ab-1823aaa8287f
