# Logfile created on 2017-09-25 16:39:22 +0000 by logger.rb/47272
[16:39:22.806340 INFO] Server host is http://web:80
[16:39:22.806421 INFO] Analysis directory is /mnt/openstudio/analysis_fe821d2c-df1e-4105-9ee6-6c7fef1463ae
[16:39:22.806489 INFO] Simulation directory is /mnt/openstudio/analysis_fe821d2c-df1e-4105-9ee6-6c7fef1463ae/data_point_e33ba7b1-4c63-482d-bed9-db841efb555d
[16:39:22.806527 INFO] Run datapoint type/file is workflow
[16:39:22.806566 INFO] Starting initialize_worker for datapoint e33ba7b1-4c63-482d-bed9-db841efb555d
[16:39:22.806644 INFO] receipt_file already exists, moving on
[16:39:22.826491 INFO] Downloading datapoint from http://web:80/data_points/e33ba7b1-4c63-482d-bed9-db841efb555d.json
[16:39:22.841991 INFO] Creating Workflow Manager instance
[16:39:22.842087 INFO] Directory is /mnt/openstudio/analysis_fe821d2c-df1e-4105-9ee6-6c7fef1463ae/data_point_e33ba7b1-4c63-482d-bed9-db841efb555d
[16:39:22.842152 INFO] Opening run.log file '/mnt/openstudio/analysis_fe821d2c-df1e-4105-9ee6-6c7fef1463ae/data_point_e33ba7b1-4c63-482d-bed9-db841efb555d/run/run.log'
[16:39:22.859005 INFO] Running workflow
[16:43:40.868925 INFO] Final run state is finished
[16:43:40.901211 INFO] Saving files/reports back to the server
[16:43:40.901623 INFO] Saving report /mnt/openstudio/analysis_fe821d2c-df1e-4105-9ee6-6c7fef1463ae/data_point_e33ba7b1-4c63-482d-bed9-db841efb555d/reports/eplustbl.html to http://web:80/data_points/e33ba7b1-4c63-482d-bed9-db841efb555d/upload_file
[16:43:40.985291 INFO] Saving report responded with {"id":"59c9323ca2321800dced544f","data_point_id":"e33ba7b1-4c63-482d-bed9-db841efb555d","display_name":"eplustbl","type":"Report","created_at":"2017-09-25T16:43:40.972Z","updated_at":"2017-09-25T16:43:40.972Z"}
[16:43:40.985589 INFO] Saving report /mnt/openstudio/analysis_fe821d2c-df1e-4105-9ee6-6c7fef1463ae/data_point_e33ba7b1-4c63-482d-bed9-db841efb555d/run/objectives.json to http://web:80/data_points/e33ba7b1-4c63-482d-bed9-db841efb555d/upload_file
[16:43:41.020752 INFO] Saving report responded with {"id":"59c9323da2321800dced5450","data_point_id":"e33ba7b1-4c63-482d-bed9-db841efb555d","display_name":"objectives","type":"Report","created_at":"2017-09-25T16:43:41.004Z","updated_at":"2017-09-25T16:43:41.004Z"}
[16:43:41.020991 INFO] Saving report /mnt/openstudio/analysis_fe821d2c-df1e-4105-9ee6-6c7fef1463ae/data_point_e33ba7b1-4c63-482d-bed9-db841efb555d/out.osw to http://web:80/data_points/e33ba7b1-4c63-482d-bed9-db841efb555d/upload_file
[16:43:41.057988 INFO] Saving report responded with {"id":"59c9323da2321800dced5451","data_point_id":"e33ba7b1-4c63-482d-bed9-db841efb555d","display_name":"Final OSW File","type":"Report","created_at":"2017-09-25T16:43:41.045Z","updated_at":"2017-09-25T16:43:41.045Z"}
[16:43:41.058285 INFO] Saving report /mnt/openstudio/analysis_fe821d2c-df1e-4105-9ee6-6c7fef1463ae/data_point_e33ba7b1-4c63-482d-bed9-db841efb555d/in.osm to http://web:80/data_points/e33ba7b1-4c63-482d-bed9-db841efb555d/upload_file
[16:43:42.625173 INFO] Saving report responded with {"id":"59c9323ea2321800caed5d26","data_point_id":"e33ba7b1-4c63-482d-bed9-db841efb555d","display_name":"model","type":"OpenStudio Model","created_at":"2017-09-25T16:43:42.520Z","updated_at":"2017-09-25T16:43:42.520Z"}
[16:43:42.625776 INFO] Saving report /mnt/openstudio/analysis_fe821d2c-df1e-4105-9ee6-6c7fef1463ae/data_point_e33ba7b1-4c63-482d-bed9-db841efb555d/run/data_point.zip to http://web:80/data_points/e33ba7b1-4c63-482d-bed9-db841efb555d/upload_file
[16:43:42.818893 INFO] Saving report responded with {"id":"59c9323ea2321800caed5d27","data_point_id":"e33ba7b1-4c63-482d-bed9-db841efb555d","display_name":"Zip File","type":"Data Point","created_at":"2017-09-25T16:43:42.688Z","updated_at":"2017-09-25T16:43:42.688Z"}
[16:43:42.819477 INFO] Found data point finalization file datapoint_final.sh.
[16:43:42.819650 INFO] Preparing to run finalization script /mnt/openstudio/analysis_fe821d2c-df1e-4105-9ee6-6c7fef1463ae/scripts/worker_finalization/datapoint_final.sh
[16:43:42.819923 INFO] Looking for argument file /mnt/openstudio/analysis_fe821d2c-df1e-4105-9ee6-6c7fef1463ae/scripts/worker_finalization/datapoint_final.args
[16:43:42.819985 INFO] argument file exists /mnt/openstudio/analysis_fe821d2c-df1e-4105-9ee6-6c7fef1463ae/scripts/worker_finalization/datapoint_final.args
[16:43:42.824469 INFO] arguments are []
[16:43:42.921806 INFO] Script returned with exit code 0 of class Fixnum
[16:43:42.922258 INFO] Saving report /mnt/openstudio/analysis_fe821d2c-df1e-4105-9ee6-6c7fef1463ae/data_point_e33ba7b1-4c63-482d-bed9-db841efb555d/run/datapoint_final.log to http://web:80/data_points/e33ba7b1-4c63-482d-bed9-db841efb555d/upload_file
[16:43:42.983140 INFO] Saving report responded with {"id":"59c9323ea2321800d2ed5818","data_point_id":"e33ba7b1-4c63-482d-bed9-db841efb555d","display_name":"Finalization Script Log","type":"Report","created_at":"2017-09-25T16:43:42.949Z","updated_at":"2017-09-25T16:43:42.949Z"}
[16:43:42.995398 INFO] Finished /opt/openstudio/server/app/workers/run_simulate_data_point.rb
