2024-11-06 16:11:49,853 - INFO - ---------------------------------------------------------
2024-11-06 16:11:49,853 - INFO - Downsampling buildstock for  louisville  using method 1
2024-11-06 16:11:49,858 - INFO - ---------------------------------------------------------
2024-11-06 16:11:49,862 - INFO - bst_to_match has 1411 samples and over threshold n=1000, returning building_id and weight directly.
2024-11-06 16:11:49,866 - INFO - truth = matched - per dwelling unit energy:
2024-11-06 16:11:49,867 - INFO - 
energy_use_total_m_btu              98.984133
fuel_use_electricity_total_m_btu    47.949677
fuel_use_fuel_oil_total_m_btu        0.000000
fuel_use_natural_gas_total_m_btu    50.271406
fuel_use_propane_total_m_btu         0.396555
dtype: double[pyarrow] 

2024-11-06 16:11:49,875 - INFO - truth = matched - per dwelling unit energy:
2024-11-06 16:11:49,877 - INFO - 
build_existing_model.vacancy_status                                  
Occupied                             energy_use_total_m_btu              106.390760
                                     fuel_use_electricity_total_m_btu     51.410948
                                     fuel_use_fuel_oil_total_m_btu         0.000000
                                     fuel_use_natural_gas_total_m_btu     54.143641
                                     fuel_use_propane_total_m_btu          0.431537
Vacant                               energy_use_total_m_btu               27.813684
                                     fuel_use_electricity_total_m_btu     14.690248
                                     fuel_use_fuel_oil_total_m_btu         0.000000
                                     fuel_use_natural_gas_total_m_btu     13.063015
                                     fuel_use_propane_total_m_btu          0.060414
dtype: double[pyarrow] 

2024-11-06 16:11:49,883 - INFO - truth = matched - per dwelling unit energy:
2024-11-06 16:11:49,884 - INFO - 
build_existing_model.tenure                                  
Not Available                energy_use_total_m_btu               27.813684
                             fuel_use_electricity_total_m_btu     14.690248
                             fuel_use_fuel_oil_total_m_btu         0.000000
                             fuel_use_natural_gas_total_m_btu     13.063015
                             fuel_use_propane_total_m_btu          0.060414
Owner                        energy_use_total_m_btu              129.327519
                             fuel_use_electricity_total_m_btu     58.228561
                             fuel_use_fuel_oil_total_m_btu         0.000000
                             fuel_use_natural_gas_total_m_btu     69.871889
                             fuel_use_propane_total_m_btu          0.690143
Renter                       energy_use_total_m_btu               70.228369
                             fuel_use_electricity_total_m_btu     40.662210
                             fuel_use_fuel_oil_total_m_btu         0.000000
                             fuel_use_natural_gas_total_m_btu     29.346282
                             fuel_use_propane_total_m_btu          0.023815
dtype: double[pyarrow] 

2024-11-06 16:11:49,892 - INFO - truth = matched - per dwelling unit energy:
2024-11-06 16:11:49,894 - INFO - 
build_existing_model.federal_poverty_level                                  
0-100%                                      energy_use_total_m_btu               82.051783
                                            fuel_use_electricity_total_m_btu     44.312006
                                            fuel_use_fuel_oil_total_m_btu         0.000000
                                            fuel_use_natural_gas_total_m_btu     37.442966
                                            fuel_use_propane_total_m_btu          0.067497
100-150%                                    energy_use_total_m_btu               88.621680
                                            fuel_use_electricity_total_m_btu     41.907451
                                            fuel_use_fuel_oil_total_m_btu         0.000000
                                            fuel_use_natural_gas_total_m_btu     46.484795
                                            fuel_use_propane_total_m_btu          0.000000
150-200%                                    energy_use_total_m_btu               93.900487
                                            fuel_use_electricity_total_m_btu     46.147213
                                            fuel_use_fuel_oil_total_m_btu         0.000000
                                            fuel_use_natural_gas_total_m_btu     47.718525
                                            fuel_use_propane_total_m_btu          0.034700
200-300%                                    energy_use_total_m_btu               99.471332
                                            fuel_use_electricity_total_m_btu     49.680841
                                            fuel_use_fuel_oil_total_m_btu         0.000000
                                            fuel_use_natural_gas_total_m_btu     48.947105
                                            fuel_use_propane_total_m_btu          0.000000
300-400%                                    energy_use_total_m_btu              107.435179
                                            fuel_use_electricity_total_m_btu     51.644168
                                            fuel_use_fuel_oil_total_m_btu         0.000000
                                            fuel_use_natural_gas_total_m_btu     54.398397
                                            fuel_use_propane_total_m_btu          1.229966
400%+                                       energy_use_total_m_btu              123.844333
                                            fuel_use_electricity_total_m_btu     57.709189
                                            fuel_use_fuel_oil_total_m_btu         0.000000
                                            fuel_use_natural_gas_total_m_btu     65.037353
                                            fuel_use_propane_total_m_btu          0.630980
Not Available                               energy_use_total_m_btu               27.813684
                                            fuel_use_electricity_total_m_btu     14.690248
                                            fuel_use_fuel_oil_total_m_btu         0.000000
                                            fuel_use_natural_gas_total_m_btu     13.063015
                                            fuel_use_propane_total_m_btu          0.060414
dtype: double[pyarrow] 

2024-11-06 16:11:49,904 - INFO - >> Database down-selected to 1411 buildings, based on input data of 1411 buildings, result outputs to: 
C:\Users\ylou2\Desktop\resstock\euss_cleap\data_\downsampled_buildings_id\results_up00__downsampled_method1__louisville.csv

