2023-06-21 15:13:46,726 - INFO - ---------------------------------------------------------
2023-06-21 15:13:46,726 - INFO - Downsampling buildstock for  louisville  using method 1
2023-06-21 15:13:46,726 - INFO - ---------------------------------------------------------
2023-06-21 15:13:46,869 - INFO - bst_to_match has 1131 samples and over threshold n=1000, returning building_id and weight directly.
2023-06-21 15:13:46,875 - INFO - truth = matched - per dwelling unit energy:
2023-06-21 15:13:46,876 - INFO - 
energy_use_total_m_btu              100.158855
fuel_use_electricity_total_m_btu     44.766295
fuel_use_fuel_oil_total_m_btu         0.000000
fuel_use_natural_gas_total_m_btu     54.806216
fuel_use_propane_total_m_btu          0.586359
dtype: float64

2023-06-21 15:13:46,880 - INFO - truth = matched - per dwelling unit energy:
2023-06-21 15:13:46,881 - INFO - 
build_existing_model.vacancy_status                                  
Occupied                             energy_use_total_m_btu              107.328496
                                     fuel_use_electricity_total_m_btu     47.727313
                                     fuel_use_fuel_oil_total_m_btu         0.000000
                                     fuel_use_natural_gas_total_m_btu     58.949112
                                     fuel_use_propane_total_m_btu          0.652087
Vacant                               energy_use_total_m_btu               36.198114
                                     fuel_use_electricity_total_m_btu     18.350904
                                     fuel_use_fuel_oil_total_m_btu         0.000000
                                     fuel_use_natural_gas_total_m_btu     17.847219
                                     fuel_use_propane_total_m_btu          0.000000
dtype: float64

2023-06-21 15:13:46,884 - INFO - truth = matched - per dwelling unit energy:
2023-06-21 15:13:46,884 - INFO - 
build_existing_model.tenure                                  
Owner                        energy_use_total_m_btu              123.937090
                             fuel_use_electricity_total_m_btu     50.940036
                             fuel_use_fuel_oil_total_m_btu         0.000000
                             fuel_use_natural_gas_total_m_btu     72.297086
                             fuel_use_propane_total_m_btu          0.699992
Renter                       energy_use_total_m_btu               66.473021
                             fuel_use_electricity_total_m_btu     36.020162
                             fuel_use_fuel_oil_total_m_btu         0.000000
                             fuel_use_natural_gas_total_m_btu     30.027483
                             fuel_use_propane_total_m_btu          0.425378
dtype: float64

2023-06-21 15:13:46,887 - INFO - truth = matched - per dwelling unit energy:
2023-06-21 15:13:46,888 - INFO - 
build_existing_model.federal_poverty_level                                  
0-100%                                      energy_use_total_m_btu               69.999458
                                            fuel_use_electricity_total_m_btu     37.628167
                                            fuel_use_fuel_oil_total_m_btu         0.000000
                                            fuel_use_natural_gas_total_m_btu     32.235488
                                            fuel_use_propane_total_m_btu          0.135762
100-150%                                    energy_use_total_m_btu               85.729953
                                            fuel_use_electricity_total_m_btu     36.910642
                                            fuel_use_fuel_oil_total_m_btu         0.000000
                                            fuel_use_natural_gas_total_m_btu     48.271274
                                            fuel_use_propane_total_m_btu          0.548047
150-200%                                    energy_use_total_m_btu               78.919500
                                            fuel_use_electricity_total_m_btu     39.339779
                                            fuel_use_fuel_oil_total_m_btu         0.000000
                                            fuel_use_natural_gas_total_m_btu     38.846269
                                            fuel_use_propane_total_m_btu          0.733490
200-300%                                    energy_use_total_m_btu              101.462462
                                            fuel_use_electricity_total_m_btu     45.808970
                                            fuel_use_fuel_oil_total_m_btu         0.000000
                                            fuel_use_natural_gas_total_m_btu     55.597382
                                            fuel_use_propane_total_m_btu          0.056121
300-400%                                    energy_use_total_m_btu              112.052087
                                            fuel_use_electricity_total_m_btu     48.516450
                                            fuel_use_fuel_oil_total_m_btu         0.000000
                                            fuel_use_natural_gas_total_m_btu     62.118150
                                            fuel_use_propane_total_m_btu          1.417494
400%+                                       energy_use_total_m_btu              117.018754
                                            fuel_use_electricity_total_m_btu     49.306259
                                            fuel_use_fuel_oil_total_m_btu         0.000000
                                            fuel_use_natural_gas_total_m_btu     67.032279
                                            fuel_use_propane_total_m_btu          0.680256
dtype: float64

2023-06-21 15:13:46,919 - INFO - >> Database down-selected to 1131 buildings, based on input data of 1131 buildings, result outputs to: 
/Users/lliu2/Documents/GitHub/ResStock/euss_cleap/data_/downsampled_buildings_id/euss1_2018_results_up00__downsampled_method1__louisville.csv

