2023-06-21 15:13:48,656 - INFO - ---------------------------------------------------------
2023-06-21 15:13:48,656 - INFO - Downsampling buildstock for  north_birmingham  using method 1
2023-06-21 15:13:48,657 - INFO - ---------------------------------------------------------
2023-06-21 15:13:48,694 - INFO - bst_to_match has 1258 samples and over threshold n=1000, returning building_id and weight directly.
2023-06-21 15:13:48,697 - INFO - truth = matched - per dwelling unit energy:
2023-06-21 15:13:48,697 - INFO - 
energy_use_total_m_btu              76.571993
fuel_use_electricity_total_m_btu    47.865137
fuel_use_fuel_oil_total_m_btu        0.023324
fuel_use_natural_gas_total_m_btu    28.041344
fuel_use_propane_total_m_btu         0.642213
dtype: float64

2023-06-21 15:13:48,700 - INFO - truth = matched - per dwelling unit energy:
2023-06-21 15:13:48,701 - INFO - 
build_existing_model.vacancy_status                                  
Occupied                             energy_use_total_m_btu              84.993134
                                     fuel_use_electricity_total_m_btu    52.710938
                                     fuel_use_fuel_oil_total_m_btu        0.027370
                                     fuel_use_natural_gas_total_m_btu    31.553818
                                     fuel_use_propane_total_m_btu         0.701035
Vacant                               energy_use_total_m_btu              28.037242
                                     fuel_use_electricity_total_m_btu    19.936651
                                     fuel_use_fuel_oil_total_m_btu        0.000000
                                     fuel_use_natural_gas_total_m_btu     7.797409
                                     fuel_use_propane_total_m_btu         0.303199
dtype: float64

2023-06-21 15:13:48,705 - INFO - truth = matched - per dwelling unit energy:
2023-06-21 15:13:48,705 - INFO - 
build_existing_model.tenure                                  
Owner                        energy_use_total_m_btu              93.058644
                             fuel_use_electricity_total_m_btu    54.729042
                             fuel_use_fuel_oil_total_m_btu        0.038455
                             fuel_use_natural_gas_total_m_btu    37.427803
                             fuel_use_propane_total_m_btu         0.863362
Renter                       energy_use_total_m_btu              51.159236
                             fuel_use_electricity_total_m_btu    37.285016
                             fuel_use_fuel_oil_total_m_btu        0.000000
                             fuel_use_natural_gas_total_m_btu    13.572923
                             fuel_use_propane_total_m_btu         0.301331
dtype: float64

2023-06-21 15:13:48,709 - INFO - truth = matched - per dwelling unit energy:
2023-06-21 15:13:48,709 - INFO - 
build_existing_model.federal_poverty_level                                  
0-100%                                      energy_use_total_m_btu              57.725330
                                            fuel_use_electricity_total_m_btu    39.875181
                                            fuel_use_fuel_oil_total_m_btu        0.000000
                                            fuel_use_natural_gas_total_m_btu    17.137101
                                            fuel_use_propane_total_m_btu         0.713066
100-150%                                    energy_use_total_m_btu              70.369669
                                            fuel_use_electricity_total_m_btu    42.486157
                                            fuel_use_fuel_oil_total_m_btu        0.000000
                                            fuel_use_natural_gas_total_m_btu    26.155860
                                            fuel_use_propane_total_m_btu         1.727694
150-200%                                    energy_use_total_m_btu              65.579435
                                            fuel_use_electricity_total_m_btu    45.753574
                                            fuel_use_fuel_oil_total_m_btu        0.000000
                                            fuel_use_natural_gas_total_m_btu    18.859824
                                            fuel_use_propane_total_m_btu         0.966065
200-300%                                    energy_use_total_m_btu              70.949503
                                            fuel_use_electricity_total_m_btu    43.710362
                                            fuel_use_fuel_oil_total_m_btu        0.000000
                                            fuel_use_natural_gas_total_m_btu    27.084968
                                            fuel_use_propane_total_m_btu         0.154189
300-400%                                    energy_use_total_m_btu              77.586576
                                            fuel_use_electricity_total_m_btu    48.011000
                                            fuel_use_fuel_oil_total_m_btu        0.000000
                                            fuel_use_natural_gas_total_m_btu    29.333436
                                            fuel_use_propane_total_m_btu         0.242188
400%+                                       energy_use_total_m_btu              92.254790
                                            fuel_use_electricity_total_m_btu    55.469542
                                            fuel_use_fuel_oil_total_m_btu        0.064914
                                            fuel_use_natural_gas_total_m_btu    36.135914
                                            fuel_use_propane_total_m_btu         0.584438
dtype: float64

2023-06-21 15:13:48,724 - INFO - >> Database down-selected to 1258 buildings, based on input data of 1258 buildings, result outputs to: 
/Users/lliu2/Documents/GitHub/ResStock/euss_cleap/data_/downsampled_buildings_id/euss1_2018_results_up00__downsampled_method1__north_birmingham.csv

