2023-06-21 15:13:48,042 - INFO - ---------------------------------------------------------
2023-06-21 15:13:48,042 - INFO - Downsampling buildstock for  san_jose  using method 1
2023-06-21 15:13:48,042 - INFO - ---------------------------------------------------------
2023-06-21 15:13:48,078 - INFO - bst_to_match has 1254 samples and over threshold n=1000, returning building_id and weight directly.
2023-06-21 15:13:48,083 - INFO - truth = matched - per dwelling unit energy:
2023-06-21 15:13:48,083 - INFO - 
energy_use_total_m_btu              49.369376
fuel_use_electricity_total_m_btu    22.905487
fuel_use_fuel_oil_total_m_btu        0.008598
fuel_use_natural_gas_total_m_btu    25.917890
fuel_use_propane_total_m_btu         0.537368
dtype: float64

2023-06-21 15:13:48,086 - INFO - truth = matched - per dwelling unit energy:
2023-06-21 15:13:48,086 - INFO - 
build_existing_model.vacancy_status                                  
Occupied                             energy_use_total_m_btu              51.161097
                                     fuel_use_electricity_total_m_btu    23.724379
                                     fuel_use_fuel_oil_total_m_btu        0.008978
                                     fuel_use_natural_gas_total_m_btu    26.879437
                                     fuel_use_propane_total_m_btu         0.548269
Vacant                               energy_use_total_m_btu               8.768302
                                     fuel_use_electricity_total_m_btu     4.349094
                                     fuel_use_fuel_oil_total_m_btu        0.000000
                                     fuel_use_natural_gas_total_m_btu     4.128868
                                     fuel_use_propane_total_m_btu         0.290358
dtype: float64

2023-06-21 15:13:48,089 - INFO - truth = matched - per dwelling unit energy:
2023-06-21 15:13:48,090 - INFO - 
build_existing_model.tenure                                  
Owner                        energy_use_total_m_btu              57.875717
                             fuel_use_electricity_total_m_btu    25.731991
                             fuel_use_fuel_oil_total_m_btu        0.013753
                             fuel_use_natural_gas_total_m_btu    31.519038
                             fuel_use_propane_total_m_btu         0.610907
Renter                       energy_use_total_m_btu              35.180077
                             fuel_use_electricity_total_m_btu    18.190638
                             fuel_use_fuel_oil_total_m_btu        0.000000
                             fuel_use_natural_gas_total_m_btu    16.574698
                             fuel_use_propane_total_m_btu         0.414700
dtype: float64

2023-06-21 15:13:48,092 - INFO - truth = matched - per dwelling unit energy:
2023-06-21 15:13:48,093 - INFO - 
build_existing_model.federal_poverty_level                                  
0-100%                                      energy_use_total_m_btu              39.343269
                                            fuel_use_electricity_total_m_btu    17.814343
                                            fuel_use_fuel_oil_total_m_btu        0.000000
                                            fuel_use_natural_gas_total_m_btu    21.270970
                                            fuel_use_propane_total_m_btu         0.257896
100-150%                                    energy_use_total_m_btu              40.492174
                                            fuel_use_electricity_total_m_btu    19.545717
                                            fuel_use_fuel_oil_total_m_btu        0.000000
                                            fuel_use_natural_gas_total_m_btu    20.946283
                                            fuel_use_propane_total_m_btu         0.000000
150-200%                                    energy_use_total_m_btu              42.725156
                                            fuel_use_electricity_total_m_btu    19.585133
                                            fuel_use_fuel_oil_total_m_btu        0.000000
                                            fuel_use_natural_gas_total_m_btu    21.749356
                                            fuel_use_propane_total_m_btu         1.390711
200-300%                                    energy_use_total_m_btu              49.224822
                                            fuel_use_electricity_total_m_btu    23.272030
                                            fuel_use_fuel_oil_total_m_btu        0.000000
                                            fuel_use_natural_gas_total_m_btu    25.742089
                                            fuel_use_propane_total_m_btu         0.210644
300-400%                                    energy_use_total_m_btu              47.955973
                                            fuel_use_electricity_total_m_btu    22.841761
                                            fuel_use_fuel_oil_total_m_btu        0.095416
                                            fuel_use_natural_gas_total_m_btu    24.461027
                                            fuel_use_propane_total_m_btu         0.557717
400%+                                       energy_use_total_m_btu              51.130607
                                            fuel_use_electricity_total_m_btu    23.603052
                                            fuel_use_fuel_oil_total_m_btu        0.000000
                                            fuel_use_natural_gas_total_m_btu    26.949639
                                            fuel_use_propane_total_m_btu         0.577893
dtype: float64

2023-06-21 15:13:48,112 - INFO - >> Database down-selected to 1254 buildings, based on input data of 1254 buildings, result outputs to: 
/Users/lliu2/Documents/GitHub/ResStock/euss_cleap/data_/downsampled_buildings_id/euss1_2018_results_up00__downsampled_method1__san_jose.csv

