2024-11-06 16:11:58,838 - INFO - ---------------------------------------------------------
2024-11-06 16:11:58,839 - INFO - Downsampling buildstock for  lawrence  using method 1
2024-11-06 16:11:58,840 - INFO - ---------------------------------------------------------
2024-11-06 16:11:58,842 - INFO - bst_to_match has 1274 samples and over threshold n=1000, returning building_id and weight directly.
2024-11-06 16:11:58,845 - INFO - truth = matched - per dwelling unit energy:
2024-11-06 16:11:58,846 - INFO - 
energy_use_total_m_btu              117.645458
fuel_use_electricity_total_m_btu     28.020262
fuel_use_fuel_oil_total_m_btu        27.196990
fuel_use_natural_gas_total_m_btu     57.639651
fuel_use_propane_total_m_btu          3.161034
dtype: double[pyarrow] 

2024-11-06 16:11:58,852 - INFO - truth = matched - per dwelling unit energy:
2024-11-06 16:11:58,853 - INFO - 
build_existing_model.vacancy_status                                  
Occupied                             energy_use_total_m_btu              122.929044
                                     fuel_use_electricity_total_m_btu     29.259668
                                     fuel_use_fuel_oil_total_m_btu        28.374538
                                     fuel_use_natural_gas_total_m_btu     60.212100
                                     fuel_use_propane_total_m_btu          3.351885
Vacant                               energy_use_total_m_btu               34.428974
                                     fuel_use_electricity_total_m_btu      8.499618
                                     fuel_use_fuel_oil_total_m_btu         8.650605
                                     fuel_use_natural_gas_total_m_btu     17.123579
                                     fuel_use_propane_total_m_btu          0.155132
dtype: double[pyarrow] 

2024-11-06 16:11:58,858 - INFO - truth = matched - per dwelling unit energy:
2024-11-06 16:11:58,860 - INFO - 
build_existing_model.tenure                                  
Not Available                energy_use_total_m_btu               34.428974
                             fuel_use_electricity_total_m_btu      8.499618
                             fuel_use_fuel_oil_total_m_btu         8.650605
                             fuel_use_natural_gas_total_m_btu     17.123579
                             fuel_use_propane_total_m_btu          0.155132
Owner                        energy_use_total_m_btu              151.518359
                             fuel_use_electricity_total_m_btu     32.020817
                             fuel_use_fuel_oil_total_m_btu        40.064361
                             fuel_use_natural_gas_total_m_btu     72.736361
                             fuel_use_propane_total_m_btu          4.143535
Renter                       energy_use_total_m_btu               72.302132
                             fuel_use_electricity_total_m_btu     24.370132
                             fuel_use_fuel_oil_total_m_btu         7.673810
                             fuel_use_natural_gas_total_m_btu     38.033722
                             fuel_use_propane_total_m_btu          1.950005
dtype: double[pyarrow] 

2024-11-06 16:11:58,868 - INFO - truth = matched - per dwelling unit energy:
2024-11-06 16:11:58,870 - INFO - 
build_existing_model.federal_poverty_level                                  
0-100%                                      energy_use_total_m_btu               84.848314
                                            fuel_use_electricity_total_m_btu     26.076265
                                            fuel_use_fuel_oil_total_m_btu        15.934725
                                            fuel_use_natural_gas_total_m_btu     42.714294
                                            fuel_use_propane_total_m_btu          0.123039
100-150%                                    energy_use_total_m_btu               82.778080
                                            fuel_use_electricity_total_m_btu     26.410987
                                            fuel_use_fuel_oil_total_m_btu        23.401707
                                            fuel_use_natural_gas_total_m_btu     29.798613
                                            fuel_use_propane_total_m_btu          3.166813
150-200%                                    energy_use_total_m_btu               82.637487
                                            fuel_use_electricity_total_m_btu     26.710816
                                            fuel_use_fuel_oil_total_m_btu        17.119447
                                            fuel_use_natural_gas_total_m_btu     36.477053
                                            fuel_use_propane_total_m_btu          2.195776
200-300%                                    energy_use_total_m_btu              100.611489
                                            fuel_use_electricity_total_m_btu     29.360698
                                            fuel_use_fuel_oil_total_m_btu        22.936576
                                            fuel_use_natural_gas_total_m_btu     46.707986
                                            fuel_use_propane_total_m_btu          1.606151
300-400%                                    energy_use_total_m_btu              127.669897
                                            fuel_use_electricity_total_m_btu     29.280444
                                            fuel_use_fuel_oil_total_m_btu        27.087291
                                            fuel_use_natural_gas_total_m_btu     60.864368
                                            fuel_use_propane_total_m_btu          6.424188
400%+                                       energy_use_total_m_btu              141.105172
                                            fuel_use_electricity_total_m_btu     30.299779
                                            fuel_use_fuel_oil_total_m_btu        33.321769
                                            fuel_use_natural_gas_total_m_btu     71.360949
                                            fuel_use_propane_total_m_btu          3.808693
Not Available                               energy_use_total_m_btu               34.428974
                                            fuel_use_electricity_total_m_btu      8.499618
                                            fuel_use_fuel_oil_total_m_btu         8.650605
                                            fuel_use_natural_gas_total_m_btu     17.123579
                                            fuel_use_propane_total_m_btu          0.155132
dtype: double[pyarrow] 

2024-11-06 16:11:58,874 - INFO - >> Database down-selected to 1274 buildings, based on input data of 1274 buildings, result outputs to: 
C:\Users\ylou2\Desktop\resstock\euss_cleap\data_\downsampled_buildings_id\results_up00__downsampled_method1__lawrence.csv

