2023-06-21 15:13:48,408 - INFO - ---------------------------------------------------------
2023-06-21 15:13:48,408 - INFO - Downsampling buildstock for  columbia  using method 1
2023-06-21 15:13:48,408 - INFO - ---------------------------------------------------------
2023-06-21 15:13:48,445 - INFO - bst_to_match has 1114 samples and over threshold n=1000, returning building_id and weight directly.
2023-06-21 15:13:48,447 - INFO - truth = matched - per dwelling unit energy:
2023-06-21 15:13:48,448 - INFO - 
energy_use_total_m_btu              67.678177
fuel_use_electricity_total_m_btu    54.593433
fuel_use_fuel_oil_total_m_btu        0.119994
fuel_use_natural_gas_total_m_btu    11.733805
fuel_use_propane_total_m_btu         1.230954
dtype: float64

2023-06-21 15:13:48,451 - INFO - truth = matched - per dwelling unit energy:
2023-06-21 15:13:48,452 - INFO - 
build_existing_model.vacancy_status                                  
Occupied                             energy_use_total_m_btu              73.725660
                                     fuel_use_electricity_total_m_btu    59.285377
                                     fuel_use_fuel_oil_total_m_btu        0.136680
                                     fuel_use_natural_gas_total_m_btu    12.937519
                                     fuel_use_propane_total_m_btu         1.366099
Vacant                               energy_use_total_m_btu              24.189662
                                     fuel_use_electricity_total_m_btu    20.852831
                                     fuel_use_fuel_oil_total_m_btu        0.000000
                                     fuel_use_natural_gas_total_m_btu     3.077684
                                     fuel_use_propane_total_m_btu         0.259103
dtype: float64

2023-06-21 15:13:48,455 - INFO - truth = matched - per dwelling unit energy:
2023-06-21 15:13:48,456 - INFO - 
build_existing_model.tenure                                  
Owner                        energy_use_total_m_btu              78.543331
                             fuel_use_electricity_total_m_btu    62.399576
                             fuel_use_fuel_oil_total_m_btu        0.189339
                             fuel_use_natural_gas_total_m_btu    14.239242
                             fuel_use_propane_total_m_btu         1.715180
Renter                       energy_use_total_m_btu              48.877199
                             fuel_use_electricity_total_m_btu    41.085743
                             fuel_use_fuel_oil_total_m_btu        0.000000
                             fuel_use_natural_gas_total_m_btu     7.398417
                             fuel_use_propane_total_m_btu         0.393054
dtype: float64

2023-06-21 15:13:48,459 - INFO - truth = matched - per dwelling unit energy:
2023-06-21 15:13:48,460 - INFO - 
build_existing_model.federal_poverty_level                                  
0-100%                                      energy_use_total_m_btu              58.370654
                                            fuel_use_electricity_total_m_btu    47.575368
                                            fuel_use_fuel_oil_total_m_btu        0.000000
                                            fuel_use_natural_gas_total_m_btu    10.066923
                                            fuel_use_propane_total_m_btu         0.728407
100-150%                                    energy_use_total_m_btu              61.823463
                                            fuel_use_electricity_total_m_btu    49.364796
                                            fuel_use_fuel_oil_total_m_btu        0.442667
                                            fuel_use_natural_gas_total_m_btu    10.802537
                                            fuel_use_propane_total_m_btu         1.213398
150-200%                                    energy_use_total_m_btu              60.827495
                                            fuel_use_electricity_total_m_btu    49.841312
                                            fuel_use_fuel_oil_total_m_btu        0.000000
                                            fuel_use_natural_gas_total_m_btu     9.718226
                                            fuel_use_propane_total_m_btu         1.267946
200-300%                                    energy_use_total_m_btu              65.834122
                                            fuel_use_electricity_total_m_btu    52.973512
                                            fuel_use_fuel_oil_total_m_btu        0.000000
                                            fuel_use_natural_gas_total_m_btu    11.686596
                                            fuel_use_propane_total_m_btu         1.174042
300-400%                                    energy_use_total_m_btu              70.628464
                                            fuel_use_electricity_total_m_btu    56.796914
                                            fuel_use_fuel_oil_total_m_btu        0.000000
                                            fuel_use_natural_gas_total_m_btu    11.240086
                                            fuel_use_propane_total_m_btu         2.591529
400%+                                       energy_use_total_m_btu              75.464249
                                            fuel_use_electricity_total_m_btu    60.732278
                                            fuel_use_fuel_oil_total_m_btu        0.227156
                                            fuel_use_natural_gas_total_m_btu    13.507812
                                            fuel_use_propane_total_m_btu         0.996989
dtype: float64

2023-06-21 15:13:48,474 - INFO - >> Database down-selected to 1114 buildings, based on input data of 1114 buildings, result outputs to: 
/Users/lliu2/Documents/GitHub/ResStock/euss_cleap/data_/downsampled_buildings_id/euss1_2018_results_up00__downsampled_method1__columbia.csv

