# Logfile created on 2019-02-08 21:47:41 +0000 by logger.rb/47272
[21:47:41.197046 INFO] Checking for presence of args file at /mnt/openstudio/analysis_5b8bf959-6b87-4318-911c-88038d7f0940/scripts/data_point/initialize.args
[21:47:41.197107 INFO] Checking for presence of script file at /mnt/openstudio/analysis_5b8bf959-6b87-4318-911c-88038d7f0940/scripts/data_point/initialize.sh
[21:47:41.205107 INFO] Server host is http://web:80
[21:47:41.205191 INFO] Analysis directory is /mnt/openstudio/analysis_5b8bf959-6b87-4318-911c-88038d7f0940
[21:47:41.205254 INFO] Simulation directory is /mnt/openstudio/analysis_5b8bf959-6b87-4318-911c-88038d7f0940/data_point_23c6ec2e-355a-49d2-ae28-048136c15564
[21:47:41.205308 INFO] Run datapoint type/file is 
[21:47:41.205355 INFO] Starting initialize_worker for datapoint 23c6ec2e-355a-49d2-ae28-048136c15564
[21:47:41.205566 INFO] Downloading analysis zip from http://web:80/analyses/5b8bf959-6b87-4318-911c-88038d7f0940/download_analysis_zip
[21:47:44.457488 INFO] Extracting analysis zip to /mnt/openstudio/analysis_5b8bf959-6b87-4318-911c-88038d7f0940
[21:48:24.912893 INFO] Downloading analysis.json from http://web:80/analyses/5b8bf959-6b87-4318-911c-88038d7f0940.json
[21:48:24.967305 DEBUG] Running datapoint initialization file if present.
[21:48:24.967780 INFO] Checking for presence of args file at /mnt/openstudio/analysis_5b8bf959-6b87-4318-911c-88038d7f0940/scripts/data_point/initialize.args
[21:48:24.968104 INFO]  args loaded from file /mnt/openstudio/analysis_5b8bf959-6b87-4318-911c-88038d7f0940/scripts/data_point/initialize.args: ["https://s3.amazonaws.com/epwweatherfiles/project_resstock_national.zip"]
[21:48:24.968162 INFO] Checking for presence of script file at /mnt/openstudio/analysis_5b8bf959-6b87-4318-911c-88038d7f0940/scripts/data_point/initialize.sh
[21:48:24.968481 DEBUG] updating permissions for /mnt/openstudio/analysis_5b8bf959-6b87-4318-911c-88038d7f0940/scripts/data_point/initialize.sh
[21:48:24.968566 DEBUG] removing DOS endings for /mnt/openstudio/analysis_5b8bf959-6b87-4318-911c-88038d7f0940/scripts/data_point/initialize.sh
[21:48:24.968929 DEBUG] running /mnt/openstudio/analysis_5b8bf959-6b87-4318-911c-88038d7f0940/scripts/data_point/initialize.sh
[21:48:28.411456 DEBUG] Script returned with exit code 0 of class Fixnum
[21:48:28.411626 INFO] Finished worker initialization
[21:48:28.426955 INFO] Downloading datapoint from http://web:80/data_points/23c6ec2e-355a-49d2-ae28-048136c15564.json
[21:48:28.448766 INFO] Creating Workflow Manager instance
[21:48:28.448912 INFO] Directory is /mnt/openstudio/analysis_5b8bf959-6b87-4318-911c-88038d7f0940/data_point_23c6ec2e-355a-49d2-ae28-048136c15564
[21:48:28.449045 INFO] Opening run.log file '/mnt/openstudio/analysis_5b8bf959-6b87-4318-911c-88038d7f0940/data_point_23c6ec2e-355a-49d2-ae28-048136c15564/run/run.log'
[21:48:28.449456 WARN] OPENSTUDIO_EXE_PATH not set - defaulting to /usr/local/bin/openstudio
[21:48:28.449965 INFO] Running workflow using cmd /usr/local/bin/openstudio --verbose --bundle /var/oscli/Gemfile --bundle_path /var/oscli/gems run --workflow /mnt/openstudio/analysis_5b8bf959-6b87-4318-911c-88038d7f0940/data_point_23c6ec2e-355a-49d2-ae28-048136c15564/data_point.osw --debug and writing log to /mnt/openstudio/analysis_5b8bf959-6b87-4318-911c-88038d7f0940/data_point_23c6ec2e-355a-49d2-ae28-048136c15564/oscli_simulation.log
[21:49:54.666190 INFO] Saving files/reports back to the server
[21:49:54.666470 INFO] Saving report /mnt/openstudio/analysis_5b8bf959-6b87-4318-911c-88038d7f0940/data_point_23c6ec2e-355a-49d2-ae28-048136c15564/reports/eplustbl.html to http://web:80/data_points/23c6ec2e-355a-49d2-ae28-048136c15564/upload_file
[21:49:54.943547 INFO] Saving report responded with {"id":"5c5df9827899b5010c813b7c","data_point_id":"23c6ec2e-355a-49d2-ae28-048136c15564","display_name":"eplustbl","type":"Report","created_at":"2019-02-08T21:49:54.928Z","updated_at":"2019-02-08T21:49:54.928Z"}
[21:49:54.943891 INFO] Saving report /mnt/openstudio/analysis_5b8bf959-6b87-4318-911c-88038d7f0940/data_point_23c6ec2e-355a-49d2-ae28-048136c15564/run/objectives.json to http://web:80/data_points/23c6ec2e-355a-49d2-ae28-048136c15564/upload_file
[21:49:54.975436 INFO] Saving report responded with {"id":"5c5df9827899b5012a813b7d","data_point_id":"23c6ec2e-355a-49d2-ae28-048136c15564","display_name":"objectives","type":"Report","created_at":"2019-02-08T21:49:54.961Z","updated_at":"2019-02-08T21:49:54.961Z"}
[21:49:54.975712 INFO] Saving report /mnt/openstudio/analysis_5b8bf959-6b87-4318-911c-88038d7f0940/data_point_23c6ec2e-355a-49d2-ae28-048136c15564/out.osw to http://web:80/data_points/23c6ec2e-355a-49d2-ae28-048136c15564/upload_file
[21:49:55.037437 INFO] Saving report responded with {"id":"5c5df9837899b50167813b7d","data_point_id":"23c6ec2e-355a-49d2-ae28-048136c15564","display_name":"Final OSW File","type":"Report","created_at":"2019-02-08T21:49:55.023Z","updated_at":"2019-02-08T21:49:55.023Z"}
[21:49:55.037792 INFO] Saving report /mnt/openstudio/analysis_5b8bf959-6b87-4318-911c-88038d7f0940/data_point_23c6ec2e-355a-49d2-ae28-048136c15564/run/data_point.zip to http://web:80/data_points/23c6ec2e-355a-49d2-ae28-048136c15564/upload_file
[21:49:55.135360 INFO] Saving report responded with {"id":"5c5df9837899b5016f813b7c","data_point_id":"23c6ec2e-355a-49d2-ae28-048136c15564","display_name":"Zip File","type":"Data Point","created_at":"2019-02-08T21:49:55.118Z","updated_at":"2019-02-08T21:49:55.118Z"}
[21:49:55.135663 INFO] Checking for presence of args file at /mnt/openstudio/analysis_5b8bf959-6b87-4318-911c-88038d7f0940/scripts/data_point/finalize.args
[21:49:55.135818 INFO]  args loaded from file /mnt/openstudio/analysis_5b8bf959-6b87-4318-911c-88038d7f0940/scripts/data_point/finalize.args: []
[21:49:55.135856 INFO] Checking for presence of script file at /mnt/openstudio/analysis_5b8bf959-6b87-4318-911c-88038d7f0940/scripts/data_point/finalize.sh
[21:49:55.136056 DEBUG] updating permissions for /mnt/openstudio/analysis_5b8bf959-6b87-4318-911c-88038d7f0940/scripts/data_point/finalize.sh
[21:49:55.136131 DEBUG] removing DOS endings for /mnt/openstudio/analysis_5b8bf959-6b87-4318-911c-88038d7f0940/scripts/data_point/finalize.sh
[21:49:55.136362 DEBUG] running /mnt/openstudio/analysis_5b8bf959-6b87-4318-911c-88038d7f0940/scripts/data_point/finalize.sh
[21:49:55.166133 DEBUG] Script returned with exit code 0 of class Fixnum
[21:49:55.452827 INFO] Finished /opt/openstudio/server/app/jobs/dj_jobs/run_simulate_data_point.rb
