# Logfile created on 2017-09-25 16:40:34 +0000 by logger.rb/47272
[16:40:34.536644 INFO] Server host is http://web:80
[16:40:34.536800 INFO] Analysis directory is /mnt/openstudio/analysis_fe821d2c-df1e-4105-9ee6-6c7fef1463ae
[16:40:34.536928 INFO] Simulation directory is /mnt/openstudio/analysis_fe821d2c-df1e-4105-9ee6-6c7fef1463ae/data_point_b408a7db-5efb-43e2-9e84-16fbb7b37c01
[16:40:34.537010 INFO] Run datapoint type/file is workflow
[16:40:34.537101 INFO] Starting initialize_worker for datapoint b408a7db-5efb-43e2-9e84-16fbb7b37c01
[16:40:34.537271 INFO] receipt_file already exists, moving on
[16:40:34.544186 INFO] Downloading datapoint from http://web:80/data_points/b408a7db-5efb-43e2-9e84-16fbb7b37c01.json
[16:40:34.558261 INFO] Creating Workflow Manager instance
[16:40:34.558314 INFO] Directory is /mnt/openstudio/analysis_fe821d2c-df1e-4105-9ee6-6c7fef1463ae/data_point_b408a7db-5efb-43e2-9e84-16fbb7b37c01
[16:40:34.558372 INFO] Opening run.log file '/mnt/openstudio/analysis_fe821d2c-df1e-4105-9ee6-6c7fef1463ae/data_point_b408a7db-5efb-43e2-9e84-16fbb7b37c01/run/run.log'
[16:40:34.581609 INFO] Running workflow
[16:45:10.073603 INFO] Final run state is finished
[16:45:10.119406 INFO] Saving files/reports back to the server
[16:45:10.119710 INFO] Saving report /mnt/openstudio/analysis_fe821d2c-df1e-4105-9ee6-6c7fef1463ae/data_point_b408a7db-5efb-43e2-9e84-16fbb7b37c01/reports/eplustbl.html to http://web:80/data_points/b408a7db-5efb-43e2-9e84-16fbb7b37c01/upload_file
[16:45:10.177102 INFO] Saving report responded with {"id":"59c93234a2321800caed5d11","data_point_id":"b408a7db-5efb-43e2-9e84-16fbb7b37c01","display_name":"eplustbl","type":"Report","created_at":"2017-09-25T16:43:32.010Z","updated_at":"2017-09-25T16:43:32.010Z"}
[16:45:10.177371 INFO] Saving report /mnt/openstudio/analysis_fe821d2c-df1e-4105-9ee6-6c7fef1463ae/data_point_b408a7db-5efb-43e2-9e84-16fbb7b37c01/run/objectives.json to http://web:80/data_points/b408a7db-5efb-43e2-9e84-16fbb7b37c01/upload_file
[16:45:10.253975 INFO] Saving report responded with {"id":"59c93234a2321800e4ed52e6","data_point_id":"b408a7db-5efb-43e2-9e84-16fbb7b37c01","display_name":"objectives","type":"Report","created_at":"2017-09-25T16:43:32.106Z","updated_at":"2017-09-25T16:43:32.106Z"}
[16:45:10.254253 INFO] Saving report /mnt/openstudio/analysis_fe821d2c-df1e-4105-9ee6-6c7fef1463ae/data_point_b408a7db-5efb-43e2-9e84-16fbb7b37c01/out.osw to http://web:80/data_points/b408a7db-5efb-43e2-9e84-16fbb7b37c01/upload_file
[16:45:10.283996 INFO] Saving report responded with {"id":"59c93234a2321800e4ed52e7","data_point_id":"b408a7db-5efb-43e2-9e84-16fbb7b37c01","display_name":"Final OSW File","type":"Report","created_at":"2017-09-25T16:43:32.135Z","updated_at":"2017-09-25T16:43:32.135Z"}
[16:45:10.284308 INFO] Saving report /mnt/openstudio/analysis_fe821d2c-df1e-4105-9ee6-6c7fef1463ae/data_point_b408a7db-5efb-43e2-9e84-16fbb7b37c01/in.osm to http://web:80/data_points/b408a7db-5efb-43e2-9e84-16fbb7b37c01/upload_file
[16:45:11.243421 INFO] Saving report responded with {"id":"59c93235a2321800d2ed580e","data_point_id":"b408a7db-5efb-43e2-9e84-16fbb7b37c01","display_name":"model","type":"OpenStudio Model","created_at":"2017-09-25T16:43:33.063Z","updated_at":"2017-09-25T16:43:33.063Z"}
[16:45:11.243791 INFO] Saving report /mnt/openstudio/analysis_fe821d2c-df1e-4105-9ee6-6c7fef1463ae/data_point_b408a7db-5efb-43e2-9e84-16fbb7b37c01/run/data_point.zip to http://web:80/data_points/b408a7db-5efb-43e2-9e84-16fbb7b37c01/upload_file
[16:45:11.315612 INFO] Saving report responded with {"id":"59c93235a2321800caed5d12","data_point_id":"b408a7db-5efb-43e2-9e84-16fbb7b37c01","display_name":"Zip File","type":"Data Point","created_at":"2017-09-25T16:43:33.155Z","updated_at":"2017-09-25T16:43:33.155Z"}
[16:45:11.316010 INFO] Found data point finalization file datapoint_final.sh.
[16:45:11.316173 INFO] Preparing to run finalization script /mnt/openstudio/analysis_fe821d2c-df1e-4105-9ee6-6c7fef1463ae/scripts/worker_finalization/datapoint_final.sh
[16:45:11.316456 INFO] Looking for argument file /mnt/openstudio/analysis_fe821d2c-df1e-4105-9ee6-6c7fef1463ae/scripts/worker_finalization/datapoint_final.args
[16:45:11.316517 INFO] argument file exists /mnt/openstudio/analysis_fe821d2c-df1e-4105-9ee6-6c7fef1463ae/scripts/worker_finalization/datapoint_final.args
[16:45:11.316619 INFO] arguments are []
[16:45:11.377384 INFO] Script returned with exit code 0 of class Fixnum
[16:45:11.377709 INFO] Saving report /mnt/openstudio/analysis_fe821d2c-df1e-4105-9ee6-6c7fef1463ae/data_point_b408a7db-5efb-43e2-9e84-16fbb7b37c01/run/datapoint_final.log to http://web:80/data_points/b408a7db-5efb-43e2-9e84-16fbb7b37c01/upload_file
[16:45:11.429735 INFO] Saving report responded with {"id":"59c93235a2321800d2ed580f","data_point_id":"b408a7db-5efb-43e2-9e84-16fbb7b37c01","display_name":"Finalization Script Log","type":"Report","created_at":"2017-09-25T16:43:33.279Z","updated_at":"2017-09-25T16:43:33.279Z"}
[16:45:11.458078 INFO] Finished /opt/openstudio/server/app/workers/run_simulate_data_point.rb
