Cleaning up data_point directory.
Original files:
total 21688
-rw-rw-rw- 1 root root    66975 Sep 25 16:40 analysis.json
-rw-rw-rw- 1 root root     4385 Sep 25 16:45 b408a7db-5efb-43e2-9e84-16fbb7b37c01.log
-rw-rw-rw- 1 root root     1030 Sep 25 16:40 data_point.json
-rw-rw-rw- 1 root root     2841 Sep 25 16:40 data_point.osw
-rw-rw-rw- 1 root root  4606642 Sep 25 16:42 in.idf
-rw-rw-rw- 1 root root 17350249 Sep 25 16:42 in.osm
-rw-rw-rw- 1 root root   155070 Sep 25 16:45 out.osw
drwxrwxrwx 2 root root     4096 Sep 25 16:45 reports
drwxrwxrwx 2 root root     4096 Sep 25 16:45 run
total 7388
-rw-rw-r-- 1 root root  583332 Sep 25 16:45 data_point.zip
-rw-rw-rw- 1 root root    8394 Sep 25 16:45 data_point_out.json
-rw-r--r-- 1 root root     587 Sep 25 16:45 datapoint_final.log
-rw-rw-rw- 1 root root  732824 Sep 25 16:45 enduse_timeseries.csv
-rw-rw-rw- 1 root root     102 Sep 25 16:43 eplusout.end
-rw-rw-rw- 1 root root   36646 Sep 25 16:43 eplusout.err
-rw-rw-rw- 1 root root   57633 Sep 25 16:43 eplusout.mtd
-rw-rw-rw- 1 root root   53879 Sep 25 16:43 eplusout.rdd
-rw-rw-rw- 1 root root  510553 Sep 25 16:43 eplustbl.htm
-rw-rw-rw- 1 root root      43 Sep 25 16:45 finished.job
-rw-rw-rw- 1 root root 4606642 Sep 25 16:42 in.idf
-rw-rw-rw- 1 root root    8394 Sep 25 16:45 measure_attributes.json
-rw-rw-rw- 1 root root   27206 Sep 25 16:40 measures.osw
-rw-rw-rw- 1 root root       3 Sep 25 16:45 objectives.json
-rw-rw-rw- 1 root root    8394 Sep 25 16:45 results.json
-rw-rw-rw- 1 root root  870289 Sep 25 16:45 run.log
-rw-rw-rw- 1 root root      49 Sep 25 16:42 sqlite.err
-rw-rw-rw- 1 root root      42 Sep 25 16:40 started.job
-rw-rw-rw- 1 root root    2366 Sep 25 16:43 stdout-energyplus
-rw-rw-rw- 1 root root      91 Sep 25 16:42 stdout-expandobject
504K	data_point_b408a7db-5efb-43e2-9e84-16fbb7b37c01/reports
7.3M	data_point_b408a7db-5efb-43e2-9e84-16fbb7b37c01/run
29M	data_point_b408a7db-5efb-43e2-9e84-16fbb7b37c01
Final files:
total 244
-rw-rw-rw- 1 root root  66975 Sep 25 16:40 analysis.json
-rw-rw-rw- 1 root root   4385 Sep 25 16:45 b408a7db-5efb-43e2-9e84-16fbb7b37c01.log
-rw-rw-rw- 1 root root   1030 Sep 25 16:40 data_point.json
-rw-rw-rw- 1 root root   2841 Sep 25 16:40 data_point.osw
-rw-rw-rw- 1 root root 155070 Sep 25 16:45 out.osw
drwxrwxrwx 2 root root   4096 Sep 25 16:45 reports
drwxrwxrwx 2 root root   4096 Sep 25 16:45 run
total 1292
-rw-rw-r-- 1 root root 583332 Sep 25 16:45 data_point.zip
-rw-r--r-- 1 root root   2375 Sep 25 16:45 datapoint_final.log
-rw-rw-rw- 1 root root 732824 Sep 25 16:45 enduse_timeseries.csv
504K	data_point_b408a7db-5efb-43e2-9e84-16fbb7b37c01/reports
1.3M	data_point_b408a7db-5efb-43e2-9e84-16fbb7b37c01/run
2.0M	data_point_b408a7db-5efb-43e2-9e84-16fbb7b37c01
