# Logfile created on 2017-09-25 16:35:42 +0000 by logger.rb/47272
[16:35:42.983275 INFO] Server host is http://web:80
[16:35:42.983370 INFO] Analysis directory is /mnt/openstudio/analysis_fe821d2c-df1e-4105-9ee6-6c7fef1463ae
[16:35:42.983452 INFO] Simulation directory is /mnt/openstudio/analysis_fe821d2c-df1e-4105-9ee6-6c7fef1463ae/data_point_0d75155b-f9a2-4858-b9eb-95b97dadc171
[16:35:42.983500 INFO] Run datapoint type/file is workflow
[16:35:42.983547 INFO] Starting initialize_worker for datapoint 0d75155b-f9a2-4858-b9eb-95b97dadc171
[16:35:42.983628 INFO] receipt_file already exists, moving on
[16:35:42.990805 INFO] Downloading datapoint from http://web:80/data_points/0d75155b-f9a2-4858-b9eb-95b97dadc171.json
[16:35:43.007911 INFO] Creating Workflow Manager instance
[16:35:43.008008 INFO] Directory is /mnt/openstudio/analysis_fe821d2c-df1e-4105-9ee6-6c7fef1463ae/data_point_0d75155b-f9a2-4858-b9eb-95b97dadc171
[16:35:43.008073 INFO] Opening run.log file '/mnt/openstudio/analysis_fe821d2c-df1e-4105-9ee6-6c7fef1463ae/data_point_0d75155b-f9a2-4858-b9eb-95b97dadc171/run/run.log'
[16:35:43.018803 INFO] Running workflow
[16:39:48.866385 INFO] Final run state is finished
[16:39:48.913060 INFO] Saving files/reports back to the server
[16:39:48.913361 INFO] Saving report /mnt/openstudio/analysis_fe821d2c-df1e-4105-9ee6-6c7fef1463ae/data_point_0d75155b-f9a2-4858-b9eb-95b97dadc171/reports/eplustbl.html to http://web:80/data_points/0d75155b-f9a2-4858-b9eb-95b97dadc171/upload_file
[16:39:48.955843 INFO] Saving report responded with {"id":"59c93154a2321800fced5182","data_point_id":"0d75155b-f9a2-4858-b9eb-95b97dadc171","display_name":"eplustbl","type":"Report","created_at":"2017-09-25T16:39:48.946Z","updated_at":"2017-09-25T16:39:48.946Z"}
[16:39:48.956233 INFO] Saving report /mnt/openstudio/analysis_fe821d2c-df1e-4105-9ee6-6c7fef1463ae/data_point_0d75155b-f9a2-4858-b9eb-95b97dadc171/run/objectives.json to http://web:80/data_points/0d75155b-f9a2-4858-b9eb-95b97dadc171/upload_file
[16:39:49.009173 INFO] Saving report responded with {"id":"59c93154a2321800fced5183","data_point_id":"0d75155b-f9a2-4858-b9eb-95b97dadc171","display_name":"objectives","type":"Report","created_at":"2017-09-25T16:39:48.998Z","updated_at":"2017-09-25T16:39:48.998Z"}
[16:39:49.009392 INFO] Saving report /mnt/openstudio/analysis_fe821d2c-df1e-4105-9ee6-6c7fef1463ae/data_point_0d75155b-f9a2-4858-b9eb-95b97dadc171/out.osw to http://web:80/data_points/0d75155b-f9a2-4858-b9eb-95b97dadc171/upload_file
[16:39:49.035591 INFO] Saving report responded with {"id":"59c93155a2321800fced5184","data_point_id":"0d75155b-f9a2-4858-b9eb-95b97dadc171","display_name":"Final OSW File","type":"Report","created_at":"2017-09-25T16:39:49.025Z","updated_at":"2017-09-25T16:39:49.025Z"}
[16:39:49.035825 INFO] Saving report /mnt/openstudio/analysis_fe821d2c-df1e-4105-9ee6-6c7fef1463ae/data_point_0d75155b-f9a2-4858-b9eb-95b97dadc171/in.osm to http://web:80/data_points/0d75155b-f9a2-4858-b9eb-95b97dadc171/upload_file
[16:39:50.097458 INFO] Saving report responded with {"id":"59c93156a2321800caed5c58","data_point_id":"0d75155b-f9a2-4858-b9eb-95b97dadc171","display_name":"model","type":"OpenStudio Model","created_at":"2017-09-25T16:39:50.021Z","updated_at":"2017-09-25T16:39:50.021Z"}
[16:39:50.097754 INFO] Saving report /mnt/openstudio/analysis_fe821d2c-df1e-4105-9ee6-6c7fef1463ae/data_point_0d75155b-f9a2-4858-b9eb-95b97dadc171/run/data_point.zip to http://web:80/data_points/0d75155b-f9a2-4858-b9eb-95b97dadc171/upload_file
[16:39:50.146619 INFO] Saving report responded with {"id":"59c93156a2321800caed5c59","data_point_id":"0d75155b-f9a2-4858-b9eb-95b97dadc171","display_name":"Zip File","type":"Data Point","created_at":"2017-09-25T16:39:50.133Z","updated_at":"2017-09-25T16:39:50.133Z"}
[16:39:50.147043 INFO] Found data point finalization file datapoint_final.sh.
[16:39:50.147441 INFO] Preparing to run finalization script /mnt/openstudio/analysis_fe821d2c-df1e-4105-9ee6-6c7fef1463ae/scripts/worker_finalization/datapoint_final.sh
[16:39:50.147835 INFO] Looking for argument file /mnt/openstudio/analysis_fe821d2c-df1e-4105-9ee6-6c7fef1463ae/scripts/worker_finalization/datapoint_final.args
[16:39:50.147917 INFO] argument file exists /mnt/openstudio/analysis_fe821d2c-df1e-4105-9ee6-6c7fef1463ae/scripts/worker_finalization/datapoint_final.args
[16:39:50.148131 INFO] arguments are []
[16:39:50.210541 INFO] Script returned with exit code 0 of class Fixnum
[16:39:50.210930 INFO] Saving report /mnt/openstudio/analysis_fe821d2c-df1e-4105-9ee6-6c7fef1463ae/data_point_0d75155b-f9a2-4858-b9eb-95b97dadc171/run/datapoint_final.log to http://web:80/data_points/0d75155b-f9a2-4858-b9eb-95b97dadc171/upload_file
[16:39:50.254535 INFO] Saving report responded with {"id":"59c93156a2321800dced5448","data_point_id":"0d75155b-f9a2-4858-b9eb-95b97dadc171","display_name":"Finalization Script Log","type":"Report","created_at":"2017-09-25T16:39:50.227Z","updated_at":"2017-09-25T16:39:50.227Z"}
[16:39:50.264300 INFO] Finished /opt/openstudio/server/app/workers/run_simulate_data_point.rb
