Cleaning up data_point directory.
Original files:
total 21740
-rw-rw-rw- 1 root root     4385 Sep 25 16:39 0d75155b-f9a2-4858-b9eb-95b97dadc171.log
-rw-rw-rw- 1 root root    66975 Sep 25 16:35 analysis.json
-rw-rw-rw- 1 root root     1030 Sep 25 16:35 data_point.json
-rw-rw-rw- 1 root root     2841 Sep 25 16:35 data_point.osw
-rw-rw-rw- 1 root root  4631046 Sep 25 16:36 in.idf
-rw-rw-rw- 1 root root 17381226 Sep 25 16:36 in.osm
-rw-rw-rw- 1 root root   150530 Sep 25 16:39 out.osw
drwxrwxrwx 2 root root     4096 Sep 25 16:39 reports
drwxrwxrwx 2 root root     4096 Sep 25 16:39 run
total 7620
-rw-rw-r-- 1 root root  646806 Sep 25 16:39 data_point.zip
-rw-rw-rw- 1 root root    8508 Sep 25 16:39 data_point_out.json
-rw-r--r-- 1 root root     587 Sep 25 16:39 datapoint_final.log
-rw-rw-rw- 1 root root  867372 Sep 25 16:39 enduse_timeseries.csv
-rw-rw-rw- 1 root root      99 Sep 25 16:38 eplusout.end
-rw-rw-rw- 1 root root   32768 Sep 25 16:38 eplusout.err
-rw-rw-rw- 1 root root   58364 Sep 25 16:38 eplusout.mtd
-rw-rw-rw- 1 root root   57246 Sep 25 16:37 eplusout.rdd
-rw-rw-rw- 1 root root  525149 Sep 25 16:38 eplustbl.htm
-rw-rw-rw- 1 root root      43 Sep 25 16:39 finished.job
-rw-rw-rw- 1 root root 4631046 Sep 25 16:36 in.idf
-rw-rw-rw- 1 root root    8508 Sep 25 16:39 measure_attributes.json
-rw-rw-rw- 1 root root   27312 Sep 25 16:35 measures.osw
-rw-rw-rw- 1 root root       3 Sep 25 16:39 objectives.json
-rw-rw-rw- 1 root root    8508 Sep 25 16:39 results.json
-rw-rw-rw- 1 root root  869699 Sep 25 16:39 run.log
-rw-rw-rw- 1 root root      49 Sep 25 16:37 sqlite.err
-rw-rw-rw- 1 root root      42 Sep 25 16:35 started.job
-rw-rw-rw- 1 root root    2351 Sep 25 16:38 stdout-energyplus
-rw-rw-rw- 1 root root      91 Sep 25 16:37 stdout-expandobject
7.5M	data_point_0d75155b-f9a2-4858-b9eb-95b97dadc171/run
520K	data_point_0d75155b-f9a2-4858-b9eb-95b97dadc171/reports
30M	data_point_0d75155b-f9a2-4858-b9eb-95b97dadc171
Final files:
total 240
-rw-rw-rw- 1 root root   4385 Sep 25 16:39 0d75155b-f9a2-4858-b9eb-95b97dadc171.log
-rw-rw-rw- 1 root root  66975 Sep 25 16:35 analysis.json
-rw-rw-rw- 1 root root   1030 Sep 25 16:35 data_point.json
-rw-rw-rw- 1 root root   2841 Sep 25 16:35 data_point.osw
-rw-rw-rw- 1 root root 150530 Sep 25 16:39 out.osw
drwxrwxrwx 2 root root   4096 Sep 25 16:39 reports
drwxrwxrwx 2 root root   4096 Sep 25 16:39 run
total 1484
-rw-rw-r-- 1 root root 646806 Sep 25 16:39 data_point.zip
-rw-r--r-- 1 root root   2375 Sep 25 16:39 datapoint_final.log
-rw-rw-rw- 1 root root 867372 Sep 25 16:39 enduse_timeseries.csv
1.5M	data_point_0d75155b-f9a2-4858-b9eb-95b97dadc171/run
520K	data_point_0d75155b-f9a2-4858-b9eb-95b97dadc171/reports
2.2M	data_point_0d75155b-f9a2-4858-b9eb-95b97dadc171
