# Logfile created on 2017-09-25 16:37:53 +0000 by logger.rb/47272
[16:37:53.315615 INFO] Server host is http://web:80
[16:37:53.315698 INFO] Analysis directory is /mnt/openstudio/analysis_fe821d2c-df1e-4105-9ee6-6c7fef1463ae
[16:37:53.315771 INFO] Simulation directory is /mnt/openstudio/analysis_fe821d2c-df1e-4105-9ee6-6c7fef1463ae/data_point_58343414-e923-4e85-850c-ceff0c0e9a83
[16:37:53.315809 INFO] Run datapoint type/file is workflow
[16:37:53.315845 INFO] Starting initialize_worker for datapoint 58343414-e923-4e85-850c-ceff0c0e9a83
[16:37:53.316022 INFO] Downloading analysis zip from http://web:80/analyses/fe821d2c-df1e-4105-9ee6-6c7fef1463ae/download_analysis_zip
[16:39:01.091648 INFO] Extracting analysis zip to /mnt/openstudio/analysis_fe821d2c-df1e-4105-9ee6-6c7fef1463ae
[16:39:04.132454 INFO] Downloading analysis.json from http://web:80/analyses/fe821d2c-df1e-4105-9ee6-6c7fef1463ae.json
[16:39:25.119617 INFO] Found data point initialization file datapoint_init.sh.
[16:39:25.119762 INFO] Preparing to run initialization script /mnt/openstudio/analysis_fe821d2c-df1e-4105-9ee6-6c7fef1463ae/scripts/worker_initialization/datapoint_init.sh
[16:39:25.119938 INFO] Looking for argument file /mnt/openstudio/analysis_fe821d2c-df1e-4105-9ee6-6c7fef1463ae/scripts/worker_initialization/datapoint_init.args
[16:39:25.119974 INFO] argument file exists /mnt/openstudio/analysis_fe821d2c-df1e-4105-9ee6-6c7fef1463ae/scripts/worker_initialization/datapoint_init.args
[16:39:25.120075 INFO] arguments are ["https://s3.amazonaws.com/epwweatherfiles/project_resstock_efs.zip"]
[16:39:33.361843 INFO] Script returned with exit code 0 of class Fixnum
[16:39:33.361999 INFO] Finished worker initialization
[16:39:45.812287 INFO] Downloading datapoint from http://web:80/data_points/58343414-e923-4e85-850c-ceff0c0e9a83.json
[16:39:45.957674 INFO] Creating Workflow Manager instance
[16:39:45.957778 INFO] Directory is /mnt/openstudio/analysis_fe821d2c-df1e-4105-9ee6-6c7fef1463ae/data_point_58343414-e923-4e85-850c-ceff0c0e9a83
[16:39:45.957868 INFO] Opening run.log file '/mnt/openstudio/analysis_fe821d2c-df1e-4105-9ee6-6c7fef1463ae/data_point_58343414-e923-4e85-850c-ceff0c0e9a83/run/run.log'
[16:39:45.980282 INFO] Running workflow
[16:46:58.237845 INFO] Final run state is finished
[16:46:58.395500 INFO] Saving files/reports back to the server
[16:46:58.395797 INFO] Saving report /mnt/openstudio/analysis_fe821d2c-df1e-4105-9ee6-6c7fef1463ae/data_point_58343414-e923-4e85-850c-ceff0c0e9a83/reports/eplustbl.html to http://web:80/data_points/58343414-e923-4e85-850c-ceff0c0e9a83/upload_file
[16:46:58.583223 INFO] Saving report responded with {"id":"59c932a0a2321800caed5e13","data_point_id":"58343414-e923-4e85-850c-ceff0c0e9a83","display_name":"eplustbl","type":"Report","created_at":"2017-09-25T16:45:20.307Z","updated_at":"2017-09-25T16:45:20.307Z"}
[16:46:58.583501 INFO] Saving report /mnt/openstudio/analysis_fe821d2c-df1e-4105-9ee6-6c7fef1463ae/data_point_58343414-e923-4e85-850c-ceff0c0e9a83/run/objectives.json to http://web:80/data_points/58343414-e923-4e85-850c-ceff0c0e9a83/upload_file
[16:46:58.659961 INFO] Saving report responded with {"id":"59c932a0a2321800caed5e14","data_point_id":"58343414-e923-4e85-850c-ceff0c0e9a83","display_name":"objectives","type":"Report","created_at":"2017-09-25T16:45:20.460Z","updated_at":"2017-09-25T16:45:20.460Z"}
[16:46:58.660188 INFO] Saving report /mnt/openstudio/analysis_fe821d2c-df1e-4105-9ee6-6c7fef1463ae/data_point_58343414-e923-4e85-850c-ceff0c0e9a83/out.osw to http://web:80/data_points/58343414-e923-4e85-850c-ceff0c0e9a83/upload_file
[16:46:58.696568 INFO] Saving report responded with {"id":"59c932a0a2321800caed5e15","data_point_id":"58343414-e923-4e85-850c-ceff0c0e9a83","display_name":"Final OSW File","type":"Report","created_at":"2017-09-25T16:45:20.548Z","updated_at":"2017-09-25T16:45:20.548Z"}
[16:46:58.696773 INFO] Saving report /mnt/openstudio/analysis_fe821d2c-df1e-4105-9ee6-6c7fef1463ae/data_point_58343414-e923-4e85-850c-ceff0c0e9a83/in.osm to http://web:80/data_points/58343414-e923-4e85-850c-ceff0c0e9a83/upload_file
[16:46:59.748438 INFO] Saving report responded with {"id":"59c932a1a2321800caed5e18","data_point_id":"58343414-e923-4e85-850c-ceff0c0e9a83","display_name":"model","type":"OpenStudio Model","created_at":"2017-09-25T16:45:21.563Z","updated_at":"2017-09-25T16:45:21.563Z"}
[16:46:59.749040 INFO] Saving report /mnt/openstudio/analysis_fe821d2c-df1e-4105-9ee6-6c7fef1463ae/data_point_58343414-e923-4e85-850c-ceff0c0e9a83/run/data_point.zip to http://web:80/data_points/58343414-e923-4e85-850c-ceff0c0e9a83/upload_file
[16:46:59.851906 INFO] Saving report responded with {"id":"59c932a1a2321800caed5e19","data_point_id":"58343414-e923-4e85-850c-ceff0c0e9a83","display_name":"Zip File","type":"Data Point","created_at":"2017-09-25T16:45:21.688Z","updated_at":"2017-09-25T16:45:21.688Z"}
[16:46:59.852230 INFO] Found data point finalization file datapoint_final.sh.
[16:46:59.852329 INFO] Preparing to run finalization script /mnt/openstudio/analysis_fe821d2c-df1e-4105-9ee6-6c7fef1463ae/scripts/worker_finalization/datapoint_final.sh
[16:46:59.852485 INFO] Looking for argument file /mnt/openstudio/analysis_fe821d2c-df1e-4105-9ee6-6c7fef1463ae/scripts/worker_finalization/datapoint_final.args
[16:46:59.852522 INFO] argument file exists /mnt/openstudio/analysis_fe821d2c-df1e-4105-9ee6-6c7fef1463ae/scripts/worker_finalization/datapoint_final.args
[16:46:59.852589 INFO] arguments are []
[16:46:59.908743 INFO] Script returned with exit code 0 of class Fixnum
[16:46:59.909086 INFO] Saving report /mnt/openstudio/analysis_fe821d2c-df1e-4105-9ee6-6c7fef1463ae/data_point_58343414-e923-4e85-850c-ceff0c0e9a83/run/datapoint_final.log to http://web:80/data_points/58343414-e923-4e85-850c-ceff0c0e9a83/upload_file
[16:46:59.944617 INFO] Saving report responded with {"id":"59c932a1a2321800caed5e1a","data_point_id":"58343414-e923-4e85-850c-ceff0c0e9a83","display_name":"Finalization Script Log","type":"Report","created_at":"2017-09-25T16:45:21.792Z","updated_at":"2017-09-25T16:45:21.792Z"}
[16:46:59.959631 INFO] Finished /opt/openstudio/server/app/workers/run_simulate_data_point.rb
