Cleaning up data_point directory.
Original files:
total 21616
-rw-rw-rw- 1 root root     5490 Sep 25 16:46 58343414-e923-4e85-850c-ceff0c0e9a83.log
-rw-rw-rw- 1 root root    66975 Sep 25 16:39 analysis.json
-rw-rw-rw- 1 root root     1030 Sep 25 16:39 data_point.json
-rw-rw-rw- 1 root root     2841 Sep 25 16:39 data_point.osw
-rw-rw-rw- 1 root root  4585343 Sep 25 16:43 in.idf
-rw-rw-rw- 1 root root 17309244 Sep 25 16:42 in.osm
-rw-rw-rw- 1 root root   143014 Sep 25 16:46 out.osw
drwxrwxrwx 2 root root     4096 Sep 25 16:46 reports
drwxrwxrwx 2 root root     4096 Sep 25 16:46 run
total 7476
-rw-rw-r-- 1 root root  645304 Sep 25 16:46 data_point.zip
-rw-rw-rw- 1 root root    8455 Sep 25 16:46 data_point_out.json
-rw-r--r-- 1 root root     587 Sep 25 16:46 datapoint_final.log
-rw-r--r-- 1 root root   22244 Sep 25 16:39 datapoint_init.log
-rw-rw-rw- 1 root root  861329 Sep 25 16:46 enduse_timeseries.csv
-rw-rw-rw- 1 root root     102 Sep 25 16:45 eplusout.end
-rw-rw-rw- 1 root root   33797 Sep 25 16:45 eplusout.err
-rw-rw-rw- 1 root root   53927 Sep 25 16:45 eplusout.mtd
-rw-rw-rw- 1 root root   55614 Sep 25 16:44 eplusout.rdd
-rw-rw-rw- 1 root root  416443 Sep 25 16:45 eplustbl.htm
-rw-rw-rw- 1 root root      43 Sep 25 16:46 finished.job
-rw-rw-rw- 1 root root 4585343 Sep 25 16:43 in.idf
-rw-rw-rw- 1 root root    8455 Sep 25 16:46 measure_attributes.json
-rw-rw-rw- 1 root root   27645 Sep 25 16:39 measures.osw
-rw-rw-rw- 1 root root       3 Sep 25 16:46 objectives.json
-rw-rw-rw- 1 root root    8455 Sep 25 16:46 results.json
-rw-rw-rw- 1 root root  860862 Sep 25 16:46 run.log
-rw-rw-rw- 1 root root      49 Sep 25 16:44 sqlite.err
-rw-rw-rw- 1 root root      42 Sep 25 16:39 started.job
-rw-rw-rw- 1 root root    2336 Sep 25 16:45 stdout-energyplus
-rw-rw-rw- 1 root root      91 Sep 25 16:44 stdout-expandobject
412K	data_point_58343414-e923-4e85-850c-ceff0c0e9a83/reports
7.4M	data_point_58343414-e923-4e85-850c-ceff0c0e9a83/run
29M	data_point_58343414-e923-4e85-850c-ceff0c0e9a83
Final files:
total 232
-rw-rw-rw- 1 root root   5490 Sep 25 16:46 58343414-e923-4e85-850c-ceff0c0e9a83.log
-rw-rw-rw- 1 root root  66975 Sep 25 16:39 analysis.json
-rw-rw-rw- 1 root root   1030 Sep 25 16:39 data_point.json
-rw-rw-rw- 1 root root   2841 Sep 25 16:39 data_point.osw
-rw-rw-rw- 1 root root 143014 Sep 25 16:46 out.osw
drwxrwxrwx 2 root root   4096 Sep 25 16:46 reports
drwxrwxrwx 2 root root   4096 Sep 25 16:46 run
total 1504
-rw-rw-r-- 1 root root 645304 Sep 25 16:46 data_point.zip
-rw-r--r-- 1 root root   2438 Sep 25 16:46 datapoint_final.log
-rw-r--r-- 1 root root  22244 Sep 25 16:39 datapoint_init.log
-rw-rw-rw- 1 root root 861329 Sep 25 16:46 enduse_timeseries.csv
412K	data_point_58343414-e923-4e85-850c-ceff0c0e9a83/reports
1.5M	data_point_58343414-e923-4e85-850c-ceff0c0e9a83/run
2.1M	data_point_58343414-e923-4e85-850c-ceff0c0e9a83
