2023-08-16 22:51:37,118 - INFO - Adding envelope metrics to louisville
2023-08-16 22:51:39,209 - INFO - 
                       code-compliant above-average below-average
Frame Wall (R-value)            >= 30    < 30, >= 7           < 7
Masonry Wall (R-value)           >= 8     < 8, >= 5           < 5
Ceiling/Roof (R-value)          >= 60   < 60, >= 14          < 14
Air Leakage (ACH50)              <= 3    > 3, <= 20          > 20
2023-08-16 22:51:39,217 - INFO - 
combined_envelope_rating  wall_rating     ceiling_roof_rating  infiltration_rating
above-average             above-average   above-average        above-average          399
                                                               code-compliant           9
                          code-compliant  above-average        above-average           21
                                                               code-compliant           1
below-average             above-average   above-average        below-average           80
                                          below-average        above-average           40
                                                               below-average           16
                          below-average   above-average        above-average          330
                                                               below-average          295
                                                               code-compliant           2
                                          below-average        above-average          102
                                                               below-average          106
                          code-compliant  above-average        below-average            1
                                          below-average        below-average            1
Name: count, dtype: int64
