2023-08-16 22:52:15,694 - INFO - After duct correction, housing characteristics for 52 / 1403 buildings in baseline are changed: 
2023-08-16 22:52:15,694 - INFO - Note: self=original, other=new. NAN values represent no change.
2023-08-16 22:52:15,698 - INFO - 
            build_existing_model.hvac_has_ducts       build_existing_model.hvac_heating_type                     build_existing_model.hvac_cooling_type                  
                                           self other                                   self               other                                   self             other
building_id                                                                                                                                                              
6738                                        NaN   NaN                       Ducted Heat Pump  Non-Ducted Heating                              Heat Pump  Fan Coil Cooling
25729                                       Yes    No                         Ducted Heating  Non-Ducted Heating                                    NaN               NaN
26672                                       Yes    No                         Ducted Heating  Non-Ducted Heating                                    NaN               NaN
29159                                       NaN   NaN                         Ducted Heating  Non-Ducted Heating                             Central AC  Fan Coil Cooling
42881                                       NaN   NaN                         Ducted Heating  Non-Ducted Heating                             Central AC  Fan Coil Cooling
58876                                       NaN   NaN                         Ducted Heating  Non-Ducted Heating                                    NaN               NaN
103455                                      Yes    No                         Ducted Heating  Non-Ducted Heating                                    NaN               NaN
111574                                      Yes    No                         Ducted Heating  Non-Ducted Heating                                    NaN               NaN
117143                                      Yes    No                         Ducted Heating  Non-Ducted Heating                                    NaN               NaN
126230                                      NaN   NaN                                    NaN                 NaN                             Central AC  Fan Coil Cooling
140884                                      Yes    No                         Ducted Heating  Non-Ducted Heating                                    NaN               NaN
143936                                      NaN   NaN                                    NaN                 NaN                             Central AC  Fan Coil Cooling
146458                                      Yes    No                         Ducted Heating  Non-Ducted Heating                                    NaN               NaN
152466                                      NaN   NaN                         Ducted Heating  Non-Ducted Heating                             Central AC  Fan Coil Cooling
166071                                      NaN   NaN                         Ducted Heating  Non-Ducted Heating                             Central AC  Fan Coil Cooling
180525                                      NaN   NaN                         Ducted Heating  Non-Ducted Heating                                    NaN               NaN
183704                                      Yes    No                         Ducted Heating  Non-Ducted Heating                                    NaN               NaN
200491                                      NaN   NaN                       Ducted Heat Pump  Non-Ducted Heating                              Heat Pump  Fan Coil Cooling
203013                                      Yes    No                         Ducted Heating  Non-Ducted Heating                                    NaN               NaN
221356                                      NaN   NaN                         Ducted Heating  Non-Ducted Heating                                    NaN               NaN
225906                                      Yes    No                         Ducted Heating  Non-Ducted Heating                                    NaN               NaN
226752                                      NaN   NaN                         Ducted Heating  Non-Ducted Heating                             Central AC  Fan Coil Cooling
232993                                      Yes    No                         Ducted Heating  Non-Ducted Heating                                    NaN               NaN
250620                                      NaN   NaN                         Ducted Heating  Non-Ducted Heating                                    NaN               NaN
254789                                      Yes    No                       Ducted Heat Pump  Non-Ducted Heating                                    NaN               NaN
256316                                      NaN   NaN                         Ducted Heating  Non-Ducted Heating                             Central AC  Fan Coil Cooling
277368                                      NaN   NaN                                    NaN                 NaN                             Central AC  Fan Coil Cooling
278722                                      NaN   NaN                         Ducted Heating  Non-Ducted Heating                                    NaN               NaN
291400                                      NaN   NaN                                    NaN                 NaN                             Central AC  Fan Coil Cooling
298152                                      Yes    No                         Ducted Heating  Non-Ducted Heating                                    NaN               NaN
328494                                      Yes    No                       Ducted Heat Pump  Non-Ducted Heating                                    NaN               NaN
351921                                      Yes    No                         Ducted Heating  Non-Ducted Heating                                    NaN               NaN
374806                                      NaN   NaN                       Ducted Heat Pump  Non-Ducted Heating                              Heat Pump  Fan Coil Cooling
376046                                      Yes    No                         Ducted Heating  Non-Ducted Heating                                    NaN               NaN
387332                                      Yes    No                         Ducted Heating  Non-Ducted Heating                                    NaN               NaN
393168                                      NaN   NaN                       Ducted Heat Pump  Non-Ducted Heating                              Heat Pump  Fan Coil Cooling
397694                                      NaN   NaN                                    NaN                 NaN                             Central AC  Fan Coil Cooling
430870                                      Yes    No                         Ducted Heating  Non-Ducted Heating                                    NaN               NaN
436349                                      Yes    No                         Ducted Heating  Non-Ducted Heating                                    NaN               NaN
437640                                      NaN   NaN                         Ducted Heating  Non-Ducted Heating                                    NaN               NaN
462014                                      NaN   NaN                                    NaN                 NaN                             Central AC  Fan Coil Cooling
464551                                      NaN   NaN                         Ducted Heating  Non-Ducted Heating                             Central AC  Fan Coil Cooling
478054                                      Yes    No                         Ducted Heating  Non-Ducted Heating                                    NaN               NaN
479718                                      Yes    No                       Ducted Heat Pump  Non-Ducted Heating                                    NaN               NaN
486037                                      Yes    No                       Ducted Heat Pump  Non-Ducted Heating                                    NaN               NaN
512194                                      Yes    No                         Ducted Heating  Non-Ducted Heating                                    NaN               NaN
513480                                      NaN   NaN                         Ducted Heating  Non-Ducted Heating                             Central AC  Fan Coil Cooling
524531                                      NaN   NaN                                    NaN                 NaN                             Central AC  Fan Coil Cooling
528251                                      NaN   NaN                         Ducted Heating  Non-Ducted Heating                             Central AC  Fan Coil Cooling
534131                                      NaN   NaN                         Ducted Heating  Non-Ducted Heating                             Central AC  Fan Coil Cooling
537115                                      Yes    No                         Ducted Heating  Non-Ducted Heating                                    NaN               NaN
546173                                      NaN   NaN                                    NaN                 NaN                             Central AC  Fan Coil Cooling
2023-08-16 22:52:15,772 - INFO - Baseline fle updated and saved to: /Users/lliu2/Documents/GitHub/resstock/euss_cleap/data_/community_building_samples/louisville
2023-08-16 22:52:15,805 - INFO - 
2023-08-16 22:52:15,805 - INFO - =====================================================================================
2023-08-16 22:52:15,805 - INFO - 
>> Recalculating duct sealing applicability and costs for upgrade_no = 1...
2023-08-16 22:52:15,830 - INFO - Updating 85 upgrade_costs.option_05_cost_usd from ['30% Leakage, R-4', '30% Leakage, R-6']
2023-08-16 22:52:15,831 - INFO - 1 new_cost=0 found:
building_id
478054    0.0
Name: duct_total_surface_area, dtype: float64
2023-08-16 22:52:15,831 - INFO -             build_existing_model.hvac_has_ducts  duct_total_surface_area  ... build_existing_model.hvac_cooling_efficiency build_existing_model.hvac_shared_efficiencies
building_id                                                               ...                                                                                           
478054                                       No                      0.0  ...                                         None   Boiler Baseboards Heating Only, Electricity

[1 rows x 6 columns]
2023-08-16 22:52:15,839 - INFO - Updating 20 upgrade_costs.option_06_cost_usd from ['30% Leakage, R-8']
2023-08-16 22:52:15,843 - INFO - Updating 367 upgrade_costs.option_07_cost_usd from ['20% Leakage, Uninsulated', '20% Leakage, R-4', '20% Leakage, R-6']
2023-08-16 22:52:15,844 - INFO - 7 new_cost=0 found:
building_id
26672     0.0
140884    0.0
146458    0.0
203013    0.0
298152    0.0
351921    0.0
537115    0.0
Name: duct_total_surface_area, dtype: float64
2023-08-16 22:52:15,844 - INFO -             build_existing_model.hvac_has_ducts  duct_total_surface_area  ... build_existing_model.hvac_cooling_efficiency build_existing_model.hvac_shared_efficiencies
building_id                                                               ...                                                                                           
26672                                        No                      0.0  ...                            Room AC, EER 10.7   Boiler Baseboards Heating Only, Electricity
140884                                       No                      0.0  ...                            Room AC, EER 12.0   Boiler Baseboards Heating Only, Natural Gas
146458                                       No                      0.0  ...                            Room AC, EER 12.0   Boiler Baseboards Heating Only, Natural Gas
203013                                       No                      0.0  ...                             Room AC, EER 9.8   Boiler Baseboards Heating Only, Natural Gas
298152                                       No                      0.0  ...                             Room AC, EER 9.8   Boiler Baseboards Heating Only, Natural Gas
351921                                       No                      0.0  ...                            Room AC, EER 10.7   Boiler Baseboards Heating Only, Electricity
537115                                       No                      0.0  ...                            Room AC, EER 10.7   Boiler Baseboards Heating Only, Natural Gas

[7 rows x 6 columns]
2023-08-16 22:52:15,853 - INFO - Updating 35 upgrade_costs.option_08_cost_usd from ['20% Leakage, R-8']
2023-08-16 22:52:15,853 - INFO - 1 new_cost=0 found:
building_id
479718    0.0
Name: duct_total_surface_area, dtype: float64
2023-08-16 22:52:15,854 - INFO -             build_existing_model.hvac_has_ducts  duct_total_surface_area  ... build_existing_model.hvac_cooling_efficiency build_existing_model.hvac_shared_efficiencies
building_id                                                               ...                                                                                           
479718                                       No                      0.0  ...                                    Heat Pump   Boiler Baseboards Heating Only, Electricity

[1 rows x 6 columns]
2023-08-16 22:52:15,861 - INFO - Updating 214 upgrade_costs.option_09_cost_usd from ['10% Leakage, Uninsulated', '10% Leakage, R-4', '10% Leakage, R-6']
2023-08-16 22:52:15,862 - INFO - 8 new_cost=0 found:
building_id
25729     0.0
117143    0.0
232993    0.0
254789    0.0
328494    0.0
430870    0.0
436349    0.0
486037    0.0
Name: duct_total_surface_area, dtype: float64
2023-08-16 22:52:15,862 - INFO -             build_existing_model.hvac_has_ducts  duct_total_surface_area  ... build_existing_model.hvac_cooling_efficiency build_existing_model.hvac_shared_efficiencies
building_id                                                               ...                                                                                           
25729                                        No                      0.0  ...                             Room AC, EER 8.5   Boiler Baseboards Heating Only, Electricity
117143                                       No                      0.0  ...                             Room AC, EER 9.8   Boiler Baseboards Heating Only, Electricity
232993                                       No                      0.0  ...                            Room AC, EER 10.7   Boiler Baseboards Heating Only, Natural Gas
254789                                       No                      0.0  ...                                    Heat Pump   Boiler Baseboards Heating Only, Electricity
328494                                       No                      0.0  ...                                    Heat Pump   Boiler Baseboards Heating Only, Electricity
430870                                       No                      0.0  ...                                         None   Boiler Baseboards Heating Only, Electricity
436349                                       No                      0.0  ...                            Room AC, EER 10.7   Boiler Baseboards Heating Only, Electricity
486037                                       No                      0.0  ...                                    Heat Pump   Boiler Baseboards Heating Only, Electricity

[8 rows x 6 columns]
2023-08-16 22:52:15,870 - INFO - Dropping 3 / 17 building_id(s) whose content have been modified for duct correction.
[479718, 254789, 328494]
2023-08-16 22:52:15,871 - INFO - For these buildings, duct sealing was the only applicable component in the upgrade and it no longer applies after the correction.
2023-08-16 22:52:15,874 - INFO - After duct correction, dfu has reduced in size from 1370 to len(dfu2) rows.
2023-08-16 22:52:15,874 - INFO - Change in upgrade_costs.upgrade_cost_usd:
2023-08-16 22:52:15,875 - INFO - 
       Before Correction (excludes 0)  After Correction
count                     1342.000000       1367.000000
mean                      4418.181289       4473.169329
std                       3583.703449       3625.031662
min                        166.500000        141.939200
25%                       1627.715000       1715.731000
50%                       3687.010000       3687.010000
75%                       6433.832500       6411.004800
max                      29487.130000      29683.649600
2023-08-16 22:52:15,929 - INFO - Upgrade file updated and saved to: /Users/lliu2/Documents/GitHub/resstock/euss_cleap/data_/community_building_samples/louisville/up01_duct_corrected.parquet
2023-08-16 22:52:15,961 - INFO - 
2023-08-16 22:52:15,961 - INFO - =====================================================================================
2023-08-16 22:52:15,961 - INFO - 
>> Recalculating duct sealing applicability and costs for upgrade_no = 2...
2023-08-16 22:52:15,981 - INFO - Updating 85 upgrade_costs.option_05_cost_usd from ['30% Leakage, R-4', '30% Leakage, R-6']
2023-08-16 22:52:15,981 - INFO - 1 new_cost=0 found:
building_id
478054    0.0
Name: duct_total_surface_area, dtype: float64
2023-08-16 22:52:15,982 - INFO -             build_existing_model.hvac_has_ducts  duct_total_surface_area  ... build_existing_model.hvac_cooling_efficiency build_existing_model.hvac_shared_efficiencies
building_id                                                               ...                                                                                           
478054                                       No                      0.0  ...                                         None   Boiler Baseboards Heating Only, Electricity

[1 rows x 6 columns]
2023-08-16 22:52:15,990 - INFO - Updating 20 upgrade_costs.option_06_cost_usd from ['30% Leakage, R-8']
2023-08-16 22:52:15,994 - INFO - Updating 367 upgrade_costs.option_07_cost_usd from ['20% Leakage, Uninsulated', '20% Leakage, R-4', '20% Leakage, R-6']
2023-08-16 22:52:15,994 - INFO - 7 new_cost=0 found:
building_id
26672     0.0
140884    0.0
146458    0.0
203013    0.0
298152    0.0
351921    0.0
537115    0.0
Name: duct_total_surface_area, dtype: float64
2023-08-16 22:52:15,994 - INFO -             build_existing_model.hvac_has_ducts  duct_total_surface_area  ... build_existing_model.hvac_cooling_efficiency build_existing_model.hvac_shared_efficiencies
building_id                                                               ...                                                                                           
26672                                        No                      0.0  ...                            Room AC, EER 10.7   Boiler Baseboards Heating Only, Electricity
140884                                       No                      0.0  ...                            Room AC, EER 12.0   Boiler Baseboards Heating Only, Natural Gas
146458                                       No                      0.0  ...                            Room AC, EER 12.0   Boiler Baseboards Heating Only, Natural Gas
203013                                       No                      0.0  ...                             Room AC, EER 9.8   Boiler Baseboards Heating Only, Natural Gas
298152                                       No                      0.0  ...                             Room AC, EER 9.8   Boiler Baseboards Heating Only, Natural Gas
351921                                       No                      0.0  ...                            Room AC, EER 10.7   Boiler Baseboards Heating Only, Electricity
537115                                       No                      0.0  ...                            Room AC, EER 10.7   Boiler Baseboards Heating Only, Natural Gas

[7 rows x 6 columns]
2023-08-16 22:52:16,002 - INFO - Updating 35 upgrade_costs.option_08_cost_usd from ['20% Leakage, R-8']
2023-08-16 22:52:16,003 - INFO - 1 new_cost=0 found:
building_id
479718    0.0
Name: duct_total_surface_area, dtype: float64
2023-08-16 22:52:16,003 - INFO -             build_existing_model.hvac_has_ducts  duct_total_surface_area  ... build_existing_model.hvac_cooling_efficiency build_existing_model.hvac_shared_efficiencies
building_id                                                               ...                                                                                           
479718                                       No                      0.0  ...                                    Heat Pump   Boiler Baseboards Heating Only, Electricity

[1 rows x 6 columns]
2023-08-16 22:52:16,011 - INFO - Updating 214 upgrade_costs.option_09_cost_usd from ['10% Leakage, Uninsulated', '10% Leakage, R-4', '10% Leakage, R-6']
2023-08-16 22:52:16,011 - INFO - 8 new_cost=0 found:
building_id
25729     0.0
117143    0.0
232993    0.0
254789    0.0
328494    0.0
430870    0.0
436349    0.0
486037    0.0
Name: duct_total_surface_area, dtype: float64
2023-08-16 22:52:16,012 - INFO -             build_existing_model.hvac_has_ducts  duct_total_surface_area  ... build_existing_model.hvac_cooling_efficiency build_existing_model.hvac_shared_efficiencies
building_id                                                               ...                                                                                           
25729                                        No                      0.0  ...                             Room AC, EER 8.5   Boiler Baseboards Heating Only, Electricity
117143                                       No                      0.0  ...                             Room AC, EER 9.8   Boiler Baseboards Heating Only, Electricity
232993                                       No                      0.0  ...                            Room AC, EER 10.7   Boiler Baseboards Heating Only, Natural Gas
254789                                       No                      0.0  ...                                    Heat Pump   Boiler Baseboards Heating Only, Electricity
328494                                       No                      0.0  ...                                    Heat Pump   Boiler Baseboards Heating Only, Electricity
430870                                       No                      0.0  ...                                         None   Boiler Baseboards Heating Only, Electricity
436349                                       No                      0.0  ...                            Room AC, EER 10.7   Boiler Baseboards Heating Only, Electricity
486037                                       No                      0.0  ...                                    Heat Pump   Boiler Baseboards Heating Only, Electricity

[8 rows x 6 columns]
2023-08-16 22:52:16,020 - INFO - Dropping 2 / 17 building_id(s) whose content have been modified for duct correction.
[254789, 328494]
2023-08-16 22:52:16,020 - INFO - For these buildings, duct sealing was the only applicable component in the upgrade and it no longer applies after the correction.
2023-08-16 22:52:16,024 - INFO - After duct correction, dfu has reduced in size from 1382 to len(dfu2) rows.
2023-08-16 22:52:16,024 - INFO - Change in upgrade_costs.upgrade_cost_usd:
2023-08-16 22:52:16,025 - INFO - 
       Before Correction (excludes 0)  After Correction
count                     1353.000000       1380.000000
mean                      6098.988344       6114.169864
std                       4670.446544       4702.449667
min                        166.500000          0.000000
25%                       2318.120000       2338.246800
50%                       5560.500000       5512.754600
75%                       8832.700000       8845.776000
max                      38998.530000      38998.530000
2023-08-16 22:52:16,080 - INFO - Upgrade file updated and saved to: /Users/lliu2/Documents/GitHub/resstock/euss_cleap/data_/community_building_samples/louisville/up02_duct_corrected.parquet
2023-08-16 22:52:16,113 - INFO - 
2023-08-16 22:52:16,113 - INFO - =====================================================================================
2023-08-16 22:52:16,113 - INFO - 
>> Recalculating duct sealing applicability and costs for upgrade_no = 3...
2023-08-16 22:52:16,138 - INFO - After duct correction, dfu has reduced in size from 1399 to len(dfu2) rows.
2023-08-16 22:52:16,138 - INFO - Change in upgrade_costs.upgrade_cost_usd:
2023-08-16 22:52:16,139 - INFO - 
       Before Correction (excludes 0)  After Correction
count                     1399.000000       1399.000000
mean                     13471.351272      13471.351272
std                       9921.731865       9921.731865
min                       4766.030000       4766.030000
25%                       7494.775000       7494.775000
50%                       9935.520000       9935.520000
75%                      14593.955000      14593.955000
max                      76913.860000      76913.860000
2023-08-16 22:52:16,201 - INFO - Upgrade file updated and saved to: /Users/lliu2/Documents/GitHub/resstock/euss_cleap/data_/community_building_samples/louisville/up03_duct_corrected.parquet
2023-08-16 22:52:16,231 - INFO - 
2023-08-16 22:52:16,232 - INFO - =====================================================================================
2023-08-16 22:52:16,232 - INFO - 
>> Recalculating duct sealing applicability and costs for upgrade_no = 4...
2023-08-16 22:52:16,255 - INFO - After duct correction, dfu has reduced in size from 1399 to len(dfu2) rows.
2023-08-16 22:52:16,255 - INFO - Change in upgrade_costs.upgrade_cost_usd:
2023-08-16 22:52:16,256 - INFO - 
       Before Correction (excludes 0)  After Correction
count                     1399.000000       1399.000000
mean                     21297.421015      21297.421015
std                       6519.025071       6519.025071
min                       5084.140000       5084.140000
25%                      18104.630000      18104.630000
50%                      20405.800000      20405.800000
75%                      23269.150000      23269.150000
max                      65693.070000      65693.070000
2023-08-16 22:52:16,309 - INFO - Upgrade file updated and saved to: /Users/lliu2/Documents/GitHub/resstock/euss_cleap/data_/community_building_samples/louisville/up04_duct_corrected.parquet
2023-08-16 22:52:16,342 - INFO - 
2023-08-16 22:52:16,342 - INFO - =====================================================================================
2023-08-16 22:52:16,342 - INFO - 
>> Recalculating duct sealing applicability and costs for upgrade_no = 5...
2023-08-16 22:52:16,367 - INFO - After duct correction, dfu has reduced in size from 1396 to len(dfu2) rows.
2023-08-16 22:52:16,367 - INFO - Change in upgrade_costs.upgrade_cost_usd:
2023-08-16 22:52:16,368 - INFO - 
       Before Correction (excludes 0)  After Correction
count                     1396.000000       1396.000000
mean                     13380.145007      13380.145007
std                       9932.047545       9932.047545
min                       4766.030000       4766.030000
25%                       7423.820000       7423.820000
50%                       9861.740000       9861.740000
75%                      14256.697500      14256.697500
max                      76913.860000      76913.860000
2023-08-16 22:52:16,422 - INFO - Upgrade file updated and saved to: /Users/lliu2/Documents/GitHub/resstock/euss_cleap/data_/community_building_samples/louisville/up05_duct_corrected.parquet
2023-08-16 22:52:16,454 - INFO - 
2023-08-16 22:52:16,454 - INFO - =====================================================================================
2023-08-16 22:52:16,454 - INFO - 
>> Recalculating duct sealing applicability and costs for upgrade_no = 6...
2023-08-16 22:52:16,476 - INFO - After duct correction, dfu has reduced in size from 1400 to len(dfu2) rows.
2023-08-16 22:52:16,477 - INFO - Change in upgrade_costs.upgrade_cost_usd:
2023-08-16 22:52:16,478 - INFO - 
       Before Correction (excludes 0)  After Correction
count                     1400.000000       1400.000000
mean                      2457.191429       2457.191429
std                        426.593331        426.593331
min                       2242.000000       2242.000000
25%                       2242.000000       2242.000000
50%                       2242.000000       2242.000000
75%                       2242.000000       2242.000000
max                       3828.000000       3828.000000
2023-08-16 22:52:16,530 - INFO - Upgrade file updated and saved to: /Users/lliu2/Documents/GitHub/resstock/euss_cleap/data_/community_building_samples/louisville/up06_duct_corrected.parquet
2023-08-16 22:52:16,560 - INFO - 
2023-08-16 22:52:16,560 - INFO - =====================================================================================
2023-08-16 22:52:16,560 - INFO - 
>> Recalculating duct sealing applicability and costs for upgrade_no = 7...
2023-08-16 22:52:16,578 - INFO - After duct correction, dfu has reduced in size from 995 to len(dfu2) rows.
2023-08-16 22:52:16,578 - INFO - Change in upgrade_costs.upgrade_cost_usd:
2023-08-16 22:52:16,580 - INFO - 
       Before Correction (excludes 0)  After Correction
count                      995.000000        995.000000
mean                     15736.336080      15736.336080
std                      11166.423305      11166.423305
min                        870.000000        870.000000
25%                       9731.630000       9731.630000
50%                      12519.510000      12519.510000
75%                      17922.985000      17922.985000
max                      80741.860000      80741.860000
2023-08-16 22:52:16,627 - INFO - Upgrade file updated and saved to: /Users/lliu2/Documents/GitHub/resstock/euss_cleap/data_/community_building_samples/louisville/up07_duct_corrected.parquet
2023-08-16 22:52:16,661 - INFO - 
2023-08-16 22:52:16,661 - INFO - =====================================================================================
2023-08-16 22:52:16,661 - INFO - 
>> Recalculating duct sealing applicability and costs for upgrade_no = 8...
2023-08-16 22:52:16,684 - INFO - After duct correction, dfu has reduced in size from 1403 to len(dfu2) rows.
2023-08-16 22:52:16,684 - INFO - Change in upgrade_costs.upgrade_cost_usd:
2023-08-16 22:52:16,685 - INFO - 
       Before Correction (excludes 0)  After Correction
count                      1403.00000        1403.00000
mean                      26852.19387       26852.19387
std                        6967.29014        6967.29014
min                        5704.00000        5704.00000
25%                       23319.22500       23319.22500
50%                       26116.47000       26116.47000
75%                       29395.99000       29395.99000
max                       71487.07000       71487.07000
2023-08-16 22:52:16,740 - INFO - Upgrade file updated and saved to: /Users/lliu2/Documents/GitHub/resstock/euss_cleap/data_/community_building_samples/louisville/up08_duct_corrected.parquet
2023-08-16 22:52:16,772 - INFO - 
2023-08-16 22:52:16,772 - INFO - =====================================================================================
2023-08-16 22:52:16,772 - INFO - 
>> Recalculating duct sealing applicability and costs for upgrade_no = 9...
2023-08-16 22:52:16,792 - INFO - Updating 85 upgrade_costs.option_05_cost_usd from ['30% Leakage, R-4', '30% Leakage, R-6']
2023-08-16 22:52:16,793 - INFO - 1 new_cost=0 found:
building_id
478054    0.0
Name: duct_total_surface_area, dtype: float64
2023-08-16 22:52:16,793 - INFO -             build_existing_model.hvac_has_ducts  duct_total_surface_area  ... build_existing_model.hvac_cooling_efficiency build_existing_model.hvac_shared_efficiencies
building_id                                                               ...                                                                                           
478054                                       No                      0.0  ...                                         None   Boiler Baseboards Heating Only, Electricity

[1 rows x 6 columns]
2023-08-16 22:52:16,799 - INFO - Updating 20 upgrade_costs.option_06_cost_usd from ['30% Leakage, R-8']
2023-08-16 22:52:16,800 - INFO - Updating 367 upgrade_costs.option_07_cost_usd from ['20% Leakage, Uninsulated', '20% Leakage, R-4', '20% Leakage, R-6']
2023-08-16 22:52:16,801 - INFO - 7 new_cost=0 found:
building_id
26672     0.0
140884    0.0
146458    0.0
203013    0.0
298152    0.0
351921    0.0
537115    0.0
Name: duct_total_surface_area, dtype: float64
2023-08-16 22:52:16,801 - INFO -             build_existing_model.hvac_has_ducts  duct_total_surface_area  ... build_existing_model.hvac_cooling_efficiency build_existing_model.hvac_shared_efficiencies
building_id                                                               ...                                                                                           
26672                                        No                      0.0  ...                            Room AC, EER 10.7   Boiler Baseboards Heating Only, Electricity
140884                                       No                      0.0  ...                            Room AC, EER 12.0   Boiler Baseboards Heating Only, Natural Gas
146458                                       No                      0.0  ...                            Room AC, EER 12.0   Boiler Baseboards Heating Only, Natural Gas
203013                                       No                      0.0  ...                             Room AC, EER 9.8   Boiler Baseboards Heating Only, Natural Gas
298152                                       No                      0.0  ...                             Room AC, EER 9.8   Boiler Baseboards Heating Only, Natural Gas
351921                                       No                      0.0  ...                            Room AC, EER 10.7   Boiler Baseboards Heating Only, Electricity
537115                                       No                      0.0  ...                            Room AC, EER 10.7   Boiler Baseboards Heating Only, Natural Gas

[7 rows x 6 columns]
2023-08-16 22:52:16,807 - INFO - Updating 35 upgrade_costs.option_08_cost_usd from ['20% Leakage, R-8']
2023-08-16 22:52:16,808 - INFO - 1 new_cost=0 found:
building_id
479718    0.0
Name: duct_total_surface_area, dtype: float64
2023-08-16 22:52:16,809 - INFO -             build_existing_model.hvac_has_ducts  duct_total_surface_area  ... build_existing_model.hvac_cooling_efficiency build_existing_model.hvac_shared_efficiencies
building_id                                                               ...                                                                                           
479718                                       No                      0.0  ...                                    Heat Pump   Boiler Baseboards Heating Only, Electricity

[1 rows x 6 columns]
2023-08-16 22:52:16,814 - INFO - Updating 214 upgrade_costs.option_09_cost_usd from ['10% Leakage, Uninsulated', '10% Leakage, R-4', '10% Leakage, R-6']
2023-08-16 22:52:16,815 - INFO - 8 new_cost=0 found:
building_id
25729     0.0
117143    0.0
232993    0.0
254789    0.0
328494    0.0
430870    0.0
436349    0.0
486037    0.0
Name: duct_total_surface_area, dtype: float64
2023-08-16 22:52:16,815 - INFO -             build_existing_model.hvac_has_ducts  duct_total_surface_area  ... build_existing_model.hvac_cooling_efficiency build_existing_model.hvac_shared_efficiencies
building_id                                                               ...                                                                                           
25729                                        No                      0.0  ...                             Room AC, EER 8.5   Boiler Baseboards Heating Only, Electricity
117143                                       No                      0.0  ...                             Room AC, EER 9.8   Boiler Baseboards Heating Only, Electricity
232993                                       No                      0.0  ...                            Room AC, EER 10.7   Boiler Baseboards Heating Only, Natural Gas
254789                                       No                      0.0  ...                                    Heat Pump   Boiler Baseboards Heating Only, Electricity
328494                                       No                      0.0  ...                                    Heat Pump   Boiler Baseboards Heating Only, Electricity
430870                                       No                      0.0  ...                                         None   Boiler Baseboards Heating Only, Electricity
436349                                       No                      0.0  ...                            Room AC, EER 10.7   Boiler Baseboards Heating Only, Electricity
486037                                       No                      0.0  ...                                    Heat Pump   Boiler Baseboards Heating Only, Electricity

[8 rows x 6 columns]
2023-08-16 22:52:16,822 - INFO - Dropping 0 / 17 building_id(s) whose content have been modified for duct correction.
[]
2023-08-16 22:52:16,822 - INFO - For these buildings, duct sealing was the only applicable component in the upgrade and it no longer applies after the correction.
2023-08-16 22:52:16,826 - INFO - After duct correction, dfu has reduced in size from 1403 to len(dfu2) rows.
2023-08-16 22:52:16,826 - INFO - Change in upgrade_costs.upgrade_cost_usd:
2023-08-16 22:52:16,827 - INFO - 
       Before Correction (excludes 0)  After Correction
count                     1403.000000       1403.000000
mean                     28268.561946      28398.426795
std                       7726.328767       7768.209438
min                       5704.000000       5704.000000
25%                      23576.075000      23894.492600
50%                      27683.950000      27755.360000
75%                      32328.105000      32347.286000
max                      79649.570000      79649.570000
2023-08-16 22:52:16,888 - INFO - Upgrade file updated and saved to: /Users/lliu2/Documents/GitHub/resstock/euss_cleap/data_/community_building_samples/louisville/up09_duct_corrected.parquet
2023-08-16 22:52:16,920 - INFO - 
2023-08-16 22:52:16,920 - INFO - =====================================================================================
2023-08-16 22:52:16,920 - INFO - 
>> Recalculating duct sealing applicability and costs for upgrade_no = 10...
2023-08-16 22:52:16,940 - INFO - Updating 85 upgrade_costs.option_05_cost_usd from ['30% Leakage, R-4', '30% Leakage, R-6']
2023-08-16 22:52:16,940 - INFO - 1 new_cost=0 found:
building_id
478054    0.0
Name: duct_total_surface_area, dtype: float64
2023-08-16 22:52:16,941 - INFO -             build_existing_model.hvac_has_ducts  duct_total_surface_area  ... build_existing_model.hvac_cooling_efficiency build_existing_model.hvac_shared_efficiencies
building_id                                                               ...                                                                                           
478054                                       No                      0.0  ...                                         None   Boiler Baseboards Heating Only, Electricity

[1 rows x 6 columns]
2023-08-16 22:52:16,947 - INFO - Updating 20 upgrade_costs.option_06_cost_usd from ['30% Leakage, R-8']
2023-08-16 22:52:16,948 - INFO - Updating 367 upgrade_costs.option_07_cost_usd from ['20% Leakage, Uninsulated', '20% Leakage, R-4', '20% Leakage, R-6']
2023-08-16 22:52:16,949 - INFO - 7 new_cost=0 found:
building_id
26672     0.0
140884    0.0
146458    0.0
203013    0.0
298152    0.0
351921    0.0
537115    0.0
Name: duct_total_surface_area, dtype: float64
2023-08-16 22:52:16,949 - INFO -             build_existing_model.hvac_has_ducts  duct_total_surface_area  ... build_existing_model.hvac_cooling_efficiency build_existing_model.hvac_shared_efficiencies
building_id                                                               ...                                                                                           
26672                                        No                      0.0  ...                            Room AC, EER 10.7   Boiler Baseboards Heating Only, Electricity
140884                                       No                      0.0  ...                            Room AC, EER 12.0   Boiler Baseboards Heating Only, Natural Gas
146458                                       No                      0.0  ...                            Room AC, EER 12.0   Boiler Baseboards Heating Only, Natural Gas
203013                                       No                      0.0  ...                             Room AC, EER 9.8   Boiler Baseboards Heating Only, Natural Gas
298152                                       No                      0.0  ...                             Room AC, EER 9.8   Boiler Baseboards Heating Only, Natural Gas
351921                                       No                      0.0  ...                            Room AC, EER 10.7   Boiler Baseboards Heating Only, Electricity
537115                                       No                      0.0  ...                            Room AC, EER 10.7   Boiler Baseboards Heating Only, Natural Gas

[7 rows x 6 columns]
2023-08-16 22:52:16,955 - INFO - Updating 35 upgrade_costs.option_08_cost_usd from ['20% Leakage, R-8']
2023-08-16 22:52:16,955 - INFO - 1 new_cost=0 found:
building_id
479718    0.0
Name: duct_total_surface_area, dtype: float64
2023-08-16 22:52:16,956 - INFO -             build_existing_model.hvac_has_ducts  duct_total_surface_area  ... build_existing_model.hvac_cooling_efficiency build_existing_model.hvac_shared_efficiencies
building_id                                                               ...                                                                                           
479718                                       No                      0.0  ...                                    Heat Pump   Boiler Baseboards Heating Only, Electricity

[1 rows x 6 columns]
2023-08-16 22:52:16,961 - INFO - Updating 214 upgrade_costs.option_09_cost_usd from ['10% Leakage, Uninsulated', '10% Leakage, R-4', '10% Leakage, R-6']
2023-08-16 22:52:16,962 - INFO - 8 new_cost=0 found:
building_id
25729     0.0
117143    0.0
232993    0.0
254789    0.0
328494    0.0
430870    0.0
436349    0.0
486037    0.0
Name: duct_total_surface_area, dtype: float64
2023-08-16 22:52:16,962 - INFO -             build_existing_model.hvac_has_ducts  duct_total_surface_area  ... build_existing_model.hvac_cooling_efficiency build_existing_model.hvac_shared_efficiencies
building_id                                                               ...                                                                                           
25729                                        No                      0.0  ...                             Room AC, EER 8.5   Boiler Baseboards Heating Only, Electricity
117143                                       No                      0.0  ...                             Room AC, EER 9.8   Boiler Baseboards Heating Only, Electricity
232993                                       No                      0.0  ...                            Room AC, EER 10.7   Boiler Baseboards Heating Only, Natural Gas
254789                                       No                      0.0  ...                                    Heat Pump   Boiler Baseboards Heating Only, Electricity
328494                                       No                      0.0  ...                                    Heat Pump   Boiler Baseboards Heating Only, Electricity
430870                                       No                      0.0  ...                                         None   Boiler Baseboards Heating Only, Electricity
436349                                       No                      0.0  ...                            Room AC, EER 10.7   Boiler Baseboards Heating Only, Electricity
486037                                       No                      0.0  ...                                    Heat Pump   Boiler Baseboards Heating Only, Electricity

[8 rows x 6 columns]
2023-08-16 22:52:16,969 - INFO - Dropping 0 / 17 building_id(s) whose content have been modified for duct correction.
[]
2023-08-16 22:52:16,969 - INFO - For these buildings, duct sealing was the only applicable component in the upgrade and it no longer applies after the correction.
2023-08-16 22:52:16,973 - INFO - After duct correction, dfu has reduced in size from 1403 to len(dfu2) rows.
2023-08-16 22:52:16,973 - INFO - Change in upgrade_costs.upgrade_cost_usd:
2023-08-16 22:52:16,974 - INFO - 
       Before Correction (excludes 0)  After Correction
count                     1403.000000       1403.000000
mean                     29022.906999      29152.771849
std                       8162.364095       8204.533694
min                       5704.000000       5704.000000
25%                      23991.325000      24220.020400
50%                      28166.150000      28226.820000
75%                      33399.125000      33548.938600
max                      80195.770000      80195.770000
2023-08-16 22:52:17,029 - INFO - Upgrade file updated and saved to: /Users/lliu2/Documents/GitHub/resstock/euss_cleap/data_/community_building_samples/louisville/up10_duct_corrected.parquet
