# Logfile created on 2017-09-25 16:35:43 +0000 by logger.rb/47272
[16:35:43.658746 INFO] Server host is http://web:80
[16:35:43.658804 INFO] Analysis directory is /mnt/openstudio/analysis_fe821d2c-df1e-4105-9ee6-6c7fef1463ae
[16:35:43.658855 INFO] Simulation directory is /mnt/openstudio/analysis_fe821d2c-df1e-4105-9ee6-6c7fef1463ae/data_point_b8f3dce6-c336-4720-a2b8-2697d18c22e4
[16:35:43.658882 INFO] Run datapoint type/file is workflow
[16:35:43.658910 INFO] Starting initialize_worker for datapoint b8f3dce6-c336-4720-a2b8-2697d18c22e4
[16:35:43.658963 INFO] receipt_file already exists, moving on
[16:35:43.826054 INFO] Downloading datapoint from http://web:80/data_points/b8f3dce6-c336-4720-a2b8-2697d18c22e4.json
[16:35:43.837105 INFO] Creating Workflow Manager instance
[16:35:43.837185 INFO] Directory is /mnt/openstudio/analysis_fe821d2c-df1e-4105-9ee6-6c7fef1463ae/data_point_b8f3dce6-c336-4720-a2b8-2697d18c22e4
[16:35:43.837230 INFO] Opening run.log file '/mnt/openstudio/analysis_fe821d2c-df1e-4105-9ee6-6c7fef1463ae/data_point_b8f3dce6-c336-4720-a2b8-2697d18c22e4/run/run.log'
[16:35:43.846467 INFO] Running workflow
[16:40:03.189979 INFO] Final run state is finished
[16:40:03.213825 INFO] Saving files/reports back to the server
[16:40:03.214106 INFO] Saving report /mnt/openstudio/analysis_fe821d2c-df1e-4105-9ee6-6c7fef1463ae/data_point_b8f3dce6-c336-4720-a2b8-2697d18c22e4/reports/eplustbl.html to http://web:80/data_points/b8f3dce6-c336-4720-a2b8-2697d18c22e4/upload_file
[16:40:03.272574 INFO] Saving report responded with {"id":"59c93163a2321800d2ed57c7","data_point_id":"b8f3dce6-c336-4720-a2b8-2697d18c22e4","display_name":"eplustbl","type":"Report","created_at":"2017-09-25T16:40:03.250Z","updated_at":"2017-09-25T16:40:03.250Z"}
[16:40:03.272831 INFO] Saving report /mnt/openstudio/analysis_fe821d2c-df1e-4105-9ee6-6c7fef1463ae/data_point_b8f3dce6-c336-4720-a2b8-2697d18c22e4/run/objectives.json to http://web:80/data_points/b8f3dce6-c336-4720-a2b8-2697d18c22e4/upload_file
[16:40:03.301150 INFO] Saving report responded with {"id":"59c93163a2321800d2ed57c8","data_point_id":"b8f3dce6-c336-4720-a2b8-2697d18c22e4","display_name":"objectives","type":"Report","created_at":"2017-09-25T16:40:03.287Z","updated_at":"2017-09-25T16:40:03.287Z"}
[16:40:03.301378 INFO] Saving report /mnt/openstudio/analysis_fe821d2c-df1e-4105-9ee6-6c7fef1463ae/data_point_b8f3dce6-c336-4720-a2b8-2697d18c22e4/out.osw to http://web:80/data_points/b8f3dce6-c336-4720-a2b8-2697d18c22e4/upload_file
[16:40:03.327747 INFO] Saving report responded with {"id":"59c93163a2321800d2ed57c9","data_point_id":"b8f3dce6-c336-4720-a2b8-2697d18c22e4","display_name":"Final OSW File","type":"Report","created_at":"2017-09-25T16:40:03.318Z","updated_at":"2017-09-25T16:40:03.318Z"}
[16:40:03.327994 INFO] Saving report /mnt/openstudio/analysis_fe821d2c-df1e-4105-9ee6-6c7fef1463ae/data_point_b8f3dce6-c336-4720-a2b8-2697d18c22e4/in.osm to http://web:80/data_points/b8f3dce6-c336-4720-a2b8-2697d18c22e4/upload_file
[16:40:04.061127 INFO] Saving report responded with {"id":"59c93163a2321800caed5c79","data_point_id":"b8f3dce6-c336-4720-a2b8-2697d18c22e4","display_name":"model","type":"OpenStudio Model","created_at":"2017-09-25T16:40:03.957Z","updated_at":"2017-09-25T16:40:03.957Z"}
[16:40:04.061406 INFO] Saving report /mnt/openstudio/analysis_fe821d2c-df1e-4105-9ee6-6c7fef1463ae/data_point_b8f3dce6-c336-4720-a2b8-2697d18c22e4/run/data_point.zip to http://web:80/data_points/b8f3dce6-c336-4720-a2b8-2697d18c22e4/upload_file
[16:40:04.108578 INFO] Saving report responded with {"id":"59c93164a2321800caed5c7a","data_point_id":"b8f3dce6-c336-4720-a2b8-2697d18c22e4","display_name":"Zip File","type":"Data Point","created_at":"2017-09-25T16:40:04.097Z","updated_at":"2017-09-25T16:40:04.097Z"}
[16:40:04.108959 INFO] Found data point finalization file datapoint_final.sh.
[16:40:04.109077 INFO] Preparing to run finalization script /mnt/openstudio/analysis_fe821d2c-df1e-4105-9ee6-6c7fef1463ae/scripts/worker_finalization/datapoint_final.sh
[16:40:04.109473 INFO] Looking for argument file /mnt/openstudio/analysis_fe821d2c-df1e-4105-9ee6-6c7fef1463ae/scripts/worker_finalization/datapoint_final.args
[16:40:04.109538 INFO] argument file exists /mnt/openstudio/analysis_fe821d2c-df1e-4105-9ee6-6c7fef1463ae/scripts/worker_finalization/datapoint_final.args
[16:40:04.109734 INFO] arguments are []
[16:40:04.177966 INFO] Script returned with exit code 0 of class Fixnum
[16:40:04.178286 INFO] Saving report /mnt/openstudio/analysis_fe821d2c-df1e-4105-9ee6-6c7fef1463ae/data_point_b8f3dce6-c336-4720-a2b8-2697d18c22e4/run/datapoint_final.log to http://web:80/data_points/b8f3dce6-c336-4720-a2b8-2697d18c22e4/upload_file
[16:40:04.204800 INFO] Saving report responded with {"id":"59c93164a2321800caed5c7b","data_point_id":"b8f3dce6-c336-4720-a2b8-2697d18c22e4","display_name":"Finalization Script Log","type":"Report","created_at":"2017-09-25T16:40:04.193Z","updated_at":"2017-09-25T16:40:04.193Z"}
[16:40:04.223697 INFO] Finished /opt/openstudio/server/app/workers/run_simulate_data_point.rb
