# Logfile created on 2019-02-08 21:47:41 +0000 by logger.rb/47272
[21:47:41.198164 INFO] Checking for presence of args file at /mnt/openstudio/analysis_5b8bf959-6b87-4318-911c-88038d7f0940/scripts/data_point/initialize.args
[21:47:41.198323 INFO] Checking for presence of script file at /mnt/openstudio/analysis_5b8bf959-6b87-4318-911c-88038d7f0940/scripts/data_point/initialize.sh
[21:47:41.207344 INFO] Server host is http://web:80
[21:47:41.207447 INFO] Analysis directory is /mnt/openstudio/analysis_5b8bf959-6b87-4318-911c-88038d7f0940
[21:47:41.207528 INFO] Simulation directory is /mnt/openstudio/analysis_5b8bf959-6b87-4318-911c-88038d7f0940/data_point_2b70ceb1-888f-41d4-83bd-5cbd273e8e2a
[21:47:41.207597 INFO] Run datapoint type/file is 
[21:47:41.207657 INFO] Starting initialize_worker for datapoint 2b70ceb1-888f-41d4-83bd-5cbd273e8e2a
[21:47:41.207949 INFO] Downloading analysis zip from http://web:80/analyses/5b8bf959-6b87-4318-911c-88038d7f0940/download_analysis_zip
[21:47:47.264505 INFO] Extracting analysis zip to /mnt/openstudio/analysis_5b8bf959-6b87-4318-911c-88038d7f0940
[21:48:27.027737 INFO] Downloading analysis.json from http://web:80/analyses/5b8bf959-6b87-4318-911c-88038d7f0940.json
[21:48:27.176298 DEBUG] Running datapoint initialization file if present.
[21:48:27.176659 INFO] Checking for presence of args file at /mnt/openstudio/analysis_5b8bf959-6b87-4318-911c-88038d7f0940/scripts/data_point/initialize.args
[21:48:27.176842 INFO]  args loaded from file /mnt/openstudio/analysis_5b8bf959-6b87-4318-911c-88038d7f0940/scripts/data_point/initialize.args: ["https://s3.amazonaws.com/epwweatherfiles/project_resstock_national.zip"]
[21:48:27.176879 INFO] Checking for presence of script file at /mnt/openstudio/analysis_5b8bf959-6b87-4318-911c-88038d7f0940/scripts/data_point/initialize.sh
[21:48:27.177129 DEBUG] updating permissions for /mnt/openstudio/analysis_5b8bf959-6b87-4318-911c-88038d7f0940/scripts/data_point/initialize.sh
[21:48:27.177189 DEBUG] removing DOS endings for /mnt/openstudio/analysis_5b8bf959-6b87-4318-911c-88038d7f0940/scripts/data_point/initialize.sh
[21:48:27.177554 DEBUG] running /mnt/openstudio/analysis_5b8bf959-6b87-4318-911c-88038d7f0940/scripts/data_point/initialize.sh
[21:48:30.041825 DEBUG] Script returned with exit code 0 of class Fixnum
[21:48:30.042005 INFO] Finished worker initialization
[21:48:30.054139 INFO] Downloading datapoint from http://web:80/data_points/2b70ceb1-888f-41d4-83bd-5cbd273e8e2a.json
[21:48:30.066790 INFO] Creating Workflow Manager instance
[21:48:30.066880 INFO] Directory is /mnt/openstudio/analysis_5b8bf959-6b87-4318-911c-88038d7f0940/data_point_2b70ceb1-888f-41d4-83bd-5cbd273e8e2a
[21:48:30.066965 INFO] Opening run.log file '/mnt/openstudio/analysis_5b8bf959-6b87-4318-911c-88038d7f0940/data_point_2b70ceb1-888f-41d4-83bd-5cbd273e8e2a/run/run.log'
[21:48:30.067112 WARN] OPENSTUDIO_EXE_PATH not set - defaulting to /usr/local/bin/openstudio
[21:48:30.067398 INFO] Running workflow using cmd /usr/local/bin/openstudio --verbose --bundle /var/oscli/Gemfile --bundle_path /var/oscli/gems run --workflow /mnt/openstudio/analysis_5b8bf959-6b87-4318-911c-88038d7f0940/data_point_2b70ceb1-888f-41d4-83bd-5cbd273e8e2a/data_point.osw --debug and writing log to /mnt/openstudio/analysis_5b8bf959-6b87-4318-911c-88038d7f0940/data_point_2b70ceb1-888f-41d4-83bd-5cbd273e8e2a/oscli_simulation.log
[21:49:54.623276 INFO] Saving files/reports back to the server
[21:49:54.623664 INFO] Saving report /mnt/openstudio/analysis_5b8bf959-6b87-4318-911c-88038d7f0940/data_point_2b70ceb1-888f-41d4-83bd-5cbd273e8e2a/reports/eplustbl.html to http://web:80/data_points/2b70ceb1-888f-41d4-83bd-5cbd273e8e2a/upload_file
[21:49:54.826367 INFO] Saving report responded with {"id":"5c5df9827899b5012a813b7b","data_point_id":"2b70ceb1-888f-41d4-83bd-5cbd273e8e2a","display_name":"eplustbl","type":"Report","created_at":"2019-02-08T21:49:54.801Z","updated_at":"2019-02-08T21:49:54.801Z"}
[21:49:54.826701 INFO] Saving report /mnt/openstudio/analysis_5b8bf959-6b87-4318-911c-88038d7f0940/data_point_2b70ceb1-888f-41d4-83bd-5cbd273e8e2a/run/objectives.json to http://web:80/data_points/2b70ceb1-888f-41d4-83bd-5cbd273e8e2a/upload_file
[21:49:54.971191 INFO] Saving report responded with {"id":"5c5df9827899b50121813b7f","data_point_id":"2b70ceb1-888f-41d4-83bd-5cbd273e8e2a","display_name":"objectives","type":"Report","created_at":"2019-02-08T21:49:54.957Z","updated_at":"2019-02-08T21:49:54.957Z"}
[21:49:54.971454 INFO] Saving report /mnt/openstudio/analysis_5b8bf959-6b87-4318-911c-88038d7f0940/data_point_2b70ceb1-888f-41d4-83bd-5cbd273e8e2a/out.osw to http://web:80/data_points/2b70ceb1-888f-41d4-83bd-5cbd273e8e2a/upload_file
[21:49:55.027809 INFO] Saving report responded with {"id":"5c5df9837899b5010c813b7e","data_point_id":"2b70ceb1-888f-41d4-83bd-5cbd273e8e2a","display_name":"Final OSW File","type":"Report","created_at":"2019-02-08T21:49:55.010Z","updated_at":"2019-02-08T21:49:55.010Z"}
[21:49:55.028218 INFO] Saving report /mnt/openstudio/analysis_5b8bf959-6b87-4318-911c-88038d7f0940/data_point_2b70ceb1-888f-41d4-83bd-5cbd273e8e2a/run/data_point.zip to http://web:80/data_points/2b70ceb1-888f-41d4-83bd-5cbd273e8e2a/upload_file
[21:49:55.085248 INFO] Saving report responded with {"id":"5c5df9837899b50121813b82","data_point_id":"2b70ceb1-888f-41d4-83bd-5cbd273e8e2a","display_name":"Zip File","type":"Data Point","created_at":"2019-02-08T21:49:55.069Z","updated_at":"2019-02-08T21:49:55.069Z"}
[21:49:55.085503 INFO] Checking for presence of args file at /mnt/openstudio/analysis_5b8bf959-6b87-4318-911c-88038d7f0940/scripts/data_point/finalize.args
[21:49:55.085618 INFO]  args loaded from file /mnt/openstudio/analysis_5b8bf959-6b87-4318-911c-88038d7f0940/scripts/data_point/finalize.args: []
[21:49:55.085653 INFO] Checking for presence of script file at /mnt/openstudio/analysis_5b8bf959-6b87-4318-911c-88038d7f0940/scripts/data_point/finalize.sh
[21:49:55.085783 DEBUG] updating permissions for /mnt/openstudio/analysis_5b8bf959-6b87-4318-911c-88038d7f0940/scripts/data_point/finalize.sh
[21:49:55.085836 DEBUG] removing DOS endings for /mnt/openstudio/analysis_5b8bf959-6b87-4318-911c-88038d7f0940/scripts/data_point/finalize.sh
[21:49:55.086074 DEBUG] running /mnt/openstudio/analysis_5b8bf959-6b87-4318-911c-88038d7f0940/scripts/data_point/finalize.sh
[21:49:55.117072 DEBUG] Script returned with exit code 0 of class Fixnum
[21:49:55.125502 INFO] Finished /opt/openstudio/server/app/jobs/dj_jobs/run_simulate_data_point.rb
