# Logfile created on 2017-09-25 16:37:57 +0000 by logger.rb/47272
[16:37:57.661016 INFO] Server host is http://web:80
[16:37:57.661095 INFO] Analysis directory is /mnt/openstudio/analysis_fe821d2c-df1e-4105-9ee6-6c7fef1463ae
[16:37:57.661135 INFO] Simulation directory is /mnt/openstudio/analysis_fe821d2c-df1e-4105-9ee6-6c7fef1463ae/data_point_92cf41bc-7399-41c3-92b4-c57bc1f5d241
[16:37:57.661155 INFO] Run datapoint type/file is workflow
[16:37:57.661174 INFO] Starting initialize_worker for datapoint 92cf41bc-7399-41c3-92b4-c57bc1f5d241
[16:37:57.661272 INFO] Downloading analysis zip from http://web:80/analyses/fe821d2c-df1e-4105-9ee6-6c7fef1463ae/download_analysis_zip
[16:39:05.392164 INFO] Extracting analysis zip to /mnt/openstudio/analysis_fe821d2c-df1e-4105-9ee6-6c7fef1463ae
[16:39:08.511336 INFO] Downloading analysis.json from http://web:80/analyses/fe821d2c-df1e-4105-9ee6-6c7fef1463ae.json
[16:39:44.363422 INFO] Found data point initialization file datapoint_init.sh.
[16:39:44.363938 INFO] Preparing to run initialization script /mnt/openstudio/analysis_fe821d2c-df1e-4105-9ee6-6c7fef1463ae/scripts/worker_initialization/datapoint_init.sh
[16:39:44.364223 INFO] Looking for argument file /mnt/openstudio/analysis_fe821d2c-df1e-4105-9ee6-6c7fef1463ae/scripts/worker_initialization/datapoint_init.args
[16:39:44.364287 INFO] argument file exists /mnt/openstudio/analysis_fe821d2c-df1e-4105-9ee6-6c7fef1463ae/scripts/worker_initialization/datapoint_init.args
[16:39:44.364475 INFO] arguments are ["https://s3.amazonaws.com/epwweatherfiles/project_resstock_efs.zip"]
[16:41:16.395958 INFO] Script returned with exit code 0 of class Fixnum
[16:41:16.396166 INFO] Finished worker initialization
[16:41:16.407386 INFO] Downloading datapoint from http://web:80/data_points/92cf41bc-7399-41c3-92b4-c57bc1f5d241.json
[16:41:16.433434 INFO] Creating Workflow Manager instance
[16:41:16.433570 INFO] Directory is /mnt/openstudio/analysis_fe821d2c-df1e-4105-9ee6-6c7fef1463ae/data_point_92cf41bc-7399-41c3-92b4-c57bc1f5d241
[16:41:16.433677 INFO] Opening run.log file '/mnt/openstudio/analysis_fe821d2c-df1e-4105-9ee6-6c7fef1463ae/data_point_92cf41bc-7399-41c3-92b4-c57bc1f5d241/run/run.log'
[16:41:16.714206 INFO] Running workflow
[16:46:50.940331 INFO] Final run state is finished
[16:46:50.970022 INFO] Saving files/reports back to the server
[16:46:50.970314 INFO] Saving report /mnt/openstudio/analysis_fe821d2c-df1e-4105-9ee6-6c7fef1463ae/data_point_92cf41bc-7399-41c3-92b4-c57bc1f5d241/reports/eplustbl.html to http://web:80/data_points/92cf41bc-7399-41c3-92b4-c57bc1f5d241/upload_file
[16:46:51.042024 INFO] Saving report responded with {"id":"59c93298a2321800caed5e07","data_point_id":"92cf41bc-7399-41c3-92b4-c57bc1f5d241","display_name":"eplustbl","type":"Report","created_at":"2017-09-25T16:45:12.891Z","updated_at":"2017-09-25T16:45:12.891Z"}
[16:46:51.042296 INFO] Saving report /mnt/openstudio/analysis_fe821d2c-df1e-4105-9ee6-6c7fef1463ae/data_point_92cf41bc-7399-41c3-92b4-c57bc1f5d241/run/objectives.json to http://web:80/data_points/92cf41bc-7399-41c3-92b4-c57bc1f5d241/upload_file
[16:46:51.075475 INFO] Saving report responded with {"id":"59c93298a2321800caed5e08","data_point_id":"92cf41bc-7399-41c3-92b4-c57bc1f5d241","display_name":"objectives","type":"Report","created_at":"2017-09-25T16:45:12.925Z","updated_at":"2017-09-25T16:45:12.925Z"}
[16:46:51.075724 INFO] Saving report /mnt/openstudio/analysis_fe821d2c-df1e-4105-9ee6-6c7fef1463ae/data_point_92cf41bc-7399-41c3-92b4-c57bc1f5d241/out.osw to http://web:80/data_points/92cf41bc-7399-41c3-92b4-c57bc1f5d241/upload_file
[16:46:51.111940 INFO] Saving report responded with {"id":"59c93298a2321800caed5e09","data_point_id":"92cf41bc-7399-41c3-92b4-c57bc1f5d241","display_name":"Final OSW File","type":"Report","created_at":"2017-09-25T16:45:12.961Z","updated_at":"2017-09-25T16:45:12.961Z"}
[16:46:51.112182 INFO] Saving report /mnt/openstudio/analysis_fe821d2c-df1e-4105-9ee6-6c7fef1463ae/data_point_92cf41bc-7399-41c3-92b4-c57bc1f5d241/in.osm to http://web:80/data_points/92cf41bc-7399-41c3-92b4-c57bc1f5d241/upload_file
[16:46:52.630068 INFO] Saving report responded with {"id":"59c93299a2321800caed5e0a","data_point_id":"92cf41bc-7399-41c3-92b4-c57bc1f5d241","display_name":"model","type":"OpenStudio Model","created_at":"2017-09-25T16:45:13.954Z","updated_at":"2017-09-25T16:45:13.954Z"}
[16:46:52.630347 INFO] Saving report /mnt/openstudio/analysis_fe821d2c-df1e-4105-9ee6-6c7fef1463ae/data_point_92cf41bc-7399-41c3-92b4-c57bc1f5d241/run/data_point.zip to http://web:80/data_points/92cf41bc-7399-41c3-92b4-c57bc1f5d241/upload_file
[16:46:53.151764 INFO] Saving report responded with {"id":"59c9329aa2321800caed5e0b","data_point_id":"92cf41bc-7399-41c3-92b4-c57bc1f5d241","display_name":"Zip File","type":"Data Point","created_at":"2017-09-25T16:45:14.526Z","updated_at":"2017-09-25T16:45:14.526Z"}
[16:46:53.152233 INFO] Found data point finalization file datapoint_final.sh.
[16:46:53.152392 INFO] Preparing to run finalization script /mnt/openstudio/analysis_fe821d2c-df1e-4105-9ee6-6c7fef1463ae/scripts/worker_finalization/datapoint_final.sh
[16:46:53.162325 INFO] Looking for argument file /mnt/openstudio/analysis_fe821d2c-df1e-4105-9ee6-6c7fef1463ae/scripts/worker_finalization/datapoint_final.args
[16:46:53.162387 INFO] argument file exists /mnt/openstudio/analysis_fe821d2c-df1e-4105-9ee6-6c7fef1463ae/scripts/worker_finalization/datapoint_final.args
[16:46:53.206614 INFO] arguments are []
[16:46:53.271906 INFO] Script returned with exit code 0 of class Fixnum
[16:46:53.272268 INFO] Saving report /mnt/openstudio/analysis_fe821d2c-df1e-4105-9ee6-6c7fef1463ae/data_point_92cf41bc-7399-41c3-92b4-c57bc1f5d241/run/datapoint_final.log to http://web:80/data_points/92cf41bc-7399-41c3-92b4-c57bc1f5d241/upload_file
[16:46:53.673172 INFO] Saving report responded with {"id":"59c9329ba2321800e4ed52e9","data_point_id":"92cf41bc-7399-41c3-92b4-c57bc1f5d241","display_name":"Finalization Script Log","type":"Report","created_at":"2017-09-25T16:45:15.456Z","updated_at":"2017-09-25T16:45:15.456Z"}
[16:46:53.688617 INFO] Finished /opt/openstudio/server/app/workers/run_simulate_data_point.rb
