Cleaning up data_point directory.
Original files:
total 21628
-rw-rw-rw- 1 root root     5490 Sep 25 16:46 92cf41bc-7399-41c3-92b4-c57bc1f5d241.log
-rw-rw-rw- 1 root root    66975 Sep 25 16:41 analysis.json
-rw-rw-rw- 1 root root     1030 Sep 25 16:41 data_point.json
-rw-rw-rw- 1 root root     2841 Sep 25 16:41 data_point.osw
-rw-rw-rw- 1 root root  4586923 Sep 25 16:44 in.idf
-rw-rw-rw- 1 root root 17316556 Sep 25 16:43 in.osm
-rw-rw-rw- 1 root root   144651 Sep 25 16:46 out.osw
drwxrwxrwx 2 root root     4096 Sep 25 16:46 reports
drwxrwxrwx 2 root root     4096 Sep 25 16:46 run
total 7456
-rw-rw-r-- 1 root root  646154 Sep 25 16:46 data_point.zip
-rw-rw-rw- 1 root root    8455 Sep 25 16:46 data_point_out.json
-rw-r--r-- 1 root root     587 Sep 25 16:46 datapoint_final.log
-rw-r--r-- 1 root root   22244 Sep 25 16:41 datapoint_init.log
-rw-rw-rw- 1 root root  835960 Sep 25 16:46 enduse_timeseries.csv
-rw-rw-rw- 1 root root      99 Sep 25 16:45 eplusout.end
-rw-rw-rw- 1 root root   34250 Sep 25 16:45 eplusout.err
-rw-rw-rw- 1 root root   53769 Sep 25 16:45 eplusout.mtd
-rw-rw-rw- 1 root root   54659 Sep 25 16:44 eplusout.rdd
-rw-rw-rw- 1 root root  420629 Sep 25 16:45 eplustbl.htm
-rw-rw-rw- 1 root root      43 Sep 25 16:46 finished.job
-rw-rw-rw- 1 root root 4586923 Sep 25 16:43 in.idf
-rw-rw-rw- 1 root root    8455 Sep 25 16:46 measure_attributes.json
-rw-rw-rw- 1 root root   26881 Sep 25 16:41 measures.osw
-rw-rw-rw- 1 root root       3 Sep 25 16:46 objectives.json
-rw-rw-rw- 1 root root    8455 Sep 25 16:46 results.json
-rw-rw-rw- 1 root root  862160 Sep 25 16:46 run.log
-rw-rw-rw- 1 root root      49 Sep 25 16:44 sqlite.err
-rw-rw-rw- 1 root root      42 Sep 25 16:41 started.job
-rw-rw-rw- 1 root root    2351 Sep 25 16:45 stdout-energyplus
-rw-rw-rw- 1 root root      91 Sep 25 16:44 stdout-expandobject
416K	data_point_92cf41bc-7399-41c3-92b4-c57bc1f5d241/reports
7.3M	data_point_92cf41bc-7399-41c3-92b4-c57bc1f5d241/run
29M	data_point_92cf41bc-7399-41c3-92b4-c57bc1f5d241
Final files:
total 236
-rw-rw-rw- 1 root root   5490 Sep 25 16:46 92cf41bc-7399-41c3-92b4-c57bc1f5d241.log
-rw-rw-rw- 1 root root  66975 Sep 25 16:41 analysis.json
-rw-rw-rw- 1 root root   1030 Sep 25 16:41 data_point.json
-rw-rw-rw- 1 root root   2841 Sep 25 16:41 data_point.osw
-rw-rw-rw- 1 root root 144651 Sep 25 16:46 out.osw
drwxrwxrwx 2 root root   4096 Sep 25 16:46 reports
drwxrwxrwx 2 root root   4096 Sep 25 16:46 run
total 1480
-rw-rw-r-- 1 root root 646154 Sep 25 16:46 data_point.zip
-rw-r--r-- 1 root root   2438 Sep 25 16:46 datapoint_final.log
-rw-r--r-- 1 root root  22244 Sep 25 16:41 datapoint_init.log
-rw-rw-rw- 1 root root 835960 Sep 25 16:46 enduse_timeseries.csv
416K	data_point_92cf41bc-7399-41c3-92b4-c57bc1f5d241/reports
1.5M	data_point_92cf41bc-7399-41c3-92b4-c57bc1f5d241/run
2.1M	data_point_92cf41bc-7399-41c3-92b4-c57bc1f5d241
