2023-08-16 22:44:44,896 - INFO - After duct correction, housing characteristics for 14 / 1147 buildings in baseline are changed: 
2023-08-16 22:44:44,896 - INFO - Note: self=original, other=new. NAN values represent no change.
2023-08-16 22:44:44,899 - INFO - 
            build_existing_model.hvac_has_ducts       build_existing_model.hvac_heating_type                     build_existing_model.hvac_cooling_type                  
                                           self other                                   self               other                                   self             other
building_id                                                                                                                                                              
64923                                       NaN   NaN                                    NaN                 NaN                             Central AC  Fan Coil Cooling
177304                                      Yes    No                       Ducted Heat Pump  Non-Ducted Heating                                    NaN               NaN
199582                                      Yes    No                         Ducted Heating  Non-Ducted Heating                                    NaN               NaN
245898                                      NaN   NaN                         Ducted Heating  Non-Ducted Heating                             Central AC  Fan Coil Cooling
316602                                      NaN   NaN                         Ducted Heating  Non-Ducted Heating                                    NaN               NaN
318461                                      NaN   NaN                       Ducted Heat Pump  Non-Ducted Heating                              Heat Pump  Fan Coil Cooling
340360                                      NaN   NaN                                    NaN                 NaN                             Central AC  Fan Coil Cooling
371635                                      NaN   NaN                                    NaN                 NaN                             Central AC  Fan Coil Cooling
388437                                      Yes    No                       Ducted Heat Pump  Non-Ducted Heating                                    NaN               NaN
392405                                      NaN   NaN                         Ducted Heating  Non-Ducted Heating                             Central AC  Fan Coil Cooling
425828                                      Yes    No                         Ducted Heating  Non-Ducted Heating                                    NaN               NaN
430063                                      Yes    No                                    NaN                 NaN                                    NaN               NaN
449819                                      Yes    No                       Ducted Heat Pump  Non-Ducted Heating                                    NaN               NaN
496042                                      NaN   NaN                       Ducted Heat Pump  Non-Ducted Heating                              Heat Pump  Fan Coil Cooling
2023-08-16 22:44:44,968 - INFO - Baseline fle updated and saved to: /Users/lliu2/Documents/GitHub/resstock/euss_cleap/data_/community_building_samples/jackson_county
2023-08-16 22:44:44,999 - INFO - 
2023-08-16 22:44:44,999 - INFO - =====================================================================================
2023-08-16 22:44:44,999 - INFO - 
>> Recalculating duct sealing applicability and costs for upgrade_no = 1...
2023-08-16 22:44:45,018 - INFO - Updating 74 upgrade_costs.option_05_cost_usd from ['30% Leakage, R-4', '30% Leakage, R-6']
2023-08-16 22:44:45,018 - INFO - 2 new_cost=0 found:
building_id
177304    0.0
449819    0.0
Name: duct_total_surface_area, dtype: float64
2023-08-16 22:44:45,019 - INFO -             build_existing_model.hvac_has_ducts  duct_total_surface_area  ... build_existing_model.hvac_cooling_efficiency build_existing_model.hvac_shared_efficiencies
building_id                                                               ...                                                                                           
177304                                       No                      0.0  ...                                    Heat Pump   Boiler Baseboards Heating Only, Electricity
449819                                       No                      0.0  ...                                    Heat Pump   Boiler Baseboards Heating Only, Electricity

[2 rows x 6 columns]
2023-08-16 22:44:45,027 - INFO - Updating 26 upgrade_costs.option_06_cost_usd from ['30% Leakage, R-8']
2023-08-16 22:44:45,030 - INFO - Updating 332 upgrade_costs.option_07_cost_usd from ['20% Leakage, Uninsulated', '20% Leakage, R-4', '20% Leakage, R-6']
2023-08-16 22:44:45,031 - INFO - 3 new_cost=0 found:
building_id
199582    0.0
388437    0.0
425828    0.0
Name: duct_total_surface_area, dtype: float64
2023-08-16 22:44:45,031 - INFO -             build_existing_model.hvac_has_ducts  duct_total_surface_area  ... build_existing_model.hvac_cooling_efficiency build_existing_model.hvac_shared_efficiencies
building_id                                                               ...                                                                                           
199582                                       No                      0.0  ...                            Room AC, EER 10.7   Boiler Baseboards Heating Only, Electricity
388437                                       No                      0.0  ...                                    Heat Pump   Boiler Baseboards Heating Only, Electricity
425828                                       No                      0.0  ...                            Room AC, EER 10.7   Boiler Baseboards Heating Only, Electricity

[3 rows x 6 columns]
2023-08-16 22:44:45,039 - INFO - Updating 39 upgrade_costs.option_08_cost_usd from ['20% Leakage, R-8']
2023-08-16 22:44:45,043 - INFO - Updating 193 upgrade_costs.option_09_cost_usd from ['10% Leakage, Uninsulated', '10% Leakage, R-4', '10% Leakage, R-6']
2023-08-16 22:44:45,047 - INFO - Dropping 1 / 5 building_id(s) whose content have been modified for duct correction.
[388437]
2023-08-16 22:44:45,047 - INFO - For these buildings, duct sealing was the only applicable component in the upgrade and it no longer applies after the correction.
2023-08-16 22:44:45,050 - INFO - After duct correction, dfu has reduced in size from 1132 to len(dfu2) rows.
2023-08-16 22:44:45,050 - INFO - Change in upgrade_costs.upgrade_cost_usd:
2023-08-16 22:44:45,052 - INFO - 
       Before Correction (excludes 0)  After Correction
count                     1117.000000       1131.000000
mean                      4370.369078       4429.119250
std                       3206.022284       3285.747643
min                        166.500000        102.668800
25%                       2067.410000       2012.682000
50%                       3893.090000       3893.090000
75%                       6005.920000       6017.376200
max                      29380.990000      31139.409600
2023-08-16 22:44:45,103 - INFO - Upgrade file updated and saved to: /Users/lliu2/Documents/GitHub/resstock/euss_cleap/data_/community_building_samples/jackson_county/up01_duct_corrected.parquet
2023-08-16 22:44:45,136 - INFO - 
2023-08-16 22:44:45,136 - INFO - =====================================================================================
2023-08-16 22:44:45,136 - INFO - 
>> Recalculating duct sealing applicability and costs for upgrade_no = 2...
2023-08-16 22:44:45,155 - INFO - Updating 74 upgrade_costs.option_05_cost_usd from ['30% Leakage, R-4', '30% Leakage, R-6']
2023-08-16 22:44:45,156 - INFO - 2 new_cost=0 found:
building_id
177304    0.0
449819    0.0
Name: duct_total_surface_area, dtype: float64
2023-08-16 22:44:45,156 - INFO -             build_existing_model.hvac_has_ducts  duct_total_surface_area  ... build_existing_model.hvac_cooling_efficiency build_existing_model.hvac_shared_efficiencies
building_id                                                               ...                                                                                           
177304                                       No                      0.0  ...                                    Heat Pump   Boiler Baseboards Heating Only, Electricity
449819                                       No                      0.0  ...                                    Heat Pump   Boiler Baseboards Heating Only, Electricity

[2 rows x 6 columns]
2023-08-16 22:44:45,165 - INFO - Updating 26 upgrade_costs.option_06_cost_usd from ['30% Leakage, R-8']
2023-08-16 22:44:45,168 - INFO - Updating 332 upgrade_costs.option_07_cost_usd from ['20% Leakage, Uninsulated', '20% Leakage, R-4', '20% Leakage, R-6']
2023-08-16 22:44:45,169 - INFO - 3 new_cost=0 found:
building_id
199582    0.0
388437    0.0
425828    0.0
Name: duct_total_surface_area, dtype: float64
2023-08-16 22:44:45,169 - INFO -             build_existing_model.hvac_has_ducts  duct_total_surface_area  ... build_existing_model.hvac_cooling_efficiency build_existing_model.hvac_shared_efficiencies
building_id                                                               ...                                                                                           
199582                                       No                      0.0  ...                            Room AC, EER 10.7   Boiler Baseboards Heating Only, Electricity
388437                                       No                      0.0  ...                                    Heat Pump   Boiler Baseboards Heating Only, Electricity
425828                                       No                      0.0  ...                            Room AC, EER 10.7   Boiler Baseboards Heating Only, Electricity

[3 rows x 6 columns]
2023-08-16 22:44:45,178 - INFO - Updating 39 upgrade_costs.option_08_cost_usd from ['20% Leakage, R-8']
2023-08-16 22:44:45,181 - INFO - Updating 193 upgrade_costs.option_09_cost_usd from ['10% Leakage, Uninsulated', '10% Leakage, R-4', '10% Leakage, R-6']
2023-08-16 22:44:45,184 - INFO - Dropping 1 / 5 building_id(s) whose content have been modified for duct correction.
[388437]
2023-08-16 22:44:45,185 - INFO - For these buildings, duct sealing was the only applicable component in the upgrade and it no longer applies after the correction.
2023-08-16 22:44:45,189 - INFO - After duct correction, dfu has reduced in size from 1138 to len(dfu2) rows.
2023-08-16 22:44:45,189 - INFO - Change in upgrade_costs.upgrade_cost_usd:
2023-08-16 22:44:45,190 - INFO - 
       Before Correction (excludes 0)  After Correction
count                     1123.000000       1137.000000
mean                      6234.273891       6269.763581
std                       4352.194514       4427.412938
min                        166.500000          0.000000
25%                       2982.570000       2955.878400
50%                       5784.750000       5784.750000
75%                       8479.955000       8516.310000
max                      38258.460000      40016.879600
2023-08-16 22:44:45,243 - INFO - Upgrade file updated and saved to: /Users/lliu2/Documents/GitHub/resstock/euss_cleap/data_/community_building_samples/jackson_county/up02_duct_corrected.parquet
2023-08-16 22:44:45,275 - INFO - 
2023-08-16 22:44:45,275 - INFO - =====================================================================================
2023-08-16 22:44:45,275 - INFO - 
>> Recalculating duct sealing applicability and costs for upgrade_no = 3...
2023-08-16 22:44:45,296 - INFO - After duct correction, dfu has reduced in size from 1144 to len(dfu2) rows.
2023-08-16 22:44:45,297 - INFO - Change in upgrade_costs.upgrade_cost_usd:
2023-08-16 22:44:45,298 - INFO - 
       Before Correction (excludes 0)  After Correction
count                     1144.000000       1144.000000
mean                     12920.265332      12920.265332
std                       9480.676489       9480.676489
min                       4880.080000       4880.080000
25%                       8120.922500       8120.922500
50%                       9908.445000       9908.445000
75%                      12974.172500      12974.172500
max                      80043.720000      80043.720000
2023-08-16 22:44:45,350 - INFO - Upgrade file updated and saved to: /Users/lliu2/Documents/GitHub/resstock/euss_cleap/data_/community_building_samples/jackson_county/up03_duct_corrected.parquet
2023-08-16 22:44:45,387 - INFO - 
2023-08-16 22:44:45,387 - INFO - =====================================================================================
2023-08-16 22:44:45,387 - INFO - 
>> Recalculating duct sealing applicability and costs for upgrade_no = 4...
2023-08-16 22:44:45,408 - INFO - After duct correction, dfu has reduced in size from 1144 to len(dfu2) rows.
2023-08-16 22:44:45,408 - INFO - Change in upgrade_costs.upgrade_cost_usd:
2023-08-16 22:44:45,409 - INFO - 
       Before Correction (excludes 0)  After Correction
count                     1144.000000       1144.000000
mean                     22350.595498      22350.595498
std                       5575.032006       5575.032006
min                       6241.990000       6241.990000
25%                      19312.002500      19312.002500
50%                      21227.965000      21227.965000
75%                      23950.582500      23950.582500
max                      64549.550000      64549.550000
2023-08-16 22:44:45,460 - INFO - Upgrade file updated and saved to: /Users/lliu2/Documents/GitHub/resstock/euss_cleap/data_/community_building_samples/jackson_county/up04_duct_corrected.parquet
2023-08-16 22:44:45,491 - INFO - 
2023-08-16 22:44:45,491 - INFO - =====================================================================================
2023-08-16 22:44:45,491 - INFO - 
>> Recalculating duct sealing applicability and costs for upgrade_no = 5...
2023-08-16 22:44:45,512 - INFO - After duct correction, dfu has reduced in size from 1135 to len(dfu2) rows.
2023-08-16 22:44:45,512 - INFO - Change in upgrade_costs.upgrade_cost_usd:
2023-08-16 22:44:45,513 - INFO - 
       Before Correction (excludes 0)  After Correction
count                     1135.000000       1135.000000
mean                     12715.536396      12715.536396
std                       9270.180407       9270.180407
min                       4880.080000       4880.080000
25%                       8003.885000       8003.885000
50%                       9733.950000       9733.950000
75%                      12801.975000      12801.975000
max                      80016.480000      80016.480000
2023-08-16 22:44:45,563 - INFO - Upgrade file updated and saved to: /Users/lliu2/Documents/GitHub/resstock/euss_cleap/data_/community_building_samples/jackson_county/up05_duct_corrected.parquet
2023-08-16 22:44:45,593 - INFO - 
2023-08-16 22:44:45,593 - INFO - =====================================================================================
2023-08-16 22:44:45,593 - INFO - 
>> Recalculating duct sealing applicability and costs for upgrade_no = 6...
2023-08-16 22:44:45,612 - INFO - After duct correction, dfu has reduced in size from 1137 to len(dfu2) rows.
2023-08-16 22:44:45,612 - INFO - Change in upgrade_costs.upgrade_cost_usd:
2023-08-16 22:44:45,613 - INFO - 
       Before Correction (excludes 0)  After Correction
count                     1137.000000       1137.000000
mean                      2514.870712       2514.870712
std                        474.040816        474.040816
min                       2242.000000       2242.000000
25%                       2242.000000       2242.000000
50%                       2242.000000       2242.000000
75%                       3088.000000       3088.000000
max                       3828.000000       3828.000000
2023-08-16 22:44:45,663 - INFO - Upgrade file updated and saved to: /Users/lliu2/Documents/GitHub/resstock/euss_cleap/data_/community_building_samples/jackson_county/up06_duct_corrected.parquet
2023-08-16 22:44:45,692 - INFO - 
2023-08-16 22:44:45,692 - INFO - =====================================================================================
2023-08-16 22:44:45,692 - INFO - 
>> Recalculating duct sealing applicability and costs for upgrade_no = 7...
2023-08-16 22:44:45,710 - INFO - After duct correction, dfu has reduced in size from 890 to len(dfu2) rows.
2023-08-16 22:44:45,710 - INFO - Change in upgrade_costs.upgrade_cost_usd:
2023-08-16 22:44:45,711 - INFO - 
       Before Correction (excludes 0)  After Correction
count                      890.000000        890.000000
mean                     15052.503022      15052.503022
std                      10763.938918      10763.938918
min                        870.000000        870.000000
25%                      10315.487500      10315.487500
50%                      13018.890000      13018.890000
75%                      16283.600000      16283.600000
max                      83974.480000      83974.480000
2023-08-16 22:44:45,757 - INFO - Upgrade file updated and saved to: /Users/lliu2/Documents/GitHub/resstock/euss_cleap/data_/community_building_samples/jackson_county/up07_duct_corrected.parquet
2023-08-16 22:44:45,786 - INFO - 
2023-08-16 22:44:45,786 - INFO - =====================================================================================
2023-08-16 22:44:45,786 - INFO - 
>> Recalculating duct sealing applicability and costs for upgrade_no = 8...
2023-08-16 22:44:45,806 - INFO - After duct correction, dfu has reduced in size from 1147 to len(dfu2) rows.
2023-08-16 22:44:45,806 - INFO - Change in upgrade_costs.upgrade_cost_usd:
2023-08-16 22:44:45,807 - INFO - 
       Before Correction (excludes 0)  After Correction
count                     1147.000000       1147.000000
mean                     28049.818003      28049.818003
std                       5979.020939       5979.020939
min                       3738.000000       3738.000000
25%                      25038.975000      25038.975000
50%                      27155.140000      27155.140000
75%                      29876.480000      29876.480000
max                      71071.690000      71071.690000
2023-08-16 22:44:45,859 - INFO - Upgrade file updated and saved to: /Users/lliu2/Documents/GitHub/resstock/euss_cleap/data_/community_building_samples/jackson_county/up08_duct_corrected.parquet
2023-08-16 22:44:45,892 - INFO - 
2023-08-16 22:44:45,892 - INFO - =====================================================================================
2023-08-16 22:44:45,892 - INFO - 
>> Recalculating duct sealing applicability and costs for upgrade_no = 9...
2023-08-16 22:44:45,912 - INFO - Updating 74 upgrade_costs.option_05_cost_usd from ['30% Leakage, R-4', '30% Leakage, R-6']
2023-08-16 22:44:45,912 - INFO - 2 new_cost=0 found:
building_id
177304    0.0
449819    0.0
Name: duct_total_surface_area, dtype: float64
2023-08-16 22:44:45,913 - INFO -             build_existing_model.hvac_has_ducts  duct_total_surface_area  ... build_existing_model.hvac_cooling_efficiency build_existing_model.hvac_shared_efficiencies
building_id                                                               ...                                                                                           
177304                                       No                      0.0  ...                                    Heat Pump   Boiler Baseboards Heating Only, Electricity
449819                                       No                      0.0  ...                                    Heat Pump   Boiler Baseboards Heating Only, Electricity

[2 rows x 6 columns]
2023-08-16 22:44:45,920 - INFO - Updating 26 upgrade_costs.option_06_cost_usd from ['30% Leakage, R-8']
2023-08-16 22:44:45,921 - INFO - Updating 332 upgrade_costs.option_07_cost_usd from ['20% Leakage, Uninsulated', '20% Leakage, R-4', '20% Leakage, R-6']
2023-08-16 22:44:45,922 - INFO - 3 new_cost=0 found:
building_id
199582    0.0
388437    0.0
425828    0.0
Name: duct_total_surface_area, dtype: float64
2023-08-16 22:44:45,922 - INFO -             build_existing_model.hvac_has_ducts  duct_total_surface_area  ... build_existing_model.hvac_cooling_efficiency build_existing_model.hvac_shared_efficiencies
building_id                                                               ...                                                                                           
199582                                       No                      0.0  ...                            Room AC, EER 10.7   Boiler Baseboards Heating Only, Electricity
388437                                       No                      0.0  ...                                    Heat Pump   Boiler Baseboards Heating Only, Electricity
425828                                       No                      0.0  ...                            Room AC, EER 10.7   Boiler Baseboards Heating Only, Electricity

[3 rows x 6 columns]
2023-08-16 22:44:45,930 - INFO - Updating 39 upgrade_costs.option_08_cost_usd from ['20% Leakage, R-8']
2023-08-16 22:44:45,931 - INFO - Updating 193 upgrade_costs.option_09_cost_usd from ['10% Leakage, Uninsulated', '10% Leakage, R-4', '10% Leakage, R-6']
2023-08-16 22:44:45,935 - INFO - Dropping 0 / 5 building_id(s) whose content have been modified for duct correction.
[]
2023-08-16 22:44:45,935 - INFO - For these buildings, duct sealing was the only applicable component in the upgrade and it no longer applies after the correction.
2023-08-16 22:44:45,940 - INFO - After duct correction, dfu has reduced in size from 1147 to len(dfu2) rows.
2023-08-16 22:44:45,940 - INFO - Change in upgrade_costs.upgrade_cost_usd:
2023-08-16 22:44:45,941 - INFO - 
       Before Correction (excludes 0)  After Correction
count                     1147.000000       1147.000000
mean                     29776.936443      29891.365998
std                       6442.759288       6508.894736
min                       3738.000000       3738.000000
25%                      26087.365000      26166.218000
50%                      29175.920000      29225.440000
75%                      32357.755000      32491.446600
max                      72425.420000      72425.420000
2023-08-16 22:44:46,006 - INFO - Upgrade file updated and saved to: /Users/lliu2/Documents/GitHub/resstock/euss_cleap/data_/community_building_samples/jackson_county/up09_duct_corrected.parquet
2023-08-16 22:44:46,040 - INFO - 
2023-08-16 22:44:46,040 - INFO - =====================================================================================
2023-08-16 22:44:46,040 - INFO - 
>> Recalculating duct sealing applicability and costs for upgrade_no = 10...
2023-08-16 22:44:46,060 - INFO - Updating 74 upgrade_costs.option_05_cost_usd from ['30% Leakage, R-4', '30% Leakage, R-6']
2023-08-16 22:44:46,060 - INFO - 2 new_cost=0 found:
building_id
177304    0.0
449819    0.0
Name: duct_total_surface_area, dtype: float64
2023-08-16 22:44:46,061 - INFO -             build_existing_model.hvac_has_ducts  duct_total_surface_area  ... build_existing_model.hvac_cooling_efficiency build_existing_model.hvac_shared_efficiencies
building_id                                                               ...                                                                                           
177304                                       No                      0.0  ...                                    Heat Pump   Boiler Baseboards Heating Only, Electricity
449819                                       No                      0.0  ...                                    Heat Pump   Boiler Baseboards Heating Only, Electricity

[2 rows x 6 columns]
2023-08-16 22:44:46,068 - INFO - Updating 26 upgrade_costs.option_06_cost_usd from ['30% Leakage, R-8']
2023-08-16 22:44:46,070 - INFO - Updating 332 upgrade_costs.option_07_cost_usd from ['20% Leakage, Uninsulated', '20% Leakage, R-4', '20% Leakage, R-6']
2023-08-16 22:44:46,070 - INFO - 3 new_cost=0 found:
building_id
199582    0.0
388437    0.0
425828    0.0
Name: duct_total_surface_area, dtype: float64
2023-08-16 22:44:46,070 - INFO -             build_existing_model.hvac_has_ducts  duct_total_surface_area  ... build_existing_model.hvac_cooling_efficiency build_existing_model.hvac_shared_efficiencies
building_id                                                               ...                                                                                           
199582                                       No                      0.0  ...                            Room AC, EER 10.7   Boiler Baseboards Heating Only, Electricity
388437                                       No                      0.0  ...                                    Heat Pump   Boiler Baseboards Heating Only, Electricity
425828                                       No                      0.0  ...                            Room AC, EER 10.7   Boiler Baseboards Heating Only, Electricity

[3 rows x 6 columns]
2023-08-16 22:44:46,077 - INFO - Updating 39 upgrade_costs.option_08_cost_usd from ['20% Leakage, R-8']
2023-08-16 22:44:46,078 - INFO - Updating 193 upgrade_costs.option_09_cost_usd from ['10% Leakage, Uninsulated', '10% Leakage, R-4', '10% Leakage, R-6']
2023-08-16 22:44:46,082 - INFO - Dropping 0 / 5 building_id(s) whose content have been modified for duct correction.
[]
2023-08-16 22:44:46,082 - INFO - For these buildings, duct sealing was the only applicable component in the upgrade and it no longer applies after the correction.
2023-08-16 22:44:46,086 - INFO - After duct correction, dfu has reduced in size from 1147 to len(dfu2) rows.
2023-08-16 22:44:46,086 - INFO - Change in upgrade_costs.upgrade_cost_usd:
2023-08-16 22:44:46,088 - INFO - 
       Before Correction (excludes 0)  After Correction
count                     1147.000000       1147.000000
mean                     30605.421421      30719.850976
std                       6966.655900       7037.548609
min                       3738.000000       3738.000000
25%                      26365.265000      26393.350000
50%                      29891.280000      29925.016000
75%                      33964.680000      34052.240000
max                      72967.690000      73673.999600
2023-08-16 22:44:46,143 - INFO - Upgrade file updated and saved to: /Users/lliu2/Documents/GitHub/resstock/euss_cleap/data_/community_building_samples/jackson_county/up10_duct_corrected.parquet
