2023-08-16 22:44:11,213 - INFO - Adding envelope metrics to jackson_county
2023-08-16 22:44:13,218 - INFO - 
                       code-compliant above-average below-average
Frame Wall (R-value)            >= 30    < 30, >= 7           < 7
Masonry Wall (R-value)           >= 8     < 8, >= 5           < 5
Ceiling/Roof (R-value)          >= 60   < 60, >= 14          < 14
Air Leakage (ACH50)              <= 3    > 3, <= 20          > 20
2023-08-16 22:44:13,224 - INFO - 
combined_envelope_rating  wall_rating     ceiling_roof_rating  infiltration_rating
above-average             above-average   above-average        above-average          354
                                                               code-compliant           8
                          code-compliant  above-average        above-average           64
                                                               code-compliant           1
below-average             above-average   above-average        below-average           90
                                          below-average        above-average           29
                                                               below-average           17
                                                               code-compliant           1
                          below-average   above-average        above-average          214
                                                               below-average          210
                                          below-average        above-average           72
                                                               below-average           67
                                                               code-compliant           2
                          code-compliant  above-average        below-average            7
                                          below-average        above-average           10
                                                               below-average            1
Name: count, dtype: int64
