# Logfile created on 2017-09-25 16:37:52 +0000 by logger.rb/47272
[16:37:52.422449 INFO] Server host is http://web:80
[16:37:52.422550 INFO] Analysis directory is /mnt/openstudio/analysis_fe821d2c-df1e-4105-9ee6-6c7fef1463ae
[16:37:52.422631 INFO] Simulation directory is /mnt/openstudio/analysis_fe821d2c-df1e-4105-9ee6-6c7fef1463ae/data_point_22c35b36-b884-4456-a28e-20db0b13adcf
[16:37:52.422682 INFO] Run datapoint type/file is workflow
[16:37:52.422733 INFO] Starting initialize_worker for datapoint 22c35b36-b884-4456-a28e-20db0b13adcf
[16:37:52.422824 INFO] receipt_file already exists, moving on
[16:37:52.430223 INFO] Downloading datapoint from http://web:80/data_points/22c35b36-b884-4456-a28e-20db0b13adcf.json
[16:37:52.445139 INFO] Creating Workflow Manager instance
[16:37:52.445222 INFO] Directory is /mnt/openstudio/analysis_fe821d2c-df1e-4105-9ee6-6c7fef1463ae/data_point_22c35b36-b884-4456-a28e-20db0b13adcf
[16:37:52.445286 INFO] Opening run.log file '/mnt/openstudio/analysis_fe821d2c-df1e-4105-9ee6-6c7fef1463ae/data_point_22c35b36-b884-4456-a28e-20db0b13adcf/run/run.log'
[16:37:52.497076 INFO] Running workflow
[16:40:45.629816 INFO] Final run state is finished
[16:40:45.653229 INFO] Saving files/reports back to the server
[16:40:45.653401 INFO] Saving report /mnt/openstudio/analysis_fe821d2c-df1e-4105-9ee6-6c7fef1463ae/data_point_22c35b36-b884-4456-a28e-20db0b13adcf/reports/eplustbl.html to http://web:80/data_points/22c35b36-b884-4456-a28e-20db0b13adcf/upload_file
[16:40:45.730877 INFO] Saving report responded with {"id":"59c9312ba2321800d2ed5794","data_point_id":"22c35b36-b884-4456-a28e-20db0b13adcf","display_name":"eplustbl","type":"Report","created_at":"2017-09-25T16:39:07.555Z","updated_at":"2017-09-25T16:39:07.555Z"}
[16:40:45.731083 INFO] Saving report /mnt/openstudio/analysis_fe821d2c-df1e-4105-9ee6-6c7fef1463ae/data_point_22c35b36-b884-4456-a28e-20db0b13adcf/run/objectives.json to http://web:80/data_points/22c35b36-b884-4456-a28e-20db0b13adcf/upload_file
[16:40:45.893875 INFO] Saving report responded with {"id":"59c9312ba2321800d2ed5795","data_point_id":"22c35b36-b884-4456-a28e-20db0b13adcf","display_name":"objectives","type":"Report","created_at":"2017-09-25T16:39:07.742Z","updated_at":"2017-09-25T16:39:07.742Z"}
[16:40:45.894153 INFO] Saving report /mnt/openstudio/analysis_fe821d2c-df1e-4105-9ee6-6c7fef1463ae/data_point_22c35b36-b884-4456-a28e-20db0b13adcf/out.osw to http://web:80/data_points/22c35b36-b884-4456-a28e-20db0b13adcf/upload_file
[16:40:45.930787 INFO] Saving report responded with {"id":"59c9312ba2321800d2ed5796","data_point_id":"22c35b36-b884-4456-a28e-20db0b13adcf","display_name":"Final OSW File","type":"Report","created_at":"2017-09-25T16:39:07.775Z","updated_at":"2017-09-25T16:39:07.775Z"}
[16:40:45.931022 INFO] Saving report /mnt/openstudio/analysis_fe821d2c-df1e-4105-9ee6-6c7fef1463ae/data_point_22c35b36-b884-4456-a28e-20db0b13adcf/in.osm to http://web:80/data_points/22c35b36-b884-4456-a28e-20db0b13adcf/upload_file
[16:40:53.023818 INFO] Saving report responded with {"id":"59c93132a2321800caed5c09","data_point_id":"22c35b36-b884-4456-a28e-20db0b13adcf","display_name":"model","type":"OpenStudio Model","created_at":"2017-09-25T16:39:14.797Z","updated_at":"2017-09-25T16:39:14.797Z"}
[16:40:53.024541 INFO] Saving report /mnt/openstudio/analysis_fe821d2c-df1e-4105-9ee6-6c7fef1463ae/data_point_22c35b36-b884-4456-a28e-20db0b13adcf/run/data_point.zip to http://web:80/data_points/22c35b36-b884-4456-a28e-20db0b13adcf/upload_file
[16:40:53.073279 INFO] Saving report responded with {"id":"59c93132a2321800caed5c0a","data_point_id":"22c35b36-b884-4456-a28e-20db0b13adcf","display_name":"Zip File","type":"Data Point","created_at":"2017-09-25T16:39:14.923Z","updated_at":"2017-09-25T16:39:14.923Z"}
[16:40:53.073960 INFO] Found data point finalization file datapoint_final.sh.
[16:40:53.074209 INFO] Preparing to run finalization script /mnt/openstudio/analysis_fe821d2c-df1e-4105-9ee6-6c7fef1463ae/scripts/worker_finalization/datapoint_final.sh
[16:40:53.212770 INFO] Looking for argument file /mnt/openstudio/analysis_fe821d2c-df1e-4105-9ee6-6c7fef1463ae/scripts/worker_finalization/datapoint_final.args
[16:40:53.212913 INFO] argument file exists /mnt/openstudio/analysis_fe821d2c-df1e-4105-9ee6-6c7fef1463ae/scripts/worker_finalization/datapoint_final.args
[16:40:53.346701 INFO] arguments are []
[16:40:53.423342 INFO] Script returned with exit code 0 of class Fixnum
[16:40:53.423611 INFO] Saving report /mnt/openstudio/analysis_fe821d2c-df1e-4105-9ee6-6c7fef1463ae/data_point_22c35b36-b884-4456-a28e-20db0b13adcf/run/datapoint_final.log to http://web:80/data_points/22c35b36-b884-4456-a28e-20db0b13adcf/upload_file
[16:40:53.448324 INFO] Saving report responded with {"id":"59c93133a2321800caed5c0b","data_point_id":"22c35b36-b884-4456-a28e-20db0b13adcf","display_name":"Finalization Script Log","type":"Report","created_at":"2017-09-25T16:39:15.298Z","updated_at":"2017-09-25T16:39:15.298Z"}
[16:40:53.459954 INFO] Finished /opt/openstudio/server/app/workers/run_simulate_data_point.rb
