Cleaning up data_point directory.
Original files:
total 21684
-rw-rw-rw- 1 root root     4385 Sep 25 16:40 22c35b36-b884-4456-a28e-20db0b13adcf.log
-rw-rw-rw- 1 root root    66975 Sep 25 16:37 analysis.json
-rw-rw-rw- 1 root root     1030 Sep 25 16:37 data_point.json
-rw-rw-rw- 1 root root     2841 Sep 25 16:37 data_point.osw
-rw-rw-rw- 1 root root  4606841 Sep 25 16:38 in.idf
-rw-rw-rw- 1 root root 17346424 Sep 25 16:38 in.osm
-rw-rw-rw- 1 root root   153218 Sep 25 16:40 out.osw
drwxrwxrwx 2 root root     4096 Sep 25 16:40 reports
drwxrwxrwx 2 root root     4096 Sep 25 16:40 run
total 7332
-rw-rw-r-- 1 root root  589849 Sep 25 16:40 data_point.zip
-rw-rw-rw- 1 root root    8451 Sep 25 16:40 data_point_out.json
-rw-r--r-- 1 root root     587 Sep 25 16:40 datapoint_final.log
-rw-rw-rw- 1 root root  736244 Sep 25 16:40 enduse_timeseries.csv
-rw-rw-rw- 1 root root     102 Sep 25 16:39 eplusout.end
-rw-rw-rw- 1 root root   37134 Sep 25 16:39 eplusout.err
-rw-rw-rw- 1 root root   54461 Sep 25 16:39 eplusout.mtd
-rw-rw-rw- 1 root root   54736 Sep 25 16:38 eplusout.rdd
-rw-rw-rw- 1 root root  442787 Sep 25 16:39 eplustbl.htm
-rw-rw-rw- 1 root root      43 Sep 25 16:40 finished.job
-rw-rw-rw- 1 root root 4606841 Sep 25 16:38 in.idf
-rw-rw-rw- 1 root root    8451 Sep 25 16:40 measure_attributes.json
-rw-rw-rw- 1 root root   27050 Sep 25 16:37 measures.osw
-rw-rw-rw- 1 root root       3 Sep 25 16:40 objectives.json
-rw-rw-rw- 1 root root    8451 Sep 25 16:40 results.json
-rw-rw-rw- 1 root root  868090 Sep 25 16:40 run.log
-rw-rw-rw- 1 root root      49 Sep 25 16:38 sqlite.err
-rw-rw-rw- 1 root root      42 Sep 25 16:37 started.job
-rw-rw-rw- 1 root root    2351 Sep 25 16:39 stdout-energyplus
-rw-rw-rw- 1 root root      91 Sep 25 16:38 stdout-expandobject
440K	data_point_22c35b36-b884-4456-a28e-20db0b13adcf/reports
7.2M	data_point_22c35b36-b884-4456-a28e-20db0b13adcf/run
29M	data_point_22c35b36-b884-4456-a28e-20db0b13adcf
Final files:
total 244
-rw-rw-rw- 1 root root   4385 Sep 25 16:40 22c35b36-b884-4456-a28e-20db0b13adcf.log
-rw-rw-rw- 1 root root  66975 Sep 25 16:37 analysis.json
-rw-rw-rw- 1 root root   1030 Sep 25 16:37 data_point.json
-rw-rw-rw- 1 root root   2841 Sep 25 16:37 data_point.osw
-rw-rw-rw- 1 root root 153218 Sep 25 16:40 out.osw
drwxrwxrwx 2 root root   4096 Sep 25 16:40 reports
drwxrwxrwx 2 root root   4096 Sep 25 16:40 run
total 1304
-rw-rw-r-- 1 root root 589849 Sep 25 16:40 data_point.zip
-rw-r--r-- 1 root root   2375 Sep 25 16:40 datapoint_final.log
-rw-rw-rw- 1 root root 736244 Sep 25 16:40 enduse_timeseries.csv
440K	data_point_22c35b36-b884-4456-a28e-20db0b13adcf/reports
1.3M	data_point_22c35b36-b884-4456-a28e-20db0b13adcf/run
2.0M	data_point_22c35b36-b884-4456-a28e-20db0b13adcf
