# Logfile created on 2017-09-25 16:35:42 +0000 by logger.rb/47272
[16:35:42.955324 INFO] Server host is http://web:80
[16:35:42.955408 INFO] Analysis directory is /mnt/openstudio/analysis_fe821d2c-df1e-4105-9ee6-6c7fef1463ae
[16:35:42.955461 INFO] Simulation directory is /mnt/openstudio/analysis_fe821d2c-df1e-4105-9ee6-6c7fef1463ae/data_point_6f6a7ca5-dd57-4437-aabe-ce5baaa850b7
[16:35:42.955494 INFO] Run datapoint type/file is workflow
[16:35:42.955520 INFO] Starting initialize_worker for datapoint 6f6a7ca5-dd57-4437-aabe-ce5baaa850b7
[16:35:42.955570 INFO] receipt_file already exists, moving on
[16:35:42.989540 INFO] Downloading datapoint from http://web:80/data_points/6f6a7ca5-dd57-4437-aabe-ce5baaa850b7.json
[16:35:43.005789 INFO] Creating Workflow Manager instance
[16:35:43.005888 INFO] Directory is /mnt/openstudio/analysis_fe821d2c-df1e-4105-9ee6-6c7fef1463ae/data_point_6f6a7ca5-dd57-4437-aabe-ce5baaa850b7
[16:35:43.005969 INFO] Opening run.log file '/mnt/openstudio/analysis_fe821d2c-df1e-4105-9ee6-6c7fef1463ae/data_point_6f6a7ca5-dd57-4437-aabe-ce5baaa850b7/run/run.log'
[16:35:43.019441 INFO] Running workflow
[16:39:06.764974 INFO] Final run state is finished
[16:39:06.786445 INFO] Saving files/reports back to the server
[16:39:06.786662 INFO] Saving report /mnt/openstudio/analysis_fe821d2c-df1e-4105-9ee6-6c7fef1463ae/data_point_6f6a7ca5-dd57-4437-aabe-ce5baaa850b7/reports/eplustbl.html to http://web:80/data_points/6f6a7ca5-dd57-4437-aabe-ce5baaa850b7/upload_file
[16:39:06.830708 INFO] Saving report responded with {"id":"59c9312aa2321800caed5bf3","data_point_id":"6f6a7ca5-dd57-4437-aabe-ce5baaa850b7","display_name":"eplustbl","type":"Report","created_at":"2017-09-25T16:39:06.816Z","updated_at":"2017-09-25T16:39:06.816Z"}
[16:39:06.830891 INFO] Saving report /mnt/openstudio/analysis_fe821d2c-df1e-4105-9ee6-6c7fef1463ae/data_point_6f6a7ca5-dd57-4437-aabe-ce5baaa850b7/run/objectives.json to http://web:80/data_points/6f6a7ca5-dd57-4437-aabe-ce5baaa850b7/upload_file
[16:39:06.851694 INFO] Saving report responded with {"id":"59c9312aa2321800caed5bf4","data_point_id":"6f6a7ca5-dd57-4437-aabe-ce5baaa850b7","display_name":"objectives","type":"Report","created_at":"2017-09-25T16:39:06.843Z","updated_at":"2017-09-25T16:39:06.843Z"}
[16:39:06.851874 INFO] Saving report /mnt/openstudio/analysis_fe821d2c-df1e-4105-9ee6-6c7fef1463ae/data_point_6f6a7ca5-dd57-4437-aabe-ce5baaa850b7/out.osw to http://web:80/data_points/6f6a7ca5-dd57-4437-aabe-ce5baaa850b7/upload_file
[16:39:06.880058 INFO] Saving report responded with {"id":"59c9312aa2321800caed5bf5","data_point_id":"6f6a7ca5-dd57-4437-aabe-ce5baaa850b7","display_name":"Final OSW File","type":"Report","created_at":"2017-09-25T16:39:06.871Z","updated_at":"2017-09-25T16:39:06.871Z"}
[16:39:06.880268 INFO] Saving report /mnt/openstudio/analysis_fe821d2c-df1e-4105-9ee6-6c7fef1463ae/data_point_6f6a7ca5-dd57-4437-aabe-ce5baaa850b7/in.osm to http://web:80/data_points/6f6a7ca5-dd57-4437-aabe-ce5baaa850b7/upload_file
[16:39:07.585312 INFO] Saving report responded with {"id":"59c9312ba2321800caed5bf6","data_point_id":"6f6a7ca5-dd57-4437-aabe-ce5baaa850b7","display_name":"model","type":"OpenStudio Model","created_at":"2017-09-25T16:39:07.499Z","updated_at":"2017-09-25T16:39:07.499Z"}
[16:39:07.585563 INFO] Saving report /mnt/openstudio/analysis_fe821d2c-df1e-4105-9ee6-6c7fef1463ae/data_point_6f6a7ca5-dd57-4437-aabe-ce5baaa850b7/run/data_point.zip to http://web:80/data_points/6f6a7ca5-dd57-4437-aabe-ce5baaa850b7/upload_file
[16:39:07.628203 INFO] Saving report responded with {"id":"59c9312ba2321800caed5bf7","data_point_id":"6f6a7ca5-dd57-4437-aabe-ce5baaa850b7","display_name":"Zip File","type":"Data Point","created_at":"2017-09-25T16:39:07.618Z","updated_at":"2017-09-25T16:39:07.618Z"}
[16:39:07.628867 INFO] Found data point finalization file datapoint_final.sh.
[16:39:07.629048 INFO] Preparing to run finalization script /mnt/openstudio/analysis_fe821d2c-df1e-4105-9ee6-6c7fef1463ae/scripts/worker_finalization/datapoint_final.sh
[16:39:07.629425 INFO] Looking for argument file /mnt/openstudio/analysis_fe821d2c-df1e-4105-9ee6-6c7fef1463ae/scripts/worker_finalization/datapoint_final.args
[16:39:07.629485 INFO] argument file exists /mnt/openstudio/analysis_fe821d2c-df1e-4105-9ee6-6c7fef1463ae/scripts/worker_finalization/datapoint_final.args
[16:39:07.629699 INFO] arguments are []
[16:39:07.687786 INFO] Script returned with exit code 0 of class Fixnum
[16:39:07.692808 INFO] Saving report /mnt/openstudio/analysis_fe821d2c-df1e-4105-9ee6-6c7fef1463ae/data_point_6f6a7ca5-dd57-4437-aabe-ce5baaa850b7/run/datapoint_final.log to http://web:80/data_points/6f6a7ca5-dd57-4437-aabe-ce5baaa850b7/upload_file
[16:39:07.737593 INFO] Saving report responded with {"id":"59c9312ba2321800caed5bf8","data_point_id":"6f6a7ca5-dd57-4437-aabe-ce5baaa850b7","display_name":"Finalization Script Log","type":"Report","created_at":"2017-09-25T16:39:07.714Z","updated_at":"2017-09-25T16:39:07.714Z"}
[16:39:07.745831 INFO] Finished /opt/openstudio/server/app/workers/run_simulate_data_point.rb
