Cleaning up data_point directory.
Original files:
total 21620
-rw-rw-rw- 1 root root     4385 Sep 25 16:39 6f6a7ca5-dd57-4437-aabe-ce5baaa850b7.log
-rw-rw-rw- 1 root root    66975 Sep 25 16:35 analysis.json
-rw-rw-rw- 1 root root     1030 Sep 25 16:35 data_point.json
-rw-rw-rw- 1 root root     2841 Sep 25 16:35 data_point.osw
-rw-rw-rw- 1 root root  4578518 Sep 25 16:36 in.idf
-rw-rw-rw- 1 root root 17307931 Sep 25 16:36 in.osm
-rw-rw-rw- 1 root root   153486 Sep 25 16:39 out.osw
drwxrwxrwx 2 root root     4096 Sep 25 16:39 reports
drwxrwxrwx 2 root root     4096 Sep 25 16:39 run
total 7260
-rw-rw-r-- 1 root root  589164 Sep 25 16:39 data_point.zip
-rw-rw-rw- 1 root root    8403 Sep 25 16:39 data_point_out.json
-rw-r--r-- 1 root root     587 Sep 25 16:39 datapoint_final.log
-rw-rw-rw- 1 root root  699990 Sep 25 16:39 enduse_timeseries.csv
-rw-rw-rw- 1 root root      99 Sep 25 16:37 eplusout.end
-rw-rw-rw- 1 root root   35904 Sep 25 16:37 eplusout.err
-rw-rw-rw- 1 root root   53736 Sep 25 16:37 eplusout.mtd
-rw-rw-rw- 1 root root   48257 Sep 25 16:37 eplusout.rdd
-rw-rw-rw- 1 root root  443610 Sep 25 16:37 eplustbl.htm
-rw-rw-rw- 1 root root      43 Sep 25 16:39 finished.job
-rw-rw-rw- 1 root root 4578518 Sep 25 16:36 in.idf
-rw-rw-rw- 1 root root    8403 Sep 25 16:39 measure_attributes.json
-rw-rw-rw- 1 root root   26858 Sep 25 16:35 measures.osw
-rw-rw-rw- 1 root root       3 Sep 25 16:39 objectives.json
-rw-rw-rw- 1 root root    8403 Sep 25 16:39 results.json
-rw-rw-rw- 1 root root  869529 Sep 25 16:39 run.log
-rw-rw-rw- 1 root root      49 Sep 25 16:37 sqlite.err
-rw-rw-rw- 1 root root      42 Sep 25 16:35 started.job
-rw-rw-rw- 1 root root    2381 Sep 25 16:37 stdout-energyplus
-rw-rw-rw- 1 root root      91 Sep 25 16:37 stdout-expandobject
7.1M	data_point_6f6a7ca5-dd57-4437-aabe-ce5baaa850b7/run
440K	data_point_6f6a7ca5-dd57-4437-aabe-ce5baaa850b7/reports
29M	data_point_6f6a7ca5-dd57-4437-aabe-ce5baaa850b7
Final files:
total 244
-rw-rw-rw- 1 root root   4385 Sep 25 16:39 6f6a7ca5-dd57-4437-aabe-ce5baaa850b7.log
-rw-rw-rw- 1 root root  66975 Sep 25 16:35 analysis.json
-rw-rw-rw- 1 root root   1030 Sep 25 16:35 data_point.json
-rw-rw-rw- 1 root root   2841 Sep 25 16:35 data_point.osw
-rw-rw-rw- 1 root root 153486 Sep 25 16:39 out.osw
drwxrwxrwx 2 root root   4096 Sep 25 16:39 reports
drwxrwxrwx 2 root root   4096 Sep 25 16:39 run
total 1264
-rw-rw-r-- 1 root root 589164 Sep 25 16:39 data_point.zip
-rw-r--r-- 1 root root   2375 Sep 25 16:39 datapoint_final.log
-rw-rw-rw- 1 root root 699990 Sep 25 16:39 enduse_timeseries.csv
1.3M	data_point_6f6a7ca5-dd57-4437-aabe-ce5baaa850b7/run
440K	data_point_6f6a7ca5-dd57-4437-aabe-ce5baaa850b7/reports
2.0M	data_point_6f6a7ca5-dd57-4437-aabe-ce5baaa850b7
