Cleaning up data_point directory.
Original files:
total 21696
-rw-rw-rw- 1 root root    66975 Sep 25 16:39 analysis.json
-rw-rw-rw- 1 root root     1030 Sep 25 16:39 data_point.json
-rw-rw-rw- 1 root root     2841 Sep 25 16:39 data_point.osw
-rw-rw-rw- 1 root root     4385 Sep 25 16:43 e1f56b72-6557-4524-98e5-5a0ad6426803.log
-rw-rw-rw- 1 root root  4615326 Sep 25 16:40 in.idf
-rw-rw-rw- 1 root root 17353296 Sep 25 16:39 in.osm
-rw-rw-rw- 1 root root   149547 Sep 25 16:43 out.osw
drwxrwxrwx 2 root root     4096 Sep 25 16:43 reports
drwxrwxrwx 2 root root     4096 Sep 25 16:43 run
total 7488
-rw-rw-r-- 1 root root  626596 Sep 25 16:43 data_point.zip
-rw-rw-rw- 1 root root    8376 Sep 25 16:43 data_point_out.json
-rw-r--r-- 1 root root     587 Sep 25 16:43 datapoint_final.log
-rw-rw-rw- 1 root root  785368 Sep 25 16:43 enduse_timeseries.csv
-rw-rw-rw- 1 root root     102 Sep 25 16:41 eplusout.end
-rw-rw-rw- 1 root root   34471 Sep 25 16:41 eplusout.err
-rw-rw-rw- 1 root root   54517 Sep 25 16:41 eplusout.mtd
-rw-rw-rw- 1 root root   55122 Sep 25 16:40 eplusout.rdd
-rw-rw-rw- 1 root root  514001 Sep 25 16:41 eplustbl.htm
-rw-rw-rw- 1 root root      43 Sep 25 16:43 finished.job
-rw-rw-rw- 1 root root 4615326 Sep 25 16:40 in.idf
-rw-rw-rw- 1 root root    8376 Sep 25 16:43 measure_attributes.json
-rw-rw-rw- 1 root root   27412 Sep 25 16:39 measures.osw
-rw-rw-rw- 1 root root       3 Sep 25 16:43 objectives.json
-rw-rw-rw- 1 root root    8376 Sep 25 16:43 results.json
-rw-rw-rw- 1 root root  866767 Sep 25 16:43 run.log
-rw-rw-rw- 1 root root      49 Sep 25 16:40 sqlite.err
-rw-rw-rw- 1 root root      42 Sep 25 16:39 started.job
-rw-rw-rw- 1 root root    2336 Sep 25 16:41 stdout-energyplus
-rw-rw-rw- 1 root root      91 Sep 25 16:40 stdout-expandobject
7.4M	data_point_e1f56b72-6557-4524-98e5-5a0ad6426803/run
508K	data_point_e1f56b72-6557-4524-98e5-5a0ad6426803/reports
29M	data_point_e1f56b72-6557-4524-98e5-5a0ad6426803
Final files:
total 240
-rw-rw-rw- 1 root root  66975 Sep 25 16:39 analysis.json
-rw-rw-rw- 1 root root   1030 Sep 25 16:39 data_point.json
-rw-rw-rw- 1 root root   2841 Sep 25 16:39 data_point.osw
-rw-rw-rw- 1 root root   4385 Sep 25 16:43 e1f56b72-6557-4524-98e5-5a0ad6426803.log
-rw-rw-rw- 1 root root 149547 Sep 25 16:43 out.osw
drwxrwxrwx 2 root root   4096 Sep 25 16:43 reports
drwxrwxrwx 2 root root   4096 Sep 25 16:43 run
total 1384
-rw-rw-r-- 1 root root 626596 Sep 25 16:43 data_point.zip
-rw-r--r-- 1 root root   2375 Sep 25 16:43 datapoint_final.log
-rw-rw-rw- 1 root root 785368 Sep 25 16:43 enduse_timeseries.csv
1.4M	data_point_e1f56b72-6557-4524-98e5-5a0ad6426803/run
508K	data_point_e1f56b72-6557-4524-98e5-5a0ad6426803/reports
2.1M	data_point_e1f56b72-6557-4524-98e5-5a0ad6426803
