# Logfile created on 2017-09-25 16:39:02 +0000 by logger.rb/47272
[16:39:02.120833 INFO] Server host is http://web:80
[16:39:02.120919 INFO] Analysis directory is /mnt/openstudio/analysis_fe821d2c-df1e-4105-9ee6-6c7fef1463ae
[16:39:02.120986 INFO] Simulation directory is /mnt/openstudio/analysis_fe821d2c-df1e-4105-9ee6-6c7fef1463ae/data_point_e1f56b72-6557-4524-98e5-5a0ad6426803
[16:39:02.121026 INFO] Run datapoint type/file is workflow
[16:39:02.121065 INFO] Starting initialize_worker for datapoint e1f56b72-6557-4524-98e5-5a0ad6426803
[16:39:02.121141 INFO] receipt_file already exists, moving on
[16:39:02.128256 INFO] Downloading datapoint from http://web:80/data_points/e1f56b72-6557-4524-98e5-5a0ad6426803.json
[16:39:02.141602 INFO] Creating Workflow Manager instance
[16:39:02.141686 INFO] Directory is /mnt/openstudio/analysis_fe821d2c-df1e-4105-9ee6-6c7fef1463ae/data_point_e1f56b72-6557-4524-98e5-5a0ad6426803
[16:39:02.141754 INFO] Opening run.log file '/mnt/openstudio/analysis_fe821d2c-df1e-4105-9ee6-6c7fef1463ae/data_point_e1f56b72-6557-4524-98e5-5a0ad6426803/run/run.log'
[16:39:02.155328 INFO] Running workflow
[16:43:03.326855 INFO] Final run state is finished
[16:43:03.348575 INFO] Saving files/reports back to the server
[16:43:03.348844 INFO] Saving report /mnt/openstudio/analysis_fe821d2c-df1e-4105-9ee6-6c7fef1463ae/data_point_e1f56b72-6557-4524-98e5-5a0ad6426803/reports/eplustbl.html to http://web:80/data_points/e1f56b72-6557-4524-98e5-5a0ad6426803/upload_file
[16:43:03.381311 INFO] Saving report responded with {"id":"59c93217a2321800d2ed57f9","data_point_id":"e1f56b72-6557-4524-98e5-5a0ad6426803","display_name":"eplustbl","type":"Report","created_at":"2017-09-25T16:43:03.372Z","updated_at":"2017-09-25T16:43:03.372Z"}
[16:43:03.381521 INFO] Saving report /mnt/openstudio/analysis_fe821d2c-df1e-4105-9ee6-6c7fef1463ae/data_point_e1f56b72-6557-4524-98e5-5a0ad6426803/run/objectives.json to http://web:80/data_points/e1f56b72-6557-4524-98e5-5a0ad6426803/upload_file
[16:43:03.403154 INFO] Saving report responded with {"id":"59c93217a2321800d2ed57fa","data_point_id":"e1f56b72-6557-4524-98e5-5a0ad6426803","display_name":"objectives","type":"Report","created_at":"2017-09-25T16:43:03.396Z","updated_at":"2017-09-25T16:43:03.396Z"}
[16:43:03.403305 INFO] Saving report /mnt/openstudio/analysis_fe821d2c-df1e-4105-9ee6-6c7fef1463ae/data_point_e1f56b72-6557-4524-98e5-5a0ad6426803/out.osw to http://web:80/data_points/e1f56b72-6557-4524-98e5-5a0ad6426803/upload_file
[16:43:03.425749 INFO] Saving report responded with {"id":"59c93217a2321800d2ed57fb","data_point_id":"e1f56b72-6557-4524-98e5-5a0ad6426803","display_name":"Final OSW File","type":"Report","created_at":"2017-09-25T16:43:03.418Z","updated_at":"2017-09-25T16:43:03.418Z"}
[16:43:03.425896 INFO] Saving report /mnt/openstudio/analysis_fe821d2c-df1e-4105-9ee6-6c7fef1463ae/data_point_e1f56b72-6557-4524-98e5-5a0ad6426803/in.osm to http://web:80/data_points/e1f56b72-6557-4524-98e5-5a0ad6426803/upload_file
[16:43:04.411746 INFO] Saving report responded with {"id":"59c93218a2321800d2ed57fc","data_point_id":"e1f56b72-6557-4524-98e5-5a0ad6426803","display_name":"model","type":"OpenStudio Model","created_at":"2017-09-25T16:43:04.291Z","updated_at":"2017-09-25T16:43:04.291Z"}
[16:43:04.411970 INFO] Saving report /mnt/openstudio/analysis_fe821d2c-df1e-4105-9ee6-6c7fef1463ae/data_point_e1f56b72-6557-4524-98e5-5a0ad6426803/run/data_point.zip to http://web:80/data_points/e1f56b72-6557-4524-98e5-5a0ad6426803/upload_file
[16:43:04.510816 INFO] Saving report responded with {"id":"59c93218a2321800d2ed57fd","data_point_id":"e1f56b72-6557-4524-98e5-5a0ad6426803","display_name":"Zip File","type":"Data Point","created_at":"2017-09-25T16:43:04.497Z","updated_at":"2017-09-25T16:43:04.497Z"}
[16:43:04.511129 INFO] Found data point finalization file datapoint_final.sh.
[16:43:04.511336 INFO] Preparing to run finalization script /mnt/openstudio/analysis_fe821d2c-df1e-4105-9ee6-6c7fef1463ae/scripts/worker_finalization/datapoint_final.sh
[16:43:04.511568 INFO] Looking for argument file /mnt/openstudio/analysis_fe821d2c-df1e-4105-9ee6-6c7fef1463ae/scripts/worker_finalization/datapoint_final.args
[16:43:04.511638 INFO] argument file exists /mnt/openstudio/analysis_fe821d2c-df1e-4105-9ee6-6c7fef1463ae/scripts/worker_finalization/datapoint_final.args
[16:43:04.511856 INFO] arguments are []
[16:43:04.567233 INFO] Script returned with exit code 0 of class Fixnum
[16:43:04.567511 INFO] Saving report /mnt/openstudio/analysis_fe821d2c-df1e-4105-9ee6-6c7fef1463ae/data_point_e1f56b72-6557-4524-98e5-5a0ad6426803/run/datapoint_final.log to http://web:80/data_points/e1f56b72-6557-4524-98e5-5a0ad6426803/upload_file
[16:43:04.612344 INFO] Saving report responded with {"id":"59c93218a2321800d2ed57fe","data_point_id":"e1f56b72-6557-4524-98e5-5a0ad6426803","display_name":"Finalization Script Log","type":"Report","created_at":"2017-09-25T16:43:04.592Z","updated_at":"2017-09-25T16:43:04.592Z"}
[16:43:04.620517 INFO] Finished /opt/openstudio/server/app/workers/run_simulate_data_point.rb
