# Logfile created on 2017-09-25 16:35:42 +0000 by logger.rb/47272
[16:35:42.997993 INFO] Server host is http://web:80
[16:35:42.998061 INFO] Analysis directory is /mnt/openstudio/analysis_fe821d2c-df1e-4105-9ee6-6c7fef1463ae
[16:35:42.998108 INFO] Simulation directory is /mnt/openstudio/analysis_fe821d2c-df1e-4105-9ee6-6c7fef1463ae/data_point_452ee01e-1bc6-499c-a3e7-5911becf7f1a
[16:35:42.998135 INFO] Run datapoint type/file is workflow
[16:35:42.998158 INFO] Starting initialize_worker for datapoint 452ee01e-1bc6-499c-a3e7-5911becf7f1a
[16:35:42.998207 INFO] receipt_file already exists, moving on
[16:35:43.004583 INFO] Downloading datapoint from http://web:80/data_points/452ee01e-1bc6-499c-a3e7-5911becf7f1a.json
[16:35:43.017799 INFO] Creating Workflow Manager instance
[16:35:43.017861 INFO] Directory is /mnt/openstudio/analysis_fe821d2c-df1e-4105-9ee6-6c7fef1463ae/data_point_452ee01e-1bc6-499c-a3e7-5911becf7f1a
[16:35:43.017908 INFO] Opening run.log file '/mnt/openstudio/analysis_fe821d2c-df1e-4105-9ee6-6c7fef1463ae/data_point_452ee01e-1bc6-499c-a3e7-5911becf7f1a/run/run.log'
[16:35:43.027275 INFO] Running workflow
[16:40:04.212824 INFO] Final run state is finished
[16:40:04.252324 INFO] Saving files/reports back to the server
[16:40:04.258402 INFO] Saving report /mnt/openstudio/analysis_fe821d2c-df1e-4105-9ee6-6c7fef1463ae/data_point_452ee01e-1bc6-499c-a3e7-5911becf7f1a/reports/eplustbl.html to http://web:80/data_points/452ee01e-1bc6-499c-a3e7-5911becf7f1a/upload_file
[16:40:04.316825 INFO] Saving report responded with {"id":"59c93164a2321800dced544a","data_point_id":"452ee01e-1bc6-499c-a3e7-5911becf7f1a","display_name":"eplustbl","type":"Report","created_at":"2017-09-25T16:40:04.305Z","updated_at":"2017-09-25T16:40:04.305Z"}
[16:40:04.317202 INFO] Saving report /mnt/openstudio/analysis_fe821d2c-df1e-4105-9ee6-6c7fef1463ae/data_point_452ee01e-1bc6-499c-a3e7-5911becf7f1a/run/objectives.json to http://web:80/data_points/452ee01e-1bc6-499c-a3e7-5911becf7f1a/upload_file
[16:40:04.369770 INFO] Saving report responded with {"id":"59c93164a2321800dced544b","data_point_id":"452ee01e-1bc6-499c-a3e7-5911becf7f1a","display_name":"objectives","type":"Report","created_at":"2017-09-25T16:40:04.334Z","updated_at":"2017-09-25T16:40:04.334Z"}
[16:40:04.370082 INFO] Saving report /mnt/openstudio/analysis_fe821d2c-df1e-4105-9ee6-6c7fef1463ae/data_point_452ee01e-1bc6-499c-a3e7-5911becf7f1a/out.osw to http://web:80/data_points/452ee01e-1bc6-499c-a3e7-5911becf7f1a/upload_file
[16:40:04.446815 INFO] Saving report responded with {"id":"59c93164a2321800caed5c7d","data_point_id":"452ee01e-1bc6-499c-a3e7-5911becf7f1a","display_name":"Final OSW File","type":"Report","created_at":"2017-09-25T16:40:04.393Z","updated_at":"2017-09-25T16:40:04.393Z"}
[16:40:04.447129 INFO] Saving report /mnt/openstudio/analysis_fe821d2c-df1e-4105-9ee6-6c7fef1463ae/data_point_452ee01e-1bc6-499c-a3e7-5911becf7f1a/in.osm to http://web:80/data_points/452ee01e-1bc6-499c-a3e7-5911becf7f1a/upload_file
[16:40:05.276816 INFO] Saving report responded with {"id":"59c93165a2321800caed5c7f","data_point_id":"452ee01e-1bc6-499c-a3e7-5911becf7f1a","display_name":"model","type":"OpenStudio Model","created_at":"2017-09-25T16:40:05.172Z","updated_at":"2017-09-25T16:40:05.172Z"}
[16:40:05.277187 INFO] Saving report /mnt/openstudio/analysis_fe821d2c-df1e-4105-9ee6-6c7fef1463ae/data_point_452ee01e-1bc6-499c-a3e7-5911becf7f1a/run/data_point.zip to http://web:80/data_points/452ee01e-1bc6-499c-a3e7-5911becf7f1a/upload_file
[16:40:05.339985 INFO] Saving report responded with {"id":"59c93165a2321800caed5c80","data_point_id":"452ee01e-1bc6-499c-a3e7-5911becf7f1a","display_name":"Zip File","type":"Data Point","created_at":"2017-09-25T16:40:05.328Z","updated_at":"2017-09-25T16:40:05.328Z"}
[16:40:05.340519 INFO] Found data point finalization file datapoint_final.sh.
[16:40:05.340711 INFO] Preparing to run finalization script /mnt/openstudio/analysis_fe821d2c-df1e-4105-9ee6-6c7fef1463ae/scripts/worker_finalization/datapoint_final.sh
[16:40:05.341087 INFO] Looking for argument file /mnt/openstudio/analysis_fe821d2c-df1e-4105-9ee6-6c7fef1463ae/scripts/worker_finalization/datapoint_final.args
[16:40:05.341167 INFO] argument file exists /mnt/openstudio/analysis_fe821d2c-df1e-4105-9ee6-6c7fef1463ae/scripts/worker_finalization/datapoint_final.args
[16:40:05.341370 INFO] arguments are []
[16:40:05.400643 INFO] Script returned with exit code 0 of class Fixnum
[16:40:05.400974 INFO] Saving report /mnt/openstudio/analysis_fe821d2c-df1e-4105-9ee6-6c7fef1463ae/data_point_452ee01e-1bc6-499c-a3e7-5911becf7f1a/run/datapoint_final.log to http://web:80/data_points/452ee01e-1bc6-499c-a3e7-5911becf7f1a/upload_file
[16:40:05.434839 INFO] Saving report responded with {"id":"59c93165a2321800caed5c81","data_point_id":"452ee01e-1bc6-499c-a3e7-5911becf7f1a","display_name":"Finalization Script Log","type":"Report","created_at":"2017-09-25T16:40:05.414Z","updated_at":"2017-09-25T16:40:05.414Z"}
[16:40:05.474813 INFO] Finished /opt/openstudio/server/app/workers/run_simulate_data_point.rb
