Cleaning up data_point directory.
Original files:
total 21688
-rw-rw-rw- 1 root root     4385 Sep 25 16:40 452ee01e-1bc6-499c-a3e7-5911becf7f1a.log
-rw-rw-rw- 1 root root    66975 Sep 25 16:35 analysis.json
-rw-rw-rw- 1 root root     1030 Sep 25 16:35 data_point.json
-rw-rw-rw- 1 root root     2841 Sep 25 16:35 data_point.osw
-rw-rw-rw- 1 root root  4611755 Sep 25 16:36 in.idf
-rw-rw-rw- 1 root root 17349431 Sep 25 16:36 in.osm
-rw-rw-rw- 1 root root   148968 Sep 25 16:40 out.osw
drwxrwxrwx 2 root root     4096 Sep 25 16:40 reports
drwxrwxrwx 2 root root     4096 Sep 25 16:40 run
total 7580
-rw-rw-r-- 1 root root  611961 Sep 25 16:40 data_point.zip
-rw-rw-rw- 1 root root    8438 Sep 25 16:40 data_point_out.json
-rw-r--r-- 1 root root     587 Sep 25 16:40 datapoint_final.log
-rw-rw-rw- 1 root root  900824 Sep 25 16:40 enduse_timeseries.csv
-rw-rw-rw- 1 root root     102 Sep 25 16:38 eplusout.end
-rw-rw-rw- 1 root root   34024 Sep 25 16:38 eplusout.err
-rw-rw-rw- 1 root root   55818 Sep 25 16:38 eplusout.mtd
-rw-rw-rw- 1 root root   55498 Sep 25 16:37 eplusout.rdd
-rw-rw-rw- 1 root root  508022 Sep 25 16:38 eplustbl.htm
-rw-rw-rw- 1 root root      43 Sep 25 16:40 finished.job
-rw-rw-rw- 1 root root 4611755 Sep 25 16:36 in.idf
-rw-rw-rw- 1 root root    8438 Sep 25 16:40 measure_attributes.json
-rw-rw-rw- 1 root root   27595 Sep 25 16:35 measures.osw
-rw-rw-rw- 1 root root       3 Sep 25 16:40 objectives.json
-rw-rw-rw- 1 root root    8438 Sep 25 16:40 results.json
-rw-rw-rw- 1 root root  866594 Sep 25 16:40 run.log
-rw-rw-rw- 1 root root      49 Sep 25 16:37 sqlite.err
-rw-rw-rw- 1 root root      42 Sep 25 16:35 started.job
-rw-rw-rw- 1 root root    2336 Sep 25 16:38 stdout-energyplus
-rw-rw-rw- 1 root root      91 Sep 25 16:37 stdout-expandobject
7.5M	data_point_452ee01e-1bc6-499c-a3e7-5911becf7f1a/run
504K	data_point_452ee01e-1bc6-499c-a3e7-5911becf7f1a/reports
30M	data_point_452ee01e-1bc6-499c-a3e7-5911becf7f1a
Final files:
total 240
-rw-rw-rw- 1 root root   4385 Sep 25 16:40 452ee01e-1bc6-499c-a3e7-5911becf7f1a.log
-rw-rw-rw- 1 root root  66975 Sep 25 16:35 analysis.json
-rw-rw-rw- 1 root root   1030 Sep 25 16:35 data_point.json
-rw-rw-rw- 1 root root   2841 Sep 25 16:35 data_point.osw
-rw-rw-rw- 1 root root 148968 Sep 25 16:40 out.osw
drwxrwxrwx 2 root root   4096 Sep 25 16:40 reports
drwxrwxrwx 2 root root   4096 Sep 25 16:40 run
total 1484
-rw-rw-r-- 1 root root 611961 Sep 25 16:40 data_point.zip
-rw-r--r-- 1 root root   2375 Sep 25 16:40 datapoint_final.log
-rw-rw-rw- 1 root root 900824 Sep 25 16:40 enduse_timeseries.csv
1.5M	data_point_452ee01e-1bc6-499c-a3e7-5911becf7f1a/run
504K	data_point_452ee01e-1bc6-499c-a3e7-5911becf7f1a/reports
2.2M	data_point_452ee01e-1bc6-499c-a3e7-5911becf7f1a
