# Logfile created on 2017-09-25 16:17:22 +0000 by logger.rb/47272
[16:17:22.358138 INFO] Server host is http://web:80
[16:17:22.358241 INFO] Analysis directory is /mnt/openstudio/analysis_fe821d2c-df1e-4105-9ee6-6c7fef1463ae
[16:17:22.358326 INFO] Simulation directory is /mnt/openstudio/analysis_fe821d2c-df1e-4105-9ee6-6c7fef1463ae/data_point_8655df2d-969f-493f-a33d-7f7b0d493b97
[16:17:22.358373 INFO] Run datapoint type/file is workflow
[16:17:22.358428 INFO] Starting initialize_worker for datapoint 8655df2d-969f-493f-a33d-7f7b0d493b97
[16:17:22.358510 INFO] receipt_file already exists, moving on
[16:17:24.391317 INFO] Downloading datapoint from http://web:80/data_points/8655df2d-969f-493f-a33d-7f7b0d493b97.json
[16:17:24.442298 INFO] Creating Workflow Manager instance
[16:17:24.442372 INFO] Directory is /mnt/openstudio/analysis_fe821d2c-df1e-4105-9ee6-6c7fef1463ae/data_point_8655df2d-969f-493f-a33d-7f7b0d493b97
[16:17:24.442416 INFO] Opening run.log file '/mnt/openstudio/analysis_fe821d2c-df1e-4105-9ee6-6c7fef1463ae/data_point_8655df2d-969f-493f-a33d-7f7b0d493b97/run/run.log'
[16:17:24.451383 INFO] Running workflow
[16:20:12.041806 INFO] Final run state is finished
[16:20:12.059121 ERROR] /opt/openstudio/server/app/workers/run_simulate_data_point.rb failed with Broken pipe, /usr/local/bundle/gems/mongo-2.4.3/lib/mongo/socket.rb:203:in `rescue in handle_errors'
/usr/local/bundle/gems/mongo-2.4.3/lib/mongo/socket.rb:198:in `handle_errors'
/usr/local/bundle/gems/mongo-2.4.3/lib/mongo/socket.rb:157:in `write'
/usr/local/bundle/gems/mongo-2.4.3/lib/mongo/server/connection.rb:214:in `block in write'
/usr/local/bundle/gems/mongo-2.4.3/lib/mongo/server/connectable.rb:85:in `ensure_connected'
/usr/local/bundle/gems/mongo-2.4.3/lib/mongo/server/connection.rb:214:in `write'
/usr/local/bundle/gems/mongo-2.4.3/lib/mongo/server/connection.rb:176:in `deliver'
/usr/local/bundle/gems/mongo-2.4.3/lib/mongo/server/connection.rb:108:in `block in dispatch'
/usr/local/bundle/gems/mongo-2.4.3/lib/mongo/monitoring/publishable.rb:47:in `publish_command'
/usr/local/bundle/gems/mongo-2.4.3/lib/mongo/server/connection.rb:107:in `dispatch'
/usr/local/bundle/gems/mongo-2.4.3/lib/mongo/operation/write/command/writable.rb:39:in `block in execute'
/usr/local/bundle/gems/mongo-2.4.3/lib/mongo/server/connection_pool.rb:107:in `with_connection'
/usr/local/bundle/gems/mongo-2.4.3/lib/mongo/server.rb:247:in `with_connection'
/usr/local/bundle/gems/mongo-2.4.3/lib/mongo/operation/write/command/writable.rb:38:in `execute'
/usr/local/bundle/gems/mongo-2.4.3/lib/mongo/operation/write/write_command_enabled.rb:57:in `execute_write_command'
/usr/local/bundle/gems/mongo-2.4.3/lib/mongo/operation/write/write_command_enabled.rb:41:in `execute'
/usr/local/bundle/gems/mongo-2.4.3/lib/mongo/collection/view/writable.rb:244:in `block in update'
/usr/local/bundle/gems/mongo-2.4.3/lib/mongo/retryable.rb:104:in `write_with_retry'
/usr/local/bundle/gems/mongo-2.4.3/lib/mongo/collection/view/writable.rb:234:in `update'
/usr/local/bundle/gems/mongo-2.4.3/lib/mongo/collection/view/writable.rb:209:in `update_one'
/usr/local/bundle/gems/mongoid-5.1.6/lib/mongoid/query_cache.rb:182:in `update_one_with_clear_cache'
/usr/local/bundle/gems/mongoid-5.1.6/lib/mongoid/persistable/updatable.rb:144:in `block in update_document'
/usr/local/bundle/gems/mongoid-5.1.6/lib/mongoid/persistable/updatable.rb:118:in `block (2 levels) in prepare_update'
/usr/local/bundle/gems/activesupport-4.2.0/lib/active_support/callbacks.rb:117:in `call'
/usr/local/bundle/gems/activesupport-4.2.0/lib/active_support/callbacks.rb:117:in `call'
/usr/local/bundle/gems/activesupport-4.2.0/lib/active_support/callbacks.rb:169:in `block in halting'
/usr/local/bundle/gems/activesupport-4.2.0/lib/active_support/callbacks.rb:92:in `call'
/usr/local/bundle/gems/activesupport-4.2.0/lib/active_support/callbacks.rb:92:in `_run_callbacks'
/usr/local/bundle/gems/activesupport-4.2.0/lib/active_support/callbacks.rb:734:in `_run_update_callbacks'
/usr/local/bundle/gems/activesupport-4.2.0/lib/active_support/callbacks.rb:81:in `run_callbacks'
/usr/local/bundle/gems/mongoid-5.1.6/lib/mongoid/interceptable.rb:138:in `run_callbacks'
/usr/local/bundle/gems/mongoid-5.1.6/lib/mongoid/persistable/updatable.rb:117:in `block in prepare_update'
/usr/local/bundle/gems/activesupport-4.2.0/lib/active_support/callbacks.rb:88:in `call'
/usr/local/bundle/gems/activesupport-4.2.0/lib/active_support/callbacks.rb:88:in `_run_callbacks'
/usr/local/bundle/gems/activesupport-4.2.0/lib/active_support/callbacks.rb:734:in `_run_save_callbacks'
/usr/local/bundle/gems/activesupport-4.2.0/lib/active_support/callbacks.rb:81:in `run_callbacks'
/usr/local/bundle/gems/mongoid-5.1.6/lib/mongoid/interceptable.rb:138:in `run_callbacks'
/usr/local/bundle/gems/mongoid-5.1.6/lib/mongoid/persistable/updatable.rb:116:in `prepare_update'
/usr/local/bundle/gems/mongoid-5.1.6/lib/mongoid/persistable/updatable.rb:139:in `update_document'
/usr/local/bundle/gems/mongoid-5.1.6/lib/mongoid/persistable/savable.rb:25:in `save'
/usr/local/bundle/gems/mongoid-5.1.6/lib/mongoid/persistable/updatable.rb:52:in `update'
/opt/openstudio/server/app/workers/run_simulate_data_point.rb:208:in `perform'
/usr/local/bundle/gems/delayed_job-4.1.3/lib/delayed/performable_method.rb:26:in `perform'
/usr/local/bundle/gems/delayed_job-4.1.3/lib/delayed/backend/base.rb:81:in `block in invoke_job'
/usr/local/bundle/gems/delayed_job-4.1.3/lib/delayed/lifecycle.rb:61:in `call'
/usr/local/bundle/gems/delayed_job-4.1.3/lib/delayed/lifecycle.rb:61:in `block in initialize'
/usr/local/bundle/gems/delayed_job-4.1.3/lib/delayed/lifecycle.rb:66:in `call'
/usr/local/bundle/gems/delayed_job-4.1.3/lib/delayed/lifecycle.rb:66:in `execute'
/usr/local/bundle/gems/delayed_job-4.1.3/lib/delayed/lifecycle.rb:40:in `run_callbacks'
/usr/local/bundle/gems/delayed_job-4.1.3/lib/delayed/backend/base.rb:78:in `invoke_job'
/usr/local/bundle/gems/delayed_job-4.1.3/lib/delayed/worker.rb:230:in `block (2 levels) in run'
/usr/local/lib/ruby/2.2.0/timeout.rb:88:in `block in timeout'
/usr/local/lib/ruby/2.2.0/timeout.rb:98:in `call'
/usr/local/lib/ruby/2.2.0/timeout.rb:98:in `timeout'
/usr/local/bundle/gems/delayed_job-4.1.3/lib/delayed/worker.rb:230:in `block in run'
/usr/local/lib/ruby/2.2.0/benchmark.rb:303:in `realtime'
/usr/local/bundle/gems/delayed_job-4.1.3/lib/delayed/worker.rb:229:in `run'
/usr/local/bundle/gems/delayed_job-4.1.3/lib/delayed/worker.rb:312:in `block in reserve_and_run_one_job'
/usr/local/bundle/gems/delayed_job-4.1.3/lib/delayed/lifecycle.rb:61:in `call'
/usr/local/bundle/gems/delayed_job-4.1.3/lib/delayed/lifecycle.rb:61:in `block in initialize'
/usr/local/bundle/gems/delayed_job-4.1.3/lib/delayed/lifecycle.rb:66:in `call'
/usr/local/bundle/gems/delayed_job-4.1.3/lib/delayed/lifecycle.rb:66:in `execute'
/usr/local/bundle/gems/delayed_job-4.1.3/lib/delayed/lifecycle.rb:40:in `run_callbacks'
/usr/local/bundle/gems/delayed_job-4.1.3/lib/delayed/worker.rb:312:in `reserve_and_run_one_job'
/usr/local/bundle/gems/delayed_job-4.1.3/lib/delayed/worker.rb:213:in `block in work_off'
/usr/local/bundle/gems/delayed_job-4.1.3/lib/delayed/worker.rb:212:in `times'
/usr/local/bundle/gems/delayed_job-4.1.3/lib/delayed/worker.rb:212:in `work_off'
/usr/local/bundle/gems/delayed_job-4.1.3/lib/delayed/worker.rb:175:in `block (4 levels) in start'
/usr/local/lib/ruby/2.2.0/benchmark.rb:303:in `realtime'
/usr/local/bundle/gems/delayed_job-4.1.3/lib/delayed/worker.rb:174:in `block (3 levels) in start'
/usr/local/bundle/gems/delayed_job-4.1.3/lib/delayed/lifecycle.rb:61:in `call'
/usr/local/bundle/gems/delayed_job-4.1.3/lib/delayed/lifecycle.rb:61:in `block in initialize'
/usr/local/bundle/gems/delayed_job-4.1.3/lib/delayed/lifecycle.rb:66:in `call'
/usr/local/bundle/gems/delayed_job-4.1.3/lib/delayed/lifecycle.rb:66:in `execute'
/usr/local/bundle/gems/delayed_job-4.1.3/lib/delayed/lifecycle.rb:40:in `run_callbacks'
/usr/local/bundle/gems/delayed_job-4.1.3/lib/delayed/worker.rb:173:in `block (2 levels) in start'
/usr/local/bundle/gems/delayed_job-4.1.3/lib/delayed/worker.rb:172:in `loop'
/usr/local/bundle/gems/delayed_job-4.1.3/lib/delayed/worker.rb:172:in `block in start'
/usr/local/bundle/gems/delayed_job-4.1.3/lib/delayed/plugins/clear_locks.rb:7:in `call'
/usr/local/bundle/gems/delayed_job-4.1.3/lib/delayed/plugins/clear_locks.rb:7:in `block (2 levels) in <class:ClearLocks>'
/usr/local/bundle/gems/delayed_job-4.1.3/lib/delayed/lifecycle.rb:79:in `call'
/usr/local/bundle/gems/delayed_job-4.1.3/lib/delayed/lifecycle.rb:79:in `block (2 levels) in add'
/usr/local/bundle/gems/delayed_job-4.1.3/lib/delayed/lifecycle.rb:61:in `call'
/usr/local/bundle/gems/delayed_job-4.1.3/lib/delayed/lifecycle.rb:61:in `block in initialize'
/usr/local/bundle/gems/delayed_job-4.1.3/lib/delayed/lifecycle.rb:79:in `call'
/usr/local/bundle/gems/delayed_job-4.1.3/lib/delayed/lifecycle.rb:79:in `block in add'
/usr/local/bundle/gems/delayed_job-4.1.3/lib/delayed/lifecycle.rb:66:in `call'
/usr/local/bundle/gems/delayed_job-4.1.3/lib/delayed/lifecycle.rb:66:in `execute'
/usr/local/bundle/gems/delayed_job-4.1.3/lib/delayed/lifecycle.rb:40:in `run_callbacks'
/usr/local/bundle/gems/delayed_job-4.1.3/lib/delayed/worker.rb:171:in `start'
/usr/local/bundle/gems/delayed_job-4.1.3/lib/delayed/command.rb:137:in `run'
/usr/local/bundle/gems/delayed_job-4.1.3/lib/delayed/command.rb:125:in `block in run_process'
/usr/local/bundle/gems/daemons-1.2.4/lib/daemons/application.rb:266:in `call'
/usr/local/bundle/gems/daemons-1.2.4/lib/daemons/application.rb:266:in `block in start_proc'
/usr/local/bundle/gems/daemons-1.2.4/lib/daemons/application.rb:275:in `call'
/usr/local/bundle/gems/daemons-1.2.4/lib/daemons/application.rb:275:in `start_proc'
/usr/local/bundle/gems/daemons-1.2.4/lib/daemons/application.rb:296:in `start'
/usr/local/bundle/gems/daemons-1.2.4/lib/daemons/controller.rb:59:in `run'
/usr/local/bundle/gems/daemons-1.2.4/lib/daemons.rb:197:in `block in run_proc'
/usr/local/bundle/gems/daemons-1.2.4/lib/daemons/cmdline.rb:92:in `call'
/usr/local/bundle/gems/daemons-1.2.4/lib/daemons/cmdline.rb:92:in `catch_exceptions'
/usr/local/bundle/gems/daemons-1.2.4/lib/daemons.rb:196:in `run_proc'
/usr/local/bundle/gems/delayed_job-4.1.3/lib/delayed/command.rb:123:in `run_process'
/usr/local/bundle/gems/delayed_job-4.1.3/lib/delayed/command.rb:98:in `daemonize'
/opt/openstudio/server/bin/delayed_job:6:in `<main>'
[16:20:12.077411 INFO] Finished /opt/openstudio/server/app/workers/run_simulate_data_point.rb
