# Logfile created on 2017-09-25 16:37:59 +0000 by logger.rb/47272
[16:37:59.104211 INFO] Server host is http://web:80
[16:37:59.104300 INFO] Analysis directory is /mnt/openstudio/analysis_fe821d2c-df1e-4105-9ee6-6c7fef1463ae
[16:37:59.104371 INFO] Simulation directory is /mnt/openstudio/analysis_fe821d2c-df1e-4105-9ee6-6c7fef1463ae/data_point_c156c72b-7c08-494f-95f9-d157266a847b
[16:37:59.104409 INFO] Run datapoint type/file is workflow
[16:37:59.104445 INFO] Starting initialize_worker for datapoint c156c72b-7c08-494f-95f9-d157266a847b
[16:37:59.104617 INFO] Downloading analysis zip from http://web:80/analyses/fe821d2c-df1e-4105-9ee6-6c7fef1463ae/download_analysis_zip
[16:39:25.146142 INFO] Extracting analysis zip to /mnt/openstudio/analysis_fe821d2c-df1e-4105-9ee6-6c7fef1463ae
[16:39:28.898402 INFO] Downloading analysis.json from http://web:80/analyses/fe821d2c-df1e-4105-9ee6-6c7fef1463ae.json
[16:39:45.728321 INFO] Found data point initialization file datapoint_init.sh.
[16:39:45.728495 INFO] Preparing to run initialization script /mnt/openstudio/analysis_fe821d2c-df1e-4105-9ee6-6c7fef1463ae/scripts/worker_initialization/datapoint_init.sh
[16:39:45.728756 INFO] Looking for argument file /mnt/openstudio/analysis_fe821d2c-df1e-4105-9ee6-6c7fef1463ae/scripts/worker_initialization/datapoint_init.args
[16:39:45.728808 INFO] argument file exists /mnt/openstudio/analysis_fe821d2c-df1e-4105-9ee6-6c7fef1463ae/scripts/worker_initialization/datapoint_init.args
[16:39:45.728945 INFO] arguments are ["https://s3.amazonaws.com/epwweatherfiles/project_resstock_efs.zip"]
[16:41:26.365533 INFO] Script returned with exit code 0 of class Fixnum
[16:41:26.365737 INFO] Finished worker initialization
[16:41:26.380169 INFO] Downloading datapoint from http://web:80/data_points/c156c72b-7c08-494f-95f9-d157266a847b.json
[16:41:26.407558 INFO] Creating Workflow Manager instance
[16:41:26.407658 INFO] Directory is /mnt/openstudio/analysis_fe821d2c-df1e-4105-9ee6-6c7fef1463ae/data_point_c156c72b-7c08-494f-95f9-d157266a847b
[16:41:26.407743 INFO] Opening run.log file '/mnt/openstudio/analysis_fe821d2c-df1e-4105-9ee6-6c7fef1463ae/data_point_c156c72b-7c08-494f-95f9-d157266a847b/run/run.log'
[16:41:26.581339 INFO] Running workflow
[16:47:06.572125 INFO] Final run state is finished
[16:47:06.762251 INFO] Saving files/reports back to the server
[16:47:06.762627 INFO] Saving report /mnt/openstudio/analysis_fe821d2c-df1e-4105-9ee6-6c7fef1463ae/data_point_c156c72b-7c08-494f-95f9-d157266a847b/reports/eplustbl.html to http://web:80/data_points/c156c72b-7c08-494f-95f9-d157266a847b/upload_file
[16:47:07.002077 INFO] Saving report responded with {"id":"59c932a8a2321800caed5e1c","data_point_id":"c156c72b-7c08-494f-95f9-d157266a847b","display_name":"eplustbl","type":"Report","created_at":"2017-09-25T16:45:28.852Z","updated_at":"2017-09-25T16:45:28.852Z"}
[16:47:07.002450 INFO] Saving report /mnt/openstudio/analysis_fe821d2c-df1e-4105-9ee6-6c7fef1463ae/data_point_c156c72b-7c08-494f-95f9-d157266a847b/run/objectives.json to http://web:80/data_points/c156c72b-7c08-494f-95f9-d157266a847b/upload_file
[16:47:07.032143 INFO] Saving report responded with {"id":"59c932a8a2321800caed5e1d","data_point_id":"c156c72b-7c08-494f-95f9-d157266a847b","display_name":"objectives","type":"Report","created_at":"2017-09-25T16:45:28.883Z","updated_at":"2017-09-25T16:45:28.883Z"}
[16:47:07.032454 INFO] Saving report /mnt/openstudio/analysis_fe821d2c-df1e-4105-9ee6-6c7fef1463ae/data_point_c156c72b-7c08-494f-95f9-d157266a847b/out.osw to http://web:80/data_points/c156c72b-7c08-494f-95f9-d157266a847b/upload_file
[16:47:07.081742 INFO] Saving report responded with {"id":"59c932a8a2321800caed5e1e","data_point_id":"c156c72b-7c08-494f-95f9-d157266a847b","display_name":"Final OSW File","type":"Report","created_at":"2017-09-25T16:45:28.932Z","updated_at":"2017-09-25T16:45:28.932Z"}
[16:47:07.082043 INFO] Saving report /mnt/openstudio/analysis_fe821d2c-df1e-4105-9ee6-6c7fef1463ae/data_point_c156c72b-7c08-494f-95f9-d157266a847b/in.osm to http://web:80/data_points/c156c72b-7c08-494f-95f9-d157266a847b/upload_file
[16:47:07.895168 INFO] Saving report responded with {"id":"59c932a9a2321800caed5e1f","data_point_id":"c156c72b-7c08-494f-95f9-d157266a847b","display_name":"model","type":"OpenStudio Model","created_at":"2017-09-25T16:45:29.655Z","updated_at":"2017-09-25T16:45:29.655Z"}
[16:47:07.895550 INFO] Saving report /mnt/openstudio/analysis_fe821d2c-df1e-4105-9ee6-6c7fef1463ae/data_point_c156c72b-7c08-494f-95f9-d157266a847b/run/data_point.zip to http://web:80/data_points/c156c72b-7c08-494f-95f9-d157266a847b/upload_file
[16:47:07.968025 INFO] Saving report responded with {"id":"59c932a9a2321800caed5e20","data_point_id":"c156c72b-7c08-494f-95f9-d157266a847b","display_name":"Zip File","type":"Data Point","created_at":"2017-09-25T16:45:29.813Z","updated_at":"2017-09-25T16:45:29.813Z"}
[16:47:07.968542 INFO] Found data point finalization file datapoint_final.sh.
[16:47:07.968780 INFO] Preparing to run finalization script /mnt/openstudio/analysis_fe821d2c-df1e-4105-9ee6-6c7fef1463ae/scripts/worker_finalization/datapoint_final.sh
[16:47:08.017912 INFO] Looking for argument file /mnt/openstudio/analysis_fe821d2c-df1e-4105-9ee6-6c7fef1463ae/scripts/worker_finalization/datapoint_final.args
[16:47:08.018009 INFO] argument file exists /mnt/openstudio/analysis_fe821d2c-df1e-4105-9ee6-6c7fef1463ae/scripts/worker_finalization/datapoint_final.args
[16:47:08.029183 INFO] arguments are []
[16:47:08.090530 INFO] Script returned with exit code 0 of class Fixnum
[16:47:08.090867 INFO] Saving report /mnt/openstudio/analysis_fe821d2c-df1e-4105-9ee6-6c7fef1463ae/data_point_c156c72b-7c08-494f-95f9-d157266a847b/run/datapoint_final.log to http://web:80/data_points/c156c72b-7c08-494f-95f9-d157266a847b/upload_file
[16:47:08.147636 INFO] Saving report responded with {"id":"59c932a9a2321800caed5e21","data_point_id":"c156c72b-7c08-494f-95f9-d157266a847b","display_name":"Finalization Script Log","type":"Report","created_at":"2017-09-25T16:45:29.991Z","updated_at":"2017-09-25T16:45:29.991Z"}
[16:47:08.158124 INFO] Finished /opt/openstudio/server/app/workers/run_simulate_data_point.rb
