Cleaning up data_point directory.
Original files:
total 22068
-rw-rw-rw- 1 root root    66975 Sep 25 16:41 analysis.json
-rw-rw-rw- 1 root root     5490 Sep 25 16:47 c156c72b-7c08-494f-95f9-d157266a847b.log
-rw-rw-rw- 1 root root     1030 Sep 25 16:41 data_point.json
-rw-rw-rw- 1 root root     2841 Sep 25 16:41 data_point.osw
-rw-rw-rw- 1 root root  4927334 Sep 25 16:44 in.idf
-rw-rw-rw- 1 root root 17410567 Sep 25 16:44 in.osm
-rw-rw-rw- 1 root root   162068 Sep 25 16:47 out.osw
drwxrwxrwx 2 root root     4096 Sep 25 16:47 reports
drwxrwxrwx 2 root root     4096 Sep 25 16:47 run
total 8052
-rw-rw-r-- 1 root root  687783 Sep 25 16:47 data_point.zip
-rw-rw-rw- 1 root root    8496 Sep 25 16:47 data_point_out.json
-rw-r--r-- 1 root root     587 Sep 25 16:47 datapoint_final.log
-rw-r--r-- 1 root root   22797 Sep 25 16:41 datapoint_init.log
-rw-rw-rw- 1 root root  865695 Sep 25 16:47 enduse_timeseries.csv
-rw-rw-rw- 1 root root     102 Sep 25 16:45 eplusout.end
-rw-rw-rw- 1 root root   35612 Sep 25 16:45 eplusout.err
-rw-rw-rw- 1 root root   58125 Sep 25 16:45 eplusout.mtd
-rw-rw-rw- 1 root root   55474 Sep 25 16:45 eplusout.rdd
-rw-rw-rw- 1 root root  598147 Sep 25 16:45 eplustbl.htm
-rw-rw-rw- 1 root root      43 Sep 25 16:47 finished.job
-rw-rw-rw- 1 root root 4927334 Sep 25 16:44 in.idf
-rw-rw-rw- 1 root root    8496 Sep 25 16:47 measure_attributes.json
-rw-rw-rw- 1 root root   27577 Sep 25 16:41 measures.osw
-rw-rw-rw- 1 root root       3 Sep 25 16:47 objectives.json
-rw-rw-rw- 1 root root    8496 Sep 25 16:47 results.json
-rw-rw-rw- 1 root root  878612 Sep 25 16:47 run.log
-rw-rw-rw- 1 root root      49 Sep 25 16:45 sqlite.err
-rw-rw-rw- 1 root root      42 Sep 25 16:41 started.job
-rw-rw-rw- 1 root root    2336 Sep 25 16:45 stdout-energyplus
-rw-rw-rw- 1 root root      91 Sep 25 16:45 stdout-expandobject
592K	data_point_c156c72b-7c08-494f-95f9-d157266a847b/reports
7.9M	data_point_c156c72b-7c08-494f-95f9-d157266a847b/run
30M	data_point_c156c72b-7c08-494f-95f9-d157266a847b
Final files:
total 252
-rw-rw-rw- 1 root root  66975 Sep 25 16:41 analysis.json
-rw-rw-rw- 1 root root   5490 Sep 25 16:47 c156c72b-7c08-494f-95f9-d157266a847b.log
-rw-rw-rw- 1 root root   1030 Sep 25 16:41 data_point.json
-rw-rw-rw- 1 root root   2841 Sep 25 16:41 data_point.osw
-rw-rw-rw- 1 root root 162068 Sep 25 16:47 out.osw
drwxrwxrwx 2 root root   4096 Sep 25 16:47 reports
drwxrwxrwx 2 root root   4096 Sep 25 16:47 run
total 1548
-rw-rw-r-- 1 root root 687783 Sep 25 16:47 data_point.zip
-rw-r--r-- 1 root root   2438 Sep 25 16:47 datapoint_final.log
-rw-r--r-- 1 root root  22797 Sep 25 16:41 datapoint_init.log
-rw-rw-rw- 1 root root 865695 Sep 25 16:47 enduse_timeseries.csv
592K	data_point_c156c72b-7c08-494f-95f9-d157266a847b/reports
1.6M	data_point_c156c72b-7c08-494f-95f9-d157266a847b/run
2.4M	data_point_c156c72b-7c08-494f-95f9-d157266a847b
