Cleaning up data_point directory.
Original files:
total 21696
-rw-rw-rw- 1 root root    66975 Sep 25 16:38 analysis.json
-rw-rw-rw- 1 root root     1030 Sep 25 16:38 data_point.json
-rw-rw-rw- 1 root root     2841 Sep 25 16:38 data_point.osw
-rw-rw-rw- 1 root root     5490 Sep 25 16:42 eff39033-8798-4a3d-9912-d3dc75c9b433.log
-rw-rw-rw- 1 root root  4614113 Sep 25 16:39 in.idf
-rw-rw-rw- 1 root root 17353882 Sep 25 16:39 in.osm
-rw-rw-rw- 1 root root   150771 Sep 25 16:42 out.osw
drwxrwxrwx 2 root root     4096 Sep 25 16:42 reports
drwxrwxrwx 2 root root     4096 Sep 25 16:42 run
total 7472
-rw-rw-r-- 1 root root  619884 Sep 25 16:42 data_point.zip
-rw-rw-rw- 1 root root    8325 Sep 25 16:42 data_point_out.json
-rw-r--r-- 1 root root     587 Sep 25 16:42 datapoint_final.log
-rw-r--r-- 1 root root   22244 Sep 25 16:38 datapoint_init.log
-rw-rw-rw- 1 root root  746619 Sep 25 16:42 enduse_timeseries.csv
-rw-rw-rw- 1 root root     102 Sep 25 16:40 eplusout.end
-rw-rw-rw- 1 root root   36799 Sep 25 16:40 eplusout.err
-rw-rw-rw- 1 root root   54417 Sep 25 16:40 eplusout.mtd
-rw-rw-rw- 1 root root   54876 Sep 25 16:39 eplusout.rdd
-rw-rw-rw- 1 root root  513670 Sep 25 16:40 eplustbl.htm
-rw-rw-rw- 1 root root      43 Sep 25 16:42 finished.job
-rw-rw-rw- 1 root root 4614113 Sep 25 16:39 in.idf
-rw-rw-rw- 1 root root    8325 Sep 25 16:42 measure_attributes.json
-rw-rw-rw- 1 root root   27283 Sep 25 16:38 measures.osw
-rw-rw-rw- 1 root root       3 Sep 25 16:42 objectives.json
-rw-rw-rw- 1 root root    8325 Sep 25 16:42 results.json
-rw-rw-rw- 1 root root  865617 Sep 25 16:42 run.log
-rw-rw-rw- 1 root root      49 Sep 25 16:39 sqlite.err
-rw-rw-rw- 1 root root      42 Sep 25 16:38 started.job
-rw-rw-rw- 1 root root    2336 Sep 25 16:40 stdout-energyplus
-rw-rw-rw- 1 root root      91 Sep 25 16:39 stdout-expandobject
7.4M	data_point_eff39033-8798-4a3d-9912-d3dc75c9b433/run
508K	data_point_eff39033-8798-4a3d-9912-d3dc75c9b433/reports
29M	data_point_eff39033-8798-4a3d-9912-d3dc75c9b433
Final files:
total 240
-rw-rw-rw- 1 root root  66975 Sep 25 16:38 analysis.json
-rw-rw-rw- 1 root root   1030 Sep 25 16:38 data_point.json
-rw-rw-rw- 1 root root   2841 Sep 25 16:38 data_point.osw
-rw-rw-rw- 1 root root   5490 Sep 25 16:42 eff39033-8798-4a3d-9912-d3dc75c9b433.log
-rw-rw-rw- 1 root root 150771 Sep 25 16:42 out.osw
drwxrwxrwx 2 root root   4096 Sep 25 16:42 reports
drwxrwxrwx 2 root root   4096 Sep 25 16:42 run
total 1368
-rw-rw-r-- 1 root root 619884 Sep 25 16:42 data_point.zip
-rw-r--r-- 1 root root   2438 Sep 25 16:42 datapoint_final.log
-rw-r--r-- 1 root root  22244 Sep 25 16:38 datapoint_init.log
-rw-rw-rw- 1 root root 746619 Sep 25 16:42 enduse_timeseries.csv
1.4M	data_point_eff39033-8798-4a3d-9912-d3dc75c9b433/run
508K	data_point_eff39033-8798-4a3d-9912-d3dc75c9b433/reports
2.1M	data_point_eff39033-8798-4a3d-9912-d3dc75c9b433
