# Logfile created on 2017-09-25 16:36:12 +0000 by logger.rb/47272
[16:36:12.291904 INFO] Server host is http://web:80
[16:36:12.291957 INFO] Analysis directory is /mnt/openstudio/analysis_fe821d2c-df1e-4105-9ee6-6c7fef1463ae
[16:36:12.291993 INFO] Simulation directory is /mnt/openstudio/analysis_fe821d2c-df1e-4105-9ee6-6c7fef1463ae/data_point_eff39033-8798-4a3d-9912-d3dc75c9b433
[16:36:12.292014 INFO] Run datapoint type/file is workflow
[16:36:12.292033 INFO] Starting initialize_worker for datapoint eff39033-8798-4a3d-9912-d3dc75c9b433
[16:36:12.292133 INFO] Downloading analysis zip from http://web:80/analyses/fe821d2c-df1e-4105-9ee6-6c7fef1463ae/download_analysis_zip
[16:36:35.600020 INFO] Extracting analysis zip to /mnt/openstudio/analysis_fe821d2c-df1e-4105-9ee6-6c7fef1463ae
[16:36:38.836795 INFO] Downloading analysis.json from http://web:80/analyses/fe821d2c-df1e-4105-9ee6-6c7fef1463ae.json
[16:38:05.934936 INFO] Found data point initialization file datapoint_init.sh.
[16:38:05.939297 INFO] Preparing to run initialization script /mnt/openstudio/analysis_fe821d2c-df1e-4105-9ee6-6c7fef1463ae/scripts/worker_initialization/datapoint_init.sh
[16:38:05.946463 INFO] Looking for argument file /mnt/openstudio/analysis_fe821d2c-df1e-4105-9ee6-6c7fef1463ae/scripts/worker_initialization/datapoint_init.args
[16:38:05.946520 INFO] argument file exists /mnt/openstudio/analysis_fe821d2c-df1e-4105-9ee6-6c7fef1463ae/scripts/worker_initialization/datapoint_init.args
[16:38:05.951642 INFO] arguments are ["https://s3.amazonaws.com/epwweatherfiles/project_resstock_efs.zip"]
[16:38:14.050357 INFO] Script returned with exit code 0 of class Fixnum
[16:38:14.050521 INFO] Finished worker initialization
[16:38:14.057841 INFO] Downloading datapoint from http://web:80/data_points/eff39033-8798-4a3d-9912-d3dc75c9b433.json
[16:38:14.261750 INFO] Creating Workflow Manager instance
[16:38:14.261872 INFO] Directory is /mnt/openstudio/analysis_fe821d2c-df1e-4105-9ee6-6c7fef1463ae/data_point_eff39033-8798-4a3d-9912-d3dc75c9b433
[16:38:14.261955 INFO] Opening run.log file '/mnt/openstudio/analysis_fe821d2c-df1e-4105-9ee6-6c7fef1463ae/data_point_eff39033-8798-4a3d-9912-d3dc75c9b433/run/run.log'
[16:38:15.015503 INFO] Running workflow
[16:42:07.702830 INFO] Final run state is finished
[16:42:07.744260 INFO] Saving files/reports back to the server
[16:42:07.744560 INFO] Saving report /mnt/openstudio/analysis_fe821d2c-df1e-4105-9ee6-6c7fef1463ae/data_point_eff39033-8798-4a3d-9912-d3dc75c9b433/reports/eplustbl.html to http://web:80/data_points/eff39033-8798-4a3d-9912-d3dc75c9b433/upload_file
[16:42:07.806064 INFO] Saving report responded with {"id":"59c931dfa2321800caed5cc3","data_point_id":"eff39033-8798-4a3d-9912-d3dc75c9b433","display_name":"eplustbl","type":"Report","created_at":"2017-09-25T16:42:07.781Z","updated_at":"2017-09-25T16:42:07.781Z"}
[16:42:07.806419 INFO] Saving report /mnt/openstudio/analysis_fe821d2c-df1e-4105-9ee6-6c7fef1463ae/data_point_eff39033-8798-4a3d-9912-d3dc75c9b433/run/objectives.json to http://web:80/data_points/eff39033-8798-4a3d-9912-d3dc75c9b433/upload_file
[16:42:07.866388 INFO] Saving report responded with {"id":"59c931dfa2321800caed5cc4","data_point_id":"eff39033-8798-4a3d-9912-d3dc75c9b433","display_name":"objectives","type":"Report","created_at":"2017-09-25T16:42:07.840Z","updated_at":"2017-09-25T16:42:07.840Z"}
[16:42:07.866682 INFO] Saving report /mnt/openstudio/analysis_fe821d2c-df1e-4105-9ee6-6c7fef1463ae/data_point_eff39033-8798-4a3d-9912-d3dc75c9b433/out.osw to http://web:80/data_points/eff39033-8798-4a3d-9912-d3dc75c9b433/upload_file
[16:42:07.889595 INFO] Saving report responded with {"id":"59c931dfa2321800caed5cc5","data_point_id":"eff39033-8798-4a3d-9912-d3dc75c9b433","display_name":"Final OSW File","type":"Report","created_at":"2017-09-25T16:42:07.880Z","updated_at":"2017-09-25T16:42:07.880Z"}
[16:42:07.889898 INFO] Saving report /mnt/openstudio/analysis_fe821d2c-df1e-4105-9ee6-6c7fef1463ae/data_point_eff39033-8798-4a3d-9912-d3dc75c9b433/in.osm to http://web:80/data_points/eff39033-8798-4a3d-9912-d3dc75c9b433/upload_file
[16:42:08.609591 INFO] Saving report responded with {"id":"59c931e0a2321800caed5cc6","data_point_id":"eff39033-8798-4a3d-9912-d3dc75c9b433","display_name":"model","type":"OpenStudio Model","created_at":"2017-09-25T16:42:08.549Z","updated_at":"2017-09-25T16:42:08.549Z"}
[16:42:08.620830 INFO] Saving report /mnt/openstudio/analysis_fe821d2c-df1e-4105-9ee6-6c7fef1463ae/data_point_eff39033-8798-4a3d-9912-d3dc75c9b433/run/data_point.zip to http://web:80/data_points/eff39033-8798-4a3d-9912-d3dc75c9b433/upload_file
[16:42:08.701405 INFO] Saving report responded with {"id":"59c931e0a2321800caed5cc7","data_point_id":"eff39033-8798-4a3d-9912-d3dc75c9b433","display_name":"Zip File","type":"Data Point","created_at":"2017-09-25T16:42:08.656Z","updated_at":"2017-09-25T16:42:08.656Z"}
[16:42:08.701683 INFO] Found data point finalization file datapoint_final.sh.
[16:42:08.745365 INFO] Preparing to run finalization script /mnt/openstudio/analysis_fe821d2c-df1e-4105-9ee6-6c7fef1463ae/scripts/worker_finalization/datapoint_final.sh
[16:42:08.777801 INFO] Looking for argument file /mnt/openstudio/analysis_fe821d2c-df1e-4105-9ee6-6c7fef1463ae/scripts/worker_finalization/datapoint_final.args
[16:42:08.777887 INFO] argument file exists /mnt/openstudio/analysis_fe821d2c-df1e-4105-9ee6-6c7fef1463ae/scripts/worker_finalization/datapoint_final.args
[16:42:08.827077 INFO] arguments are []
[16:42:08.867503 INFO] Script returned with exit code 0 of class Fixnum
[16:42:08.867774 INFO] Saving report /mnt/openstudio/analysis_fe821d2c-df1e-4105-9ee6-6c7fef1463ae/data_point_eff39033-8798-4a3d-9912-d3dc75c9b433/run/datapoint_final.log to http://web:80/data_points/eff39033-8798-4a3d-9912-d3dc75c9b433/upload_file
[16:42:08.943115 INFO] Saving report responded with {"id":"59c931e0a2321800caed5cc8","data_point_id":"eff39033-8798-4a3d-9912-d3dc75c9b433","display_name":"Finalization Script Log","type":"Report","created_at":"2017-09-25T16:42:08.883Z","updated_at":"2017-09-25T16:42:08.883Z"}
[16:42:08.953030 INFO] Finished /opt/openstudio/server/app/workers/run_simulate_data_point.rb
