Cleaning up data_point directory.
Original files:
total 21696
-rw-rw-rw- 1 root root    66975 Sep 25 16:35 analysis.json
-rw-rw-rw- 1 root root     1030 Sep 25 16:35 data_point.json
-rw-rw-rw- 1 root root     2841 Sep 25 16:35 data_point.osw
-rw-rw-rw- 1 root root     4385 Sep 25 16:39 eec66005-8471-425c-a6fa-5d0e7395174d.log
-rw-rw-rw- 1 root root  4608773 Sep 25 16:36 in.idf
-rw-rw-rw- 1 root root 17352287 Sep 25 16:36 in.osm
-rw-rw-rw- 1 root root   154690 Sep 25 16:39 out.osw
drwxrwxrwx 2 root root     4096 Sep 25 16:39 reports
drwxrwxrwx 2 root root     4096 Sep 25 16:39 run
total 7592
-rw-rw-r-- 1 root root  644055 Sep 25 16:39 data_point.zip
-rw-rw-rw- 1 root root    8489 Sep 25 16:39 data_point_out.json
-rw-r--r-- 1 root root     587 Sep 25 16:39 datapoint_final.log
-rw-rw-rw- 1 root root  863879 Sep 25 16:39 enduse_timeseries.csv
-rw-rw-rw- 1 root root     102 Sep 25 16:38 eplusout.end
-rw-rw-rw- 1 root root   34171 Sep 25 16:38 eplusout.err
-rw-rw-rw- 1 root root   60349 Sep 25 16:38 eplusout.mtd
-rw-rw-rw- 1 root root   54617 Sep 25 16:37 eplusout.rdd
-rw-rw-rw- 1 root root  514077 Sep 25 16:38 eplustbl.htm
-rw-rw-rw- 1 root root      43 Sep 25 16:39 finished.job
-rw-rw-rw- 1 root root 4608773 Sep 25 16:36 in.idf
-rw-rw-rw- 1 root root    8489 Sep 25 16:39 measure_attributes.json
-rw-rw-rw- 1 root root   27640 Sep 25 16:35 measures.osw
-rw-rw-rw- 1 root root       3 Sep 25 16:39 objectives.json
-rw-rw-rw- 1 root root    8489 Sep 25 16:39 results.json
-rw-rw-rw- 1 root root  872507 Sep 25 16:39 run.log
-rw-rw-rw- 1 root root      49 Sep 25 16:37 sqlite.err
-rw-rw-rw- 1 root root      42 Sep 25 16:35 started.job
-rw-rw-rw- 1 root root    2336 Sep 25 16:38 stdout-energyplus
-rw-rw-rw- 1 root root      91 Sep 25 16:37 stdout-expandobject
7.5M	data_point_eec66005-8471-425c-a6fa-5d0e7395174d/run
508K	data_point_eec66005-8471-425c-a6fa-5d0e7395174d/reports
30M	data_point_eec66005-8471-425c-a6fa-5d0e7395174d
Final files:
total 244
-rw-rw-rw- 1 root root  66975 Sep 25 16:35 analysis.json
-rw-rw-rw- 1 root root   1030 Sep 25 16:35 data_point.json
-rw-rw-rw- 1 root root   2841 Sep 25 16:35 data_point.osw
-rw-rw-rw- 1 root root   4385 Sep 25 16:39 eec66005-8471-425c-a6fa-5d0e7395174d.log
-rw-rw-rw- 1 root root 154690 Sep 25 16:39 out.osw
drwxrwxrwx 2 root root   4096 Sep 25 16:39 reports
drwxrwxrwx 2 root root   4096 Sep 25 16:39 run
total 1480
-rw-rw-r-- 1 root root 644055 Sep 25 16:39 data_point.zip
-rw-r--r-- 1 root root   2375 Sep 25 16:39 datapoint_final.log
-rw-rw-rw- 1 root root 863879 Sep 25 16:39 enduse_timeseries.csv
1.5M	data_point_eec66005-8471-425c-a6fa-5d0e7395174d/run
508K	data_point_eec66005-8471-425c-a6fa-5d0e7395174d/reports
2.2M	data_point_eec66005-8471-425c-a6fa-5d0e7395174d
