# Logfile created on 2017-09-25 16:35:42 +0000 by logger.rb/47272
[16:35:42.958861 INFO] Server host is http://web:80
[16:35:42.958948 INFO] Analysis directory is /mnt/openstudio/analysis_fe821d2c-df1e-4105-9ee6-6c7fef1463ae
[16:35:42.959007 INFO] Simulation directory is /mnt/openstudio/analysis_fe821d2c-df1e-4105-9ee6-6c7fef1463ae/data_point_eec66005-8471-425c-a6fa-5d0e7395174d
[16:35:42.959047 INFO] Run datapoint type/file is workflow
[16:35:42.959081 INFO] Starting initialize_worker for datapoint eec66005-8471-425c-a6fa-5d0e7395174d
[16:35:42.959147 INFO] receipt_file already exists, moving on
[16:35:42.989551 INFO] Downloading datapoint from http://web:80/data_points/eec66005-8471-425c-a6fa-5d0e7395174d.json
[16:35:43.007677 INFO] Creating Workflow Manager instance
[16:35:43.007767 INFO] Directory is /mnt/openstudio/analysis_fe821d2c-df1e-4105-9ee6-6c7fef1463ae/data_point_eec66005-8471-425c-a6fa-5d0e7395174d
[16:35:43.007828 INFO] Opening run.log file '/mnt/openstudio/analysis_fe821d2c-df1e-4105-9ee6-6c7fef1463ae/data_point_eec66005-8471-425c-a6fa-5d0e7395174d/run/run.log'
[16:35:43.020396 INFO] Running workflow
[16:39:57.342997 INFO] Final run state is finished
[16:39:57.367313 INFO] Saving files/reports back to the server
[16:39:57.367606 INFO] Saving report /mnt/openstudio/analysis_fe821d2c-df1e-4105-9ee6-6c7fef1463ae/data_point_eec66005-8471-425c-a6fa-5d0e7395174d/reports/eplustbl.html to http://web:80/data_points/eec66005-8471-425c-a6fa-5d0e7395174d/upload_file
[16:39:57.413692 INFO] Saving report responded with {"id":"59c9315da2321800d2ed57c2","data_point_id":"eec66005-8471-425c-a6fa-5d0e7395174d","display_name":"eplustbl","type":"Report","created_at":"2017-09-25T16:39:57.396Z","updated_at":"2017-09-25T16:39:57.396Z"}
[16:39:57.413977 INFO] Saving report /mnt/openstudio/analysis_fe821d2c-df1e-4105-9ee6-6c7fef1463ae/data_point_eec66005-8471-425c-a6fa-5d0e7395174d/run/objectives.json to http://web:80/data_points/eec66005-8471-425c-a6fa-5d0e7395174d/upload_file
[16:39:57.575140 INFO] Saving report responded with {"id":"59c9315da2321800d2ed57c3","data_point_id":"eec66005-8471-425c-a6fa-5d0e7395174d","display_name":"objectives","type":"Report","created_at":"2017-09-25T16:39:57.565Z","updated_at":"2017-09-25T16:39:57.565Z"}
[16:39:57.575416 INFO] Saving report /mnt/openstudio/analysis_fe821d2c-df1e-4105-9ee6-6c7fef1463ae/data_point_eec66005-8471-425c-a6fa-5d0e7395174d/out.osw to http://web:80/data_points/eec66005-8471-425c-a6fa-5d0e7395174d/upload_file
[16:39:57.709220 INFO] Saving report responded with {"id":"59c9315da2321800d2ed57c4","data_point_id":"eec66005-8471-425c-a6fa-5d0e7395174d","display_name":"Final OSW File","type":"Report","created_at":"2017-09-25T16:39:57.614Z","updated_at":"2017-09-25T16:39:57.614Z"}
[16:39:57.709376 INFO] Saving report /mnt/openstudio/analysis_fe821d2c-df1e-4105-9ee6-6c7fef1463ae/data_point_eec66005-8471-425c-a6fa-5d0e7395174d/in.osm to http://web:80/data_points/eec66005-8471-425c-a6fa-5d0e7395174d/upload_file
[16:39:58.606975 INFO] Saving report responded with {"id":"59c9315ea2321800caed5c6e","data_point_id":"eec66005-8471-425c-a6fa-5d0e7395174d","display_name":"model","type":"OpenStudio Model","created_at":"2017-09-25T16:39:58.505Z","updated_at":"2017-09-25T16:39:58.505Z"}
[16:39:58.607211 INFO] Saving report /mnt/openstudio/analysis_fe821d2c-df1e-4105-9ee6-6c7fef1463ae/data_point_eec66005-8471-425c-a6fa-5d0e7395174d/run/data_point.zip to http://web:80/data_points/eec66005-8471-425c-a6fa-5d0e7395174d/upload_file
[16:39:58.668526 INFO] Saving report responded with {"id":"59c9315ea2321800caed5c6f","data_point_id":"eec66005-8471-425c-a6fa-5d0e7395174d","display_name":"Zip File","type":"Data Point","created_at":"2017-09-25T16:39:58.655Z","updated_at":"2017-09-25T16:39:58.655Z"}
[16:39:58.668926 INFO] Found data point finalization file datapoint_final.sh.
[16:39:58.669096 INFO] Preparing to run finalization script /mnt/openstudio/analysis_fe821d2c-df1e-4105-9ee6-6c7fef1463ae/scripts/worker_finalization/datapoint_final.sh
[16:39:58.669437 INFO] Looking for argument file /mnt/openstudio/analysis_fe821d2c-df1e-4105-9ee6-6c7fef1463ae/scripts/worker_finalization/datapoint_final.args
[16:39:58.669498 INFO] argument file exists /mnt/openstudio/analysis_fe821d2c-df1e-4105-9ee6-6c7fef1463ae/scripts/worker_finalization/datapoint_final.args
[16:39:58.669693 INFO] arguments are []
[16:39:58.727652 INFO] Script returned with exit code 0 of class Fixnum
[16:39:58.727955 INFO] Saving report /mnt/openstudio/analysis_fe821d2c-df1e-4105-9ee6-6c7fef1463ae/data_point_eec66005-8471-425c-a6fa-5d0e7395174d/run/datapoint_final.log to http://web:80/data_points/eec66005-8471-425c-a6fa-5d0e7395174d/upload_file
[16:39:58.777110 INFO] Saving report responded with {"id":"59c9315ea2321800caed5c70","data_point_id":"eec66005-8471-425c-a6fa-5d0e7395174d","display_name":"Finalization Script Log","type":"Report","created_at":"2017-09-25T16:39:58.748Z","updated_at":"2017-09-25T16:39:58.748Z"}
[16:39:58.785907 INFO] Finished /opt/openstudio/server/app/workers/run_simulate_data_point.rb
