2023-08-16 22:28:44,497 - INFO - Adding envelope metrics to duluth
2023-08-16 22:28:46,544 - INFO - 
                       code-compliant above-average below-average
Frame Wall (R-value)            >= 30   < 30, >= 14          < 14
Masonry Wall (R-value)          >= 19    < 19, >= 8           < 8
Ceiling/Roof (R-value)          >= 60   < 60, >= 17          < 17
Air Leakage (ACH50)              <= 3    > 3, <= 14          > 14
2023-08-16 22:28:46,549 - INFO - 
combined_envelope_rating  wall_rating     ceiling_roof_rating  infiltration_rating
above-average             above-average   above-average        above-average          320
                                                               code-compliant          37
                          code-compliant  above-average        above-average            8
below-average             above-average   above-average        below-average          224
                                          below-average        above-average            9
                                                               below-average           24
                                                               code-compliant           2
                          below-average   above-average        above-average          130
                                                               below-average          357
                                                               code-compliant           4
                                          below-average        above-average           17
                                                               below-average           70
                                                               code-compliant           1
                          code-compliant  above-average        below-average           11
                                          below-average        above-average            2
                                                               below-average            1
Name: count, dtype: int64
