2023-08-16 22:31:25,937 - INFO - After duct correction, housing characteristics for 39 / 1217 buildings in baseline are changed: 
2023-08-16 22:31:25,937 - INFO - Note: self=original, other=new. NAN values represent no change.
2023-08-16 22:31:25,940 - INFO - 
            build_existing_model.hvac_has_ducts       build_existing_model.hvac_heating_type                     build_existing_model.hvac_cooling_type                  
                                           self other                                   self               other                                   self             other
building_id                                                                                                                                                              
1602                                        Yes    No                                    NaN                 NaN                                    NaN               NaN
18615                                       NaN   NaN                                    NaN                 NaN                             Central AC  Fan Coil Cooling
20334                                       Yes    No                         Ducted Heating  Non-Ducted Heating                                    NaN               NaN
47316                                       Yes    No                         Ducted Heating  Non-Ducted Heating                                    NaN               NaN
69104                                       Yes    No                         Ducted Heating  Non-Ducted Heating                                    NaN               NaN
77734                                       NaN   NaN                         Ducted Heating  Non-Ducted Heating                             Central AC  Fan Coil Cooling
88947                                       NaN   NaN                         Ducted Heating  Non-Ducted Heating                             Central AC  Fan Coil Cooling
102657                                      Yes    No                         Ducted Heating  Non-Ducted Heating                                    NaN               NaN
115392                                      Yes    No                                    NaN                 NaN                                    NaN               NaN
127398                                      Yes    No                         Ducted Heating  Non-Ducted Heating                                    NaN               NaN
158042                                      Yes    No                         Ducted Heating  Non-Ducted Heating                                    NaN               NaN
175374                                      NaN   NaN                         Ducted Heating  Non-Ducted Heating                             Central AC  Fan Coil Cooling
175545                                      NaN   NaN                         Ducted Heating  Non-Ducted Heating                             Central AC  Fan Coil Cooling
176833                                      Yes    No                         Ducted Heating  Non-Ducted Heating                                    NaN               NaN
191613                                      NaN   NaN                         Ducted Heating  Non-Ducted Heating                                    NaN               NaN
198911                                      Yes    No                         Ducted Heating  Non-Ducted Heating                                    NaN               NaN
239075                                      Yes    No                         Ducted Heating  Non-Ducted Heating                                    NaN               NaN
258621                                      Yes    No                         Ducted Heating  Non-Ducted Heating                                    NaN               NaN
259798                                      Yes    No                         Ducted Heating  Non-Ducted Heating                                    NaN               NaN
270886                                      Yes    No                         Ducted Heating  Non-Ducted Heating                                    NaN               NaN
271704                                      Yes    No                         Ducted Heating  Non-Ducted Heating                                    NaN               NaN
275703                                      Yes    No                         Ducted Heating  Non-Ducted Heating                                    NaN               NaN
279645                                      NaN   NaN                         Ducted Heating  Non-Ducted Heating                             Central AC  Fan Coil Cooling
311217                                      Yes    No                         Ducted Heating  Non-Ducted Heating                                    NaN               NaN
318844                                      NaN   NaN                         Ducted Heating  Non-Ducted Heating                             Central AC  Fan Coil Cooling
323262                                      Yes    No                                    NaN                 NaN                                    NaN               NaN
352555                                      NaN   NaN                                    NaN                 NaN                             Central AC  Fan Coil Cooling
353616                                      Yes    No                         Ducted Heating  Non-Ducted Heating                                    NaN               NaN
369613                                      Yes    No                         Ducted Heating  Non-Ducted Heating                                    NaN               NaN
400546                                      Yes    No                         Ducted Heating  Non-Ducted Heating                                    NaN               NaN
408345                                      Yes    No                         Ducted Heating  Non-Ducted Heating                                    NaN               NaN
408768                                      Yes    No                         Ducted Heating  Non-Ducted Heating                                    NaN               NaN
423752                                      Yes    No                         Ducted Heating  Non-Ducted Heating                                    NaN               NaN
446935                                      Yes    No                         Ducted Heating  Non-Ducted Heating                                    NaN               NaN
467296                                      Yes    No                         Ducted Heating  Non-Ducted Heating                                    NaN               NaN
480072                                      Yes    No                         Ducted Heating  Non-Ducted Heating                                    NaN               NaN
505942                                      Yes    No                                    NaN                 NaN                                    NaN               NaN
518082                                      Yes    No                         Ducted Heating  Non-Ducted Heating                                    NaN               NaN
525264                                      Yes    No                         Ducted Heating  Non-Ducted Heating                                    NaN               NaN
2023-08-16 22:31:26,012 - INFO - Baseline fle updated and saved to: /Users/lliu2/Documents/GitHub/resstock/euss_cleap/data_/community_building_samples/duluth
2023-08-16 22:31:26,045 - INFO - 
2023-08-16 22:31:26,045 - INFO - =====================================================================================
2023-08-16 22:31:26,045 - INFO - 
>> Recalculating duct sealing applicability and costs for upgrade_no = 1...
2023-08-16 22:31:26,065 - INFO - Updating 43 upgrade_costs.option_05_cost_usd from ['30% Leakage, R-4', '30% Leakage, R-6']
2023-08-16 22:31:26,066 - INFO - 1 new_cost=0 found:
building_id
259798    0.0
Name: duct_total_surface_area, dtype: float64
2023-08-16 22:31:26,067 - INFO -             build_existing_model.hvac_has_ducts  duct_total_surface_area  ... build_existing_model.hvac_cooling_efficiency build_existing_model.hvac_shared_efficiencies
building_id                                                               ...                                                                                           
259798                                       No                      0.0  ...                             Room AC, EER 9.8   Boiler Baseboards Heating Only, Natural Gas

[1 rows x 6 columns]
2023-08-16 22:31:26,075 - INFO - Updating 15 upgrade_costs.option_06_cost_usd from ['30% Leakage, R-8']
2023-08-16 22:31:26,079 - INFO - Updating 199 upgrade_costs.option_07_cost_usd from ['20% Leakage, Uninsulated', '20% Leakage, R-4', '20% Leakage, R-6']
2023-08-16 22:31:26,080 - INFO - 15 new_cost=0 found:
building_id
20334     0.0
69104     0.0
115392    0.0
127398    0.0
158042    0.0
198911    0.0
239075    0.0
271704    0.0
353616    0.0
400546    0.0
408345    0.0
408768    0.0
423752    0.0
480072    0.0
518082    0.0
Name: duct_total_surface_area, dtype: float64
2023-08-16 22:31:26,080 - INFO -             build_existing_model.hvac_has_ducts  duct_total_surface_area  ... build_existing_model.hvac_cooling_efficiency build_existing_model.hvac_shared_efficiencies
building_id                                                               ...                                                                                           
20334                                        No                      0.0  ...                                         None   Boiler Baseboards Heating Only, Electricity
69104                                        No                      0.0  ...                                         None   Boiler Baseboards Heating Only, Electricity
115392                                       No                      0.0  ...                            Room AC, EER 10.7                                          None
127398                                       No                      0.0  ...                                         None   Boiler Baseboards Heating Only, Natural Gas
158042                                       No                      0.0  ...                                         None   Boiler Baseboards Heating Only, Natural Gas
198911                                       No                      0.0  ...                                         None   Boiler Baseboards Heating Only, Electricity
239075                                       No                      0.0  ...                                         None   Boiler Baseboards Heating Only, Electricity
271704                                       No                      0.0  ...                                         None   Boiler Baseboards Heating Only, Natural Gas
353616                                       No                      0.0  ...                                         None   Boiler Baseboards Heating Only, Natural Gas
400546                                       No                      0.0  ...                                         None   Boiler Baseboards Heating Only, Natural Gas
408345                                       No                      0.0  ...                            Room AC, EER 12.0   Boiler Baseboards Heating Only, Natural Gas
408768                                       No                      0.0  ...                                         None   Boiler Baseboards Heating Only, Natural Gas
423752                                       No                      0.0  ...                                         None   Boiler Baseboards Heating Only, Electricity
480072                                       No                      0.0  ...                                         None   Boiler Baseboards Heating Only, Natural Gas
518082                                       No                      0.0  ...                                         None   Boiler Baseboards Heating Only, Electricity

[15 rows x 6 columns]
2023-08-16 22:31:26,090 - INFO - Updating 18 upgrade_costs.option_08_cost_usd from ['20% Leakage, R-8']
2023-08-16 22:31:26,094 - INFO - Updating 125 upgrade_costs.option_09_cost_usd from ['10% Leakage, Uninsulated', '10% Leakage, R-4', '10% Leakage, R-6']
2023-08-16 22:31:26,095 - INFO - 7 new_cost=0 found:
building_id
176833    0.0
258621    0.0
270886    0.0
275703    0.0
311217    0.0
446935    0.0
467296    0.0
Name: duct_total_surface_area, dtype: float64
2023-08-16 22:31:26,095 - INFO -             build_existing_model.hvac_has_ducts  duct_total_surface_area  ... build_existing_model.hvac_cooling_efficiency build_existing_model.hvac_shared_efficiencies
building_id                                                               ...                                                                                           
176833                                       No                      0.0  ...                                         None   Boiler Baseboards Heating Only, Electricity
258621                                       No                      0.0  ...                                         None   Boiler Baseboards Heating Only, Natural Gas
270886                                       No                      0.0  ...                                         None   Boiler Baseboards Heating Only, Natural Gas
275703                                       No                      0.0  ...                                         None   Boiler Baseboards Heating Only, Natural Gas
311217                                       No                      0.0  ...                            Room AC, EER 10.7   Boiler Baseboards Heating Only, Electricity
446935                                       No                      0.0  ...                                         None   Boiler Baseboards Heating Only, Natural Gas
467296                                       No                      0.0  ...                                         None   Boiler Baseboards Heating Only, Electricity

[7 rows x 6 columns]
2023-08-16 22:31:26,103 - INFO - Dropping 6 / 23 building_id(s) whose content have been modified for duct correction.
[69104, 198911, 239075, 176833, 270886, 467296]
2023-08-16 22:31:26,103 - INFO - For these buildings, duct sealing was the only applicable component in the upgrade and it no longer applies after the correction.
2023-08-16 22:31:26,107 - INFO - After duct correction, dfu has reduced in size from 1048 to len(dfu2) rows.
2023-08-16 22:31:26,107 - INFO - Change in upgrade_costs.upgrade_cost_usd:
2023-08-16 22:31:26,108 - INFO - 
       Before Correction (excludes 0)  After Correction
count                     1022.000000       1042.000000
mean                      2401.134149       2450.747495
std                       2097.911190       2142.852129
min                        166.500000        166.500000
25%                        961.910000        991.860000
50%                       1882.685000       1937.360000
75%                       3325.360000       3380.128000
max                      24118.460000      25876.879600
2023-08-16 22:31:26,158 - INFO - Upgrade file updated and saved to: /Users/lliu2/Documents/GitHub/resstock/euss_cleap/data_/community_building_samples/duluth/up01_duct_corrected.parquet
2023-08-16 22:31:26,188 - INFO - 
2023-08-16 22:31:26,188 - INFO - =====================================================================================
2023-08-16 22:31:26,188 - INFO - 
>> Recalculating duct sealing applicability and costs for upgrade_no = 2...
2023-08-16 22:31:26,204 - INFO - Updating 43 upgrade_costs.option_05_cost_usd from ['30% Leakage, R-4', '30% Leakage, R-6']
2023-08-16 22:31:26,204 - INFO - 1 new_cost=0 found:
building_id
259798    0.0
Name: duct_total_surface_area, dtype: float64
2023-08-16 22:31:26,205 - INFO -             build_existing_model.hvac_has_ducts  duct_total_surface_area  ... build_existing_model.hvac_cooling_efficiency build_existing_model.hvac_shared_efficiencies
building_id                                                               ...                                                                                           
259798                                       No                      0.0  ...                             Room AC, EER 9.8   Boiler Baseboards Heating Only, Natural Gas

[1 rows x 6 columns]
2023-08-16 22:31:26,213 - INFO - Updating 15 upgrade_costs.option_06_cost_usd from ['30% Leakage, R-8']
2023-08-16 22:31:26,217 - INFO - Updating 199 upgrade_costs.option_07_cost_usd from ['20% Leakage, Uninsulated', '20% Leakage, R-4', '20% Leakage, R-6']
2023-08-16 22:31:26,218 - INFO - 15 new_cost=0 found:
building_id
20334     0.0
69104     0.0
115392    0.0
127398    0.0
158042    0.0
198911    0.0
239075    0.0
271704    0.0
353616    0.0
400546    0.0
408345    0.0
408768    0.0
423752    0.0
480072    0.0
518082    0.0
Name: duct_total_surface_area, dtype: float64
2023-08-16 22:31:26,218 - INFO -             build_existing_model.hvac_has_ducts  duct_total_surface_area  ... build_existing_model.hvac_cooling_efficiency build_existing_model.hvac_shared_efficiencies
building_id                                                               ...                                                                                           
20334                                        No                      0.0  ...                                         None   Boiler Baseboards Heating Only, Electricity
69104                                        No                      0.0  ...                                         None   Boiler Baseboards Heating Only, Electricity
115392                                       No                      0.0  ...                            Room AC, EER 10.7                                          None
127398                                       No                      0.0  ...                                         None   Boiler Baseboards Heating Only, Natural Gas
158042                                       No                      0.0  ...                                         None   Boiler Baseboards Heating Only, Natural Gas
198911                                       No                      0.0  ...                                         None   Boiler Baseboards Heating Only, Electricity
239075                                       No                      0.0  ...                                         None   Boiler Baseboards Heating Only, Electricity
271704                                       No                      0.0  ...                                         None   Boiler Baseboards Heating Only, Natural Gas
353616                                       No                      0.0  ...                                         None   Boiler Baseboards Heating Only, Natural Gas
400546                                       No                      0.0  ...                                         None   Boiler Baseboards Heating Only, Natural Gas
408345                                       No                      0.0  ...                            Room AC, EER 12.0   Boiler Baseboards Heating Only, Natural Gas
408768                                       No                      0.0  ...                                         None   Boiler Baseboards Heating Only, Natural Gas
423752                                       No                      0.0  ...                                         None   Boiler Baseboards Heating Only, Electricity
480072                                       No                      0.0  ...                                         None   Boiler Baseboards Heating Only, Natural Gas
518082                                       No                      0.0  ...                                         None   Boiler Baseboards Heating Only, Electricity

[15 rows x 6 columns]
2023-08-16 22:31:26,227 - INFO - Updating 18 upgrade_costs.option_08_cost_usd from ['20% Leakage, R-8']
2023-08-16 22:31:26,231 - INFO - Updating 125 upgrade_costs.option_09_cost_usd from ['10% Leakage, Uninsulated', '10% Leakage, R-4', '10% Leakage, R-6']
2023-08-16 22:31:26,231 - INFO - 7 new_cost=0 found:
building_id
176833    0.0
258621    0.0
270886    0.0
275703    0.0
311217    0.0
446935    0.0
467296    0.0
Name: duct_total_surface_area, dtype: float64
2023-08-16 22:31:26,232 - INFO -             build_existing_model.hvac_has_ducts  duct_total_surface_area  ... build_existing_model.hvac_cooling_efficiency build_existing_model.hvac_shared_efficiencies
building_id                                                               ...                                                                                           
176833                                       No                      0.0  ...                                         None   Boiler Baseboards Heating Only, Electricity
258621                                       No                      0.0  ...                                         None   Boiler Baseboards Heating Only, Natural Gas
270886                                       No                      0.0  ...                                         None   Boiler Baseboards Heating Only, Natural Gas
275703                                       No                      0.0  ...                                         None   Boiler Baseboards Heating Only, Natural Gas
311217                                       No                      0.0  ...                            Room AC, EER 10.7   Boiler Baseboards Heating Only, Electricity
446935                                       No                      0.0  ...                                         None   Boiler Baseboards Heating Only, Natural Gas
467296                                       No                      0.0  ...                                         None   Boiler Baseboards Heating Only, Electricity

[7 rows x 6 columns]
2023-08-16 22:31:26,240 - INFO - Dropping 5 / 23 building_id(s) whose content have been modified for duct correction.
[69104, 198911, 239075, 176833, 467296]
2023-08-16 22:31:26,241 - INFO - For these buildings, duct sealing was the only applicable component in the upgrade and it no longer applies after the correction.
2023-08-16 22:31:26,244 - INFO - After duct correction, dfu has reduced in size from 1093 to len(dfu2) rows.
2023-08-16 22:31:26,244 - INFO - Change in upgrade_costs.upgrade_cost_usd:
2023-08-16 22:31:26,245 - INFO - 
       Before Correction (excludes 0)  After Correction
count                     1068.000000       1088.000000
mean                      4153.297921       4168.604751
std                       3092.287106       3113.553752
min                        166.500000          0.000000
25%                       1562.300000       1534.266300
50%                       3876.440000       3864.520000
75%                       6221.460000       6221.460000
max                      24118.460000      25876.879600
2023-08-16 22:31:26,294 - INFO - Upgrade file updated and saved to: /Users/lliu2/Documents/GitHub/resstock/euss_cleap/data_/community_building_samples/duluth/up02_duct_corrected.parquet
2023-08-16 22:31:26,325 - INFO - 
2023-08-16 22:31:26,325 - INFO - =====================================================================================
2023-08-16 22:31:26,326 - INFO - 
>> Recalculating duct sealing applicability and costs for upgrade_no = 3...
2023-08-16 22:31:26,347 - INFO - After duct correction, dfu has reduced in size from 1217 to len(dfu2) rows.
2023-08-16 22:31:26,347 - INFO - Change in upgrade_costs.upgrade_cost_usd:
2023-08-16 22:31:26,348 - INFO - 
       Before Correction (excludes 0)  After Correction
count                    1.217000e+03      1.217000e+03
mean                     6.746200e+04      6.746200e+04
std                      1.218058e+05      1.218058e+05
min                      4.504720e+03      4.504720e+03
25%                      6.100960e+03      6.100960e+03
50%                      8.234860e+03      8.234860e+03
75%                      9.821698e+04      9.821698e+04
max                      1.257123e+06      1.257123e+06
2023-08-16 22:31:26,400 - INFO - Upgrade file updated and saved to: /Users/lliu2/Documents/GitHub/resstock/euss_cleap/data_/community_building_samples/duluth/up03_duct_corrected.parquet
2023-08-16 22:31:26,438 - INFO - 
2023-08-16 22:31:26,438 - INFO - =====================================================================================
2023-08-16 22:31:26,438 - INFO - 
>> Recalculating duct sealing applicability and costs for upgrade_no = 4...
2023-08-16 22:31:26,460 - INFO - After duct correction, dfu has reduced in size from 1217 to len(dfu2) rows.
2023-08-16 22:31:26,460 - INFO - Change in upgrade_costs.upgrade_cost_usd:
2023-08-16 22:31:26,461 - INFO - 
       Before Correction (excludes 0)  After Correction
count                     1217.000000       1217.000000
mean                     25704.241849      25704.241849
std                      15911.045301      15911.045301
min                       5019.510000       5019.510000
25%                      17084.390000      17084.390000
50%                      18803.050000      18803.050000
75%                      28577.780000      28577.780000
max                     122716.460000     122716.460000
2023-08-16 22:31:26,514 - INFO - Upgrade file updated and saved to: /Users/lliu2/Documents/GitHub/resstock/euss_cleap/data_/community_building_samples/duluth/up04_duct_corrected.parquet
2023-08-16 22:31:26,545 - INFO - 
2023-08-16 22:31:26,545 - INFO - =====================================================================================
2023-08-16 22:31:26,545 - INFO - 
>> Recalculating duct sealing applicability and costs for upgrade_no = 5...
2023-08-16 22:31:26,566 - INFO - After duct correction, dfu has reduced in size from 1159 to len(dfu2) rows.
2023-08-16 22:31:26,566 - INFO - Change in upgrade_costs.upgrade_cost_usd:
2023-08-16 22:31:26,568 - INFO - 
       Before Correction (excludes 0)  After Correction
count                    1.159000e+03      1.159000e+03
mean                     5.622734e+04      5.622734e+04
std                      9.411003e+04      9.411003e+04
min                      4.504720e+03      4.504720e+03
25%                      6.052545e+03      6.052545e+03
50%                      7.939570e+03      7.939570e+03
75%                      8.869538e+04      8.869538e+04
max                      1.257123e+06      1.257123e+06
2023-08-16 22:31:26,619 - INFO - Upgrade file updated and saved to: /Users/lliu2/Documents/GitHub/resstock/euss_cleap/data_/community_building_samples/duluth/up05_duct_corrected.parquet
2023-08-16 22:31:26,650 - INFO - 
2023-08-16 22:31:26,650 - INFO - =====================================================================================
2023-08-16 22:31:26,650 - INFO - 
>> Recalculating duct sealing applicability and costs for upgrade_no = 6...
2023-08-16 22:31:26,670 - INFO - After duct correction, dfu has reduced in size from 1214 to len(dfu2) rows.
2023-08-16 22:31:26,670 - INFO - Change in upgrade_costs.upgrade_cost_usd:
2023-08-16 22:31:26,671 - INFO - 
       Before Correction (excludes 0)  After Correction
count                     1214.000000       1214.000000
mean                      2519.775947       2519.775947
std                        472.011705        472.011705
min                       2242.000000       2242.000000
25%                       2242.000000       2242.000000
50%                       2242.000000       2242.000000
75%                       3088.000000       3088.000000
max                       3828.000000       3828.000000
2023-08-16 22:31:26,722 - INFO - Upgrade file updated and saved to: /Users/lliu2/Documents/GitHub/resstock/euss_cleap/data_/community_building_samples/duluth/up06_duct_corrected.parquet
2023-08-16 22:31:26,752 - INFO - 
2023-08-16 22:31:26,752 - INFO - =====================================================================================
2023-08-16 22:31:26,752 - INFO - 
>> Recalculating duct sealing applicability and costs for upgrade_no = 7...
2023-08-16 22:31:26,772 - INFO - After duct correction, dfu has reduced in size from 1037 to len(dfu2) rows.
2023-08-16 22:31:26,772 - INFO - Change in upgrade_costs.upgrade_cost_usd:
2023-08-16 22:31:26,773 - INFO - 
       Before Correction (excludes 0)  After Correction
count                    1.037000e+03      1.037000e+03
mean                     5.790198e+04      5.790198e+04
std                      1.141400e+05      1.141400e+05
min                      8.700000e+02      8.700000e+02
25%                      7.668140e+03      7.668140e+03
50%                      9.775000e+03      9.775000e+03
75%                      6.774104e+04      6.774104e+04
max                      1.249255e+06      1.249255e+06
2023-08-16 22:31:26,822 - INFO - Upgrade file updated and saved to: /Users/lliu2/Documents/GitHub/resstock/euss_cleap/data_/community_building_samples/duluth/up07_duct_corrected.parquet
2023-08-16 22:31:26,853 - INFO - 
2023-08-16 22:31:26,853 - INFO - =====================================================================================
2023-08-16 22:31:26,853 - INFO - 
>> Recalculating duct sealing applicability and costs for upgrade_no = 8...
2023-08-16 22:31:26,874 - INFO - After duct correction, dfu has reduced in size from 1217 to len(dfu2) rows.
2023-08-16 22:31:26,874 - INFO - Change in upgrade_costs.upgrade_cost_usd:
2023-08-16 22:31:26,875 - INFO - 
       Before Correction (excludes 0)  After Correction
count                     1217.000000       1217.000000
mean                     31449.569712      31449.569712
std                      16142.476718      16142.476718
min                       7261.510000       7261.510000
25%                      22770.230000      22770.230000
50%                      24721.800000      24721.800000
75%                      34281.780000      34281.780000
max                     129266.460000     129266.460000
2023-08-16 22:31:26,929 - INFO - Upgrade file updated and saved to: /Users/lliu2/Documents/GitHub/resstock/euss_cleap/data_/community_building_samples/duluth/up08_duct_corrected.parquet
2023-08-16 22:31:26,960 - INFO - 
2023-08-16 22:31:26,960 - INFO - =====================================================================================
2023-08-16 22:31:26,960 - INFO - 
>> Recalculating duct sealing applicability and costs for upgrade_no = 9...
2023-08-16 22:31:26,977 - INFO - Updating 43 upgrade_costs.option_05_cost_usd from ['30% Leakage, R-4', '30% Leakage, R-6']
2023-08-16 22:31:26,978 - INFO - 1 new_cost=0 found:
building_id
259798    0.0
Name: duct_total_surface_area, dtype: float64
2023-08-16 22:31:26,978 - INFO -             build_existing_model.hvac_has_ducts  duct_total_surface_area  ... build_existing_model.hvac_cooling_efficiency build_existing_model.hvac_shared_efficiencies
building_id                                                               ...                                                                                           
259798                                       No                      0.0  ...                             Room AC, EER 9.8   Boiler Baseboards Heating Only, Natural Gas

[1 rows x 6 columns]
2023-08-16 22:31:26,984 - INFO - Updating 15 upgrade_costs.option_06_cost_usd from ['30% Leakage, R-8']
2023-08-16 22:31:26,985 - INFO - Updating 199 upgrade_costs.option_07_cost_usd from ['20% Leakage, Uninsulated', '20% Leakage, R-4', '20% Leakage, R-6']
2023-08-16 22:31:26,985 - INFO - 15 new_cost=0 found:
building_id
20334     0.0
69104     0.0
115392    0.0
127398    0.0
158042    0.0
198911    0.0
239075    0.0
271704    0.0
353616    0.0
400546    0.0
408345    0.0
408768    0.0
423752    0.0
480072    0.0
518082    0.0
Name: duct_total_surface_area, dtype: float64
2023-08-16 22:31:26,986 - INFO -             build_existing_model.hvac_has_ducts  duct_total_surface_area  ... build_existing_model.hvac_cooling_efficiency build_existing_model.hvac_shared_efficiencies
building_id                                                               ...                                                                                           
20334                                        No                      0.0  ...                                         None   Boiler Baseboards Heating Only, Electricity
69104                                        No                      0.0  ...                                         None   Boiler Baseboards Heating Only, Electricity
115392                                       No                      0.0  ...                            Room AC, EER 10.7                                          None
127398                                       No                      0.0  ...                                         None   Boiler Baseboards Heating Only, Natural Gas
158042                                       No                      0.0  ...                                         None   Boiler Baseboards Heating Only, Natural Gas
198911                                       No                      0.0  ...                                         None   Boiler Baseboards Heating Only, Electricity
239075                                       No                      0.0  ...                                         None   Boiler Baseboards Heating Only, Electricity
271704                                       No                      0.0  ...                                         None   Boiler Baseboards Heating Only, Natural Gas
353616                                       No                      0.0  ...                                         None   Boiler Baseboards Heating Only, Natural Gas
400546                                       No                      0.0  ...                                         None   Boiler Baseboards Heating Only, Natural Gas
408345                                       No                      0.0  ...                            Room AC, EER 12.0   Boiler Baseboards Heating Only, Natural Gas
408768                                       No                      0.0  ...                                         None   Boiler Baseboards Heating Only, Natural Gas
423752                                       No                      0.0  ...                                         None   Boiler Baseboards Heating Only, Electricity
480072                                       No                      0.0  ...                                         None   Boiler Baseboards Heating Only, Natural Gas
518082                                       No                      0.0  ...                                         None   Boiler Baseboards Heating Only, Electricity

[15 rows x 6 columns]
2023-08-16 22:31:26,993 - INFO - Updating 18 upgrade_costs.option_08_cost_usd from ['20% Leakage, R-8']
2023-08-16 22:31:26,994 - INFO - Updating 125 upgrade_costs.option_09_cost_usd from ['10% Leakage, Uninsulated', '10% Leakage, R-4', '10% Leakage, R-6']
2023-08-16 22:31:26,994 - INFO - 7 new_cost=0 found:
building_id
176833    0.0
258621    0.0
270886    0.0
275703    0.0
311217    0.0
446935    0.0
467296    0.0
Name: duct_total_surface_area, dtype: float64
2023-08-16 22:31:26,995 - INFO -             build_existing_model.hvac_has_ducts  duct_total_surface_area  ... build_existing_model.hvac_cooling_efficiency build_existing_model.hvac_shared_efficiencies
building_id                                                               ...                                                                                           
176833                                       No                      0.0  ...                                         None   Boiler Baseboards Heating Only, Electricity
258621                                       No                      0.0  ...                                         None   Boiler Baseboards Heating Only, Natural Gas
270886                                       No                      0.0  ...                                         None   Boiler Baseboards Heating Only, Natural Gas
275703                                       No                      0.0  ...                                         None   Boiler Baseboards Heating Only, Natural Gas
311217                                       No                      0.0  ...                            Room AC, EER 10.7   Boiler Baseboards Heating Only, Electricity
446935                                       No                      0.0  ...                                         None   Boiler Baseboards Heating Only, Natural Gas
467296                                       No                      0.0  ...                                         None   Boiler Baseboards Heating Only, Electricity

[7 rows x 6 columns]
2023-08-16 22:31:27,003 - INFO - Dropping 0 / 23 building_id(s) whose content have been modified for duct correction.
[]
2023-08-16 22:31:27,003 - INFO - For these buildings, duct sealing was the only applicable component in the upgrade and it no longer applies after the correction.
2023-08-16 22:31:27,007 - INFO - After duct correction, dfu has reduced in size from 1217 to len(dfu2) rows.
2023-08-16 22:31:27,007 - INFO - Change in upgrade_costs.upgrade_cost_usd:
2023-08-16 22:31:27,008 - INFO - 
       Before Correction (excludes 0)  After Correction
count                     1217.000000       1217.000000
mean                     31341.445933      31421.323952
std                      13914.364399      13892.726306
min                       7261.510000       7261.510000
25%                      23738.820000      23765.960000
50%                      26597.760000      26694.370000
75%                      34320.940000      34432.870000
max                     131781.120000     131781.120000
2023-08-16 22:31:27,069 - INFO - Upgrade file updated and saved to: /Users/lliu2/Documents/GitHub/resstock/euss_cleap/data_/community_building_samples/duluth/up09_duct_corrected.parquet
2023-08-16 22:31:27,101 - INFO - 
2023-08-16 22:31:27,101 - INFO - =====================================================================================
2023-08-16 22:31:27,101 - INFO - 
>> Recalculating duct sealing applicability and costs for upgrade_no = 10...
2023-08-16 22:31:27,119 - INFO - Updating 43 upgrade_costs.option_05_cost_usd from ['30% Leakage, R-4', '30% Leakage, R-6']
2023-08-16 22:31:27,119 - INFO - 1 new_cost=0 found:
building_id
259798    0.0
Name: duct_total_surface_area, dtype: float64
2023-08-16 22:31:27,120 - INFO -             build_existing_model.hvac_has_ducts  duct_total_surface_area  ... build_existing_model.hvac_cooling_efficiency build_existing_model.hvac_shared_efficiencies
building_id                                                               ...                                                                                           
259798                                       No                      0.0  ...                             Room AC, EER 9.8   Boiler Baseboards Heating Only, Natural Gas

[1 rows x 6 columns]
2023-08-16 22:31:27,126 - INFO - Updating 15 upgrade_costs.option_06_cost_usd from ['30% Leakage, R-8']
2023-08-16 22:31:27,127 - INFO - Updating 199 upgrade_costs.option_07_cost_usd from ['20% Leakage, Uninsulated', '20% Leakage, R-4', '20% Leakage, R-6']
2023-08-16 22:31:27,128 - INFO - 15 new_cost=0 found:
building_id
20334     0.0
69104     0.0
115392    0.0
127398    0.0
158042    0.0
198911    0.0
239075    0.0
271704    0.0
353616    0.0
400546    0.0
408345    0.0
408768    0.0
423752    0.0
480072    0.0
518082    0.0
Name: duct_total_surface_area, dtype: float64
2023-08-16 22:31:27,128 - INFO -             build_existing_model.hvac_has_ducts  duct_total_surface_area  ... build_existing_model.hvac_cooling_efficiency build_existing_model.hvac_shared_efficiencies
building_id                                                               ...                                                                                           
20334                                        No                      0.0  ...                                         None   Boiler Baseboards Heating Only, Electricity
69104                                        No                      0.0  ...                                         None   Boiler Baseboards Heating Only, Electricity
115392                                       No                      0.0  ...                            Room AC, EER 10.7                                          None
127398                                       No                      0.0  ...                                         None   Boiler Baseboards Heating Only, Natural Gas
158042                                       No                      0.0  ...                                         None   Boiler Baseboards Heating Only, Natural Gas
198911                                       No                      0.0  ...                                         None   Boiler Baseboards Heating Only, Electricity
239075                                       No                      0.0  ...                                         None   Boiler Baseboards Heating Only, Electricity
271704                                       No                      0.0  ...                                         None   Boiler Baseboards Heating Only, Natural Gas
353616                                       No                      0.0  ...                                         None   Boiler Baseboards Heating Only, Natural Gas
400546                                       No                      0.0  ...                                         None   Boiler Baseboards Heating Only, Natural Gas
408345                                       No                      0.0  ...                            Room AC, EER 12.0   Boiler Baseboards Heating Only, Natural Gas
408768                                       No                      0.0  ...                                         None   Boiler Baseboards Heating Only, Natural Gas
423752                                       No                      0.0  ...                                         None   Boiler Baseboards Heating Only, Electricity
480072                                       No                      0.0  ...                                         None   Boiler Baseboards Heating Only, Natural Gas
518082                                       No                      0.0  ...                                         None   Boiler Baseboards Heating Only, Electricity

[15 rows x 6 columns]
2023-08-16 22:31:27,135 - INFO - Updating 18 upgrade_costs.option_08_cost_usd from ['20% Leakage, R-8']
2023-08-16 22:31:27,136 - INFO - Updating 125 upgrade_costs.option_09_cost_usd from ['10% Leakage, Uninsulated', '10% Leakage, R-4', '10% Leakage, R-6']
2023-08-16 22:31:27,137 - INFO - 7 new_cost=0 found:
building_id
176833    0.0
258621    0.0
270886    0.0
275703    0.0
311217    0.0
446935    0.0
467296    0.0
Name: duct_total_surface_area, dtype: float64
2023-08-16 22:31:27,137 - INFO -             build_existing_model.hvac_has_ducts  duct_total_surface_area  ... build_existing_model.hvac_cooling_efficiency build_existing_model.hvac_shared_efficiencies
building_id                                                               ...                                                                                           
176833                                       No                      0.0  ...                                         None   Boiler Baseboards Heating Only, Electricity
258621                                       No                      0.0  ...                                         None   Boiler Baseboards Heating Only, Natural Gas
270886                                       No                      0.0  ...                                         None   Boiler Baseboards Heating Only, Natural Gas
275703                                       No                      0.0  ...                                         None   Boiler Baseboards Heating Only, Natural Gas
311217                                       No                      0.0  ...                            Room AC, EER 10.7   Boiler Baseboards Heating Only, Electricity
446935                                       No                      0.0  ...                                         None   Boiler Baseboards Heating Only, Natural Gas
467296                                       No                      0.0  ...                                         None   Boiler Baseboards Heating Only, Electricity

[7 rows x 6 columns]
2023-08-16 22:31:27,145 - INFO - Dropping 0 / 23 building_id(s) whose content have been modified for duct correction.
[]
2023-08-16 22:31:27,145 - INFO - For these buildings, duct sealing was the only applicable component in the upgrade and it no longer applies after the correction.
2023-08-16 22:31:27,148 - INFO - After duct correction, dfu has reduced in size from 1217 to len(dfu2) rows.
2023-08-16 22:31:27,149 - INFO - Change in upgrade_costs.upgrade_cost_usd:
2023-08-16 22:31:27,150 - INFO - 
       Before Correction (excludes 0)  After Correction
count                     1217.000000       1217.000000
mean                     31561.368825      31641.246844
std                      13796.300972      13777.636347
min                       7261.510000       7261.510000
25%                      23856.560000      23883.250000
50%                      26886.680000      26981.550000
75%                      34781.710000      34822.728800
max                     131781.120000     131781.120000
2023-08-16 22:31:27,202 - INFO - Upgrade file updated and saved to: /Users/lliu2/Documents/GitHub/resstock/euss_cleap/data_/community_building_samples/duluth/up10_duct_corrected.parquet
