# Logfile created on 2017-09-25 16:35:42 +0000 by logger.rb/47272
[16:35:42.812579 INFO] Server host is http://web:80
[16:35:42.812710 INFO] Analysis directory is /mnt/openstudio/analysis_fe821d2c-df1e-4105-9ee6-6c7fef1463ae
[16:35:42.812798 INFO] Simulation directory is /mnt/openstudio/analysis_fe821d2c-df1e-4105-9ee6-6c7fef1463ae/data_point_464e3b81-1e7c-4263-9ce6-2ee0d4efcfb8
[16:35:42.812849 INFO] Run datapoint type/file is workflow
[16:35:42.812902 INFO] Starting initialize_worker for datapoint 464e3b81-1e7c-4263-9ce6-2ee0d4efcfb8
[16:35:42.812997 INFO] receipt_file already exists, moving on
[16:35:42.927147 INFO] Downloading datapoint from http://web:80/data_points/464e3b81-1e7c-4263-9ce6-2ee0d4efcfb8.json
[16:35:43.011168 INFO] Creating Workflow Manager instance
[16:35:43.011267 INFO] Directory is /mnt/openstudio/analysis_fe821d2c-df1e-4105-9ee6-6c7fef1463ae/data_point_464e3b81-1e7c-4263-9ce6-2ee0d4efcfb8
[16:35:43.011321 INFO] Opening run.log file '/mnt/openstudio/analysis_fe821d2c-df1e-4105-9ee6-6c7fef1463ae/data_point_464e3b81-1e7c-4263-9ce6-2ee0d4efcfb8/run/run.log'
[16:35:43.020980 INFO] Running workflow
[16:39:30.319751 INFO] Final run state is finished
[16:39:30.355330 INFO] Saving files/reports back to the server
[16:39:30.355876 INFO] Saving report /mnt/openstudio/analysis_fe821d2c-df1e-4105-9ee6-6c7fef1463ae/data_point_464e3b81-1e7c-4263-9ce6-2ee0d4efcfb8/reports/eplustbl.html to http://web:80/data_points/464e3b81-1e7c-4263-9ce6-2ee0d4efcfb8/upload_file
[16:39:30.447035 INFO] Saving report responded with {"id":"59c93142a2321800caed5c28","data_point_id":"464e3b81-1e7c-4263-9ce6-2ee0d4efcfb8","display_name":"eplustbl","type":"Report","created_at":"2017-09-25T16:39:30.423Z","updated_at":"2017-09-25T16:39:30.423Z"}
[16:39:30.447549 INFO] Saving report /mnt/openstudio/analysis_fe821d2c-df1e-4105-9ee6-6c7fef1463ae/data_point_464e3b81-1e7c-4263-9ce6-2ee0d4efcfb8/run/objectives.json to http://web:80/data_points/464e3b81-1e7c-4263-9ce6-2ee0d4efcfb8/upload_file
[16:39:30.484227 INFO] Saving report responded with {"id":"59c93142a2321800caed5c29","data_point_id":"464e3b81-1e7c-4263-9ce6-2ee0d4efcfb8","display_name":"objectives","type":"Report","created_at":"2017-09-25T16:39:30.470Z","updated_at":"2017-09-25T16:39:30.470Z"}
[16:39:30.484718 INFO] Saving report /mnt/openstudio/analysis_fe821d2c-df1e-4105-9ee6-6c7fef1463ae/data_point_464e3b81-1e7c-4263-9ce6-2ee0d4efcfb8/out.osw to http://web:80/data_points/464e3b81-1e7c-4263-9ce6-2ee0d4efcfb8/upload_file
[16:39:30.594898 INFO] Saving report responded with {"id":"59c93142a2321800caed5c2a","data_point_id":"464e3b81-1e7c-4263-9ce6-2ee0d4efcfb8","display_name":"Final OSW File","type":"Report","created_at":"2017-09-25T16:39:30.580Z","updated_at":"2017-09-25T16:39:30.580Z"}
[16:39:30.595323 INFO] Saving report /mnt/openstudio/analysis_fe821d2c-df1e-4105-9ee6-6c7fef1463ae/data_point_464e3b81-1e7c-4263-9ce6-2ee0d4efcfb8/in.osm to http://web:80/data_points/464e3b81-1e7c-4263-9ce6-2ee0d4efcfb8/upload_file
[16:39:31.553917 INFO] Saving report responded with {"id":"59c93143a2321800caed5c2d","data_point_id":"464e3b81-1e7c-4263-9ce6-2ee0d4efcfb8","display_name":"model","type":"OpenStudio Model","created_at":"2017-09-25T16:39:31.317Z","updated_at":"2017-09-25T16:39:31.317Z"}
[16:39:31.554352 INFO] Saving report /mnt/openstudio/analysis_fe821d2c-df1e-4105-9ee6-6c7fef1463ae/data_point_464e3b81-1e7c-4263-9ce6-2ee0d4efcfb8/run/data_point.zip to http://web:80/data_points/464e3b81-1e7c-4263-9ce6-2ee0d4efcfb8/upload_file
[16:39:31.631381 INFO] Saving report responded with {"id":"59c93143a2321800caed5c2e","data_point_id":"464e3b81-1e7c-4263-9ce6-2ee0d4efcfb8","display_name":"Zip File","type":"Data Point","created_at":"2017-09-25T16:39:31.613Z","updated_at":"2017-09-25T16:39:31.613Z"}
[16:39:31.632252 INFO] Found data point finalization file datapoint_final.sh.
[16:39:31.632649 INFO] Preparing to run finalization script /mnt/openstudio/analysis_fe821d2c-df1e-4105-9ee6-6c7fef1463ae/scripts/worker_finalization/datapoint_final.sh
[16:39:31.633188 INFO] Looking for argument file /mnt/openstudio/analysis_fe821d2c-df1e-4105-9ee6-6c7fef1463ae/scripts/worker_finalization/datapoint_final.args
[16:39:31.633257 INFO] argument file exists /mnt/openstudio/analysis_fe821d2c-df1e-4105-9ee6-6c7fef1463ae/scripts/worker_finalization/datapoint_final.args
[16:39:31.633508 INFO] arguments are []
[16:39:31.772804 INFO] Script returned with exit code 0 of class Fixnum
[16:39:31.773397 INFO] Saving report /mnt/openstudio/analysis_fe821d2c-df1e-4105-9ee6-6c7fef1463ae/data_point_464e3b81-1e7c-4263-9ce6-2ee0d4efcfb8/run/datapoint_final.log to http://web:80/data_points/464e3b81-1e7c-4263-9ce6-2ee0d4efcfb8/upload_file
[16:39:31.852469 INFO] Saving report responded with {"id":"59c93143a2321800caed5c30","data_point_id":"464e3b81-1e7c-4263-9ce6-2ee0d4efcfb8","display_name":"Finalization Script Log","type":"Report","created_at":"2017-09-25T16:39:31.828Z","updated_at":"2017-09-25T16:39:31.828Z"}
[16:39:31.869552 INFO] Finished /opt/openstudio/server/app/workers/run_simulate_data_point.rb
