Cleaning up data_point directory.
Original files:
total 21596
-rw-rw-rw- 1 root root     4385 Sep 25 16:39 464e3b81-1e7c-4263-9ce6-2ee0d4efcfb8.log
-rw-rw-rw- 1 root root    66975 Sep 25 16:35 analysis.json
-rw-rw-rw- 1 root root     1030 Sep 25 16:35 data_point.json
-rw-rw-rw- 1 root root     2841 Sep 25 16:35 data_point.osw
-rw-rw-rw- 1 root root  4569847 Sep 25 16:36 in.idf
-rw-rw-rw- 1 root root 17298525 Sep 25 16:36 in.osm
-rw-rw-rw- 1 root root   146967 Sep 25 16:39 out.osw
drwxrwxrwx 2 root root     4096 Sep 25 16:39 reports
drwxrwxrwx 2 root root     4096 Sep 25 16:39 run
total 7448
-rw-rw-r-- 1 root root  644888 Sep 25 16:39 data_point.zip
-rw-rw-rw- 1 root root    8489 Sep 25 16:39 data_point_out.json
-rw-r--r-- 1 root root     587 Sep 25 16:39 datapoint_final.log
-rw-rw-rw- 1 root root  869612 Sep 25 16:39 enduse_timeseries.csv
-rw-rw-rw- 1 root root     102 Sep 25 16:37 eplusout.end
-rw-rw-rw- 1 root root   33491 Sep 25 16:37 eplusout.err
-rw-rw-rw- 1 root root   57945 Sep 25 16:37 eplusout.mtd
-rw-rw-rw- 1 root root   54617 Sep 25 16:36 eplusout.rdd
-rw-rw-rw- 1 root root  407179 Sep 25 16:37 eplustbl.htm
-rw-rw-rw- 1 root root      43 Sep 25 16:39 finished.job
-rw-rw-rw- 1 root root 4569847 Sep 25 16:36 in.idf
-rw-rw-rw- 1 root root    8489 Sep 25 16:39 measure_attributes.json
-rw-rw-rw- 1 root root   27635 Sep 25 16:35 measures.osw
-rw-rw-rw- 1 root root       3 Sep 25 16:39 objectives.json
-rw-rw-rw- 1 root root    8489 Sep 25 16:39 results.json
-rw-rw-rw- 1 root root  865170 Sep 25 16:39 run.log
-rw-rw-rw- 1 root root      49 Sep 25 16:36 sqlite.err
-rw-rw-rw- 1 root root      42 Sep 25 16:35 started.job
-rw-rw-rw- 1 root root    2336 Sep 25 16:37 stdout-energyplus
-rw-rw-rw- 1 root root      91 Sep 25 16:36 stdout-expandobject
7.3M	data_point_464e3b81-1e7c-4263-9ce6-2ee0d4efcfb8/run
404K	data_point_464e3b81-1e7c-4263-9ce6-2ee0d4efcfb8/reports
29M	data_point_464e3b81-1e7c-4263-9ce6-2ee0d4efcfb8
Final files:
total 236
-rw-rw-rw- 1 root root   4385 Sep 25 16:39 464e3b81-1e7c-4263-9ce6-2ee0d4efcfb8.log
-rw-rw-rw- 1 root root  66975 Sep 25 16:35 analysis.json
-rw-rw-rw- 1 root root   1030 Sep 25 16:35 data_point.json
-rw-rw-rw- 1 root root   2841 Sep 25 16:35 data_point.osw
-rw-rw-rw- 1 root root 146967 Sep 25 16:39 out.osw
drwxrwxrwx 2 root root   4096 Sep 25 16:39 reports
drwxrwxrwx 2 root root   4096 Sep 25 16:39 run
total 1488
-rw-rw-r-- 1 root root 644888 Sep 25 16:39 data_point.zip
-rw-r--r-- 1 root root   2375 Sep 25 16:39 datapoint_final.log
-rw-rw-rw- 1 root root 869612 Sep 25 16:39 enduse_timeseries.csv
1.5M	data_point_464e3b81-1e7c-4263-9ce6-2ee0d4efcfb8/run
404K	data_point_464e3b81-1e7c-4263-9ce6-2ee0d4efcfb8/reports
2.1M	data_point_464e3b81-1e7c-4263-9ce6-2ee0d4efcfb8
