Cleaning up data_point directory.
Original files:
total 21652
-rw-rw-rw- 1 root root    66975 Sep 25 16:35 analysis.json
-rw-rw-rw- 1 root root     1030 Sep 25 16:35 data_point.json
-rw-rw-rw- 1 root root     2841 Sep 25 16:35 data_point.osw
-rw-rw-rw- 1 root root     4385 Sep 25 16:39 ee358a65-df3e-4647-b318-8a6b8b0879ef.log
-rw-rw-rw- 1 root root  4595890 Sep 25 16:36 in.idf
-rw-rw-rw- 1 root root 17327908 Sep 25 16:36 in.osm
-rw-rw-rw- 1 root root   145242 Sep 25 16:39 out.osw
drwxrwxrwx 2 root root     4096 Sep 25 16:39 reports
drwxrwxrwx 2 root root     4096 Sep 25 16:39 run
total 7492
-rw-rw-r-- 1 root root  643737 Sep 25 16:39 data_point.zip
-rw-rw-rw- 1 root root    8475 Sep 25 16:39 data_point_out.json
-rw-r--r-- 1 root root     587 Sep 25 16:39 datapoint_final.log
-rw-rw-rw- 1 root root  879786 Sep 25 16:39 enduse_timeseries.csv
-rw-rw-rw- 1 root root     102 Sep 25 16:37 eplusout.end
-rw-rw-rw- 1 root root   33470 Sep 25 16:37 eplusout.err
-rw-rw-rw- 1 root root   54816 Sep 25 16:37 eplusout.mtd
-rw-rw-rw- 1 root root   55509 Sep 25 16:37 eplusout.rdd
-rw-rw-rw- 1 root root  423324 Sep 25 16:37 eplustbl.htm
-rw-rw-rw- 1 root root      43 Sep 25 16:39 finished.job
-rw-rw-rw- 1 root root 4595890 Sep 25 16:36 in.idf
-rw-rw-rw- 1 root root    8475 Sep 25 16:39 measure_attributes.json
-rw-rw-rw- 1 root root   27584 Sep 25 16:35 measures.osw
-rw-rw-rw- 1 root root       3 Sep 25 16:39 objectives.json
-rw-rw-rw- 1 root root    8475 Sep 25 16:39 results.json
-rw-rw-rw- 1 root root  863389 Sep 25 16:39 run.log
-rw-rw-rw- 1 root root      49 Sep 25 16:37 sqlite.err
-rw-rw-rw- 1 root root      42 Sep 25 16:35 started.job
-rw-rw-rw- 1 root root    2351 Sep 25 16:37 stdout-energyplus
-rw-rw-rw- 1 root root      91 Sep 25 16:37 stdout-expandobject
7.4M	data_point_ee358a65-df3e-4647-b318-8a6b8b0879ef/run
420K	data_point_ee358a65-df3e-4647-b318-8a6b8b0879ef/reports
29M	data_point_ee358a65-df3e-4647-b318-8a6b8b0879ef
Final files:
total 236
-rw-rw-rw- 1 root root  66975 Sep 25 16:35 analysis.json
-rw-rw-rw- 1 root root   1030 Sep 25 16:35 data_point.json
-rw-rw-rw- 1 root root   2841 Sep 25 16:35 data_point.osw
-rw-rw-rw- 1 root root   4385 Sep 25 16:39 ee358a65-df3e-4647-b318-8a6b8b0879ef.log
-rw-rw-rw- 1 root root 145242 Sep 25 16:39 out.osw
drwxrwxrwx 2 root root   4096 Sep 25 16:39 reports
drwxrwxrwx 2 root root   4096 Sep 25 16:39 run
total 1496
-rw-rw-r-- 1 root root 643737 Sep 25 16:39 data_point.zip
-rw-r--r-- 1 root root   2375 Sep 25 16:39 datapoint_final.log
-rw-rw-rw- 1 root root 879786 Sep 25 16:39 enduse_timeseries.csv
1.5M	data_point_ee358a65-df3e-4647-b318-8a6b8b0879ef/run
420K	data_point_ee358a65-df3e-4647-b318-8a6b8b0879ef/reports
2.2M	data_point_ee358a65-df3e-4647-b318-8a6b8b0879ef
