# Logfile created on 2017-09-25 16:35:42 +0000 by logger.rb/47272
[16:35:42.925385 INFO] Server host is http://web:80
[16:35:42.925453 INFO] Analysis directory is /mnt/openstudio/analysis_fe821d2c-df1e-4105-9ee6-6c7fef1463ae
[16:35:42.925524 INFO] Simulation directory is /mnt/openstudio/analysis_fe821d2c-df1e-4105-9ee6-6c7fef1463ae/data_point_ee358a65-df3e-4647-b318-8a6b8b0879ef
[16:35:42.925570 INFO] Run datapoint type/file is workflow
[16:35:42.925609 INFO] Starting initialize_worker for datapoint ee358a65-df3e-4647-b318-8a6b8b0879ef
[16:35:42.925677 INFO] receipt_file already exists, moving on
[16:35:42.974118 INFO] Downloading datapoint from http://web:80/data_points/ee358a65-df3e-4647-b318-8a6b8b0879ef.json
[16:35:42.997306 INFO] Creating Workflow Manager instance
[16:35:42.997410 INFO] Directory is /mnt/openstudio/analysis_fe821d2c-df1e-4105-9ee6-6c7fef1463ae/data_point_ee358a65-df3e-4647-b318-8a6b8b0879ef
[16:35:42.997462 INFO] Opening run.log file '/mnt/openstudio/analysis_fe821d2c-df1e-4105-9ee6-6c7fef1463ae/data_point_ee358a65-df3e-4647-b318-8a6b8b0879ef/run/run.log'
[16:35:43.012127 INFO] Running workflow
[16:39:46.262043 INFO] Final run state is finished
[16:39:46.298034 INFO] Saving files/reports back to the server
[16:39:46.298350 INFO] Saving report /mnt/openstudio/analysis_fe821d2c-df1e-4105-9ee6-6c7fef1463ae/data_point_ee358a65-df3e-4647-b318-8a6b8b0879ef/reports/eplustbl.html to http://web:80/data_points/ee358a65-df3e-4647-b318-8a6b8b0879ef/upload_file
[16:39:46.362778 INFO] Saving report responded with {"id":"59c93152a2321800d2ed57b5","data_point_id":"ee358a65-df3e-4647-b318-8a6b8b0879ef","display_name":"eplustbl","type":"Report","created_at":"2017-09-25T16:39:46.343Z","updated_at":"2017-09-25T16:39:46.343Z"}
[16:39:46.364899 INFO] Saving report /mnt/openstudio/analysis_fe821d2c-df1e-4105-9ee6-6c7fef1463ae/data_point_ee358a65-df3e-4647-b318-8a6b8b0879ef/run/objectives.json to http://web:80/data_points/ee358a65-df3e-4647-b318-8a6b8b0879ef/upload_file
[16:39:46.495934 INFO] Saving report responded with {"id":"59c93152a2321800d2ed57b6","data_point_id":"ee358a65-df3e-4647-b318-8a6b8b0879ef","display_name":"objectives","type":"Report","created_at":"2017-09-25T16:39:46.456Z","updated_at":"2017-09-25T16:39:46.456Z"}
[16:39:46.496264 INFO] Saving report /mnt/openstudio/analysis_fe821d2c-df1e-4105-9ee6-6c7fef1463ae/data_point_ee358a65-df3e-4647-b318-8a6b8b0879ef/out.osw to http://web:80/data_points/ee358a65-df3e-4647-b318-8a6b8b0879ef/upload_file
[16:39:46.557494 INFO] Saving report responded with {"id":"59c93152a2321800d2ed57b7","data_point_id":"ee358a65-df3e-4647-b318-8a6b8b0879ef","display_name":"Final OSW File","type":"Report","created_at":"2017-09-25T16:39:46.529Z","updated_at":"2017-09-25T16:39:46.529Z"}
[16:39:46.557752 INFO] Saving report /mnt/openstudio/analysis_fe821d2c-df1e-4105-9ee6-6c7fef1463ae/data_point_ee358a65-df3e-4647-b318-8a6b8b0879ef/in.osm to http://web:80/data_points/ee358a65-df3e-4647-b318-8a6b8b0879ef/upload_file
[16:39:47.662856 INFO] Saving report responded with {"id":"59c93153a2321800caed5c52","data_point_id":"ee358a65-df3e-4647-b318-8a6b8b0879ef","display_name":"model","type":"OpenStudio Model","created_at":"2017-09-25T16:39:47.572Z","updated_at":"2017-09-25T16:39:47.572Z"}
[16:39:47.663243 INFO] Saving report /mnt/openstudio/analysis_fe821d2c-df1e-4105-9ee6-6c7fef1463ae/data_point_ee358a65-df3e-4647-b318-8a6b8b0879ef/run/data_point.zip to http://web:80/data_points/ee358a65-df3e-4647-b318-8a6b8b0879ef/upload_file
[16:39:47.729339 INFO] Saving report responded with {"id":"59c93153a2321800caed5c53","data_point_id":"ee358a65-df3e-4647-b318-8a6b8b0879ef","display_name":"Zip File","type":"Data Point","created_at":"2017-09-25T16:39:47.718Z","updated_at":"2017-09-25T16:39:47.718Z"}
[16:39:47.730066 INFO] Found data point finalization file datapoint_final.sh.
[16:39:47.730325 INFO] Preparing to run finalization script /mnt/openstudio/analysis_fe821d2c-df1e-4105-9ee6-6c7fef1463ae/scripts/worker_finalization/datapoint_final.sh
[16:39:47.730711 INFO] Looking for argument file /mnt/openstudio/analysis_fe821d2c-df1e-4105-9ee6-6c7fef1463ae/scripts/worker_finalization/datapoint_final.args
[16:39:47.730794 INFO] argument file exists /mnt/openstudio/analysis_fe821d2c-df1e-4105-9ee6-6c7fef1463ae/scripts/worker_finalization/datapoint_final.args
[16:39:47.731014 INFO] arguments are []
[16:39:47.808924 INFO] Script returned with exit code 0 of class Fixnum
[16:39:47.809282 INFO] Saving report /mnt/openstudio/analysis_fe821d2c-df1e-4105-9ee6-6c7fef1463ae/data_point_ee358a65-df3e-4647-b318-8a6b8b0879ef/run/datapoint_final.log to http://web:80/data_points/ee358a65-df3e-4647-b318-8a6b8b0879ef/upload_file
[16:39:47.863139 INFO] Saving report responded with {"id":"59c93153a2321800caed5c54","data_point_id":"ee358a65-df3e-4647-b318-8a6b8b0879ef","display_name":"Finalization Script Log","type":"Report","created_at":"2017-09-25T16:39:47.825Z","updated_at":"2017-09-25T16:39:47.825Z"}
[16:39:47.871749 INFO] Finished /opt/openstudio/server/app/workers/run_simulate_data_point.rb
