# Logfile created on 2017-09-25 16:35:42 +0000 by logger.rb/47272
[16:35:43.006293 INFO] Server host is http://web:80
[16:35:43.006428 INFO] Analysis directory is /mnt/openstudio/analysis_fe821d2c-df1e-4105-9ee6-6c7fef1463ae
[16:35:43.006515 INFO] Simulation directory is /mnt/openstudio/analysis_fe821d2c-df1e-4105-9ee6-6c7fef1463ae/data_point_5bdc76ee-6236-4977-8bdf-079a1dbcd8b9
[16:35:43.006563 INFO] Run datapoint type/file is workflow
[16:35:43.006620 INFO] Starting initialize_worker for datapoint 5bdc76ee-6236-4977-8bdf-079a1dbcd8b9
[16:35:43.006721 INFO] receipt_file already exists, moving on
[16:35:43.014785 INFO] Downloading datapoint from http://web:80/data_points/5bdc76ee-6236-4977-8bdf-079a1dbcd8b9.json
[16:35:43.023877 INFO] Creating Workflow Manager instance
[16:35:43.023954 INFO] Directory is /mnt/openstudio/analysis_fe821d2c-df1e-4105-9ee6-6c7fef1463ae/data_point_5bdc76ee-6236-4977-8bdf-079a1dbcd8b9
[16:35:43.024015 INFO] Opening run.log file '/mnt/openstudio/analysis_fe821d2c-df1e-4105-9ee6-6c7fef1463ae/data_point_5bdc76ee-6236-4977-8bdf-079a1dbcd8b9/run/run.log'
[16:35:43.033017 INFO] Running workflow
[16:39:23.305395 INFO] Final run state is finished
[16:39:23.331044 INFO] Saving files/reports back to the server
[16:39:23.331393 INFO] Saving report /mnt/openstudio/analysis_fe821d2c-df1e-4105-9ee6-6c7fef1463ae/data_point_5bdc76ee-6236-4977-8bdf-079a1dbcd8b9/reports/eplustbl.html to http://web:80/data_points/5bdc76ee-6236-4977-8bdf-079a1dbcd8b9/upload_file
[16:39:23.376152 INFO] Saving report responded with {"id":"59c9313ba2321800caed5c10","data_point_id":"5bdc76ee-6236-4977-8bdf-079a1dbcd8b9","display_name":"eplustbl","type":"Report","created_at":"2017-09-25T16:39:23.364Z","updated_at":"2017-09-25T16:39:23.364Z"}
[16:39:23.376451 INFO] Saving report /mnt/openstudio/analysis_fe821d2c-df1e-4105-9ee6-6c7fef1463ae/data_point_5bdc76ee-6236-4977-8bdf-079a1dbcd8b9/run/objectives.json to http://web:80/data_points/5bdc76ee-6236-4977-8bdf-079a1dbcd8b9/upload_file
[16:39:23.409986 INFO] Saving report responded with {"id":"59c9313ba2321800caed5c11","data_point_id":"5bdc76ee-6236-4977-8bdf-079a1dbcd8b9","display_name":"objectives","type":"Report","created_at":"2017-09-25T16:39:23.392Z","updated_at":"2017-09-25T16:39:23.392Z"}
[16:39:23.410215 INFO] Saving report /mnt/openstudio/analysis_fe821d2c-df1e-4105-9ee6-6c7fef1463ae/data_point_5bdc76ee-6236-4977-8bdf-079a1dbcd8b9/out.osw to http://web:80/data_points/5bdc76ee-6236-4977-8bdf-079a1dbcd8b9/upload_file
[16:39:23.445389 INFO] Saving report responded with {"id":"59c9313ba2321800caed5c12","data_point_id":"5bdc76ee-6236-4977-8bdf-079a1dbcd8b9","display_name":"Final OSW File","type":"Report","created_at":"2017-09-25T16:39:23.433Z","updated_at":"2017-09-25T16:39:23.433Z"}
[16:39:23.445682 INFO] Saving report /mnt/openstudio/analysis_fe821d2c-df1e-4105-9ee6-6c7fef1463ae/data_point_5bdc76ee-6236-4977-8bdf-079a1dbcd8b9/in.osm to http://web:80/data_points/5bdc76ee-6236-4977-8bdf-079a1dbcd8b9/upload_file
[16:39:24.752391 INFO] Saving report responded with {"id":"59c9313ca2321800fced5181","data_point_id":"5bdc76ee-6236-4977-8bdf-079a1dbcd8b9","display_name":"model","type":"OpenStudio Model","created_at":"2017-09-25T16:39:24.651Z","updated_at":"2017-09-25T16:39:24.651Z"}
[16:39:24.752843 INFO] Saving report /mnt/openstudio/analysis_fe821d2c-df1e-4105-9ee6-6c7fef1463ae/data_point_5bdc76ee-6236-4977-8bdf-079a1dbcd8b9/run/data_point.zip to http://web:80/data_points/5bdc76ee-6236-4977-8bdf-079a1dbcd8b9/upload_file
[16:39:24.837085 INFO] Saving report responded with {"id":"59c9313ca2321800dced5443","data_point_id":"5bdc76ee-6236-4977-8bdf-079a1dbcd8b9","display_name":"Zip File","type":"Data Point","created_at":"2017-09-25T16:39:24.809Z","updated_at":"2017-09-25T16:39:24.809Z"}
[16:39:24.837850 INFO] Found data point finalization file datapoint_final.sh.
[16:39:24.838047 INFO] Preparing to run finalization script /mnt/openstudio/analysis_fe821d2c-df1e-4105-9ee6-6c7fef1463ae/scripts/worker_finalization/datapoint_final.sh
[16:39:24.838581 INFO] Looking for argument file /mnt/openstudio/analysis_fe821d2c-df1e-4105-9ee6-6c7fef1463ae/scripts/worker_finalization/datapoint_final.args
[16:39:24.838656 INFO] argument file exists /mnt/openstudio/analysis_fe821d2c-df1e-4105-9ee6-6c7fef1463ae/scripts/worker_finalization/datapoint_final.args
[16:39:24.838929 INFO] arguments are []
[16:39:24.932711 INFO] Script returned with exit code 0 of class Fixnum
[16:39:24.933189 INFO] Saving report /mnt/openstudio/analysis_fe821d2c-df1e-4105-9ee6-6c7fef1463ae/data_point_5bdc76ee-6236-4977-8bdf-079a1dbcd8b9/run/datapoint_final.log to http://web:80/data_points/5bdc76ee-6236-4977-8bdf-079a1dbcd8b9/upload_file
[16:39:24.970051 INFO] Saving report responded with {"id":"59c9313ca2321800caed5c13","data_point_id":"5bdc76ee-6236-4977-8bdf-079a1dbcd8b9","display_name":"Finalization Script Log","type":"Report","created_at":"2017-09-25T16:39:24.957Z","updated_at":"2017-09-25T16:39:24.957Z"}
[16:39:24.982000 INFO] Finished /opt/openstudio/server/app/workers/run_simulate_data_point.rb
