# Logfile created on 2017-09-25 16:37:52 +0000 by logger.rb/47272
[16:37:52.243385 INFO] Server host is http://web:80
[16:37:52.243492 INFO] Analysis directory is /mnt/openstudio/analysis_fe821d2c-df1e-4105-9ee6-6c7fef1463ae
[16:37:52.243578 INFO] Simulation directory is /mnt/openstudio/analysis_fe821d2c-df1e-4105-9ee6-6c7fef1463ae/data_point_8d440cea-f8a0-4c54-ac9b-61afd805ea89
[16:37:52.243629 INFO] Run datapoint type/file is workflow
[16:37:52.243680 INFO] Starting initialize_worker for datapoint 8d440cea-f8a0-4c54-ac9b-61afd805ea89
[16:37:52.243793 INFO] receipt_file already exists, moving on
[16:37:52.250143 INFO] Downloading datapoint from http://web:80/data_points/8d440cea-f8a0-4c54-ac9b-61afd805ea89.json
[16:37:52.264483 INFO] Creating Workflow Manager instance
[16:37:52.264572 INFO] Directory is /mnt/openstudio/analysis_fe821d2c-df1e-4105-9ee6-6c7fef1463ae/data_point_8d440cea-f8a0-4c54-ac9b-61afd805ea89
[16:37:52.264643 INFO] Opening run.log file '/mnt/openstudio/analysis_fe821d2c-df1e-4105-9ee6-6c7fef1463ae/data_point_8d440cea-f8a0-4c54-ac9b-61afd805ea89/run/run.log'
[16:37:52.355960 INFO] Running workflow
[16:41:19.304382 INFO] Final run state is finished
[16:41:19.328694 INFO] Saving files/reports back to the server
[16:41:19.328881 INFO] Saving report /mnt/openstudio/analysis_fe821d2c-df1e-4105-9ee6-6c7fef1463ae/data_point_8d440cea-f8a0-4c54-ac9b-61afd805ea89/reports/eplustbl.html to http://web:80/data_points/8d440cea-f8a0-4c54-ac9b-61afd805ea89/upload_file
[16:41:19.381933 INFO] Saving report responded with {"id":"59c9314da2321800caed5c42","data_point_id":"8d440cea-f8a0-4c54-ac9b-61afd805ea89","display_name":"eplustbl","type":"Report","created_at":"2017-09-25T16:39:41.222Z","updated_at":"2017-09-25T16:39:41.222Z"}
[16:41:19.382187 INFO] Saving report /mnt/openstudio/analysis_fe821d2c-df1e-4105-9ee6-6c7fef1463ae/data_point_8d440cea-f8a0-4c54-ac9b-61afd805ea89/run/objectives.json to http://web:80/data_points/8d440cea-f8a0-4c54-ac9b-61afd805ea89/upload_file
[16:41:19.437766 INFO] Saving report responded with {"id":"59c9314da2321800caed5c43","data_point_id":"8d440cea-f8a0-4c54-ac9b-61afd805ea89","display_name":"objectives","type":"Report","created_at":"2017-09-25T16:39:41.264Z","updated_at":"2017-09-25T16:39:41.264Z"}
[16:41:19.438423 INFO] Saving report /mnt/openstudio/analysis_fe821d2c-df1e-4105-9ee6-6c7fef1463ae/data_point_8d440cea-f8a0-4c54-ac9b-61afd805ea89/out.osw to http://web:80/data_points/8d440cea-f8a0-4c54-ac9b-61afd805ea89/upload_file
[16:41:19.483740 INFO] Saving report responded with {"id":"59c9314da2321800caed5c44","data_point_id":"8d440cea-f8a0-4c54-ac9b-61afd805ea89","display_name":"Final OSW File","type":"Report","created_at":"2017-09-25T16:39:41.336Z","updated_at":"2017-09-25T16:39:41.336Z"}
[16:41:19.484073 INFO] Saving report /mnt/openstudio/analysis_fe821d2c-df1e-4105-9ee6-6c7fef1463ae/data_point_8d440cea-f8a0-4c54-ac9b-61afd805ea89/in.osm to http://web:80/data_points/8d440cea-f8a0-4c54-ac9b-61afd805ea89/upload_file
[16:41:22.588906 INFO] Saving report responded with {"id":"59c93150a2321800caed5c48","data_point_id":"8d440cea-f8a0-4c54-ac9b-61afd805ea89","display_name":"model","type":"OpenStudio Model","created_at":"2017-09-25T16:39:44.079Z","updated_at":"2017-09-25T16:39:44.079Z"}
[16:41:22.589392 INFO] Saving report /mnt/openstudio/analysis_fe821d2c-df1e-4105-9ee6-6c7fef1463ae/data_point_8d440cea-f8a0-4c54-ac9b-61afd805ea89/run/data_point.zip to http://web:80/data_points/8d440cea-f8a0-4c54-ac9b-61afd805ea89/upload_file
[16:41:22.749278 INFO] Saving report responded with {"id":"59c93150a2321800d2ed57b0","data_point_id":"8d440cea-f8a0-4c54-ac9b-61afd805ea89","display_name":"Zip File","type":"Data Point","created_at":"2017-09-25T16:39:44.597Z","updated_at":"2017-09-25T16:39:44.597Z"}
[16:41:22.749657 INFO] Found data point finalization file datapoint_final.sh.
[16:41:22.749775 INFO] Preparing to run finalization script /mnt/openstudio/analysis_fe821d2c-df1e-4105-9ee6-6c7fef1463ae/scripts/worker_finalization/datapoint_final.sh
[16:41:22.813111 INFO] Looking for argument file /mnt/openstudio/analysis_fe821d2c-df1e-4105-9ee6-6c7fef1463ae/scripts/worker_finalization/datapoint_final.args
[16:41:22.813202 INFO] argument file exists /mnt/openstudio/analysis_fe821d2c-df1e-4105-9ee6-6c7fef1463ae/scripts/worker_finalization/datapoint_final.args
[16:41:22.863207 INFO] arguments are []
[16:41:22.941898 INFO] Script returned with exit code 0 of class Fixnum
[16:41:22.942347 INFO] Saving report /mnt/openstudio/analysis_fe821d2c-df1e-4105-9ee6-6c7fef1463ae/data_point_8d440cea-f8a0-4c54-ac9b-61afd805ea89/run/datapoint_final.log to http://web:80/data_points/8d440cea-f8a0-4c54-ac9b-61afd805ea89/upload_file
[16:41:22.971142 INFO] Saving report responded with {"id":"59c93150a2321800caed5c4b","data_point_id":"8d440cea-f8a0-4c54-ac9b-61afd805ea89","display_name":"Finalization Script Log","type":"Report","created_at":"2017-09-25T16:39:44.819Z","updated_at":"2017-09-25T16:39:44.819Z"}
[16:41:22.983916 INFO] Finished /opt/openstudio/server/app/workers/run_simulate_data_point.rb
