Cleaning up data_point directory.
Original files:
total 22056
-rw-rw-rw- 1 root root     4385 Sep 25 16:41 8d440cea-f8a0-4c54-ac9b-61afd805ea89.log
-rw-rw-rw- 1 root root    66975 Sep 25 16:37 analysis.json
-rw-rw-rw- 1 root root     1030 Sep 25 16:37 data_point.json
-rw-rw-rw- 1 root root     2841 Sep 25 16:37 data_point.osw
-rw-rw-rw- 1 root root  4922032 Sep 25 16:38 in.idf
-rw-rw-rw- 1 root root 17407136 Sep 25 16:38 in.osm
-rw-rw-rw- 1 root root   158746 Sep 25 16:41 out.osw
drwxrwxrwx 2 root root     4096 Sep 25 16:41 reports
drwxrwxrwx 2 root root     4096 Sep 25 16:41 run
total 7968
-rw-rw-r-- 1 root root  655106 Sep 25 16:41 data_point.zip
-rw-rw-rw- 1 root root    8484 Sep 25 16:41 data_point_out.json
-rw-r--r-- 1 root root     587 Sep 25 16:41 datapoint_final.log
-rw-rw-rw- 1 root root  852348 Sep 25 16:41 enduse_timeseries.csv
-rw-rw-rw- 1 root root      99 Sep 25 16:39 eplusout.end
-rw-rw-rw- 1 root root   34056 Sep 25 16:39 eplusout.err
-rw-rw-rw- 1 root root   59970 Sep 25 16:39 eplusout.mtd
-rw-rw-rw- 1 root root   57246 Sep 25 16:38 eplusout.rdd
-rw-rw-rw- 1 root root  589076 Sep 25 16:39 eplustbl.htm
-rw-rw-rw- 1 root root      43 Sep 25 16:41 finished.job
-rw-rw-rw- 1 root root 4922032 Sep 25 16:38 in.idf
-rw-rw-rw- 1 root root    8484 Sep 25 16:41 measure_attributes.json
-rw-rw-rw- 1 root root   27165 Sep 25 16:37 measures.osw
-rw-rw-rw- 1 root root       3 Sep 25 16:41 objectives.json
-rw-rw-rw- 1 root root    8484 Sep 25 16:41 results.json
-rw-rw-rw- 1 root root  876830 Sep 25 16:41 run.log
-rw-rw-rw- 1 root root      49 Sep 25 16:38 sqlite.err
-rw-rw-rw- 1 root root      42 Sep 25 16:37 started.job
-rw-rw-rw- 1 root root    2336 Sep 25 16:39 stdout-energyplus
-rw-rw-rw- 1 root root      91 Sep 25 16:38 stdout-expandobject
580K	data_point_8d440cea-f8a0-4c54-ac9b-61afd805ea89/reports
7.8M	data_point_8d440cea-f8a0-4c54-ac9b-61afd805ea89/run
30M	data_point_8d440cea-f8a0-4c54-ac9b-61afd805ea89
Final files:
total 248
-rw-rw-rw- 1 root root   4385 Sep 25 16:41 8d440cea-f8a0-4c54-ac9b-61afd805ea89.log
-rw-rw-rw- 1 root root  66975 Sep 25 16:37 analysis.json
-rw-rw-rw- 1 root root   1030 Sep 25 16:37 data_point.json
-rw-rw-rw- 1 root root   2841 Sep 25 16:37 data_point.osw
-rw-rw-rw- 1 root root 158746 Sep 25 16:41 out.osw
drwxrwxrwx 2 root root   4096 Sep 25 16:41 reports
drwxrwxrwx 2 root root   4096 Sep 25 16:41 run
total 1480
-rw-rw-r-- 1 root root 655106 Sep 25 16:41 data_point.zip
-rw-r--r-- 1 root root   2375 Sep 25 16:41 datapoint_final.log
-rw-rw-rw- 1 root root 852348 Sep 25 16:41 enduse_timeseries.csv
580K	data_point_8d440cea-f8a0-4c54-ac9b-61afd805ea89/reports
1.5M	data_point_8d440cea-f8a0-4c54-ac9b-61afd805ea89/run
2.3M	data_point_8d440cea-f8a0-4c54-ac9b-61afd805ea89
