# Logfile created on 2017-09-25 16:35:42 +0000 by logger.rb/47272
[16:35:42.985814 INFO] Server host is http://web:80
[16:35:42.985921 INFO] Analysis directory is /mnt/openstudio/analysis_fe821d2c-df1e-4105-9ee6-6c7fef1463ae
[16:35:42.985990 INFO] Simulation directory is /mnt/openstudio/analysis_fe821d2c-df1e-4105-9ee6-6c7fef1463ae/data_point_d159eb5a-e620-45dc-88eb-7981fa9c8b8c
[16:35:42.986028 INFO] Run datapoint type/file is workflow
[16:35:42.986067 INFO] Starting initialize_worker for datapoint d159eb5a-e620-45dc-88eb-7981fa9c8b8c
[16:35:42.986136 INFO] receipt_file already exists, moving on
[16:35:42.992634 INFO] Downloading datapoint from http://web:80/data_points/d159eb5a-e620-45dc-88eb-7981fa9c8b8c.json
[16:35:43.008861 INFO] Creating Workflow Manager instance
[16:35:43.008932 INFO] Directory is /mnt/openstudio/analysis_fe821d2c-df1e-4105-9ee6-6c7fef1463ae/data_point_d159eb5a-e620-45dc-88eb-7981fa9c8b8c
[16:35:43.008980 INFO] Opening run.log file '/mnt/openstudio/analysis_fe821d2c-df1e-4105-9ee6-6c7fef1463ae/data_point_d159eb5a-e620-45dc-88eb-7981fa9c8b8c/run/run.log'
[16:35:43.021853 INFO] Running workflow
[16:40:08.711853 INFO] Final run state is finished
[16:40:08.735076 INFO] Saving files/reports back to the server
[16:40:08.735339 INFO] Saving report /mnt/openstudio/analysis_fe821d2c-df1e-4105-9ee6-6c7fef1463ae/data_point_d159eb5a-e620-45dc-88eb-7981fa9c8b8c/reports/eplustbl.html to http://web:80/data_points/d159eb5a-e620-45dc-88eb-7981fa9c8b8c/upload_file
[16:40:08.781945 INFO] Saving report responded with {"id":"59c93168a2321800dced544c","data_point_id":"d159eb5a-e620-45dc-88eb-7981fa9c8b8c","display_name":"eplustbl","type":"Report","created_at":"2017-09-25T16:40:08.770Z","updated_at":"2017-09-25T16:40:08.770Z"}
[16:40:08.782216 INFO] Saving report /mnt/openstudio/analysis_fe821d2c-df1e-4105-9ee6-6c7fef1463ae/data_point_d159eb5a-e620-45dc-88eb-7981fa9c8b8c/run/objectives.json to http://web:80/data_points/d159eb5a-e620-45dc-88eb-7981fa9c8b8c/upload_file
[16:40:08.858891 INFO] Saving report responded with {"id":"59c93168a2321800caed5c90","data_point_id":"d159eb5a-e620-45dc-88eb-7981fa9c8b8c","display_name":"objectives","type":"Report","created_at":"2017-09-25T16:40:08.842Z","updated_at":"2017-09-25T16:40:08.842Z"}
[16:40:08.859131 INFO] Saving report /mnt/openstudio/analysis_fe821d2c-df1e-4105-9ee6-6c7fef1463ae/data_point_d159eb5a-e620-45dc-88eb-7981fa9c8b8c/out.osw to http://web:80/data_points/d159eb5a-e620-45dc-88eb-7981fa9c8b8c/upload_file
[16:40:08.885668 INFO] Saving report responded with {"id":"59c93168a2321800dced544d","data_point_id":"d159eb5a-e620-45dc-88eb-7981fa9c8b8c","display_name":"Final OSW File","type":"Report","created_at":"2017-09-25T16:40:08.876Z","updated_at":"2017-09-25T16:40:08.876Z"}
[16:40:08.885901 INFO] Saving report /mnt/openstudio/analysis_fe821d2c-df1e-4105-9ee6-6c7fef1463ae/data_point_d159eb5a-e620-45dc-88eb-7981fa9c8b8c/in.osm to http://web:80/data_points/d159eb5a-e620-45dc-88eb-7981fa9c8b8c/upload_file
[16:40:09.678858 INFO] Saving report responded with {"id":"59c93169a2321800dced544e","data_point_id":"d159eb5a-e620-45dc-88eb-7981fa9c8b8c","display_name":"model","type":"OpenStudio Model","created_at":"2017-09-25T16:40:09.590Z","updated_at":"2017-09-25T16:40:09.590Z"}
[16:40:09.679196 INFO] Saving report /mnt/openstudio/analysis_fe821d2c-df1e-4105-9ee6-6c7fef1463ae/data_point_d159eb5a-e620-45dc-88eb-7981fa9c8b8c/run/data_point.zip to http://web:80/data_points/d159eb5a-e620-45dc-88eb-7981fa9c8b8c/upload_file
[16:40:09.758033 INFO] Saving report responded with {"id":"59c93169a2321800caed5c93","data_point_id":"d159eb5a-e620-45dc-88eb-7981fa9c8b8c","display_name":"Zip File","type":"Data Point","created_at":"2017-09-25T16:40:09.715Z","updated_at":"2017-09-25T16:40:09.715Z"}
[16:40:09.758732 INFO] Found data point finalization file datapoint_final.sh.
[16:40:09.758924 INFO] Preparing to run finalization script /mnt/openstudio/analysis_fe821d2c-df1e-4105-9ee6-6c7fef1463ae/scripts/worker_finalization/datapoint_final.sh
[16:40:09.759295 INFO] Looking for argument file /mnt/openstudio/analysis_fe821d2c-df1e-4105-9ee6-6c7fef1463ae/scripts/worker_finalization/datapoint_final.args
[16:40:09.759370 INFO] argument file exists /mnt/openstudio/analysis_fe821d2c-df1e-4105-9ee6-6c7fef1463ae/scripts/worker_finalization/datapoint_final.args
[16:40:09.759592 INFO] arguments are []
[16:40:09.826318 INFO] Script returned with exit code 0 of class Fixnum
[16:40:09.828337 INFO] Saving report /mnt/openstudio/analysis_fe821d2c-df1e-4105-9ee6-6c7fef1463ae/data_point_d159eb5a-e620-45dc-88eb-7981fa9c8b8c/run/datapoint_final.log to http://web:80/data_points/d159eb5a-e620-45dc-88eb-7981fa9c8b8c/upload_file
[16:40:09.862717 INFO] Saving report responded with {"id":"59c93169a2321800caed5c94","data_point_id":"d159eb5a-e620-45dc-88eb-7981fa9c8b8c","display_name":"Finalization Script Log","type":"Report","created_at":"2017-09-25T16:40:09.849Z","updated_at":"2017-09-25T16:40:09.849Z"}
[16:40:09.872353 INFO] Finished /opt/openstudio/server/app/workers/run_simulate_data_point.rb
