Cleaning up data_point directory.
Original files:
total 21704
-rw-rw-rw- 1 root root    66975 Sep 25 16:35 analysis.json
-rw-rw-rw- 1 root root     4385 Sep 25 16:40 d159eb5a-e620-45dc-88eb-7981fa9c8b8c.log
-rw-rw-rw- 1 root root     1030 Sep 25 16:35 data_point.json
-rw-rw-rw- 1 root root     2841 Sep 25 16:35 data_point.osw
-rw-rw-rw- 1 root root  4616698 Sep 25 16:36 in.idf
-rw-rw-rw- 1 root root 17354910 Sep 25 16:36 in.osm
-rw-rw-rw- 1 root root   149775 Sep 25 16:40 out.osw
drwxrwxrwx 2 root root     4096 Sep 25 16:40 reports
drwxrwxrwx 2 root root     4096 Sep 25 16:40 run
total 7596
-rw-rw-r-- 1 root root  623742 Sep 25 16:40 data_point.zip
-rw-rw-rw- 1 root root    8484 Sep 25 16:40 data_point_out.json
-rw-r--r-- 1 root root     587 Sep 25 16:40 datapoint_final.log
-rw-rw-rw- 1 root root  885652 Sep 25 16:40 enduse_timeseries.csv
-rw-rw-rw- 1 root root     102 Sep 25 16:38 eplusout.end
-rw-rw-rw- 1 root root   34310 Sep 25 16:38 eplusout.err
-rw-rw-rw- 1 root root   55913 Sep 25 16:38 eplusout.mtd
-rw-rw-rw- 1 root root   55270 Sep 25 16:37 eplusout.rdd
-rw-rw-rw- 1 root root  516453 Sep 25 16:38 eplustbl.htm
-rw-rw-rw- 1 root root      43 Sep 25 16:40 finished.job
-rw-rw-rw- 1 root root 4616698 Sep 25 16:36 in.idf
-rw-rw-rw- 1 root root    8484 Sep 25 16:40 measure_attributes.json
-rw-rw-rw- 1 root root   27481 Sep 25 16:35 measures.osw
-rw-rw-rw- 1 root root       3 Sep 25 16:40 objectives.json
-rw-rw-rw- 1 root root    8484 Sep 25 16:40 results.json
-rw-rw-rw- 1 root root  867386 Sep 25 16:40 run.log
-rw-rw-rw- 1 root root      49 Sep 25 16:37 sqlite.err
-rw-rw-rw- 1 root root      42 Sep 25 16:35 started.job
-rw-rw-rw- 1 root root    2336 Sep 25 16:38 stdout-energyplus
-rw-rw-rw- 1 root root      91 Sep 25 16:37 stdout-expandobject
7.5M	data_point_d159eb5a-e620-45dc-88eb-7981fa9c8b8c/run
512K	data_point_d159eb5a-e620-45dc-88eb-7981fa9c8b8c/reports
30M	data_point_d159eb5a-e620-45dc-88eb-7981fa9c8b8c
Final files:
total 240
-rw-rw-rw- 1 root root  66975 Sep 25 16:35 analysis.json
-rw-rw-rw- 1 root root   4385 Sep 25 16:40 d159eb5a-e620-45dc-88eb-7981fa9c8b8c.log
-rw-rw-rw- 1 root root   1030 Sep 25 16:35 data_point.json
-rw-rw-rw- 1 root root   2841 Sep 25 16:35 data_point.osw
-rw-rw-rw- 1 root root 149775 Sep 25 16:40 out.osw
drwxrwxrwx 2 root root   4096 Sep 25 16:40 reports
drwxrwxrwx 2 root root   4096 Sep 25 16:40 run
total 1484
-rw-rw-r-- 1 root root 623742 Sep 25 16:40 data_point.zip
-rw-r--r-- 1 root root   2375 Sep 25 16:40 datapoint_final.log
-rw-rw-rw- 1 root root 885652 Sep 25 16:40 enduse_timeseries.csv
1.5M	data_point_d159eb5a-e620-45dc-88eb-7981fa9c8b8c/run
512K	data_point_d159eb5a-e620-45dc-88eb-7981fa9c8b8c/reports
2.2M	data_point_d159eb5a-e620-45dc-88eb-7981fa9c8b8c
