# Logfile created on 2017-09-25 16:37:57 +0000 by logger.rb/47272
[16:37:57.945565 INFO] Server host is http://web:80
[16:37:57.945658 INFO] Analysis directory is /mnt/openstudio/analysis_fe821d2c-df1e-4105-9ee6-6c7fef1463ae
[16:37:57.945732 INFO] Simulation directory is /mnt/openstudio/analysis_fe821d2c-df1e-4105-9ee6-6c7fef1463ae/data_point_4ed534f8-1ed6-4613-b159-0c9d78444bbf
[16:37:57.945773 INFO] Run datapoint type/file is workflow
[16:37:57.945812 INFO] Starting initialize_worker for datapoint 4ed534f8-1ed6-4613-b159-0c9d78444bbf
[16:37:57.946001 INFO] Downloading analysis zip from http://web:80/analyses/fe821d2c-df1e-4105-9ee6-6c7fef1463ae/download_analysis_zip
[16:39:04.388462 INFO] Extracting analysis zip to /mnt/openstudio/analysis_fe821d2c-df1e-4105-9ee6-6c7fef1463ae
[16:39:07.521597 INFO] Downloading analysis.json from http://web:80/analyses/fe821d2c-df1e-4105-9ee6-6c7fef1463ae.json
[16:39:25.706660 INFO] Found data point initialization file datapoint_init.sh.
[16:39:25.706920 INFO] Preparing to run initialization script /mnt/openstudio/analysis_fe821d2c-df1e-4105-9ee6-6c7fef1463ae/scripts/worker_initialization/datapoint_init.sh
[16:39:25.707264 INFO] Looking for argument file /mnt/openstudio/analysis_fe821d2c-df1e-4105-9ee6-6c7fef1463ae/scripts/worker_initialization/datapoint_init.args
[16:39:25.707327 INFO] argument file exists /mnt/openstudio/analysis_fe821d2c-df1e-4105-9ee6-6c7fef1463ae/scripts/worker_initialization/datapoint_init.args
[16:39:25.707520 INFO] arguments are ["https://s3.amazonaws.com/epwweatherfiles/project_resstock_efs.zip"]
[16:39:33.917933 INFO] Script returned with exit code 0 of class Fixnum
[16:39:33.918169 INFO] Finished worker initialization
[16:39:45.838535 INFO] Downloading datapoint from http://web:80/data_points/4ed534f8-1ed6-4613-b159-0c9d78444bbf.json
[16:39:45.959596 INFO] Creating Workflow Manager instance
[16:39:45.959703 INFO] Directory is /mnt/openstudio/analysis_fe821d2c-df1e-4105-9ee6-6c7fef1463ae/data_point_4ed534f8-1ed6-4613-b159-0c9d78444bbf
[16:39:45.959794 INFO] Opening run.log file '/mnt/openstudio/analysis_fe821d2c-df1e-4105-9ee6-6c7fef1463ae/data_point_4ed534f8-1ed6-4613-b159-0c9d78444bbf/run/run.log'
[16:39:45.981709 INFO] Running workflow
[16:45:37.923622 INFO] Final run state is finished
[16:45:38.010675 INFO] Saving files/reports back to the server
[16:45:38.010946 INFO] Saving report /mnt/openstudio/analysis_fe821d2c-df1e-4105-9ee6-6c7fef1463ae/data_point_4ed534f8-1ed6-4613-b159-0c9d78444bbf/reports/eplustbl.html to http://web:80/data_points/4ed534f8-1ed6-4613-b159-0c9d78444bbf/upload_file
[16:45:38.060110 INFO] Saving report responded with {"id":"59c9324fa2321800caed5d53","data_point_id":"4ed534f8-1ed6-4613-b159-0c9d78444bbf","display_name":"eplustbl","type":"Report","created_at":"2017-09-25T16:43:59.907Z","updated_at":"2017-09-25T16:43:59.907Z"}
[16:45:38.060715 INFO] Saving report /mnt/openstudio/analysis_fe821d2c-df1e-4105-9ee6-6c7fef1463ae/data_point_4ed534f8-1ed6-4613-b159-0c9d78444bbf/run/objectives.json to http://web:80/data_points/4ed534f8-1ed6-4613-b159-0c9d78444bbf/upload_file
[16:45:38.084617 INFO] Saving report responded with {"id":"59c9324fa2321800caed5d54","data_point_id":"4ed534f8-1ed6-4613-b159-0c9d78444bbf","display_name":"objectives","type":"Report","created_at":"2017-09-25T16:43:59.937Z","updated_at":"2017-09-25T16:43:59.937Z"}
[16:45:38.084886 INFO] Saving report /mnt/openstudio/analysis_fe821d2c-df1e-4105-9ee6-6c7fef1463ae/data_point_4ed534f8-1ed6-4613-b159-0c9d78444bbf/out.osw to http://web:80/data_points/4ed534f8-1ed6-4613-b159-0c9d78444bbf/upload_file
[16:45:38.184287 INFO] Saving report responded with {"id":"59c93250a2321800caed5d55","data_point_id":"4ed534f8-1ed6-4613-b159-0c9d78444bbf","display_name":"Final OSW File","type":"Report","created_at":"2017-09-25T16:44:00.024Z","updated_at":"2017-09-25T16:44:00.024Z"}
[16:45:38.184549 INFO] Saving report /mnt/openstudio/analysis_fe821d2c-df1e-4105-9ee6-6c7fef1463ae/data_point_4ed534f8-1ed6-4613-b159-0c9d78444bbf/in.osm to http://web:80/data_points/4ed534f8-1ed6-4613-b159-0c9d78444bbf/upload_file
[16:45:39.414991 INFO] Saving report responded with {"id":"59c93251a2321800caed5d58","data_point_id":"4ed534f8-1ed6-4613-b159-0c9d78444bbf","display_name":"model","type":"OpenStudio Model","created_at":"2017-09-25T16:44:01.100Z","updated_at":"2017-09-25T16:44:01.100Z"}
[16:45:39.415364 INFO] Saving report /mnt/openstudio/analysis_fe821d2c-df1e-4105-9ee6-6c7fef1463ae/data_point_4ed534f8-1ed6-4613-b159-0c9d78444bbf/run/data_point.zip to http://web:80/data_points/4ed534f8-1ed6-4613-b159-0c9d78444bbf/upload_file
[16:45:39.496912 INFO] Saving report responded with {"id":"59c93251a2321800d2ed5834","data_point_id":"4ed534f8-1ed6-4613-b159-0c9d78444bbf","display_name":"Zip File","type":"Data Point","created_at":"2017-09-25T16:44:01.342Z","updated_at":"2017-09-25T16:44:01.342Z"}
[16:45:39.497252 INFO] Found data point finalization file datapoint_final.sh.
[16:45:39.497400 INFO] Preparing to run finalization script /mnt/openstudio/analysis_fe821d2c-df1e-4105-9ee6-6c7fef1463ae/scripts/worker_finalization/datapoint_final.sh
[16:45:39.516505 INFO] Looking for argument file /mnt/openstudio/analysis_fe821d2c-df1e-4105-9ee6-6c7fef1463ae/scripts/worker_finalization/datapoint_final.args
[16:45:39.516581 INFO] argument file exists /mnt/openstudio/analysis_fe821d2c-df1e-4105-9ee6-6c7fef1463ae/scripts/worker_finalization/datapoint_final.args
[16:45:39.527480 INFO] arguments are []
[16:45:39.561664 INFO] Script returned with exit code 0 of class Fixnum
[16:45:39.561914 INFO] Saving report /mnt/openstudio/analysis_fe821d2c-df1e-4105-9ee6-6c7fef1463ae/data_point_4ed534f8-1ed6-4613-b159-0c9d78444bbf/run/datapoint_final.log to http://web:80/data_points/4ed534f8-1ed6-4613-b159-0c9d78444bbf/upload_file
[16:45:39.633355 INFO] Saving report responded with {"id":"59c93251a2321800d2ed5835","data_point_id":"4ed534f8-1ed6-4613-b159-0c9d78444bbf","display_name":"Finalization Script Log","type":"Report","created_at":"2017-09-25T16:44:01.476Z","updated_at":"2017-09-25T16:44:01.476Z"}
[16:45:39.646453 INFO] Finished /opt/openstudio/server/app/workers/run_simulate_data_point.rb
