Cleaning up data_point directory.
Original files:
total 21588
-rw-rw-rw- 1 root root     5490 Sep 25 16:45 4ed534f8-1ed6-4613-b159-0c9d78444bbf.log
-rw-rw-rw- 1 root root    66975 Sep 25 16:39 analysis.json
-rw-rw-rw- 1 root root     1030 Sep 25 16:39 data_point.json
-rw-rw-rw- 1 root root     2841 Sep 25 16:39 data_point.osw
-rw-rw-rw- 1 root root  4565015 Sep 25 16:42 in.idf
-rw-rw-rw- 1 root root 17297352 Sep 25 16:42 in.osm
-rw-rw-rw- 1 root root   146849 Sep 25 16:45 out.osw
drwxrwxrwx 2 root root     4096 Sep 25 16:45 reports
drwxrwxrwx 2 root root     4096 Sep 25 16:45 run
total 7372
-rw-rw-r-- 1 root root  621547 Sep 25 16:45 data_point.zip
-rw-rw-rw- 1 root root    8394 Sep 25 16:45 data_point_out.json
-rw-r--r-- 1 root root     587 Sep 25 16:45 datapoint_final.log
-rw-r--r-- 1 root root   22244 Sep 25 16:39 datapoint_init.log
-rw-rw-rw- 1 root root  810854 Sep 25 16:45 enduse_timeseries.csv
-rw-rw-rw- 1 root root      99 Sep 25 16:44 eplusout.end
-rw-rw-rw- 1 root root   35096 Sep 25 16:44 eplusout.err
-rw-rw-rw- 1 root root   59113 Sep 25 16:44 eplusout.mtd
-rw-rw-rw- 1 root root   49731 Sep 25 16:43 eplusout.rdd
-rw-rw-rw- 1 root root  407224 Sep 25 16:44 eplustbl.htm
-rw-rw-rw- 1 root root      43 Sep 25 16:45 finished.job
-rw-rw-rw- 1 root root 4565015 Sep 25 16:42 in.idf
-rw-rw-rw- 1 root root    8394 Sep 25 16:45 measure_attributes.json
-rw-rw-rw- 1 root root   27380 Sep 25 16:39 measures.osw
-rw-rw-rw- 1 root root       3 Sep 25 16:45 objectives.json
-rw-rw-rw- 1 root root    8394 Sep 25 16:45 results.json
-rw-rw-rw- 1 root root  863330 Sep 25 16:45 run.log
-rw-rw-rw- 1 root root      49 Sep 25 16:43 sqlite.err
-rw-rw-rw- 1 root root      42 Sep 25 16:39 started.job
-rw-rw-rw- 1 root root    2351 Sep 25 16:44 stdout-energyplus
-rw-rw-rw- 1 root root      91 Sep 25 16:43 stdout-expandobject
404K	data_point_4ed534f8-1ed6-4613-b159-0c9d78444bbf/reports
7.3M	data_point_4ed534f8-1ed6-4613-b159-0c9d78444bbf/run
29M	data_point_4ed534f8-1ed6-4613-b159-0c9d78444bbf
Final files:
total 236
-rw-rw-rw- 1 root root   5490 Sep 25 16:45 4ed534f8-1ed6-4613-b159-0c9d78444bbf.log
-rw-rw-rw- 1 root root  66975 Sep 25 16:39 analysis.json
-rw-rw-rw- 1 root root   1030 Sep 25 16:39 data_point.json
-rw-rw-rw- 1 root root   2841 Sep 25 16:39 data_point.osw
-rw-rw-rw- 1 root root 146849 Sep 25 16:45 out.osw
drwxrwxrwx 2 root root   4096 Sep 25 16:45 reports
drwxrwxrwx 2 root root   4096 Sep 25 16:45 run
total 1428
-rw-rw-r-- 1 root root 621547 Sep 25 16:45 data_point.zip
-rw-r--r-- 1 root root   2438 Sep 25 16:45 datapoint_final.log
-rw-r--r-- 1 root root  22244 Sep 25 16:39 datapoint_init.log
-rw-rw-rw- 1 root root 810854 Sep 25 16:45 enduse_timeseries.csv
404K	data_point_4ed534f8-1ed6-4613-b159-0c9d78444bbf/reports
1.4M	data_point_4ed534f8-1ed6-4613-b159-0c9d78444bbf/run
2.1M	data_point_4ed534f8-1ed6-4613-b159-0c9d78444bbf
