# Logfile created on 2017-09-25 16:35:42 +0000 by logger.rb/47272
[16:35:42.805808 INFO] Server host is http://web:80
[16:35:42.805874 INFO] Analysis directory is /mnt/openstudio/analysis_fe821d2c-df1e-4105-9ee6-6c7fef1463ae
[16:35:42.805918 INFO] Simulation directory is /mnt/openstudio/analysis_fe821d2c-df1e-4105-9ee6-6c7fef1463ae/data_point_aafe60db-2dd7-4c1c-8c7d-acf8ede3c186
[16:35:42.805942 INFO] Run datapoint type/file is workflow
[16:35:42.805964 INFO] Starting initialize_worker for datapoint aafe60db-2dd7-4c1c-8c7d-acf8ede3c186
[16:35:42.806013 INFO] receipt_file already exists, moving on
[16:35:42.930668 INFO] Downloading datapoint from http://web:80/data_points/aafe60db-2dd7-4c1c-8c7d-acf8ede3c186.json
[16:35:42.988344 INFO] Creating Workflow Manager instance
[16:35:42.988458 INFO] Directory is /mnt/openstudio/analysis_fe821d2c-df1e-4105-9ee6-6c7fef1463ae/data_point_aafe60db-2dd7-4c1c-8c7d-acf8ede3c186
[16:35:42.988524 INFO] Opening run.log file '/mnt/openstudio/analysis_fe821d2c-df1e-4105-9ee6-6c7fef1463ae/data_point_aafe60db-2dd7-4c1c-8c7d-acf8ede3c186/run/run.log'
[16:35:42.996027 INFO] Running workflow
[16:39:56.207580 INFO] Final run state is finished
[16:39:56.232950 INFO] Saving files/reports back to the server
[16:39:56.233249 INFO] Saving report /mnt/openstudio/analysis_fe821d2c-df1e-4105-9ee6-6c7fef1463ae/data_point_aafe60db-2dd7-4c1c-8c7d-acf8ede3c186/reports/eplustbl.html to http://web:80/data_points/aafe60db-2dd7-4c1c-8c7d-acf8ede3c186/upload_file
[16:39:56.267844 INFO] Saving report responded with {"id":"59c9315ca2321800caed5c67","data_point_id":"aafe60db-2dd7-4c1c-8c7d-acf8ede3c186","display_name":"eplustbl","type":"Report","created_at":"2017-09-25T16:39:56.258Z","updated_at":"2017-09-25T16:39:56.258Z"}
[16:39:56.268126 INFO] Saving report /mnt/openstudio/analysis_fe821d2c-df1e-4105-9ee6-6c7fef1463ae/data_point_aafe60db-2dd7-4c1c-8c7d-acf8ede3c186/run/objectives.json to http://web:80/data_points/aafe60db-2dd7-4c1c-8c7d-acf8ede3c186/upload_file
[16:39:56.325653 INFO] Saving report responded with {"id":"59c9315ca2321800caed5c68","data_point_id":"aafe60db-2dd7-4c1c-8c7d-acf8ede3c186","display_name":"objectives","type":"Report","created_at":"2017-09-25T16:39:56.315Z","updated_at":"2017-09-25T16:39:56.315Z"}
[16:39:56.325881 INFO] Saving report /mnt/openstudio/analysis_fe821d2c-df1e-4105-9ee6-6c7fef1463ae/data_point_aafe60db-2dd7-4c1c-8c7d-acf8ede3c186/out.osw to http://web:80/data_points/aafe60db-2dd7-4c1c-8c7d-acf8ede3c186/upload_file
[16:39:56.356412 INFO] Saving report responded with {"id":"59c9315ca2321800caed5c69","data_point_id":"aafe60db-2dd7-4c1c-8c7d-acf8ede3c186","display_name":"Final OSW File","type":"Report","created_at":"2017-09-25T16:39:56.346Z","updated_at":"2017-09-25T16:39:56.346Z"}
[16:39:56.356650 INFO] Saving report /mnt/openstudio/analysis_fe821d2c-df1e-4105-9ee6-6c7fef1463ae/data_point_aafe60db-2dd7-4c1c-8c7d-acf8ede3c186/in.osm to http://web:80/data_points/aafe60db-2dd7-4c1c-8c7d-acf8ede3c186/upload_file
[16:39:56.906674 INFO] Saving report responded with {"id":"59c9315ca2321800caed5c6a","data_point_id":"aafe60db-2dd7-4c1c-8c7d-acf8ede3c186","display_name":"model","type":"OpenStudio Model","created_at":"2017-09-25T16:39:56.783Z","updated_at":"2017-09-25T16:39:56.783Z"}
[16:39:56.906909 INFO] Saving report /mnt/openstudio/analysis_fe821d2c-df1e-4105-9ee6-6c7fef1463ae/data_point_aafe60db-2dd7-4c1c-8c7d-acf8ede3c186/run/data_point.zip to http://web:80/data_points/aafe60db-2dd7-4c1c-8c7d-acf8ede3c186/upload_file
[16:39:56.953743 INFO] Saving report responded with {"id":"59c9315ca2321800caed5c6b","data_point_id":"aafe60db-2dd7-4c1c-8c7d-acf8ede3c186","display_name":"Zip File","type":"Data Point","created_at":"2017-09-25T16:39:56.942Z","updated_at":"2017-09-25T16:39:56.942Z"}
[16:39:56.954317 INFO] Found data point finalization file datapoint_final.sh.
[16:39:56.954515 INFO] Preparing to run finalization script /mnt/openstudio/analysis_fe821d2c-df1e-4105-9ee6-6c7fef1463ae/scripts/worker_finalization/datapoint_final.sh
[16:39:56.954827 INFO] Looking for argument file /mnt/openstudio/analysis_fe821d2c-df1e-4105-9ee6-6c7fef1463ae/scripts/worker_finalization/datapoint_final.args
[16:39:56.954888 INFO] argument file exists /mnt/openstudio/analysis_fe821d2c-df1e-4105-9ee6-6c7fef1463ae/scripts/worker_finalization/datapoint_final.args
[16:39:56.955071 INFO] arguments are []
[16:39:57.015634 INFO] Script returned with exit code 0 of class Fixnum
[16:39:57.015923 INFO] Saving report /mnt/openstudio/analysis_fe821d2c-df1e-4105-9ee6-6c7fef1463ae/data_point_aafe60db-2dd7-4c1c-8c7d-acf8ede3c186/run/datapoint_final.log to http://web:80/data_points/aafe60db-2dd7-4c1c-8c7d-acf8ede3c186/upload_file
[16:39:57.039911 INFO] Saving report responded with {"id":"59c9315da2321800d2ed57c0","data_point_id":"aafe60db-2dd7-4c1c-8c7d-acf8ede3c186","display_name":"Finalization Script Log","type":"Report","created_at":"2017-09-25T16:39:57.030Z","updated_at":"2017-09-25T16:39:57.030Z"}
[16:39:57.048978 INFO] Finished /opt/openstudio/server/app/workers/run_simulate_data_point.rb
