Cleaning up data_point directory.
Original files:
total 21608
-rw-rw-rw- 1 root root     4385 Sep 25 16:39 aafe60db-2dd7-4c1c-8c7d-acf8ede3c186.log
-rw-rw-rw- 1 root root    66975 Sep 25 16:35 analysis.json
-rw-rw-rw- 1 root root     1030 Sep 25 16:35 data_point.json
-rw-rw-rw- 1 root root     2841 Sep 25 16:35 data_point.osw
-rw-rw-rw- 1 root root  4581517 Sep 25 16:36 in.idf
-rw-rw-rw- 1 root root 17305258 Sep 25 16:36 in.osm
-rw-rw-rw- 1 root root   142758 Sep 25 16:39 out.osw
drwxrwxrwx 2 root root     4096 Sep 25 16:39 reports
drwxrwxrwx 2 root root     4096 Sep 25 16:39 run
total 7448
-rw-rw-r-- 1 root root  643444 Sep 25 16:39 data_point.zip
-rw-rw-rw- 1 root root    8406 Sep 25 16:39 data_point_out.json
-rw-r--r-- 1 root root     587 Sep 25 16:39 datapoint_final.log
-rw-rw-rw- 1 root root  866196 Sep 25 16:39 enduse_timeseries.csv
-rw-rw-rw- 1 root root     102 Sep 25 16:38 eplusout.end
-rw-rw-rw- 1 root root   34199 Sep 25 16:38 eplusout.err
-rw-rw-rw- 1 root root   53927 Sep 25 16:38 eplusout.mtd
-rw-rw-rw- 1 root root   55614 Sep 25 16:37 eplusout.rdd
-rw-rw-rw- 1 root root  409613 Sep 25 16:38 eplustbl.htm
-rw-rw-rw- 1 root root      43 Sep 25 16:39 finished.job
-rw-rw-rw- 1 root root 4581517 Sep 25 16:36 in.idf
-rw-rw-rw- 1 root root    8406 Sep 25 16:39 measure_attributes.json
-rw-rw-rw- 1 root root   27645 Sep 25 16:35 measures.osw
-rw-rw-rw- 1 root root       3 Sep 25 16:39 objectives.json
-rw-rw-rw- 1 root root    8406 Sep 25 16:39 results.json
-rw-rw-rw- 1 root root  860010 Sep 25 16:39 run.log
-rw-rw-rw- 1 root root      49 Sep 25 16:37 sqlite.err
-rw-rw-rw- 1 root root      42 Sep 25 16:35 started.job
-rw-rw-rw- 1 root root    2336 Sep 25 16:38 stdout-energyplus
-rw-rw-rw- 1 root root      91 Sep 25 16:37 stdout-expandobject
7.3M	data_point_aafe60db-2dd7-4c1c-8c7d-acf8ede3c186/run
408K	data_point_aafe60db-2dd7-4c1c-8c7d-acf8ede3c186/reports
29M	data_point_aafe60db-2dd7-4c1c-8c7d-acf8ede3c186
Final files:
total 232
-rw-rw-rw- 1 root root   4385 Sep 25 16:39 aafe60db-2dd7-4c1c-8c7d-acf8ede3c186.log
-rw-rw-rw- 1 root root  66975 Sep 25 16:35 analysis.json
-rw-rw-rw- 1 root root   1030 Sep 25 16:35 data_point.json
-rw-rw-rw- 1 root root   2841 Sep 25 16:35 data_point.osw
-rw-rw-rw- 1 root root 142758 Sep 25 16:39 out.osw
drwxrwxrwx 2 root root   4096 Sep 25 16:39 reports
drwxrwxrwx 2 root root   4096 Sep 25 16:39 run
total 1484
-rw-rw-r-- 1 root root 643444 Sep 25 16:39 data_point.zip
-rw-r--r-- 1 root root   2375 Sep 25 16:39 datapoint_final.log
-rw-rw-rw- 1 root root 866196 Sep 25 16:39 enduse_timeseries.csv
1.5M	data_point_aafe60db-2dd7-4c1c-8c7d-acf8ede3c186/run
408K	data_point_aafe60db-2dd7-4c1c-8c7d-acf8ede3c186/reports
2.1M	data_point_aafe60db-2dd7-4c1c-8c7d-acf8ede3c186
