Cleaning up data_point directory.
Original files:
total 22004
-rw-rw-rw- 1 root root    66975 Sep 25 16:38 analysis.json
-rw-rw-rw- 1 root root     1030 Sep 25 16:38 data_point.json
-rw-rw-rw- 1 root root     2841 Sep 25 16:38 data_point.osw
-rw-rw-rw- 1 root root     5490 Sep 25 16:42 f36fe734-2dd8-4d7e-8c7f-e9a265bf1909.log
-rw-rw-rw- 1 root root  4900472 Sep 25 16:39 in.idf
-rw-rw-rw- 1 root root 17376014 Sep 25 16:39 in.osm
-rw-rw-rw- 1 root root   152912 Sep 25 16:42 out.osw
drwxrwxrwx 2 root root     4096 Sep 25 16:42 reports
drwxrwxrwx 2 root root     4096 Sep 25 16:42 run
total 7948
-rw-rw-r-- 1 root root  687115 Sep 25 16:42 data_point.zip
-rw-rw-rw- 1 root root    8431 Sep 25 16:42 data_point_out.json
-rw-r--r-- 1 root root     587 Sep 25 16:42 datapoint_final.log
-rw-r--r-- 1 root root   22323 Sep 25 16:38 datapoint_init.log
-rw-rw-rw- 1 root root  867541 Sep 25 16:42 enduse_timeseries.csv
-rw-rw-rw- 1 root root     102 Sep 25 16:40 eplusout.end
-rw-rw-rw- 1 root root   34158 Sep 25 16:40 eplusout.err
-rw-rw-rw- 1 root root   56971 Sep 25 16:40 eplusout.mtd
-rw-rw-rw- 1 root root   55474 Sep 25 16:39 eplusout.rdd
-rw-rw-rw- 1 root root  529857 Sep 25 16:40 eplustbl.htm
-rw-rw-rw- 1 root root      43 Sep 25 16:42 finished.job
-rw-rw-rw- 1 root root 4900472 Sep 25 16:39 in.idf
-rw-rw-rw- 1 root root    8431 Sep 25 16:42 measure_attributes.json
-rw-rw-rw- 1 root root   27483 Sep 25 16:38 measures.osw
-rw-rw-rw- 1 root root       3 Sep 25 16:42 objectives.json
-rw-rw-rw- 1 root root    8431 Sep 25 16:42 results.json
-rw-rw-rw- 1 root root  870483 Sep 25 16:42 run.log
-rw-rw-rw- 1 root root      49 Sep 25 16:39 sqlite.err
-rw-rw-rw- 1 root root      42 Sep 25 16:38 started.job
-rw-rw-rw- 1 root root    2351 Sep 25 16:40 stdout-energyplus
-rw-rw-rw- 1 root root      91 Sep 25 16:39 stdout-expandobject
7.8M	data_point_f36fe734-2dd8-4d7e-8c7f-e9a265bf1909/run
524K	data_point_f36fe734-2dd8-4d7e-8c7f-e9a265bf1909/reports
30M	data_point_f36fe734-2dd8-4d7e-8c7f-e9a265bf1909
Final files:
total 244
-rw-rw-rw- 1 root root  66975 Sep 25 16:38 analysis.json
-rw-rw-rw- 1 root root   1030 Sep 25 16:38 data_point.json
-rw-rw-rw- 1 root root   2841 Sep 25 16:38 data_point.osw
-rw-rw-rw- 1 root root   5490 Sep 25 16:42 f36fe734-2dd8-4d7e-8c7f-e9a265bf1909.log
-rw-rw-rw- 1 root root 152912 Sep 25 16:42 out.osw
drwxrwxrwx 2 root root   4096 Sep 25 16:42 reports
drwxrwxrwx 2 root root   4096 Sep 25 16:42 run
total 1548
-rw-rw-r-- 1 root root 687115 Sep 25 16:42 data_point.zip
-rw-r--r-- 1 root root   2438 Sep 25 16:42 datapoint_final.log
-rw-r--r-- 1 root root  22323 Sep 25 16:38 datapoint_init.log
-rw-rw-rw- 1 root root 867541 Sep 25 16:42 enduse_timeseries.csv
1.6M	data_point_f36fe734-2dd8-4d7e-8c7f-e9a265bf1909/run
524K	data_point_f36fe734-2dd8-4d7e-8c7f-e9a265bf1909/reports
2.3M	data_point_f36fe734-2dd8-4d7e-8c7f-e9a265bf1909
