# Logfile created on 2017-09-25 16:36:31 +0000 by logger.rb/47272
[16:36:31.317645 INFO] Server host is http://web:80
[16:36:31.317696 INFO] Analysis directory is /mnt/openstudio/analysis_fe821d2c-df1e-4105-9ee6-6c7fef1463ae
[16:36:31.317738 INFO] Simulation directory is /mnt/openstudio/analysis_fe821d2c-df1e-4105-9ee6-6c7fef1463ae/data_point_f36fe734-2dd8-4d7e-8c7f-e9a265bf1909
[16:36:31.317763 INFO] Run datapoint type/file is workflow
[16:36:31.317785 INFO] Starting initialize_worker for datapoint f36fe734-2dd8-4d7e-8c7f-e9a265bf1909
[16:36:31.317935 INFO] Downloading analysis zip from http://web:80/analyses/fe821d2c-df1e-4105-9ee6-6c7fef1463ae/download_analysis_zip
[16:37:49.420111 INFO] Extracting analysis zip to /mnt/openstudio/analysis_fe821d2c-df1e-4105-9ee6-6c7fef1463ae
[16:37:53.878717 INFO] Downloading analysis.json from http://web:80/analyses/fe821d2c-df1e-4105-9ee6-6c7fef1463ae.json
[16:38:07.672427 INFO] Found data point initialization file datapoint_init.sh.
[16:38:07.673564 INFO] Preparing to run initialization script /mnt/openstudio/analysis_fe821d2c-df1e-4105-9ee6-6c7fef1463ae/scripts/worker_initialization/datapoint_init.sh
[16:38:07.673862 INFO] Looking for argument file /mnt/openstudio/analysis_fe821d2c-df1e-4105-9ee6-6c7fef1463ae/scripts/worker_initialization/datapoint_init.args
[16:38:07.673923 INFO] argument file exists /mnt/openstudio/analysis_fe821d2c-df1e-4105-9ee6-6c7fef1463ae/scripts/worker_initialization/datapoint_init.args
[16:38:07.674107 INFO] arguments are ["https://s3.amazonaws.com/epwweatherfiles/project_resstock_efs.zip"]
[16:38:16.405277 INFO] Script returned with exit code 0 of class Fixnum
[16:38:16.405460 INFO] Finished worker initialization
[16:38:16.525448 INFO] Downloading datapoint from http://web:80/data_points/f36fe734-2dd8-4d7e-8c7f-e9a265bf1909.json
[16:38:16.906118 INFO] Creating Workflow Manager instance
[16:38:16.906200 INFO] Directory is /mnt/openstudio/analysis_fe821d2c-df1e-4105-9ee6-6c7fef1463ae/data_point_f36fe734-2dd8-4d7e-8c7f-e9a265bf1909
[16:38:16.906266 INFO] Opening run.log file '/mnt/openstudio/analysis_fe821d2c-df1e-4105-9ee6-6c7fef1463ae/data_point_f36fe734-2dd8-4d7e-8c7f-e9a265bf1909/run/run.log'
[16:38:17.302802 INFO] Running workflow
[16:42:28.796345 INFO] Final run state is finished
[16:42:28.832564 INFO] Saving files/reports back to the server
[16:42:28.832939 INFO] Saving report /mnt/openstudio/analysis_fe821d2c-df1e-4105-9ee6-6c7fef1463ae/data_point_f36fe734-2dd8-4d7e-8c7f-e9a265bf1909/reports/eplustbl.html to http://web:80/data_points/f36fe734-2dd8-4d7e-8c7f-e9a265bf1909/upload_file
[16:42:28.917656 INFO] Saving report responded with {"id":"59c931f4a2321800d2ed57f5","data_point_id":"f36fe734-2dd8-4d7e-8c7f-e9a265bf1909","display_name":"eplustbl","type":"Report","created_at":"2017-09-25T16:42:28.889Z","updated_at":"2017-09-25T16:42:28.889Z"}
[16:42:28.918034 INFO] Saving report /mnt/openstudio/analysis_fe821d2c-df1e-4105-9ee6-6c7fef1463ae/data_point_f36fe734-2dd8-4d7e-8c7f-e9a265bf1909/run/objectives.json to http://web:80/data_points/f36fe734-2dd8-4d7e-8c7f-e9a265bf1909/upload_file
[16:42:28.943443 INFO] Saving report responded with {"id":"59c931f4a2321800d2ed57f6","data_point_id":"f36fe734-2dd8-4d7e-8c7f-e9a265bf1909","display_name":"objectives","type":"Report","created_at":"2017-09-25T16:42:28.933Z","updated_at":"2017-09-25T16:42:28.933Z"}
[16:42:28.943713 INFO] Saving report /mnt/openstudio/analysis_fe821d2c-df1e-4105-9ee6-6c7fef1463ae/data_point_f36fe734-2dd8-4d7e-8c7f-e9a265bf1909/out.osw to http://web:80/data_points/f36fe734-2dd8-4d7e-8c7f-e9a265bf1909/upload_file
[16:42:28.965263 INFO] Saving report responded with {"id":"59c931f4a2321800d2ed57f7","data_point_id":"f36fe734-2dd8-4d7e-8c7f-e9a265bf1909","display_name":"Final OSW File","type":"Report","created_at":"2017-09-25T16:42:28.958Z","updated_at":"2017-09-25T16:42:28.958Z"}
[16:42:28.965530 INFO] Saving report /mnt/openstudio/analysis_fe821d2c-df1e-4105-9ee6-6c7fef1463ae/data_point_f36fe734-2dd8-4d7e-8c7f-e9a265bf1909/in.osm to http://web:80/data_points/f36fe734-2dd8-4d7e-8c7f-e9a265bf1909/upload_file
[16:42:30.237360 INFO] Saving report responded with {"id":"59c931f5a2321800d2ed57f8","data_point_id":"f36fe734-2dd8-4d7e-8c7f-e9a265bf1909","display_name":"model","type":"OpenStudio Model","created_at":"2017-09-25T16:42:29.752Z","updated_at":"2017-09-25T16:42:29.752Z"}
[16:42:30.237665 INFO] Saving report /mnt/openstudio/analysis_fe821d2c-df1e-4105-9ee6-6c7fef1463ae/data_point_f36fe734-2dd8-4d7e-8c7f-e9a265bf1909/run/data_point.zip to http://web:80/data_points/f36fe734-2dd8-4d7e-8c7f-e9a265bf1909/upload_file
[16:42:30.323228 INFO] Saving report responded with {"id":"59c931f6a2321800caed5cda","data_point_id":"f36fe734-2dd8-4d7e-8c7f-e9a265bf1909","display_name":"Zip File","type":"Data Point","created_at":"2017-09-25T16:42:30.287Z","updated_at":"2017-09-25T16:42:30.287Z"}
[16:42:30.323843 INFO] Found data point finalization file datapoint_final.sh.
[16:42:30.324003 INFO] Preparing to run finalization script /mnt/openstudio/analysis_fe821d2c-df1e-4105-9ee6-6c7fef1463ae/scripts/worker_finalization/datapoint_final.sh
[16:42:30.324409 INFO] Looking for argument file /mnt/openstudio/analysis_fe821d2c-df1e-4105-9ee6-6c7fef1463ae/scripts/worker_finalization/datapoint_final.args
[16:42:30.324506 INFO] argument file exists /mnt/openstudio/analysis_fe821d2c-df1e-4105-9ee6-6c7fef1463ae/scripts/worker_finalization/datapoint_final.args
[16:42:30.324729 INFO] arguments are []
[16:42:30.383014 INFO] Script returned with exit code 0 of class Fixnum
[16:42:30.397133 INFO] Saving report /mnt/openstudio/analysis_fe821d2c-df1e-4105-9ee6-6c7fef1463ae/data_point_f36fe734-2dd8-4d7e-8c7f-e9a265bf1909/run/datapoint_final.log to http://web:80/data_points/f36fe734-2dd8-4d7e-8c7f-e9a265bf1909/upload_file
[16:42:30.456301 INFO] Saving report responded with {"id":"59c931f6a2321800caed5cdd","data_point_id":"f36fe734-2dd8-4d7e-8c7f-e9a265bf1909","display_name":"Finalization Script Log","type":"Report","created_at":"2017-09-25T16:42:30.446Z","updated_at":"2017-09-25T16:42:30.446Z"}
[16:42:30.472878 INFO] Finished /opt/openstudio/server/app/workers/run_simulate_data_point.rb
