# Logfile created on 2017-09-25 16:35:42 +0000 by logger.rb/47272
[16:35:42.789429 INFO] Server host is http://web:80
[16:35:42.789534 INFO] Analysis directory is /mnt/openstudio/analysis_fe821d2c-df1e-4105-9ee6-6c7fef1463ae
[16:35:42.789612 INFO] Simulation directory is /mnt/openstudio/analysis_fe821d2c-df1e-4105-9ee6-6c7fef1463ae/data_point_b2d24735-0ae5-4e28-8291-fac8a96faaf9
[16:35:42.789658 INFO] Run datapoint type/file is workflow
[16:35:42.789697 INFO] Starting initialize_worker for datapoint b2d24735-0ae5-4e28-8291-fac8a96faaf9
[16:35:42.789776 INFO] receipt_file already exists, moving on
[16:35:42.898105 INFO] Downloading datapoint from http://web:80/data_points/b2d24735-0ae5-4e28-8291-fac8a96faaf9.json
[16:35:42.973019 INFO] Creating Workflow Manager instance
[16:35:42.973143 INFO] Directory is /mnt/openstudio/analysis_fe821d2c-df1e-4105-9ee6-6c7fef1463ae/data_point_b2d24735-0ae5-4e28-8291-fac8a96faaf9
[16:35:42.973215 INFO] Opening run.log file '/mnt/openstudio/analysis_fe821d2c-df1e-4105-9ee6-6c7fef1463ae/data_point_b2d24735-0ae5-4e28-8291-fac8a96faaf9/run/run.log'
[16:35:42.989525 INFO] Running workflow
[16:40:19.396342 INFO] Final run state is finished
[16:40:19.480431 INFO] Saving files/reports back to the server
[16:40:19.480788 INFO] Saving report /mnt/openstudio/analysis_fe821d2c-df1e-4105-9ee6-6c7fef1463ae/data_point_b2d24735-0ae5-4e28-8291-fac8a96faaf9/reports/eplustbl.html to http://web:80/data_points/b2d24735-0ae5-4e28-8291-fac8a96faaf9/upload_file
[16:40:19.550026 INFO] Saving report responded with {"id":"59c93173a2321800caed5cac","data_point_id":"b2d24735-0ae5-4e28-8291-fac8a96faaf9","display_name":"eplustbl","type":"Report","created_at":"2017-09-25T16:40:19.537Z","updated_at":"2017-09-25T16:40:19.537Z"}
[16:40:19.550309 INFO] Saving report /mnt/openstudio/analysis_fe821d2c-df1e-4105-9ee6-6c7fef1463ae/data_point_b2d24735-0ae5-4e28-8291-fac8a96faaf9/run/objectives.json to http://web:80/data_points/b2d24735-0ae5-4e28-8291-fac8a96faaf9/upload_file
[16:40:19.739741 INFO] Saving report responded with {"id":"59c93173a2321800caed5cad","data_point_id":"b2d24735-0ae5-4e28-8291-fac8a96faaf9","display_name":"objectives","type":"Report","created_at":"2017-09-25T16:40:19.729Z","updated_at":"2017-09-25T16:40:19.729Z"}
[16:40:19.740045 INFO] Saving report /mnt/openstudio/analysis_fe821d2c-df1e-4105-9ee6-6c7fef1463ae/data_point_b2d24735-0ae5-4e28-8291-fac8a96faaf9/out.osw to http://web:80/data_points/b2d24735-0ae5-4e28-8291-fac8a96faaf9/upload_file
[16:40:19.773620 INFO] Saving report responded with {"id":"59c93173a2321800caed5cae","data_point_id":"b2d24735-0ae5-4e28-8291-fac8a96faaf9","display_name":"Final OSW File","type":"Report","created_at":"2017-09-25T16:40:19.764Z","updated_at":"2017-09-25T16:40:19.764Z"}
[16:40:19.773907 INFO] Saving report /mnt/openstudio/analysis_fe821d2c-df1e-4105-9ee6-6c7fef1463ae/data_point_b2d24735-0ae5-4e28-8291-fac8a96faaf9/in.osm to http://web:80/data_points/b2d24735-0ae5-4e28-8291-fac8a96faaf9/upload_file
[16:40:20.345481 INFO] Saving report responded with {"id":"59c93174a2321800caed5caf","data_point_id":"b2d24735-0ae5-4e28-8291-fac8a96faaf9","display_name":"model","type":"OpenStudio Model","created_at":"2017-09-25T16:40:20.261Z","updated_at":"2017-09-25T16:40:20.261Z"}
[16:40:20.345796 INFO] Saving report /mnt/openstudio/analysis_fe821d2c-df1e-4105-9ee6-6c7fef1463ae/data_point_b2d24735-0ae5-4e28-8291-fac8a96faaf9/run/data_point.zip to http://web:80/data_points/b2d24735-0ae5-4e28-8291-fac8a96faaf9/upload_file
[16:40:20.489455 INFO] Saving report responded with {"id":"59c93174a2321800caed5cb0","data_point_id":"b2d24735-0ae5-4e28-8291-fac8a96faaf9","display_name":"Zip File","type":"Data Point","created_at":"2017-09-25T16:40:20.373Z","updated_at":"2017-09-25T16:40:20.373Z"}
[16:40:20.490659 INFO] Found data point finalization file datapoint_final.sh.
[16:40:20.490858 INFO] Preparing to run finalization script /mnt/openstudio/analysis_fe821d2c-df1e-4105-9ee6-6c7fef1463ae/scripts/worker_finalization/datapoint_final.sh
[16:40:20.491211 INFO] Looking for argument file /mnt/openstudio/analysis_fe821d2c-df1e-4105-9ee6-6c7fef1463ae/scripts/worker_finalization/datapoint_final.args
[16:40:20.491288 INFO] argument file exists /mnt/openstudio/analysis_fe821d2c-df1e-4105-9ee6-6c7fef1463ae/scripts/worker_finalization/datapoint_final.args
[16:40:20.491850 INFO] arguments are []
[16:40:20.573396 INFO] Script returned with exit code 0 of class Fixnum
[16:40:20.573708 INFO] Saving report /mnt/openstudio/analysis_fe821d2c-df1e-4105-9ee6-6c7fef1463ae/data_point_b2d24735-0ae5-4e28-8291-fac8a96faaf9/run/datapoint_final.log to http://web:80/data_points/b2d24735-0ae5-4e28-8291-fac8a96faaf9/upload_file
[16:40:20.606428 INFO] Saving report responded with {"id":"59c93174a2321800caed5cb1","data_point_id":"b2d24735-0ae5-4e28-8291-fac8a96faaf9","display_name":"Finalization Script Log","type":"Report","created_at":"2017-09-25T16:40:20.595Z","updated_at":"2017-09-25T16:40:20.595Z"}
[16:40:20.615012 INFO] Finished /opt/openstudio/server/app/workers/run_simulate_data_point.rb
