# Logfile created on 2019-02-08 21:47:41 +0000 by logger.rb/47272
[21:47:41.296927 INFO] Checking for presence of args file at /mnt/openstudio/analysis_5b8bf959-6b87-4318-911c-88038d7f0940/scripts/data_point/initialize.args
[21:47:41.296989 INFO] Checking for presence of script file at /mnt/openstudio/analysis_5b8bf959-6b87-4318-911c-88038d7f0940/scripts/data_point/initialize.sh
[21:47:41.305586 INFO] Server host is http://web:80
[21:47:41.305680 INFO] Analysis directory is /mnt/openstudio/analysis_5b8bf959-6b87-4318-911c-88038d7f0940
[21:47:41.305744 INFO] Simulation directory is /mnt/openstudio/analysis_5b8bf959-6b87-4318-911c-88038d7f0940/data_point_a4cf62e1-31f5-458e-b48a-e445b0ad88d6
[21:47:41.305793 INFO] Run datapoint type/file is 
[21:47:41.305840 INFO] Starting initialize_worker for datapoint a4cf62e1-31f5-458e-b48a-e445b0ad88d6
[21:47:41.306131 INFO] Downloading analysis zip from http://web:80/analyses/5b8bf959-6b87-4318-911c-88038d7f0940/download_analysis_zip
[21:47:47.945654 INFO] Extracting analysis zip to /mnt/openstudio/analysis_5b8bf959-6b87-4318-911c-88038d7f0940
[21:48:28.105482 INFO] Downloading analysis.json from http://web:80/analyses/5b8bf959-6b87-4318-911c-88038d7f0940.json
[21:48:28.149312 DEBUG] Running datapoint initialization file if present.
[21:48:28.150270 INFO] Checking for presence of args file at /mnt/openstudio/analysis_5b8bf959-6b87-4318-911c-88038d7f0940/scripts/data_point/initialize.args
[21:48:28.150425 INFO]  args loaded from file /mnt/openstudio/analysis_5b8bf959-6b87-4318-911c-88038d7f0940/scripts/data_point/initialize.args: ["https://s3.amazonaws.com/epwweatherfiles/project_resstock_national.zip"]
[21:48:28.150464 INFO] Checking for presence of script file at /mnt/openstudio/analysis_5b8bf959-6b87-4318-911c-88038d7f0940/scripts/data_point/initialize.sh
[21:48:28.150697 DEBUG] updating permissions for /mnt/openstudio/analysis_5b8bf959-6b87-4318-911c-88038d7f0940/scripts/data_point/initialize.sh
[21:48:28.150754 DEBUG] removing DOS endings for /mnt/openstudio/analysis_5b8bf959-6b87-4318-911c-88038d7f0940/scripts/data_point/initialize.sh
[21:48:28.151009 DEBUG] running /mnt/openstudio/analysis_5b8bf959-6b87-4318-911c-88038d7f0940/scripts/data_point/initialize.sh
[21:48:31.086156 DEBUG] Script returned with exit code 0 of class Fixnum
[21:48:31.086330 INFO] Finished worker initialization
[21:48:31.097632 INFO] Downloading datapoint from http://web:80/data_points/a4cf62e1-31f5-458e-b48a-e445b0ad88d6.json
[21:48:31.109738 INFO] Creating Workflow Manager instance
[21:48:31.109893 INFO] Directory is /mnt/openstudio/analysis_5b8bf959-6b87-4318-911c-88038d7f0940/data_point_a4cf62e1-31f5-458e-b48a-e445b0ad88d6
[21:48:31.109986 INFO] Opening run.log file '/mnt/openstudio/analysis_5b8bf959-6b87-4318-911c-88038d7f0940/data_point_a4cf62e1-31f5-458e-b48a-e445b0ad88d6/run/run.log'
[21:48:31.110149 WARN] OPENSTUDIO_EXE_PATH not set - defaulting to /usr/local/bin/openstudio
[21:48:31.110489 INFO] Running workflow using cmd /usr/local/bin/openstudio --verbose --bundle /var/oscli/Gemfile --bundle_path /var/oscli/gems run --workflow /mnt/openstudio/analysis_5b8bf959-6b87-4318-911c-88038d7f0940/data_point_a4cf62e1-31f5-458e-b48a-e445b0ad88d6/data_point.osw --debug and writing log to /mnt/openstudio/analysis_5b8bf959-6b87-4318-911c-88038d7f0940/data_point_a4cf62e1-31f5-458e-b48a-e445b0ad88d6/oscli_simulation.log
[21:49:54.629209 INFO] Saving files/reports back to the server
[21:49:54.629506 INFO] Saving report /mnt/openstudio/analysis_5b8bf959-6b87-4318-911c-88038d7f0940/data_point_a4cf62e1-31f5-458e-b48a-e445b0ad88d6/reports/eplustbl.html to http://web:80/data_points/a4cf62e1-31f5-458e-b48a-e445b0ad88d6/upload_file
[21:49:54.676790 INFO] Saving report responded with {"id":"5c5df9827899b500fb813b7c","data_point_id":"a4cf62e1-31f5-458e-b48a-e445b0ad88d6","display_name":"eplustbl","type":"Report","created_at":"2019-02-08T21:49:54.661Z","updated_at":"2019-02-08T21:49:54.661Z"}
[21:49:54.677120 INFO] Saving report /mnt/openstudio/analysis_5b8bf959-6b87-4318-911c-88038d7f0940/data_point_a4cf62e1-31f5-458e-b48a-e445b0ad88d6/run/objectives.json to http://web:80/data_points/a4cf62e1-31f5-458e-b48a-e445b0ad88d6/upload_file
[21:49:54.957730 INFO] Saving report responded with {"id":"5c5df9827899b50167813b7b","data_point_id":"a4cf62e1-31f5-458e-b48a-e445b0ad88d6","display_name":"objectives","type":"Report","created_at":"2019-02-08T21:49:54.929Z","updated_at":"2019-02-08T21:49:54.929Z"}
[21:49:54.958010 INFO] Saving report /mnt/openstudio/analysis_5b8bf959-6b87-4318-911c-88038d7f0940/data_point_a4cf62e1-31f5-458e-b48a-e445b0ad88d6/out.osw to http://web:80/data_points/a4cf62e1-31f5-458e-b48a-e445b0ad88d6/upload_file
[21:49:55.017935 INFO] Saving report responded with {"id":"5c5df9827899b5012a813b7e","data_point_id":"a4cf62e1-31f5-458e-b48a-e445b0ad88d6","display_name":"Final OSW File","type":"Report","created_at":"2019-02-08T21:49:54.999Z","updated_at":"2019-02-08T21:49:54.999Z"}
[21:49:55.018232 INFO] Saving report /mnt/openstudio/analysis_5b8bf959-6b87-4318-911c-88038d7f0940/data_point_a4cf62e1-31f5-458e-b48a-e445b0ad88d6/run/data_point.zip to http://web:80/data_points/a4cf62e1-31f5-458e-b48a-e445b0ad88d6/upload_file
[21:49:55.094515 INFO] Saving report responded with {"id":"5c5df9837899b50167813b7e","data_point_id":"a4cf62e1-31f5-458e-b48a-e445b0ad88d6","display_name":"Zip File","type":"Data Point","created_at":"2019-02-08T21:49:55.076Z","updated_at":"2019-02-08T21:49:55.076Z"}
[21:49:55.094912 INFO] Checking for presence of args file at /mnt/openstudio/analysis_5b8bf959-6b87-4318-911c-88038d7f0940/scripts/data_point/finalize.args
[21:49:55.095057 INFO]  args loaded from file /mnt/openstudio/analysis_5b8bf959-6b87-4318-911c-88038d7f0940/scripts/data_point/finalize.args: []
[21:49:55.095094 INFO] Checking for presence of script file at /mnt/openstudio/analysis_5b8bf959-6b87-4318-911c-88038d7f0940/scripts/data_point/finalize.sh
[21:49:55.095174 DEBUG] updating permissions for /mnt/openstudio/analysis_5b8bf959-6b87-4318-911c-88038d7f0940/scripts/data_point/finalize.sh
[21:49:55.095223 DEBUG] removing DOS endings for /mnt/openstudio/analysis_5b8bf959-6b87-4318-911c-88038d7f0940/scripts/data_point/finalize.sh
[21:49:55.095425 DEBUG] running /mnt/openstudio/analysis_5b8bf959-6b87-4318-911c-88038d7f0940/scripts/data_point/finalize.sh
[21:49:55.130296 DEBUG] Script returned with exit code 0 of class Fixnum
[21:49:55.137558 INFO] Finished /opt/openstudio/server/app/jobs/dj_jobs/run_simulate_data_point.rb
