\BOOKMARK [0][-]{chapter.1}{\376\377\000\040\000E\000x\000e\000c\000u\000t\000i\000v\000e\000\040\000S\000u\000m\000m\000a\000r\000y}{}% 1
\BOOKMARK [0][-]{chapter.7}{\376\377\000\040\000A\000c\000k\000n\000o\000w\000l\000e\000d\000g\000m\000e\000n\000t\000s}{}% 2
\BOOKMARK [0][-]{chapter.8}{\376\377\000\040\000V\000e\000r\000s\000i\000o\000n\000\040\000H\000i\000s\000t\000o\000r\000y}{}% 3
\BOOKMARK [0][-]{chapter.9}{\376\377\000\040\000L\000i\000s\000t\000\040\000o\000f\000\040\000A\000c\000r\000o\000n\000y\000m\000s}{}% 4
\BOOKMARK [0][-]{chapter.10}{\376\377\0001\000\040\000I\000n\000t\000r\000o\000d\000u\000c\000t\000i\000o\000n}{}% 5
\BOOKMARK [1][-]{section.11}{\376\377\0001\000.\0001\000\040\000O\000v\000e\000r\000v\000i\000e\000w\000\040\000a\000n\000d\000\040\000P\000r\000i\000m\000a\000r\000y\000\040\000U\000s\000e\000\040\000A\000p\000p\000l\000i\000c\000a\000t\000i\000o\000n\000s}{chapter.10}% 6
\BOOKMARK [1][-]{section.12}{\376\377\0001\000.\0002\000\040\000R\000e\000s\000S\000t\000o\000c\000k\000\040\000C\000a\000l\000i\000b\000r\000a\000t\000i\000o\000n\000\040\000a\000n\000d\000\040\000V\000a\000l\000i\000d\000a\000t\000i\000o\000n}{chapter.10}% 7
\BOOKMARK [1][-]{section.13}{\376\377\0001\000.\0003\000\040\000R\000e\000s\000S\000t\000o\000c\000k\000\040\000D\000a\000t\000a\000\040\000A\000c\000c\000e\000s\000s}{chapter.10}% 8
\BOOKMARK [0][-]{chapter.14}{\376\377\0002\000\040\000R\000e\000s\000S\000t\000o\000c\000k\000\040\000W\000o\000r\000k\000f\000l\000o\000w}{}% 9
\BOOKMARK [1][-]{section.15}{\376\377\0002\000.\0001\000\040\000O\000v\000e\000r\000v\000i\000e\000w}{chapter.14}% 10
\BOOKMARK [1][-]{section.17}{\376\377\0002\000.\0002\000\040\000R\000e\000s\000i\000d\000e\000n\000t\000i\000a\000l\000\040\000B\000u\000i\000l\000d\000i\000n\000g\000\040\000S\000t\000o\000c\000k\000\040\000C\000h\000a\000r\000a\000c\000t\000e\000r\000i\000z\000a\000t\000i\000o\000n}{chapter.14}% 11
\BOOKMARK [1][-]{section.19}{\376\377\0002\000.\0003\000\040\000B\000u\000i\000l\000d\000i\000n\000g\000\040\000E\000n\000e\000r\000g\000y\000\040\000M\000o\000d\000e\000l\000\040\000A\000r\000t\000i\000c\000u\000l\000a\000t\000i\000o\000n}{chapter.14}% 12
\BOOKMARK [1][-]{section.20}{\376\377\0002\000.\0004\000\040\000O\000p\000e\000n\000S\000t\000u\000d\000i\000o\040\023\000H\000P\000X\000M\000L}{chapter.14}% 13
\BOOKMARK [1][-]{section.22}{\376\377\0002\000.\0005\000\040\000B\000a\000t\000c\000h\000\040\000S\000i\000m\000u\000l\000a\000t\000i\000o\000n}{chapter.14}% 14
\BOOKMARK [1][-]{section.23}{\376\377\0002\000.\0006\000\040\000U\000p\000g\000r\000a\000d\000e\000\040\000S\000p\000e\000c\000i\000f\000i\000c\000a\000t\000i\000o\000n}{chapter.14}% 15
\BOOKMARK [1][-]{section.24}{\376\377\0002\000.\0007\000\040\000R\000e\000s\000u\000l\000t\000s\000\040\000a\000n\000d\000\040\000P\000u\000b\000l\000i\000c\000a\000t\000i\000o\000n}{chapter.14}% 16
\BOOKMARK [0][-]{chapter.25}{\376\377\0003\000\040\000I\000n\000p\000u\000t\000\040\000S\000t\000r\000u\000c\000t\000u\000r\000e\000\040\000a\000n\000d\000\040\000S\000a\000m\000p\000l\000i\000n\000g}{}% 17
\BOOKMARK [1][-]{section.26}{\376\377\0003\000.\0001\000\040\000O\000v\000e\000r\000v\000i\000e\000w\000\040\000o\000f\000\040\000H\000o\000u\000s\000i\000n\000g\000\040\000C\000h\000a\000r\000a\000c\000t\000e\000r\000i\000s\000t\000i\000c\000s}{chapter.25}% 18
\BOOKMARK [1][-]{section.28}{\376\377\0003\000.\0002\000\040\000M\000e\000t\000h\000o\000d\000s\000\040\000f\000o\000r\000\040\000C\000r\000e\000a\000t\000i\000n\000g\000\040\000H\000o\000u\000s\000i\000n\000g\000\040\000C\000h\000a\000r\000a\000c\000t\000e\000r\000i\000s\000t\000i\000c\000\040\000D\000i\000s\000t\000r\000i\000b\000u\000t\000i\000o\000n\000s}{chapter.25}% 19
\BOOKMARK [1][-]{section.29}{\376\377\0003\000.\0003\000\040\000S\000a\000m\000p\000l\000i\000n\000g\000\040\000M\000e\000t\000h\000o\000d\000o\000l\000o\000g\000y}{chapter.25}% 20
\BOOKMARK [1][-]{section.31}{\376\377\0003\000.\0004\000\040\000S\000c\000h\000e\000d\000u\000l\000e\000\040\000C\000r\000e\000a\000t\000i\000o\000n}{chapter.25}% 21
\BOOKMARK [0][-]{chapter.33}{\376\377\0004\000\040\000H\000o\000u\000s\000i\000n\000g\000\040\000C\000h\000a\000r\000a\000c\000t\000e\000r\000i\000s\000t\000i\000c\000s\000\040\000a\000n\000d\000\040\000I\000n\000p\000u\000t\000s}{}% 22
\BOOKMARK [1][-]{section.34}{\376\377\0004\000.\0001\000\040\000G\000e\000o\000g\000r\000a\000p\000h\000y}{chapter.33}% 23
\BOOKMARK [2][-]{subsection.35}{\376\377\0004\000.\0001\000.\0001\000\040\000C\000e\000n\000s\000u\000s\000\040\000G\000e\000o\000g\000r\000a\000p\000h\000i\000e\000s}{section.34}% 24
\BOOKMARK [2][-]{subsection.108}{\376\377\0004\000.\0001\000.\0002\000\040\000C\000l\000i\000m\000a\000t\000e\000\040\000Z\000o\000n\000e\000s}{section.34}% 25
\BOOKMARK [2][-]{subsection.145}{\376\377\0004\000.\0001\000.\0003\000\040\000G\000r\000i\000d\000\040\000a\000n\000d\000\040\000E\000m\000i\000s\000s\000i\000o\000n\000s\000\040\000G\000e\000o\000g\000r\000a\000p\000h\000i\000e\000s}{section.34}% 26
\BOOKMARK [2][-]{subsection.166}{\376\377\0004\000.\0001\000.\0004\000\040\000O\000t\000h\000e\000r\000\040\000G\000e\000o\000g\000r\000a\000p\000h\000i\000e\000s}{section.34}% 27
\BOOKMARK [2][-]{subsection.192}{\376\377\0004\000.\0001\000.\0005\000\040\000W\000e\000a\000t\000h\000e\000r\000\040\000D\000a\000t\000a}{section.34}% 28
\BOOKMARK [1][-]{section.199}{\376\377\0004\000.\0002\000\040\000G\000e\000o\000m\000e\000t\000r\000y}{chapter.33}% 29
\BOOKMARK [2][-]{subsection.200}{\376\377\0004\000.\0002\000.\0001\000\040\000H\000o\000u\000s\000i\000n\000g\000\040\000U\000n\000i\000t\000\040\000L\000o\000c\000a\000t\000i\000o\000n}{section.199}% 30
\BOOKMARK [2][-]{subsection.292}{\376\377\0004\000.\0002\000.\0002\000\040\000B\000u\000i\000l\000d\000i\000n\000g\000\040\000T\000y\000p\000e}{section.199}% 31
\BOOKMARK [2][-]{subsection.308}{\376\377\0004\000.\0002\000.\0003\000\040\000C\000o\000n\000s\000t\000r\000u\000c\000t\000i\000o\000n\000\040\000Y\000e\000a\000r}{section.199}% 32
\BOOKMARK [2][-]{subsection.324}{\376\377\0004\000.\0002\000.\0004\000\040\000H\000o\000u\000s\000i\000n\000g\000\040\000U\000n\000i\000t\000\040\000G\000e\000o\000m\000e\000t\000r\000y}{section.199}% 33
\BOOKMARK [2][-]{subsection.339}{\376\377\0004\000.\0002\000.\0005\000\040\000S\000p\000a\000c\000e\000\040\000G\000e\000o\000m\000e\000t\000r\000y}{section.199}% 34
\BOOKMARK [1][-]{section.378}{\376\377\0004\000.\0003\000\040\000E\000n\000v\000e\000l\000o\000p\000e}{chapter.33}% 35
\BOOKMARK [2][-]{subsection.379}{\376\377\0004\000.\0003\000.\0001\000\040\000W\000a\000l\000l\000s}{section.378}% 36
\BOOKMARK [2][-]{subsection.402}{\376\377\0004\000.\0003\000.\0002\000\040\000R\000o\000o\000f\000\040\000a\000n\000d\000\040\000C\000e\000i\000l\000i\000n\000g}{section.378}% 37
\BOOKMARK [2][-]{subsection.435}{\376\377\0004\000.\0003\000.\0003\000\040\000F\000o\000u\000n\000d\000a\000t\000i\000o\000n}{section.378}% 38
\BOOKMARK [2][-]{subsection.476}{\376\377\0004\000.\0003\000.\0004\000\040\000D\000o\000o\000r\000s\000\040\000a\000n\000d\000\040\000W\000i\000n\000d\000o\000w\000s}{section.378}% 39
\BOOKMARK [2][-]{subsection.531}{\376\377\0004\000.\0003\000.\0005\000\040\000I\000n\000f\000i\000l\000t\000r\000a\000t\000i\000o\000n}{section.378}% 40
\BOOKMARK [1][-]{section.540}{\376\377\0004\000.\0004\000\040\000H\000V\000A\000C}{chapter.33}% 41
\BOOKMARK [2][-]{subsection.541}{\376\377\0004\000.\0004\000.\0001\000\040\000P\000r\000i\000m\000a\000r\000y\000\040\000H\000e\000a\000t\000i\000n\000g}{section.540}% 42
\BOOKMARK [2][-]{subsection.585}{\376\377\0004\000.\0004\000.\0002\000\040\000S\000e\000c\000o\000n\000d\000a\000r\000y\000\040\000H\000e\000a\000t\000i\000n\000g}{section.540}% 43
\BOOKMARK [2][-]{subsection.617}{\376\377\0004\000.\0004\000.\0003\000\040\000C\000o\000o\000l\000i\000n\000g}{section.540}% 44
\BOOKMARK [2][-]{subsection.648}{\376\377\0004\000.\0004\000.\0004\000\040\000S\000h\000a\000r\000e\000d\000\040\000S\000y\000s\000t\000e\000m\000s}{section.540}% 45
\BOOKMARK [2][-]{subsection.672}{\376\377\0004\000.\0004\000.\0005\000\040\000S\000e\000t\000p\000o\000i\000n\000t\000s}{section.540}% 46
\BOOKMARK [2][-]{subsection.734}{\376\377\0004\000.\0004\000.\0006\000\040\000D\000u\000c\000t\000s}{section.540}% 47
\BOOKMARK [2][-]{subsection.759}{\376\377\0004\000.\0004\000.\0007\000\040\000H\000V\000A\000C\000\040\000I\000n\000s\000t\000a\000l\000l\000a\000t\000i\000o\000n\000\040\000Q\000u\000a\000l\000i\000t\000y}{section.540}% 48
\BOOKMARK [2][-]{subsection.805}{\376\377\0004\000.\0004\000.\0008\000\040\000V\000e\000n\000t\000i\000l\000a\000t\000i\000o\000n}{section.540}% 49
\BOOKMARK [1][-]{section.838}{\376\377\0004\000.\0005\000\040\000W\000a\000t\000e\000r\000\040\000H\000e\000a\000t\000i\000n\000g}{chapter.33}% 50
\BOOKMARK [2][-]{subsection.839}{\376\377\0004\000.\0005\000.\0001\000\040\000W\000a\000t\000e\000r\000\040\000H\000e\000a\000t\000e\000r\000s}{section.838}% 51
\BOOKMARK [2][-]{subsection.880}{\376\377\0004\000.\0005\000.\0002\000\040\000H\000o\000t\000\040\000W\000a\000t\000e\000r\000\040\000D\000i\000s\000t\000r\000i\000b\000u\000t\000i\000o\000n}{section.838}% 52
\BOOKMARK [2][-]{subsection.888}{\376\377\0004\000.\0005\000.\0003\000\040\000H\000o\000t\000\040\000W\000a\000t\000e\000r\000\040\000F\000i\000x\000t\000u\000r\000e\000s}{section.838}% 53
\BOOKMARK [2][-]{subsection.897}{\376\377\0004\000.\0005\000.\0004\000\040\000H\000o\000t\000\040\000W\000a\000t\000e\000r\000\040\000A\000p\000p\000l\000i\000a\000n\000c\000e\000s}{section.838}% 54
\BOOKMARK [1][-]{section.898}{\376\377\0004\000.\0006\000\040\000A\000p\000p\000l\000i\000a\000n\000c\000e\000s}{chapter.33}% 55
\BOOKMARK [2][-]{subsection.899}{\376\377\0004\000.\0006\000.\0001\000\040\000U\000s\000a\000g\000e}{section.898}% 56
\BOOKMARK [2][-]{subsection.907}{\376\377\0004\000.\0006\000.\0002\000\040\000R\000e\000f\000r\000i\000g\000e\000r\000a\000t\000i\000o\000n}{section.898}% 57
\BOOKMARK [2][-]{subsection.978}{\376\377\0004\000.\0006\000.\0003\000\040\000C\000o\000o\000k\000i\000n\000g}{section.898}% 58
\BOOKMARK [2][-]{subsection.1015}{\376\377\0004\000.\0006\000.\0004\000\040\000D\000i\000s\000h\000w\000a\000s\000h\000e\000r}{section.898}% 59
\BOOKMARK [2][-]{subsection.1044}{\376\377\0004\000.\0006\000.\0005\000\040\000C\000l\000o\000t\000h\000e\000s\000\040\000W\000a\000s\000h\000e\000r}{section.898}% 60
\BOOKMARK [2][-]{subsection.1096}{\376\377\0004\000.\0006\000.\0006\000\040\000C\000l\000o\000t\000h\000e\000s\000\040\000D\000r\000y\000e\000r}{section.898}% 61
\BOOKMARK [2][-]{subsection.1130}{\376\377\0004\000.\0006\000.\0007\000\040\000C\000e\000i\000l\000i\000n\000g\000\040\000F\000a\000n}{section.898}% 62
\BOOKMARK [2][-]{subsection.1140}{\376\377\0004\000.\0006\000.\0008\000\040\000P\000o\000o\000l\000\040\000a\000n\000d\000\040\000H\000o\000t\000\040\000T\000u\000b}{section.898}% 63
\BOOKMARK [2][-]{subsection.1201}{\376\377\0004\000.\0006\000.\0009\000\040\000W\000e\000l\000l\000\040\000P\000u\000m\000p}{section.898}% 64
\BOOKMARK [2][-]{subsection.1211}{\376\377\0004\000.\0006\000.\0001\0000\000\040\000M\000i\000s\000c\000e\000l\000l\000a\000n\000e\000o\000u\000s\000\040\000G\000a\000s\000\040\000U\000s\000e\000s}{section.898}% 65
\BOOKMARK [2][-]{subsection.1229}{\376\377\0004\000.\0006\000.\0001\0001\000\040\000P\000V}{section.898}% 66
\BOOKMARK [2][-]{subsection.1253}{\376\377\0004\000.\0006\000.\0001\0002\000\040\000A\000d\000d\000i\000t\000i\000o\000n\000a\000l\000\040\000C\000a\000p\000a\000b\000i\000l\000i\000t\000i\000e\000s}{section.898}% 67
\BOOKMARK [1][-]{section.1276}{\376\377\0004\000.\0007\000\040\000L\000i\000g\000h\000t\000i\000n\000g}{chapter.33}% 68
\BOOKMARK [2][-]{subsection.1277}{\376\377\0004\000.\0007\000.\0001\000\040\000M\000o\000d\000e\000l\000i\000n\000g\000\040\000A\000p\000p\000r\000o\000a\000c\000h}{section.1276}% 69
\BOOKMARK [1][-]{section.1317}{\376\377\0004\000.\0008\000\040\000P\000l\000u\000g\000\040\000L\000o\000a\000d\000s}{chapter.33}% 70
\BOOKMARK [1][-]{section.1334}{\376\377\0004\000.\0009\000\040\000H\000o\000u\000s\000e\000h\000o\000l\000d\000\040\000C\000h\000a\000r\000a\000c\000t\000e\000r\000i\000s\000t\000i\000c\000s}{chapter.33}% 71
\BOOKMARK [2][-]{subsection.1335}{\376\377\0004\000.\0009\000.\0001\000\040\000I\000n\000c\000o\000m\000e}{section.1334}% 72
\BOOKMARK [2][-]{subsection.1337}{\376\377\0004\000.\0009\000.\0002\000\040\000E\000n\000e\000r\000g\000y\000\040\000B\000u\000r\000d\000e\000n}{section.1334}% 73
\BOOKMARK [2][-]{subsection.1338}{\376\377\0004\000.\0009\000.\0003\000\040\000V\000a\000c\000a\000n\000t\000\040\000U\000n\000i\000t\000s}{section.1334}% 74
\BOOKMARK [2][-]{subsection.1339}{\376\377\0004\000.\0009\000.\0004\000\040\000O\000t\000h\000e\000r\000\040\000H\000o\000u\000s\000e\000h\000o\000l\000d\000\040\000A\000t\000t\000r\000i\000b\000u\000t\000e\000s}{section.1334}% 75
\BOOKMARK [0][-]{chapter.1406}{\376\377\0005\000\040\000R\000e\000s\000S\000t\000o\000c\000k\000\040\000O\000u\000t\000p\000u\000t\000s}{}% 76
\BOOKMARK [1][-]{section.1407}{\376\377\0005\000.\0001\000\040\000B\000u\000i\000l\000d\000i\000n\000g\000\040\000C\000h\000a\000r\000a\000c\000t\000e\000r\000i\000s\000t\000i\000c\000s}{chapter.1406}% 77
\BOOKMARK [1][-]{section.1410}{\376\377\0005\000.\0002\000\040\000E\000n\000e\000r\000g\000y\000\040\000C\000o\000n\000s\000u\000m\000p\000t\000i\000o\000n\000\040\000b\000y\000\040\000F\000u\000e\000l\000\040\000a\000n\000d\000\040\000E\000n\000d\000\040\000U\000s\000e}{chapter.1406}% 78
\BOOKMARK [1][-]{section.1412}{\376\377\0005\000.\0003\000\040\000C\000o\000s\000t\000\040\000M\000u\000l\000t\000i\000p\000l\000i\000e\000r\000s}{chapter.1406}% 79
\BOOKMARK [1][-]{section.1414}{\376\377\0005\000.\0004\000\040\000E\000m\000i\000s\000s\000i\000o\000n\000s}{chapter.1406}% 80
\BOOKMARK [2][-]{subsection.1415}{\376\377\0005\000.\0004\000.\0001\000\040\000E\000m\000i\000s\000s\000i\000o\000n\000s\000\040\000F\000r\000o\000m\000\040\000O\000n\000-\000S\000i\000t\000e\000\040\000C\000o\000m\000b\000u\000s\000t\000i\000o\000n\000\040\000\050\000S\000c\000o\000p\000e\000\040\0001\000\051}{section.1414}% 81
\BOOKMARK [2][-]{subsection.1416}{\376\377\0005\000.\0004\000.\0002\000\040\000E\000m\000i\000s\000s\000i\000o\000n\000s\000\040\000F\000r\000o\000m\000\040\000E\000l\000e\000c\000t\000r\000i\000c\000i\000t\000y\000\040\000G\000e\000n\000e\000r\000a\000t\000i\000o\000n\000\040\000\050\000S\000c\000o\000p\000e\000\040\0002\000\051}{section.1414}% 82
\BOOKMARK [1][-]{section.1418}{\376\377\0005\000.\0005\000\040\000U\000t\000i\000l\000i\000t\000y\000\040\000B\000i\000l\000l\000s}{chapter.1406}% 83
\BOOKMARK [1][-]{section.1420}{\376\377\0005\000.\0006\000\040\000E\000n\000e\000r\000g\000y\000\040\000B\000u\000r\000d\000e\000n}{chapter.1406}% 84
\BOOKMARK [1][-]{section.1421}{\376\377\0005\000.\0007\000\040\000O\000t\000h\000e\000r\000\040\000O\000u\000t\000p\000u\000t\000s}{chapter.1406}% 85
\BOOKMARK [0][-]{chapter.1423}{\376\377\0006\000\040\000P\000u\000b\000l\000i\000c\000\040\000D\000a\000t\000a\000\040\000A\000c\000c\000e\000s\000s}{}% 86
\BOOKMARK [1][-]{section.1424}{\376\377\0006\000.\0001\000\040\000O\000p\000e\000n\000\040\000E\000n\000e\000r\000g\000y\000\040\000D\000a\000t\000a\000\040\000I\000n\000i\000t\000i\000a\000t\000i\000v\000e}{chapter.1423}% 87
\BOOKMARK [1][-]{section.1425}{\376\377\0006\000.\0002\000\040\000W\000e\000b\000-\000B\000a\000s\000e\000d\000\040\000V\000i\000s\000u\000a\000l\000i\000z\000a\000t\000i\000o\000n\000\040\000P\000l\000a\000t\000f\000o\000r\000m}{chapter.1423}% 88
\BOOKMARK [1][-]{section.1433}{\376\377\0006\000.\0003\000\040\000B\000u\000i\000l\000d\000S\000t\000o\000c\000k\000\040\000Q\000u\000e\000r\000y}{chapter.1423}% 89
\BOOKMARK [1][-]{section.1434}{\376\377\0006\000.\0004\000\040\000D\000a\000s\000h\000b\000o\000a\000r\000d\000s}{chapter.1423}% 90
\BOOKMARK [1][-]{section.1435}{\376\377\0006\000.\0005\000\040\000F\000a\000c\000t\000\040\000S\000h\000e\000e\000t\000s}{chapter.1423}% 91
