# Logfile created on 2017-09-25 16:37:55 +0000 by logger.rb/47272
[16:37:55.300417 INFO] Server host is http://web:80
[16:37:55.300463 INFO] Analysis directory is /mnt/openstudio/analysis_fe821d2c-df1e-4105-9ee6-6c7fef1463ae
[16:37:55.300505 INFO] Simulation directory is /mnt/openstudio/analysis_fe821d2c-df1e-4105-9ee6-6c7fef1463ae/data_point_71b1eb06-0eba-4695-83bd-e8ff9db900b8
[16:37:55.300528 INFO] Run datapoint type/file is workflow
[16:37:55.300550 INFO] Starting initialize_worker for datapoint 71b1eb06-0eba-4695-83bd-e8ff9db900b8
[16:37:55.300657 INFO] Downloading analysis zip from http://web:80/analyses/fe821d2c-df1e-4105-9ee6-6c7fef1463ae/download_analysis_zip
[16:39:02.058294 INFO] Extracting analysis zip to /mnt/openstudio/analysis_fe821d2c-df1e-4105-9ee6-6c7fef1463ae
[16:39:05.154699 INFO] Downloading analysis.json from http://web:80/analyses/fe821d2c-df1e-4105-9ee6-6c7fef1463ae.json
[16:39:25.686737 INFO] Found data point initialization file datapoint_init.sh.
[16:39:25.687114 INFO] Preparing to run initialization script /mnt/openstudio/analysis_fe821d2c-df1e-4105-9ee6-6c7fef1463ae/scripts/worker_initialization/datapoint_init.sh
[16:39:25.687345 INFO] Looking for argument file /mnt/openstudio/analysis_fe821d2c-df1e-4105-9ee6-6c7fef1463ae/scripts/worker_initialization/datapoint_init.args
[16:39:25.687924 INFO] argument file exists /mnt/openstudio/analysis_fe821d2c-df1e-4105-9ee6-6c7fef1463ae/scripts/worker_initialization/datapoint_init.args
[16:39:25.688054 INFO] arguments are ["https://s3.amazonaws.com/epwweatherfiles/project_resstock_efs.zip"]
[16:39:33.317550 INFO] Script returned with exit code 0 of class Fixnum
[16:39:33.317726 INFO] Finished worker initialization
[16:39:45.810633 INFO] Downloading datapoint from http://web:80/data_points/71b1eb06-0eba-4695-83bd-e8ff9db900b8.json
[16:39:45.958888 INFO] Creating Workflow Manager instance
[16:39:45.958984 INFO] Directory is /mnt/openstudio/analysis_fe821d2c-df1e-4105-9ee6-6c7fef1463ae/data_point_71b1eb06-0eba-4695-83bd-e8ff9db900b8
[16:39:45.959065 INFO] Opening run.log file '/mnt/openstudio/analysis_fe821d2c-df1e-4105-9ee6-6c7fef1463ae/data_point_71b1eb06-0eba-4695-83bd-e8ff9db900b8/run/run.log'
[16:39:45.981668 INFO] Running workflow
[16:46:33.335608 INFO] Final run state is finished
[16:46:33.372933 INFO] Saving files/reports back to the server
[16:46:33.373206 INFO] Saving report /mnt/openstudio/analysis_fe821d2c-df1e-4105-9ee6-6c7fef1463ae/data_point_71b1eb06-0eba-4695-83bd-e8ff9db900b8/reports/eplustbl.html to http://web:80/data_points/71b1eb06-0eba-4695-83bd-e8ff9db900b8/upload_file
[16:46:33.414087 INFO] Saving report responded with {"id":"59c93287a2321800caed5df9","data_point_id":"71b1eb06-0eba-4695-83bd-e8ff9db900b8","display_name":"eplustbl","type":"Report","created_at":"2017-09-25T16:44:55.266Z","updated_at":"2017-09-25T16:44:55.266Z"}
[16:46:33.415442 INFO] Saving report /mnt/openstudio/analysis_fe821d2c-df1e-4105-9ee6-6c7fef1463ae/data_point_71b1eb06-0eba-4695-83bd-e8ff9db900b8/run/objectives.json to http://web:80/data_points/71b1eb06-0eba-4695-83bd-e8ff9db900b8/upload_file
[16:46:33.460480 INFO] Saving report responded with {"id":"59c93287a2321800caed5dfa","data_point_id":"71b1eb06-0eba-4695-83bd-e8ff9db900b8","display_name":"objectives","type":"Report","created_at":"2017-09-25T16:44:55.313Z","updated_at":"2017-09-25T16:44:55.313Z"}
[16:46:33.460689 INFO] Saving report /mnt/openstudio/analysis_fe821d2c-df1e-4105-9ee6-6c7fef1463ae/data_point_71b1eb06-0eba-4695-83bd-e8ff9db900b8/out.osw to http://web:80/data_points/71b1eb06-0eba-4695-83bd-e8ff9db900b8/upload_file
[16:46:33.503803 INFO] Saving report responded with {"id":"59c93287a2321800caed5dfb","data_point_id":"71b1eb06-0eba-4695-83bd-e8ff9db900b8","display_name":"Final OSW File","type":"Report","created_at":"2017-09-25T16:44:55.349Z","updated_at":"2017-09-25T16:44:55.349Z"}
[16:46:33.504016 INFO] Saving report /mnt/openstudio/analysis_fe821d2c-df1e-4105-9ee6-6c7fef1463ae/data_point_71b1eb06-0eba-4695-83bd-e8ff9db900b8/in.osm to http://web:80/data_points/71b1eb06-0eba-4695-83bd-e8ff9db900b8/upload_file
[16:46:34.359907 INFO] Saving report responded with {"id":"59c93288a2321800caed5dfc","data_point_id":"71b1eb06-0eba-4695-83bd-e8ff9db900b8","display_name":"model","type":"OpenStudio Model","created_at":"2017-09-25T16:44:56.147Z","updated_at":"2017-09-25T16:44:56.147Z"}
[16:46:34.360145 INFO] Saving report /mnt/openstudio/analysis_fe821d2c-df1e-4105-9ee6-6c7fef1463ae/data_point_71b1eb06-0eba-4695-83bd-e8ff9db900b8/run/data_point.zip to http://web:80/data_points/71b1eb06-0eba-4695-83bd-e8ff9db900b8/upload_file
[16:46:34.573867 INFO] Saving report responded with {"id":"59c93288a2321800caed5dfd","data_point_id":"71b1eb06-0eba-4695-83bd-e8ff9db900b8","display_name":"Zip File","type":"Data Point","created_at":"2017-09-25T16:44:56.422Z","updated_at":"2017-09-25T16:44:56.422Z"}
[16:46:34.574188 INFO] Found data point finalization file datapoint_final.sh.
[16:46:34.574270 INFO] Preparing to run finalization script /mnt/openstudio/analysis_fe821d2c-df1e-4105-9ee6-6c7fef1463ae/scripts/worker_finalization/datapoint_final.sh
[16:46:34.627348 INFO] Looking for argument file /mnt/openstudio/analysis_fe821d2c-df1e-4105-9ee6-6c7fef1463ae/scripts/worker_finalization/datapoint_final.args
[16:46:34.627404 INFO] argument file exists /mnt/openstudio/analysis_fe821d2c-df1e-4105-9ee6-6c7fef1463ae/scripts/worker_finalization/datapoint_final.args
[16:46:34.634201 INFO] arguments are []
[16:46:34.672276 INFO] Script returned with exit code 0 of class Fixnum
[16:46:34.672541 INFO] Saving report /mnt/openstudio/analysis_fe821d2c-df1e-4105-9ee6-6c7fef1463ae/data_point_71b1eb06-0eba-4695-83bd-e8ff9db900b8/run/datapoint_final.log to http://web:80/data_points/71b1eb06-0eba-4695-83bd-e8ff9db900b8/upload_file
[16:46:34.700384 INFO] Saving report responded with {"id":"59c93288a2321800caed5dfe","data_point_id":"71b1eb06-0eba-4695-83bd-e8ff9db900b8","display_name":"Finalization Script Log","type":"Report","created_at":"2017-09-25T16:44:56.550Z","updated_at":"2017-09-25T16:44:56.550Z"}
[16:46:34.710772 INFO] Finished /opt/openstudio/server/app/workers/run_simulate_data_point.rb
