Cleaning up data_point directory.
Original files:
total 21688
-rw-rw-rw- 1 root root     5490 Sep 25 16:46 71b1eb06-0eba-4695-83bd-e8ff9db900b8.log
-rw-rw-rw- 1 root root    66975 Sep 25 16:39 analysis.json
-rw-rw-rw- 1 root root     1030 Sep 25 16:39 data_point.json
-rw-rw-rw- 1 root root     2841 Sep 25 16:39 data_point.osw
-rw-rw-rw- 1 root root  4612930 Sep 25 16:43 in.idf
-rw-rw-rw- 1 root root 17346166 Sep 25 16:42 in.osm
-rw-rw-rw- 1 root root   149807 Sep 25 16:46 out.osw
drwxrwxrwx 2 root root     4096 Sep 25 16:46 reports
drwxrwxrwx 2 root root     4096 Sep 25 16:46 run
total 7536
-rw-rw-r-- 1 root root  641290 Sep 25 16:46 data_point.zip
-rw-rw-rw- 1 root root    8415 Sep 25 16:46 data_point_out.json
-rw-r--r-- 1 root root     587 Sep 25 16:46 datapoint_final.log
-rw-r--r-- 1 root root   22165 Sep 25 16:39 datapoint_init.log
-rw-rw-rw- 1 root root  858507 Sep 25 16:46 enduse_timeseries.csv
-rw-rw-rw- 1 root root      99 Sep 25 16:45 eplusout.end
-rw-rw-rw- 1 root root   33468 Sep 25 16:45 eplusout.err
-rw-rw-rw- 1 root root   56535 Sep 25 16:45 eplusout.mtd
-rw-rw-rw- 1 root root   55614 Sep 25 16:44 eplusout.rdd
-rw-rw-rw- 1 root root  454174 Sep 25 16:45 eplustbl.htm
-rw-rw-rw- 1 root root      43 Sep 25 16:46 finished.job
-rw-rw-rw- 1 root root 4612930 Sep 25 16:43 in.idf
-rw-rw-rw- 1 root root    8415 Sep 25 16:46 measure_attributes.json
-rw-rw-rw- 1 root root   27643 Sep 25 16:39 measures.osw
-rw-rw-rw- 1 root root       3 Sep 25 16:46 objectives.json
-rw-rw-rw- 1 root root    8415 Sep 25 16:46 results.json
-rw-rw-rw- 1 root root  867948 Sep 25 16:46 run.log
-rw-rw-rw- 1 root root      49 Sep 25 16:43 sqlite.err
-rw-rw-rw- 1 root root      42 Sep 25 16:39 started.job
-rw-rw-rw- 1 root root    2336 Sep 25 16:45 stdout-energyplus
-rw-rw-rw- 1 root root      91 Sep 25 16:43 stdout-expandobject
448K	data_point_71b1eb06-0eba-4695-83bd-e8ff9db900b8/reports
7.4M	data_point_71b1eb06-0eba-4695-83bd-e8ff9db900b8/run
29M	data_point_71b1eb06-0eba-4695-83bd-e8ff9db900b8
Final files:
total 240
-rw-rw-rw- 1 root root   5490 Sep 25 16:46 71b1eb06-0eba-4695-83bd-e8ff9db900b8.log
-rw-rw-rw- 1 root root  66975 Sep 25 16:39 analysis.json
-rw-rw-rw- 1 root root   1030 Sep 25 16:39 data_point.json
-rw-rw-rw- 1 root root   2841 Sep 25 16:39 data_point.osw
-rw-rw-rw- 1 root root 149807 Sep 25 16:46 out.osw
drwxrwxrwx 2 root root   4096 Sep 25 16:46 reports
drwxrwxrwx 2 root root   4096 Sep 25 16:46 run
total 1496
-rw-rw-r-- 1 root root 641290 Sep 25 16:46 data_point.zip
-rw-r--r-- 1 root root   2438 Sep 25 16:46 datapoint_final.log
-rw-r--r-- 1 root root  22165 Sep 25 16:39 datapoint_init.log
-rw-rw-rw- 1 root root 858507 Sep 25 16:46 enduse_timeseries.csv
448K	data_point_71b1eb06-0eba-4695-83bd-e8ff9db900b8/reports
1.5M	data_point_71b1eb06-0eba-4695-83bd-e8ff9db900b8/run
2.2M	data_point_71b1eb06-0eba-4695-83bd-e8ff9db900b8
