# Logfile created on 2017-09-25 16:37:52 +0000 by logger.rb/47272
[16:37:52.130972 INFO] Server host is http://web:80
[16:37:52.131032 INFO] Analysis directory is /mnt/openstudio/analysis_fe821d2c-df1e-4105-9ee6-6c7fef1463ae
[16:37:52.131078 INFO] Simulation directory is /mnt/openstudio/analysis_fe821d2c-df1e-4105-9ee6-6c7fef1463ae/data_point_233e14a9-ea96-4d70-8986-1f422162cdf3
[16:37:52.131106 INFO] Run datapoint type/file is workflow
[16:37:52.131146 INFO] Starting initialize_worker for datapoint 233e14a9-ea96-4d70-8986-1f422162cdf3
[16:37:52.131203 INFO] receipt_file already exists, moving on
[16:37:52.146331 INFO] Downloading datapoint from http://web:80/data_points/233e14a9-ea96-4d70-8986-1f422162cdf3.json
[16:37:52.164262 INFO] Creating Workflow Manager instance
[16:37:52.164364 INFO] Directory is /mnt/openstudio/analysis_fe821d2c-df1e-4105-9ee6-6c7fef1463ae/data_point_233e14a9-ea96-4d70-8986-1f422162cdf3
[16:37:52.164460 INFO] Opening run.log file '/mnt/openstudio/analysis_fe821d2c-df1e-4105-9ee6-6c7fef1463ae/data_point_233e14a9-ea96-4d70-8986-1f422162cdf3/run/run.log'
[16:37:52.266666 INFO] Running workflow
[16:40:51.837688 INFO] Final run state is finished
[16:40:51.861681 INFO] Saving files/reports back to the server
[16:40:51.861925 INFO] Saving report /mnt/openstudio/analysis_fe821d2c-df1e-4105-9ee6-6c7fef1463ae/data_point_233e14a9-ea96-4d70-8986-1f422162cdf3/reports/eplustbl.html to http://web:80/data_points/233e14a9-ea96-4d70-8986-1f422162cdf3/upload_file
[16:40:51.902797 INFO] Saving report responded with {"id":"59c93131a2321800d2ed5797","data_point_id":"233e14a9-ea96-4d70-8986-1f422162cdf3","display_name":"eplustbl","type":"Report","created_at":"2017-09-25T16:39:13.747Z","updated_at":"2017-09-25T16:39:13.747Z"}
[16:40:51.903066 INFO] Saving report /mnt/openstudio/analysis_fe821d2c-df1e-4105-9ee6-6c7fef1463ae/data_point_233e14a9-ea96-4d70-8986-1f422162cdf3/run/objectives.json to http://web:80/data_points/233e14a9-ea96-4d70-8986-1f422162cdf3/upload_file
[16:40:51.930475 INFO] Saving report responded with {"id":"59c93131a2321800caed5c07","data_point_id":"233e14a9-ea96-4d70-8986-1f422162cdf3","display_name":"objectives","type":"Report","created_at":"2017-09-25T16:39:13.779Z","updated_at":"2017-09-25T16:39:13.779Z"}
[16:40:51.930701 INFO] Saving report /mnt/openstudio/analysis_fe821d2c-df1e-4105-9ee6-6c7fef1463ae/data_point_233e14a9-ea96-4d70-8986-1f422162cdf3/out.osw to http://web:80/data_points/233e14a9-ea96-4d70-8986-1f422162cdf3/upload_file
[16:40:51.963721 INFO] Saving report responded with {"id":"59c93131a2321800caed5c08","data_point_id":"233e14a9-ea96-4d70-8986-1f422162cdf3","display_name":"Final OSW File","type":"Report","created_at":"2017-09-25T16:39:13.815Z","updated_at":"2017-09-25T16:39:13.815Z"}
[16:40:51.963950 INFO] Saving report /mnt/openstudio/analysis_fe821d2c-df1e-4105-9ee6-6c7fef1463ae/data_point_233e14a9-ea96-4d70-8986-1f422162cdf3/in.osm to http://web:80/data_points/233e14a9-ea96-4d70-8986-1f422162cdf3/upload_file
[16:41:07.753270 INFO] Saving report responded with {"id":"59c93141a2321800d2ed57a6","data_point_id":"233e14a9-ea96-4d70-8986-1f422162cdf3","display_name":"model","type":"OpenStudio Model","created_at":"2017-09-25T16:39:29.171Z","updated_at":"2017-09-25T16:39:29.171Z"}
[16:41:07.753828 INFO] Saving report /mnt/openstudio/analysis_fe821d2c-df1e-4105-9ee6-6c7fef1463ae/data_point_233e14a9-ea96-4d70-8986-1f422162cdf3/run/data_point.zip to http://web:80/data_points/233e14a9-ea96-4d70-8986-1f422162cdf3/upload_file
[16:41:08.106676 INFO] Saving report responded with {"id":"59c93141a2321800dced5445","data_point_id":"233e14a9-ea96-4d70-8986-1f422162cdf3","display_name":"Zip File","type":"Data Point","created_at":"2017-09-25T16:39:29.949Z","updated_at":"2017-09-25T16:39:29.949Z"}
[16:41:08.107277 INFO] Found data point finalization file datapoint_final.sh.
[16:41:08.107490 INFO] Preparing to run finalization script /mnt/openstudio/analysis_fe821d2c-df1e-4105-9ee6-6c7fef1463ae/scripts/worker_finalization/datapoint_final.sh
[16:41:08.138620 INFO] Looking for argument file /mnt/openstudio/analysis_fe821d2c-df1e-4105-9ee6-6c7fef1463ae/scripts/worker_finalization/datapoint_final.args
[16:41:08.138759 INFO] argument file exists /mnt/openstudio/analysis_fe821d2c-df1e-4105-9ee6-6c7fef1463ae/scripts/worker_finalization/datapoint_final.args
[16:41:08.207517 INFO] arguments are []
[16:41:08.276124 INFO] Script returned with exit code 0 of class Fixnum
[16:41:08.276613 INFO] Saving report /mnt/openstudio/analysis_fe821d2c-df1e-4105-9ee6-6c7fef1463ae/data_point_233e14a9-ea96-4d70-8986-1f422162cdf3/run/datapoint_final.log to http://web:80/data_points/233e14a9-ea96-4d70-8986-1f422162cdf3/upload_file
[16:41:08.338269 INFO] Saving report responded with {"id":"59c93142a2321800caed5c25","data_point_id":"233e14a9-ea96-4d70-8986-1f422162cdf3","display_name":"Finalization Script Log","type":"Report","created_at":"2017-09-25T16:39:30.175Z","updated_at":"2017-09-25T16:39:30.175Z"}
[16:41:08.357013 INFO] Finished /opt/openstudio/server/app/workers/run_simulate_data_point.rb
