Cleaning up data_point directory.
Original files:
total 21644
-rw-rw-rw- 1 root root     4385 Sep 25 16:41 233e14a9-ea96-4d70-8986-1f422162cdf3.log
-rw-rw-rw- 1 root root    66975 Sep 25 16:37 analysis.json
-rw-rw-rw- 1 root root     1030 Sep 25 16:37 data_point.json
-rw-rw-rw- 1 root root     2841 Sep 25 16:37 data_point.osw
-rw-rw-rw- 1 root root  4594190 Sep 25 16:38 in.idf
-rw-rw-rw- 1 root root 17328099 Sep 25 16:38 in.osm
-rw-rw-rw- 1 root root   142660 Sep 25 16:40 out.osw
drwxrwxrwx 2 root root     4096 Sep 25 16:40 reports
drwxrwxrwx 2 root root     4096 Sep 25 16:41 run
total 7464
-rw-rw-r-- 1 root root  636968 Sep 25 16:40 data_point.zip
-rw-rw-rw- 1 root root    8543 Sep 25 16:40 data_point_out.json
-rw-r--r-- 1 root root     587 Sep 25 16:41 datapoint_final.log
-rw-rw-rw- 1 root root  877717 Sep 25 16:40 enduse_timeseries.csv
-rw-rw-rw- 1 root root      99 Sep 25 16:39 eplusout.end
-rw-rw-rw- 1 root root   32084 Sep 25 16:39 eplusout.err
-rw-rw-rw- 1 root root   56001 Sep 25 16:39 eplusout.mtd
-rw-rw-rw- 1 root root   57273 Sep 25 16:38 eplusout.rdd
-rw-rw-rw- 1 root root  417679 Sep 25 16:39 eplustbl.htm
-rw-rw-rw- 1 root root      43 Sep 25 16:40 finished.job
-rw-rw-rw- 1 root root 4594190 Sep 25 16:38 in.idf
-rw-rw-rw- 1 root root    8543 Sep 25 16:40 measure_attributes.json
-rw-rw-rw- 1 root root   27179 Sep 25 16:37 measures.osw
-rw-rw-rw- 1 root root       3 Sep 25 16:40 objectives.json
-rw-rw-rw- 1 root root    8543 Sep 25 16:40 results.json
-rw-rw-rw- 1 root root  862213 Sep 25 16:40 run.log
-rw-rw-rw- 1 root root      49 Sep 25 16:38 sqlite.err
-rw-rw-rw- 1 root root      42 Sep 25 16:37 started.job
-rw-rw-rw- 1 root root    2336 Sep 25 16:39 stdout-energyplus
-rw-rw-rw- 1 root root      91 Sep 25 16:38 stdout-expandobject
412K	data_point_233e14a9-ea96-4d70-8986-1f422162cdf3/reports
7.3M	data_point_233e14a9-ea96-4d70-8986-1f422162cdf3/run
29M	data_point_233e14a9-ea96-4d70-8986-1f422162cdf3
Final files:
total 232
-rw-rw-rw- 1 root root   4385 Sep 25 16:41 233e14a9-ea96-4d70-8986-1f422162cdf3.log
-rw-rw-rw- 1 root root  66975 Sep 25 16:37 analysis.json
-rw-rw-rw- 1 root root   1030 Sep 25 16:37 data_point.json
-rw-rw-rw- 1 root root   2841 Sep 25 16:37 data_point.osw
-rw-rw-rw- 1 root root 142660 Sep 25 16:40 out.osw
drwxrwxrwx 2 root root   4096 Sep 25 16:40 reports
drwxrwxrwx 2 root root   4096 Sep 25 16:41 run
total 1488
-rw-rw-r-- 1 root root 636968 Sep 25 16:40 data_point.zip
-rw-r--r-- 1 root root   2375 Sep 25 16:41 datapoint_final.log
-rw-rw-rw- 1 root root 877717 Sep 25 16:40 enduse_timeseries.csv
412K	data_point_233e14a9-ea96-4d70-8986-1f422162cdf3/reports
1.5M	data_point_233e14a9-ea96-4d70-8986-1f422162cdf3/run
2.1M	data_point_233e14a9-ea96-4d70-8986-1f422162cdf3
