# Logfile created on 2017-09-25 16:37:58 +0000 by logger.rb/47272
[16:37:58.657431 INFO] Server host is http://web:80
[16:37:58.657561 INFO] Analysis directory is /mnt/openstudio/analysis_fe821d2c-df1e-4105-9ee6-6c7fef1463ae
[16:37:58.657644 INFO] Simulation directory is /mnt/openstudio/analysis_fe821d2c-df1e-4105-9ee6-6c7fef1463ae/data_point_288d4fa2-47d8-4e12-8295-da2f4f1dcc26
[16:37:58.657683 INFO] Run datapoint type/file is workflow
[16:37:58.657718 INFO] Starting initialize_worker for datapoint 288d4fa2-47d8-4e12-8295-da2f4f1dcc26
[16:37:58.657893 INFO] Downloading analysis zip from http://web:80/analyses/fe821d2c-df1e-4105-9ee6-6c7fef1463ae/download_analysis_zip
[16:39:20.950287 INFO] Extracting analysis zip to /mnt/openstudio/analysis_fe821d2c-df1e-4105-9ee6-6c7fef1463ae
[16:39:24.647080 INFO] Downloading analysis.json from http://web:80/analyses/fe821d2c-df1e-4105-9ee6-6c7fef1463ae.json
[16:39:44.213124 INFO] Found data point initialization file datapoint_init.sh.
[16:39:44.214379 INFO] Preparing to run initialization script /mnt/openstudio/analysis_fe821d2c-df1e-4105-9ee6-6c7fef1463ae/scripts/worker_initialization/datapoint_init.sh
[16:39:44.214819 INFO] Looking for argument file /mnt/openstudio/analysis_fe821d2c-df1e-4105-9ee6-6c7fef1463ae/scripts/worker_initialization/datapoint_init.args
[16:39:44.214895 INFO] argument file exists /mnt/openstudio/analysis_fe821d2c-df1e-4105-9ee6-6c7fef1463ae/scripts/worker_initialization/datapoint_init.args
[16:39:44.215186 INFO] arguments are ["https://s3.amazonaws.com/epwweatherfiles/project_resstock_efs.zip"]
[16:41:19.864653 INFO] Script returned with exit code 0 of class Fixnum
[16:41:19.864868 INFO] Finished worker initialization
[16:41:19.873795 INFO] Downloading datapoint from http://web:80/data_points/288d4fa2-47d8-4e12-8295-da2f4f1dcc26.json
[16:41:19.895311 INFO] Creating Workflow Manager instance
[16:41:19.895453 INFO] Directory is /mnt/openstudio/analysis_fe821d2c-df1e-4105-9ee6-6c7fef1463ae/data_point_288d4fa2-47d8-4e12-8295-da2f4f1dcc26
[16:41:19.895565 INFO] Opening run.log file '/mnt/openstudio/analysis_fe821d2c-df1e-4105-9ee6-6c7fef1463ae/data_point_288d4fa2-47d8-4e12-8295-da2f4f1dcc26/run/run.log'
[16:41:20.289448 INFO] Running workflow
[16:47:08.170770 INFO] Final run state is finished
[16:47:08.200405 INFO] Saving files/reports back to the server
[16:47:08.200676 INFO] Saving report /mnt/openstudio/analysis_fe821d2c-df1e-4105-9ee6-6c7fef1463ae/data_point_288d4fa2-47d8-4e12-8295-da2f4f1dcc26/reports/eplustbl.html to http://web:80/data_points/288d4fa2-47d8-4e12-8295-da2f4f1dcc26/upload_file
[16:47:08.302619 INFO] Saving report responded with {"id":"59c932aaa2321800d2ed5869","data_point_id":"288d4fa2-47d8-4e12-8295-da2f4f1dcc26","display_name":"eplustbl","type":"Report","created_at":"2017-09-25T16:45:30.151Z","updated_at":"2017-09-25T16:45:30.151Z"}
[16:47:08.302907 INFO] Saving report /mnt/openstudio/analysis_fe821d2c-df1e-4105-9ee6-6c7fef1463ae/data_point_288d4fa2-47d8-4e12-8295-da2f4f1dcc26/run/objectives.json to http://web:80/data_points/288d4fa2-47d8-4e12-8295-da2f4f1dcc26/upload_file
[16:47:08.338353 INFO] Saving report responded with {"id":"59c932aaa2321800d2ed586a","data_point_id":"288d4fa2-47d8-4e12-8295-da2f4f1dcc26","display_name":"objectives","type":"Report","created_at":"2017-09-25T16:45:30.184Z","updated_at":"2017-09-25T16:45:30.184Z"}
[16:47:08.338572 INFO] Saving report /mnt/openstudio/analysis_fe821d2c-df1e-4105-9ee6-6c7fef1463ae/data_point_288d4fa2-47d8-4e12-8295-da2f4f1dcc26/out.osw to http://web:80/data_points/288d4fa2-47d8-4e12-8295-da2f4f1dcc26/upload_file
[16:47:08.383761 INFO] Saving report responded with {"id":"59c932aaa2321800caed5e23","data_point_id":"288d4fa2-47d8-4e12-8295-da2f4f1dcc26","display_name":"Final OSW File","type":"Report","created_at":"2017-09-25T16:45:30.232Z","updated_at":"2017-09-25T16:45:30.232Z"}
[16:47:08.383970 INFO] Saving report /mnt/openstudio/analysis_fe821d2c-df1e-4105-9ee6-6c7fef1463ae/data_point_288d4fa2-47d8-4e12-8295-da2f4f1dcc26/in.osm to http://web:80/data_points/288d4fa2-47d8-4e12-8295-da2f4f1dcc26/upload_file
[16:47:09.559280 INFO] Saving report responded with {"id":"59c932aba2321800caed5e24","data_point_id":"288d4fa2-47d8-4e12-8295-da2f4f1dcc26","display_name":"model","type":"OpenStudio Model","created_at":"2017-09-25T16:45:31.368Z","updated_at":"2017-09-25T16:45:31.368Z"}
[16:47:09.559640 INFO] Saving report /mnt/openstudio/analysis_fe821d2c-df1e-4105-9ee6-6c7fef1463ae/data_point_288d4fa2-47d8-4e12-8295-da2f4f1dcc26/run/data_point.zip to http://web:80/data_points/288d4fa2-47d8-4e12-8295-da2f4f1dcc26/upload_file
[16:47:09.613474 INFO] Saving report responded with {"id":"59c932aba2321800caed5e25","data_point_id":"288d4fa2-47d8-4e12-8295-da2f4f1dcc26","display_name":"Zip File","type":"Data Point","created_at":"2017-09-25T16:45:31.461Z","updated_at":"2017-09-25T16:45:31.461Z"}
[16:47:09.614075 INFO] Found data point finalization file datapoint_final.sh.
[16:47:09.614308 INFO] Preparing to run finalization script /mnt/openstudio/analysis_fe821d2c-df1e-4105-9ee6-6c7fef1463ae/scripts/worker_finalization/datapoint_final.sh
[16:47:09.634122 INFO] Looking for argument file /mnt/openstudio/analysis_fe821d2c-df1e-4105-9ee6-6c7fef1463ae/scripts/worker_finalization/datapoint_final.args
[16:47:09.634240 INFO] argument file exists /mnt/openstudio/analysis_fe821d2c-df1e-4105-9ee6-6c7fef1463ae/scripts/worker_finalization/datapoint_final.args
[16:47:09.645281 INFO] arguments are []
[16:47:09.697713 INFO] Script returned with exit code 0 of class Fixnum
[16:47:09.698048 INFO] Saving report /mnt/openstudio/analysis_fe821d2c-df1e-4105-9ee6-6c7fef1463ae/data_point_288d4fa2-47d8-4e12-8295-da2f4f1dcc26/run/datapoint_final.log to http://web:80/data_points/288d4fa2-47d8-4e12-8295-da2f4f1dcc26/upload_file
[16:47:09.751797 INFO] Saving report responded with {"id":"59c932aba2321800caed5e26","data_point_id":"288d4fa2-47d8-4e12-8295-da2f4f1dcc26","display_name":"Finalization Script Log","type":"Report","created_at":"2017-09-25T16:45:31.587Z","updated_at":"2017-09-25T16:45:31.587Z"}
[16:47:09.762902 INFO] Finished /opt/openstudio/server/app/workers/run_simulate_data_point.rb
