Cleaning up data_point directory.
Original files:
total 22072
-rw-rw-rw- 1 root root     5490 Sep 25 16:47 288d4fa2-47d8-4e12-8295-da2f4f1dcc26.log
-rw-rw-rw- 1 root root    66975 Sep 25 16:41 analysis.json
-rw-rw-rw- 1 root root     1030 Sep 25 16:41 data_point.json
-rw-rw-rw- 1 root root     2841 Sep 25 16:41 data_point.osw
-rw-rw-rw- 1 root root  4927673 Sep 25 16:44 in.idf
-rw-rw-rw- 1 root root 17409696 Sep 25 16:43 in.osm
-rw-rw-rw- 1 root root   162311 Sep 25 16:47 out.osw
drwxrwxrwx 2 root root     4096 Sep 25 16:47 reports
drwxrwxrwx 2 root root     4096 Sep 25 16:47 run
total 7956
-rw-rw-r-- 1 root root  665807 Sep 25 16:47 data_point.zip
-rw-rw-rw- 1 root root    8445 Sep 25 16:47 data_point_out.json
-rw-r--r-- 1 root root     587 Sep 25 16:47 datapoint_final.log
-rw-r--r-- 1 root root   22481 Sep 25 16:41 datapoint_init.log
-rw-rw-rw- 1 root root  786742 Sep 25 16:47 enduse_timeseries.csv
-rw-rw-rw- 1 root root     102 Sep 25 16:45 eplusout.end
-rw-rw-rw- 1 root root   35759 Sep 25 16:45 eplusout.err
-rw-rw-rw- 1 root root   57846 Sep 25 16:45 eplusout.mtd
-rw-rw-rw- 1 root root   55122 Sep 25 16:45 eplusout.rdd
-rw-rw-rw- 1 root root  596787 Sep 25 16:45 eplustbl.htm
-rw-rw-rw- 1 root root      43 Sep 25 16:47 finished.job
-rw-rw-rw- 1 root root 4927673 Sep 25 16:44 in.idf
-rw-rw-rw- 1 root root    8445 Sep 25 16:47 measure_attributes.json
-rw-rw-rw- 1 root root   27407 Sep 25 16:41 measures.osw
-rw-rw-rw- 1 root root       3 Sep 25 16:47 objectives.json
-rw-rw-rw- 1 root root    8445 Sep 25 16:47 results.json
-rw-rw-rw- 1 root root  878630 Sep 25 16:47 run.log
-rw-rw-rw- 1 root root      49 Sep 25 16:44 sqlite.err
-rw-rw-rw- 1 root root      42 Sep 25 16:41 started.job
-rw-rw-rw- 1 root root    2381 Sep 25 16:45 stdout-energyplus
-rw-rw-rw- 1 root root      91 Sep 25 16:44 stdout-expandobject
588K	data_point_288d4fa2-47d8-4e12-8295-da2f4f1dcc26/reports
7.8M	data_point_288d4fa2-47d8-4e12-8295-da2f4f1dcc26/run
30M	data_point_288d4fa2-47d8-4e12-8295-da2f4f1dcc26
Final files:
total 252
-rw-rw-rw- 1 root root   5490 Sep 25 16:47 288d4fa2-47d8-4e12-8295-da2f4f1dcc26.log
-rw-rw-rw- 1 root root  66975 Sep 25 16:41 analysis.json
-rw-rw-rw- 1 root root   1030 Sep 25 16:41 data_point.json
-rw-rw-rw- 1 root root   2841 Sep 25 16:41 data_point.osw
-rw-rw-rw- 1 root root 162311 Sep 25 16:47 out.osw
drwxrwxrwx 2 root root   4096 Sep 25 16:47 reports
drwxrwxrwx 2 root root   4096 Sep 25 16:47 run
total 1452
-rw-rw-r-- 1 root root 665807 Sep 25 16:47 data_point.zip
-rw-r--r-- 1 root root   2438 Sep 25 16:47 datapoint_final.log
-rw-r--r-- 1 root root  22481 Sep 25 16:41 datapoint_init.log
-rw-rw-rw- 1 root root 786742 Sep 25 16:47 enduse_timeseries.csv
588K	data_point_288d4fa2-47d8-4e12-8295-da2f4f1dcc26/reports
1.5M	data_point_288d4fa2-47d8-4e12-8295-da2f4f1dcc26/run
2.3M	data_point_288d4fa2-47d8-4e12-8295-da2f4f1dcc26
