Cleaning up data_point directory.
Original files:
total 22004
-rw-rw-rw- 1 root root    66975 Sep 25 16:38 analysis.json
-rw-rw-rw- 1 root root     1030 Sep 25 16:38 data_point.json
-rw-rw-rw- 1 root root     2841 Sep 25 16:38 data_point.osw
-rw-rw-rw- 1 root root     4385 Sep 25 16:42 e8284ff3-1ee7-42dd-9daf-eec910cd5e23.log
-rw-rw-rw- 1 root root  4899811 Sep 25 16:39 in.idf
-rw-rw-rw- 1 root root 17374160 Sep 25 16:39 in.osm
-rw-rw-rw- 1 root root   155751 Sep 25 16:42 out.osw
drwxrwxrwx 2 root root     4096 Sep 25 16:42 reports
drwxrwxrwx 2 root root     4096 Sep 25 16:42 run
total 7760
-rw-rw-r-- 1 root root  608412 Sep 25 16:42 data_point.zip
-rw-rw-rw- 1 root root    8424 Sep 25 16:42 data_point_out.json
-rw-r--r-- 1 root root     587 Sep 25 16:42 datapoint_final.log
-rw-rw-rw- 1 root root  820535 Sep 25 16:42 enduse_timeseries.csv
-rw-rw-rw- 1 root root     102 Sep 25 16:40 eplusout.end
-rw-rw-rw- 1 root root   36978 Sep 25 16:40 eplusout.err
-rw-rw-rw- 1 root root   55062 Sep 25 16:40 eplusout.mtd
-rw-rw-rw- 1 root root   54733 Sep 25 16:39 eplusout.rdd
-rw-rw-rw- 1 root root  475936 Sep 25 16:40 eplustbl.htm
-rw-rw-rw- 1 root root      43 Sep 25 16:42 finished.job
-rw-rw-rw- 1 root root 4899811 Sep 25 16:39 in.idf
-rw-rw-rw- 1 root root    8424 Sep 25 16:42 measure_attributes.json
-rw-rw-rw- 1 root root   27432 Sep 25 16:38 measures.osw
-rw-rw-rw- 1 root root       3 Sep 25 16:42 objectives.json
-rw-rw-rw- 1 root root    8424 Sep 25 16:42 results.json
-rw-rw-rw- 1 root root  870738 Sep 25 16:42 run.log
-rw-rw-rw- 1 root root      49 Sep 25 16:39 sqlite.err
-rw-rw-rw- 1 root root      42 Sep 25 16:38 started.job
-rw-rw-rw- 1 root root    2413 Sep 25 16:40 stdout-energyplus
-rw-rw-rw- 1 root root      91 Sep 25 16:39 stdout-expandobject
7.6M	data_point_e8284ff3-1ee7-42dd-9daf-eec910cd5e23/run
472K	data_point_e8284ff3-1ee7-42dd-9daf-eec910cd5e23/reports
30M	data_point_e8284ff3-1ee7-42dd-9daf-eec910cd5e23
Final files:
total 248
-rw-rw-rw- 1 root root  66975 Sep 25 16:38 analysis.json
-rw-rw-rw- 1 root root   1030 Sep 25 16:38 data_point.json
-rw-rw-rw- 1 root root   2841 Sep 25 16:38 data_point.osw
-rw-rw-rw- 1 root root   4385 Sep 25 16:42 e8284ff3-1ee7-42dd-9daf-eec910cd5e23.log
-rw-rw-rw- 1 root root 155751 Sep 25 16:42 out.osw
drwxrwxrwx 2 root root   4096 Sep 25 16:42 reports
drwxrwxrwx 2 root root   4096 Sep 25 16:42 run
total 1404
-rw-rw-r-- 1 root root 608412 Sep 25 16:42 data_point.zip
-rw-r--r-- 1 root root   2375 Sep 25 16:42 datapoint_final.log
-rw-rw-rw- 1 root root 820535 Sep 25 16:42 enduse_timeseries.csv
1.4M	data_point_e8284ff3-1ee7-42dd-9daf-eec910cd5e23/run
472K	data_point_e8284ff3-1ee7-42dd-9daf-eec910cd5e23/reports
2.1M	data_point_e8284ff3-1ee7-42dd-9daf-eec910cd5e23
