# Logfile created on 2017-09-25 16:37:39 +0000 by logger.rb/47272
[16:37:39.810357 INFO] Server host is http://web:80
[16:37:39.810453 INFO] Analysis directory is /mnt/openstudio/analysis_fe821d2c-df1e-4105-9ee6-6c7fef1463ae
[16:37:39.810536 INFO] Simulation directory is /mnt/openstudio/analysis_fe821d2c-df1e-4105-9ee6-6c7fef1463ae/data_point_e8284ff3-1ee7-42dd-9daf-eec910cd5e23
[16:37:39.810578 INFO] Run datapoint type/file is workflow
[16:37:39.810614 INFO] Starting initialize_worker for datapoint e8284ff3-1ee7-42dd-9daf-eec910cd5e23
[16:37:39.810682 INFO] receipt_file already exists, moving on
[16:37:47.483504 INFO] Downloading datapoint from http://web:80/data_points/e8284ff3-1ee7-42dd-9daf-eec910cd5e23.json
[16:38:06.105752 INFO] Creating Workflow Manager instance
[16:38:06.105924 INFO] Directory is /mnt/openstudio/analysis_fe821d2c-df1e-4105-9ee6-6c7fef1463ae/data_point_e8284ff3-1ee7-42dd-9daf-eec910cd5e23
[16:38:06.106023 INFO] Opening run.log file '/mnt/openstudio/analysis_fe821d2c-df1e-4105-9ee6-6c7fef1463ae/data_point_e8284ff3-1ee7-42dd-9daf-eec910cd5e23/run/run.log'
[16:38:06.252730 INFO] Running workflow
[16:42:28.360692 INFO] Final run state is finished
[16:42:28.396391 INFO] Saving files/reports back to the server
[16:42:28.396685 INFO] Saving report /mnt/openstudio/analysis_fe821d2c-df1e-4105-9ee6-6c7fef1463ae/data_point_e8284ff3-1ee7-42dd-9daf-eec910cd5e23/reports/eplustbl.html to http://web:80/data_points/e8284ff3-1ee7-42dd-9daf-eec910cd5e23/upload_file
[16:42:28.452885 INFO] Saving report responded with {"id":"59c931f4a2321800d2ed57f1","data_point_id":"e8284ff3-1ee7-42dd-9daf-eec910cd5e23","display_name":"eplustbl","type":"Report","created_at":"2017-09-25T16:42:28.428Z","updated_at":"2017-09-25T16:42:28.428Z"}
[16:42:28.453247 INFO] Saving report /mnt/openstudio/analysis_fe821d2c-df1e-4105-9ee6-6c7fef1463ae/data_point_e8284ff3-1ee7-42dd-9daf-eec910cd5e23/run/objectives.json to http://web:80/data_points/e8284ff3-1ee7-42dd-9daf-eec910cd5e23/upload_file
[16:42:28.485856 INFO] Saving report responded with {"id":"59c931f4a2321800d2ed57f2","data_point_id":"e8284ff3-1ee7-42dd-9daf-eec910cd5e23","display_name":"objectives","type":"Report","created_at":"2017-09-25T16:42:28.472Z","updated_at":"2017-09-25T16:42:28.472Z"}
[16:42:28.486100 INFO] Saving report /mnt/openstudio/analysis_fe821d2c-df1e-4105-9ee6-6c7fef1463ae/data_point_e8284ff3-1ee7-42dd-9daf-eec910cd5e23/out.osw to http://web:80/data_points/e8284ff3-1ee7-42dd-9daf-eec910cd5e23/upload_file
[16:42:28.533645 INFO] Saving report responded with {"id":"59c931f4a2321800caed5cd6","data_point_id":"e8284ff3-1ee7-42dd-9daf-eec910cd5e23","display_name":"Final OSW File","type":"Report","created_at":"2017-09-25T16:42:28.513Z","updated_at":"2017-09-25T16:42:28.513Z"}
[16:42:28.533910 INFO] Saving report /mnt/openstudio/analysis_fe821d2c-df1e-4105-9ee6-6c7fef1463ae/data_point_e8284ff3-1ee7-42dd-9daf-eec910cd5e23/in.osm to http://web:80/data_points/e8284ff3-1ee7-42dd-9daf-eec910cd5e23/upload_file
[16:42:29.526093 INFO] Saving report responded with {"id":"59c931f5a2321800caed5cd8","data_point_id":"e8284ff3-1ee7-42dd-9daf-eec910cd5e23","display_name":"model","type":"OpenStudio Model","created_at":"2017-09-25T16:42:29.453Z","updated_at":"2017-09-25T16:42:29.453Z"}
[16:42:29.526333 INFO] Saving report /mnt/openstudio/analysis_fe821d2c-df1e-4105-9ee6-6c7fef1463ae/data_point_e8284ff3-1ee7-42dd-9daf-eec910cd5e23/run/data_point.zip to http://web:80/data_points/e8284ff3-1ee7-42dd-9daf-eec910cd5e23/upload_file
[16:42:30.249854 INFO] Saving report responded with {"id":"59c931f5a2321800caed5cd9","data_point_id":"e8284ff3-1ee7-42dd-9daf-eec910cd5e23","display_name":"Zip File","type":"Data Point","created_at":"2017-09-25T16:42:29.566Z","updated_at":"2017-09-25T16:42:29.566Z"}
[16:42:30.250278 INFO] Found data point finalization file datapoint_final.sh.
[16:42:30.250550 INFO] Preparing to run finalization script /mnt/openstudio/analysis_fe821d2c-df1e-4105-9ee6-6c7fef1463ae/scripts/worker_finalization/datapoint_final.sh
[16:42:30.261560 INFO] Looking for argument file /mnt/openstudio/analysis_fe821d2c-df1e-4105-9ee6-6c7fef1463ae/scripts/worker_finalization/datapoint_final.args
[16:42:30.261639 INFO] argument file exists /mnt/openstudio/analysis_fe821d2c-df1e-4105-9ee6-6c7fef1463ae/scripts/worker_finalization/datapoint_final.args
[16:42:30.266724 INFO] arguments are []
[16:42:30.324875 INFO] Script returned with exit code 0 of class Fixnum
[16:42:30.325190 INFO] Saving report /mnt/openstudio/analysis_fe821d2c-df1e-4105-9ee6-6c7fef1463ae/data_point_e8284ff3-1ee7-42dd-9daf-eec910cd5e23/run/datapoint_final.log to http://web:80/data_points/e8284ff3-1ee7-42dd-9daf-eec910cd5e23/upload_file
[16:42:30.351177 INFO] Saving report responded with {"id":"59c931f6a2321800caed5cdb","data_point_id":"e8284ff3-1ee7-42dd-9daf-eec910cd5e23","display_name":"Finalization Script Log","type":"Report","created_at":"2017-09-25T16:42:30.341Z","updated_at":"2017-09-25T16:42:30.341Z"}
[16:42:30.359956 INFO] Finished /opt/openstudio/server/app/workers/run_simulate_data_point.rb
