# Logfile created on 2017-09-25 16:35:42 +0000 by logger.rb/47272
[16:35:42.949741 INFO] Server host is http://web:80
[16:35:42.949864 INFO] Analysis directory is /mnt/openstudio/analysis_fe821d2c-df1e-4105-9ee6-6c7fef1463ae
[16:35:42.949941 INFO] Simulation directory is /mnt/openstudio/analysis_fe821d2c-df1e-4105-9ee6-6c7fef1463ae/data_point_ad05bf79-638b-4f40-9f72-0f5113a75346
[16:35:42.949981 INFO] Run datapoint type/file is workflow
[16:35:42.950010 INFO] Starting initialize_worker for datapoint ad05bf79-638b-4f40-9f72-0f5113a75346
[16:35:42.950074 INFO] receipt_file already exists, moving on
[16:35:42.987930 INFO] Downloading datapoint from http://web:80/data_points/ad05bf79-638b-4f40-9f72-0f5113a75346.json
[16:35:43.000392 INFO] Creating Workflow Manager instance
[16:35:43.000464 INFO] Directory is /mnt/openstudio/analysis_fe821d2c-df1e-4105-9ee6-6c7fef1463ae/data_point_ad05bf79-638b-4f40-9f72-0f5113a75346
[16:35:43.000515 INFO] Opening run.log file '/mnt/openstudio/analysis_fe821d2c-df1e-4105-9ee6-6c7fef1463ae/data_point_ad05bf79-638b-4f40-9f72-0f5113a75346/run/run.log'
[16:35:43.012661 INFO] Running workflow
[16:39:49.464459 INFO] Final run state is finished
[16:39:49.519680 INFO] Saving files/reports back to the server
[16:39:49.519966 INFO] Saving report /mnt/openstudio/analysis_fe821d2c-df1e-4105-9ee6-6c7fef1463ae/data_point_ad05bf79-638b-4f40-9f72-0f5113a75346/reports/eplustbl.html to http://web:80/data_points/ad05bf79-638b-4f40-9f72-0f5113a75346/upload_file
[16:39:49.612872 INFO] Saving report responded with {"id":"59c93155a2321800d2ed57bb","data_point_id":"ad05bf79-638b-4f40-9f72-0f5113a75346","display_name":"eplustbl","type":"Report","created_at":"2017-09-25T16:39:49.578Z","updated_at":"2017-09-25T16:39:49.578Z"}
[16:39:49.613087 INFO] Saving report /mnt/openstudio/analysis_fe821d2c-df1e-4105-9ee6-6c7fef1463ae/data_point_ad05bf79-638b-4f40-9f72-0f5113a75346/run/objectives.json to http://web:80/data_points/ad05bf79-638b-4f40-9f72-0f5113a75346/upload_file
[16:39:49.741055 INFO] Saving report responded with {"id":"59c93155a2321800fced5185","data_point_id":"ad05bf79-638b-4f40-9f72-0f5113a75346","display_name":"objectives","type":"Report","created_at":"2017-09-25T16:39:49.719Z","updated_at":"2017-09-25T16:39:49.719Z"}
[16:39:49.741297 INFO] Saving report /mnt/openstudio/analysis_fe821d2c-df1e-4105-9ee6-6c7fef1463ae/data_point_ad05bf79-638b-4f40-9f72-0f5113a75346/out.osw to http://web:80/data_points/ad05bf79-638b-4f40-9f72-0f5113a75346/upload_file
[16:39:49.822011 INFO] Saving report responded with {"id":"59c93155a2321800dced5447","data_point_id":"ad05bf79-638b-4f40-9f72-0f5113a75346","display_name":"Final OSW File","type":"Report","created_at":"2017-09-25T16:39:49.774Z","updated_at":"2017-09-25T16:39:49.774Z"}
[16:39:49.822249 INFO] Saving report /mnt/openstudio/analysis_fe821d2c-df1e-4105-9ee6-6c7fef1463ae/data_point_ad05bf79-638b-4f40-9f72-0f5113a75346/in.osm to http://web:80/data_points/ad05bf79-638b-4f40-9f72-0f5113a75346/upload_file
[16:39:50.961063 INFO] Saving report responded with {"id":"59c93156a2321800e4ed52e1","data_point_id":"ad05bf79-638b-4f40-9f72-0f5113a75346","display_name":"model","type":"OpenStudio Model","created_at":"2017-09-25T16:39:50.663Z","updated_at":"2017-09-25T16:39:50.663Z"}
[16:39:50.961332 INFO] Saving report /mnt/openstudio/analysis_fe821d2c-df1e-4105-9ee6-6c7fef1463ae/data_point_ad05bf79-638b-4f40-9f72-0f5113a75346/run/data_point.zip to http://web:80/data_points/ad05bf79-638b-4f40-9f72-0f5113a75346/upload_file
[16:39:51.012517 INFO] Saving report responded with {"id":"59c93156a2321800dced5449","data_point_id":"ad05bf79-638b-4f40-9f72-0f5113a75346","display_name":"Zip File","type":"Data Point","created_at":"2017-09-25T16:39:50.992Z","updated_at":"2017-09-25T16:39:50.992Z"}
[16:39:51.017025 INFO] Found data point finalization file datapoint_final.sh.
[16:39:51.017552 INFO] Preparing to run finalization script /mnt/openstudio/analysis_fe821d2c-df1e-4105-9ee6-6c7fef1463ae/scripts/worker_finalization/datapoint_final.sh
[16:39:51.022352 INFO] Looking for argument file /mnt/openstudio/analysis_fe821d2c-df1e-4105-9ee6-6c7fef1463ae/scripts/worker_finalization/datapoint_final.args
[16:39:51.022470 INFO] argument file exists /mnt/openstudio/analysis_fe821d2c-df1e-4105-9ee6-6c7fef1463ae/scripts/worker_finalization/datapoint_final.args
[16:39:51.026033 INFO] arguments are []
[16:39:51.098423 INFO] Script returned with exit code 0 of class Fixnum
[16:39:51.098705 INFO] Saving report /mnt/openstudio/analysis_fe821d2c-df1e-4105-9ee6-6c7fef1463ae/data_point_ad05bf79-638b-4f40-9f72-0f5113a75346/run/datapoint_final.log to http://web:80/data_points/ad05bf79-638b-4f40-9f72-0f5113a75346/upload_file
[16:39:51.121927 INFO] Saving report responded with {"id":"59c93157a2321800caed5c5a","data_point_id":"ad05bf79-638b-4f40-9f72-0f5113a75346","display_name":"Finalization Script Log","type":"Report","created_at":"2017-09-25T16:39:51.112Z","updated_at":"2017-09-25T16:39:51.112Z"}
[16:39:51.130364 INFO] Finished /opt/openstudio/server/app/workers/run_simulate_data_point.rb
