Cleaning up data_point directory.
Original files:
total 21644
-rw-rw-rw- 1 root root     4385 Sep 25 16:39 ad05bf79-638b-4f40-9f72-0f5113a75346.log
-rw-rw-rw- 1 root root    66975 Sep 25 16:35 analysis.json
-rw-rw-rw- 1 root root     1030 Sep 25 16:35 data_point.json
-rw-rw-rw- 1 root root     2841 Sep 25 16:35 data_point.osw
-rw-rw-rw- 1 root root  4592744 Sep 25 16:36 in.idf
-rw-rw-rw- 1 root root 17324465 Sep 25 16:36 in.osm
-rw-rw-rw- 1 root root   145331 Sep 25 16:39 out.osw
drwxrwxrwx 2 root root     4096 Sep 25 16:39 reports
drwxrwxrwx 2 root root     4096 Sep 25 16:39 run
total 7460
-rw-rw-r-- 1 root root  635548 Sep 25 16:39 data_point.zip
-rw-rw-rw- 1 root root    8464 Sep 25 16:39 data_point_out.json
-rw-r--r-- 1 root root     587 Sep 25 16:39 datapoint_final.log
-rw-rw-rw- 1 root root  864851 Sep 25 16:39 enduse_timeseries.csv
-rw-rw-rw- 1 root root     102 Sep 25 16:38 eplusout.end
-rw-rw-rw- 1 root root   33644 Sep 25 16:38 eplusout.err
-rw-rw-rw- 1 root root   54835 Sep 25 16:38 eplusout.mtd
-rw-rw-rw- 1 root root   55474 Sep 25 16:37 eplusout.rdd
-rw-rw-rw- 1 root root  416644 Sep 25 16:38 eplustbl.htm
-rw-rw-rw- 1 root root      43 Sep 25 16:39 finished.job
-rw-rw-rw- 1 root root 4592744 Sep 25 16:36 in.idf
-rw-rw-rw- 1 root root    8464 Sep 25 16:39 measure_attributes.json
-rw-rw-rw- 1 root root   27730 Sep 25 16:35 measures.osw
-rw-rw-rw- 1 root root       3 Sep 25 16:39 objectives.json
-rw-rw-rw- 1 root root    8464 Sep 25 16:39 results.json
-rw-rw-rw- 1 root root  863263 Sep 25 16:39 run.log
-rw-rw-rw- 1 root root      49 Sep 25 16:37 sqlite.err
-rw-rw-rw- 1 root root      42 Sep 25 16:35 started.job
-rw-rw-rw- 1 root root    2336 Sep 25 16:38 stdout-energyplus
-rw-rw-rw- 1 root root      91 Sep 25 16:37 stdout-expandobject
7.3M	data_point_ad05bf79-638b-4f40-9f72-0f5113a75346/run
412K	data_point_ad05bf79-638b-4f40-9f72-0f5113a75346/reports
29M	data_point_ad05bf79-638b-4f40-9f72-0f5113a75346
Final files:
total 236
-rw-rw-rw- 1 root root   4385 Sep 25 16:39 ad05bf79-638b-4f40-9f72-0f5113a75346.log
-rw-rw-rw- 1 root root  66975 Sep 25 16:35 analysis.json
-rw-rw-rw- 1 root root   1030 Sep 25 16:35 data_point.json
-rw-rw-rw- 1 root root   2841 Sep 25 16:35 data_point.osw
-rw-rw-rw- 1 root root 145331 Sep 25 16:39 out.osw
drwxrwxrwx 2 root root   4096 Sep 25 16:39 reports
drwxrwxrwx 2 root root   4096 Sep 25 16:39 run
total 1476
-rw-rw-r-- 1 root root 635548 Sep 25 16:39 data_point.zip
-rw-r--r-- 1 root root   2375 Sep 25 16:39 datapoint_final.log
-rw-rw-rw- 1 root root 864851 Sep 25 16:39 enduse_timeseries.csv
1.5M	data_point_ad05bf79-638b-4f40-9f72-0f5113a75346/run
412K	data_point_ad05bf79-638b-4f40-9f72-0f5113a75346/reports
2.1M	data_point_ad05bf79-638b-4f40-9f72-0f5113a75346
