Cleaning up data_point directory.
Original files:
total 21776
-rw-rw-rw- 1 root root    66975 Sep 25 16:40 analysis.json
-rw-rw-rw- 1 root root     1030 Sep 25 16:40 data_point.json
-rw-rw-rw- 1 root root     2841 Sep 25 16:40 data_point.osw
-rw-rw-rw- 1 root root     4385 Sep 25 16:45 dcbdd70a-f406-4e1d-8d9b-f128b977e995.log
-rw-rw-rw- 1 root root  4640472 Sep 25 16:42 in.idf
-rw-rw-rw- 1 root root 17399826 Sep 25 16:42 in.osm
-rw-rw-rw- 1 root root   159676 Sep 25 16:45 out.osw
drwxrwxrwx 2 root root     4096 Sep 25 16:45 reports
drwxrwxrwx 2 root root     4096 Sep 25 16:45 run
total 7716
-rw-rw-r-- 1 root root  663014 Sep 25 16:45 data_point.zip
-rw-rw-rw- 1 root root    8539 Sep 25 16:45 data_point_out.json
-rw-r--r-- 1 root root     587 Sep 25 16:45 datapoint_final.log
-rw-rw-rw- 1 root root  871469 Sep 25 16:45 enduse_timeseries.csv
-rw-rw-rw- 1 root root      99 Sep 25 16:43 eplusout.end
-rw-rw-rw- 1 root root   32823 Sep 25 16:43 eplusout.err
-rw-rw-rw- 1 root root   64088 Sep 25 16:43 eplusout.mtd
-rw-rw-rw- 1 root root   56389 Sep 25 16:43 eplusout.rdd
-rw-rw-rw- 1 root root  583684 Sep 25 16:43 eplustbl.htm
-rw-rw-rw- 1 root root      43 Sep 25 16:45 finished.job
-rw-rw-rw- 1 root root 4640472 Sep 25 16:42 in.idf
-rw-rw-rw- 1 root root    8539 Sep 25 16:45 measure_attributes.json
-rw-rw-rw- 1 root root   27224 Sep 25 16:40 measures.osw
-rw-rw-rw- 1 root root       3 Sep 25 16:45 objectives.json
-rw-rw-rw- 1 root root    8539 Sep 25 16:45 results.json
-rw-rw-rw- 1 root root  879345 Sep 25 16:45 run.log
-rw-rw-rw- 1 root root      49 Sep 25 16:43 sqlite.err
-rw-rw-rw- 1 root root      42 Sep 25 16:40 started.job
-rw-rw-rw- 1 root root    2351 Sep 25 16:43 stdout-energyplus
-rw-rw-rw- 1 root root      91 Sep 25 16:43 stdout-expandobject
576K	data_point_dcbdd70a-f406-4e1d-8d9b-f128b977e995/reports
7.6M	data_point_dcbdd70a-f406-4e1d-8d9b-f128b977e995/run
30M	data_point_dcbdd70a-f406-4e1d-8d9b-f128b977e995
Final files:
total 248
-rw-rw-rw- 1 root root  66975 Sep 25 16:40 analysis.json
-rw-rw-rw- 1 root root   1030 Sep 25 16:40 data_point.json
-rw-rw-rw- 1 root root   2841 Sep 25 16:40 data_point.osw
-rw-rw-rw- 1 root root   4385 Sep 25 16:45 dcbdd70a-f406-4e1d-8d9b-f128b977e995.log
-rw-rw-rw- 1 root root 159676 Sep 25 16:45 out.osw
drwxrwxrwx 2 root root   4096 Sep 25 16:45 reports
drwxrwxrwx 2 root root   4096 Sep 25 16:45 run
total 1504
-rw-rw-r-- 1 root root 663014 Sep 25 16:45 data_point.zip
-rw-r--r-- 1 root root   2375 Sep 25 16:45 datapoint_final.log
-rw-rw-rw- 1 root root 871469 Sep 25 16:45 enduse_timeseries.csv
576K	data_point_dcbdd70a-f406-4e1d-8d9b-f128b977e995/reports
1.5M	data_point_dcbdd70a-f406-4e1d-8d9b-f128b977e995/run
2.3M	data_point_dcbdd70a-f406-4e1d-8d9b-f128b977e995
