# Logfile created on 2017-09-25 16:40:48 +0000 by logger.rb/47272
[16:40:48.553594 INFO] Server host is http://web:80
[16:40:48.553757 INFO] Analysis directory is /mnt/openstudio/analysis_fe821d2c-df1e-4105-9ee6-6c7fef1463ae
[16:40:48.553857 INFO] Simulation directory is /mnt/openstudio/analysis_fe821d2c-df1e-4105-9ee6-6c7fef1463ae/data_point_dcbdd70a-f406-4e1d-8d9b-f128b977e995
[16:40:48.553910 INFO] Run datapoint type/file is workflow
[16:40:48.553953 INFO] Starting initialize_worker for datapoint dcbdd70a-f406-4e1d-8d9b-f128b977e995
[16:40:48.554053 INFO] receipt_file already exists, moving on
[16:40:48.562138 INFO] Downloading datapoint from http://web:80/data_points/dcbdd70a-f406-4e1d-8d9b-f128b977e995.json
[16:40:48.583773 INFO] Creating Workflow Manager instance
[16:40:48.583882 INFO] Directory is /mnt/openstudio/analysis_fe821d2c-df1e-4105-9ee6-6c7fef1463ae/data_point_dcbdd70a-f406-4e1d-8d9b-f128b977e995
[16:40:48.583973 INFO] Opening run.log file '/mnt/openstudio/analysis_fe821d2c-df1e-4105-9ee6-6c7fef1463ae/data_point_dcbdd70a-f406-4e1d-8d9b-f128b977e995/run/run.log'
[16:40:48.607626 INFO] Running workflow
[16:45:24.876350 INFO] Final run state is finished
[16:45:24.904272 INFO] Saving files/reports back to the server
[16:45:24.904545 INFO] Saving report /mnt/openstudio/analysis_fe821d2c-df1e-4105-9ee6-6c7fef1463ae/data_point_dcbdd70a-f406-4e1d-8d9b-f128b977e995/reports/eplustbl.html to http://web:80/data_points/dcbdd70a-f406-4e1d-8d9b-f128b977e995/upload_file
[16:45:24.967779 INFO] Saving report responded with {"id":"59c93242a2321800caed5d34","data_point_id":"dcbdd70a-f406-4e1d-8d9b-f128b977e995","display_name":"eplustbl","type":"Report","created_at":"2017-09-25T16:43:46.815Z","updated_at":"2017-09-25T16:43:46.815Z"}
[16:45:24.967971 INFO] Saving report /mnt/openstudio/analysis_fe821d2c-df1e-4105-9ee6-6c7fef1463ae/data_point_dcbdd70a-f406-4e1d-8d9b-f128b977e995/run/objectives.json to http://web:80/data_points/dcbdd70a-f406-4e1d-8d9b-f128b977e995/upload_file
[16:45:25.019156 INFO] Saving report responded with {"id":"59c93242a2321800caed5d35","data_point_id":"dcbdd70a-f406-4e1d-8d9b-f128b977e995","display_name":"objectives","type":"Report","created_at":"2017-09-25T16:43:46.848Z","updated_at":"2017-09-25T16:43:46.848Z"}
[16:45:25.019388 INFO] Saving report /mnt/openstudio/analysis_fe821d2c-df1e-4105-9ee6-6c7fef1463ae/data_point_dcbdd70a-f406-4e1d-8d9b-f128b977e995/out.osw to http://web:80/data_points/dcbdd70a-f406-4e1d-8d9b-f128b977e995/upload_file
[16:45:25.069563 INFO] Saving report responded with {"id":"59c93242a2321800caed5d36","data_point_id":"dcbdd70a-f406-4e1d-8d9b-f128b977e995","display_name":"Final OSW File","type":"Report","created_at":"2017-09-25T16:43:46.915Z","updated_at":"2017-09-25T16:43:46.915Z"}
[16:45:25.069800 INFO] Saving report /mnt/openstudio/analysis_fe821d2c-df1e-4105-9ee6-6c7fef1463ae/data_point_dcbdd70a-f406-4e1d-8d9b-f128b977e995/in.osm to http://web:80/data_points/dcbdd70a-f406-4e1d-8d9b-f128b977e995/upload_file
[16:45:26.252608 INFO] Saving report responded with {"id":"59c93244a2321800caed5d37","data_point_id":"dcbdd70a-f406-4e1d-8d9b-f128b977e995","display_name":"model","type":"OpenStudio Model","created_at":"2017-09-25T16:43:48.057Z","updated_at":"2017-09-25T16:43:48.057Z"}
[16:45:26.252877 INFO] Saving report /mnt/openstudio/analysis_fe821d2c-df1e-4105-9ee6-6c7fef1463ae/data_point_dcbdd70a-f406-4e1d-8d9b-f128b977e995/run/data_point.zip to http://web:80/data_points/dcbdd70a-f406-4e1d-8d9b-f128b977e995/upload_file
[16:45:26.521006 INFO] Saving report responded with {"id":"59c93244a2321800caed5d38","data_point_id":"dcbdd70a-f406-4e1d-8d9b-f128b977e995","display_name":"Zip File","type":"Data Point","created_at":"2017-09-25T16:43:48.362Z","updated_at":"2017-09-25T16:43:48.362Z"}
[16:45:26.521462 INFO] Found data point finalization file datapoint_final.sh.
[16:45:26.521674 INFO] Preparing to run finalization script /mnt/openstudio/analysis_fe821d2c-df1e-4105-9ee6-6c7fef1463ae/scripts/worker_finalization/datapoint_final.sh
[16:45:26.521928 INFO] Looking for argument file /mnt/openstudio/analysis_fe821d2c-df1e-4105-9ee6-6c7fef1463ae/scripts/worker_finalization/datapoint_final.args
[16:45:26.522003 INFO] argument file exists /mnt/openstudio/analysis_fe821d2c-df1e-4105-9ee6-6c7fef1463ae/scripts/worker_finalization/datapoint_final.args
[16:45:26.522096 INFO] arguments are []
[16:45:26.587349 INFO] Script returned with exit code 0 of class Fixnum
[16:45:26.587592 INFO] Saving report /mnt/openstudio/analysis_fe821d2c-df1e-4105-9ee6-6c7fef1463ae/data_point_dcbdd70a-f406-4e1d-8d9b-f128b977e995/run/datapoint_final.log to http://web:80/data_points/dcbdd70a-f406-4e1d-8d9b-f128b977e995/upload_file
[16:45:26.621838 INFO] Saving report responded with {"id":"59c93244a2321800caed5d39","data_point_id":"dcbdd70a-f406-4e1d-8d9b-f128b977e995","display_name":"Finalization Script Log","type":"Report","created_at":"2017-09-25T16:43:48.466Z","updated_at":"2017-09-25T16:43:48.466Z"}
[16:45:26.631597 INFO] Finished /opt/openstudio/server/app/workers/run_simulate_data_point.rb
