# Logfile created on 2017-09-25 16:41:15 +0000 by logger.rb/47272
[16:41:15.007200 INFO] Server host is http://web:80
[16:41:15.007330 INFO] Analysis directory is /mnt/openstudio/analysis_fe821d2c-df1e-4105-9ee6-6c7fef1463ae
[16:41:15.007412 INFO] Simulation directory is /mnt/openstudio/analysis_fe821d2c-df1e-4105-9ee6-6c7fef1463ae/data_point_1d27ce4f-95cd-4dc6-94d0-e9e5446f9c37
[16:41:15.007459 INFO] Run datapoint type/file is workflow
[16:41:15.007503 INFO] Starting initialize_worker for datapoint 1d27ce4f-95cd-4dc6-94d0-e9e5446f9c37
[16:41:15.007582 INFO] receipt_file already exists, moving on
[16:41:15.025560 INFO] Downloading datapoint from http://web:80/data_points/1d27ce4f-95cd-4dc6-94d0-e9e5446f9c37.json
[16:41:15.045705 INFO] Creating Workflow Manager instance
[16:41:15.045802 INFO] Directory is /mnt/openstudio/analysis_fe821d2c-df1e-4105-9ee6-6c7fef1463ae/data_point_1d27ce4f-95cd-4dc6-94d0-e9e5446f9c37
[16:41:15.045888 INFO] Opening run.log file '/mnt/openstudio/analysis_fe821d2c-df1e-4105-9ee6-6c7fef1463ae/data_point_1d27ce4f-95cd-4dc6-94d0-e9e5446f9c37/run/run.log'
[16:41:15.067305 INFO] Running workflow
[16:44:49.259265 INFO] Final run state is finished
[16:44:49.290671 INFO] Saving files/reports back to the server
[16:44:49.290971 INFO] Saving report /mnt/openstudio/analysis_fe821d2c-df1e-4105-9ee6-6c7fef1463ae/data_point_1d27ce4f-95cd-4dc6-94d0-e9e5446f9c37/reports/eplustbl.html to http://web:80/data_points/1d27ce4f-95cd-4dc6-94d0-e9e5446f9c37/upload_file
[16:44:49.333905 INFO] Saving report responded with {"id":"59c9321fa2321800caed5cf4","data_point_id":"1d27ce4f-95cd-4dc6-94d0-e9e5446f9c37","display_name":"eplustbl","type":"Report","created_at":"2017-09-25T16:43:11.186Z","updated_at":"2017-09-25T16:43:11.186Z"}
[16:44:49.334135 INFO] Saving report /mnt/openstudio/analysis_fe821d2c-df1e-4105-9ee6-6c7fef1463ae/data_point_1d27ce4f-95cd-4dc6-94d0-e9e5446f9c37/run/objectives.json to http://web:80/data_points/1d27ce4f-95cd-4dc6-94d0-e9e5446f9c37/upload_file
[16:44:49.355956 INFO] Saving report responded with {"id":"59c9321fa2321800caed5cf5","data_point_id":"1d27ce4f-95cd-4dc6-94d0-e9e5446f9c37","display_name":"objectives","type":"Report","created_at":"2017-09-25T16:43:11.208Z","updated_at":"2017-09-25T16:43:11.208Z"}
[16:44:49.356146 INFO] Saving report /mnt/openstudio/analysis_fe821d2c-df1e-4105-9ee6-6c7fef1463ae/data_point_1d27ce4f-95cd-4dc6-94d0-e9e5446f9c37/out.osw to http://web:80/data_points/1d27ce4f-95cd-4dc6-94d0-e9e5446f9c37/upload_file
[16:44:49.420103 INFO] Saving report responded with {"id":"59c9321fa2321800caed5cf6","data_point_id":"1d27ce4f-95cd-4dc6-94d0-e9e5446f9c37","display_name":"Final OSW File","type":"Report","created_at":"2017-09-25T16:43:11.272Z","updated_at":"2017-09-25T16:43:11.272Z"}
[16:44:49.420350 INFO] Saving report /mnt/openstudio/analysis_fe821d2c-df1e-4105-9ee6-6c7fef1463ae/data_point_1d27ce4f-95cd-4dc6-94d0-e9e5446f9c37/in.osm to http://web:80/data_points/1d27ce4f-95cd-4dc6-94d0-e9e5446f9c37/upload_file
[16:44:50.439203 INFO] Saving report responded with {"id":"59c93220a2321800d2ed5800","data_point_id":"1d27ce4f-95cd-4dc6-94d0-e9e5446f9c37","display_name":"model","type":"OpenStudio Model","created_at":"2017-09-25T16:43:12.219Z","updated_at":"2017-09-25T16:43:12.219Z"}
[16:44:50.440015 INFO] Saving report /mnt/openstudio/analysis_fe821d2c-df1e-4105-9ee6-6c7fef1463ae/data_point_1d27ce4f-95cd-4dc6-94d0-e9e5446f9c37/run/data_point.zip to http://web:80/data_points/1d27ce4f-95cd-4dc6-94d0-e9e5446f9c37/upload_file
[16:44:50.536562 INFO] Saving report responded with {"id":"59c93220a2321800d2ed5801","data_point_id":"1d27ce4f-95cd-4dc6-94d0-e9e5446f9c37","display_name":"Zip File","type":"Data Point","created_at":"2017-09-25T16:43:12.377Z","updated_at":"2017-09-25T16:43:12.377Z"}
[16:44:50.536902 INFO] Found data point finalization file datapoint_final.sh.
[16:44:50.537069 INFO] Preparing to run finalization script /mnt/openstudio/analysis_fe821d2c-df1e-4105-9ee6-6c7fef1463ae/scripts/worker_finalization/datapoint_final.sh
[16:44:50.537247 INFO] Looking for argument file /mnt/openstudio/analysis_fe821d2c-df1e-4105-9ee6-6c7fef1463ae/scripts/worker_finalization/datapoint_final.args
[16:44:50.537297 INFO] argument file exists /mnt/openstudio/analysis_fe821d2c-df1e-4105-9ee6-6c7fef1463ae/scripts/worker_finalization/datapoint_final.args
[16:44:50.590605 INFO] arguments are []
[16:44:50.696034 INFO] Script returned with exit code 0 of class Fixnum
[16:44:50.696393 INFO] Saving report /mnt/openstudio/analysis_fe821d2c-df1e-4105-9ee6-6c7fef1463ae/data_point_1d27ce4f-95cd-4dc6-94d0-e9e5446f9c37/run/datapoint_final.log to http://web:80/data_points/1d27ce4f-95cd-4dc6-94d0-e9e5446f9c37/upload_file
[16:44:50.843826 INFO] Saving report responded with {"id":"59c93220a2321800d2ed5802","data_point_id":"1d27ce4f-95cd-4dc6-94d0-e9e5446f9c37","display_name":"Finalization Script Log","type":"Report","created_at":"2017-09-25T16:43:12.586Z","updated_at":"2017-09-25T16:43:12.586Z"}
[16:44:50.861722 INFO] Finished /opt/openstudio/server/app/workers/run_simulate_data_point.rb
