Cleaning up data_point directory.
Original files:
total 21388
-rw-rw-rw- 1 root root     4385 Sep 25 16:44 1d27ce4f-95cd-4dc6-94d0-e9e5446f9c37.log
-rw-rw-rw- 1 root root    66975 Sep 25 16:41 analysis.json
-rw-rw-rw- 1 root root     1030 Sep 25 16:41 data_point.json
-rw-rw-rw- 1 root root     2841 Sep 25 16:41 data_point.osw
-rw-rw-rw- 1 root root  4606225 Sep 25 16:42 in.idf
-rw-rw-rw- 1 root root 17041523 Sep 25 16:42 in.osm
-rw-rw-rw- 1 root root   153942 Sep 25 16:44 out.osw
drwxrwxrwx 2 root root     4096 Sep 25 16:44 reports
drwxrwxrwx 2 root root     4096 Sep 25 16:44 run
total 7264
-rw-rw-r-- 1 root root  570661 Sep 25 16:44 data_point.zip
-rw-rw-rw- 1 root root    8302 Sep 25 16:44 data_point_out.json
-rw-r--r-- 1 root root     587 Sep 25 16:44 datapoint_final.log
-rw-rw-rw- 1 root root  694619 Sep 25 16:44 enduse_timeseries.csv
-rw-rw-rw- 1 root root      99 Sep 25 16:43 eplusout.end
-rw-rw-rw- 1 root root   38259 Sep 25 16:43 eplusout.err
-rw-rw-rw- 1 root root   52217 Sep 25 16:43 eplusout.mtd
-rw-rw-rw- 1 root root   46595 Sep 25 16:43 eplusout.rdd
-rw-rw-rw- 1 root root  446591 Sep 25 16:43 eplustbl.htm
-rw-rw-rw- 1 root root      43 Sep 25 16:44 finished.job
-rw-rw-rw- 1 root root 4606225 Sep 25 16:42 in.idf
-rw-rw-rw- 1 root root    8302 Sep 25 16:44 measure_attributes.json
-rw-rw-rw- 1 root root   25751 Sep 25 16:41 measures.osw
-rw-rw-rw- 1 root root       3 Sep 25 16:44 objectives.json
-rw-rw-rw- 1 root root    8302 Sep 25 16:44 results.json
-rw-rw-rw- 1 root root  867923 Sep 25 16:44 run.log
-rw-rw-rw- 1 root root      49 Sep 25 16:43 sqlite.err
-rw-rw-rw- 1 root root      42 Sep 25 16:41 started.job
-rw-rw-rw- 1 root root    2336 Sep 25 16:43 stdout-energyplus
-rw-rw-rw- 1 root root      91 Sep 25 16:43 stdout-expandobject
444K	data_point_1d27ce4f-95cd-4dc6-94d0-e9e5446f9c37/reports
7.1M	data_point_1d27ce4f-95cd-4dc6-94d0-e9e5446f9c37/run
29M	data_point_1d27ce4f-95cd-4dc6-94d0-e9e5446f9c37
Final files:
total 244
-rw-rw-rw- 1 root root   4385 Sep 25 16:44 1d27ce4f-95cd-4dc6-94d0-e9e5446f9c37.log
-rw-rw-rw- 1 root root  66975 Sep 25 16:41 analysis.json
-rw-rw-rw- 1 root root   1030 Sep 25 16:41 data_point.json
-rw-rw-rw- 1 root root   2841 Sep 25 16:41 data_point.osw
-rw-rw-rw- 1 root root 153942 Sep 25 16:44 out.osw
drwxrwxrwx 2 root root   4096 Sep 25 16:44 reports
drwxrwxrwx 2 root root   4096 Sep 25 16:44 run
total 1244
-rw-rw-r-- 1 root root 570661 Sep 25 16:44 data_point.zip
-rw-r--r-- 1 root root   2375 Sep 25 16:44 datapoint_final.log
-rw-rw-rw- 1 root root 694619 Sep 25 16:44 enduse_timeseries.csv
444K	data_point_1d27ce4f-95cd-4dc6-94d0-e9e5446f9c37/reports
1.3M	data_point_1d27ce4f-95cd-4dc6-94d0-e9e5446f9c37/run
1.9M	data_point_1d27ce4f-95cd-4dc6-94d0-e9e5446f9c37
