Cleaning up data_point directory.
Original files:
total 21616
-rw-rw-rw- 1 root root    66975 Sep 25 16:41 analysis.json
-rw-rw-rw- 1 root root     1030 Sep 25 16:41 data_point.json
-rw-rw-rw- 1 root root     2841 Sep 25 16:41 data_point.osw
-rw-rw-rw- 1 root root     5490 Sep 25 16:46 f9bc13ae-9cd7-471d-8555-287b5268ecd9.log
-rw-rw-rw- 1 root root  4585046 Sep 25 16:43 in.idf
-rw-rw-rw- 1 root root 17307928 Sep 25 16:43 in.osm
-rw-rw-rw- 1 root root   143036 Sep 25 16:46 out.osw
drwxrwxrwx 2 root root     4096 Sep 25 16:46 reports
drwxrwxrwx 2 root root     4096 Sep 25 16:46 run
total 7364
-rw-rw-r-- 1 root root  617209 Sep 25 16:46 data_point.zip
-rw-rw-rw- 1 root root    8438 Sep 25 16:46 data_point_out.json
-rw-r--r-- 1 root root     587 Sep 25 16:46 datapoint_final.log
-rw-r--r-- 1 root root   22481 Sep 25 16:41 datapoint_init.log
-rw-rw-rw- 1 root root  782008 Sep 25 16:46 enduse_timeseries.csv
-rw-rw-rw- 1 root root     102 Sep 25 16:44 eplusout.end
-rw-rw-rw- 1 root root   33791 Sep 25 16:44 eplusout.err
-rw-rw-rw- 1 root root   52112 Sep 25 16:44 eplusout.mtd
-rw-rw-rw- 1 root root   55122 Sep 25 16:44 eplusout.rdd
-rw-rw-rw- 1 root root  413862 Sep 25 16:44 eplustbl.htm
-rw-rw-rw- 1 root root      43 Sep 25 16:46 finished.job
-rw-rw-rw- 1 root root 4585046 Sep 25 16:43 in.idf
-rw-rw-rw- 1 root root    8438 Sep 25 16:46 measure_attributes.json
-rw-rw-rw- 1 root root   27414 Sep 25 16:41 measures.osw
-rw-rw-rw- 1 root root       3 Sep 25 16:46 objectives.json
-rw-rw-rw- 1 root root    8438 Sep 25 16:46 results.json
-rw-rw-rw- 1 root root  860829 Sep 25 16:46 run.log
-rw-rw-rw- 1 root root      49 Sep 25 16:44 sqlite.err
-rw-rw-rw- 1 root root      42 Sep 25 16:41 started.job
-rw-rw-rw- 1 root root    2336 Sep 25 16:44 stdout-energyplus
-rw-rw-rw- 1 root root      91 Sep 25 16:44 stdout-expandobject
412K	data_point_f9bc13ae-9cd7-471d-8555-287b5268ecd9/reports
7.2M	data_point_f9bc13ae-9cd7-471d-8555-287b5268ecd9/run
29M	data_point_f9bc13ae-9cd7-471d-8555-287b5268ecd9
Final files:
total 232
-rw-rw-rw- 1 root root  66975 Sep 25 16:41 analysis.json
-rw-rw-rw- 1 root root   1030 Sep 25 16:41 data_point.json
-rw-rw-rw- 1 root root   2841 Sep 25 16:41 data_point.osw
-rw-rw-rw- 1 root root   5490 Sep 25 16:46 f9bc13ae-9cd7-471d-8555-287b5268ecd9.log
-rw-rw-rw- 1 root root 143036 Sep 25 16:46 out.osw
drwxrwxrwx 2 root root   4096 Sep 25 16:46 reports
drwxrwxrwx 2 root root   4096 Sep 25 16:46 run
total 1396
-rw-rw-r-- 1 root root 617209 Sep 25 16:46 data_point.zip
-rw-r--r-- 1 root root   2438 Sep 25 16:46 datapoint_final.log
-rw-r--r-- 1 root root  22481 Sep 25 16:41 datapoint_init.log
-rw-rw-rw- 1 root root 782008 Sep 25 16:46 enduse_timeseries.csv
412K	data_point_f9bc13ae-9cd7-471d-8555-287b5268ecd9/reports
1.4M	data_point_f9bc13ae-9cd7-471d-8555-287b5268ecd9/run
2.0M	data_point_f9bc13ae-9cd7-471d-8555-287b5268ecd9
