# Logfile created on 2017-09-25 16:38:11 +0000 by logger.rb/47272
[16:38:11.780995 INFO] Server host is http://web:80
[16:38:11.781105 INFO] Analysis directory is /mnt/openstudio/analysis_fe821d2c-df1e-4105-9ee6-6c7fef1463ae
[16:38:11.781173 INFO] Simulation directory is /mnt/openstudio/analysis_fe821d2c-df1e-4105-9ee6-6c7fef1463ae/data_point_f9bc13ae-9cd7-471d-8555-287b5268ecd9
[16:38:11.781210 INFO] Run datapoint type/file is workflow
[16:38:11.781244 INFO] Starting initialize_worker for datapoint f9bc13ae-9cd7-471d-8555-287b5268ecd9
[16:38:11.781418 INFO] Downloading analysis zip from http://web:80/analyses/fe821d2c-df1e-4105-9ee6-6c7fef1463ae/download_analysis_zip
[16:39:28.016959 INFO] Extracting analysis zip to /mnt/openstudio/analysis_fe821d2c-df1e-4105-9ee6-6c7fef1463ae
[16:39:33.098857 INFO] Downloading analysis.json from http://web:80/analyses/fe821d2c-df1e-4105-9ee6-6c7fef1463ae.json
[16:39:45.843888 INFO] Found data point initialization file datapoint_init.sh.
[16:39:45.844276 INFO] Preparing to run initialization script /mnt/openstudio/analysis_fe821d2c-df1e-4105-9ee6-6c7fef1463ae/scripts/worker_initialization/datapoint_init.sh
[16:39:45.844637 INFO] Looking for argument file /mnt/openstudio/analysis_fe821d2c-df1e-4105-9ee6-6c7fef1463ae/scripts/worker_initialization/datapoint_init.args
[16:39:45.844712 INFO] argument file exists /mnt/openstudio/analysis_fe821d2c-df1e-4105-9ee6-6c7fef1463ae/scripts/worker_initialization/datapoint_init.args
[16:39:45.844913 INFO] arguments are ["https://s3.amazonaws.com/epwweatherfiles/project_resstock_efs.zip"]
[16:41:22.736437 INFO] Script returned with exit code 0 of class Fixnum
[16:41:22.736682 INFO] Finished worker initialization
[16:41:22.754145 INFO] Downloading datapoint from http://web:80/data_points/f9bc13ae-9cd7-471d-8555-287b5268ecd9.json
[16:41:22.799291 INFO] Creating Workflow Manager instance
[16:41:22.799436 INFO] Directory is /mnt/openstudio/analysis_fe821d2c-df1e-4105-9ee6-6c7fef1463ae/data_point_f9bc13ae-9cd7-471d-8555-287b5268ecd9
[16:41:22.799562 INFO] Opening run.log file '/mnt/openstudio/analysis_fe821d2c-df1e-4105-9ee6-6c7fef1463ae/data_point_f9bc13ae-9cd7-471d-8555-287b5268ecd9/run/run.log'
[16:41:22.888139 INFO] Running workflow
[16:46:03.123597 INFO] Final run state is finished
[16:46:03.160594 INFO] Saving files/reports back to the server
[16:46:03.160775 INFO] Saving report /mnt/openstudio/analysis_fe821d2c-df1e-4105-9ee6-6c7fef1463ae/data_point_f9bc13ae-9cd7-471d-8555-287b5268ecd9/reports/eplustbl.html to http://web:80/data_points/f9bc13ae-9cd7-471d-8555-287b5268ecd9/upload_file
[16:46:03.364261 INFO] Saving report responded with {"id":"59c93269a2321800caed5d99","data_point_id":"f9bc13ae-9cd7-471d-8555-287b5268ecd9","display_name":"eplustbl","type":"Report","created_at":"2017-09-25T16:44:25.216Z","updated_at":"2017-09-25T16:44:25.216Z"}
[16:46:03.364532 INFO] Saving report /mnt/openstudio/analysis_fe821d2c-df1e-4105-9ee6-6c7fef1463ae/data_point_f9bc13ae-9cd7-471d-8555-287b5268ecd9/run/objectives.json to http://web:80/data_points/f9bc13ae-9cd7-471d-8555-287b5268ecd9/upload_file
[16:46:03.387604 INFO] Saving report responded with {"id":"59c93269a2321800caed5d9a","data_point_id":"f9bc13ae-9cd7-471d-8555-287b5268ecd9","display_name":"objectives","type":"Report","created_at":"2017-09-25T16:44:25.240Z","updated_at":"2017-09-25T16:44:25.240Z"}
[16:46:03.387819 INFO] Saving report /mnt/openstudio/analysis_fe821d2c-df1e-4105-9ee6-6c7fef1463ae/data_point_f9bc13ae-9cd7-471d-8555-287b5268ecd9/out.osw to http://web:80/data_points/f9bc13ae-9cd7-471d-8555-287b5268ecd9/upload_file
[16:46:03.427903 INFO] Saving report responded with {"id":"59c93269a2321800caed5d9b","data_point_id":"f9bc13ae-9cd7-471d-8555-287b5268ecd9","display_name":"Final OSW File","type":"Report","created_at":"2017-09-25T16:44:25.279Z","updated_at":"2017-09-25T16:44:25.279Z"}
[16:46:03.428211 INFO] Saving report /mnt/openstudio/analysis_fe821d2c-df1e-4105-9ee6-6c7fef1463ae/data_point_f9bc13ae-9cd7-471d-8555-287b5268ecd9/in.osm to http://web:80/data_points/f9bc13ae-9cd7-471d-8555-287b5268ecd9/upload_file
[16:46:04.140091 INFO] Saving report responded with {"id":"59c93269a2321800caed5d9c","data_point_id":"f9bc13ae-9cd7-471d-8555-287b5268ecd9","display_name":"model","type":"OpenStudio Model","created_at":"2017-09-25T16:44:25.923Z","updated_at":"2017-09-25T16:44:25.923Z"}
[16:46:04.140388 INFO] Saving report /mnt/openstudio/analysis_fe821d2c-df1e-4105-9ee6-6c7fef1463ae/data_point_f9bc13ae-9cd7-471d-8555-287b5268ecd9/run/data_point.zip to http://web:80/data_points/f9bc13ae-9cd7-471d-8555-287b5268ecd9/upload_file
[16:46:04.226920 INFO] Saving report responded with {"id":"59c9326aa2321800caed5d9d","data_point_id":"f9bc13ae-9cd7-471d-8555-287b5268ecd9","display_name":"Zip File","type":"Data Point","created_at":"2017-09-25T16:44:26.052Z","updated_at":"2017-09-25T16:44:26.052Z"}
[16:46:04.227251 INFO] Found data point finalization file datapoint_final.sh.
[16:46:04.227341 INFO] Preparing to run finalization script /mnt/openstudio/analysis_fe821d2c-df1e-4105-9ee6-6c7fef1463ae/scripts/worker_finalization/datapoint_final.sh
[16:46:04.282184 INFO] Looking for argument file /mnt/openstudio/analysis_fe821d2c-df1e-4105-9ee6-6c7fef1463ae/scripts/worker_finalization/datapoint_final.args
[16:46:04.282287 INFO] argument file exists /mnt/openstudio/analysis_fe821d2c-df1e-4105-9ee6-6c7fef1463ae/scripts/worker_finalization/datapoint_final.args
[16:46:04.287775 INFO] arguments are []
[16:46:04.336995 INFO] Script returned with exit code 0 of class Fixnum
[16:46:04.337306 INFO] Saving report /mnt/openstudio/analysis_fe821d2c-df1e-4105-9ee6-6c7fef1463ae/data_point_f9bc13ae-9cd7-471d-8555-287b5268ecd9/run/datapoint_final.log to http://web:80/data_points/f9bc13ae-9cd7-471d-8555-287b5268ecd9/upload_file
[16:46:04.558550 INFO] Saving report responded with {"id":"59c9326aa2321800caed5d9e","data_point_id":"f9bc13ae-9cd7-471d-8555-287b5268ecd9","display_name":"Finalization Script Log","type":"Report","created_at":"2017-09-25T16:44:26.215Z","updated_at":"2017-09-25T16:44:26.215Z"}
[16:46:04.567383 INFO] Finished /opt/openstudio/server/app/workers/run_simulate_data_point.rb
