# Logfile created on 2017-09-25 16:35:42 +0000 by logger.rb/47272
[16:35:42.997403 INFO] Server host is http://web:80
[16:35:42.997532 INFO] Analysis directory is /mnt/openstudio/analysis_fe821d2c-df1e-4105-9ee6-6c7fef1463ae
[16:35:42.997589 INFO] Simulation directory is /mnt/openstudio/analysis_fe821d2c-df1e-4105-9ee6-6c7fef1463ae/data_point_03be6408-d0ae-4b01-9bb6-fdcfad4012d4
[16:35:42.997629 INFO] Run datapoint type/file is workflow
[16:35:42.997680 INFO] Starting initialize_worker for datapoint 03be6408-d0ae-4b01-9bb6-fdcfad4012d4
[16:35:42.997763 INFO] receipt_file already exists, moving on
[16:35:43.002530 INFO] Downloading datapoint from http://web:80/data_points/03be6408-d0ae-4b01-9bb6-fdcfad4012d4.json
[16:35:43.014750 INFO] Creating Workflow Manager instance
[16:35:43.014815 INFO] Directory is /mnt/openstudio/analysis_fe821d2c-df1e-4105-9ee6-6c7fef1463ae/data_point_03be6408-d0ae-4b01-9bb6-fdcfad4012d4
[16:35:43.014865 INFO] Opening run.log file '/mnt/openstudio/analysis_fe821d2c-df1e-4105-9ee6-6c7fef1463ae/data_point_03be6408-d0ae-4b01-9bb6-fdcfad4012d4/run/run.log'
[16:35:43.023588 INFO] Running workflow
[16:40:10.629485 INFO] Final run state is finished
[16:40:10.651964 INFO] Saving files/reports back to the server
[16:40:10.652252 INFO] Saving report /mnt/openstudio/analysis_fe821d2c-df1e-4105-9ee6-6c7fef1463ae/data_point_03be6408-d0ae-4b01-9bb6-fdcfad4012d4/reports/eplustbl.html to http://web:80/data_points/03be6408-d0ae-4b01-9bb6-fdcfad4012d4/upload_file
[16:40:10.753033 INFO] Saving report responded with {"id":"59c9316aa2321800d2ed57d6","data_point_id":"03be6408-d0ae-4b01-9bb6-fdcfad4012d4","display_name":"eplustbl","type":"Report","created_at":"2017-09-25T16:40:10.682Z","updated_at":"2017-09-25T16:40:10.682Z"}
[16:40:10.753251 INFO] Saving report /mnt/openstudio/analysis_fe821d2c-df1e-4105-9ee6-6c7fef1463ae/data_point_03be6408-d0ae-4b01-9bb6-fdcfad4012d4/run/objectives.json to http://web:80/data_points/03be6408-d0ae-4b01-9bb6-fdcfad4012d4/upload_file
[16:40:10.786517 INFO] Saving report responded with {"id":"59c9316aa2321800d2ed57d7","data_point_id":"03be6408-d0ae-4b01-9bb6-fdcfad4012d4","display_name":"objectives","type":"Report","created_at":"2017-09-25T16:40:10.777Z","updated_at":"2017-09-25T16:40:10.777Z"}
[16:40:10.786747 INFO] Saving report /mnt/openstudio/analysis_fe821d2c-df1e-4105-9ee6-6c7fef1463ae/data_point_03be6408-d0ae-4b01-9bb6-fdcfad4012d4/out.osw to http://web:80/data_points/03be6408-d0ae-4b01-9bb6-fdcfad4012d4/upload_file
[16:40:10.839797 INFO] Saving report responded with {"id":"59c9316aa2321800caed5c9b","data_point_id":"03be6408-d0ae-4b01-9bb6-fdcfad4012d4","display_name":"Final OSW File","type":"Report","created_at":"2017-09-25T16:40:10.829Z","updated_at":"2017-09-25T16:40:10.829Z"}
[16:40:10.840035 INFO] Saving report /mnt/openstudio/analysis_fe821d2c-df1e-4105-9ee6-6c7fef1463ae/data_point_03be6408-d0ae-4b01-9bb6-fdcfad4012d4/in.osm to http://web:80/data_points/03be6408-d0ae-4b01-9bb6-fdcfad4012d4/upload_file
[16:40:11.540506 INFO] Saving report responded with {"id":"59c9316ba2321800caed5c9e","data_point_id":"03be6408-d0ae-4b01-9bb6-fdcfad4012d4","display_name":"model","type":"OpenStudio Model","created_at":"2017-09-25T16:40:11.381Z","updated_at":"2017-09-25T16:40:11.381Z"}
[16:40:11.540729 INFO] Saving report /mnt/openstudio/analysis_fe821d2c-df1e-4105-9ee6-6c7fef1463ae/data_point_03be6408-d0ae-4b01-9bb6-fdcfad4012d4/run/data_point.zip to http://web:80/data_points/03be6408-d0ae-4b01-9bb6-fdcfad4012d4/upload_file
[16:40:11.595572 INFO] Saving report responded with {"id":"59c9316ba2321800caed5c9f","data_point_id":"03be6408-d0ae-4b01-9bb6-fdcfad4012d4","display_name":"Zip File","type":"Data Point","created_at":"2017-09-25T16:40:11.569Z","updated_at":"2017-09-25T16:40:11.569Z"}
[16:40:11.596064 INFO] Found data point finalization file datapoint_final.sh.
[16:40:11.596292 INFO] Preparing to run finalization script /mnt/openstudio/analysis_fe821d2c-df1e-4105-9ee6-6c7fef1463ae/scripts/worker_finalization/datapoint_final.sh
[16:40:11.601276 INFO] Looking for argument file /mnt/openstudio/analysis_fe821d2c-df1e-4105-9ee6-6c7fef1463ae/scripts/worker_finalization/datapoint_final.args
[16:40:11.601400 INFO] argument file exists /mnt/openstudio/analysis_fe821d2c-df1e-4105-9ee6-6c7fef1463ae/scripts/worker_finalization/datapoint_final.args
[16:40:11.601635 INFO] arguments are []
[16:40:11.676533 INFO] Script returned with exit code 0 of class Fixnum
[16:40:11.676906 INFO] Saving report /mnt/openstudio/analysis_fe821d2c-df1e-4105-9ee6-6c7fef1463ae/data_point_03be6408-d0ae-4b01-9bb6-fdcfad4012d4/run/datapoint_final.log to http://web:80/data_points/03be6408-d0ae-4b01-9bb6-fdcfad4012d4/upload_file
[16:40:11.707088 INFO] Saving report responded with {"id":"59c9316ba2321800d2ed57d8","data_point_id":"03be6408-d0ae-4b01-9bb6-fdcfad4012d4","display_name":"Finalization Script Log","type":"Report","created_at":"2017-09-25T16:40:11.694Z","updated_at":"2017-09-25T16:40:11.694Z"}
[16:40:11.716458 INFO] Finished /opt/openstudio/server/app/workers/run_simulate_data_point.rb
