Cleaning up data_point directory.
Original files:
total 22016
-rw-rw-rw- 1 root root     4385 Sep 25 16:40 03be6408-d0ae-4b01-9bb6-fdcfad4012d4.log
-rw-rw-rw- 1 root root    66975 Sep 25 16:35 analysis.json
-rw-rw-rw- 1 root root     1030 Sep 25 16:35 data_point.json
-rw-rw-rw- 1 root root     2841 Sep 25 16:35 data_point.osw
-rw-rw-rw- 1 root root  4906274 Sep 25 16:36 in.idf
-rw-rw-rw- 1 root root 17385834 Sep 25 16:36 in.osm
-rw-rw-rw- 1 root root   154256 Sep 25 16:40 out.osw
drwxrwxrwx 2 root root     4096 Sep 25 16:40 reports
drwxrwxrwx 2 root root     4096 Sep 25 16:40 run
total 8028
-rw-rw-r-- 1 root root  676452 Sep 25 16:40 data_point.zip
-rw-rw-rw- 1 root root    8465 Sep 25 16:40 data_point_out.json
-rw-r--r-- 1 root root     587 Sep 25 16:40 datapoint_final.log
-rw-rw-rw- 1 root root  958703 Sep 25 16:40 enduse_timeseries.csv
-rw-rw-rw- 1 root root     102 Sep 25 16:38 eplusout.end
-rw-rw-rw- 1 root root   34514 Sep 25 16:38 eplusout.err
-rw-rw-rw- 1 root root   57550 Sep 25 16:37 eplusout.mtd
-rw-rw-rw- 1 root root   55506 Sep 25 16:37 eplusout.rdd
-rw-rw-rw- 1 root root  537296 Sep 25 16:38 eplustbl.htm
-rw-rw-rw- 1 root root      43 Sep 25 16:40 finished.job
-rw-rw-rw- 1 root root 4906274 Sep 25 16:36 in.idf
-rw-rw-rw- 1 root root    8465 Sep 25 16:40 measure_attributes.json
-rw-rw-rw- 1 root root   27726 Sep 25 16:35 measures.osw
-rw-rw-rw- 1 root root       3 Sep 25 16:40 objectives.json
-rw-rw-rw- 1 root root    8465 Sep 25 16:40 results.json
-rw-rw-rw- 1 root root  871590 Sep 25 16:40 run.log
-rw-rw-rw- 1 root root      49 Sep 25 16:37 sqlite.err
-rw-rw-rw- 1 root root      42 Sep 25 16:35 started.job
-rw-rw-rw- 1 root root    2366 Sep 25 16:38 stdout-energyplus
-rw-rw-rw- 1 root root      91 Sep 25 16:37 stdout-expandobject
7.9M	data_point_03be6408-d0ae-4b01-9bb6-fdcfad4012d4/run
532K	data_point_03be6408-d0ae-4b01-9bb6-fdcfad4012d4/reports
30M	data_point_03be6408-d0ae-4b01-9bb6-fdcfad4012d4
Final files:
total 244
-rw-rw-rw- 1 root root   4385 Sep 25 16:40 03be6408-d0ae-4b01-9bb6-fdcfad4012d4.log
-rw-rw-rw- 1 root root  66975 Sep 25 16:35 analysis.json
-rw-rw-rw- 1 root root   1030 Sep 25 16:35 data_point.json
-rw-rw-rw- 1 root root   2841 Sep 25 16:35 data_point.osw
-rw-rw-rw- 1 root root 154256 Sep 25 16:40 out.osw
drwxrwxrwx 2 root root   4096 Sep 25 16:40 reports
drwxrwxrwx 2 root root   4096 Sep 25 16:40 run
total 1608
-rw-rw-r-- 1 root root 676452 Sep 25 16:40 data_point.zip
-rw-r--r-- 1 root root   2375 Sep 25 16:40 datapoint_final.log
-rw-rw-rw- 1 root root 958703 Sep 25 16:40 enduse_timeseries.csv
1.6M	data_point_03be6408-d0ae-4b01-9bb6-fdcfad4012d4/run
532K	data_point_03be6408-d0ae-4b01-9bb6-fdcfad4012d4/reports
2.4M	data_point_03be6408-d0ae-4b01-9bb6-fdcfad4012d4
