# Logfile created on 2017-09-25 16:39:07 +0000 by logger.rb/47272
[16:39:07.812543 INFO] Server host is http://web:80
[16:39:07.812628 INFO] Analysis directory is /mnt/openstudio/analysis_fe821d2c-df1e-4105-9ee6-6c7fef1463ae
[16:39:07.812698 INFO] Simulation directory is /mnt/openstudio/analysis_fe821d2c-df1e-4105-9ee6-6c7fef1463ae/data_point_910d31da-1d57-49b8-8b9c-f1f7a7a30ed1
[16:39:07.812743 INFO] Run datapoint type/file is workflow
[16:39:07.812780 INFO] Starting initialize_worker for datapoint 910d31da-1d57-49b8-8b9c-f1f7a7a30ed1
[16:39:07.812853 INFO] receipt_file already exists, moving on
[16:39:07.834637 INFO] Downloading datapoint from http://web:80/data_points/910d31da-1d57-49b8-8b9c-f1f7a7a30ed1.json
[16:39:07.863904 INFO] Creating Workflow Manager instance
[16:39:07.863984 INFO] Directory is /mnt/openstudio/analysis_fe821d2c-df1e-4105-9ee6-6c7fef1463ae/data_point_910d31da-1d57-49b8-8b9c-f1f7a7a30ed1
[16:39:07.864053 INFO] Opening run.log file '/mnt/openstudio/analysis_fe821d2c-df1e-4105-9ee6-6c7fef1463ae/data_point_910d31da-1d57-49b8-8b9c-f1f7a7a30ed1/run/run.log'
[16:39:07.878034 INFO] Running workflow
[16:43:40.289327 INFO] Final run state is finished
[16:43:40.318438 INFO] Saving files/reports back to the server
[16:43:40.318845 INFO] Saving report /mnt/openstudio/analysis_fe821d2c-df1e-4105-9ee6-6c7fef1463ae/data_point_910d31da-1d57-49b8-8b9c-f1f7a7a30ed1/reports/eplustbl.html to http://web:80/data_points/910d31da-1d57-49b8-8b9c-f1f7a7a30ed1/upload_file
[16:43:40.417382 INFO] Saving report responded with {"id":"59c9323ca2321800d2ed5812","data_point_id":"910d31da-1d57-49b8-8b9c-f1f7a7a30ed1","display_name":"eplustbl","type":"Report","created_at":"2017-09-25T16:43:40.400Z","updated_at":"2017-09-25T16:43:40.400Z"}
[16:43:40.417687 INFO] Saving report /mnt/openstudio/analysis_fe821d2c-df1e-4105-9ee6-6c7fef1463ae/data_point_910d31da-1d57-49b8-8b9c-f1f7a7a30ed1/run/objectives.json to http://web:80/data_points/910d31da-1d57-49b8-8b9c-f1f7a7a30ed1/upload_file
[16:43:40.467480 INFO] Saving report responded with {"id":"59c9323ca2321800d2ed5813","data_point_id":"910d31da-1d57-49b8-8b9c-f1f7a7a30ed1","display_name":"objectives","type":"Report","created_at":"2017-09-25T16:43:40.446Z","updated_at":"2017-09-25T16:43:40.446Z"}
[16:43:40.467810 INFO] Saving report /mnt/openstudio/analysis_fe821d2c-df1e-4105-9ee6-6c7fef1463ae/data_point_910d31da-1d57-49b8-8b9c-f1f7a7a30ed1/out.osw to http://web:80/data_points/910d31da-1d57-49b8-8b9c-f1f7a7a30ed1/upload_file
[16:43:40.534494 INFO] Saving report responded with {"id":"59c9323ca2321800d2ed5814","data_point_id":"910d31da-1d57-49b8-8b9c-f1f7a7a30ed1","display_name":"Final OSW File","type":"Report","created_at":"2017-09-25T16:43:40.502Z","updated_at":"2017-09-25T16:43:40.502Z"}
[16:43:40.534773 INFO] Saving report /mnt/openstudio/analysis_fe821d2c-df1e-4105-9ee6-6c7fef1463ae/data_point_910d31da-1d57-49b8-8b9c-f1f7a7a30ed1/in.osm to http://web:80/data_points/910d31da-1d57-49b8-8b9c-f1f7a7a30ed1/upload_file
[16:43:41.442332 INFO] Saving report responded with {"id":"59c9323da2321800d2ed5815","data_point_id":"910d31da-1d57-49b8-8b9c-f1f7a7a30ed1","display_name":"model","type":"OpenStudio Model","created_at":"2017-09-25T16:43:41.264Z","updated_at":"2017-09-25T16:43:41.264Z"}
[16:43:41.442780 INFO] Saving report /mnt/openstudio/analysis_fe821d2c-df1e-4105-9ee6-6c7fef1463ae/data_point_910d31da-1d57-49b8-8b9c-f1f7a7a30ed1/run/data_point.zip to http://web:80/data_points/910d31da-1d57-49b8-8b9c-f1f7a7a30ed1/upload_file
[16:43:41.548105 INFO] Saving report responded with {"id":"59c9323da2321800caed5d24","data_point_id":"910d31da-1d57-49b8-8b9c-f1f7a7a30ed1","display_name":"Zip File","type":"Data Point","created_at":"2017-09-25T16:43:41.516Z","updated_at":"2017-09-25T16:43:41.516Z"}
[16:43:41.548764 INFO] Found data point finalization file datapoint_final.sh.
[16:43:41.548964 INFO] Preparing to run finalization script /mnt/openstudio/analysis_fe821d2c-df1e-4105-9ee6-6c7fef1463ae/scripts/worker_finalization/datapoint_final.sh
[16:43:41.549246 INFO] Looking for argument file /mnt/openstudio/analysis_fe821d2c-df1e-4105-9ee6-6c7fef1463ae/scripts/worker_finalization/datapoint_final.args
[16:43:41.549306 INFO] argument file exists /mnt/openstudio/analysis_fe821d2c-df1e-4105-9ee6-6c7fef1463ae/scripts/worker_finalization/datapoint_final.args
[16:43:41.549999 INFO] arguments are []
[16:43:41.623908 INFO] Script returned with exit code 0 of class Fixnum
[16:43:41.624292 INFO] Saving report /mnt/openstudio/analysis_fe821d2c-df1e-4105-9ee6-6c7fef1463ae/data_point_910d31da-1d57-49b8-8b9c-f1f7a7a30ed1/run/datapoint_final.log to http://web:80/data_points/910d31da-1d57-49b8-8b9c-f1f7a7a30ed1/upload_file
[16:43:41.694503 INFO] Saving report responded with {"id":"59c9323da2321800caed5d25","data_point_id":"910d31da-1d57-49b8-8b9c-f1f7a7a30ed1","display_name":"Finalization Script Log","type":"Report","created_at":"2017-09-25T16:43:41.646Z","updated_at":"2017-09-25T16:43:41.646Z"}
[16:43:41.705877 INFO] Finished /opt/openstudio/server/app/workers/run_simulate_data_point.rb
