Cleaning up data_point directory.
Original files:
total 22060
-rw-rw-rw- 1 root root     4385 Sep 25 16:43 910d31da-1d57-49b8-8b9c-f1f7a7a30ed1.log
-rw-rw-rw- 1 root root    66975 Sep 25 16:39 analysis.json
-rw-rw-rw- 1 root root     1030 Sep 25 16:39 data_point.json
-rw-rw-rw- 1 root root     2841 Sep 25 16:39 data_point.osw
-rw-rw-rw- 1 root root  4921996 Sep 25 16:40 in.idf
-rw-rw-rw- 1 root root 17408106 Sep 25 16:40 in.osm
-rw-rw-rw- 1 root root   158623 Sep 25 16:43 out.osw
drwxrwxrwx 2 root root     4096 Sep 25 16:43 reports
drwxrwxrwx 2 root root     4096 Sep 25 16:43 run
total 8008
-rw-rw-r-- 1 root root  672147 Sep 25 16:43 data_point.zip
-rw-rw-rw- 1 root root    8535 Sep 25 16:43 data_point_out.json
-rw-r--r-- 1 root root     587 Sep 25 16:43 datapoint_final.log
-rw-rw-rw- 1 root root  863008 Sep 25 16:43 enduse_timeseries.csv
-rw-rw-rw- 1 root root      99 Sep 25 16:41 eplusout.end
-rw-rw-rw- 1 root root   34087 Sep 25 16:41 eplusout.err
-rw-rw-rw- 1 root root   60054 Sep 25 16:41 eplusout.mtd
-rw-rw-rw- 1 root root   57386 Sep 25 16:40 eplusout.rdd
-rw-rw-rw- 1 root root  592236 Sep 25 16:41 eplustbl.htm
-rw-rw-rw- 1 root root      43 Sep 25 16:43 finished.job
-rw-rw-rw- 1 root root 4921996 Sep 25 16:40 in.idf
-rw-rw-rw- 1 root root    8535 Sep 25 16:43 measure_attributes.json
-rw-rw-rw- 1 root root   27237 Sep 25 16:39 measures.osw
-rw-rw-rw- 1 root root       3 Sep 25 16:43 objectives.json
-rw-rw-rw- 1 root root    8535 Sep 25 16:43 results.json
-rw-rw-rw- 1 root root  876831 Sep 25 16:43 run.log
-rw-rw-rw- 1 root root      49 Sep 25 16:40 sqlite.err
-rw-rw-rw- 1 root root      42 Sep 25 16:39 started.job
-rw-rw-rw- 1 root root    2351 Sep 25 16:41 stdout-energyplus
-rw-rw-rw- 1 root root      91 Sep 25 16:40 stdout-expandobject
7.9M	data_point_910d31da-1d57-49b8-8b9c-f1f7a7a30ed1/run
584K	data_point_910d31da-1d57-49b8-8b9c-f1f7a7a30ed1/reports
30M	data_point_910d31da-1d57-49b8-8b9c-f1f7a7a30ed1
Final files:
total 248
-rw-rw-rw- 1 root root   4385 Sep 25 16:43 910d31da-1d57-49b8-8b9c-f1f7a7a30ed1.log
-rw-rw-rw- 1 root root  66975 Sep 25 16:39 analysis.json
-rw-rw-rw- 1 root root   1030 Sep 25 16:39 data_point.json
-rw-rw-rw- 1 root root   2841 Sep 25 16:39 data_point.osw
-rw-rw-rw- 1 root root 158623 Sep 25 16:43 out.osw
drwxrwxrwx 2 root root   4096 Sep 25 16:43 reports
drwxrwxrwx 2 root root   4096 Sep 25 16:43 run
total 1508
-rw-rw-r-- 1 root root 672147 Sep 25 16:43 data_point.zip
-rw-r--r-- 1 root root   2375 Sep 25 16:43 datapoint_final.log
-rw-rw-rw- 1 root root 863008 Sep 25 16:43 enduse_timeseries.csv
1.5M	data_point_910d31da-1d57-49b8-8b9c-f1f7a7a30ed1/run
584K	data_point_910d31da-1d57-49b8-8b9c-f1f7a7a30ed1/reports
2.3M	data_point_910d31da-1d57-49b8-8b9c-f1f7a7a30ed1
