# Logfile created on 2017-09-25 16:36:12 +0000 by logger.rb/47272
[16:36:12.026302 INFO] Server host is http://web:80
[16:36:12.026380 INFO] Analysis directory is /mnt/openstudio/analysis_fe821d2c-df1e-4105-9ee6-6c7fef1463ae
[16:36:12.026440 INFO] Simulation directory is /mnt/openstudio/analysis_fe821d2c-df1e-4105-9ee6-6c7fef1463ae/data_point_6e82ea14-ae30-428b-b31e-196a2ab1c016
[16:36:12.026472 INFO] Run datapoint type/file is workflow
[16:36:12.026502 INFO] Starting initialize_worker for datapoint 6e82ea14-ae30-428b-b31e-196a2ab1c016
[16:36:12.026659 INFO] Downloading analysis zip from http://web:80/analyses/fe821d2c-df1e-4105-9ee6-6c7fef1463ae/download_analysis_zip
[16:36:35.750887 INFO] Extracting analysis zip to /mnt/openstudio/analysis_fe821d2c-df1e-4105-9ee6-6c7fef1463ae
[16:36:39.300927 INFO] Downloading analysis.json from http://web:80/analyses/fe821d2c-df1e-4105-9ee6-6c7fef1463ae.json
[16:38:05.985138 INFO] Found data point initialization file datapoint_init.sh.
[16:38:06.076659 INFO] Preparing to run initialization script /mnt/openstudio/analysis_fe821d2c-df1e-4105-9ee6-6c7fef1463ae/scripts/worker_initialization/datapoint_init.sh
[16:38:06.104995 INFO] Looking for argument file /mnt/openstudio/analysis_fe821d2c-df1e-4105-9ee6-6c7fef1463ae/scripts/worker_initialization/datapoint_init.args
[16:38:06.105107 INFO] argument file exists /mnt/openstudio/analysis_fe821d2c-df1e-4105-9ee6-6c7fef1463ae/scripts/worker_initialization/datapoint_init.args
[16:38:06.105293 INFO] arguments are ["https://s3.amazonaws.com/epwweatherfiles/project_resstock_efs.zip"]
[16:38:14.436694 INFO] Script returned with exit code 0 of class Fixnum
[16:38:14.436906 INFO] Finished worker initialization
[16:38:14.455765 INFO] Downloading datapoint from http://web:80/data_points/6e82ea14-ae30-428b-b31e-196a2ab1c016.json
[16:38:14.475650 INFO] Creating Workflow Manager instance
[16:38:14.475734 INFO] Directory is /mnt/openstudio/analysis_fe821d2c-df1e-4105-9ee6-6c7fef1463ae/data_point_6e82ea14-ae30-428b-b31e-196a2ab1c016
[16:38:14.475805 INFO] Opening run.log file '/mnt/openstudio/analysis_fe821d2c-df1e-4105-9ee6-6c7fef1463ae/data_point_6e82ea14-ae30-428b-b31e-196a2ab1c016/run/run.log'
[16:38:15.015093 INFO] Running workflow
[16:42:05.531276 INFO] Final run state is finished
[16:42:05.555037 INFO] Saving files/reports back to the server
[16:42:05.555339 INFO] Saving report /mnt/openstudio/analysis_fe821d2c-df1e-4105-9ee6-6c7fef1463ae/data_point_6e82ea14-ae30-428b-b31e-196a2ab1c016/reports/eplustbl.html to http://web:80/data_points/6e82ea14-ae30-428b-b31e-196a2ab1c016/upload_file
[16:42:05.658765 INFO] Saving report responded with {"id":"59c931dda2321800d2ed57e1","data_point_id":"6e82ea14-ae30-428b-b31e-196a2ab1c016","display_name":"eplustbl","type":"Report","created_at":"2017-09-25T16:42:05.623Z","updated_at":"2017-09-25T16:42:05.623Z"}
[16:42:05.659019 INFO] Saving report /mnt/openstudio/analysis_fe821d2c-df1e-4105-9ee6-6c7fef1463ae/data_point_6e82ea14-ae30-428b-b31e-196a2ab1c016/run/objectives.json to http://web:80/data_points/6e82ea14-ae30-428b-b31e-196a2ab1c016/upload_file
[16:42:05.698449 INFO] Saving report responded with {"id":"59c931dda2321800d2ed57e2","data_point_id":"6e82ea14-ae30-428b-b31e-196a2ab1c016","display_name":"objectives","type":"Report","created_at":"2017-09-25T16:42:05.674Z","updated_at":"2017-09-25T16:42:05.674Z"}
[16:42:05.698601 INFO] Saving report /mnt/openstudio/analysis_fe821d2c-df1e-4105-9ee6-6c7fef1463ae/data_point_6e82ea14-ae30-428b-b31e-196a2ab1c016/out.osw to http://web:80/data_points/6e82ea14-ae30-428b-b31e-196a2ab1c016/upload_file
[16:42:05.774290 INFO] Saving report responded with {"id":"59c931dda2321800d2ed57e3","data_point_id":"6e82ea14-ae30-428b-b31e-196a2ab1c016","display_name":"Final OSW File","type":"Report","created_at":"2017-09-25T16:42:05.712Z","updated_at":"2017-09-25T16:42:05.712Z"}
[16:42:05.774511 INFO] Saving report /mnt/openstudio/analysis_fe821d2c-df1e-4105-9ee6-6c7fef1463ae/data_point_6e82ea14-ae30-428b-b31e-196a2ab1c016/in.osm to http://web:80/data_points/6e82ea14-ae30-428b-b31e-196a2ab1c016/upload_file
[16:42:06.615353 INFO] Saving report responded with {"id":"59c931dea2321800caed5cbf","data_point_id":"6e82ea14-ae30-428b-b31e-196a2ab1c016","display_name":"model","type":"OpenStudio Model","created_at":"2017-09-25T16:42:06.541Z","updated_at":"2017-09-25T16:42:06.541Z"}
[16:42:06.615676 INFO] Saving report /mnt/openstudio/analysis_fe821d2c-df1e-4105-9ee6-6c7fef1463ae/data_point_6e82ea14-ae30-428b-b31e-196a2ab1c016/run/data_point.zip to http://web:80/data_points/6e82ea14-ae30-428b-b31e-196a2ab1c016/upload_file
[16:42:06.724906 INFO] Saving report responded with {"id":"59c931dea2321800caed5cc0","data_point_id":"6e82ea14-ae30-428b-b31e-196a2ab1c016","display_name":"Zip File","type":"Data Point","created_at":"2017-09-25T16:42:06.713Z","updated_at":"2017-09-25T16:42:06.713Z"}
[16:42:06.725410 INFO] Found data point finalization file datapoint_final.sh.
[16:42:06.725581 INFO] Preparing to run finalization script /mnt/openstudio/analysis_fe821d2c-df1e-4105-9ee6-6c7fef1463ae/scripts/worker_finalization/datapoint_final.sh
[16:42:06.725979 INFO] Looking for argument file /mnt/openstudio/analysis_fe821d2c-df1e-4105-9ee6-6c7fef1463ae/scripts/worker_finalization/datapoint_final.args
[16:42:06.726051 INFO] argument file exists /mnt/openstudio/analysis_fe821d2c-df1e-4105-9ee6-6c7fef1463ae/scripts/worker_finalization/datapoint_final.args
[16:42:06.726271 INFO] arguments are []
[16:42:06.775293 INFO] Script returned with exit code 0 of class Fixnum
[16:42:06.775500 INFO] Saving report /mnt/openstudio/analysis_fe821d2c-df1e-4105-9ee6-6c7fef1463ae/data_point_6e82ea14-ae30-428b-b31e-196a2ab1c016/run/datapoint_final.log to http://web:80/data_points/6e82ea14-ae30-428b-b31e-196a2ab1c016/upload_file
[16:42:06.826635 INFO] Saving report responded with {"id":"59c931dea2321800caed5cc1","data_point_id":"6e82ea14-ae30-428b-b31e-196a2ab1c016","display_name":"Finalization Script Log","type":"Report","created_at":"2017-09-25T16:42:06.806Z","updated_at":"2017-09-25T16:42:06.806Z"}
[16:42:06.835189 INFO] Finished /opt/openstudio/server/app/workers/run_simulate_data_point.rb
