Cleaning up data_point directory.
Original files:
total 21384
-rw-rw-rw- 1 root root     5490 Sep 25 16:42 6e82ea14-ae30-428b-b31e-196a2ab1c016.log
-rw-rw-rw- 1 root root    66975 Sep 25 16:38 analysis.json
-rw-rw-rw- 1 root root     1030 Sep 25 16:38 data_point.json
-rw-rw-rw- 1 root root     2841 Sep 25 16:38 data_point.osw
-rw-rw-rw- 1 root root  4474564 Sep 25 16:39 in.idf
-rw-rw-rw- 1 root root 17177637 Sep 25 16:39 in.osm
-rw-rw-rw- 1 root root   143402 Sep 25 16:42 out.osw
drwxrwxrwx 2 root root     4096 Sep 25 16:42 reports
drwxrwxrwx 2 root root     4096 Sep 25 16:42 run
total 7264
-rw-rw-r-- 1 root root  592729 Sep 25 16:42 data_point.zip
-rw-rw-rw- 1 root root    8421 Sep 25 16:42 data_point_out.json
-rw-r--r-- 1 root root     587 Sep 25 16:42 datapoint_final.log
-rw-r--r-- 1 root root   22244 Sep 25 16:38 datapoint_init.log
-rw-rw-rw- 1 root root  813642 Sep 25 16:42 enduse_timeseries.csv
-rw-rw-rw- 1 root root      99 Sep 25 16:40 eplusout.end
-rw-rw-rw- 1 root root   34569 Sep 25 16:40 eplusout.err
-rw-rw-rw- 1 root root   51997 Sep 25 16:40 eplusout.mtd
-rw-rw-rw- 1 root root   54519 Sep 25 16:39 eplusout.rdd
-rw-rw-rw- 1 root root  410422 Sep 25 16:40 eplustbl.htm
-rw-rw-rw- 1 root root      43 Sep 25 16:42 finished.job
-rw-rw-rw- 1 root root 4474564 Sep 25 16:39 in.idf
-rw-rw-rw- 1 root root    8421 Sep 25 16:42 measure_attributes.json
-rw-rw-rw- 1 root root   26119 Sep 25 16:38 measures.osw
-rw-rw-rw- 1 root root       3 Sep 25 16:42 objectives.json
-rw-rw-rw- 1 root root    8421 Sep 25 16:42 results.json
-rw-rw-rw- 1 root root  860483 Sep 25 16:42 run.log
-rw-rw-rw- 1 root root      49 Sep 25 16:39 sqlite.err
-rw-rw-rw- 1 root root      42 Sep 25 16:38 started.job
-rw-rw-rw- 1 root root    2336 Sep 25 16:40 stdout-energyplus
-rw-rw-rw- 1 root root      91 Sep 25 16:39 stdout-expandobject
7.1M	data_point_6e82ea14-ae30-428b-b31e-196a2ab1c016/run
408K	data_point_6e82ea14-ae30-428b-b31e-196a2ab1c016/reports
29M	data_point_6e82ea14-ae30-428b-b31e-196a2ab1c016
Final files:
total 236
-rw-rw-rw- 1 root root   5490 Sep 25 16:42 6e82ea14-ae30-428b-b31e-196a2ab1c016.log
-rw-rw-rw- 1 root root  66975 Sep 25 16:38 analysis.json
-rw-rw-rw- 1 root root   1030 Sep 25 16:38 data_point.json
-rw-rw-rw- 1 root root   2841 Sep 25 16:38 data_point.osw
-rw-rw-rw- 1 root root 143402 Sep 25 16:42 out.osw
drwxrwxrwx 2 root root   4096 Sep 25 16:42 reports
drwxrwxrwx 2 root root   4096 Sep 25 16:42 run
total 1404
-rw-rw-r-- 1 root root 592729 Sep 25 16:42 data_point.zip
-rw-r--r-- 1 root root   2438 Sep 25 16:42 datapoint_final.log
-rw-r--r-- 1 root root  22244 Sep 25 16:38 datapoint_init.log
-rw-rw-rw- 1 root root 813642 Sep 25 16:42 enduse_timeseries.csv
1.4M	data_point_6e82ea14-ae30-428b-b31e-196a2ab1c016/run
408K	data_point_6e82ea14-ae30-428b-b31e-196a2ab1c016/reports
2.0M	data_point_6e82ea14-ae30-428b-b31e-196a2ab1c016
