# Logfile created on 2017-09-25 16:35:43 +0000 by logger.rb/47272
[16:35:43.016472 INFO] Server host is http://web:80
[16:35:43.016554 INFO] Analysis directory is /mnt/openstudio/analysis_fe821d2c-df1e-4105-9ee6-6c7fef1463ae
[16:35:43.016632 INFO] Simulation directory is /mnt/openstudio/analysis_fe821d2c-df1e-4105-9ee6-6c7fef1463ae/data_point_5376a934-4463-4463-8bd7-55f4226d368f
[16:35:43.016668 INFO] Run datapoint type/file is workflow
[16:35:43.016694 INFO] Starting initialize_worker for datapoint 5376a934-4463-4463-8bd7-55f4226d368f
[16:35:43.016748 INFO] receipt_file already exists, moving on
[16:35:43.020489 INFO] Downloading datapoint from http://web:80/data_points/5376a934-4463-4463-8bd7-55f4226d368f.json
[16:35:43.330242 INFO] Creating Workflow Manager instance
[16:35:43.330396 INFO] Directory is /mnt/openstudio/analysis_fe821d2c-df1e-4105-9ee6-6c7fef1463ae/data_point_5376a934-4463-4463-8bd7-55f4226d368f
[16:35:43.330490 INFO] Opening run.log file '/mnt/openstudio/analysis_fe821d2c-df1e-4105-9ee6-6c7fef1463ae/data_point_5376a934-4463-4463-8bd7-55f4226d368f/run/run.log'
[16:35:43.347761 INFO] Running workflow
[16:40:36.084314 INFO] Final run state is finished
[16:40:36.101204 INFO] Saving files/reports back to the server
[16:40:36.101436 INFO] Saving report /mnt/openstudio/analysis_fe821d2c-df1e-4105-9ee6-6c7fef1463ae/data_point_5376a934-4463-4463-8bd7-55f4226d368f/reports/eplustbl.html to http://web:80/data_points/5376a934-4463-4463-8bd7-55f4226d368f/upload_file
[16:40:36.146810 INFO] Saving report responded with {"id":"59c93184a2321800d2ed57da","data_point_id":"5376a934-4463-4463-8bd7-55f4226d368f","display_name":"eplustbl","type":"Report","created_at":"2017-09-25T16:40:36.135Z","updated_at":"2017-09-25T16:40:36.135Z"}
[16:40:36.147090 INFO] Saving report /mnt/openstudio/analysis_fe821d2c-df1e-4105-9ee6-6c7fef1463ae/data_point_5376a934-4463-4463-8bd7-55f4226d368f/run/objectives.json to http://web:80/data_points/5376a934-4463-4463-8bd7-55f4226d368f/upload_file
[16:40:36.177914 INFO] Saving report responded with {"id":"59c93184a2321800d2ed57db","data_point_id":"5376a934-4463-4463-8bd7-55f4226d368f","display_name":"objectives","type":"Report","created_at":"2017-09-25T16:40:36.167Z","updated_at":"2017-09-25T16:40:36.167Z"}
[16:40:36.178211 INFO] Saving report /mnt/openstudio/analysis_fe821d2c-df1e-4105-9ee6-6c7fef1463ae/data_point_5376a934-4463-4463-8bd7-55f4226d368f/out.osw to http://web:80/data_points/5376a934-4463-4463-8bd7-55f4226d368f/upload_file
[16:40:36.220406 INFO] Saving report responded with {"id":"59c93184a2321800d2ed57dc","data_point_id":"5376a934-4463-4463-8bd7-55f4226d368f","display_name":"Final OSW File","type":"Report","created_at":"2017-09-25T16:40:36.207Z","updated_at":"2017-09-25T16:40:36.207Z"}
[16:40:36.220708 INFO] Saving report /mnt/openstudio/analysis_fe821d2c-df1e-4105-9ee6-6c7fef1463ae/data_point_5376a934-4463-4463-8bd7-55f4226d368f/in.osm to http://web:80/data_points/5376a934-4463-4463-8bd7-55f4226d368f/upload_file
[16:40:37.123077 INFO] Saving report responded with {"id":"59c93185a2321800d2ed57dd","data_point_id":"5376a934-4463-4463-8bd7-55f4226d368f","display_name":"model","type":"OpenStudio Model","created_at":"2017-09-25T16:40:37.018Z","updated_at":"2017-09-25T16:40:37.018Z"}
[16:40:37.123381 INFO] Saving report /mnt/openstudio/analysis_fe821d2c-df1e-4105-9ee6-6c7fef1463ae/data_point_5376a934-4463-4463-8bd7-55f4226d368f/run/data_point.zip to http://web:80/data_points/5376a934-4463-4463-8bd7-55f4226d368f/upload_file
[16:40:37.227765 INFO] Saving report responded with {"id":"59c93185a2321800d2ed57de","data_point_id":"5376a934-4463-4463-8bd7-55f4226d368f","display_name":"Zip File","type":"Data Point","created_at":"2017-09-25T16:40:37.167Z","updated_at":"2017-09-25T16:40:37.167Z"}
[16:40:37.240924 INFO] Found data point finalization file datapoint_final.sh.
[16:40:37.241358 INFO] Preparing to run finalization script /mnt/openstudio/analysis_fe821d2c-df1e-4105-9ee6-6c7fef1463ae/scripts/worker_finalization/datapoint_final.sh
[16:40:37.242465 INFO] Looking for argument file /mnt/openstudio/analysis_fe821d2c-df1e-4105-9ee6-6c7fef1463ae/scripts/worker_finalization/datapoint_final.args
[16:40:37.242579 INFO] argument file exists /mnt/openstudio/analysis_fe821d2c-df1e-4105-9ee6-6c7fef1463ae/scripts/worker_finalization/datapoint_final.args
[16:40:37.248872 INFO] arguments are []
[16:40:37.330557 INFO] Script returned with exit code 0 of class Fixnum
[16:40:37.330868 INFO] Saving report /mnt/openstudio/analysis_fe821d2c-df1e-4105-9ee6-6c7fef1463ae/data_point_5376a934-4463-4463-8bd7-55f4226d368f/run/datapoint_final.log to http://web:80/data_points/5376a934-4463-4463-8bd7-55f4226d368f/upload_file
[16:40:37.397745 INFO] Saving report responded with {"id":"59c93185a2321800d2ed57df","data_point_id":"5376a934-4463-4463-8bd7-55f4226d368f","display_name":"Finalization Script Log","type":"Report","created_at":"2017-09-25T16:40:37.374Z","updated_at":"2017-09-25T16:40:37.374Z"}
[16:40:37.407770 INFO] Finished /opt/openstudio/server/app/workers/run_simulate_data_point.rb
