Cleaning up data_point directory.
Original files:
total 22084
-rw-rw-rw- 1 root root     4385 Sep 25 16:40 5376a934-4463-4463-8bd7-55f4226d368f.log
-rw-rw-rw- 1 root root    66975 Sep 25 16:35 analysis.json
-rw-rw-rw- 1 root root     1030 Sep 25 16:35 data_point.json
-rw-rw-rw- 1 root root     2841 Sep 25 16:35 data_point.osw
-rw-rw-rw- 1 root root  4933535 Sep 25 16:36 in.idf
-rw-rw-rw- 1 root root 17416359 Sep 25 16:36 in.osm
-rw-rw-rw- 1 root root   161451 Sep 25 16:40 out.osw
drwxrwxrwx 2 root root     4096 Sep 25 16:40 reports
drwxrwxrwx 2 root root     4096 Sep 25 16:40 run
total 7928
-rw-rw-r-- 1 root root  655634 Sep 25 16:40 data_point.zip
-rw-rw-rw- 1 root root    8368 Sep 25 16:40 data_point_out.json
-rw-r--r-- 1 root root     587 Sep 25 16:40 datapoint_final.log
-rw-rw-rw- 1 root root  782125 Sep 25 16:40 enduse_timeseries.csv
-rw-rw-rw- 1 root root     102 Sep 25 16:38 eplusout.end
-rw-rw-rw- 1 root root   35468 Sep 25 16:38 eplusout.err
-rw-rw-rw- 1 root root   58550 Sep 25 16:38 eplusout.mtd
-rw-rw-rw- 1 root root   55512 Sep 25 16:37 eplusout.rdd
-rw-rw-rw- 1 root root  598847 Sep 25 16:38 eplustbl.htm
-rw-rw-rw- 1 root root      43 Sep 25 16:40 finished.job
-rw-rw-rw- 1 root root 4933535 Sep 25 16:36 in.idf
-rw-rw-rw- 1 root root    8368 Sep 25 16:40 measure_attributes.json
-rw-rw-rw- 1 root root   27620 Sep 25 16:35 measures.osw
-rw-rw-rw- 1 root root       3 Sep 25 16:40 objectives.json
-rw-rw-rw- 1 root root    8368 Sep 25 16:40 results.json
-rw-rw-rw- 1 root root  877931 Sep 25 16:40 run.log
-rw-rw-rw- 1 root root      49 Sep 25 16:37 sqlite.err
-rw-rw-rw- 1 root root      42 Sep 25 16:35 started.job
-rw-rw-rw- 1 root root    2351 Sep 25 16:38 stdout-energyplus
-rw-rw-rw- 1 root root      91 Sep 25 16:37 stdout-expandobject
7.8M	data_point_5376a934-4463-4463-8bd7-55f4226d368f/run
592K	data_point_5376a934-4463-4463-8bd7-55f4226d368f/reports
30M	data_point_5376a934-4463-4463-8bd7-55f4226d368f
Final files:
total 252
-rw-rw-rw- 1 root root   4385 Sep 25 16:40 5376a934-4463-4463-8bd7-55f4226d368f.log
-rw-rw-rw- 1 root root  66975 Sep 25 16:35 analysis.json
-rw-rw-rw- 1 root root   1030 Sep 25 16:35 data_point.json
-rw-rw-rw- 1 root root   2841 Sep 25 16:35 data_point.osw
-rw-rw-rw- 1 root root 161451 Sep 25 16:40 out.osw
drwxrwxrwx 2 root root   4096 Sep 25 16:40 reports
drwxrwxrwx 2 root root   4096 Sep 25 16:40 run
total 1412
-rw-rw-r-- 1 root root 655634 Sep 25 16:40 data_point.zip
-rw-r--r-- 1 root root   2375 Sep 25 16:40 datapoint_final.log
-rw-rw-rw- 1 root root 782125 Sep 25 16:40 enduse_timeseries.csv
1.4M	data_point_5376a934-4463-4463-8bd7-55f4226d368f/run
592K	data_point_5376a934-4463-4463-8bd7-55f4226d368f/reports
2.3M	data_point_5376a934-4463-4463-8bd7-55f4226d368f
