Cleaning up data_point directory.
Original files:
total 21740
-rw-rw-rw- 1 root root    66975 Sep 25 16:35 analysis.json
-rw-rw-rw- 1 root root     1030 Sep 25 16:35 data_point.json
-rw-rw-rw- 1 root root     2841 Sep 25 16:35 data_point.osw
-rw-rw-rw- 1 root root     4385 Sep 25 16:39 e5bc73b8-9fde-41b8-8c00-59048461008f.log
-rw-rw-rw- 1 root root  4628834 Sep 25 16:36 in.idf
-rw-rw-rw- 1 root root 17376761 Sep 25 16:36 in.osm
-rw-rw-rw- 1 root root   153087 Sep 25 16:39 out.osw
drwxrwxrwx 2 root root     4096 Sep 25 16:39 reports
drwxrwxrwx 2 root root     4096 Sep 25 16:39 run
total 7516
-rw-rw-r-- 1 root root  623393 Sep 25 16:39 data_point.zip
-rw-rw-rw- 1 root root    8421 Sep 25 16:39 data_point_out.json
-rw-r--r-- 1 root root     587 Sep 25 16:39 datapoint_final.log
-rw-rw-rw- 1 root root  783654 Sep 25 16:39 enduse_timeseries.csv
-rw-rw-rw- 1 root root     102 Sep 25 16:38 eplusout.end
-rw-rw-rw- 1 root root   34471 Sep 25 16:38 eplusout.err
-rw-rw-rw- 1 root root   56942 Sep 25 16:38 eplusout.mtd
-rw-rw-rw- 1 root root   55122 Sep 25 16:37 eplusout.rdd
-rw-rw-rw- 1 root root  522737 Sep 25 16:38 eplustbl.htm
-rw-rw-rw- 1 root root      43 Sep 25 16:39 finished.job
-rw-rw-rw- 1 root root 4628834 Sep 25 16:36 in.idf
-rw-rw-rw- 1 root root    8421 Sep 25 16:39 measure_attributes.json
-rw-rw-rw- 1 root root   27549 Sep 25 16:35 measures.osw
-rw-rw-rw- 1 root root       3 Sep 25 16:39 objectives.json
-rw-rw-rw- 1 root root    8421 Sep 25 16:39 results.json
-rw-rw-rw- 1 root root  870357 Sep 25 16:39 run.log
-rw-rw-rw- 1 root root      49 Sep 25 16:37 sqlite.err
-rw-rw-rw- 1 root root      42 Sep 25 16:35 started.job
-rw-rw-rw- 1 root root    2366 Sep 25 16:38 stdout-energyplus
-rw-rw-rw- 1 root root      91 Sep 25 16:37 stdout-expandobject
7.4M	data_point_e5bc73b8-9fde-41b8-8c00-59048461008f/run
516K	data_point_e5bc73b8-9fde-41b8-8c00-59048461008f/reports
30M	data_point_e5bc73b8-9fde-41b8-8c00-59048461008f
Final files:
total 244
-rw-rw-rw- 1 root root  66975 Sep 25 16:35 analysis.json
-rw-rw-rw- 1 root root   1030 Sep 25 16:35 data_point.json
-rw-rw-rw- 1 root root   2841 Sep 25 16:35 data_point.osw
-rw-rw-rw- 1 root root   4385 Sep 25 16:39 e5bc73b8-9fde-41b8-8c00-59048461008f.log
-rw-rw-rw- 1 root root 153087 Sep 25 16:39 out.osw
drwxrwxrwx 2 root root   4096 Sep 25 16:39 reports
drwxrwxrwx 2 root root   4096 Sep 25 16:39 run
total 1384
-rw-rw-r-- 1 root root 623393 Sep 25 16:39 data_point.zip
-rw-r--r-- 1 root root   2375 Sep 25 16:39 datapoint_final.log
-rw-rw-rw- 1 root root 783654 Sep 25 16:39 enduse_timeseries.csv
1.4M	data_point_e5bc73b8-9fde-41b8-8c00-59048461008f/run
516K	data_point_e5bc73b8-9fde-41b8-8c00-59048461008f/reports
2.1M	data_point_e5bc73b8-9fde-41b8-8c00-59048461008f
