# Logfile created on 2017-09-25 16:35:43 +0000 by logger.rb/47272
[16:35:43.657896 INFO] Server host is http://web:80
[16:35:43.658003 INFO] Analysis directory is /mnt/openstudio/analysis_fe821d2c-df1e-4105-9ee6-6c7fef1463ae
[16:35:43.658095 INFO] Simulation directory is /mnt/openstudio/analysis_fe821d2c-df1e-4105-9ee6-6c7fef1463ae/data_point_e5bc73b8-9fde-41b8-8c00-59048461008f
[16:35:43.658145 INFO] Run datapoint type/file is workflow
[16:35:43.658195 INFO] Starting initialize_worker for datapoint e5bc73b8-9fde-41b8-8c00-59048461008f
[16:35:43.658286 INFO] receipt_file already exists, moving on
[16:35:43.823774 INFO] Downloading datapoint from http://web:80/data_points/e5bc73b8-9fde-41b8-8c00-59048461008f.json
[16:35:43.832831 INFO] Creating Workflow Manager instance
[16:35:43.832898 INFO] Directory is /mnt/openstudio/analysis_fe821d2c-df1e-4105-9ee6-6c7fef1463ae/data_point_e5bc73b8-9fde-41b8-8c00-59048461008f
[16:35:43.832953 INFO] Opening run.log file '/mnt/openstudio/analysis_fe821d2c-df1e-4105-9ee6-6c7fef1463ae/data_point_e5bc73b8-9fde-41b8-8c00-59048461008f/run/run.log'
[16:35:43.843247 INFO] Running workflow
[16:39:56.484158 INFO] Final run state is finished
[16:39:56.507312 INFO] Saving files/reports back to the server
[16:39:56.507580 INFO] Saving report /mnt/openstudio/analysis_fe821d2c-df1e-4105-9ee6-6c7fef1463ae/data_point_e5bc73b8-9fde-41b8-8c00-59048461008f/reports/eplustbl.html to http://web:80/data_points/e5bc73b8-9fde-41b8-8c00-59048461008f/upload_file
[16:39:56.576414 INFO] Saving report responded with {"id":"59c9315ca2321800d2ed57bd","data_point_id":"e5bc73b8-9fde-41b8-8c00-59048461008f","display_name":"eplustbl","type":"Report","created_at":"2017-09-25T16:39:56.567Z","updated_at":"2017-09-25T16:39:56.567Z"}
[16:39:56.576638 INFO] Saving report /mnt/openstudio/analysis_fe821d2c-df1e-4105-9ee6-6c7fef1463ae/data_point_e5bc73b8-9fde-41b8-8c00-59048461008f/run/objectives.json to http://web:80/data_points/e5bc73b8-9fde-41b8-8c00-59048461008f/upload_file
[16:39:56.608707 INFO] Saving report responded with {"id":"59c9315ca2321800d2ed57be","data_point_id":"e5bc73b8-9fde-41b8-8c00-59048461008f","display_name":"objectives","type":"Report","created_at":"2017-09-25T16:39:56.597Z","updated_at":"2017-09-25T16:39:56.597Z"}
[16:39:56.608914 INFO] Saving report /mnt/openstudio/analysis_fe821d2c-df1e-4105-9ee6-6c7fef1463ae/data_point_e5bc73b8-9fde-41b8-8c00-59048461008f/out.osw to http://web:80/data_points/e5bc73b8-9fde-41b8-8c00-59048461008f/upload_file
[16:39:56.673439 INFO] Saving report responded with {"id":"59c9315ca2321800d2ed57bf","data_point_id":"e5bc73b8-9fde-41b8-8c00-59048461008f","display_name":"Final OSW File","type":"Report","created_at":"2017-09-25T16:39:56.654Z","updated_at":"2017-09-25T16:39:56.654Z"}
[16:39:56.673673 INFO] Saving report /mnt/openstudio/analysis_fe821d2c-df1e-4105-9ee6-6c7fef1463ae/data_point_e5bc73b8-9fde-41b8-8c00-59048461008f/in.osm to http://web:80/data_points/e5bc73b8-9fde-41b8-8c00-59048461008f/upload_file
[16:39:57.705578 INFO] Saving report responded with {"id":"59c9315da2321800caed5c6c","data_point_id":"e5bc73b8-9fde-41b8-8c00-59048461008f","display_name":"model","type":"OpenStudio Model","created_at":"2017-09-25T16:39:57.597Z","updated_at":"2017-09-25T16:39:57.597Z"}
[16:39:57.705836 INFO] Saving report /mnt/openstudio/analysis_fe821d2c-df1e-4105-9ee6-6c7fef1463ae/data_point_e5bc73b8-9fde-41b8-8c00-59048461008f/run/data_point.zip to http://web:80/data_points/e5bc73b8-9fde-41b8-8c00-59048461008f/upload_file
[16:39:57.847170 INFO] Saving report responded with {"id":"59c9315da2321800caed5c6d","data_point_id":"e5bc73b8-9fde-41b8-8c00-59048461008f","display_name":"Zip File","type":"Data Point","created_at":"2017-09-25T16:39:57.836Z","updated_at":"2017-09-25T16:39:57.836Z"}
[16:39:57.847592 INFO] Found data point finalization file datapoint_final.sh.
[16:39:57.847760 INFO] Preparing to run finalization script /mnt/openstudio/analysis_fe821d2c-df1e-4105-9ee6-6c7fef1463ae/scripts/worker_finalization/datapoint_final.sh
[16:39:57.848103 INFO] Looking for argument file /mnt/openstudio/analysis_fe821d2c-df1e-4105-9ee6-6c7fef1463ae/scripts/worker_finalization/datapoint_final.args
[16:39:57.848153 INFO] argument file exists /mnt/openstudio/analysis_fe821d2c-df1e-4105-9ee6-6c7fef1463ae/scripts/worker_finalization/datapoint_final.args
[16:39:57.848327 INFO] arguments are []
[16:39:57.937836 INFO] Script returned with exit code 0 of class Fixnum
[16:39:57.938165 INFO] Saving report /mnt/openstudio/analysis_fe821d2c-df1e-4105-9ee6-6c7fef1463ae/data_point_e5bc73b8-9fde-41b8-8c00-59048461008f/run/datapoint_final.log to http://web:80/data_points/e5bc73b8-9fde-41b8-8c00-59048461008f/upload_file
[16:39:58.013794 INFO] Saving report responded with {"id":"59c9315da2321800d2ed57c5","data_point_id":"e5bc73b8-9fde-41b8-8c00-59048461008f","display_name":"Finalization Script Log","type":"Report","created_at":"2017-09-25T16:39:57.985Z","updated_at":"2017-09-25T16:39:57.985Z"}
[16:39:58.022349 INFO] Finished /opt/openstudio/server/app/workers/run_simulate_data_point.rb
