# Logfile created on 2017-09-25 16:39:13 +0000 by logger.rb/47272
[16:39:13.821484 INFO] Server host is http://web:80
[16:39:13.821564 INFO] Analysis directory is /mnt/openstudio/analysis_fe821d2c-df1e-4105-9ee6-6c7fef1463ae
[16:39:13.821633 INFO] Simulation directory is /mnt/openstudio/analysis_fe821d2c-df1e-4105-9ee6-6c7fef1463ae/data_point_3495998e-24f1-47c4-9c26-e3f819297055
[16:39:13.821675 INFO] Run datapoint type/file is workflow
[16:39:13.821711 INFO] Starting initialize_worker for datapoint 3495998e-24f1-47c4-9c26-e3f819297055
[16:39:13.821786 INFO] receipt_file already exists, moving on
[16:39:13.827514 INFO] Downloading datapoint from http://web:80/data_points/3495998e-24f1-47c4-9c26-e3f819297055.json
[16:39:13.840164 INFO] Creating Workflow Manager instance
[16:39:13.840245 INFO] Directory is /mnt/openstudio/analysis_fe821d2c-df1e-4105-9ee6-6c7fef1463ae/data_point_3495998e-24f1-47c4-9c26-e3f819297055
[16:39:13.840316 INFO] Opening run.log file '/mnt/openstudio/analysis_fe821d2c-df1e-4105-9ee6-6c7fef1463ae/data_point_3495998e-24f1-47c4-9c26-e3f819297055/run/run.log'
[16:39:13.854378 INFO] Running workflow
[16:43:15.775815 INFO] Final run state is finished
[16:43:15.802797 INFO] Saving files/reports back to the server
[16:43:15.803174 INFO] Saving report /mnt/openstudio/analysis_fe821d2c-df1e-4105-9ee6-6c7fef1463ae/data_point_3495998e-24f1-47c4-9c26-e3f819297055/reports/eplustbl.html to http://web:80/data_points/3495998e-24f1-47c4-9c26-e3f819297055/upload_file
[16:43:15.838799 INFO] Saving report responded with {"id":"59c93223a2321800caed5cfe","data_point_id":"3495998e-24f1-47c4-9c26-e3f819297055","display_name":"eplustbl","type":"Report","created_at":"2017-09-25T16:43:15.829Z","updated_at":"2017-09-25T16:43:15.829Z"}
[16:43:15.839120 INFO] Saving report /mnt/openstudio/analysis_fe821d2c-df1e-4105-9ee6-6c7fef1463ae/data_point_3495998e-24f1-47c4-9c26-e3f819297055/run/objectives.json to http://web:80/data_points/3495998e-24f1-47c4-9c26-e3f819297055/upload_file
[16:43:15.870406 INFO] Saving report responded with {"id":"59c93223a2321800caed5cff","data_point_id":"3495998e-24f1-47c4-9c26-e3f819297055","display_name":"objectives","type":"Report","created_at":"2017-09-25T16:43:15.859Z","updated_at":"2017-09-25T16:43:15.859Z"}
[16:43:15.870709 INFO] Saving report /mnt/openstudio/analysis_fe821d2c-df1e-4105-9ee6-6c7fef1463ae/data_point_3495998e-24f1-47c4-9c26-e3f819297055/out.osw to http://web:80/data_points/3495998e-24f1-47c4-9c26-e3f819297055/upload_file
[16:43:15.898859 INFO] Saving report responded with {"id":"59c93223a2321800caed5d00","data_point_id":"3495998e-24f1-47c4-9c26-e3f819297055","display_name":"Final OSW File","type":"Report","created_at":"2017-09-25T16:43:15.889Z","updated_at":"2017-09-25T16:43:15.889Z"}
[16:43:15.899171 INFO] Saving report /mnt/openstudio/analysis_fe821d2c-df1e-4105-9ee6-6c7fef1463ae/data_point_3495998e-24f1-47c4-9c26-e3f819297055/in.osm to http://web:80/data_points/3495998e-24f1-47c4-9c26-e3f819297055/upload_file
[16:43:16.662810 INFO] Saving report responded with {"id":"59c93224a2321800caed5d01","data_point_id":"3495998e-24f1-47c4-9c26-e3f819297055","display_name":"model","type":"OpenStudio Model","created_at":"2017-09-25T16:43:16.483Z","updated_at":"2017-09-25T16:43:16.483Z"}
[16:43:16.663243 INFO] Saving report /mnt/openstudio/analysis_fe821d2c-df1e-4105-9ee6-6c7fef1463ae/data_point_3495998e-24f1-47c4-9c26-e3f819297055/run/data_point.zip to http://web:80/data_points/3495998e-24f1-47c4-9c26-e3f819297055/upload_file
[16:43:16.798372 INFO] Saving report responded with {"id":"59c93224a2321800caed5d02","data_point_id":"3495998e-24f1-47c4-9c26-e3f819297055","display_name":"Zip File","type":"Data Point","created_at":"2017-09-25T16:43:16.772Z","updated_at":"2017-09-25T16:43:16.772Z"}
[16:43:16.799103 INFO] Found data point finalization file datapoint_final.sh.
[16:43:16.799316 INFO] Preparing to run finalization script /mnt/openstudio/analysis_fe821d2c-df1e-4105-9ee6-6c7fef1463ae/scripts/worker_finalization/datapoint_final.sh
[16:43:16.799566 INFO] Looking for argument file /mnt/openstudio/analysis_fe821d2c-df1e-4105-9ee6-6c7fef1463ae/scripts/worker_finalization/datapoint_final.args
[16:43:16.799637 INFO] argument file exists /mnt/openstudio/analysis_fe821d2c-df1e-4105-9ee6-6c7fef1463ae/scripts/worker_finalization/datapoint_final.args
[16:43:16.799724 INFO] arguments are []
[16:43:16.873995 INFO] Script returned with exit code 0 of class Fixnum
[16:43:16.874353 INFO] Saving report /mnt/openstudio/analysis_fe821d2c-df1e-4105-9ee6-6c7fef1463ae/data_point_3495998e-24f1-47c4-9c26-e3f819297055/run/datapoint_final.log to http://web:80/data_points/3495998e-24f1-47c4-9c26-e3f819297055/upload_file
[16:43:16.899521 INFO] Saving report responded with {"id":"59c93224a2321800caed5d03","data_point_id":"3495998e-24f1-47c4-9c26-e3f819297055","display_name":"Finalization Script Log","type":"Report","created_at":"2017-09-25T16:43:16.889Z","updated_at":"2017-09-25T16:43:16.889Z"}
[16:43:16.911159 INFO] Finished /opt/openstudio/server/app/workers/run_simulate_data_point.rb
