Cleaning up data_point directory.
Original files:
total 21644
-rw-rw-rw- 1 root root     4385 Sep 25 16:43 3495998e-24f1-47c4-9c26-e3f819297055.log
-rw-rw-rw- 1 root root    66975 Sep 25 16:39 analysis.json
-rw-rw-rw- 1 root root     1030 Sep 25 16:39 data_point.json
-rw-rw-rw- 1 root root     2841 Sep 25 16:39 data_point.osw
-rw-rw-rw- 1 root root  4592839 Sep 25 16:40 in.idf
-rw-rw-rw- 1 root root 17325447 Sep 25 16:40 in.osm
-rw-rw-rw- 1 root root   145405 Sep 25 16:43 out.osw
drwxrwxrwx 2 root root     4096 Sep 25 16:43 reports
drwxrwxrwx 2 root root     4096 Sep 25 16:43 run
total 7480
-rw-rw-r-- 1 root root  647511 Sep 25 16:43 data_point.zip
-rw-rw-rw- 1 root root    8442 Sep 25 16:43 data_point_out.json
-rw-r--r-- 1 root root     587 Sep 25 16:43 datapoint_final.log
-rw-rw-rw- 1 root root  872319 Sep 25 16:43 enduse_timeseries.csv
-rw-rw-rw- 1 root root     102 Sep 25 16:41 eplusout.end
-rw-rw-rw- 1 root root   33478 Sep 25 16:41 eplusout.err
-rw-rw-rw- 1 root root   55648 Sep 25 16:41 eplusout.mtd
-rw-rw-rw- 1 root root   55614 Sep 25 16:40 eplusout.rdd
-rw-rw-rw- 1 root root  418180 Sep 25 16:41 eplustbl.htm
-rw-rw-rw- 1 root root      43 Sep 25 16:43 finished.job
-rw-rw-rw- 1 root root 4592839 Sep 25 16:40 in.idf
-rw-rw-rw- 1 root root    8442 Sep 25 16:43 measure_attributes.json
-rw-rw-rw- 1 root root   27788 Sep 25 16:39 measures.osw
-rw-rw-rw- 1 root root       3 Sep 25 16:43 objectives.json
-rw-rw-rw- 1 root root    8442 Sep 25 16:43 results.json
-rw-rw-rw- 1 root root  863408 Sep 25 16:43 run.log
-rw-rw-rw- 1 root root      49 Sep 25 16:40 sqlite.err
-rw-rw-rw- 1 root root      42 Sep 25 16:39 started.job
-rw-rw-rw- 1 root root    2336 Sep 25 16:41 stdout-energyplus
-rw-rw-rw- 1 root root      91 Sep 25 16:40 stdout-expandobject
7.4M	data_point_3495998e-24f1-47c4-9c26-e3f819297055/run
416K	data_point_3495998e-24f1-47c4-9c26-e3f819297055/reports
29M	data_point_3495998e-24f1-47c4-9c26-e3f819297055
Final files:
total 236
-rw-rw-rw- 1 root root   4385 Sep 25 16:43 3495998e-24f1-47c4-9c26-e3f819297055.log
-rw-rw-rw- 1 root root  66975 Sep 25 16:39 analysis.json
-rw-rw-rw- 1 root root   1030 Sep 25 16:39 data_point.json
-rw-rw-rw- 1 root root   2841 Sep 25 16:39 data_point.osw
-rw-rw-rw- 1 root root 145405 Sep 25 16:43 out.osw
drwxrwxrwx 2 root root   4096 Sep 25 16:43 reports
drwxrwxrwx 2 root root   4096 Sep 25 16:43 run
total 1492
-rw-rw-r-- 1 root root 647511 Sep 25 16:43 data_point.zip
-rw-r--r-- 1 root root   2375 Sep 25 16:43 datapoint_final.log
-rw-rw-rw- 1 root root 872319 Sep 25 16:43 enduse_timeseries.csv
1.5M	data_point_3495998e-24f1-47c4-9c26-e3f819297055/run
416K	data_point_3495998e-24f1-47c4-9c26-e3f819297055/reports
2.1M	data_point_3495998e-24f1-47c4-9c26-e3f819297055
