# Logfile created on 2019-02-08 21:47:41 +0000 by logger.rb/47272
[21:47:41.100528 INFO] Checking for presence of args file at /mnt/openstudio/analysis_5b8bf959-6b87-4318-911c-88038d7f0940/scripts/data_point/initialize.args
[21:47:41.100614 INFO] Checking for presence of script file at /mnt/openstudio/analysis_5b8bf959-6b87-4318-911c-88038d7f0940/scripts/data_point/initialize.sh
[21:47:41.109136 INFO] Server host is http://web:80
[21:47:41.109225 INFO] Analysis directory is /mnt/openstudio/analysis_5b8bf959-6b87-4318-911c-88038d7f0940
[21:47:41.109287 INFO] Simulation directory is /mnt/openstudio/analysis_5b8bf959-6b87-4318-911c-88038d7f0940/data_point_7142d1cb-5f8a-401e-ac50-98a070a481d1
[21:47:41.109344 INFO] Run datapoint type/file is 
[21:47:41.109399 INFO] Starting initialize_worker for datapoint 7142d1cb-5f8a-401e-ac50-98a070a481d1
[21:47:41.109625 INFO] Downloading analysis zip from http://web:80/analyses/5b8bf959-6b87-4318-911c-88038d7f0940/download_analysis_zip
[21:47:49.561834 INFO] Extracting analysis zip to /mnt/openstudio/analysis_5b8bf959-6b87-4318-911c-88038d7f0940
[21:48:29.813242 INFO] Downloading analysis.json from http://web:80/analyses/5b8bf959-6b87-4318-911c-88038d7f0940.json
[21:48:29.889688 DEBUG] Running datapoint initialization file if present.
[21:48:29.889991 INFO] Checking for presence of args file at /mnt/openstudio/analysis_5b8bf959-6b87-4318-911c-88038d7f0940/scripts/data_point/initialize.args
[21:48:29.890220 INFO]  args loaded from file /mnt/openstudio/analysis_5b8bf959-6b87-4318-911c-88038d7f0940/scripts/data_point/initialize.args: ["https://s3.amazonaws.com/epwweatherfiles/project_resstock_national.zip"]
[21:48:29.890257 INFO] Checking for presence of script file at /mnt/openstudio/analysis_5b8bf959-6b87-4318-911c-88038d7f0940/scripts/data_point/initialize.sh
[21:48:29.890423 DEBUG] updating permissions for /mnt/openstudio/analysis_5b8bf959-6b87-4318-911c-88038d7f0940/scripts/data_point/initialize.sh
[21:48:29.890478 DEBUG] removing DOS endings for /mnt/openstudio/analysis_5b8bf959-6b87-4318-911c-88038d7f0940/scripts/data_point/initialize.sh
[21:48:29.890718 DEBUG] running /mnt/openstudio/analysis_5b8bf959-6b87-4318-911c-88038d7f0940/scripts/data_point/initialize.sh
[21:48:32.917022 DEBUG] Script returned with exit code 0 of class Fixnum
[21:48:32.917236 INFO] Finished worker initialization
[21:48:32.929390 INFO] Downloading datapoint from http://web:80/data_points/7142d1cb-5f8a-401e-ac50-98a070a481d1.json
[21:48:32.942066 INFO] Creating Workflow Manager instance
[21:48:32.942151 INFO] Directory is /mnt/openstudio/analysis_5b8bf959-6b87-4318-911c-88038d7f0940/data_point_7142d1cb-5f8a-401e-ac50-98a070a481d1
[21:48:32.942232 INFO] Opening run.log file '/mnt/openstudio/analysis_5b8bf959-6b87-4318-911c-88038d7f0940/data_point_7142d1cb-5f8a-401e-ac50-98a070a481d1/run/run.log'
[21:48:32.942384 WARN] OPENSTUDIO_EXE_PATH not set - defaulting to /usr/local/bin/openstudio
[21:48:32.942631 INFO] Running workflow using cmd /usr/local/bin/openstudio --verbose --bundle /var/oscli/Gemfile --bundle_path /var/oscli/gems run --workflow /mnt/openstudio/analysis_5b8bf959-6b87-4318-911c-88038d7f0940/data_point_7142d1cb-5f8a-401e-ac50-98a070a481d1/data_point.osw --debug and writing log to /mnt/openstudio/analysis_5b8bf959-6b87-4318-911c-88038d7f0940/data_point_7142d1cb-5f8a-401e-ac50-98a070a481d1/oscli_simulation.log
[21:49:54.603181 INFO] Saving files/reports back to the server
[21:49:54.603469 INFO] Saving report /mnt/openstudio/analysis_5b8bf959-6b87-4318-911c-88038d7f0940/data_point_7142d1cb-5f8a-401e-ac50-98a070a481d1/reports/eplustbl.html to http://web:80/data_points/7142d1cb-5f8a-401e-ac50-98a070a481d1/upload_file
[21:49:54.664279 INFO] Saving report responded with {"id":"5c5df9827899b500ca813b7d","data_point_id":"7142d1cb-5f8a-401e-ac50-98a070a481d1","display_name":"eplustbl","type":"Report","created_at":"2019-02-08T21:49:54.644Z","updated_at":"2019-02-08T21:49:54.644Z"}
[21:49:54.664641 INFO] Saving report /mnt/openstudio/analysis_5b8bf959-6b87-4318-911c-88038d7f0940/data_point_7142d1cb-5f8a-401e-ac50-98a070a481d1/run/objectives.json to http://web:80/data_points/7142d1cb-5f8a-401e-ac50-98a070a481d1/upload_file
[21:49:54.819504 INFO] Saving report responded with {"id":"5c5df9827899b50121813b7d","data_point_id":"7142d1cb-5f8a-401e-ac50-98a070a481d1","display_name":"objectives","type":"Report","created_at":"2019-02-08T21:49:54.802Z","updated_at":"2019-02-08T21:49:54.802Z"}
[21:49:54.819769 INFO] Saving report /mnt/openstudio/analysis_5b8bf959-6b87-4318-911c-88038d7f0940/data_point_7142d1cb-5f8a-401e-ac50-98a070a481d1/out.osw to http://web:80/data_points/7142d1cb-5f8a-401e-ac50-98a070a481d1/upload_file
[21:49:55.058838 INFO] Saving report responded with {"id":"5c5df9837899b5016f813b7b","data_point_id":"7142d1cb-5f8a-401e-ac50-98a070a481d1","display_name":"Final OSW File","type":"Report","created_at":"2019-02-08T21:49:55.028Z","updated_at":"2019-02-08T21:49:55.028Z"}
[21:49:55.059209 INFO] Saving report /mnt/openstudio/analysis_5b8bf959-6b87-4318-911c-88038d7f0940/data_point_7142d1cb-5f8a-401e-ac50-98a070a481d1/run/data_point.zip to http://web:80/data_points/7142d1cb-5f8a-401e-ac50-98a070a481d1/upload_file
[21:49:55.108869 INFO] Saving report responded with {"id":"5c5df9837899b500ca813b81","data_point_id":"7142d1cb-5f8a-401e-ac50-98a070a481d1","display_name":"Zip File","type":"Data Point","created_at":"2019-02-08T21:49:55.093Z","updated_at":"2019-02-08T21:49:55.093Z"}
[21:49:55.109213 INFO] Checking for presence of args file at /mnt/openstudio/analysis_5b8bf959-6b87-4318-911c-88038d7f0940/scripts/data_point/finalize.args
[21:49:55.109321 INFO]  args loaded from file /mnt/openstudio/analysis_5b8bf959-6b87-4318-911c-88038d7f0940/scripts/data_point/finalize.args: []
[21:49:55.109359 INFO] Checking for presence of script file at /mnt/openstudio/analysis_5b8bf959-6b87-4318-911c-88038d7f0940/scripts/data_point/finalize.sh
[21:49:55.109443 DEBUG] updating permissions for /mnt/openstudio/analysis_5b8bf959-6b87-4318-911c-88038d7f0940/scripts/data_point/finalize.sh
[21:49:55.109489 DEBUG] removing DOS endings for /mnt/openstudio/analysis_5b8bf959-6b87-4318-911c-88038d7f0940/scripts/data_point/finalize.sh
[21:49:55.109730 DEBUG] running /mnt/openstudio/analysis_5b8bf959-6b87-4318-911c-88038d7f0940/scripts/data_point/finalize.sh
[21:49:55.151664 DEBUG] Script returned with exit code 0 of class Fixnum
[21:49:55.452477 INFO] Finished /opt/openstudio/server/app/jobs/dj_jobs/run_simulate_data_point.rb
