# Logfile created on 2017-09-25 16:37:52 +0000 by logger.rb/47272
[16:37:52.161333 INFO] Server host is http://web:80
[16:37:52.161386 INFO] Analysis directory is /mnt/openstudio/analysis_fe821d2c-df1e-4105-9ee6-6c7fef1463ae
[16:37:52.161435 INFO] Simulation directory is /mnt/openstudio/analysis_fe821d2c-df1e-4105-9ee6-6c7fef1463ae/data_point_2d85437d-09c1-46b1-9232-89561306c3ce
[16:37:52.161464 INFO] Run datapoint type/file is workflow
[16:37:52.161498 INFO] Starting initialize_worker for datapoint 2d85437d-09c1-46b1-9232-89561306c3ce
[16:37:52.161644 INFO] receipt_file already exists, moving on
[16:37:52.168546 INFO] Downloading datapoint from http://web:80/data_points/2d85437d-09c1-46b1-9232-89561306c3ce.json
[16:37:52.186173 INFO] Creating Workflow Manager instance
[16:37:52.186266 INFO] Directory is /mnt/openstudio/analysis_fe821d2c-df1e-4105-9ee6-6c7fef1463ae/data_point_2d85437d-09c1-46b1-9232-89561306c3ce
[16:37:52.186345 INFO] Opening run.log file '/mnt/openstudio/analysis_fe821d2c-df1e-4105-9ee6-6c7fef1463ae/data_point_2d85437d-09c1-46b1-9232-89561306c3ce/run/run.log'
[16:37:52.310292 INFO] Running workflow
[16:40:54.631007 INFO] Final run state is finished
[16:40:54.665624 INFO] Saving files/reports back to the server
[16:40:54.665852 INFO] Saving report /mnt/openstudio/analysis_fe821d2c-df1e-4105-9ee6-6c7fef1463ae/data_point_2d85437d-09c1-46b1-9232-89561306c3ce/reports/eplustbl.html to http://web:80/data_points/2d85437d-09c1-46b1-9232-89561306c3ce/upload_file
[16:40:55.098362 INFO] Saving report responded with {"id":"59c93134a2321800caed5c0d","data_point_id":"2d85437d-09c1-46b1-9232-89561306c3ce","display_name":"eplustbl","type":"Report","created_at":"2017-09-25T16:39:16.930Z","updated_at":"2017-09-25T16:39:16.930Z"}
[16:40:55.098652 INFO] Saving report /mnt/openstudio/analysis_fe821d2c-df1e-4105-9ee6-6c7fef1463ae/data_point_2d85437d-09c1-46b1-9232-89561306c3ce/run/objectives.json to http://web:80/data_points/2d85437d-09c1-46b1-9232-89561306c3ce/upload_file
[16:40:55.156636 INFO] Saving report responded with {"id":"59c93135a2321800caed5c0e","data_point_id":"2d85437d-09c1-46b1-9232-89561306c3ce","display_name":"objectives","type":"Report","created_at":"2017-09-25T16:39:17.005Z","updated_at":"2017-09-25T16:39:17.005Z"}
[16:40:55.156927 INFO] Saving report /mnt/openstudio/analysis_fe821d2c-df1e-4105-9ee6-6c7fef1463ae/data_point_2d85437d-09c1-46b1-9232-89561306c3ce/out.osw to http://web:80/data_points/2d85437d-09c1-46b1-9232-89561306c3ce/upload_file
[16:40:55.192616 INFO] Saving report responded with {"id":"59c93135a2321800caed5c0f","data_point_id":"2d85437d-09c1-46b1-9232-89561306c3ce","display_name":"Final OSW File","type":"Report","created_at":"2017-09-25T16:39:17.042Z","updated_at":"2017-09-25T16:39:17.042Z"}
[16:40:55.192859 INFO] Saving report /mnt/openstudio/analysis_fe821d2c-df1e-4105-9ee6-6c7fef1463ae/data_point_2d85437d-09c1-46b1-9232-89561306c3ce/in.osm to http://web:80/data_points/2d85437d-09c1-46b1-9232-89561306c3ce/upload_file
[16:41:10.617114 INFO] Saving report responded with {"id":"59c93144a2321800dced5446","data_point_id":"2d85437d-09c1-46b1-9232-89561306c3ce","display_name":"model","type":"OpenStudio Model","created_at":"2017-09-25T16:39:32.373Z","updated_at":"2017-09-25T16:39:32.373Z"}
[16:41:10.618033 INFO] Saving report /mnt/openstudio/analysis_fe821d2c-df1e-4105-9ee6-6c7fef1463ae/data_point_2d85437d-09c1-46b1-9232-89561306c3ce/run/data_point.zip to http://web:80/data_points/2d85437d-09c1-46b1-9232-89561306c3ce/upload_file
[16:41:10.892669 INFO] Saving report responded with {"id":"59c93144a2321800d2ed57ac","data_point_id":"2d85437d-09c1-46b1-9232-89561306c3ce","display_name":"Zip File","type":"Data Point","created_at":"2017-09-25T16:39:32.736Z","updated_at":"2017-09-25T16:39:32.736Z"}
[16:41:10.893105 INFO] Found data point finalization file datapoint_final.sh.
[16:41:10.893261 INFO] Preparing to run finalization script /mnt/openstudio/analysis_fe821d2c-df1e-4105-9ee6-6c7fef1463ae/scripts/worker_finalization/datapoint_final.sh
[16:41:10.960383 INFO] Looking for argument file /mnt/openstudio/analysis_fe821d2c-df1e-4105-9ee6-6c7fef1463ae/scripts/worker_finalization/datapoint_final.args
[16:41:10.960456 INFO] argument file exists /mnt/openstudio/analysis_fe821d2c-df1e-4105-9ee6-6c7fef1463ae/scripts/worker_finalization/datapoint_final.args
[16:41:11.017397 INFO] arguments are []
[16:41:11.091689 INFO] Script returned with exit code 0 of class Fixnum
[16:41:11.092024 INFO] Saving report /mnt/openstudio/analysis_fe821d2c-df1e-4105-9ee6-6c7fef1463ae/data_point_2d85437d-09c1-46b1-9232-89561306c3ce/run/datapoint_final.log to http://web:80/data_points/2d85437d-09c1-46b1-9232-89561306c3ce/upload_file
[16:41:11.199785 INFO] Saving report responded with {"id":"59c93144a2321800d2ed57ad","data_point_id":"2d85437d-09c1-46b1-9232-89561306c3ce","display_name":"Finalization Script Log","type":"Report","created_at":"2017-09-25T16:39:32.977Z","updated_at":"2017-09-25T16:39:32.977Z"}
[16:41:11.266062 INFO] Finished /opt/openstudio/server/app/workers/run_simulate_data_point.rb
