Cleaning up data_point directory.
Original files:
total 22044
-rw-rw-rw- 1 root root     4385 Sep 25 16:41 2d85437d-09c1-46b1-9232-89561306c3ce.log
-rw-rw-rw- 1 root root    66975 Sep 25 16:37 analysis.json
-rw-rw-rw- 1 root root     1030 Sep 25 16:37 data_point.json
-rw-rw-rw- 1 root root     2841 Sep 25 16:37 data_point.osw
-rw-rw-rw- 1 root root  4909935 Sep 25 16:38 in.idf
-rw-rw-rw- 1 root root 17399822 Sep 25 16:38 in.osm
-rw-rw-rw- 1 root root   163376 Sep 25 16:40 out.osw
drwxrwxrwx 2 root root     4096 Sep 25 16:40 reports
drwxrwxrwx 2 root root     4096 Sep 25 16:41 run
total 8008
-rw-rw-r-- 1 root root  688116 Sep 25 16:40 data_point.zip
-rw-rw-rw- 1 root root    8424 Sep 25 16:40 data_point_out.json
-rw-r--r-- 1 root root     587 Sep 25 16:41 datapoint_final.log
-rw-rw-rw- 1 root root  869866 Sep 25 16:40 enduse_timeseries.csv
-rw-rw-rw- 1 root root     102 Sep 25 16:39 eplusout.end
-rw-rw-rw- 1 root root   34971 Sep 25 16:39 eplusout.err
-rw-rw-rw- 1 root root   63771 Sep 25 16:39 eplusout.mtd
-rw-rw-rw- 1 root root   54757 Sep 25 16:38 eplusout.rdd
-rw-rw-rw- 1 root root  588783 Sep 25 16:39 eplustbl.htm
-rw-rw-rw- 1 root root      43 Sep 25 16:40 finished.job
-rw-rw-rw- 1 root root 4909935 Sep 25 16:38 in.idf
-rw-rw-rw- 1 root root    8424 Sep 25 16:40 measure_attributes.json
-rw-rw-rw- 1 root root   27706 Sep 25 16:37 measures.osw
-rw-rw-rw- 1 root root       3 Sep 25 16:40 objectives.json
-rw-rw-rw- 1 root root    8424 Sep 25 16:40 results.json
-rw-rw-rw- 1 root root  880451 Sep 25 16:40 run.log
-rw-rw-rw- 1 root root      49 Sep 25 16:38 sqlite.err
-rw-rw-rw- 1 root root      42 Sep 25 16:37 started.job
-rw-rw-rw- 1 root root    2381 Sep 25 16:39 stdout-energyplus
-rw-rw-rw- 1 root root      91 Sep 25 16:38 stdout-expandobject
580K	data_point_2d85437d-09c1-46b1-9232-89561306c3ce/reports
7.9M	data_point_2d85437d-09c1-46b1-9232-89561306c3ce/run
30M	data_point_2d85437d-09c1-46b1-9232-89561306c3ce
Final files:
total 252
-rw-rw-rw- 1 root root   4385 Sep 25 16:41 2d85437d-09c1-46b1-9232-89561306c3ce.log
-rw-rw-rw- 1 root root  66975 Sep 25 16:37 analysis.json
-rw-rw-rw- 1 root root   1030 Sep 25 16:37 data_point.json
-rw-rw-rw- 1 root root   2841 Sep 25 16:37 data_point.osw
-rw-rw-rw- 1 root root 163376 Sep 25 16:40 out.osw
drwxrwxrwx 2 root root   4096 Sep 25 16:40 reports
drwxrwxrwx 2 root root   4096 Sep 25 16:41 run
total 1528
-rw-rw-r-- 1 root root 688116 Sep 25 16:40 data_point.zip
-rw-r--r-- 1 root root   2375 Sep 25 16:41 datapoint_final.log
-rw-rw-rw- 1 root root 869866 Sep 25 16:40 enduse_timeseries.csv
580K	data_point_2d85437d-09c1-46b1-9232-89561306c3ce/reports
1.5M	data_point_2d85437d-09c1-46b1-9232-89561306c3ce/run
2.4M	data_point_2d85437d-09c1-46b1-9232-89561306c3ce
