# Logfile created on 2017-09-25 16:36:31 +0000 by logger.rb/47272
[16:36:31.464034 INFO] Server host is http://web:80
[16:36:31.464127 INFO] Analysis directory is /mnt/openstudio/analysis_fe821d2c-df1e-4105-9ee6-6c7fef1463ae
[16:36:31.464200 INFO] Simulation directory is /mnt/openstudio/analysis_fe821d2c-df1e-4105-9ee6-6c7fef1463ae/data_point_cd038d12-0857-4a53-8952-1ac779740215
[16:36:31.464242 INFO] Run datapoint type/file is workflow
[16:36:31.464284 INFO] Starting initialize_worker for datapoint cd038d12-0857-4a53-8952-1ac779740215
[16:36:31.464489 INFO] Downloading analysis zip from http://web:80/analyses/fe821d2c-df1e-4105-9ee6-6c7fef1463ae/download_analysis_zip
[16:37:51.252289 INFO] Extracting analysis zip to /mnt/openstudio/analysis_fe821d2c-df1e-4105-9ee6-6c7fef1463ae
[16:37:55.344126 INFO] Downloading analysis.json from http://web:80/analyses/fe821d2c-df1e-4105-9ee6-6c7fef1463ae.json
[16:38:07.714659 INFO] Found data point initialization file datapoint_init.sh.
[16:38:07.714891 INFO] Preparing to run initialization script /mnt/openstudio/analysis_fe821d2c-df1e-4105-9ee6-6c7fef1463ae/scripts/worker_initialization/datapoint_init.sh
[16:38:07.715109 INFO] Looking for argument file /mnt/openstudio/analysis_fe821d2c-df1e-4105-9ee6-6c7fef1463ae/scripts/worker_initialization/datapoint_init.args
[16:38:07.715150 INFO] argument file exists /mnt/openstudio/analysis_fe821d2c-df1e-4105-9ee6-6c7fef1463ae/scripts/worker_initialization/datapoint_init.args
[16:38:07.715278 INFO] arguments are ["https://s3.amazonaws.com/epwweatherfiles/project_resstock_efs.zip"]
[16:38:21.652915 INFO] Script returned with exit code 0 of class Fixnum
[16:38:21.653077 INFO] Finished worker initialization
[16:38:21.661566 INFO] Downloading datapoint from http://web:80/data_points/cd038d12-0857-4a53-8952-1ac779740215.json
[16:38:21.719764 INFO] Creating Workflow Manager instance
[16:38:21.719856 INFO] Directory is /mnt/openstudio/analysis_fe821d2c-df1e-4105-9ee6-6c7fef1463ae/data_point_cd038d12-0857-4a53-8952-1ac779740215
[16:38:21.719936 INFO] Opening run.log file '/mnt/openstudio/analysis_fe821d2c-df1e-4105-9ee6-6c7fef1463ae/data_point_cd038d12-0857-4a53-8952-1ac779740215/run/run.log'
[16:38:22.000051 INFO] Running workflow
[16:42:48.780933 INFO] Final run state is finished
[16:42:48.797080 INFO] Saving files/reports back to the server
[16:42:48.797325 INFO] Saving report /mnt/openstudio/analysis_fe821d2c-df1e-4105-9ee6-6c7fef1463ae/data_point_cd038d12-0857-4a53-8952-1ac779740215/reports/eplustbl.html to http://web:80/data_points/cd038d12-0857-4a53-8952-1ac779740215/upload_file
[16:42:48.829104 INFO] Saving report responded with {"id":"59c93208a2321800caed5ce6","data_point_id":"cd038d12-0857-4a53-8952-1ac779740215","display_name":"eplustbl","type":"Report","created_at":"2017-09-25T16:42:48.820Z","updated_at":"2017-09-25T16:42:48.820Z"}
[16:42:48.829473 INFO] Saving report /mnt/openstudio/analysis_fe821d2c-df1e-4105-9ee6-6c7fef1463ae/data_point_cd038d12-0857-4a53-8952-1ac779740215/run/objectives.json to http://web:80/data_points/cd038d12-0857-4a53-8952-1ac779740215/upload_file
[16:42:48.852123 INFO] Saving report responded with {"id":"59c93208a2321800caed5ce7","data_point_id":"cd038d12-0857-4a53-8952-1ac779740215","display_name":"objectives","type":"Report","created_at":"2017-09-25T16:42:48.843Z","updated_at":"2017-09-25T16:42:48.843Z"}
[16:42:48.852426 INFO] Saving report /mnt/openstudio/analysis_fe821d2c-df1e-4105-9ee6-6c7fef1463ae/data_point_cd038d12-0857-4a53-8952-1ac779740215/out.osw to http://web:80/data_points/cd038d12-0857-4a53-8952-1ac779740215/upload_file
[16:42:48.877714 INFO] Saving report responded with {"id":"59c93208a2321800caed5ce8","data_point_id":"cd038d12-0857-4a53-8952-1ac779740215","display_name":"Final OSW File","type":"Report","created_at":"2017-09-25T16:42:48.868Z","updated_at":"2017-09-25T16:42:48.868Z"}
[16:42:48.878011 INFO] Saving report /mnt/openstudio/analysis_fe821d2c-df1e-4105-9ee6-6c7fef1463ae/data_point_cd038d12-0857-4a53-8952-1ac779740215/in.osm to http://web:80/data_points/cd038d12-0857-4a53-8952-1ac779740215/upload_file
[16:42:49.517016 INFO] Saving report responded with {"id":"59c93209a2321800caed5ce9","data_point_id":"cd038d12-0857-4a53-8952-1ac779740215","display_name":"model","type":"OpenStudio Model","created_at":"2017-09-25T16:42:49.460Z","updated_at":"2017-09-25T16:42:49.460Z"}
[16:42:49.517321 INFO] Saving report /mnt/openstudio/analysis_fe821d2c-df1e-4105-9ee6-6c7fef1463ae/data_point_cd038d12-0857-4a53-8952-1ac779740215/run/data_point.zip to http://web:80/data_points/cd038d12-0857-4a53-8952-1ac779740215/upload_file
[16:42:49.562273 INFO] Saving report responded with {"id":"59c93209a2321800caed5cea","data_point_id":"cd038d12-0857-4a53-8952-1ac779740215","display_name":"Zip File","type":"Data Point","created_at":"2017-09-25T16:42:49.549Z","updated_at":"2017-09-25T16:42:49.549Z"}
[16:42:49.562716 INFO] Found data point finalization file datapoint_final.sh.
[16:42:49.562947 INFO] Preparing to run finalization script /mnt/openstudio/analysis_fe821d2c-df1e-4105-9ee6-6c7fef1463ae/scripts/worker_finalization/datapoint_final.sh
[16:42:49.570786 INFO] Looking for argument file /mnt/openstudio/analysis_fe821d2c-df1e-4105-9ee6-6c7fef1463ae/scripts/worker_finalization/datapoint_final.args
[16:42:49.570851 INFO] argument file exists /mnt/openstudio/analysis_fe821d2c-df1e-4105-9ee6-6c7fef1463ae/scripts/worker_finalization/datapoint_final.args
[16:42:49.573821 INFO] arguments are []
[16:42:49.630745 INFO] Script returned with exit code 0 of class Fixnum
[16:42:49.631072 INFO] Saving report /mnt/openstudio/analysis_fe821d2c-df1e-4105-9ee6-6c7fef1463ae/data_point_cd038d12-0857-4a53-8952-1ac779740215/run/datapoint_final.log to http://web:80/data_points/cd038d12-0857-4a53-8952-1ac779740215/upload_file
[16:42:49.659910 INFO] Saving report responded with {"id":"59c93209a2321800caed5ceb","data_point_id":"cd038d12-0857-4a53-8952-1ac779740215","display_name":"Finalization Script Log","type":"Report","created_at":"2017-09-25T16:42:49.646Z","updated_at":"2017-09-25T16:42:49.646Z"}
[16:42:49.669185 INFO] Finished /opt/openstudio/server/app/workers/run_simulate_data_point.rb
