Cleaning up data_point directory.
Original files:
total 22008
-rw-rw-rw- 1 root root    66975 Sep 25 16:35 analysis.json
-rw-rw-rw- 1 root root     1030 Sep 25 16:35 data_point.json
-rw-rw-rw- 1 root root     2841 Sep 25 16:35 data_point.osw
-rw-rw-rw- 1 root root     4385 Sep 25 16:39 dddfbf72-2c8f-4aab-affa-b6835bef54c2.log
-rw-rw-rw- 1 root root  4901250 Sep 25 16:36 in.idf
-rw-rw-rw- 1 root root 17380540 Sep 25 16:36 in.osm
-rw-rw-rw- 1 root root   153600 Sep 25 16:39 out.osw
drwxrwxrwx 2 root root     4096 Sep 25 16:39 reports
drwxrwxrwx 2 root root     4096 Sep 25 16:39 run
total 7820
-rw-rw-r-- 1 root root  651964 Sep 25 16:39 data_point.zip
-rw-rw-rw- 1 root root    8521 Sep 25 16:39 data_point_out.json
-rw-r--r-- 1 root root     587 Sep 25 16:39 datapoint_final.log
-rw-rw-rw- 1 root root  786480 Sep 25 16:39 enduse_timeseries.csv
-rw-rw-rw- 1 root root     101 Sep 25 16:38 eplusout.end
-rw-rw-rw- 1 root root   34303 Sep 25 16:38 eplusout.err
-rw-rw-rw- 1 root root   56237 Sep 25 16:38 eplusout.mtd
-rw-rw-rw- 1 root root   55122 Sep 25 16:37 eplusout.rdd
-rw-rw-rw- 1 root root  528856 Sep 25 16:38 eplustbl.htm
-rw-rw-rw- 1 root root      43 Sep 25 16:39 finished.job
-rw-rw-rw- 1 root root 4901250 Sep 25 16:36 in.idf
-rw-rw-rw- 1 root root    8521 Sep 25 16:39 measure_attributes.json
-rw-rw-rw- 1 root root   27558 Sep 25 16:35 measures.osw
-rw-rw-rw- 1 root root       3 Sep 25 16:39 objectives.json
-rw-rw-rw- 1 root root    8521 Sep 25 16:39 results.json
-rw-rw-rw- 1 root root  871342 Sep 25 16:39 run.log
-rw-rw-rw- 1 root root      49 Sep 25 16:37 sqlite.err
-rw-rw-rw- 1 root root      42 Sep 25 16:35 started.job
-rw-rw-rw- 1 root root    2351 Sep 25 16:38 stdout-energyplus
-rw-rw-rw- 1 root root      91 Sep 25 16:37 stdout-expandobject
7.7M	data_point_dddfbf72-2c8f-4aab-affa-b6835bef54c2/run
524K	data_point_dddfbf72-2c8f-4aab-affa-b6835bef54c2/reports
30M	data_point_dddfbf72-2c8f-4aab-affa-b6835bef54c2
Final files:
total 244
-rw-rw-rw- 1 root root  66975 Sep 25 16:35 analysis.json
-rw-rw-rw- 1 root root   1030 Sep 25 16:35 data_point.json
-rw-rw-rw- 1 root root   2841 Sep 25 16:35 data_point.osw
-rw-rw-rw- 1 root root   4385 Sep 25 16:39 dddfbf72-2c8f-4aab-affa-b6835bef54c2.log
-rw-rw-rw- 1 root root 153600 Sep 25 16:39 out.osw
drwxrwxrwx 2 root root   4096 Sep 25 16:39 reports
drwxrwxrwx 2 root root   4096 Sep 25 16:39 run
total 1416
-rw-rw-r-- 1 root root 651964 Sep 25 16:39 data_point.zip
-rw-r--r-- 1 root root   2375 Sep 25 16:39 datapoint_final.log
-rw-rw-rw- 1 root root 786480 Sep 25 16:39 enduse_timeseries.csv
1.4M	data_point_dddfbf72-2c8f-4aab-affa-b6835bef54c2/run
524K	data_point_dddfbf72-2c8f-4aab-affa-b6835bef54c2/reports
2.2M	data_point_dddfbf72-2c8f-4aab-affa-b6835bef54c2
