# Logfile created on 2017-09-25 16:35:42 +0000 by logger.rb/47272
[16:35:42.981765 INFO] Server host is http://web:80
[16:35:42.981841 INFO] Analysis directory is /mnt/openstudio/analysis_fe821d2c-df1e-4105-9ee6-6c7fef1463ae
[16:35:42.981894 INFO] Simulation directory is /mnt/openstudio/analysis_fe821d2c-df1e-4105-9ee6-6c7fef1463ae/data_point_dddfbf72-2c8f-4aab-affa-b6835bef54c2
[16:35:42.981922 INFO] Run datapoint type/file is workflow
[16:35:42.981953 INFO] Starting initialize_worker for datapoint dddfbf72-2c8f-4aab-affa-b6835bef54c2
[16:35:42.982007 INFO] receipt_file already exists, moving on
[16:35:42.988421 INFO] Downloading datapoint from http://web:80/data_points/dddfbf72-2c8f-4aab-affa-b6835bef54c2.json
[16:35:43.001216 INFO] Creating Workflow Manager instance
[16:35:43.001302 INFO] Directory is /mnt/openstudio/analysis_fe821d2c-df1e-4105-9ee6-6c7fef1463ae/data_point_dddfbf72-2c8f-4aab-affa-b6835bef54c2
[16:35:43.001364 INFO] Opening run.log file '/mnt/openstudio/analysis_fe821d2c-df1e-4105-9ee6-6c7fef1463ae/data_point_dddfbf72-2c8f-4aab-affa-b6835bef54c2/run/run.log'
[16:35:43.009753 INFO] Running workflow
[16:39:25.233705 INFO] Final run state is finished
[16:39:25.265212 INFO] Saving files/reports back to the server
[16:39:25.265685 INFO] Saving report /mnt/openstudio/analysis_fe821d2c-df1e-4105-9ee6-6c7fef1463ae/data_point_dddfbf72-2c8f-4aab-affa-b6835bef54c2/reports/eplustbl.html to http://web:80/data_points/dddfbf72-2c8f-4aab-affa-b6835bef54c2/upload_file
[16:39:25.343219 INFO] Saving report responded with {"id":"59c9313da2321800caed5c14","data_point_id":"dddfbf72-2c8f-4aab-affa-b6835bef54c2","display_name":"eplustbl","type":"Report","created_at":"2017-09-25T16:39:25.320Z","updated_at":"2017-09-25T16:39:25.320Z"}
[16:39:25.343796 INFO] Saving report /mnt/openstudio/analysis_fe821d2c-df1e-4105-9ee6-6c7fef1463ae/data_point_dddfbf72-2c8f-4aab-affa-b6835bef54c2/run/objectives.json to http://web:80/data_points/dddfbf72-2c8f-4aab-affa-b6835bef54c2/upload_file
[16:39:25.380822 INFO] Saving report responded with {"id":"59c9313da2321800caed5c15","data_point_id":"dddfbf72-2c8f-4aab-affa-b6835bef54c2","display_name":"objectives","type":"Report","created_at":"2017-09-25T16:39:25.367Z","updated_at":"2017-09-25T16:39:25.367Z"}
[16:39:25.381262 INFO] Saving report /mnt/openstudio/analysis_fe821d2c-df1e-4105-9ee6-6c7fef1463ae/data_point_dddfbf72-2c8f-4aab-affa-b6835bef54c2/out.osw to http://web:80/data_points/dddfbf72-2c8f-4aab-affa-b6835bef54c2/upload_file
[16:39:25.422543 INFO] Saving report responded with {"id":"59c9313da2321800caed5c16","data_point_id":"dddfbf72-2c8f-4aab-affa-b6835bef54c2","display_name":"Final OSW File","type":"Report","created_at":"2017-09-25T16:39:25.412Z","updated_at":"2017-09-25T16:39:25.412Z"}
[16:39:25.422975 INFO] Saving report /mnt/openstudio/analysis_fe821d2c-df1e-4105-9ee6-6c7fef1463ae/data_point_dddfbf72-2c8f-4aab-affa-b6835bef54c2/in.osm to http://web:80/data_points/dddfbf72-2c8f-4aab-affa-b6835bef54c2/upload_file
[16:39:26.189364 INFO] Saving report responded with {"id":"59c9313ea2321800caed5c17","data_point_id":"dddfbf72-2c8f-4aab-affa-b6835bef54c2","display_name":"model","type":"OpenStudio Model","created_at":"2017-09-25T16:39:26.087Z","updated_at":"2017-09-25T16:39:26.087Z"}
[16:39:26.189955 INFO] Saving report /mnt/openstudio/analysis_fe821d2c-df1e-4105-9ee6-6c7fef1463ae/data_point_dddfbf72-2c8f-4aab-affa-b6835bef54c2/run/data_point.zip to http://web:80/data_points/dddfbf72-2c8f-4aab-affa-b6835bef54c2/upload_file
[16:39:26.271389 INFO] Saving report responded with {"id":"59c9313ea2321800caed5c18","data_point_id":"dddfbf72-2c8f-4aab-affa-b6835bef54c2","display_name":"Zip File","type":"Data Point","created_at":"2017-09-25T16:39:26.255Z","updated_at":"2017-09-25T16:39:26.255Z"}
[16:39:26.272363 INFO] Found data point finalization file datapoint_final.sh.
[16:39:26.272785 INFO] Preparing to run finalization script /mnt/openstudio/analysis_fe821d2c-df1e-4105-9ee6-6c7fef1463ae/scripts/worker_finalization/datapoint_final.sh
[16:39:26.273406 INFO] Looking for argument file /mnt/openstudio/analysis_fe821d2c-df1e-4105-9ee6-6c7fef1463ae/scripts/worker_finalization/datapoint_final.args
[16:39:26.273511 INFO] argument file exists /mnt/openstudio/analysis_fe821d2c-df1e-4105-9ee6-6c7fef1463ae/scripts/worker_finalization/datapoint_final.args
[16:39:26.273826 INFO] arguments are []
[16:39:26.386729 INFO] Script returned with exit code 0 of class Fixnum
[16:39:26.387320 INFO] Saving report /mnt/openstudio/analysis_fe821d2c-df1e-4105-9ee6-6c7fef1463ae/data_point_dddfbf72-2c8f-4aab-affa-b6835bef54c2/run/datapoint_final.log to http://web:80/data_points/dddfbf72-2c8f-4aab-affa-b6835bef54c2/upload_file
[16:39:26.425559 INFO] Saving report responded with {"id":"59c9313ea2321800caed5c19","data_point_id":"dddfbf72-2c8f-4aab-affa-b6835bef54c2","display_name":"Finalization Script Log","type":"Report","created_at":"2017-09-25T16:39:26.411Z","updated_at":"2017-09-25T16:39:26.411Z"}
[16:39:26.437455 INFO] Finished /opt/openstudio/server/app/workers/run_simulate_data_point.rb
