# Logfile created on 2017-09-25 16:36:33 +0000 by logger.rb/47272
[16:36:33.746245 INFO] Server host is http://web:80
[16:36:33.746311 INFO] Analysis directory is /mnt/openstudio/analysis_fe821d2c-df1e-4105-9ee6-6c7fef1463ae
[16:36:33.746369 INFO] Simulation directory is /mnt/openstudio/analysis_fe821d2c-df1e-4105-9ee6-6c7fef1463ae/data_point_08d8ca22-00f6-4373-8a7a-9fb395f05af5
[16:36:33.746401 INFO] Run datapoint type/file is workflow
[16:36:33.746439 INFO] Starting initialize_worker for datapoint 08d8ca22-00f6-4373-8a7a-9fb395f05af5
[16:36:33.746591 INFO] Downloading analysis zip from http://web:80/analyses/fe821d2c-df1e-4105-9ee6-6c7fef1463ae/download_analysis_zip
[16:37:53.667908 INFO] Extracting analysis zip to /mnt/openstudio/analysis_fe821d2c-df1e-4105-9ee6-6c7fef1463ae
[16:37:57.575610 INFO] Downloading analysis.json from http://web:80/analyses/fe821d2c-df1e-4105-9ee6-6c7fef1463ae.json
[16:38:07.742683 INFO] Found data point initialization file datapoint_init.sh.
[16:38:07.742986 INFO] Preparing to run initialization script /mnt/openstudio/analysis_fe821d2c-df1e-4105-9ee6-6c7fef1463ae/scripts/worker_initialization/datapoint_init.sh
[16:38:07.743246 INFO] Looking for argument file /mnt/openstudio/analysis_fe821d2c-df1e-4105-9ee6-6c7fef1463ae/scripts/worker_initialization/datapoint_init.args
[16:38:07.743298 INFO] argument file exists /mnt/openstudio/analysis_fe821d2c-df1e-4105-9ee6-6c7fef1463ae/scripts/worker_initialization/datapoint_init.args
[16:38:07.748306 INFO] arguments are ["https://s3.amazonaws.com/epwweatherfiles/project_resstock_efs.zip"]
[16:38:25.316996 INFO] Script returned with exit code 0 of class Fixnum
[16:38:25.317149 INFO] Finished worker initialization
[16:38:25.324553 INFO] Downloading datapoint from http://web:80/data_points/08d8ca22-00f6-4373-8a7a-9fb395f05af5.json
[16:38:25.371824 INFO] Creating Workflow Manager instance
[16:38:25.371910 INFO] Directory is /mnt/openstudio/analysis_fe821d2c-df1e-4105-9ee6-6c7fef1463ae/data_point_08d8ca22-00f6-4373-8a7a-9fb395f05af5
[16:38:25.371990 INFO] Opening run.log file '/mnt/openstudio/analysis_fe821d2c-df1e-4105-9ee6-6c7fef1463ae/data_point_08d8ca22-00f6-4373-8a7a-9fb395f05af5/run/run.log'
[16:38:25.613581 INFO] Running workflow
[16:42:25.603724 INFO] Final run state is finished
[16:42:25.786987 INFO] Saving files/reports back to the server
[16:42:25.787312 INFO] Saving report /mnt/openstudio/analysis_fe821d2c-df1e-4105-9ee6-6c7fef1463ae/data_point_08d8ca22-00f6-4373-8a7a-9fb395f05af5/reports/eplustbl.html to http://web:80/data_points/08d8ca22-00f6-4373-8a7a-9fb395f05af5/upload_file
[16:42:25.827104 INFO] Saving report responded with {"id":"59c931f1a2321800caed5ccb","data_point_id":"08d8ca22-00f6-4373-8a7a-9fb395f05af5","display_name":"eplustbl","type":"Report","created_at":"2017-09-25T16:42:25.816Z","updated_at":"2017-09-25T16:42:25.816Z"}
[16:42:25.827384 INFO] Saving report /mnt/openstudio/analysis_fe821d2c-df1e-4105-9ee6-6c7fef1463ae/data_point_08d8ca22-00f6-4373-8a7a-9fb395f05af5/run/objectives.json to http://web:80/data_points/08d8ca22-00f6-4373-8a7a-9fb395f05af5/upload_file
[16:42:25.885454 INFO] Saving report responded with {"id":"59c931f1a2321800caed5ccc","data_point_id":"08d8ca22-00f6-4373-8a7a-9fb395f05af5","display_name":"objectives","type":"Report","created_at":"2017-09-25T16:42:25.847Z","updated_at":"2017-09-25T16:42:25.847Z"}
[16:42:25.885721 INFO] Saving report /mnt/openstudio/analysis_fe821d2c-df1e-4105-9ee6-6c7fef1463ae/data_point_08d8ca22-00f6-4373-8a7a-9fb395f05af5/out.osw to http://web:80/data_points/08d8ca22-00f6-4373-8a7a-9fb395f05af5/upload_file
[16:42:25.939547 INFO] Saving report responded with {"id":"59c931f1a2321800caed5ccd","data_point_id":"08d8ca22-00f6-4373-8a7a-9fb395f05af5","display_name":"Final OSW File","type":"Report","created_at":"2017-09-25T16:42:25.928Z","updated_at":"2017-09-25T16:42:25.928Z"}
[16:42:25.939812 INFO] Saving report /mnt/openstudio/analysis_fe821d2c-df1e-4105-9ee6-6c7fef1463ae/data_point_08d8ca22-00f6-4373-8a7a-9fb395f05af5/in.osm to http://web:80/data_points/08d8ca22-00f6-4373-8a7a-9fb395f05af5/upload_file
[16:42:26.593048 INFO] Saving report responded with {"id":"59c931f2a2321800caed5cce","data_point_id":"08d8ca22-00f6-4373-8a7a-9fb395f05af5","display_name":"model","type":"OpenStudio Model","created_at":"2017-09-25T16:42:26.464Z","updated_at":"2017-09-25T16:42:26.464Z"}
[16:42:26.593240 INFO] Saving report /mnt/openstudio/analysis_fe821d2c-df1e-4105-9ee6-6c7fef1463ae/data_point_08d8ca22-00f6-4373-8a7a-9fb395f05af5/run/data_point.zip to http://web:80/data_points/08d8ca22-00f6-4373-8a7a-9fb395f05af5/upload_file
[16:42:26.627021 INFO] Saving report responded with {"id":"59c931f2a2321800caed5ccf","data_point_id":"08d8ca22-00f6-4373-8a7a-9fb395f05af5","display_name":"Zip File","type":"Data Point","created_at":"2017-09-25T16:42:26.616Z","updated_at":"2017-09-25T16:42:26.616Z"}
[16:42:26.627451 INFO] Found data point finalization file datapoint_final.sh.
[16:42:26.627619 INFO] Preparing to run finalization script /mnt/openstudio/analysis_fe821d2c-df1e-4105-9ee6-6c7fef1463ae/scripts/worker_finalization/datapoint_final.sh
[16:42:26.627987 INFO] Looking for argument file /mnt/openstudio/analysis_fe821d2c-df1e-4105-9ee6-6c7fef1463ae/scripts/worker_finalization/datapoint_final.args
[16:42:26.628058 INFO] argument file exists /mnt/openstudio/analysis_fe821d2c-df1e-4105-9ee6-6c7fef1463ae/scripts/worker_finalization/datapoint_final.args
[16:42:26.628268 INFO] arguments are []
[16:42:26.679257 INFO] Script returned with exit code 0 of class Fixnum
[16:42:26.679563 INFO] Saving report /mnt/openstudio/analysis_fe821d2c-df1e-4105-9ee6-6c7fef1463ae/data_point_08d8ca22-00f6-4373-8a7a-9fb395f05af5/run/datapoint_final.log to http://web:80/data_points/08d8ca22-00f6-4373-8a7a-9fb395f05af5/upload_file
[16:42:26.707162 INFO] Saving report responded with {"id":"59c931f2a2321800caed5cd0","data_point_id":"08d8ca22-00f6-4373-8a7a-9fb395f05af5","display_name":"Finalization Script Log","type":"Report","created_at":"2017-09-25T16:42:26.696Z","updated_at":"2017-09-25T16:42:26.696Z"}
[16:42:26.715943 INFO] Finished /opt/openstudio/server/app/workers/run_simulate_data_point.rb
