Cleaning up data_point directory.
Original files:
total 21608
-rw-rw-rw- 1 root root     5490 Sep 25 16:42 08d8ca22-00f6-4373-8a7a-9fb395f05af5.log
-rw-rw-rw- 1 root root    66975 Sep 25 16:38 analysis.json
-rw-rw-rw- 1 root root     1030 Sep 25 16:38 data_point.json
-rw-rw-rw- 1 root root     2841 Sep 25 16:38 data_point.osw
-rw-rw-rw- 1 root root  4581220 Sep 25 16:39 in.idf
-rw-rw-rw- 1 root root 17303945 Sep 25 16:39 in.osm
-rw-rw-rw- 1 root root   142630 Sep 25 16:42 out.osw
drwxrwxrwx 2 root root     4096 Sep 25 16:42 reports
drwxrwxrwx 2 root root     4096 Sep 25 16:42 run
total 7416
-rw-rw-r-- 1 root root  634011 Sep 25 16:42 data_point.zip
-rw-rw-rw- 1 root root    8441 Sep 25 16:42 data_point_out.json
-rw-r--r-- 1 root root     587 Sep 25 16:42 datapoint_final.log
-rw-r--r-- 1 root root   22560 Sep 25 16:38 datapoint_init.log
-rw-rw-rw- 1 root root  825054 Sep 25 16:42 enduse_timeseries.csv
-rw-rw-rw- 1 root root     102 Sep 25 16:40 eplusout.end
-rw-rw-rw- 1 root root   33868 Sep 25 16:40 eplusout.err
-rw-rw-rw- 1 root root   52318 Sep 25 16:40 eplusout.mtd
-rw-rw-rw- 1 root root   55111 Sep 25 16:39 eplusout.rdd
-rw-rw-rw- 1 root root  407735 Sep 25 16:40 eplustbl.htm
-rw-rw-rw- 1 root root      43 Sep 25 16:42 finished.job
-rw-rw-rw- 1 root root 4581220 Sep 25 16:39 in.idf
-rw-rw-rw- 1 root root    8441 Sep 25 16:42 measure_attributes.json
-rw-rw-rw- 1 root root   27555 Sep 25 16:38 measures.osw
-rw-rw-rw- 1 root root       3 Sep 25 16:42 objectives.json
-rw-rw-rw- 1 root root    8441 Sep 25 16:42 results.json
-rw-rw-rw- 1 root root  860312 Sep 25 16:42 run.log
-rw-rw-rw- 1 root root      49 Sep 25 16:39 sqlite.err
-rw-rw-rw- 1 root root      42 Sep 25 16:38 started.job
-rw-rw-rw- 1 root root    2336 Sep 25 16:40 stdout-energyplus
-rw-rw-rw- 1 root root      91 Sep 25 16:39 stdout-expandobject
7.3M	data_point_08d8ca22-00f6-4373-8a7a-9fb395f05af5/run
404K	data_point_08d8ca22-00f6-4373-8a7a-9fb395f05af5/reports
29M	data_point_08d8ca22-00f6-4373-8a7a-9fb395f05af5
Final files:
total 232
-rw-rw-rw- 1 root root   5490 Sep 25 16:42 08d8ca22-00f6-4373-8a7a-9fb395f05af5.log
-rw-rw-rw- 1 root root  66975 Sep 25 16:38 analysis.json
-rw-rw-rw- 1 root root   1030 Sep 25 16:38 data_point.json
-rw-rw-rw- 1 root root   2841 Sep 25 16:38 data_point.osw
-rw-rw-rw- 1 root root 142630 Sep 25 16:42 out.osw
drwxrwxrwx 2 root root   4096 Sep 25 16:42 reports
drwxrwxrwx 2 root root   4096 Sep 25 16:42 run
total 1456
-rw-rw-r-- 1 root root 634011 Sep 25 16:42 data_point.zip
-rw-r--r-- 1 root root   2438 Sep 25 16:42 datapoint_final.log
-rw-r--r-- 1 root root  22560 Sep 25 16:38 datapoint_init.log
-rw-rw-rw- 1 root root 825054 Sep 25 16:42 enduse_timeseries.csv
1.5M	data_point_08d8ca22-00f6-4373-8a7a-9fb395f05af5/run
404K	data_point_08d8ca22-00f6-4373-8a7a-9fb395f05af5/reports
2.1M	data_point_08d8ca22-00f6-4373-8a7a-9fb395f05af5
